[SNIPER] (0) Using trace file /home_masters/miz087/workplace/micro_exp/benchmarks/traces/tonto/tonto.trace0
[SNIPER] (1) Using trace file /home_masters/miz087/workplace/micro_exp/benchmarks/traces/tonto/tonto.trace1
[SNIPER] (2) Using trace file /home_masters/miz087/workplace/micro_exp/benchmarks/traces/tonto/tonto.trace2
[SNIPER] (3) Using trace file /home_masters/miz087/workplace/micro_exp/benchmarks/traces/tonto/tonto.trace3
[SNIPER] Start
----------BEGIN_INIT_STATS_MANAGER------------
----------END_INIT_STATS_MANAGER------------
[DvfsManager] Core 0 at 2.66 GHz (global clock 2.66 GHz)
[DvfsManager] Core 1 at 2.66 GHz (global clock 2.66 GHz)
[DvfsManager] Core 2 at 2.66 GHz (global clock 2.66 GHz)
[DvfsManager] Core 3 at 2.66 GHz (global clock 2.66 GHz)
Normal Cache Total set: 131072
[Ramulator config] SpeedEntry: nRFC(130), nREFI(3900), nREFI1B(256)
Each level size: 
32 4 2 2048 8192 
Here we initilize a off-chip model!
[Ramulator config] SpeedEntry: nRFC(130), nREFI(3900), nREFI1B(256)
Each level size: 
1 1 32 16384 8192 
now initialize a stacked dram unison cache
Executing Python script /scratch/miz087/results/isca/10-26-cachesize_cache_baseline_cs1024_spec_tonto/sim.scripts.py
[SNIPER] --------------------------------------------------------------------------------
[SNIPER] Sniper using SIFT/trace-driven frontend
[SNIPER] Running full application in DETAILED mode
[SNIPER] --------------------------------------------------------------------------------

************recordStats once at 0
[Warning] power scale is less than 1, please check!
[Overall Power Consumption] Peak: 0, Dynamic: 0
[Warning] the power of processor is too small, we skip the temperature calculation!
[SNIPER] Enabling performance models

************recordStats once at 0
[Warning] power scale is less than 1, please check!
[Overall Power Consumption] Peak: 0, Dynamic: 0
[Warning] the power of processor is too small, we skip the temperature calculation!
[SNIPER] Setting instrumentation mode to DETAILED
[TRACE:0] [HOOKS] Entering ROI
[TRACE:1] [HOOKS] Entering ROI
[TRACE:2] [HOOKS] Entering ROI
[TRACE:3] [HOOKS] Entering ROI

************recordStats once at 977
[Warning] power scale is less than 1, please check!
[Overall Power Consumption] Peak: 0, Dynamic: 0
[Warning] the power of processor is too small, we skip the temperature calculation!

************recordStats once at 1999
[Warning] power scale is less than 1, please check!
[Overall Power Consumption] Peak: 0, Dynamic: 0
[Warning] the power of processor is too small, we skip the temperature calculation!

************recordStats once at 2959
[Warning] power scale is less than 1, please check!
[Overall Power Consumption] Peak: 26.4958, Dynamic: 12.7807
*[Hotspot] begin initialization!
[DTM Trigger] CPU_MAX(THRES): 72.951(105.000), DRAM_MAX(THRES): 62.682(85.000)
	Current DTM method: 0
Here we try remapping!
Vault num: 32, Bank num: 8, Row num: 512
Vault#0 Delay: 0
Vault#1 Delay: 0
Vault#2 Delay: 0
Vault#3 Delay: 0
Vault#4 Delay: 0
Vault#5 Delay: 0
Vault#6 Delay: 0
Vault#7 Delay: 0
Vault#8 Delay: 0
Vault#9 Delay: 0
Vault#10 Delay: 0
Vault#11 Delay: 0
Vault#12 Delay: 0
Vault#13 Delay: 0
Vault#14 Delay: 0
Vault#15 Delay: 0
Vault#16 Delay: 0
Vault#17 Delay: 0
Vault#18 Delay: 0
Vault#19 Delay: 0
Vault#20 Delay: 0
Vault#21 Delay: 0
Vault#22 Delay: 0
Vault#23 Delay: 0
Vault#24 Delay: 0
Vault#25 Delay: 0
Vault#26 Delay: 0
Vault#27 Delay: 0
Vault#28 Delay: 0
Vault#29 Delay: 0
Vault#30 Delay: 0
Vault#31 Delay: 0
-----and here we finish handling remapping results in cache controller! the Latency: 0
Bus Delay: 0, Process Latency: 0
---invalid_cnt: 0, total: 131072

************recordStats once at 3987
[Warning] power scale is less than 1, please check!
[Overall Power Consumption] Peak: 26.4937, Dynamic: 12.7852
[DTM Trigger] CPU_MAX(THRES): 77.797(105.000), DRAM_MAX(THRES): 65.732(85.000)
	Current DTM method: 0
Here we try remapping!
Vault num: 32, Bank num: 8, Row num: 512
Vault#0 Delay: 0
Vault#1 Delay: 0
Vault#2 Delay: 0
Vault#3 Delay: 0
Vault#4 Delay: 0
Vault#5 Delay: 0
Vault#6 Delay: 0
Vault#7 Delay: 0
Vault#8 Delay: 0
Vault#9 Delay: 0
Vault#10 Delay: 0
Vault#11 Delay: 0
Vault#12 Delay: 0
Vault#13 Delay: 0
Vault#14 Delay: 0
Vault#15 Delay: 0
Vault#16 Delay: 0
Vault#17 Delay: 0
Vault#18 Delay: 0
Vault#19 Delay: 0
Vault#20 Delay: 0
Vault#21 Delay: 0
Vault#22 Delay: 0
Vault#23 Delay: 0
Vault#24 Delay: 0
Vault#25 Delay: 0
Vault#26 Delay: 0
Vault#27 Delay: 0
Vault#28 Delay: 0
Vault#29 Delay: 0
Vault#30 Delay: 0
Vault#31 Delay: 0
-----and here we finish handling remapping results in cache controller! the Latency: 0
Bus Delay: 0, Process Latency: 0
---invalid_cnt: 0, total: 131072

************recordStats once at 4979
[Warning] power scale is less than 1, please check!
[Overall Power Consumption] Peak: 26.4976, Dynamic: 12.7874
[DTM Trigger] CPU_MAX(THRES): 80.867(105.000), DRAM_MAX(THRES): 68.165(85.000)
	Current DTM method: 0
Here we try remapping!
Vault num: 32, Bank num: 8, Row num: 512
Vault#0 Delay: 0
Vault#1 Delay: 0
Vault#2 Delay: 0
Vault#3 Delay: 0
Vault#4 Delay: 0
Vault#5 Delay: 0
Vault#6 Delay: 0
Vault#7 Delay: 0
Vault#8 Delay: 0
Vault#9 Delay: 0
Vault#10 Delay: 0
Vault#11 Delay: 0
Vault#12 Delay: 0
Vault#13 Delay: 0
Vault#14 Delay: 0
Vault#15 Delay: 0
Vault#16 Delay: 0
Vault#17 Delay: 0
Vault#18 Delay: 0
Vault#19 Delay: 0
Vault#20 Delay: 0
Vault#21 Delay: 0
Vault#22 Delay: 0
Vault#23 Delay: 0
Vault#24 Delay: 0
Vault#25 Delay: 0
Vault#26 Delay: 0
Vault#27 Delay: 0
Vault#28 Delay: 0
Vault#29 Delay: 0
Vault#30 Delay: 0
Vault#31 Delay: 0
-----and here we finish handling remapping results in cache controller! the Latency: 0
Bus Delay: 0, Process Latency: 0
---invalid_cnt: 0, total: 131072

************recordStats once at 5983
[Warning] power scale is less than 1, please check!
[Overall Power Consumption] Peak: 26.5063, Dynamic: 12.798
[DTM Trigger] CPU_MAX(THRES): 83.271(105.000), DRAM_MAX(THRES): 70.132(85.000)
	Current DTM method: 0
Here we try remapping!
Vault num: 32, Bank num: 8, Row num: 512
Vault#0 Delay: 0
Vault#1 Delay: 0
Vault#2 Delay: 0
Vault#3 Delay: 0
Vault#4 Delay: 0
Vault#5 Delay: 0
Vault#6 Delay: 0
Vault#7 Delay: 0
Vault#8 Delay: 0
Vault#9 Delay: 0
Vault#10 Delay: 0
Vault#11 Delay: 0
Vault#12 Delay: 0
Vault#13 Delay: 0
Vault#14 Delay: 0
Vault#15 Delay: 0
Vault#16 Delay: 0
Vault#17 Delay: 0
Vault#18 Delay: 0
Vault#19 Delay: 0
Vault#20 Delay: 0
Vault#21 Delay: 0
Vault#22 Delay: 0
Vault#23 Delay: 0
Vault#24 Delay: 0
Vault#25 Delay: 0
Vault#26 Delay: 0
Vault#27 Delay: 0
Vault#28 Delay: 0
Vault#29 Delay: 0
Vault#30 Delay: 0
Vault#31 Delay: 0
-----and here we finish handling remapping results in cache controller! the Latency: 0
Bus Delay: 0, Process Latency: 0
---invalid_cnt: 0, total: 131072

************recordStats once at 6973
[Warning] power scale is less than 1, please check!
[Overall Power Consumption] Peak: 26.5073, Dynamic: 12.7991
[DTM Trigger] CPU_MAX(THRES): 85.338(105.000), DRAM_MAX(THRES): 71.814(85.000)
	Current DTM method: 0
Here we try remapping!
Vault num: 32, Bank num: 8, Row num: 512
Vault#0 Delay: 0
Vault#1 Delay: 0
Vault#2 Delay: 0
Vault#3 Delay: 0
Vault#4 Delay: 0
Vault#5 Delay: 0
Vault#6 Delay: 0
Vault#7 Delay: 0
Vault#8 Delay: 0
Vault#9 Delay: 0
Vault#10 Delay: 0
Vault#11 Delay: 0
Vault#12 Delay: 0
Vault#13 Delay: 0
Vault#14 Delay: 0
Vault#15 Delay: 0
Vault#16 Delay: 0
Vault#17 Delay: 0
Vault#18 Delay: 0
Vault#19 Delay: 0
Vault#20 Delay: 0
Vault#21 Delay: 0
Vault#22 Delay: 0
Vault#23 Delay: 0
Vault#24 Delay: 0
Vault#25 Delay: 0
Vault#26 Delay: 0
Vault#27 Delay: 0
Vault#28 Delay: 0
Vault#29 Delay: 0
Vault#30 Delay: 0
Vault#31 Delay: 0
-----and here we finish handling remapping results in cache controller! the Latency: 0
Bus Delay: 0, Process Latency: 0
---invalid_cnt: 0, total: 131072

************recordStats once at 7863
[Warning] power scale is less than 1, please check!
[Overall Power Consumption] Peak: 26.486, Dynamic: 12.7698
[DTM Trigger] CPU_MAX(THRES): 87.142(105.000), DRAM_MAX(THRES): 73.297(85.000)
	Current DTM method: 0
Here we try remapping!
Vault num: 32, Bank num: 8, Row num: 512
Vault#0 Delay: 0
Vault#1 Delay: 0
Vault#2 Delay: 0
Vault#3 Delay: 0
Vault#4 Delay: 0
Vault#5 Delay: 0
Vault#6 Delay: 0
Vault#7 Delay: 0
Vault#8 Delay: 0
Vault#9 Delay: 0
Vault#10 Delay: 0
Vault#11 Delay: 0
Vault#12 Delay: 0
Vault#13 Delay: 0
Vault#14 Delay: 0
Vault#15 Delay: 0
Vault#16 Delay: 0
Vault#17 Delay: 0
Vault#18 Delay: 0
Vault#19 Delay: 0
Vault#20 Delay: 0
Vault#21 Delay: 0
Vault#22 Delay: 0
Vault#23 Delay: 0
Vault#24 Delay: 0
Vault#25 Delay: 0
Vault#26 Delay: 0
Vault#27 Delay: 0
Vault#28 Delay: 0
Vault#29 Delay: 0
Vault#30 Delay: 0
Vault#31 Delay: 0
-----and here we finish handling remapping results in cache controller! the Latency: 0
Bus Delay: 0, Process Latency: 0
---invalid_cnt: 0, total: 131072

************recordStats once at 8489
[Warning] power scale is less than 1, please check!
[Overall Power Consumption] Peak: 26.4578, Dynamic: 12.7314
[DTM Trigger] CPU_MAX(THRES): 88.752(105.000), DRAM_MAX(THRES): 74.625(85.000)
	Current DTM method: 0
Here we try remapping!

************recordStats once at 8489
[Warning] power scale is less than 1, please check!
[Overall Power Consumption] Peak: 26.4494, Dynamic: 12.7216
[DTM Trigger] CPU_MAX(THRES): 90.221(105.000), DRAM_MAX(THRES): 75.827(85.000)
	Current DTM method: 0
Here we try remapping!

************recordStats once at 8489
[Warning] power scale is less than 1, please check!
[Overall Power Consumption] Peak: 26.4531, Dynamic: 12.7256
[DTM Trigger] CPU_MAX(THRES): 91.565(105.000), DRAM_MAX(THRES): 76.921(85.000)
	Current DTM method: 0
Here we try remapping!

************recordStats once at 8489
[Warning] power scale is less than 1, please check!
[Overall Power Consumption] Peak: 26.4413, Dynamic: 12.7081
[DTM Trigger] CPU_MAX(THRES): 92.779(105.000), DRAM_MAX(THRES): 77.919(85.000)
	Current DTM method: 0
Here we try remapping!

************recordStats once at 8489
[Warning] power scale is less than 1, please check!
[Overall Power Consumption] Peak: 26.4541, Dynamic: 12.7268
[DTM Trigger] CPU_MAX(THRES): 93.914(105.000), DRAM_MAX(THRES): 78.832(85.000)
	Current DTM method: 0
Here we try remapping!

************recordStats once at 8489
[Warning] power scale is less than 1, please check!
[Overall Power Consumption] Peak: 26.4523, Dynamic: 12.7246
[DTM Trigger] CPU_MAX(THRES): 94.942(105.000), DRAM_MAX(THRES): 79.669(85.000)
	Current DTM method: 0
Here we try remapping!

************recordStats once at 8489
[Warning] power scale is less than 1, please check!
[Overall Power Consumption] Peak: 26.4444, Dynamic: 12.7132
[DTM Trigger] CPU_MAX(THRES): 95.876(105.000), DRAM_MAX(THRES): 80.434(85.000)
	Current DTM method: 0
Here we try remapping!

************recordStats once at 8489
[Warning] power scale is less than 1, please check!
[Overall Power Consumption] Peak: 26.4555, Dynamic: 12.7287
[DTM Trigger] CPU_MAX(THRES): 96.746(105.000), DRAM_MAX(THRES): 81.137(85.000)
	Current DTM method: 0
Here we try remapping!

************recordStats once at 8489
[Warning] power scale is less than 1, please check!
[Overall Power Consumption] Peak: 26.4432, Dynamic: 12.7123
[DTM Trigger] CPU_MAX(THRES): 97.528(105.000), DRAM_MAX(THRES): 81.781(85.000)
	Current DTM method: 0
Here we try remapping!

************recordStats once at 8489
[Warning] power scale is less than 1, please check!
[Overall Power Consumption] Peak: 26.4405, Dynamic: 12.7082
[DTM Trigger] CPU_MAX(THRES): 98.245(105.000), DRAM_MAX(THRES): 82.371(85.000)
	Current DTM method: 0
Here we try remapping!

************recordStats once at 8489
[Warning] power scale is less than 1, please check!
[Overall Power Consumption] Peak: 26.4501, Dynamic: 12.7207
[DTM Trigger] CPU_MAX(THRES): 98.916(105.000), DRAM_MAX(THRES): 82.914(85.000)
	Current DTM method: 0
Here we try remapping!

************recordStats once at 8489
[Warning] power scale is less than 1, please check!
[Overall Power Consumption] Peak: 26.4408, Dynamic: 12.7092
[DTM Trigger] CPU_MAX(THRES): 99.519(105.000), DRAM_MAX(THRES): 83.412(85.000)
	Current DTM method: 0
Here we try remapping!

************recordStats once at 8489
[Warning] power scale is less than 1, please check!
[Overall Power Consumption] Peak: 26.4509, Dynamic: 12.7233
[DTM Trigger] CPU_MAX(THRES): 100.085(105.000), DRAM_MAX(THRES): 83.871(85.000)
	Current DTM method: 0
Here we try remapping!

************recordStats once at 8489
[Warning] power scale is less than 1, please check!
[Overall Power Consumption] Peak: 26.4526, Dynamic: 12.7252
[DTM Trigger] CPU_MAX(THRES): 100.603(105.000), DRAM_MAX(THRES): 84.294(85.000)
	Current DTM method: 0
Here we try remapping!

************recordStats once at 8489
[Warning] power scale is less than 1, please check!
[Overall Power Consumption] Peak: 26.4417, Dynamic: 12.7096
[DTM Trigger] CPU_MAX(THRES): 101.065(105.000), DRAM_MAX(THRES): 84.682(85.000)
	Current DTM method: 0
Here we try remapping!

************recordStats once at 8489
[Warning] power scale is less than 1, please check!
[Overall Power Consumption] Peak: 26.4535, Dynamic: 12.7273
[DTM Trigger] CPU_MAX(THRES): 101.513(105.000), DRAM_MAX(THRES): 85.040(85.000)
	Current DTM method: 0
Here we try remapping!

************recordStats once at 8489
[Warning] power scale is less than 1, please check!
[Overall Power Consumption] Peak: 26.4522, Dynamic: 12.7253
[DTM Trigger] CPU_MAX(THRES): 101.913(105.000), DRAM_MAX(THRES): 85.370(85.000)
	Current DTM method: 0
Here we try remapping!
Vault num: 32, Bank num: 8, Row num: 512
Vault#0 Delay: 0
Vault#1 Delay: 0
Vault#2 Delay: 0
Vault#3 Delay: 0
Vault#4 Delay: 0
Vault#5 Delay: 0
Vault#6 Delay: 0
Vault#7 Delay: 0
Vault#8 Delay: 0
Vault#9 Delay: 0
Vault#10 Delay: 0
Vault#11 Delay: 0
Vault#12 Delay: 0
Vault#13 Delay: 0
Vault#14 Delay: 0
Vault#15 Delay: 0
Vault#16 Delay: 0
Vault#17 Delay: 0
Vault#18 Delay: 0
Vault#19 Delay: 0
Vault#20 Delay: 0
Vault#21 Delay: 0
Vault#22 Delay: 0
Vault#23 Delay: 0
Vault#24 Delay: 0
Vault#25 Delay: 0
Vault#26 Delay: 0
Vault#27 Delay: 0
Vault#28 Delay: 0
Vault#29 Delay: 0
Vault#30 Delay: 0
Vault#31 Delay: 0
-----and here we finish handling remapping results in cache controller! the Latency: 0
Bus Delay: 0, Process Latency: 0
---invalid_cnt: 0, total: 131072

************recordStats once at 25969
[Warning] power scale is less than 1, please check!
[Overall Power Consumption] Peak: 26.4592, Dynamic: 12.7351
[DTM Trigger] CPU_MAX(THRES): 102.295(105.000), DRAM_MAX(THRES): 85.749(85.000)
	Current DTM method: 0
Here we try remapping!

************recordStats once at 25969
[Warning] power scale is less than 1, please check!
[Overall Power Consumption] Peak: 28.9369, Dynamic: 14.5183
[DTM Trigger] CPU_MAX(THRES): 102.696(105.000), DRAM_MAX(THRES): 86.035(85.000)
	Current DTM method: 0
Here we try remapping!

************recordStats once at 25969
[Warning] power scale is less than 1, please check!
[Overall Power Consumption] Peak: 26.4659, Dynamic: 12.6729
[DTM Trigger] CPU_MAX(THRES): 102.956(105.000), DRAM_MAX(THRES): 86.334(85.000)
	Current DTM method: 0
Here we try remapping!
Vault num: 32, Bank num: 8, Row num: 512
Vault#0 Delay: 0
Vault#1 Delay: 0
Vault#2 Delay: 0
Vault#3 Delay: 0
Vault#4 Delay: 0
Vault#5 Delay: 0
Vault#6 Delay: 0
Vault#7 Delay: 0
Vault#8 Delay: 0
Vault#9 Delay: 0
Vault#10 Delay: 0
Vault#11 Delay: 0
Vault#12 Delay: 0
Vault#13 Delay: 0
Vault#14 Delay: 0
Vault#15 Delay: 0
Vault#16 Delay: 0
Vault#17 Delay: 0
Vault#18 Delay: 0
Vault#19 Delay: 0
Vault#20 Delay: 0
Vault#21 Delay: 0
Vault#22 Delay: 0
Vault#23 Delay: 0
Vault#24 Delay: 0
Vault#25 Delay: 0
Vault#26 Delay: 0
Vault#27 Delay: 0
Vault#28 Delay: 0
Vault#29 Delay: 0
Vault#30 Delay: 0
Vault#31 Delay: 0
-----and here we finish handling remapping results in cache controller! the Latency: 0
Bus Delay: 0, Process Latency: 0
---invalid_cnt: 0, total: 131072

************recordStats once at 28955
[Warning] power scale is less than 1, please check!
[Overall Power Consumption] Peak: 26.4614, Dynamic: 12.6704
[DTM Trigger] CPU_MAX(THRES): 103.216(105.000), DRAM_MAX(THRES): 86.596(85.000)
	Current DTM method: 0
Here we try remapping!

************recordStats once at 28955
[Warning] power scale is less than 1, please check!
[Overall Power Consumption] Peak: 26.4634, Dynamic: 12.6726
[DTM Trigger] CPU_MAX(THRES): 103.488(105.000), DRAM_MAX(THRES): 86.830(85.000)
	Current DTM method: 0
Here we try remapping!
