[SNIPER] (0) Using trace file /home_masters/miz087/workplace/micro_exp/benchmarks/traces/omnetpp/omnetpp.trace0
[SNIPER] (1) Using trace file /home_masters/miz087/workplace/micro_exp/benchmarks/traces/omnetpp/omnetpp.trace1
[SNIPER] (2) Using trace file /home_masters/miz087/workplace/micro_exp/benchmarks/traces/omnetpp/omnetpp.trace2
[SNIPER] (3) Using trace file /home_masters/miz087/workplace/micro_exp/benchmarks/traces/omnetpp/omnetpp.trace3
[SNIPER] Start
----------BEGIN_INIT_STATS_MANAGER------------
----------END_INIT_STATS_MANAGER------------
[DvfsManager] Core 0 at 2.66 GHz (global clock 2.66 GHz)
[DvfsManager] Core 1 at 2.66 GHz (global clock 2.66 GHz)
[DvfsManager] Core 2 at 2.66 GHz (global clock 2.66 GHz)
[DvfsManager] Core 3 at 2.66 GHz (global clock 2.66 GHz)
Normal Cache Total set: 131072
[Ramulator config] SpeedEntry: nRFC(130), nREFI(3900), nREFI1B(256)
Each level size: 
32 4 2 2048 8192 
Here we initilize a off-chip model!
[Ramulator config] SpeedEntry: nRFC(130), nREFI(3900), nREFI1B(256)
Each level size: 
1 1 32 16384 8192 
now initialize a stacked dram unison cache
Executing Python script /scratch/miz087/results/isca/10-26-cachesize_cache_baseline_cs1024_spec_omnetpp/sim.scripts.py
[SNIPER] --------------------------------------------------------------------------------
[SNIPER] Sniper using SIFT/trace-driven frontend
[SNIPER] Running full application in DETAILED mode
[SNIPER] --------------------------------------------------------------------------------

************recordStats once at 0
[Warning] power scale is less than 1, please check!
[Overall Power Consumption] Peak: 0, Dynamic: 0
[Warning] the power of processor is too small, we skip the temperature calculation!
[SNIPER] Enabling performance models

************recordStats once at 0
[Warning] power scale is less than 1, please check!
[Overall Power Consumption] Peak: 0, Dynamic: 0
[Warning] the power of processor is too small, we skip the temperature calculation!
[SNIPER] Setting instrumentation mode to DETAILED
[TRACE:0] [HOOKS] Entering ROI
[TRACE:2] [HOOKS] Entering ROI
[TRACE:3] [HOOKS] Entering ROI
[TRACE:1] [HOOKS] Entering ROI
[TRACE:0] OMNeT++ Discrete Event Simulation  (C) 1992-2003 Andras Varga
[TRACE:0] See the license for distribution terms and warranty disclaimer
[TRACE:0] Setting up Cmdenv (command-line user interface)...
[TRACE:0] Preparing for Run #1...
[TRACE:2] OMNeT++ Discrete Event Simulation  (C) 1992-2003 Andras Varga
[TRACE:2] See the license for distribution terms and warranty disclaimer
[TRACE:2] Setting up Cmdenv (command-line user interface)...
[TRACE:2] Preparing for Run #1...
[TRACE:3] OMNeT++ Discrete Event Simulation  (C) 1992-2003 Andras Varga
[TRACE:3] See the license for distribution terms and warranty disclaimer
[TRACE:3] Setting up Cmdenv (command-line user interface)...
[TRACE:3] Preparing for Run #1...
[TRACE:1] OMNeT++ Discrete Event Simulation  (C) 1992-2003 Andras Varga
[TRACE:1] See the license for distribution terms and warranty disclaimer
[TRACE:1] Setting up Cmdenv (command-line user interface)...
[TRACE:1] Preparing for Run #1...
[TRACE:0] Setting up network `largeNet'...
[TRACE:2] Setting up network `largeNet'...
[TRACE:3] Setting up network `largeNet'...
[TRACE:1] Setting up network `largeNet'...

************recordStats once at 1000
[Warning] power scale is less than 1, please check!
[Overall Power Consumption] Peak: 0, Dynamic: 0
[Warning] the power of processor is too small, we skip the temperature calculation!

************recordStats once at 1999
[Warning] power scale is less than 1, please check!
[Overall Power Consumption] Peak: 0, Dynamic: 0
[Warning] the power of processor is too small, we skip the temperature calculation!

************recordStats once at 2996
[Warning] power scale is less than 1, please check!
[Overall Power Consumption] Peak: 24.1439, Dynamic: 11.1703
*[Hotspot] begin initialization!
[DTM Trigger] CPU_MAX(THRES): 72.938(105.000), DRAM_MAX(THRES): 62.690(85.000)
	Current DTM method: 0
Here we try remapping!
Vault num: 32, Bank num: 8, Row num: 512
Vault#0 Delay: 0
Vault#1 Delay: 0
Vault#2 Delay: 0
Vault#3 Delay: 0
Vault#4 Delay: 0
Vault#5 Delay: 0
Vault#6 Delay: 0
Vault#7 Delay: 0
Vault#8 Delay: 0
Vault#9 Delay: 0
Vault#10 Delay: 0
Vault#11 Delay: 0
Vault#12 Delay: 0
Vault#13 Delay: 0
Vault#14 Delay: 0
Vault#15 Delay: 0
Vault#16 Delay: 0
Vault#17 Delay: 0
Vault#18 Delay: 0
Vault#19 Delay: 0
Vault#20 Delay: 0
Vault#21 Delay: 0
Vault#22 Delay: 0
Vault#23 Delay: 0
Vault#24 Delay: 0
Vault#25 Delay: 0
Vault#26 Delay: 0
Vault#27 Delay: 0
Vault#28 Delay: 0
Vault#29 Delay: 0
Vault#30 Delay: 0
Vault#31 Delay: 0
-----and here we finish handling remapping results in cache controller! the Latency: 0
Bus Delay: 0, Process Latency: 0
---invalid_cnt: 0, total: 131072

************recordStats once at 4000
[Warning] power scale is less than 1, please check!
[Overall Power Consumption] Peak: 24.014, Dynamic: 11.0733
[DTM Trigger] CPU_MAX(THRES): 77.667(105.000), DRAM_MAX(THRES): 65.725(85.000)
	Current DTM method: 0
Here we try remapping!
Vault num: 32, Bank num: 8, Row num: 512
Vault#0 Delay: 0
Vault#1 Delay: 0
Vault#2 Delay: 0
Vault#3 Delay: 0
Vault#4 Delay: 0
Vault#5 Delay: 0
Vault#6 Delay: 0
Vault#7 Delay: 0
Vault#8 Delay: 0
Vault#9 Delay: 0
Vault#10 Delay: 0
Vault#11 Delay: 0
Vault#12 Delay: 0
Vault#13 Delay: 0
Vault#14 Delay: 0
Vault#15 Delay: 0
Vault#16 Delay: 0
Vault#17 Delay: 0
Vault#18 Delay: 0
Vault#19 Delay: 0
Vault#20 Delay: 0
Vault#21 Delay: 0
Vault#22 Delay: 0
Vault#23 Delay: 0
Vault#24 Delay: 0
Vault#25 Delay: 0
Vault#26 Delay: 0
Vault#27 Delay: 0
Vault#28 Delay: 0
Vault#29 Delay: 0
Vault#30 Delay: 0
Vault#31 Delay: 0
-----and here we finish handling remapping results in cache controller! the Latency: 0
Bus Delay: 0, Process Latency: 0
---invalid_cnt: 0, total: 131072

************recordStats once at 4992
[Warning] power scale is less than 1, please check!
[Overall Power Consumption] Peak: 24.1304, Dynamic: 11.1328
[DTM Trigger] CPU_MAX(THRES): 80.625(105.000), DRAM_MAX(THRES): 68.119(85.000)
	Current DTM method: 0
Here we try remapping!
Vault num: 32, Bank num: 8, Row num: 512
Vault#0 Delay: 0
Vault#1 Delay: 0
Vault#2 Delay: 0
Vault#3 Delay: 0
Vault#4 Delay: 0
Vault#5 Delay: 0
Vault#6 Delay: 0
Vault#7 Delay: 0
Vault#8 Delay: 0
Vault#9 Delay: 0
Vault#10 Delay: 0
Vault#11 Delay: 0
Vault#12 Delay: 0
Vault#13 Delay: 0
Vault#14 Delay: 0
Vault#15 Delay: 0
Vault#16 Delay: 0
Vault#17 Delay: 0
Vault#18 Delay: 0
Vault#19 Delay: 0
Vault#20 Delay: 0
Vault#21 Delay: 0
Vault#22 Delay: 0
Vault#23 Delay: 0
Vault#24 Delay: 0
Vault#25 Delay: 0
Vault#26 Delay: 0
Vault#27 Delay: 0
Vault#28 Delay: 0
Vault#29 Delay: 0
Vault#30 Delay: 0
Vault#31 Delay: 0
-----and here we finish handling remapping results in cache controller! the Latency: 0
Bus Delay: 0, Process Latency: 0
---invalid_cnt: 0, total: 131072

************recordStats once at 5986
[Warning] power scale is less than 1, please check!
[Overall Power Consumption] Peak: 24.3262, Dynamic: 11.2567
[DTM Trigger] CPU_MAX(THRES): 83.036(105.000), DRAM_MAX(THRES): 70.045(85.000)
	Current DTM method: 0
Here we try remapping!
Vault num: 32, Bank num: 8, Row num: 512
Vault#0 Delay: 0
Vault#1 Delay: 0
Vault#2 Delay: 0
Vault#3 Delay: 0
Vault#4 Delay: 0
Vault#5 Delay: 0
Vault#6 Delay: 0
Vault#7 Delay: 0
Vault#8 Delay: 0
Vault#9 Delay: 0
Vault#10 Delay: 0
Vault#11 Delay: 0
Vault#12 Delay: 0
Vault#13 Delay: 0
Vault#14 Delay: 0
Vault#15 Delay: 0
Vault#16 Delay: 0
Vault#17 Delay: 0
Vault#18 Delay: 0
Vault#19 Delay: 0
Vault#20 Delay: 0
Vault#21 Delay: 0
Vault#22 Delay: 0
Vault#23 Delay: 0
Vault#24 Delay: 0
Vault#25 Delay: 0
Vault#26 Delay: 0
Vault#27 Delay: 0
Vault#28 Delay: 0
Vault#29 Delay: 0
Vault#30 Delay: 0
Vault#31 Delay: 0
-----and here we finish handling remapping results in cache controller! the Latency: 0
Bus Delay: 0, Process Latency: 0
---invalid_cnt: 0, total: 131072

************recordStats once at 7000
[Warning] power scale is less than 1, please check!
[Overall Power Consumption] Peak: 23.9969, Dynamic: 11.0664
[DTM Trigger] CPU_MAX(THRES): 85.011(105.000), DRAM_MAX(THRES): 71.686(85.000)
	Current DTM method: 0
Here we try remapping!
Vault num: 32, Bank num: 8, Row num: 512
Vault#0 Delay: 0
Vault#1 Delay: 0
Vault#2 Delay: 0
Vault#3 Delay: 0
Vault#4 Delay: 0
Vault#5 Delay: 0
Vault#6 Delay: 0
Vault#7 Delay: 0
Vault#8 Delay: 0
Vault#9 Delay: 0
Vault#10 Delay: 0
Vault#11 Delay: 0
Vault#12 Delay: 0
Vault#13 Delay: 0
Vault#14 Delay: 0
Vault#15 Delay: 0
Vault#16 Delay: 0
Vault#17 Delay: 0
Vault#18 Delay: 0
Vault#19 Delay: 0
Vault#20 Delay: 0
Vault#21 Delay: 0
Vault#22 Delay: 0
Vault#23 Delay: 0
Vault#24 Delay: 0
Vault#25 Delay: 0
Vault#26 Delay: 0
Vault#27 Delay: 0
Vault#28 Delay: 0
Vault#29 Delay: 0
Vault#30 Delay: 0
Vault#31 Delay: 0
-----and here we finish handling remapping results in cache controller! the Latency: 0
Bus Delay: 0, Process Latency: 0
---invalid_cnt: 0, total: 131072

************recordStats once at 7979
[Warning] power scale is less than 1, please check!
[Overall Power Consumption] Peak: 24.0508, Dynamic: 11.1039
[DTM Trigger] CPU_MAX(THRES): 86.749(105.000), DRAM_MAX(THRES): 73.123(85.000)
	Current DTM method: 0
Here we try remapping!
Vault num: 32, Bank num: 8, Row num: 512
Vault#0 Delay: 0
Vault#1 Delay: 0
Vault#2 Delay: 0
Vault#3 Delay: 0
Vault#4 Delay: 0
Vault#5 Delay: 0
Vault#6 Delay: 0
Vault#7 Delay: 0
Vault#8 Delay: 0
Vault#9 Delay: 0
Vault#10 Delay: 0
Vault#11 Delay: 0
Vault#12 Delay: 0
Vault#13 Delay: 0
Vault#14 Delay: 0
Vault#15 Delay: 0
Vault#16 Delay: 0
Vault#17 Delay: 0
Vault#18 Delay: 0
Vault#19 Delay: 0
Vault#20 Delay: 0
Vault#21 Delay: 0
Vault#22 Delay: 0
Vault#23 Delay: 0
Vault#24 Delay: 0
Vault#25 Delay: 0
Vault#26 Delay: 0
Vault#27 Delay: 0
Vault#28 Delay: 0
Vault#29 Delay: 0
Vault#30 Delay: 0
Vault#31 Delay: 0
-----and here we finish handling remapping results in cache controller! the Latency: 0
Bus Delay: 0, Process Latency: 0
---invalid_cnt: 0, total: 131072

************recordStats once at 8996
[Warning] power scale is less than 1, please check!
[Overall Power Consumption] Peak: 24.4335, Dynamic: 11.3173
[DTM Trigger] CPU_MAX(THRES): 88.383(105.000), DRAM_MAX(THRES): 74.411(85.000)
	Current DTM method: 0
Here we try remapping!
Vault num: 32, Bank num: 8, Row num: 512
Vault#0 Delay: 0
Vault#1 Delay: 0
Vault#2 Delay: 0
Vault#3 Delay: 0
Vault#4 Delay: 0
Vault#5 Delay: 0
Vault#6 Delay: 0
Vault#7 Delay: 0
Vault#8 Delay: 0
Vault#9 Delay: 0
Vault#10 Delay: 0
Vault#11 Delay: 0
Vault#12 Delay: 0
Vault#13 Delay: 0
Vault#14 Delay: 0
Vault#15 Delay: 0
Vault#16 Delay: 0
Vault#17 Delay: 0
Vault#18 Delay: 0
Vault#19 Delay: 0
Vault#20 Delay: 0
Vault#21 Delay: 0
Vault#22 Delay: 0
Vault#23 Delay: 0
Vault#24 Delay: 0
Vault#25 Delay: 0
Vault#26 Delay: 0
Vault#27 Delay: 0
Vault#28 Delay: 0
Vault#29 Delay: 0
Vault#30 Delay: 0
Vault#31 Delay: 0
-----and here we finish handling remapping results in cache controller! the Latency: 0
Bus Delay: 0, Process Latency: 0
---invalid_cnt: 0, total: 131072

************recordStats once at 10000
[Warning] power scale is less than 1, please check!
[Overall Power Consumption] Peak: 24.0078, Dynamic: 11.0874
[DTM Trigger] CPU_MAX(THRES): 89.805(105.000), DRAM_MAX(THRES): 75.579(85.000)
	Current DTM method: 0
Here we try remapping!
Vault num: 32, Bank num: 8, Row num: 512
Vault#0 Delay: 0
Vault#1 Delay: 0
Vault#2 Delay: 0
Vault#3 Delay: 0
Vault#4 Delay: 0
Vault#5 Delay: 0
Vault#6 Delay: 0
Vault#7 Delay: 0
Vault#8 Delay: 0
Vault#9 Delay: 0
Vault#10 Delay: 0
Vault#11 Delay: 0
Vault#12 Delay: 0
Vault#13 Delay: 0
Vault#14 Delay: 0
Vault#15 Delay: 0
Vault#16 Delay: 0
Vault#17 Delay: 0
Vault#18 Delay: 0
Vault#19 Delay: 0
Vault#20 Delay: 0
Vault#21 Delay: 0
Vault#22 Delay: 0
Vault#23 Delay: 0
Vault#24 Delay: 0
Vault#25 Delay: 0
Vault#26 Delay: 0
Vault#27 Delay: 0
Vault#28 Delay: 0
Vault#29 Delay: 0
Vault#30 Delay: 0
Vault#31 Delay: 0
-----and here we finish handling remapping results in cache controller! the Latency: 0
Bus Delay: 0, Process Latency: 0
---invalid_cnt: 0, total: 131072

************recordStats once at 10990
[Warning] power scale is less than 1, please check!
[Overall Power Consumption] Peak: 24.0263, Dynamic: 11.0703
[DTM Trigger] CPU_MAX(THRES): 91.066(105.000), DRAM_MAX(THRES): 76.634(85.000)
	Current DTM method: 0
Here we try remapping!
Vault num: 32, Bank num: 8, Row num: 512
Vault#0 Delay: 0
Vault#1 Delay: 0
Vault#2 Delay: 0
Vault#3 Delay: 0
Vault#4 Delay: 0
Vault#5 Delay: 0
Vault#6 Delay: 0
Vault#7 Delay: 0
Vault#8 Delay: 0
Vault#9 Delay: 0
Vault#10 Delay: 0
Vault#11 Delay: 0
Vault#12 Delay: 0
Vault#13 Delay: 0
Vault#14 Delay: 0
Vault#15 Delay: 0
Vault#16 Delay: 0
Vault#17 Delay: 0
Vault#18 Delay: 0
Vault#19 Delay: 0
Vault#20 Delay: 0
Vault#21 Delay: 0
Vault#22 Delay: 0
Vault#23 Delay: 0
Vault#24 Delay: 0
Vault#25 Delay: 0
Vault#26 Delay: 0
Vault#27 Delay: 0
Vault#28 Delay: 0
Vault#29 Delay: 0
Vault#30 Delay: 0
Vault#31 Delay: 0
-----and here we finish handling remapping results in cache controller! the Latency: 0
Bus Delay: 0, Process Latency: 0
---invalid_cnt: 0, total: 131072

************recordStats once at 12000
[Warning] power scale is less than 1, please check!
[Overall Power Consumption] Peak: 24.447, Dynamic: 11.3193
[DTM Trigger] CPU_MAX(THRES): 92.280(105.000), DRAM_MAX(THRES): 77.595(85.000)
	Current DTM method: 0
Here we try remapping!
Vault num: 32, Bank num: 8, Row num: 512
Vault#0 Delay: 0
Vault#1 Delay: 0
Vault#2 Delay: 0
Vault#3 Delay: 0
Vault#4 Delay: 0
Vault#5 Delay: 0
Vault#6 Delay: 0
Vault#7 Delay: 0
Vault#8 Delay: 0
Vault#9 Delay: 0
Vault#10 Delay: 0
Vault#11 Delay: 0
Vault#12 Delay: 0
Vault#13 Delay: 0
Vault#14 Delay: 0
Vault#15 Delay: 0
Vault#16 Delay: 0
Vault#17 Delay: 0
Vault#18 Delay: 0
Vault#19 Delay: 0
Vault#20 Delay: 0
Vault#21 Delay: 0
Vault#22 Delay: 0
Vault#23 Delay: 0
Vault#24 Delay: 0
Vault#25 Delay: 0
Vault#26 Delay: 0
Vault#27 Delay: 0
Vault#28 Delay: 0
Vault#29 Delay: 0
Vault#30 Delay: 0
Vault#31 Delay: 0
-----and here we finish handling remapping results in cache controller! the Latency: 0
Bus Delay: 0, Process Latency: 0
---invalid_cnt: 0, total: 131072

************recordStats once at 12998
[Warning] power scale is less than 1, please check!
[Overall Power Consumption] Peak: 24.0153, Dynamic: 11.0721
[DTM Trigger] CPU_MAX(THRES): 93.347(105.000), DRAM_MAX(THRES): 78.476(85.000)
	Current DTM method: 0
Here we try remapping!
Vault num: 32, Bank num: 8, Row num: 512
Vault#0 Delay: 0
Vault#1 Delay: 0
Vault#2 Delay: 0
Vault#3 Delay: 0
Vault#4 Delay: 0
Vault#5 Delay: 0
Vault#6 Delay: 0
Vault#7 Delay: 0
Vault#8 Delay: 0
Vault#9 Delay: 0
Vault#10 Delay: 0
Vault#11 Delay: 0
Vault#12 Delay: 0
Vault#13 Delay: 0
Vault#14 Delay: 0
Vault#15 Delay: 0
Vault#16 Delay: 0
Vault#17 Delay: 0
Vault#18 Delay: 0
Vault#19 Delay: 0
Vault#20 Delay: 0
Vault#21 Delay: 0
Vault#22 Delay: 0
Vault#23 Delay: 0
Vault#24 Delay: 0
Vault#25 Delay: 0
Vault#26 Delay: 0
Vault#27 Delay: 0
Vault#28 Delay: 0
Vault#29 Delay: 0
Vault#30 Delay: 0
Vault#31 Delay: 0
-----and here we finish handling remapping results in cache controller! the Latency: 0
Bus Delay: 0, Process Latency: 0
---invalid_cnt: 0, total: 131072

************recordStats once at 14000
[Warning] power scale is less than 1, please check!
[Overall Power Consumption] Peak: 23.9988, Dynamic: 11.0561
[DTM Trigger] CPU_MAX(THRES): 94.314(105.000), DRAM_MAX(THRES): 79.279(85.000)
	Current DTM method: 0
Here we try remapping!
Vault num: 32, Bank num: 8, Row num: 512
Vault#0 Delay: 0
Vault#1 Delay: 0
Vault#2 Delay: 0
Vault#3 Delay: 0
Vault#4 Delay: 0
Vault#5 Delay: 0
Vault#6 Delay: 0
Vault#7 Delay: 0
Vault#8 Delay: 0
Vault#9 Delay: 0
Vault#10 Delay: 0
Vault#11 Delay: 0
Vault#12 Delay: 0
Vault#13 Delay: 0
Vault#14 Delay: 0
Vault#15 Delay: 0
Vault#16 Delay: 0
Vault#17 Delay: 0
Vault#18 Delay: 0
Vault#19 Delay: 0
Vault#20 Delay: 0
Vault#21 Delay: 0
Vault#22 Delay: 0
Vault#23 Delay: 0
Vault#24 Delay: 0
Vault#25 Delay: 0
Vault#26 Delay: 0
Vault#27 Delay: 0
Vault#28 Delay: 0
Vault#29 Delay: 0
Vault#30 Delay: 0
Vault#31 Delay: 0
-----and here we finish handling remapping results in cache controller! the Latency: 0
Bus Delay: 0, Process Latency: 0
---invalid_cnt: 0, total: 131072

************recordStats once at 14985
[Warning] power scale is less than 1, please check!
[Overall Power Consumption] Peak: 24.4816, Dynamic: 11.332
[DTM Trigger] CPU_MAX(THRES): 95.247(105.000), DRAM_MAX(THRES): 80.015(85.000)
	Current DTM method: 0
Here we try remapping!
Vault num: 32, Bank num: 8, Row num: 512
Vault#0 Delay: 0
Vault#1 Delay: 0
Vault#2 Delay: 0
Vault#3 Delay: 0
Vault#4 Delay: 0
Vault#5 Delay: 0
Vault#6 Delay: 0
Vault#7 Delay: 0
Vault#8 Delay: 0
Vault#9 Delay: 0
Vault#10 Delay: 0
Vault#11 Delay: 0
Vault#12 Delay: 0
Vault#13 Delay: 0
Vault#14 Delay: 0
Vault#15 Delay: 0
Vault#16 Delay: 0
Vault#17 Delay: 0
Vault#18 Delay: 0
Vault#19 Delay: 0
Vault#20 Delay: 0
Vault#21 Delay: 0
Vault#22 Delay: 0
Vault#23 Delay: 0
Vault#24 Delay: 0
Vault#25 Delay: 0
Vault#26 Delay: 0
Vault#27 Delay: 0
Vault#28 Delay: 0
Vault#29 Delay: 0
Vault#30 Delay: 0
Vault#31 Delay: 0
-----and here we finish handling remapping results in cache controller! the Latency: 0
Bus Delay: 0, Process Latency: 0
---invalid_cnt: 0, total: 131072

************recordStats once at 15999
[Warning] power scale is less than 1, please check!
[Overall Power Consumption] Peak: 23.9996, Dynamic: 11.074
[DTM Trigger] CPU_MAX(THRES): 96.069(105.000), DRAM_MAX(THRES): 80.692(85.000)
	Current DTM method: 0
Here we try remapping!
Vault num: 32, Bank num: 8, Row num: 512
Vault#0 Delay: 0
Vault#1 Delay: 0
Vault#2 Delay: 0
Vault#3 Delay: 0
Vault#4 Delay: 0
Vault#5 Delay: 0
Vault#6 Delay: 0
Vault#7 Delay: 0
Vault#8 Delay: 0
Vault#9 Delay: 0
Vault#10 Delay: 0
Vault#11 Delay: 0
Vault#12 Delay: 0
Vault#13 Delay: 0
Vault#14 Delay: 0
Vault#15 Delay: 0
Vault#16 Delay: 0
Vault#17 Delay: 0
Vault#18 Delay: 0
Vault#19 Delay: 0
Vault#20 Delay: 0
Vault#21 Delay: 0
Vault#22 Delay: 0
Vault#23 Delay: 0
Vault#24 Delay: 0
Vault#25 Delay: 0
Vault#26 Delay: 0
Vault#27 Delay: 0
Vault#28 Delay: 0
Vault#29 Delay: 0
Vault#30 Delay: 0
Vault#31 Delay: 0
-----and here we finish handling remapping results in cache controller! the Latency: 0
Bus Delay: 0, Process Latency: 0
---invalid_cnt: 0, total: 131072

************recordStats once at 16980
[Warning] power scale is less than 1, please check!
[Overall Power Consumption] Peak: 23.9968, Dynamic: 11.0526
[DTM Trigger] CPU_MAX(THRES): 96.804(105.000), DRAM_MAX(THRES): 81.310(85.000)
	Current DTM method: 0
Here we try remapping!
Vault num: 32, Bank num: 8, Row num: 512
Vault#0 Delay: 0
Vault#1 Delay: 0
Vault#2 Delay: 0
Vault#3 Delay: 0
Vault#4 Delay: 0
Vault#5 Delay: 0
Vault#6 Delay: 0
Vault#7 Delay: 0
Vault#8 Delay: 0
Vault#9 Delay: 0
Vault#10 Delay: 0
Vault#11 Delay: 0
Vault#12 Delay: 0
Vault#13 Delay: 0
Vault#14 Delay: 0
Vault#15 Delay: 0
Vault#16 Delay: 0
Vault#17 Delay: 0
Vault#18 Delay: 0
Vault#19 Delay: 0
Vault#20 Delay: 0
Vault#21 Delay: 0
Vault#22 Delay: 0
Vault#23 Delay: 0
Vault#24 Delay: 0
Vault#25 Delay: 0
Vault#26 Delay: 0
Vault#27 Delay: 0
Vault#28 Delay: 0
Vault#29 Delay: 0
Vault#30 Delay: 0
Vault#31 Delay: 0
-----and here we finish handling remapping results in cache controller! the Latency: 0
Bus Delay: 0, Process Latency: 0
---invalid_cnt: 0, total: 131072

************recordStats once at 17999
[Warning] power scale is less than 1, please check!
[Overall Power Consumption] Peak: 24.4918, Dynamic: 11.3556
[DTM Trigger] CPU_MAX(THRES): 97.544(105.000), DRAM_MAX(THRES): 81.878(85.000)
	Current DTM method: 0
Here we try remapping!
Vault num: 32, Bank num: 8, Row num: 512
Vault#0 Delay: 0
Vault#1 Delay: 0
Vault#2 Delay: 0
Vault#3 Delay: 0
Vault#4 Delay: 0
Vault#5 Delay: 0
Vault#6 Delay: 0
Vault#7 Delay: 0
Vault#8 Delay: 0
Vault#9 Delay: 0
Vault#10 Delay: 0
Vault#11 Delay: 0
Vault#12 Delay: 0
Vault#13 Delay: 0
Vault#14 Delay: 0
Vault#15 Delay: 0
Vault#16 Delay: 0
Vault#17 Delay: 0
Vault#18 Delay: 0
Vault#19 Delay: 0
Vault#20 Delay: 0
Vault#21 Delay: 0
Vault#22 Delay: 0
Vault#23 Delay: 0
Vault#24 Delay: 0
Vault#25 Delay: 0
Vault#26 Delay: 0
Vault#27 Delay: 0
Vault#28 Delay: 0
Vault#29 Delay: 0
Vault#30 Delay: 0
Vault#31 Delay: 0
-----and here we finish handling remapping results in cache controller! the Latency: 0
Bus Delay: 0, Process Latency: 0
---invalid_cnt: 0, total: 131072

************recordStats once at 18999
[Warning] power scale is less than 1, please check!
[Overall Power Consumption] Peak: 24.0033, Dynamic: 11.0797
[DTM Trigger] CPU_MAX(THRES): 98.169(105.000), DRAM_MAX(THRES): 82.403(85.000)
	Current DTM method: 0
Here we try remapping!
Vault num: 32, Bank num: 8, Row num: 512
Vault#0 Delay: 0
Vault#1 Delay: 0
Vault#2 Delay: 0
Vault#3 Delay: 0
Vault#4 Delay: 0
Vault#5 Delay: 0
Vault#6 Delay: 0
Vault#7 Delay: 0
Vault#8 Delay: 0
Vault#9 Delay: 0
Vault#10 Delay: 0
Vault#11 Delay: 0
Vault#12 Delay: 0
Vault#13 Delay: 0
Vault#14 Delay: 0
Vault#15 Delay: 0
Vault#16 Delay: 0
Vault#17 Delay: 0
Vault#18 Delay: 0
Vault#19 Delay: 0
Vault#20 Delay: 0
Vault#21 Delay: 0
Vault#22 Delay: 0
Vault#23 Delay: 0
Vault#24 Delay: 0
Vault#25 Delay: 0
Vault#26 Delay: 0
Vault#27 Delay: 0
Vault#28 Delay: 0
Vault#29 Delay: 0
Vault#30 Delay: 0
Vault#31 Delay: 0
-----and here we finish handling remapping results in cache controller! the Latency: 0
Bus Delay: 0, Process Latency: 0
---invalid_cnt: 0, total: 131072

************recordStats once at 20000
[Warning] power scale is less than 1, please check!
[Overall Power Consumption] Peak: 24.0029, Dynamic: 11.062
[DTM Trigger] CPU_MAX(THRES): 98.734(105.000), DRAM_MAX(THRES): 82.882(85.000)
	Current DTM method: 0
Here we try remapping!
Vault num: 32, Bank num: 8, Row num: 512
Vault#0 Delay: 0
Vault#1 Delay: 0
Vault#2 Delay: 0
Vault#3 Delay: 0
Vault#4 Delay: 0
Vault#5 Delay: 0
Vault#6 Delay: 0
Vault#7 Delay: 0
Vault#8 Delay: 0
Vault#9 Delay: 0
Vault#10 Delay: 0
Vault#11 Delay: 0
Vault#12 Delay: 0
Vault#13 Delay: 0
Vault#14 Delay: 0
Vault#15 Delay: 0
Vault#16 Delay: 0
Vault#17 Delay: 0
Vault#18 Delay: 0
Vault#19 Delay: 0
Vault#20 Delay: 0
Vault#21 Delay: 0
Vault#22 Delay: 0
Vault#23 Delay: 0
Vault#24 Delay: 0
Vault#25 Delay: 0
Vault#26 Delay: 0
Vault#27 Delay: 0
Vault#28 Delay: 0
Vault#29 Delay: 0
Vault#30 Delay: 0
Vault#31 Delay: 0
-----and here we finish handling remapping results in cache controller! the Latency: 0
Bus Delay: 0, Process Latency: 0
---invalid_cnt: 0, total: 131072

************recordStats once at 20999
[Warning] power scale is less than 1, please check!
[Overall Power Consumption] Peak: 24.5643, Dynamic: 11.1746
[DTM Trigger] CPU_MAX(THRES): 99.038(105.000), DRAM_MAX(THRES): 83.297(85.000)
	Current DTM method: 0
Here we try remapping!
Vault num: 32, Bank num: 8, Row num: 512
Vault#0 Delay: 0
Vault#1 Delay: 0
Vault#2 Delay: 0
Vault#3 Delay: 0
Vault#4 Delay: 0
Vault#5 Delay: 0
Vault#6 Delay: 0
Vault#7 Delay: 0
Vault#8 Delay: 0
Vault#9 Delay: 0
Vault#10 Delay: 0
Vault#11 Delay: 0
Vault#12 Delay: 0
Vault#13 Delay: 0
Vault#14 Delay: 0
Vault#15 Delay: 0
Vault#16 Delay: 0
Vault#17 Delay: 0
Vault#18 Delay: 0
Vault#19 Delay: 0
Vault#20 Delay: 0
Vault#21 Delay: 0
Vault#22 Delay: 0
Vault#23 Delay: 0
Vault#24 Delay: 0
Vault#25 Delay: 0
Vault#26 Delay: 0
Vault#27 Delay: 0
Vault#28 Delay: 0
Vault#29 Delay: 0
Vault#30 Delay: 0
Vault#31 Delay: 0
-----and here we finish handling remapping results in cache controller! the Latency: 0
Bus Delay: 0, Process Latency: 0
---invalid_cnt: 0, total: 131072

************recordStats once at 21999
[Warning] power scale is less than 1, please check!
[Overall Power Consumption] Peak: 24.4853, Dynamic: 11.2355
[DTM Trigger] CPU_MAX(THRES): 99.545(105.000), DRAM_MAX(THRES): 83.679(85.000)
	Current DTM method: 0
Here we try remapping!
Vault num: 32, Bank num: 8, Row num: 512
Vault#0 Delay: 0
Vault#1 Delay: 0
Vault#2 Delay: 0
Vault#3 Delay: 0
Vault#4 Delay: 0
Vault#5 Delay: 0
Vault#6 Delay: 0
Vault#7 Delay: 0
Vault#8 Delay: 0
Vault#9 Delay: 0
Vault#10 Delay: 0
Vault#11 Delay: 0
Vault#12 Delay: 0
Vault#13 Delay: 0
Vault#14 Delay: 0
Vault#15 Delay: 0
Vault#16 Delay: 0
Vault#17 Delay: 0
Vault#18 Delay: 0
Vault#19 Delay: 0
Vault#20 Delay: 0
Vault#21 Delay: 0
Vault#22 Delay: 0
Vault#23 Delay: 0
Vault#24 Delay: 0
Vault#25 Delay: 0
Vault#26 Delay: 0
Vault#27 Delay: 0
Vault#28 Delay: 0
Vault#29 Delay: 0
Vault#30 Delay: 0
Vault#31 Delay: 0
-----and here we finish handling remapping results in cache controller! the Latency: 0
Bus Delay: 0, Process Latency: 0
---invalid_cnt: 0, total: 131072

************recordStats once at 22998
[Warning] power scale is less than 1, please check!
[Overall Power Consumption] Peak: 24.4272, Dynamic: 11.1899
[DTM Trigger] CPU_MAX(THRES): 99.993(105.000), DRAM_MAX(THRES): 84.045(85.000)
	Current DTM method: 0
Here we try remapping!
Vault num: 32, Bank num: 8, Row num: 512
Vault#0 Delay: 0
Vault#1 Delay: 0
Vault#2 Delay: 0
Vault#3 Delay: 0
Vault#4 Delay: 0
Vault#5 Delay: 0
Vault#6 Delay: 0
Vault#7 Delay: 0
Vault#8 Delay: 0
Vault#9 Delay: 0
Vault#10 Delay: 0
Vault#11 Delay: 0
Vault#12 Delay: 0
Vault#13 Delay: 0
Vault#14 Delay: 0
Vault#15 Delay: 0
Vault#16 Delay: 0
Vault#17 Delay: 0
Vault#18 Delay: 0
Vault#19 Delay: 0
Vault#20 Delay: 0
Vault#21 Delay: 0
Vault#22 Delay: 0
Vault#23 Delay: 0
Vault#24 Delay: 0
Vault#25 Delay: 0
Vault#26 Delay: 0
Vault#27 Delay: 0
Vault#28 Delay: 0
Vault#29 Delay: 0
Vault#30 Delay: 0
Vault#31 Delay: 0
-----and here we finish handling remapping results in cache controller! the Latency: 0
Bus Delay: 0, Process Latency: 0
---invalid_cnt: 0, total: 131072

************recordStats once at 23996
[Warning] power scale is less than 1, please check!
[Overall Power Consumption] Peak: 24.4417, Dynamic: 11.2027
[DTM Trigger] CPU_MAX(THRES): 100.419(105.000), DRAM_MAX(THRES): 84.390(85.000)
	Current DTM method: 0
Here we try remapping!
