[Benchmarks] set sniper output to rundi /scratch/miz087/results/baseline_roi_splash2_water.nsq_large
/scratch/miz087/results/baseline_roi_splash2_water.nsq_large
[SPLASH] Benchmarks to run: water.nsq

[SPLASH] [========== Running benchmark water.nsq ==========]
[SPLASH] Setting up run directory: /scratch/miz087/results/baseline_roi_splash2_water.nsq_large
[SPLASH] Running 'SNIPER_APP_LD_PRELOAD=$LD_PRELOAD; unset LD_PRELOAD; /home_masters/miz087/workplace/micro_exp/run-sniper -n 4 -m 'localhost' -d '/scratch/miz087/results/baseline_roi_splash2_water.nsq_large' -sthermalstats --power -c gainestown_cache --roi --curdir=/home_masters/miz087/workplace/micro_exp/benchmarks  --  /home_masters/miz087/workplace/micro_exp/benchmarks/splash2/splash2/codes/apps/water-nsquared/WATER-NSQUARED < input':
[SPLASH] [---------- Beginning of output ----------]
[SNIPER] Start
----------BEGIN_INIT_STATS_MANAGER------------
----------END_INIT_STATS_MANAGER------------
Normal Cache Total set: 524288
now initialize a stacked dram unison cache
Executing Python script /scratch/miz087/results/baseline_roi_splash2_water.nsq_large/sim.scripts.py
[SNIPER] --------------------------------------------------------------------------------
[SNIPER] Sniper using Pin frontend
[SNIPER] Running pre-ROI region in  CACHE_ONLY mode
[SNIPER] Running application ROI in DETAILED mode
[SNIPER] Running post-ROI region in FAST_FORWARD mode
[SNIPER] --------------------------------------------------------------------------------
Using 4 procs on 3 steps of 2197 mols
Other parameters:
	TSTEP = 1.50e-16
	NORDER = 6
	NSAVE = -1
	NRST = 3000
	NPRINT = 3
	NFMC = 0
	CUTOFF = 6.212752


TEMPERATURE                =   298.00 K
DENSITY                    =  0.99800 G/C.C.
NUMBER OF MOLECULES        =     2197
NUMBER OF PROCESSORS       =        4
TIME STEP                  = 1.50e-01 SEC
ORDER USED TO SOLVE F=MA   =        6 
NO. OF TIME STEPS          =        3 
FREQUENCY OF DATA SAVING   =       -1 
FREQUENCY TO WRITE RST FILE=     3000 
SPHERICAL CUTOFF RADIUS    =   6.2128 ANGSTROM

NS = 12.9999899999999986
BOXL =  40.382890
CUTOFF =   6.212752
XS =   3.106379
ZERO = 1.55319
WCOS = 0.585882
WSIN = 0.756950
***** NEW RUN STARTING FROM REGULAR LATTICE *****
[HOOKS] Entering ROI
[SNIPER] Enabling performance models
[SNIPER] Setting instrumentation mode to DETAILED
[SNIPER] Disabling performance models
[SNIPER] Leaving ROI after 9912.13 seconds
[SNIPER] Simulated 7044.4M instructions, 1168.4M cycles, 6.03 IPC
[SNIPER] Simulation speed 712.1 KIPS (178.0 KIPS / target core - 5617.0ns/instr)
[SNIPER] Sampling: executed 95.64% of simulated time in detailed mode
[SNIPER] Setting instrumentation mode to FAST_FORWARD
CREATETIME = 248000
         3        1.56974      0.05533     10.52082                      -2.12029
           10.026        305.16885        -19.56999
[HOOKS] Leaving ROI
COMPUTESTART (after initialization) = 3766263369
COMPUTEEND = 748309172
COMPUTETIME (after initialization) = 1277013099
Measured Time (2nd timestep onward) = 1969336508
Intramolecular time only (2nd timestep onward) = 15055998
Intermolecular time only (2nd timestep onward) = 1953852510
Other time (2nd timestep onward) = 428000

Exited Happily with XTT = 10.0256 (note: XTT value is garbage if NPRINT > NSTEP)

 ***** [DRAM_CACHE_Result] *****

*** DRAM Total Access: 852864, miss: 798830, miss rate: 0.936644
*** DRAM Total Access In ROI: 549569, miss: 549121, miss rate: 0.999185
*** DRAM Remap Times: 0 invalid times, 0 total invalid_blocks, 0 migrate times, 0 total migrate blocks.
*** DRAM Statistics: 303323161 reads, 318899841 writes, 320363691 row hits, 31696445 ACT time, 31696445 PRE time, 19947862 RD time, 9879141 WR time.

 ***** [DRAM_CACHE_Result] *****

[RAMULATOR OUTPUT]

**Total Ticks: 202197680

**Ramulator Active Cycles: 1.68937e+07

**DRAM Cycles: 2.02198e+08

**Maximum Bandwidth: 0

Number of Incoming Requests: 2.43134e+06

**Serving Request**
Channel_0: serving reads(22558), serving writes(24461).
Channel_1: serving reads(23561), serving writes(23922).
Channel_2: serving reads(21835), serving writes(23560).
Channel_3: serving reads(21103), serving writes(22907).
Channel_4: serving reads(30186), serving writes(33841).
Channel_5: serving reads(31696), serving writes(36071).
Channel_6: serving reads(35690), serving writes(41953).
Channel_7: serving reads(36665), serving writes(43271).
Channel_8: serving reads(40283), serving writes(48175).
Channel_9: serving reads(39701), serving writes(47562).
Channel_10: serving reads(38867), serving writes(46236).
Channel_11: serving reads(37107), serving writes(45057).
Channel_12: serving reads(36841), serving writes(44082).
Channel_13: serving reads(35848), serving writes(43113).
Channel_14: serving reads(36978), serving writes(44660).
Channel_15: serving reads(38006), serving writes(46320).
Channel_16: serving reads(36509), serving writes(44193).
Channel_17: serving reads(36442), serving writes(43921).
Channel_18: serving reads(33097), serving writes(39273).
Channel_19: serving reads(32442), serving writes(37789).
Channel_20: serving reads(26503), serving writes(28584).
Channel_21: serving reads(26348), serving writes(25852).
Channel_22: serving reads(27555), serving writes(24016).
Channel_23: serving reads(25852), serving writes(22744).
Channel_24: serving reads(25820), serving writes(22815).
Channel_25: serving reads(24324), serving writes(21011).
Channel_26: serving reads(18487), serving writes(18442).
Channel_27: serving reads(16857), serving writes(17779).
Channel_28: serving reads(16782), serving writes(17770).
Channel_29: serving reads(16773), serving writes(17766).
Channel_30: serving reads(20116), serving writes(22301).
Channel_31: serving reads(22889), serving writes(26301).
[RAMULATOR OUTPUT]

----------[STAT_STORE_UNIT]-----------

Hot Access: 524196, Cool Access: 3440413

Hits on previous hot rows: 0

Hits on previous cool rows: 0

Total remap times: 0, Total Inter-Vault remaps: 0, Total number of intervals: 0


----------[STAT_STORE_UNIT]-----------

 ***** [REF/AC_Result] *****
/*BANK*/0->0: cool access (59), hot access (0), error acces (0).
/*BANK*/0->1: cool access (7848), hot access (0), error acces (0).
/*BANK*/0->2: cool access (5155), hot access (0), error acces (0).
/*BANK*/0->3: cool access (7869), hot access (0), error acces (0).
/*BANK*/0->4: cool access (3991), hot access (0), error acces (0).
/*BANK*/0->5: cool access (28722), hot access (0), error acces (0).
/*BANK*/0->6: cool access (4050), hot access (0), error acces (0).
/*BANK*/0->7: cool access (0), hot access (0), error acces (0).
/*BANK*/1->0: cool access (12), hot access (0), error acces (0).
/*BANK*/1->1: cool access (7811), hot access (0), error acces (0).
/*BANK*/1->2: cool access (12371), hot access (0), error acces (0).
/*BANK*/1->3: cool access (7970), hot access (0), error acces (0).
/*BANK*/1->4: cool access (3957), hot access (0), error acces (0).
/*BANK*/1->5: cool access (20461), hot access (0), error acces (0).
/*BANK*/1->6: cool access (4045), hot access (0), error acces (0).
/*BANK*/1->7: cool access (0), hot access (0), error acces (0).
/*BANK*/2->0: cool access (203), hot access (0), error acces (0).
/*BANK*/2->1: cool access (7855), hot access (0), error acces (0).
/*BANK*/2->2: cool access (13072), hot access (0), error acces (0).
/*BANK*/2->3: cool access (7873), hot access (0), error acces (0).
/*BANK*/2->4: cool access (3991), hot access (0), error acces (0).
/*BANK*/2->5: cool access (18711), hot access (0), error acces (0).
/*BANK*/2->6: cool access (3979), hot access (0), error acces (0).
/*BANK*/2->7: cool access (0), hot access (0), error acces (0).
/*BANK*/3->0: cool access (42), hot access (0), error acces (0).
/*BANK*/3->1: cool access (7805), hot access (0), error acces (0).
/*BANK*/3->2: cool access (13894), hot access (0), error acces (0).
/*BANK*/3->3: cool access (7811), hot access (0), error acces (0).
/*BANK*/3->4: cool access (6753), hot access (0), error acces (0).
/*BANK*/3->5: cool access (13525), hot access (0), error acces (0).
/*BANK*/3->6: cool access (3977), hot access (0), error acces (0).
/*BANK*/3->7: cool access (0), hot access (0), error acces (0).
/*BANK*/4->0: cool access (23167), hot access (0), error acces (0).
/*BANK*/4->1: cool access (7807), hot access (0), error acces (0).
/*BANK*/4->2: cool access (17138), hot access (0), error acces (0).
/*BANK*/4->3: cool access (7899), hot access (0), error acces (0).
/*BANK*/4->4: cool access (12742), hot access (0), error acces (0).
/*BANK*/4->5: cool access (14016), hot access (0), error acces (0).
/*BANK*/4->6: cool access (3967), hot access (0), error acces (0).
/*BANK*/4->7: cool access (0), hot access (0), error acces (0).
/*BANK*/5->0: cool access (28951), hot access (0), error acces (0).
/*BANK*/5->1: cool access (8030), hot access (0), error acces (0).
/*BANK*/5->2: cool access (18680), hot access (0), error acces (0).
/*BANK*/5->3: cool access (7805), hot access (0), error acces (0).
/*BANK*/5->4: cool access (13738), hot access (0), error acces (0).
/*BANK*/5->5: cool access (13927), hot access (0), error acces (0).
/*BANK*/5->6: cool access (4014), hot access (0), error acces (0).
/*BANK*/5->7: cool access (0), hot access (0), error acces (0).
/*BANK*/6->0: cool access (41546), hot access (0), error acces (0).
/*BANK*/6->1: cool access (4381), hot access (0), error acces (0).
/*BANK*/6->2: cool access (20707), hot access (0), error acces (0).
/*BANK*/6->3: cool access (7843), hot access (0), error acces (0).
/*BANK*/6->4: cool access (15332), hot access (0), error acces (0).
/*BANK*/6->5: cool access (11601), hot access (0), error acces (0).
/*BANK*/6->6: cool access (8744), hot access (0), error acces (0).
/*BANK*/6->7: cool access (0), hot access (0), error acces (0).
/*BANK*/7->0: cool access (40633), hot access (0), error acces (0).
/*BANK*/7->1: cool access (4008), hot access (0), error acces (0).
/*BANK*/7->2: cool access (23523), hot access (0), error acces (0).
/*BANK*/7->3: cool access (8024), hot access (0), error acces (0).
/*BANK*/7->4: cool access (17353), hot access (0), error acces (0).
/*BANK*/7->5: cool access (7861), hot access (0), error acces (0).
/*BANK*/7->6: cool access (14664), hot access (0), error acces (0).
/*BANK*/7->7: cool access (0), hot access (0), error acces (0).
/*BANK*/8->0: cool access (11398), hot access (41693), error acces (0).
/*BANK*/8->1: cool access (3953), hot access (0), error acces (0).
/*BANK*/8->2: cool access (22354), hot access (0), error acces (0).
/*BANK*/8->3: cool access (8185), hot access (0), error acces (0).
/*BANK*/8->4: cool access (18805), hot access (0), error acces (0).
/*BANK*/8->5: cool access (7909), hot access (0), error acces (0).
/*BANK*/8->6: cool access (18095), hot access (0), error acces (0).
/*BANK*/8->7: cool access (0), hot access (0), error acces (0).
/*BANK*/9->0: cool access (32894), hot access (17511), error acces (0).
/*BANK*/9->1: cool access (4006), hot access (0), error acces (0).
/*BANK*/9->2: cool access (24427), hot access (0), error acces (0).
/*BANK*/9->3: cool access (8469), hot access (0), error acces (0).
/*BANK*/9->4: cool access (21992), hot access (0), error acces (0).
/*BANK*/9->5: cool access (7918), hot access (0), error acces (0).
/*BANK*/9->6: cool access (14732), hot access (0), error acces (0).
/*BANK*/9->7: cool access (0), hot access (0), error acces (0).
/*BANK*/10->0: cool access (5603), hot access (35359), error acces (0).
/*BANK*/10->1: cool access (3969), hot access (0), error acces (0).
/*BANK*/10->2: cool access (24748), hot access (0), error acces (0).
/*BANK*/10->3: cool access (8342), hot access (0), error acces (0).
/*BANK*/10->4: cool access (22703), hot access (0), error acces (0).
/*BANK*/10->5: cool access (7851), hot access (0), error acces (0).
/*BANK*/10->6: cool access (21212), hot access (0), error acces (0).
/*BANK*/10->7: cool access (331), hot access (0), error acces (0).
/*BANK*/11->0: cool access (30557), hot access (0), error acces (0).
/*BANK*/11->1: cool access (3973), hot access (0), error acces (0).
/*BANK*/11->2: cool access (29218), hot access (0), error acces (0).
/*BANK*/11->3: cool access (8105), hot access (0), error acces (0).
/*BANK*/11->4: cool access (22311), hot access (0), error acces (0).
/*BANK*/11->5: cool access (7813), hot access (0), error acces (0).
/*BANK*/11->6: cool access (25375), hot access (0), error acces (0).
/*BANK*/11->7: cool access (0), hot access (0), error acces (0).
/*BANK*/12->0: cool access (3956), hot access (16018), error acces (16018).
/*BANK*/12->1: cool access (4427), hot access (209), error acces (0).
/*BANK*/12->2: cool access (3933), hot access (24241), error acces (0).
/*BANK*/12->3: cool access (7884), hot access (0), error acces (0).
/*BANK*/12->4: cool access (25664), hot access (0), error acces (0).
/*BANK*/12->5: cool access (7876), hot access (0), error acces (0).
/*BANK*/12->6: cool access (30241), hot access (0), error acces (0).
/*BANK*/12->7: cool access (0), hot access (0), error acces (0).
/*BANK*/13->0: cool access (3935), hot access (16378), error acces (0).
/*BANK*/13->1: cool access (3947), hot access (0), error acces (0).
/*BANK*/13->2: cool access (4827), hot access (21395), error acces (0).
/*BANK*/13->3: cool access (7815), hot access (0), error acces (0).
/*BANK*/13->4: cool access (29146), hot access (0), error acces (0).
/*BANK*/13->5: cool access (7807), hot access (0), error acces (0).
/*BANK*/13->6: cool access (26211), hot access (0), error acces (0).
/*BANK*/13->7: cool access (80), hot access (0), error acces (0).
/*BANK*/14->0: cool access (3976), hot access (22948), error acces (22948).
/*BANK*/14->1: cool access (4022), hot access (0), error acces (0).
/*BANK*/14->2: cool access (3964), hot access (20780), error acces (0).
/*BANK*/14->3: cool access (7917), hot access (0), error acces (0).
/*BANK*/14->4: cool access (29663), hot access (0), error acces (0).
/*BANK*/14->5: cool access (7918), hot access (0), error acces (0).
/*BANK*/14->6: cool access (25827), hot access (0), error acces (0).
/*BANK*/14->7: cool access (0), hot access (0), error acces (0).
/*BANK*/15->0: cool access (3955), hot access (21728), error acces (0).
/*BANK*/15->1: cool access (3997), hot access (0), error acces (0).
/*BANK*/15->2: cool access (22151), hot access (0), error acces (0).
/*BANK*/15->3: cool access (7877), hot access (0), error acces (0).
/*BANK*/15->4: cool access (29621), hot access (0), error acces (0).
/*BANK*/15->5: cool access (7851), hot access (0), error acces (0).
/*BANK*/15->6: cool access (35977), hot access (0), error acces (0).
/*BANK*/15->7: cool access (0), hot access (0), error acces (0).
/*BANK*/16->0: cool access (3967), hot access (10336), error acces (10336).
/*BANK*/16->1: cool access (3989), hot access (0), error acces (0).
/*BANK*/16->2: cool access (3948), hot access (16381), error acces (0).
/*BANK*/16->3: cool access (7813), hot access (0), error acces (0).
/*BANK*/16->4: cool access (39503), hot access (0), error acces (0).
/*BANK*/16->5: cool access (7929), hot access (0), error acces (0).
/*BANK*/16->6: cool access (33365), hot access (0), error acces (0).
/*BANK*/16->7: cool access (0), hot access (0), error acces (0).
/*BANK*/17->0: cool access (3903), hot access (9530), error acces (0).
/*BANK*/17->1: cool access (3956), hot access (0), error acces (0).
/*BANK*/17->2: cool access (19853), hot access (0), error acces (0).
/*BANK*/17->3: cool access (7928), hot access (0), error acces (0).
/*BANK*/17->4: cool access (30730), hot access (0), error acces (0).
/*BANK*/17->5: cool access (7847), hot access (0), error acces (0).
/*BANK*/17->6: cool access (42519), hot access (0), error acces (0).
/*BANK*/17->7: cool access (0), hot access (0), error acces (0).
/*BANK*/18->0: cool access (3960), hot access (12218), error acces (0).
/*BANK*/18->1: cool access (3923), hot access (0), error acces (0).
/*BANK*/18->2: cool access (3927), hot access (15323), error acces (0).
/*BANK*/18->3: cool access (7801), hot access (0), error acces (0).
/*BANK*/18->4: cool access (22856), hot access (0), error acces (0).
/*BANK*/18->5: cool access (7882), hot access (0), error acces (0).
/*BANK*/18->6: cool access (32043), hot access (0), error acces (0).
/*BANK*/18->7: cool access (0), hot access (0), error acces (0).
/*BANK*/19->0: cool access (3921), hot access (7390), error acces (0).
/*BANK*/19->1: cool access (4155), hot access (0), error acces (0).
/*BANK*/19->2: cool access (14613), hot access (0), error acces (0).
/*BANK*/19->3: cool access (7888), hot access (0), error acces (0).
/*BANK*/19->4: cool access (26484), hot access (0), error acces (0).
/*BANK*/19->5: cool access (7845), hot access (0), error acces (0).
/*BANK*/19->6: cool access (32891), hot access (0), error acces (0).
/*BANK*/19->7: cool access (0), hot access (0), error acces (0).
/*BANK*/20->0: cool access (3998), hot access (3854), error acces (3854).
/*BANK*/20->1: cool access (4420), hot access (0), error acces (0).
/*BANK*/20->2: cool access (3948), hot access (10393), error acces (0).
/*BANK*/20->3: cool access (7805), hot access (0), error acces (0).
/*BANK*/20->4: cool access (32415), hot access (0), error acces (0).
/*BANK*/20->5: cool access (7902), hot access (0), error acces (0).
/*BANK*/20->6: cool access (1602), hot access (0), error acces (0).
/*BANK*/20->7: cool access (0), hot access (0), error acces (0).
/*BANK*/21->0: cool access (3969), hot access (3828), error acces (0).
/*BANK*/21->1: cool access (3977), hot access (0), error acces (0).
/*BANK*/21->2: cool access (13347), hot access (0), error acces (0).
/*BANK*/21->3: cool access (7857), hot access (0), error acces (0).
/*BANK*/21->4: cool access (21002), hot access (0), error acces (0).
/*BANK*/21->5: cool access (7857), hot access (0), error acces (0).
/*BANK*/21->6: cool access (2767), hot access (0), error acces (0).
/*BANK*/21->7: cool access (0), hot access (0), error acces (0).
/*BANK*/22->0: cool access (3935), hot access (3838), error acces (0).
/*BANK*/22->1: cool access (3923), hot access (0), error acces (0).
/*BANK*/22->2: cool access (4034), hot access (6210), error acces (0).
/*BANK*/22->3: cool access (5024), hot access (0), error acces (0).
/*BANK*/22->4: cool access (14043), hot access (0), error acces (0).
/*BANK*/22->5: cool access (7906), hot access (0), error acces (0).
/*BANK*/22->6: cool access (5163), hot access (0), error acces (0).
/*BANK*/22->7: cool access (0), hot access (0), error acces (0).
/*BANK*/23->0: cool access (3921), hot access (3842), error acces (0).
/*BANK*/23->1: cool access (3979), hot access (0), error acces (0).
/*BANK*/23->2: cool access (7855), hot access (0), error acces (0).
/*BANK*/23->3: cool access (4057), hot access (0), error acces (0).
/*BANK*/23->4: cool access (13492), hot access (0), error acces (0).
/*BANK*/23->5: cool access (7849), hot access (0), error acces (0).
/*BANK*/23->6: cool access (4649), hot access (0), error acces (0).
/*BANK*/23->7: cool access (0), hot access (0), error acces (0).
/*BANK*/24->0: cool access (3930), hot access (3878), error acces (3878).
/*BANK*/24->1: cool access (3895), hot access (0), error acces (0).
/*BANK*/24->2: cool access (3955), hot access (3886), error acces (0).
/*BANK*/24->3: cool access (3965), hot access (0), error acces (0).
/*BANK*/24->4: cool access (13723), hot access (0), error acces (0).
/*BANK*/24->5: cool access (7851), hot access (0), error acces (0).
/*BANK*/24->6: cool access (4771), hot access (0), error acces (0).
/*BANK*/24->7: cool access (0), hot access (0), error acces (0).
/*BANK*/25->0: cool access (3967), hot access (3848), error acces (0).
/*BANK*/25->1: cool access (4008), hot access (0), error acces (0).
/*BANK*/25->2: cool access (3992), hot access (3872), error acces (0).
/*BANK*/25->3: cool access (3943), hot access (0), error acces (0).
/*BANK*/25->4: cool access (9321), hot access (0), error acces (0).
/*BANK*/25->5: cool access (4381), hot access (0), error acces (0).
/*BANK*/25->6: cool access (5039), hot access (0), error acces (0).
/*BANK*/25->7: cool access (0), hot access (0), error acces (0).
/*BANK*/26->0: cool access (0), hot access (7909), error acces (3872).
/*BANK*/26->1: cool access (4023), hot access (0), error acces (0).
/*BANK*/26->2: cool access (3993), hot access (3862), error acces (0).
/*BANK*/26->3: cool access (3958), hot access (59), error acces (0).
/*BANK*/26->4: cool access (7817), hot access (0), error acces (0).
/*BANK*/26->5: cool access (3975), hot access (0), error acces (0).
/*BANK*/26->6: cool access (1321), hot access (0), error acces (0).
/*BANK*/26->7: cool access (0), hot access (0), error acces (0).
/*BANK*/27->0: cool access (3943), hot access (3846), error acces (0).
/*BANK*/27->1: cool access (3996), hot access (0), error acces (0).
/*BANK*/27->2: cool access (7967), hot access (0), error acces (0).
/*BANK*/27->3: cool access (4003), hot access (0), error acces (0).
/*BANK*/27->4: cool access (7882), hot access (0), error acces (0).
/*BANK*/27->5: cool access (3961), hot access (0), error acces (0).
/*BANK*/27->6: cool access (0), hot access (0), error acces (0).
/*BANK*/27->7: cool access (0), hot access (0), error acces (0).
/*BANK*/28->0: cool access (3962), hot access (3886), error acces (3886).
/*BANK*/28->1: cool access (3923), hot access (0), error acces (0).
/*BANK*/28->2: cool access (3923), hot access (3858), error acces (0).
/*BANK*/28->3: cool access (4002), hot access (0), error acces (0).
/*BANK*/28->4: cool access (7903), hot access (0), error acces (0).
/*BANK*/28->5: cool access (4022), hot access (0), error acces (0).
/*BANK*/28->6: cool access (0), hot access (0), error acces (0).
/*BANK*/28->7: cool access (0), hot access (0), error acces (0).
/*BANK*/29->0: cool access (3953), hot access (3862), error acces (0).
/*BANK*/29->1: cool access (3966), hot access (0), error acces (0).
/*BANK*/29->2: cool access (7902), hot access (0), error acces (0).
/*BANK*/29->3: cool access (3961), hot access (0), error acces (0).
/*BANK*/29->4: cool access (7897), hot access (0), error acces (0).
/*BANK*/29->5: cool access (4021), hot access (0), error acces (0).
/*BANK*/29->6: cool access (0), hot access (0), error acces (0).
/*BANK*/29->7: cool access (0), hot access (0), error acces (0).
/*BANK*/30->0: cool access (4012), hot access (3886), error acces (0).
/*BANK*/30->1: cool access (3955), hot access (0), error acces (0).
/*BANK*/30->2: cool access (7819), hot access (0), error acces (0).
/*BANK*/30->3: cool access (3960), hot access (0), error acces (0).
/*BANK*/30->4: cool access (23708), hot access (0), error acces (0).
/*BANK*/30->5: cool access (4012), hot access (0), error acces (0).
/*BANK*/30->6: cool access (0), hot access (0), error acces (0).
/*BANK*/30->7: cool access (0), hot access (0), error acces (0).
/*BANK*/31->0: cool access (7781), hot access (0), error acces (0).
/*BANK*/31->1: cool access (3965), hot access (0), error acces (0).
/*BANK*/31->2: cool access (7910), hot access (0), error acces (0).
/*BANK*/31->3: cool access (4009), hot access (0), error acces (0).
/*BANK*/31->4: cool access (38212), hot access (0), error acces (0).
/*BANK*/31->5: cool access (3973), hot access (0), error acces (0).
/*BANK*/31->6: cool access (0), hot access (0), error acces (0).
/*BANK*/31->7: cool access (0), hot access (0), error acces (0).
{Summary}: 388055 Hot Accesses, 2338092 Cool Accesses.

 ***** [REF/AC_Result] *****
                     Power     Energy    Energy %
  core-core        18.90 W     8.02  J     30.30%
  core-ifetch       3.94 W     1.67  J      6.31%
  core-alu          1.41 W     0.60  J      2.25%
  core-int          2.92 W     1.24  J      4.68%
  core-fp           4.22 W     1.79  J      6.76%
  core-mem          4.82 W     2.04  J      7.72%
  core-other        3.79 W     1.61  J      6.08%
  icache            2.56 W     1.08  J      4.10%
  dcache           10.33 W     4.38  J     16.56%
  l2                1.69 W     0.72  J      2.71%
  l3                3.38 W     1.43  J      5.42%
  dram              4.38 W     1.86  J      7.02%
  other             0.03 W     0.01  J      0.05%

  core             39.99 W    16.97  J     64.12%
  cache            17.96 W     7.62  J     28.80%
  total            62.37 W    26.46  J    100.00%
Warning: Unable to run gnuplot to create cpi stack graphs.  Maybe gnuplot is not installed?
[SNIPER] End
[SNIPER] Elapsed time: 10009.53 seconds
[SNIPER] Running McPAT
[SPLASH] [----------    End of output    ----------]
[SPLASH] Done.
/scratch/miz087/results/baseline_roi_splash2_water.nsq_large
