[Benchmarks] set sniper output to rundi /scratch/miz087/results/cross_mix_25us_5_splash2_volrend_large
/scratch/miz087/results/cross_mix_25us_5_splash2_volrend_large
[SPLASH] Benchmarks to run: volrend

[SPLASH] [========== Running benchmark volrend ==========]
[SPLASH] Setting up run directory: /scratch/miz087/results/cross_mix_25us_5_splash2_volrend_large
[SPLASH] Extracting output: tar xzv -C /scratch/miz087/results/cross_mix_25us_5_splash2_volrend_large -f /home_masters/miz087/workplace/micro_exp/benchmarks/splash2/splash2/codes/apps/volrend/inputs/head.tgz
head.norm
head.opc
head.pyr
[SPLASH] Running 'SNIPER_APP_LD_PRELOAD=$LD_PRELOAD; unset LD_PRELOAD; /home_masters/miz087/workplace/micro_exp/run-sniper -n 4 -m 'localhost' -d '/scratch/miz087/results/cross_mix_25us_5_splash2_volrend_large' -sthermalstats --power -c gainestown_cache --roi --curdir=/home_masters/miz087/workplace/micro_exp/benchmarks  --  /home_masters/miz087/workplace/micro_exp/benchmarks/splash2/splash2/codes/apps/volrend/VOLREND 4 head':
[SPLASH] [---------- Beginning of output ----------]
[SNIPER] Start
----------BEGIN_INIT_STATS_MANAGER------------
----------END_INIT_STATS_MANAGER------------
Normal Cache Total set: 524288
now initialize a stacked dram unison cache
Executing Python script /scratch/miz087/results/cross_mix_25us_5_splash2_volrend_large/sim.scripts.py
[SNIPER] --------------------------------------------------------------------------------
[SNIPER] Sniper using Pin frontend
[SNIPER] Running pre-ROI region in  CACHE_ONLY mode
[SNIPER] Running application ROI in DETAILED mode
[SNIPER] Running post-ROI region in FAST_FORWARD mode
[SNIPER] --------------------------------------------------------------------------------
Rendering only:  Starting from .norm, .opc and .pyr files
Gouraud shading from lookup tables used
	4 processes
	4x4 image block size
	doing nonadaptive rendering
	using precomputed normals and opacities in separate array
	using opacity octree
	starting angle at (90.0, -36.0, 0.0) with rotation step of 3
rotating 4 steps in the Y direction

*****Entering init_decomposition with num_nodes = 4
*****Exited init_decomposition with num_nodes = 4
    Allocating normal map of 14322552 bytes...
    Loading normal map from .norm file...
    Read failed on file 0
wall clock execution time to compute normal:  25907 ms
    Allocating opacity map of 7161276 bytes...
    Loading opacity map from .opc file...
wall clock execution time to compute opacity:  49391 ms
    Allocating shade lookup table of 7938 bytes...
    Allocating image of 140625 bytes...
    Allocating image of 16 bytes...

 ***** [DRAM_CACHE_Result] *****

*** DRAM Total Access: 551420, miss: 43477, miss rate: 0.0788455
*** DRAM Total Access In ROI: 1, miss: 0, miss rate: 0
*** DRAM Remap Times: 0 invalid times, 0 total invalid_blocks, 0 migrate times, 0 total migrate blocks.
*** DRAM Statistics: 1398656 reads, 471106 writes, 1692324 row hits, 46029 ACT time, 46029 PRE time, 35926 RD time, 10103 WR time.

 ***** [DRAM_CACHE_Result] *****

[RAMULATOR OUTPUT]

**Total Ticks: 11415697

**Ramulator Active Cycles: 4.98941e+06

**DRAM Cycles: 1.14157e+07

**Maximum Bandwidth: 0

Number of Incoming Requests: 1.12993e+06

**Serving Request**
Channel_0: serving reads(23209), serving writes(8046).
Channel_1: serving reads(24453), serving writes(7549).
Channel_2: serving reads(23358), serving writes(7784).
Channel_3: serving reads(21474), serving writes(7371).
Channel_4: serving reads(22297), serving writes(7969).
Channel_5: serving reads(23647), serving writes(8249).
Channel_6: serving reads(23073), serving writes(8095).
Channel_7: serving reads(21965), serving writes(7694).
Channel_8: serving reads(22333), serving writes(7703).
Channel_9: serving reads(23048), serving writes(7287).
Channel_10: serving reads(22873), serving writes(7487).
Channel_11: serving reads(20661), serving writes(7196).
Channel_12: serving reads(20685), serving writes(7131).
Channel_13: serving reads(21553), serving writes(7194).
Channel_14: serving reads(22442), serving writes(7555).
Channel_15: serving reads(21000), serving writes(7341).
Channel_16: serving reads(20808), serving writes(7135).
Channel_17: serving reads(21656), serving writes(7267).
Channel_18: serving reads(22333), serving writes(7646).
Channel_19: serving reads(21437), serving writes(7428).
Channel_20: serving reads(21364), serving writes(7140).
Channel_21: serving reads(21902), serving writes(7210).
Channel_22: serving reads(21670), serving writes(7172).
Channel_23: serving reads(20423), serving writes(6695).
Channel_24: serving reads(20626), serving writes(6593).
Channel_25: serving reads(21450), serving writes(6781).
Channel_26: serving reads(21424), serving writes(6896).
Channel_27: serving reads(20650), serving writes(7113).
Channel_28: serving reads(20963), serving writes(7049).
Channel_29: serving reads(21549), serving writes(7196).
Channel_30: serving reads(22131), serving writes(7396).
Channel_31: serving reads(20871), serving writes(7185).
[RAMULATOR OUTPUT]

----------[STAT_STORE_UNIT]-----------

Hot Access: 0, Cool Access: 1140165

Hits on previous hot rows: 0

Hits on previous cool rows: 0

Total remap times: 0, Total Inter-Vault remaps: 0, Total number of intervals: 0


----------[STAT_STORE_UNIT]-----------

 ***** [REF/AC_Result] *****
/*BANK*/0->0: cool access (9285), hot access (0), error acces (0).
/*BANK*/0->1: cool access (7143), hot access (0), error acces (0).
/*BANK*/0->2: cool access (3974), hot access (0), error acces (0).
/*BANK*/0->3: cool access (4154), hot access (0), error acces (0).
/*BANK*/0->4: cool access (4148), hot access (0), error acces (0).
/*BANK*/0->5: cool access (3024), hot access (0), error acces (0).
/*BANK*/0->6: cool access (3001), hot access (0), error acces (0).
/*BANK*/0->7: cool access (4228), hot access (0), error acces (0).
/*BANK*/1->0: cool access (9466), hot access (0), error acces (0).
/*BANK*/1->1: cool access (7529), hot access (0), error acces (0).
/*BANK*/1->2: cool access (3911), hot access (0), error acces (0).
/*BANK*/1->3: cool access (3943), hot access (0), error acces (0).
/*BANK*/1->4: cool access (3800), hot access (0), error acces (0).
/*BANK*/1->5: cool access (3277), hot access (0), error acces (0).
/*BANK*/1->6: cool access (3288), hot access (0), error acces (0).
/*BANK*/1->7: cool access (3246), hot access (0), error acces (0).
/*BANK*/2->0: cool access (5672), hot access (0), error acces (0).
/*BANK*/2->1: cool access (7712), hot access (0), error acces (0).
/*BANK*/2->2: cool access (4087), hot access (0), error acces (0).
/*BANK*/2->3: cool access (4192), hot access (0), error acces (0).
/*BANK*/2->4: cool access (4202), hot access (0), error acces (0).
/*BANK*/2->5: cool access (3383), hot access (0), error acces (0).
/*BANK*/2->6: cool access (3287), hot access (0), error acces (0).
/*BANK*/2->7: cool access (3293), hot access (0), error acces (0).
/*BANK*/3->0: cool access (3916), hot access (0), error acces (0).
/*BANK*/3->1: cool access (5947), hot access (0), error acces (0).
/*BANK*/3->2: cool access (3971), hot access (0), error acces (0).
/*BANK*/3->3: cool access (3990), hot access (0), error acces (0).
/*BANK*/3->4: cool access (3932), hot access (0), error acces (0).
/*BANK*/3->5: cool access (3231), hot access (0), error acces (0).
/*BANK*/3->6: cool access (3215), hot access (0), error acces (0).
/*BANK*/3->7: cool access (3141), hot access (0), error acces (0).
/*BANK*/4->0: cool access (6048), hot access (0), error acces (0).
/*BANK*/4->1: cool access (6188), hot access (0), error acces (0).
/*BANK*/4->2: cool access (3464), hot access (0), error acces (0).
/*BANK*/4->3: cool access (4087), hot access (0), error acces (0).
/*BANK*/4->4: cool access (3936), hot access (0), error acces (0).
/*BANK*/4->5: cool access (3002), hot access (0), error acces (0).
/*BANK*/4->6: cool access (3127), hot access (0), error acces (0).
/*BANK*/4->7: cool access (3070), hot access (0), error acces (0).
/*BANK*/5->0: cool access (6320), hot access (0), error acces (0).
/*BANK*/5->1: cool access (6152), hot access (0), error acces (0).
/*BANK*/5->2: cool access (3854), hot access (0), error acces (0).
/*BANK*/5->3: cool access (3925), hot access (0), error acces (0).
/*BANK*/5->4: cool access (4243), hot access (0), error acces (0).
/*BANK*/5->5: cool access (3294), hot access (0), error acces (0).
/*BANK*/5->6: cool access (3261), hot access (0), error acces (0).
/*BANK*/5->7: cool access (3369), hot access (0), error acces (0).
/*BANK*/6->0: cool access (6449), hot access (0), error acces (0).
/*BANK*/6->1: cool access (5296), hot access (0), error acces (0).
/*BANK*/6->2: cool access (4066), hot access (0), error acces (0).
/*BANK*/6->3: cool access (4097), hot access (0), error acces (0).
/*BANK*/6->4: cool access (3982), hot access (0), error acces (0).
/*BANK*/6->5: cool access (3326), hot access (0), error acces (0).
/*BANK*/6->6: cool access (3273), hot access (0), error acces (0).
/*BANK*/6->7: cool access (3255), hot access (0), error acces (0).
/*BANK*/7->0: cool access (5947), hot access (0), error acces (0).
/*BANK*/7->1: cool access (5041), hot access (0), error acces (0).
/*BANK*/7->2: cool access (3730), hot access (0), error acces (0).
/*BANK*/7->3: cool access (3908), hot access (0), error acces (0).
/*BANK*/7->4: cool access (3809), hot access (0), error acces (0).
/*BANK*/7->5: cool access (3325), hot access (0), error acces (0).
/*BANK*/7->6: cool access (3185), hot access (0), error acces (0).
/*BANK*/7->7: cool access (3106), hot access (0), error acces (0).
/*BANK*/8->0: cool access (5958), hot access (0), error acces (0).
/*BANK*/8->1: cool access (5085), hot access (0), error acces (0).
/*BANK*/8->2: cool access (4170), hot access (0), error acces (0).
/*BANK*/8->3: cool access (4283), hot access (0), error acces (0).
/*BANK*/8->4: cool access (5810), hot access (0), error acces (0).
/*BANK*/8->5: cool access (4253), hot access (0), error acces (0).
/*BANK*/8->6: cool access (3193), hot access (0), error acces (0).
/*BANK*/8->7: cool access (3064), hot access (0), error acces (0).
/*BANK*/9->0: cool access (6240), hot access (0), error acces (0).
/*BANK*/9->1: cool access (5066), hot access (0), error acces (0).
/*BANK*/9->2: cool access (4029), hot access (0), error acces (0).
/*BANK*/9->3: cool access (4101), hot access (0), error acces (0).
/*BANK*/9->4: cool access (5066), hot access (0), error acces (0).
/*BANK*/9->5: cool access (4702), hot access (0), error acces (0).
/*BANK*/9->6: cool access (4720), hot access (0), error acces (0).
/*BANK*/9->7: cool access (3459), hot access (0), error acces (0).
/*BANK*/10->0: cool access (6626), hot access (0), error acces (0).
/*BANK*/10->1: cool access (5183), hot access (0), error acces (0).
/*BANK*/10->2: cool access (4057), hot access (0), error acces (0).
/*BANK*/10->3: cool access (4082), hot access (0), error acces (0).
/*BANK*/10->4: cool access (4689), hot access (0), error acces (0).
/*BANK*/10->5: cool access (4621), hot access (0), error acces (0).
/*BANK*/10->6: cool access (4750), hot access (0), error acces (0).
/*BANK*/10->7: cool access (4726), hot access (0), error acces (0).
/*BANK*/11->0: cool access (7164), hot access (0), error acces (0).
/*BANK*/11->1: cool access (4250), hot access (0), error acces (0).
/*BANK*/11->2: cool access (3744), hot access (0), error acces (0).
/*BANK*/11->3: cool access (3769), hot access (0), error acces (0).
/*BANK*/11->4: cool access (4362), hot access (0), error acces (0).
/*BANK*/11->5: cool access (4373), hot access (0), error acces (0).
/*BANK*/11->6: cool access (4305), hot access (0), error acces (0).
/*BANK*/11->7: cool access (4388), hot access (0), error acces (0).
/*BANK*/12->0: cool access (7272), hot access (0), error acces (0).
/*BANK*/12->1: cool access (3924), hot access (0), error acces (0).
/*BANK*/12->2: cool access (4046), hot access (0), error acces (0).
/*BANK*/12->3: cool access (4230), hot access (0), error acces (0).
/*BANK*/12->4: cool access (4248), hot access (0), error acces (0).
/*BANK*/12->5: cool access (4244), hot access (0), error acces (0).
/*BANK*/12->6: cool access (4249), hot access (0), error acces (0).
/*BANK*/12->7: cool access (4175), hot access (0), error acces (0).
/*BANK*/13->0: cool access (7574), hot access (0), error acces (0).
/*BANK*/13->1: cool access (3878), hot access (0), error acces (0).
/*BANK*/13->2: cool access (3981), hot access (0), error acces (0).
/*BANK*/13->3: cool access (3981), hot access (0), error acces (0).
/*BANK*/13->4: cool access (4625), hot access (0), error acces (0).
/*BANK*/13->5: cool access (4612), hot access (0), error acces (0).
/*BANK*/13->6: cool access (4736), hot access (0), error acces (0).
/*BANK*/13->7: cool access (4720), hot access (0), error acces (0).
/*BANK*/14->0: cool access (7859), hot access (0), error acces (0).
/*BANK*/14->1: cool access (4465), hot access (0), error acces (0).
/*BANK*/14->2: cool access (4206), hot access (0), error acces (0).
/*BANK*/14->3: cool access (4243), hot access (0), error acces (0).
/*BANK*/14->4: cool access (3828), hot access (0), error acces (0).
/*BANK*/14->5: cool access (4618), hot access (0), error acces (0).
/*BANK*/14->6: cool access (4634), hot access (0), error acces (0).
/*BANK*/14->7: cool access (4744), hot access (0), error acces (0).
/*BANK*/15->0: cool access (7280), hot access (0), error acces (0).
/*BANK*/15->1: cool access (4406), hot access (0), error acces (0).
/*BANK*/15->2: cool access (3815), hot access (0), error acces (0).
/*BANK*/15->3: cool access (3743), hot access (0), error acces (0).
/*BANK*/15->4: cool access (3160), hot access (0), error acces (0).
/*BANK*/15->5: cool access (3682), hot access (0), error acces (0).
/*BANK*/15->6: cool access (4308), hot access (0), error acces (0).
/*BANK*/15->7: cool access (4247), hot access (0), error acces (0).
/*BANK*/16->0: cool access (7331), hot access (0), error acces (0).
/*BANK*/16->1: cool access (3970), hot access (0), error acces (0).
/*BANK*/16->2: cool access (4001), hot access (0), error acces (0).
/*BANK*/16->3: cool access (4073), hot access (0), error acces (0).
/*BANK*/16->4: cool access (3018), hot access (0), error acces (0).
/*BANK*/16->5: cool access (3005), hot access (0), error acces (0).
/*BANK*/16->6: cool access (3538), hot access (0), error acces (0).
/*BANK*/16->7: cool access (4127), hot access (0), error acces (0).
/*BANK*/17->0: cool access (7427), hot access (0), error acces (0).
/*BANK*/17->1: cool access (3999), hot access (0), error acces (0).
/*BANK*/17->2: cool access (3976), hot access (0), error acces (0).
/*BANK*/17->3: cool access (4014), hot access (0), error acces (0).
/*BANK*/17->4: cool access (3345), hot access (0), error acces (0).
/*BANK*/17->5: cool access (3275), hot access (0), error acces (0).
/*BANK*/17->6: cool access (3269), hot access (0), error acces (0).
/*BANK*/17->7: cool access (4058), hot access (0), error acces (0).
/*BANK*/18->0: cool access (7022), hot access (0), error acces (0).
/*BANK*/18->1: cool access (4521), hot access (0), error acces (0).
/*BANK*/18->2: cool access (4091), hot access (0), error acces (0).
/*BANK*/18->3: cool access (4257), hot access (0), error acces (0).
/*BANK*/18->4: cool access (3380), hot access (0), error acces (0).
/*BANK*/18->5: cool access (3348), hot access (0), error acces (0).
/*BANK*/18->6: cool access (3282), hot access (0), error acces (0).
/*BANK*/18->7: cool access (3280), hot access (0), error acces (0).
/*BANK*/19->0: cool access (6003), hot access (0), error acces (0).
/*BANK*/19->1: cool access (4469), hot access (0), error acces (0).
/*BANK*/19->2: cool access (3911), hot access (0), error acces (0).
/*BANK*/19->3: cool access (3932), hot access (0), error acces (0).
/*BANK*/19->4: cool access (3141), hot access (0), error acces (0).
/*BANK*/19->5: cool access (3231), hot access (0), error acces (0).
/*BANK*/19->6: cool access (3205), hot access (0), error acces (0).
/*BANK*/19->7: cool access (3127), hot access (0), error acces (0).
/*BANK*/20->0: cool access (6123), hot access (0), error acces (0).
/*BANK*/20->1: cool access (4129), hot access (0), error acces (0).
/*BANK*/20->2: cool access (4077), hot access (0), error acces (0).
/*BANK*/20->3: cool access (4217), hot access (0), error acces (0).
/*BANK*/20->4: cool access (2989), hot access (0), error acces (0).
/*BANK*/20->5: cool access (3039), hot access (0), error acces (0).
/*BANK*/20->6: cool access (3084), hot access (0), error acces (0).
/*BANK*/20->7: cool access (3042), hot access (0), error acces (0).
/*BANK*/21->0: cool access (6295), hot access (0), error acces (0).
/*BANK*/21->1: cool access (3972), hot access (0), error acces (0).
/*BANK*/21->2: cool access (3894), hot access (0), error acces (0).
/*BANK*/21->3: cool access (4107), hot access (0), error acces (0).
/*BANK*/21->4: cool access (3286), hot access (0), error acces (0).
/*BANK*/21->5: cool access (3266), hot access (0), error acces (0).
/*BANK*/21->6: cool access (3274), hot access (0), error acces (0).
/*BANK*/21->7: cool access (3362), hot access (0), error acces (0).
/*BANK*/22->0: cool access (5740), hot access (0), error acces (0).
/*BANK*/22->1: cool access (4248), hot access (0), error acces (0).
/*BANK*/22->2: cool access (4020), hot access (0), error acces (0).
/*BANK*/22->3: cool access (4551), hot access (0), error acces (0).
/*BANK*/22->4: cool access (3222), hot access (0), error acces (0).
/*BANK*/22->5: cool access (3292), hot access (0), error acces (0).
/*BANK*/22->6: cool access (3248), hot access (0), error acces (0).
/*BANK*/22->7: cool access (3281), hot access (0), error acces (0).
/*BANK*/23->0: cool access (5019), hot access (0), error acces (0).
/*BANK*/23->1: cool access (3917), hot access (0), error acces (0).
/*BANK*/23->2: cool access (3803), hot access (0), error acces (0).
/*BANK*/23->3: cool access (3901), hot access (0), error acces (0).
/*BANK*/23->4: cool access (4240), hot access (0), error acces (0).
/*BANK*/23->5: cool access (3079), hot access (0), error acces (0).
/*BANK*/23->6: cool access (3150), hot access (0), error acces (0).
/*BANK*/23->7: cool access (3103), hot access (0), error acces (0).
/*BANK*/24->0: cool access (5048), hot access (0), error acces (0).
/*BANK*/24->1: cool access (4014), hot access (0), error acces (0).
/*BANK*/24->2: cool access (4219), hot access (0), error acces (0).
/*BANK*/24->3: cool access (4084), hot access (0), error acces (0).
/*BANK*/24->4: cool access (4292), hot access (0), error acces (0).
/*BANK*/24->5: cool access (4018), hot access (0), error acces (0).
/*BANK*/24->6: cool access (2957), hot access (0), error acces (0).
/*BANK*/24->7: cool access (3019), hot access (0), error acces (0).
/*BANK*/25->0: cool access (5244), hot access (0), error acces (0).
/*BANK*/25->1: cool access (4041), hot access (0), error acces (0).
/*BANK*/25->2: cool access (3976), hot access (0), error acces (0).
/*BANK*/25->3: cool access (4146), hot access (0), error acces (0).
/*BANK*/25->4: cool access (4705), hot access (0), error acces (0).
/*BANK*/25->5: cool access (4704), hot access (0), error acces (0).
/*BANK*/25->6: cool access (4319), hot access (0), error acces (0).
/*BANK*/25->7: cool access (3324), hot access (0), error acces (0).
/*BANK*/26->0: cool access (5462), hot access (0), error acces (0).
/*BANK*/26->1: cool access (4062), hot access (0), error acces (0).
/*BANK*/26->2: cool access (4049), hot access (0), error acces (0).
/*BANK*/26->3: cool access (4049), hot access (0), error acces (0).
/*BANK*/26->4: cool access (4656), hot access (0), error acces (0).
/*BANK*/26->5: cool access (4715), hot access (0), error acces (0).
/*BANK*/26->6: cool access (4717), hot access (0), error acces (0).
/*BANK*/26->7: cool access (4312), hot access (0), error acces (0).
/*BANK*/27->0: cool access (6577), hot access (0), error acces (0).
/*BANK*/27->1: cool access (3937), hot access (0), error acces (0).
/*BANK*/27->2: cool access (3809), hot access (0), error acces (0).
/*BANK*/27->3: cool access (4113), hot access (0), error acces (0).
/*BANK*/27->4: cool access (4331), hot access (0), error acces (0).
/*BANK*/27->5: cool access (4330), hot access (0), error acces (0).
/*BANK*/27->6: cool access (4412), hot access (0), error acces (0).
/*BANK*/27->7: cool access (4400), hot access (0), error acces (0).
/*BANK*/28->0: cool access (7255), hot access (0), error acces (0).
/*BANK*/28->1: cool access (4004), hot access (0), error acces (0).
/*BANK*/28->2: cool access (4108), hot access (0), error acces (0).
/*BANK*/28->3: cool access (4225), hot access (0), error acces (0).
/*BANK*/28->4: cool access (4154), hot access (0), error acces (0).
/*BANK*/28->5: cool access (4219), hot access (0), error acces (0).
/*BANK*/28->6: cool access (4247), hot access (0), error acces (0).
/*BANK*/28->7: cool access (4306), hot access (0), error acces (0).
/*BANK*/29->0: cool access (7550), hot access (0), error acces (0).
/*BANK*/29->1: cool access (3923), hot access (0), error acces (0).
/*BANK*/29->2: cool access (4020), hot access (0), error acces (0).
/*BANK*/29->3: cool access (4029), hot access (0), error acces (0).
/*BANK*/29->4: cool access (4627), hot access (0), error acces (0).
/*BANK*/29->5: cool access (4603), hot access (0), error acces (0).
/*BANK*/29->6: cool access (4788), hot access (0), error acces (0).
/*BANK*/29->7: cool access (4701), hot access (0), error acces (0).
/*BANK*/30->0: cool access (7711), hot access (0), error acces (0).
/*BANK*/30->1: cool access (4181), hot access (0), error acces (0).
/*BANK*/30->2: cool access (4242), hot access (0), error acces (0).
/*BANK*/30->3: cool access (4111), hot access (0), error acces (0).
/*BANK*/30->4: cool access (4650), hot access (0), error acces (0).
/*BANK*/30->5: cool access (4615), hot access (0), error acces (0).
/*BANK*/30->6: cool access (4671), hot access (0), error acces (0).
/*BANK*/30->7: cool access (4714), hot access (0), error acces (0).
/*BANK*/31->0: cool access (7374), hot access (0), error acces (0).
/*BANK*/31->1: cool access (4063), hot access (0), error acces (0).
/*BANK*/31->2: cool access (3696), hot access (0), error acces (0).
/*BANK*/31->3: cool access (3817), hot access (0), error acces (0).
/*BANK*/31->4: cool access (3111), hot access (0), error acces (0).
/*BANK*/31->5: cool access (4374), hot access (0), error acces (0).
/*BANK*/31->6: cool access (4339), hot access (0), error acces (0).
/*BANK*/31->7: cool access (4240), hot access (0), error acces (0).
{Summary}: 0 Hot Accesses, 1115049 Cool Accesses.

 ***** [REF/AC_Result] *****
Traceback (most recent call last):
  File "/home_masters/miz087/workplace/micro_exp/tools/mcpat.py", line 1321, in <module>
    main(jobid = jobid, resultsdir = resultsdir, powertype = powertype, config = config, outputfile = outputfile, no_graph = no_graph, print_stack = not no_text, partial = partial)
  File "/home_masters/miz087/workplace/micro_exp/tools/mcpat.py", line 141, in main
    results = sniper_lib.get_results(jobid, resultsdir, partial = partial)
  File "/home_masters/miz087/workplace/micro_exp/tools/sniper_lib.py", line 47, in get_results
    results = parse_results_from_dir(resultsdir, partial = partial, metrics = metrics)
  File "/home_masters/miz087/workplace/micro_exp/tools/sniper_lib.py", line 179, in parse_results_from_dir
    results += stats.parse_stats((k1, k2), ncores, metrics = metrics)
  File "/home_masters/miz087/workplace/micro_exp/tools/sniper_stats.py", line 7, in parse_stats
    v1 = self.read_snapshot(k1, metrics = metrics)
  File "/home_masters/miz087/workplace/micro_exp/tools/sniper_stats_sqlite.py", line 44, in read_snapshot
    raise ValueError('Invalid prefix %s' % prefix)
ValueError: Invalid prefix roi-begin
[SNIPER] End
[SNIPER] Elapsed time: 133.74 seconds
[SNIPER] Running McPAT
[SPLASH] [----------    End of output    ----------]
[SPLASH] Done.
/scratch/miz087/results/cross_mix_25us_5_splash2_volrend_large
