[Benchmarks] set sniper output to rundi /scratch/miz087/results/cross_mix_1us_1_splash2_water.nsq_large
/scratch/miz087/results/cross_mix_1us_1_splash2_water.nsq_large
[SPLASH] Benchmarks to run: water.nsq

[SPLASH] [========== Running benchmark water.nsq ==========]
[SPLASH] Setting up run directory: /scratch/miz087/results/cross_mix_1us_1_splash2_water.nsq_large
[SPLASH] Running 'SNIPER_APP_LD_PRELOAD=$LD_PRELOAD; unset LD_PRELOAD; /home_masters/miz087/workplace/micro_exp/run-sniper -n 4 -m 'localhost' -d '/scratch/miz087/results/cross_mix_1us_1_splash2_water.nsq_large' -sthermalstats --power -c gainestown_cache --roi --curdir=/home_masters/miz087/workplace/micro_exp/benchmarks  --  /home_masters/miz087/workplace/micro_exp/benchmarks/splash2/splash2/codes/apps/water-nsquared/WATER-NSQUARED < input':
[SPLASH] [---------- Beginning of output ----------]
[SNIPER] Start
----------BEGIN_INIT_STATS_MANAGER------------
----------END_INIT_STATS_MANAGER------------
Normal Cache Total set: 524288
now initialize a stacked dram unison cache
Executing Python script /scratch/miz087/results/cross_mix_1us_1_splash2_water.nsq_large/sim.scripts.py
[SNIPER] --------------------------------------------------------------------------------
[SNIPER] Sniper using Pin frontend
[SNIPER] Running pre-ROI region in  CACHE_ONLY mode
[SNIPER] Running application ROI in DETAILED mode
[SNIPER] Running post-ROI region in FAST_FORWARD mode
[SNIPER] --------------------------------------------------------------------------------
Using 4 procs on 3 steps of 2197 mols
Other parameters:
	TSTEP = 1.50e-16
	NORDER = 6
	NSAVE = -1
	NRST = 3000
	NPRINT = 3
	NFMC = 0
	CUTOFF = 6.212752


TEMPERATURE                =   298.00 K
DENSITY                    =  0.99800 G/C.C.
NUMBER OF MOLECULES        =     2197
NUMBER OF PROCESSORS       =        4
TIME STEP                  = 1.50e-01 SEC
ORDER USED TO SOLVE F=MA   =        6 
NO. OF TIME STEPS          =        3 
FREQUENCY OF DATA SAVING   =       -1 
FREQUENCY TO WRITE RST FILE=     3000 
SPHERICAL CUTOFF RADIUS    =   6.2128 ANGSTROM

NS = 12.9999899999999986
BOXL =  40.382890
CUTOFF =   6.212752
XS =   3.106379
ZERO = 1.55319
WCOS = 0.585882
WSIN = 0.756950
***** NEW RUN STARTING FROM REGULAR LATTICE *****
[HOOKS] Entering ROI
[SNIPER] Enabling performance models
[SNIPER] Setting instrumentation mode to DETAILED
[SNIPER] Disabling performance models
[SNIPER] Leaving ROI after 7858.11 seconds
[SNIPER] Simulated 7044.4M instructions, 1168.6M cycles, 6.03 IPC
[SNIPER] Simulation speed 898.8 KIPS (224.7 KIPS / target core - 4450.2ns/instr)
[SNIPER] Sampling: executed 95.65% of simulated time in detailed mode
[SNIPER] Setting instrumentation mode to FAST_FORWARD
CREATETIME = 248010
         3        1.56974      0.05533     10.52082                      -2.12029
           10.026        305.16885        -19.56999
[HOOKS] Leaving ROI
COMPUTESTART (after initialization) = 3210360324
COMPUTEEND = 2437438346
COMPUTETIME (after initialization) = 3522045318
Measured Time (2nd timestep onward) = 4180036229
Intramolecular time only (2nd timestep onward) = 9088402
Intermolecular time only (2nd timestep onward) = 4170515807
Other time (2nd timestep onward) = 432020

Exited Happily with XTT = 10.0256 (note: XTT value is garbage if NPRINT > NSTEP)

 ***** [DRAM_CACHE_Result] *****

*** DRAM Total Access: 853328, miss: 799291, miss rate: 0.936675
*** DRAM Total Access In ROI: 549968, miss: 549531, miss rate: 0.999205
*** DRAM Remap Times: 36088 invalid times, 15634 total invalid_blocks, 0 migrate times, 0 total migrate blocks.
*** DRAM Statistics: 309883781 reads, 314526243 writes, 326567528 row hits, 32006868 ACT time, 32006868 PRE time, 20373656 RD time, 9797462 WR time.

 ***** [DRAM_CACHE_Result] *****

[RAMULATOR OUTPUT]

**Total Ticks: 202649863

**Ramulator Active Cycles: 1.66788e+07

**DRAM Cycles: 2.0265e+08

**Maximum Bandwidth: 0

Number of Incoming Requests: 2.42742e+06

**Serving Request**
Channel_0: serving reads(37288), serving writes(26163).
Channel_1: serving reads(23594), serving writes(23987).
Channel_2: serving reads(21770), serving writes(23525).
Channel_3: serving reads(21158), serving writes(22961).
Channel_4: serving reads(30188), serving writes(33844).
Channel_5: serving reads(31671), serving writes(36024).
Channel_6: serving reads(35798), serving writes(42113).
Channel_7: serving reads(36671), serving writes(43281).
Channel_8: serving reads(41477), serving writes(42401).
Channel_9: serving reads(39394), serving writes(45921).
Channel_10: serving reads(39030), serving writes(41706).
Channel_11: serving reads(37230), serving writes(45186).
Channel_12: serving reads(38189), serving writes(40448).
Channel_13: serving reads(36925), serving writes(40577).
Channel_14: serving reads(37487), serving writes(41320).
Channel_15: serving reads(37771), serving writes(44534).
Channel_16: serving reads(38871), serving writes(45108).
Channel_17: serving reads(37891), serving writes(45039).
Channel_18: serving reads(34921), serving writes(40291).
Channel_19: serving reads(32395), serving writes(37750).
Channel_20: serving reads(27787), serving writes(29510).
Channel_21: serving reads(26241), serving writes(25804).
Channel_22: serving reads(27834), serving writes(24177).
Channel_23: serving reads(25895), serving writes(22821).
Channel_24: serving reads(25978), serving writes(22829).
Channel_25: serving reads(24387), serving writes(21025).
Channel_26: serving reads(18567), serving writes(18433).
Channel_27: serving reads(16821), serving writes(17738).
Channel_28: serving reads(16912), serving writes(17761).
Channel_29: serving reads(16798), serving writes(17749).
Channel_30: serving reads(20168), serving writes(22309).
Channel_31: serving reads(22782), serving writes(26164).
[RAMULATOR OUTPUT]

----------[STAT_STORE_UNIT]-----------

Hot Access: 337151, Cool Access: 3410087

Hits on previous hot rows: 10767

Hits on previous cool rows: 124

Total remap times: 18082, Total Inter-Vault remaps: 18082, Total number of intervals: 18159


----------[STAT_STORE_UNIT]-----------

 ***** [REF/AC_Result] *****
/*BANK*/0->0: cool access (3620), hot access (0), error acces (0).
/*BANK*/0->1: cool access (13470), hot access (0), error acces (0).
/*BANK*/0->2: cool access (10795), hot access (0), error acces (0).
/*BANK*/0->3: cool access (13480), hot access (0), error acces (0).
/*BANK*/0->4: cool access (9647), hot access (0), error acces (0).
/*BANK*/0->5: cool access (34796), hot access (0), error acces (0).
/*BANK*/0->6: cool access (9603), hot access (0), error acces (0).
/*BANK*/0->7: cool access (16630), hot access (0), error acces (0).
/*BANK*/1->0: cool access (4087), hot access (0), error acces (0).
/*BANK*/1->1: cool access (13481), hot access (0), error acces (0).
/*BANK*/1->2: cool access (18765), hot access (0), error acces (0).
/*BANK*/1->3: cool access (13515), hot access (0), error acces (0).
/*BANK*/1->4: cool access (9705), hot access (0), error acces (0).
/*BANK*/1->5: cool access (25944), hot access (0), error acces (0).
/*BANK*/1->6: cool access (9653), hot access (0), error acces (0).
/*BANK*/1->7: cool access (0), hot access (0), error acces (0).
/*BANK*/2->0: cool access (2068), hot access (0), error acces (0).
/*BANK*/2->1: cool access (13488), hot access (0), error acces (0).
/*BANK*/2->2: cool access (18569), hot access (0), error acces (0).
/*BANK*/2->3: cool access (13519), hot access (0), error acces (0).
/*BANK*/2->4: cool access (9560), hot access (0), error acces (0).
/*BANK*/2->5: cool access (24764), hot access (0), error acces (0).
/*BANK*/2->6: cool access (9650), hot access (0), error acces (0).
/*BANK*/2->7: cool access (0), hot access (0), error acces (0).
/*BANK*/3->0: cool access (948), hot access (0), error acces (0).
/*BANK*/3->1: cool access (13637), hot access (0), error acces (0).
/*BANK*/3->2: cool access (19489), hot access (0), error acces (0).
/*BANK*/3->3: cool access (13533), hot access (0), error acces (0).
/*BANK*/3->4: cool access (12752), hot access (0), error acces (0).
/*BANK*/3->5: cool access (19076), hot access (0), error acces (0).
/*BANK*/3->6: cool access (9859), hot access (0), error acces (0).
/*BANK*/3->7: cool access (0), hot access (0), error acces (0).
/*BANK*/4->0: cool access (33524), hot access (0), error acces (0).
/*BANK*/4->1: cool access (13427), hot access (0), error acces (0).
/*BANK*/4->2: cool access (23076), hot access (0), error acces (0).
/*BANK*/4->3: cool access (13506), hot access (0), error acces (0).
/*BANK*/4->4: cool access (18911), hot access (0), error acces (0).
/*BANK*/4->5: cool access (19569), hot access (0), error acces (0).
/*BANK*/4->6: cool access (9698), hot access (0), error acces (0).
/*BANK*/4->7: cool access (0), hot access (0), error acces (0).
/*BANK*/5->0: cool access (39343), hot access (0), error acces (0).
/*BANK*/5->1: cool access (13648), hot access (0), error acces (0).
/*BANK*/5->2: cool access (24517), hot access (0), error acces (0).
/*BANK*/5->3: cool access (13440), hot access (0), error acces (0).
/*BANK*/5->4: cool access (19583), hot access (0), error acces (0).
/*BANK*/5->5: cool access (19541), hot access (0), error acces (0).
/*BANK*/5->6: cool access (9624), hot access (0), error acces (0).
/*BANK*/5->7: cool access (0), hot access (0), error acces (0).
/*BANK*/6->0: cool access (55120), hot access (0), error acces (0).
/*BANK*/6->1: cool access (10023), hot access (0), error acces (0).
/*BANK*/6->2: cool access (26538), hot access (0), error acces (0).
/*BANK*/6->3: cool access (13512), hot access (0), error acces (0).
/*BANK*/6->4: cool access (20832), hot access (0), error acces (0).
/*BANK*/6->5: cool access (17248), hot access (0), error acces (0).
/*BANK*/6->6: cool access (15055), hot access (0), error acces (0).
/*BANK*/6->7: cool access (0), hot access (0), error acces (0).
/*BANK*/7->0: cool access (51660), hot access (0), error acces (0).
/*BANK*/7->1: cool access (9676), hot access (0), error acces (0).
/*BANK*/7->2: cool access (29082), hot access (0), error acces (0).
/*BANK*/7->3: cool access (13469), hot access (0), error acces (0).
/*BANK*/7->4: cool access (24037), hot access (0), error acces (0).
/*BANK*/7->5: cool access (13427), hot access (0), error acces (0).
/*BANK*/7->6: cool access (20690), hot access (0), error acces (0).
/*BANK*/7->7: cool access (0), hot access (0), error acces (0).
/*BANK*/8->0: cool access (20272), hot access (33402), error acces (0).
/*BANK*/8->1: cool access (9708), hot access (0), error acces (0).
/*BANK*/8->2: cool access (28007), hot access (0), error acces (0).
/*BANK*/8->3: cool access (13703), hot access (0), error acces (0).
/*BANK*/8->4: cool access (25258), hot access (0), error acces (0).
/*BANK*/8->5: cool access (13474), hot access (0), error acces (0).
/*BANK*/8->6: cool access (23679), hot access (0), error acces (0).
/*BANK*/8->7: cool access (0), hot access (0), error acces (0).
/*BANK*/9->0: cool access (44117), hot access (11294), error acces (0).
/*BANK*/9->1: cool access (9731), hot access (0), error acces (0).
/*BANK*/9->2: cool access (30514), hot access (0), error acces (0).
/*BANK*/9->3: cool access (14234), hot access (0), error acces (0).
/*BANK*/9->4: cool access (27766), hot access (0), error acces (0).
/*BANK*/9->5: cool access (13470), hot access (0), error acces (0).
/*BANK*/9->6: cool access (19922), hot access (0), error acces (0).
/*BANK*/9->7: cool access (0), hot access (0), error acces (0).
/*BANK*/10->0: cool access (13707), hot access (23883), error acces (0).
/*BANK*/10->1: cool access (9670), hot access (0), error acces (0).
/*BANK*/10->2: cool access (30104), hot access (0), error acces (0).
/*BANK*/10->3: cool access (14041), hot access (0), error acces (0).
/*BANK*/10->4: cool access (28626), hot access (0), error acces (0).
/*BANK*/10->5: cool access (13679), hot access (0), error acces (0).
/*BANK*/10->6: cool access (27264), hot access (0), error acces (0).
/*BANK*/10->7: cool access (944), hot access (0), error acces (0).
/*BANK*/11->0: cool access (36542), hot access (0), error acces (0).
/*BANK*/11->1: cool access (9676), hot access (0), error acces (0).
/*BANK*/11->2: cool access (34770), hot access (0), error acces (0).
/*BANK*/11->3: cool access (13923), hot access (0), error acces (0).
/*BANK*/11->4: cool access (28224), hot access (0), error acces (0).
/*BANK*/11->5: cool access (13558), hot access (0), error acces (0).
/*BANK*/11->6: cool access (30498), hot access (0), error acces (0).
/*BANK*/11->7: cool access (0), hot access (0), error acces (0).
/*BANK*/12->0: cool access (9420), hot access (15240), error acces (15174).
/*BANK*/12->1: cool access (10566), hot access (483), error acces (0).
/*BANK*/12->2: cool access (9765), hot access (17730), error acces (0).
/*BANK*/12->3: cool access (13820), hot access (0), error acces (0).
/*BANK*/12->4: cool access (31307), hot access (0), error acces (0).
/*BANK*/12->5: cool access (13466), hot access (0), error acces (0).
/*BANK*/12->6: cool access (34427), hot access (0), error acces (0).
/*BANK*/12->7: cool access (0), hot access (0), error acces (0).
/*BANK*/13->0: cool access (9781), hot access (16154), error acces (0).
/*BANK*/13->1: cool access (9792), hot access (0), error acces (0).
/*BANK*/13->2: cool access (10493), hot access (15539), error acces (0).
/*BANK*/13->3: cool access (13531), hot access (0), error acces (0).
/*BANK*/13->4: cool access (34649), hot access (0), error acces (0).
/*BANK*/13->5: cool access (13420), hot access (0), error acces (0).
/*BANK*/13->6: cool access (29977), hot access (0), error acces (0).
/*BANK*/13->7: cool access (180), hot access (0), error acces (0).
/*BANK*/14->0: cool access (9589), hot access (16486), error acces (16395).
/*BANK*/14->1: cool access (9763), hot access (0), error acces (0).
/*BANK*/14->2: cool access (9904), hot access (17598), error acces (0).
/*BANK*/14->3: cool access (13481), hot access (0), error acces (0).
/*BANK*/14->4: cool access (35781), hot access (0), error acces (0).
/*BANK*/14->5: cool access (13367), hot access (0), error acces (0).
/*BANK*/14->6: cool access (30519), hot access (0), error acces (0).
/*BANK*/14->7: cool access (0), hot access (0), error acces (0).
/*BANK*/15->0: cool access (9742), hot access (16589), error acces (0).
/*BANK*/15->1: cool access (9892), hot access (0), error acces (0).
/*BANK*/15->2: cool access (27844), hot access (0), error acces (0).
/*BANK*/15->3: cool access (13434), hot access (0), error acces (0).
/*BANK*/15->4: cool access (34315), hot access (0), error acces (0).
/*BANK*/15->5: cool access (13598), hot access (0), error acces (0).
/*BANK*/15->6: cool access (39586), hot access (0), error acces (0).
/*BANK*/15->7: cool access (0), hot access (0), error acces (0).
/*BANK*/16->0: cool access (9657), hot access (12912), error acces (12843).
/*BANK*/16->1: cool access (10190), hot access (0), error acces (0).
/*BANK*/16->2: cool access (9758), hot access (16667), error acces (0).
/*BANK*/16->3: cool access (13492), hot access (0), error acces (0).
/*BANK*/16->4: cool access (44662), hot access (0), error acces (0).
/*BANK*/16->5: cool access (13367), hot access (0), error acces (0).
/*BANK*/16->6: cool access (37149), hot access (0), error acces (0).
/*BANK*/16->7: cool access (0), hot access (0), error acces (0).
/*BANK*/17->0: cool access (9566), hot access (12691), error acces (0).
/*BANK*/17->1: cool access (10070), hot access (0), error acces (0).
/*BANK*/17->2: cool access (25877), hot access (0), error acces (0).
/*BANK*/17->3: cool access (13438), hot access (0), error acces (0).
/*BANK*/17->4: cool access (36337), hot access (0), error acces (0).
/*BANK*/17->5: cool access (13507), hot access (0), error acces (0).
/*BANK*/17->6: cool access (46853), hot access (0), error acces (0).
/*BANK*/17->7: cool access (0), hot access (0), error acces (0).
/*BANK*/18->0: cool access (9731), hot access (13430), error acces (0).
/*BANK*/18->1: cool access (10149), hot access (0), error acces (0).
/*BANK*/18->2: cool access (9639), hot access (15860), error acces (0).
/*BANK*/18->3: cool access (13597), hot access (0), error acces (0).
/*BANK*/18->4: cool access (29071), hot access (0), error acces (0).
/*BANK*/18->5: cool access (13513), hot access (0), error acces (0).
/*BANK*/18->6: cool access (36533), hot access (0), error acces (0).
/*BANK*/18->7: cool access (0), hot access (0), error acces (0).
/*BANK*/19->0: cool access (9471), hot access (7438), error acces (0).
/*BANK*/19->1: cool access (10419), hot access (0), error acces (0).
/*BANK*/19->2: cool access (20433), hot access (0), error acces (0).
/*BANK*/19->3: cool access (13429), hot access (0), error acces (0).
/*BANK*/19->4: cool access (32304), hot access (0), error acces (0).
/*BANK*/19->5: cool access (13443), hot access (0), error acces (0).
/*BANK*/19->6: cool access (36427), hot access (0), error acces (0).
/*BANK*/19->7: cool access (0), hot access (0), error acces (0).
/*BANK*/20->0: cool access (9679), hot access (3894), error acces (3894).
/*BANK*/20->1: cool access (10468), hot access (0), error acces (0).
/*BANK*/20->2: cool access (9680), hot access (12612), error acces (0).
/*BANK*/20->3: cool access (13616), hot access (0), error acces (0).
/*BANK*/20->4: cool access (38291), hot access (0), error acces (0).
/*BANK*/20->5: cool access (13530), hot access (0), error acces (0).
/*BANK*/20->6: cool access (3670), hot access (0), error acces (0).
/*BANK*/20->7: cool access (0), hot access (0), error acces (0).
/*BANK*/21->0: cool access (9591), hot access (3862), error acces (0).
/*BANK*/21->1: cool access (9960), hot access (0), error acces (0).
/*BANK*/21->2: cool access (19087), hot access (0), error acces (0).
/*BANK*/21->3: cool access (13614), hot access (0), error acces (0).
/*BANK*/21->4: cool access (26449), hot access (0), error acces (0).
/*BANK*/21->5: cool access (13443), hot access (0), error acces (0).
/*BANK*/21->6: cool access (7768), hot access (0), error acces (0).
/*BANK*/21->7: cool access (0), hot access (0), error acces (0).
/*BANK*/22->0: cool access (9842), hot access (3864), error acces (0).
/*BANK*/22->1: cool access (9852), hot access (0), error acces (0).
/*BANK*/22->2: cool access (9659), hot access (6756), error acces (0).
/*BANK*/22->3: cool access (10616), hot access (0), error acces (0).
/*BANK*/22->4: cool access (19664), hot access (0), error acces (0).
/*BANK*/22->5: cool access (13607), hot access (0), error acces (0).
/*BANK*/22->6: cool access (15318), hot access (0), error acces (0).
/*BANK*/22->7: cool access (0), hot access (0), error acces (0).
/*BANK*/23->0: cool access (9595), hot access (3860), error acces (0).
/*BANK*/23->1: cool access (9461), hot access (0), error acces (0).
/*BANK*/23->2: cool access (13626), hot access (0), error acces (0).
/*BANK*/23->3: cool access (9600), hot access (0), error acces (0).
/*BANK*/23->4: cool access (19060), hot access (0), error acces (0).
/*BANK*/23->5: cool access (13653), hot access (0), error acces (0).
/*BANK*/23->6: cool access (14052), hot access (0), error acces (0).
/*BANK*/23->7: cool access (0), hot access (0), error acces (0).
/*BANK*/24->0: cool access (9535), hot access (3860), error acces (3860).
/*BANK*/24->1: cool access (9651), hot access (0), error acces (0).
/*BANK*/24->2: cool access (9792), hot access (4001), error acces (0).
/*BANK*/24->3: cool access (9525), hot access (0), error acces (0).
/*BANK*/24->4: cool access (19337), hot access (0), error acces (0).
/*BANK*/24->5: cool access (13499), hot access (0), error acces (0).
/*BANK*/24->6: cool access (14268), hot access (0), error acces (0).
/*BANK*/24->7: cool access (0), hot access (0), error acces (0).
/*BANK*/25->0: cool access (9659), hot access (3878), error acces (0).
/*BANK*/25->1: cool access (9603), hot access (0), error acces (0).
/*BANK*/25->2: cool access (9629), hot access (3909), error acces (0).
/*BANK*/25->3: cool access (9647), hot access (0), error acces (0).
/*BANK*/25->4: cool access (14999), hot access (0), error acces (0).
/*BANK*/25->5: cool access (10096), hot access (0), error acces (0).
/*BANK*/25->6: cool access (14325), hot access (0), error acces (0).
/*BANK*/25->7: cool access (0), hot access (0), error acces (0).
/*BANK*/26->0: cool access (5603), hot access (7920), error acces (3850).
/*BANK*/26->1: cool access (9688), hot access (0), error acces (0).
/*BANK*/26->2: cool access (9663), hot access (3921), error acces (0).
/*BANK*/26->3: cool access (9582), hot access (0), error acces (0).
/*BANK*/26->4: cool access (13454), hot access (0), error acces (0).
/*BANK*/26->5: cool access (9668), hot access (0), error acces (0).
/*BANK*/26->6: cool access (3526), hot access (0), error acces (0).
/*BANK*/26->7: cool access (0), hot access (0), error acces (0).
/*BANK*/27->0: cool access (9623), hot access (3878), error acces (0).
/*BANK*/27->1: cool access (9611), hot access (0), error acces (0).
/*BANK*/27->2: cool access (13527), hot access (0), error acces (0).
/*BANK*/27->3: cool access (9623), hot access (0), error acces (0).
/*BANK*/27->4: cool access (13477), hot access (0), error acces (0).
/*BANK*/27->5: cool access (9696), hot access (0), error acces (0).
/*BANK*/27->6: cool access (0), hot access (0), error acces (0).
/*BANK*/27->7: cool access (0), hot access (0), error acces (0).
/*BANK*/28->0: cool access (9649), hot access (3846), error acces (3846).
/*BANK*/28->1: cool access (9602), hot access (0), error acces (0).
/*BANK*/28->2: cool access (9738), hot access (3946), error acces (0).
/*BANK*/28->3: cool access (9534), hot access (0), error acces (0).
/*BANK*/28->4: cool access (13523), hot access (0), error acces (0).
/*BANK*/28->5: cool access (9683), hot access (0), error acces (0).
/*BANK*/28->6: cool access (0), hot access (0), error acces (0).
/*BANK*/28->7: cool access (0), hot access (0), error acces (0).
/*BANK*/29->0: cool access (9666), hot access (3860), error acces (0).
/*BANK*/29->1: cool access (9642), hot access (0), error acces (0).
/*BANK*/29->2: cool access (13625), hot access (0), error acces (0).
/*BANK*/29->3: cool access (9637), hot access (0), error acces (0).
/*BANK*/29->4: cool access (13487), hot access (0), error acces (0).
/*BANK*/29->5: cool access (9726), hot access (0), error acces (0).
/*BANK*/29->6: cool access (0), hot access (0), error acces (0).
/*BANK*/29->7: cool access (0), hot access (0), error acces (0).
/*BANK*/30->0: cool access (9665), hot access (3836), error acces (0).
/*BANK*/30->1: cool access (9621), hot access (0), error acces (0).
/*BANK*/30->2: cool access (13453), hot access (0), error acces (0).
/*BANK*/30->3: cool access (9629), hot access (0), error acces (0).
/*BANK*/30->4: cool access (29989), hot access (0), error acces (0).
/*BANK*/30->5: cool access (9732), hot access (0), error acces (0).
/*BANK*/30->6: cool access (0), hot access (0), error acces (0).
/*BANK*/30->7: cool access (0), hot access (0), error acces (0).
/*BANK*/31->0: cool access (13556), hot access (0), error acces (0).
/*BANK*/31->1: cool access (9699), hot access (0), error acces (0).
/*BANK*/31->2: cool access (13562), hot access (0), error acces (0).
/*BANK*/31->3: cool access (9531), hot access (0), error acces (0).
/*BANK*/31->4: cool access (42964), hot access (0), error acces (0).
/*BANK*/31->5: cool access (9688), hot access (0), error acces (0).
/*BANK*/31->6: cool access (0), hot access (0), error acces (0).
/*BANK*/31->7: cool access (0), hot access (0), error acces (0).
{Summary}: 345099 Hot Accesses, 3621809 Cool Accesses.

 ***** [REF/AC_Result] *****
                     Power     Energy    Energy %
  core-core        18.90 W     8.02  J     30.30%
  core-ifetch       3.94 W     1.67  J      6.31%
  core-alu          1.41 W     0.60  J      2.26%
  core-int          2.92 W     1.24  J      4.68%
  core-fp           4.22 W     1.79  J      6.76%
  core-mem          4.82 W     2.04  J      7.72%
  core-other        3.79 W     1.61  J      6.09%
  icache            2.56 W     1.08  J      4.10%
  dcache           10.33 W     4.38  J     16.56%
  l2                1.69 W     0.72  J      2.71%
  l3                3.38 W     1.44  J      5.42%
  dram              4.38 W     1.86  J      7.02%
  other             0.03 W     0.01  J      0.05%

  core             39.99 W    16.97  J     64.12%
  cache            17.96 W     7.62  J     28.80%
  total            62.36 W    26.46  J    100.00%
Warning: Unable to run gnuplot to create cpi stack graphs.  Maybe gnuplot is not installed?
[SNIPER] End
[SNIPER] Elapsed time: 7948.25 seconds
[SNIPER] Running McPAT
[SPLASH] [----------    End of output    ----------]
[SPLASH] Done.
/scratch/miz087/results/cross_mix_1us_1_splash2_water.nsq_large
