[Benchmarks] set sniper output to rundi /scratch/miz087/results/cross_mix_50us_20_splash2_water.nsq_large
/scratch/miz087/results/cross_mix_50us_20_splash2_water.nsq_large
[SPLASH] Benchmarks to run: water.nsq

[SPLASH] [========== Running benchmark water.nsq ==========]
[SPLASH] Setting up run directory: /scratch/miz087/results/cross_mix_50us_20_splash2_water.nsq_large
[SPLASH] Running 'SNIPER_APP_LD_PRELOAD=$LD_PRELOAD; unset LD_PRELOAD; /home_masters/miz087/workplace/micro_exp/run-sniper -n 4 -m 'localhost' -d '/scratch/miz087/results/cross_mix_50us_20_splash2_water.nsq_large' -sthermalstats --power -c gainestown_cache --roi --curdir=/home_masters/miz087/workplace/micro_exp/benchmarks  --  /home_masters/miz087/workplace/micro_exp/benchmarks/splash2/splash2/codes/apps/water-nsquared/WATER-NSQUARED < input':
[SPLASH] [---------- Beginning of output ----------]
[SNIPER] Start
----------BEGIN_INIT_STATS_MANAGER------------
----------END_INIT_STATS_MANAGER------------
Normal Cache Total set: 524288
now initialize a stacked dram unison cache
Executing Python script /scratch/miz087/results/cross_mix_50us_20_splash2_water.nsq_large/sim.scripts.py
[SNIPER] --------------------------------------------------------------------------------
[SNIPER] Sniper using Pin frontend
[SNIPER] Running pre-ROI region in  CACHE_ONLY mode
[SNIPER] Running application ROI in DETAILED mode
[SNIPER] Running post-ROI region in FAST_FORWARD mode
[SNIPER] --------------------------------------------------------------------------------
Using 4 procs on 3 steps of 2197 mols
Other parameters:
	TSTEP = 1.50e-16
	NORDER = 6
	NSAVE = -1
	NRST = 3000
	NPRINT = 3
	NFMC = 0
	CUTOFF = 6.212752


TEMPERATURE                =   298.00 K
DENSITY                    =  0.99800 G/C.C.
NUMBER OF MOLECULES        =     2197
NUMBER OF PROCESSORS       =        4
TIME STEP                  = 1.50e-01 SEC
ORDER USED TO SOLVE F=MA   =        6 
NO. OF TIME STEPS          =        3 
FREQUENCY OF DATA SAVING   =       -1 
FREQUENCY TO WRITE RST FILE=     3000 
SPHERICAL CUTOFF RADIUS    =   6.2128 ANGSTROM

NS = 12.9999899999999986
BOXL =  40.382890
CUTOFF =   6.212752
XS =   3.106379
ZERO = 1.55319
WCOS = 0.585882
WSIN = 0.756950
***** NEW RUN STARTING FROM REGULAR LATTICE *****
[HOOKS] Entering ROI
[SNIPER] Enabling performance models
[SNIPER] Setting instrumentation mode to DETAILED
[SNIPER] Disabling performance models
[SNIPER] Leaving ROI after 7384.04 seconds
[SNIPER] Simulated 7044.4M instructions, 1170.6M cycles, 6.02 IPC
[SNIPER] Simulation speed 957.0 KIPS (239.3 KIPS / target core - 4179.6ns/instr)
[SNIPER] Sampling: executed 95.64% of simulated time in detailed mode
[SNIPER] Setting instrumentation mode to FAST_FORWARD
CREATETIME = 328015
         3        1.56974      0.05533     10.52082                      -2.12029
           10.026        305.16885        -19.56999
[HOOKS] Leaving ROI
COMPUTESTART (after initialization) = 452596657
COMPUTEEND = 3498490147
COMPUTETIME (after initialization) = 3045893490
Measured Time (2nd timestep onward) = 3876888944
Intramolecular time only (2nd timestep onward) = 13392638
Intermolecular time only (2nd timestep onward) = 3863184290
Other time (2nd timestep onward) = 312016

Exited Happily with XTT = 10.0256 (note: XTT value is garbage if NPRINT > NSTEP)

 ***** [DRAM_CACHE_Result] *****

*** DRAM Total Access: 854099, miss: 800079, miss rate: 0.936752
*** DRAM Total Access In ROI: 550760, miss: 550332, miss rate: 0.999223
*** DRAM Remap Times: 1174 invalid times, 1202 total invalid_blocks, 0 migrate times, 0 total migrate blocks.
*** DRAM Statistics: 304900388 reads, 320281387 writes, 321680648 row hits, 32087825 ACT time, 32087825 PRE time, 20203422 RD time, 10023560 WR time.

 ***** [DRAM_CACHE_Result] *****

[RAMULATOR OUTPUT]

**Total Ticks: 202195864

**Ramulator Active Cycles: 1.70073e+07

**DRAM Cycles: 2.02196e+08

**Maximum Bandwidth: 0

Number of Incoming Requests: 2.4352e+06

**Serving Request**
Channel_0: serving reads(23590), serving writes(25059).
Channel_1: serving reads(23603), serving writes(23966).
Channel_2: serving reads(21831), serving writes(23576).
Channel_3: serving reads(21114), serving writes(22935).
Channel_4: serving reads(30198), serving writes(33831).
Channel_5: serving reads(31624), serving writes(36079).
Channel_6: serving reads(35869), serving writes(42125).
Channel_7: serving reads(36705), serving writes(43308).
Channel_8: serving reads(40152), serving writes(47941).
Channel_9: serving reads(39608), serving writes(47497).
Channel_10: serving reads(38609), serving writes(45710).
Channel_11: serving reads(37623), serving writes(45782).
Channel_12: serving reads(36560), serving writes(43617).
Channel_13: serving reads(35722), serving writes(42815).
Channel_14: serving reads(36846), serving writes(44368).
Channel_15: serving reads(37983), serving writes(46282).
Channel_16: serving reads(36678), serving writes(44303).
Channel_17: serving reads(36633), serving writes(44152).
Channel_18: serving reads(32982), serving writes(39072).
Channel_19: serving reads(32425), serving writes(37740).
Channel_20: serving reads(26862), serving writes(29000).
Channel_21: serving reads(26571), serving writes(26074).
Channel_22: serving reads(27715), serving writes(24279).
Channel_23: serving reads(25998), serving writes(22864).
Channel_24: serving reads(26022), serving writes(23012).
Channel_25: serving reads(24448), serving writes(21098).
Channel_26: serving reads(18564), serving writes(18498).
Channel_27: serving reads(16815), serving writes(17782).
Channel_28: serving reads(16903), serving writes(17794).
Channel_29: serving reads(16783), serving writes(17739).
Channel_30: serving reads(20114), serving writes(22232).
Channel_31: serving reads(22984), serving writes(26441).
[RAMULATOR OUTPUT]

----------[STAT_STORE_UNIT]-----------

Hot Access: 485234, Cool Access: 3431230

Hits on previous hot rows: 427

Hits on previous cool rows: 0

Total remap times: 587, Total Inter-Vault remaps: 587, Total number of intervals: 3669


----------[STAT_STORE_UNIT]-----------

 ***** [REF/AC_Result] *****
/*BANK*/0->0: cool access (4391), hot access (0), error acces (0).
/*BANK*/0->1: cool access (13515), hot access (0), error acces (0).
/*BANK*/0->2: cool access (10904), hot access (0), error acces (0).
/*BANK*/0->3: cool access (13497), hot access (0), error acces (0).
/*BANK*/0->4: cool access (9560), hot access (0), error acces (0).
/*BANK*/0->5: cool access (33807), hot access (0), error acces (0).
/*BANK*/0->6: cool access (9625), hot access (0), error acces (0).
/*BANK*/0->7: cool access (2248), hot access (0), error acces (0).
/*BANK*/1->0: cool access (4087), hot access (0), error acces (0).
/*BANK*/1->1: cool access (13396), hot access (0), error acces (0).
/*BANK*/1->2: cool access (18792), hot access (0), error acces (0).
/*BANK*/1->3: cool access (13434), hot access (0), error acces (0).
/*BANK*/1->4: cool access (9829), hot access (0), error acces (0).
/*BANK*/1->5: cool access (25927), hot access (0), error acces (0).
/*BANK*/1->6: cool access (9639), hot access (0), error acces (0).
/*BANK*/1->7: cool access (0), hot access (0), error acces (0).
/*BANK*/2->0: cool access (2051), hot access (0), error acces (0).
/*BANK*/2->1: cool access (13506), hot access (0), error acces (0).
/*BANK*/2->2: cool access (18708), hot access (0), error acces (0).
/*BANK*/2->3: cool access (13472), hot access (0), error acces (0).
/*BANK*/2->4: cool access (9593), hot access (0), error acces (0).
/*BANK*/2->5: cool access (24437), hot access (0), error acces (0).
/*BANK*/2->6: cool access (9625), hot access (0), error acces (0).
/*BANK*/2->7: cool access (0), hot access (0), error acces (0).
/*BANK*/3->0: cool access (940), hot access (0), error acces (0).
/*BANK*/3->1: cool access (13652), hot access (0), error acces (0).
/*BANK*/3->2: cool access (19111), hot access (0), error acces (0).
/*BANK*/3->3: cool access (13447), hot access (0), error acces (0).
/*BANK*/3->4: cool access (12793), hot access (0), error acces (0).
/*BANK*/3->5: cool access (19243), hot access (0), error acces (0).
/*BANK*/3->6: cool access (9766), hot access (0), error acces (0).
/*BANK*/3->7: cool access (0), hot access (0), error acces (0).
/*BANK*/4->0: cool access (34156), hot access (0), error acces (0).
/*BANK*/4->1: cool access (13430), hot access (0), error acces (0).
/*BANK*/4->2: cool access (23483), hot access (0), error acces (0).
/*BANK*/4->3: cool access (13542), hot access (0), error acces (0).
/*BANK*/4->4: cool access (18982), hot access (0), error acces (0).
/*BANK*/4->5: cool access (19523), hot access (0), error acces (0).
/*BANK*/4->6: cool access (9514), hot access (0), error acces (0).
/*BANK*/4->7: cool access (0), hot access (0), error acces (0).
/*BANK*/5->0: cool access (40136), hot access (0), error acces (0).
/*BANK*/5->1: cool access (13443), hot access (0), error acces (0).
/*BANK*/5->2: cool access (24784), hot access (0), error acces (0).
/*BANK*/5->3: cool access (13444), hot access (0), error acces (0).
/*BANK*/5->4: cool access (19397), hot access (0), error acces (0).
/*BANK*/5->5: cool access (19763), hot access (0), error acces (0).
/*BANK*/5->6: cool access (9629), hot access (0), error acces (0).
/*BANK*/5->7: cool access (0), hot access (0), error acces (0).
/*BANK*/6->0: cool access (55311), hot access (0), error acces (0).
/*BANK*/6->1: cool access (10177), hot access (0), error acces (0).
/*BANK*/6->2: cool access (26179), hot access (0), error acces (0).
/*BANK*/6->3: cool access (13416), hot access (0), error acces (0).
/*BANK*/6->4: cool access (21133), hot access (0), error acces (0).
/*BANK*/6->5: cool access (17197), hot access (0), error acces (0).
/*BANK*/6->6: cool access (14862), hot access (0), error acces (0).
/*BANK*/6->7: cool access (0), hot access (0), error acces (0).
/*BANK*/7->0: cool access (51571), hot access (0), error acces (0).
/*BANK*/7->1: cool access (9634), hot access (0), error acces (0).
/*BANK*/7->2: cool access (29286), hot access (0), error acces (0).
/*BANK*/7->3: cool access (13683), hot access (0), error acces (0).
/*BANK*/7->4: cool access (24004), hot access (0), error acces (0).
/*BANK*/7->5: cool access (13551), hot access (0), error acces (0).
/*BANK*/7->6: cool access (20693), hot access (0), error acces (0).
/*BANK*/7->7: cool access (0), hot access (0), error acces (0).
/*BANK*/8->0: cool access (23335), hot access (40869), error acces (0).
/*BANK*/8->1: cool access (9754), hot access (0), error acces (0).
/*BANK*/8->2: cool access (28515), hot access (0), error acces (0).
/*BANK*/8->3: cool access (14066), hot access (0), error acces (0).
/*BANK*/8->4: cool access (25366), hot access (0), error acces (0).
/*BANK*/8->5: cool access (13472), hot access (0), error acces (0).
/*BANK*/8->6: cool access (23619), hot access (0), error acces (0).
/*BANK*/8->7: cool access (0), hot access (0), error acces (0).
/*BANK*/9->0: cool access (44433), hot access (16618), error acces (0).
/*BANK*/9->1: cool access (9597), hot access (0), error acces (0).
/*BANK*/9->2: cool access (30531), hot access (0), error acces (0).
/*BANK*/9->3: cool access (14292), hot access (0), error acces (0).
/*BANK*/9->4: cool access (27733), hot access (0), error acces (0).
/*BANK*/9->5: cool access (13530), hot access (0), error acces (0).
/*BANK*/9->6: cool access (20106), hot access (0), error acces (0).
/*BANK*/9->7: cool access (0), hot access (0), error acces (0).
/*BANK*/10->0: cool access (13706), hot access (33129), error acces (0).
/*BANK*/10->1: cool access (9651), hot access (0), error acces (0).
/*BANK*/10->2: cool access (29819), hot access (0), error acces (0).
/*BANK*/10->3: cool access (13972), hot access (0), error acces (0).
/*BANK*/10->4: cool access (28269), hot access (0), error acces (0).
/*BANK*/10->5: cool access (13668), hot access (0), error acces (0).
/*BANK*/10->6: cool access (27067), hot access (0), error acces (0).
/*BANK*/10->7: cool access (954), hot access (0), error acces (0).
/*BANK*/11->0: cool access (36886), hot access (0), error acces (0).
/*BANK*/11->1: cool access (9603), hot access (0), error acces (0).
/*BANK*/11->2: cool access (35297), hot access (0), error acces (0).
/*BANK*/11->3: cool access (13868), hot access (0), error acces (0).
/*BANK*/11->4: cool access (28563), hot access (0), error acces (0).
/*BANK*/11->5: cool access (13470), hot access (0), error acces (0).
/*BANK*/11->6: cool access (31249), hot access (0), error acces (0).
/*BANK*/11->7: cool access (0), hot access (0), error acces (0).
/*BANK*/12->0: cool access (9590), hot access (16251), error acces (16242).
/*BANK*/12->1: cool access (10532), hot access (198), error acces (0).
/*BANK*/12->2: cool access (9712), hot access (22979), error acces (0).
/*BANK*/12->3: cool access (13685), hot access (0), error acces (0).
/*BANK*/12->4: cool access (31622), hot access (0), error acces (0).
/*BANK*/12->5: cool access (13573), hot access (0), error acces (0).
/*BANK*/12->6: cool access (34524), hot access (0), error acces (0).
/*BANK*/12->7: cool access (0), hot access (0), error acces (0).
/*BANK*/13->0: cool access (9574), hot access (16554), error acces (0).
/*BANK*/13->1: cool access (9607), hot access (0), error acces (0).
/*BANK*/13->2: cool access (10426), hot access (20175), error acces (0).
/*BANK*/13->3: cool access (13509), hot access (0), error acces (0).
/*BANK*/13->4: cool access (35264), hot access (0), error acces (0).
/*BANK*/13->5: cool access (13554), hot access (0), error acces (0).
/*BANK*/13->6: cool access (30857), hot access (0), error acces (0).
/*BANK*/13->7: cool access (177), hot access (0), error acces (0).
/*BANK*/14->0: cool access (9603), hot access (22565), error acces (22565).
/*BANK*/14->1: cool access (9697), hot access (0), error acces (0).
/*BANK*/14->2: cool access (9560), hot access (20348), error acces (0).
/*BANK*/14->3: cool access (13394), hot access (0), error acces (0).
/*BANK*/14->4: cool access (35377), hot access (0), error acces (0).
/*BANK*/14->5: cool access (13656), hot access (0), error acces (0).
/*BANK*/14->6: cool access (30221), hot access (0), error acces (0).
/*BANK*/14->7: cool access (0), hot access (0), error acces (0).
/*BANK*/15->0: cool access (9767), hot access (21587), error acces (0).
/*BANK*/15->1: cool access (9589), hot access (0), error acces (0).
/*BANK*/15->2: cool access (27531), hot access (0), error acces (0).
/*BANK*/15->3: cool access (13546), hot access (0), error acces (0).
/*BANK*/15->4: cool access (35423), hot access (0), error acces (0).
/*BANK*/15->5: cool access (13523), hot access (0), error acces (0).
/*BANK*/15->6: cool access (40084), hot access (0), error acces (0).
/*BANK*/15->7: cool access (0), hot access (0), error acces (0).
/*BANK*/16->0: cool access (9579), hot access (10644), error acces (10626).
/*BANK*/16->1: cool access (9541), hot access (0), error acces (0).
/*BANK*/16->2: cool access (9523), hot access (15998), error acces (0).
/*BANK*/16->3: cool access (13448), hot access (0), error acces (0).
/*BANK*/16->4: cool access (45232), hot access (0), error acces (0).
/*BANK*/16->5: cool access (13521), hot access (0), error acces (0).
/*BANK*/16->6: cool access (37328), hot access (0), error acces (0).
/*BANK*/16->7: cool access (0), hot access (0), error acces (0).
/*BANK*/17->0: cool access (9758), hot access (9930), error acces (0).
/*BANK*/17->1: cool access (9797), hot access (0), error acces (0).
/*BANK*/17->2: cool access (25642), hot access (0), error acces (0).
/*BANK*/17->3: cool access (13535), hot access (0), error acces (0).
/*BANK*/17->4: cool access (36583), hot access (0), error acces (0).
/*BANK*/17->5: cool access (13511), hot access (0), error acces (0).
/*BANK*/17->6: cool access (47228), hot access (0), error acces (0).
/*BANK*/17->7: cool access (0), hot access (0), error acces (0).
/*BANK*/18->0: cool access (9643), hot access (12230), error acces (0).
/*BANK*/18->1: cool access (9808), hot access (0), error acces (0).
/*BANK*/18->2: cool access (9608), hot access (15359), error acces (0).
/*BANK*/18->3: cool access (13430), hot access (0), error acces (0).
/*BANK*/18->4: cool access (28207), hot access (0), error acces (0).
/*BANK*/18->5: cool access (13545), hot access (0), error acces (0).
/*BANK*/18->6: cool access (36655), hot access (0), error acces (0).
/*BANK*/18->7: cool access (0), hot access (0), error acces (0).
/*BANK*/19->0: cool access (10605), hot access (6514), error acces (0).
/*BANK*/19->1: cool access (10280), hot access (0), error acces (0).
/*BANK*/19->2: cool access (20172), hot access (0), error acces (0).
/*BANK*/19->3: cool access (13555), hot access (0), error acces (0).
/*BANK*/19->4: cool access (32302), hot access (0), error acces (0).
/*BANK*/19->5: cool access (13440), hot access (0), error acces (0).
/*BANK*/19->6: cool access (36450), hot access (0), error acces (0).
/*BANK*/19->7: cool access (0), hot access (0), error acces (0).
/*BANK*/20->0: cool access (9643), hot access (4229), error acces (4229).
/*BANK*/20->1: cool access (10318), hot access (0), error acces (0).
/*BANK*/20->2: cool access (9634), hot access (10839), error acces (0).
/*BANK*/20->3: cool access (13460), hot access (0), error acces (0).
/*BANK*/20->4: cool access (38703), hot access (0), error acces (0).
/*BANK*/20->5: cool access (13480), hot access (0), error acces (0).
/*BANK*/20->6: cool access (3653), hot access (0), error acces (0).
/*BANK*/20->7: cool access (0), hot access (0), error acces (0).
/*BANK*/21->0: cool access (9712), hot access (4277), error acces (0).
/*BANK*/21->1: cool access (10088), hot access (0), error acces (0).
/*BANK*/21->2: cool access (19009), hot access (0), error acces (0).
/*BANK*/21->3: cool access (13641), hot access (0), error acces (0).
/*BANK*/21->4: cool access (26660), hot access (0), error acces (0).
/*BANK*/21->5: cool access (13635), hot access (0), error acces (0).
/*BANK*/21->6: cool access (8060), hot access (0), error acces (0).
/*BANK*/21->7: cool access (0), hot access (0), error acces (0).
/*BANK*/22->0: cool access (9759), hot access (4215), error acces (0).
/*BANK*/22->1: cool access (9771), hot access (0), error acces (0).
/*BANK*/22->2: cool access (9622), hot access (6690), error acces (0).
/*BANK*/22->3: cool access (10644), hot access (0), error acces (0).
/*BANK*/22->4: cool access (19677), hot access (0), error acces (0).
/*BANK*/22->5: cool access (13492), hot access (0), error acces (0).
/*BANK*/22->6: cool access (15167), hot access (0), error acces (0).
/*BANK*/22->7: cool access (0), hot access (0), error acces (0).
/*BANK*/23->0: cool access (9558), hot access (4087), error acces (0).
/*BANK*/23->1: cool access (9557), hot access (0), error acces (0).
/*BANK*/23->2: cool access (13427), hot access (0), error acces (0).
/*BANK*/23->3: cool access (9594), hot access (0), error acces (0).
/*BANK*/23->4: cool access (18927), hot access (0), error acces (0).
/*BANK*/23->5: cool access (13753), hot access (0), error acces (0).
/*BANK*/23->6: cool access (14220), hot access (0), error acces (0).
/*BANK*/23->7: cool access (0), hot access (0), error acces (0).
/*BANK*/24->0: cool access (9606), hot access (3878), error acces (3878).
/*BANK*/24->1: cool access (9586), hot access (0), error acces (0).
/*BANK*/24->2: cool access (9740), hot access (4200), error acces (0).
/*BANK*/24->3: cool access (9595), hot access (0), error acces (0).
/*BANK*/24->4: cool access (19532), hot access (0), error acces (0).
/*BANK*/24->5: cool access (13502), hot access (0), error acces (0).
/*BANK*/24->6: cool access (14146), hot access (0), error acces (0).
/*BANK*/24->7: cool access (0), hot access (0), error acces (0).
/*BANK*/25->0: cool access (9562), hot access (3840), error acces (0).
/*BANK*/25->1: cool access (9622), hot access (0), error acces (0).
/*BANK*/25->2: cool access (9668), hot access (4121), error acces (0).
/*BANK*/25->3: cool access (9674), hot access (0), error acces (0).
/*BANK*/25->4: cool access (14865), hot access (0), error acces (0).
/*BANK*/25->5: cool access (10015), hot access (0), error acces (0).
/*BANK*/25->6: cool access (14334), hot access (0), error acces (0).
/*BANK*/25->7: cool access (0), hot access (0), error acces (0).
/*BANK*/26->0: cool access (5619), hot access (7800), error acces (3850).
/*BANK*/26->1: cool access (9575), hot access (0), error acces (0).
/*BANK*/26->2: cool access (9551), hot access (4072), error acces (0).
/*BANK*/26->3: cool access (9631), hot access (0), error acces (0).
/*BANK*/26->4: cool access (13434), hot access (0), error acces (0).
/*BANK*/26->5: cool access (9621), hot access (0), error acces (0).
/*BANK*/26->6: cool access (3430), hot access (0), error acces (0).
/*BANK*/26->7: cool access (0), hot access (0), error acces (0).
/*BANK*/27->0: cool access (9542), hot access (3856), error acces (0).
/*BANK*/27->1: cool access (9560), hot access (0), error acces (0).
/*BANK*/27->2: cool access (13403), hot access (0), error acces (0).
/*BANK*/27->3: cool access (9599), hot access (0), error acces (0).
/*BANK*/27->4: cool access (13529), hot access (0), error acces (0).
/*BANK*/27->5: cool access (9552), hot access (0), error acces (0).
/*BANK*/27->6: cool access (0), hot access (0), error acces (0).
/*BANK*/27->7: cool access (0), hot access (0), error acces (0).
/*BANK*/28->0: cool access (9584), hot access (3806), error acces (3806).
/*BANK*/28->1: cool access (9576), hot access (0), error acces (0).
/*BANK*/28->2: cool access (9803), hot access (3948), error acces (0).
/*BANK*/28->3: cool access (9610), hot access (0), error acces (0).
/*BANK*/28->4: cool access (13463), hot access (0), error acces (0).
/*BANK*/28->5: cool access (9631), hot access (0), error acces (0).
/*BANK*/28->6: cool access (0), hot access (0), error acces (0).
/*BANK*/28->7: cool access (0), hot access (0), error acces (0).
/*BANK*/29->0: cool access (9513), hot access (3792), error acces (0).
/*BANK*/29->1: cool access (9594), hot access (0), error acces (0).
/*BANK*/29->2: cool access (13475), hot access (0), error acces (0).
/*BANK*/29->3: cool access (9693), hot access (0), error acces (0).
/*BANK*/29->4: cool access (13543), hot access (0), error acces (0).
/*BANK*/29->5: cool access (9576), hot access (0), error acces (0).
/*BANK*/29->6: cool access (0), hot access (0), error acces (0).
/*BANK*/29->7: cool access (0), hot access (0), error acces (0).
/*BANK*/30->0: cool access (9626), hot access (3812), error acces (0).
/*BANK*/30->1: cool access (9567), hot access (0), error acces (0).
/*BANK*/30->2: cool access (13524), hot access (0), error acces (0).
/*BANK*/30->3: cool access (9568), hot access (0), error acces (0).
/*BANK*/30->4: cool access (29564), hot access (0), error acces (0).
/*BANK*/30->5: cool access (9655), hot access (0), error acces (0).
/*BANK*/30->6: cool access (0), hot access (0), error acces (0).
/*BANK*/30->7: cool access (0), hot access (0), error acces (0).
/*BANK*/31->0: cool access (13393), hot access (0), error acces (0).
/*BANK*/31->1: cool access (9715), hot access (0), error acces (0).
/*BANK*/31->2: cool access (13405), hot access (0), error acces (0).
/*BANK*/31->3: cool access (9720), hot access (0), error acces (0).
/*BANK*/31->4: cool access (43930), hot access (0), error acces (0).
/*BANK*/31->5: cool access (9542), hot access (0), error acces (0).
/*BANK*/31->6: cool access (0), hot access (0), error acces (0).
/*BANK*/31->7: cool access (0), hot access (0), error acces (0).
{Summary}: 383410 Hot Accesses, 3615039 Cool Accesses.

 ***** [REF/AC_Result] *****
                     Power     Energy    Energy %
  core-core        18.86 W     8.02  J     30.28%
  core-ifetch       3.93 W     1.67  J      6.31%
  core-alu          1.41 W     0.60  J      2.26%
  core-int          2.92 W     1.24  J      4.68%
  core-fp           4.21 W     1.79  J      6.77%
  core-mem          4.81 W     2.04  J      7.72%
  core-other        3.79 W     1.61  J      6.09%
  icache            2.55 W     1.09  J      4.10%
  dcache           10.31 W     4.38  J     16.56%
  l2                1.69 W     0.72  J      2.72%
  l3                3.38 W     1.44  J      5.43%
  dram              4.38 W     1.86  J      7.03%
  other             0.03 W     0.01  J      0.05%

  core             39.94 W    16.98  J     64.11%
  cache            17.94 W     7.63  J     28.80%
  total            62.29 W    26.48  J    100.00%
Warning: Unable to run gnuplot to create cpi stack graphs.  Maybe gnuplot is not installed?
[SNIPER] End
[SNIPER] Elapsed time: 7474.26 seconds
[SNIPER] Running McPAT
[SPLASH] [----------    End of output    ----------]
[SPLASH] Done.
/scratch/miz087/results/cross_mix_50us_20_splash2_water.nsq_large
