[Benchmarks] set sniper output to rundi /scratch/miz087/results/cross_mix_25us_5_splash2_raytrace_large
/scratch/miz087/results/cross_mix_25us_5_splash2_raytrace_large
[SPLASH] Benchmarks to run: raytrace

[SPLASH] [========== Running benchmark raytrace ==========]
[SPLASH] Setting up run directory: /scratch/miz087/results/cross_mix_25us_5_splash2_raytrace_large
[SPLASH] Extracting output: mkdir /scratch/miz087/results/cross_mix_25us_5_splash2_raytrace_large/inputs; gunzip < /home_masters/miz087/workplace/micro_exp/benchmarks/splash2/splash2/codes/apps/raytrace/inputs/car.env.Z > /scratch/miz087/results/cross_mix_25us_5_splash2_raytrace_large/inputs/car.env; gunzip < /home_masters/miz087/workplace/micro_exp/benchmarks/splash2/splash2/codes/apps/raytrace/inputs/car.geo.Z > /scratch/miz087/results/cross_mix_25us_5_splash2_raytrace_large/inputs/car.geo
[SPLASH] Running 'SNIPER_APP_LD_PRELOAD=$LD_PRELOAD; unset LD_PRELOAD; /home_masters/miz087/workplace/micro_exp/run-sniper -n 4 -m 'localhost' -d '/scratch/miz087/results/cross_mix_25us_5_splash2_raytrace_large' -sthermalstats --power -c gainestown_cache --roi --curdir=/home_masters/miz087/workplace/micro_exp/benchmarks  --  /home_masters/miz087/workplace/micro_exp/benchmarks/splash2/splash2/codes/apps/raytrace/RAYTRACE -p4 -m64 -a4 inputs/car.env':
[SPLASH] [---------- Beginning of output ----------]
[SNIPER] Start
----------BEGIN_INIT_STATS_MANAGER------------
----------END_INIT_STATS_MANAGER------------
Normal Cache Total set: 524288
now initialize a stacked dram unison cache
Executing Python script /scratch/miz087/results/cross_mix_25us_5_splash2_raytrace_large/sim.scripts.py
[SNIPER] --------------------------------------------------------------------------------
[SNIPER] Sniper using Pin frontend
[SNIPER] Running pre-ROI region in  CACHE_ONLY mode
[SNIPER] Running application ROI in DETAILED mode
[SNIPER] Running post-ROI region in FAST_FORWARD mode
[SNIPER] --------------------------------------------------------------------------------

Number of processors:     	4
Global shared memory size:	64 MB
Samples per pixel:        	4

Number of primitive objects: 	7629
Number of primitive elements:	46423
Uniform Hierarchy built.
[HOOKS] Entering ROI
[SNIPER] Enabling performance models
[SNIPER] Setting instrumentation mode to DETAILED
[SNIPER] Disabling performance models
[SNIPER] Leaving ROI after 5640.78 seconds
[SNIPER] Simulated 1993.1M instructions, 1395.2M cycles, 1.43 IPC
[SNIPER] Simulation speed 355.2 KIPS (88.8 KIPS / target core - 11261.9ns/instr)
[SNIPER] Sampling: executed 38.13% of simulated time in detailed mode
[SNIPER] Setting instrumentation mode to FAST_FORWARD
[HOOKS] Leaving ROI

****** Hierarchial uniform grid memory allocation summary ******* 

     < struct >:            < current >   < maximum >    < sizeof > 
     <  bytes >:             <  bytes >   <   bytes >    <  bytes > 

     grid:                      59760         59760           144 
     hashtable entries:        678968        678968             8 
     emptycell entries:          6632          6632             8 
     voxel:                   1251480       1251480            40 
     bintree_node:           12370320      12370320           120 

     Totals:                 14367160      14367160      

TIMING STATISTICS MEASURED BY MAIN PROCESS:
        Overall start time         1491120767236300
        Overall end time       1491126357618659
        Total time with initialization            1295415063
        Total time without initialization            5589946341

 ***** [DRAM_CACHE_Result] *****

*** DRAM Total Access: 2295264, miss: 406540, miss rate: 0.177121
*** DRAM Total Access In ROI: 393147, miss: 49687, miss rate: 0.126383
*** DRAM Remap Times: 18988 invalid times, 43883 total invalid_blocks, 0 migrate times, 0 total migrate blocks.
*** DRAM Statistics: 638977300 reads, 269669054 writes, 794780107 row hits, 25978378 ACT time, 25978378 PRE time, 19688028 RD time, 6290296 WR time.

 ***** [DRAM_CACHE_Result] *****

[RAMULATOR OUTPUT]

**Total Ticks: 281446670

**Ramulator Active Cycles: 2.5919e+07

**DRAM Cycles: 2.81447e+08

**Maximum Bandwidth: 0

Number of Incoming Requests: 5.00455e+06

**Serving Request**
Channel_0: serving reads(123862), serving writes(41464).
Channel_1: serving reads(97171), serving writes(38903).
Channel_2: serving reads(102325), serving writes(41152).
Channel_3: serving reads(91384), serving writes(37384).
Channel_4: serving reads(100275), serving writes(40728).
Channel_5: serving reads(100414), serving writes(41398).
Channel_6: serving reads(105251), serving writes(42413).
Channel_7: serving reads(105008), serving writes(42527).
Channel_8: serving reads(110635), serving writes(44799).
Channel_9: serving reads(99271), serving writes(40254).
Channel_10: serving reads(103213), serving writes(41322).
Channel_11: serving reads(103933), serving writes(40918).
Channel_12: serving reads(103231), serving writes(41777).
Channel_13: serving reads(98963), serving writes(40943).
Channel_14: serving reads(105534), serving writes(42985).
Channel_15: serving reads(104536), serving writes(41559).
Channel_16: serving reads(104226), serving writes(41904).
Channel_17: serving reads(105556), serving writes(41951).
Channel_18: serving reads(108193), serving writes(42201).
Channel_19: serving reads(109161), serving writes(43040).
Channel_20: serving reads(103713), serving writes(41719).
Channel_21: serving reads(108668), serving writes(42597).
Channel_22: serving reads(109280), serving writes(42674).
Channel_23: serving reads(106961), serving writes(40487).
Channel_24: serving reads(105611), serving writes(41474).
Channel_25: serving reads(102553), serving writes(40896).
Channel_26: serving reads(103179), serving writes(42050).
Channel_27: serving reads(100346), serving writes(39992).
Channel_28: serving reads(93611), serving writes(39014).
Channel_29: serving reads(95723), serving writes(39434).
Channel_30: serving reads(95980), serving writes(38796).
Channel_31: serving reads(91851), serving writes(38142).
[RAMULATOR OUTPUT]

----------[STAT_STORE_UNIT]-----------

Hot Access: 64431, Cool Access: 4943992

Hits on previous hot rows: 14001

Hits on previous cool rows: 894

Total remap times: 9494, Total Inter-Vault remaps: 9494, Total number of intervals: 3042


----------[STAT_STORE_UNIT]-----------

 ***** [REF/AC_Result] *****
/*BANK*/0->0: cool access (25632), hot access (0), error acces (0).
/*BANK*/0->1: cool access (34765), hot access (0), error acces (0).
/*BANK*/0->2: cool access (24967), hot access (0), error acces (0).
/*BANK*/0->3: cool access (22353), hot access (0), error acces (0).
/*BANK*/0->4: cool access (24691), hot access (0), error acces (0).
/*BANK*/0->5: cool access (11460), hot access (0), error acces (0).
/*BANK*/0->6: cool access (20652), hot access (0), error acces (0).
/*BANK*/0->7: cool access (49648), hot access (0), error acces (0).
/*BANK*/1->0: cool access (25979), hot access (0), error acces (0).
/*BANK*/1->1: cool access (31323), hot access (0), error acces (0).
/*BANK*/1->2: cool access (22660), hot access (0), error acces (0).
/*BANK*/1->3: cool access (22742), hot access (0), error acces (0).
/*BANK*/1->4: cool access (23711), hot access (0), error acces (0).
/*BANK*/1->5: cool access (11184), hot access (0), error acces (0).
/*BANK*/1->6: cool access (20253), hot access (0), error acces (0).
/*BANK*/1->7: cool access (15138), hot access (0), error acces (0).
/*BANK*/2->0: cool access (24107), hot access (0), error acces (0).
/*BANK*/2->1: cool access (32928), hot access (0), error acces (0).
/*BANK*/2->2: cool access (25411), hot access (0), error acces (0).
/*BANK*/2->3: cool access (23273), hot access (0), error acces (0).
/*BANK*/2->4: cool access (26887), hot access (0), error acces (0).
/*BANK*/2->5: cool access (13519), hot access (0), error acces (0).
/*BANK*/2->6: cool access (19291), hot access (0), error acces (0).
/*BANK*/2->7: cool access (16801), hot access (0), error acces (0).
/*BANK*/3->0: cool access (19940), hot access (0), error acces (0).
/*BANK*/3->1: cool access (27545), hot access (0), error acces (0).
/*BANK*/3->2: cool access (23696), hot access (0), error acces (0).
/*BANK*/3->3: cool access (23846), hot access (0), error acces (0).
/*BANK*/3->4: cool access (21020), hot access (0), error acces (0).
/*BANK*/3->5: cool access (13145), hot access (0), error acces (0).
/*BANK*/3->6: cool access (17774), hot access (0), error acces (0).
/*BANK*/3->7: cool access (14722), hot access (0), error acces (0).
/*BANK*/4->0: cool access (26767), hot access (0), error acces (0).
/*BANK*/4->1: cool access (32774), hot access (0), error acces (0).
/*BANK*/4->2: cool access (24016), hot access (0), error acces (0).
/*BANK*/4->3: cool access (23044), hot access (0), error acces (0).
/*BANK*/4->4: cool access (24719), hot access (0), error acces (0).
/*BANK*/4->5: cool access (15178), hot access (0), error acces (0).
/*BANK*/4->6: cool access (17405), hot access (0), error acces (0).
/*BANK*/4->7: cool access (16558), hot access (0), error acces (0).
/*BANK*/5->0: cool access (33693), hot access (0), error acces (0).
/*BANK*/5->1: cool access (29230), hot access (0), error acces (0).
/*BANK*/5->2: cool access (22483), hot access (0), error acces (0).
/*BANK*/5->3: cool access (23691), hot access (0), error acces (0).
/*BANK*/5->4: cool access (25861), hot access (0), error acces (0).
/*BANK*/5->5: cool access (13587), hot access (0), error acces (0).
/*BANK*/5->6: cool access (16203), hot access (0), error acces (0).
/*BANK*/5->7: cool access (16246), hot access (0), error acces (0).
/*BANK*/6->0: cool access (30352), hot access (0), error acces (0).
/*BANK*/6->1: cool access (34672), hot access (0), error acces (0).
/*BANK*/6->2: cool access (23435), hot access (0), error acces (0).
/*BANK*/6->3: cool access (23959), hot access (0), error acces (0).
/*BANK*/6->4: cool access (25641), hot access (0), error acces (0).
/*BANK*/6->5: cool access (15245), hot access (0), error acces (0).
/*BANK*/6->6: cool access (16232), hot access (0), error acces (0).
/*BANK*/6->7: cool access (16288), hot access (0), error acces (0).
/*BANK*/7->0: cool access (33878), hot access (0), error acces (0).
/*BANK*/7->1: cool access (32776), hot access (0), error acces (0).
/*BANK*/7->2: cool access (22284), hot access (0), error acces (0).
/*BANK*/7->3: cool access (22370), hot access (0), error acces (0).
/*BANK*/7->4: cool access (27304), hot access (0), error acces (0).
/*BANK*/7->5: cool access (15981), hot access (0), error acces (0).
/*BANK*/7->6: cool access (16208), hot access (0), error acces (0).
/*BANK*/7->7: cool access (16540), hot access (0), error acces (0).
/*BANK*/8->0: cool access (34395), hot access (2912), error acces (0).
/*BANK*/8->1: cool access (32937), hot access (0), error acces (0).
/*BANK*/8->2: cool access (24477), hot access (0), error acces (0).
/*BANK*/8->3: cool access (23664), hot access (0), error acces (0).
/*BANK*/8->4: cool access (24725), hot access (0), error acces (0).
/*BANK*/8->5: cool access (16775), hot access (0), error acces (0).
/*BANK*/8->6: cool access (17930), hot access (0), error acces (0).
/*BANK*/8->7: cool access (20061), hot access (0), error acces (0).
/*BANK*/9->0: cool access (36291), hot access (0), error acces (0).
/*BANK*/9->1: cool access (24385), hot access (0), error acces (0).
/*BANK*/9->2: cool access (20641), hot access (0), error acces (0).
/*BANK*/9->3: cool access (23148), hot access (0), error acces (0).
/*BANK*/9->4: cool access (21359), hot access (0), error acces (0).
/*BANK*/9->5: cool access (16657), hot access (0), error acces (0).
/*BANK*/9->6: cool access (16485), hot access (0), error acces (0).
/*BANK*/9->7: cool access (19465), hot access (0), error acces (0).
/*BANK*/10->0: cool access (34326), hot access (0), error acces (0).
/*BANK*/10->1: cool access (24115), hot access (0), error acces (0).
/*BANK*/10->2: cool access (21608), hot access (0), error acces (0).
/*BANK*/10->3: cool access (30044), hot access (0), error acces (0).
/*BANK*/10->4: cool access (20176), hot access (0), error acces (0).
/*BANK*/10->5: cool access (14803), hot access (0), error acces (0).
/*BANK*/10->6: cool access (17848), hot access (0), error acces (0).
/*BANK*/10->7: cool access (19997), hot access (0), error acces (0).
/*BANK*/11->0: cool access (34438), hot access (0), error acces (0).
/*BANK*/11->1: cool access (24803), hot access (0), error acces (0).
/*BANK*/11->2: cool access (19557), hot access (0), error acces (0).
/*BANK*/11->3: cool access (29578), hot access (0), error acces (0).
/*BANK*/11->4: cool access (20726), hot access (0), error acces (0).
/*BANK*/11->5: cool access (17845), hot access (0), error acces (0).
/*BANK*/11->6: cool access (16379), hot access (0), error acces (0).
/*BANK*/11->7: cool access (20239), hot access (0), error acces (0).
/*BANK*/12->0: cool access (28366), hot access (7311), error acces (7301).
/*BANK*/12->1: cool access (19040), hot access (4148), error acces (0).
/*BANK*/12->2: cool access (18714), hot access (4005), error acces (0).
/*BANK*/12->3: cool access (30460), hot access (0), error acces (0).
/*BANK*/12->4: cool access (17796), hot access (0), error acces (0).
/*BANK*/12->5: cool access (15517), hot access (0), error acces (0).
/*BANK*/12->6: cool access (18412), hot access (0), error acces (0).
/*BANK*/12->7: cool access (20669), hot access (0), error acces (0).
/*BANK*/13->0: cool access (32187), hot access (218), error acces (0).
/*BANK*/13->1: cool access (20446), hot access (3332), error acces (0).
/*BANK*/13->2: cool access (22832), hot access (0), error acces (0).
/*BANK*/13->3: cool access (29373), hot access (0), error acces (0).
/*BANK*/13->4: cool access (21381), hot access (0), error acces (0).
/*BANK*/13->5: cool access (13138), hot access (0), error acces (0).
/*BANK*/13->6: cool access (16910), hot access (0), error acces (0).
/*BANK*/13->7: cool access (17031), hot access (0), error acces (0).
/*BANK*/14->0: cool access (23678), hot access (8003), error acces (0).
/*BANK*/14->1: cool access (26145), hot access (3076), error acces (0).
/*BANK*/14->2: cool access (23659), hot access (121), error acces (0).
/*BANK*/14->3: cool access (30838), hot access (0), error acces (0).
/*BANK*/14->4: cool access (19218), hot access (0), error acces (0).
/*BANK*/14->5: cool access (17523), hot access (0), error acces (0).
/*BANK*/14->6: cool access (16868), hot access (0), error acces (0).
/*BANK*/14->7: cool access (18448), hot access (0), error acces (0).
/*BANK*/15->0: cool access (40114), hot access (0), error acces (0).
/*BANK*/15->1: cool access (28692), hot access (0), error acces (0).
/*BANK*/15->2: cool access (23011), hot access (0), error acces (0).
/*BANK*/15->3: cool access (24825), hot access (0), error acces (0).
/*BANK*/15->4: cool access (17913), hot access (0), error acces (0).
/*BANK*/15->5: cool access (15190), hot access (0), error acces (0).
/*BANK*/15->6: cool access (16833), hot access (0), error acces (0).
/*BANK*/15->7: cool access (17587), hot access (0), error acces (0).
/*BANK*/16->0: cool access (22089), hot access (6454), error acces (0).
/*BANK*/16->1: cool access (25498), hot access (3805), error acces (0).
/*BANK*/16->2: cool access (25549), hot access (0), error acces (0).
/*BANK*/16->3: cool access (26825), hot access (0), error acces (0).
/*BANK*/16->4: cool access (17722), hot access (0), error acces (0).
/*BANK*/16->5: cool access (17121), hot access (0), error acces (0).
/*BANK*/16->6: cool access (17388), hot access (0), error acces (0).
/*BANK*/16->7: cool access (19375), hot access (0), error acces (0).
/*BANK*/17->0: cool access (35523), hot access (0), error acces (0).
/*BANK*/17->1: cool access (26408), hot access (0), error acces (0).
/*BANK*/17->2: cool access (23995), hot access (0), error acces (0).
/*BANK*/17->3: cool access (29434), hot access (0), error acces (0).
/*BANK*/17->4: cool access (18739), hot access (0), error acces (0).
/*BANK*/17->5: cool access (18374), hot access (0), error acces (0).
/*BANK*/17->6: cool access (16079), hot access (0), error acces (0).
/*BANK*/17->7: cool access (20501), hot access (0), error acces (0).
/*BANK*/18->0: cool access (28222), hot access (5222), error acces (0).
/*BANK*/18->1: cool access (24679), hot access (14), error acces (0).
/*BANK*/18->2: cool access (24398), hot access (0), error acces (0).
/*BANK*/18->3: cool access (30807), hot access (0), error acces (0).
/*BANK*/18->4: cool access (17782), hot access (0), error acces (0).
/*BANK*/18->5: cool access (20650), hot access (0), error acces (0).
/*BANK*/18->6: cool access (17432), hot access (0), error acces (0).
/*BANK*/18->7: cool access (19722), hot access (0), error acces (0).
/*BANK*/19->0: cool access (35105), hot access (0), error acces (0).
/*BANK*/19->1: cool access (24187), hot access (0), error acces (0).
/*BANK*/19->2: cool access (24181), hot access (0), error acces (0).
/*BANK*/19->3: cool access (29554), hot access (0), error acces (0).
/*BANK*/19->4: cool access (19841), hot access (0), error acces (0).
/*BANK*/19->5: cool access (20245), hot access (0), error acces (0).
/*BANK*/19->6: cool access (16421), hot access (0), error acces (0).
/*BANK*/19->7: cool access (21861), hot access (0), error acces (0).
/*BANK*/20->0: cool access (25089), hot access (7720), error acces (0).
/*BANK*/20->1: cool access (20692), hot access (5338), error acces (0).
/*BANK*/20->2: cool access (22886), hot access (0), error acces (0).
/*BANK*/20->3: cool access (27714), hot access (0), error acces (0).
/*BANK*/20->4: cool access (16497), hot access (0), error acces (0).
/*BANK*/20->5: cool access (19133), hot access (0), error acces (0).
/*BANK*/20->6: cool access (16954), hot access (0), error acces (0).
/*BANK*/20->7: cool access (19355), hot access (0), error acces (0).
/*BANK*/21->0: cool access (37024), hot access (0), error acces (0).
/*BANK*/21->1: cool access (23981), hot access (0), error acces (0).
/*BANK*/21->2: cool access (23948), hot access (0), error acces (0).
/*BANK*/21->3: cool access (27866), hot access (0), error acces (0).
/*BANK*/21->4: cool access (21103), hot access (0), error acces (0).
/*BANK*/21->5: cool access (19416), hot access (0), error acces (0).
/*BANK*/21->6: cool access (17993), hot access (0), error acces (0).
/*BANK*/21->7: cool access (20108), hot access (0), error acces (0).
/*BANK*/22->0: cool access (25398), hot access (6028), error acces (0).
/*BANK*/22->1: cool access (27519), hot access (1052), error acces (0).
/*BANK*/22->2: cool access (24491), hot access (0), error acces (0).
/*BANK*/22->3: cool access (30354), hot access (0), error acces (0).
/*BANK*/22->4: cool access (19809), hot access (0), error acces (0).
/*BANK*/22->5: cool access (21611), hot access (0), error acces (0).
/*BANK*/22->6: cool access (15742), hot access (0), error acces (0).
/*BANK*/22->7: cool access (19536), hot access (0), error acces (0).
/*BANK*/23->0: cool access (34112), hot access (0), error acces (0).
/*BANK*/23->1: cool access (26971), hot access (0), error acces (0).
/*BANK*/23->2: cool access (23533), hot access (0), error acces (0).
/*BANK*/23->3: cool access (28164), hot access (0), error acces (0).
/*BANK*/23->4: cool access (19384), hot access (0), error acces (0).
/*BANK*/23->5: cool access (20702), hot access (0), error acces (0).
/*BANK*/23->6: cool access (12911), hot access (0), error acces (0).
/*BANK*/23->7: cool access (20229), hot access (0), error acces (0).
/*BANK*/24->0: cool access (23833), hot access (6477), error acces (6457).
/*BANK*/24->1: cool access (22288), hot access (6737), error acces (0).
/*BANK*/24->2: cool access (21099), hot access (3952), error acces (0).
/*BANK*/24->3: cool access (27264), hot access (0), error acces (0).
/*BANK*/24->4: cool access (17751), hot access (0), error acces (0).
/*BANK*/24->5: cool access (21915), hot access (0), error acces (0).
/*BANK*/24->6: cool access (15376), hot access (0), error acces (0).
/*BANK*/24->7: cool access (18783), hot access (0), error acces (0).
/*BANK*/25->0: cool access (35028), hot access (446), error acces (0).
/*BANK*/25->1: cool access (21389), hot access (4067), error acces (0).
/*BANK*/25->2: cool access (23738), hot access (0), error acces (0).
/*BANK*/25->3: cool access (25718), hot access (0), error acces (0).
/*BANK*/25->4: cool access (16604), hot access (0), error acces (0).
/*BANK*/25->5: cool access (20477), hot access (0), error acces (0).
/*BANK*/25->6: cool access (11927), hot access (0), error acces (0).
/*BANK*/25->7: cool access (20323), hot access (0), error acces (0).
/*BANK*/26->0: cool access (20695), hot access (6348), error acces (0).
/*BANK*/26->1: cool access (22545), hot access (4275), error acces (0).
/*BANK*/26->2: cool access (24777), hot access (93), error acces (0).
/*BANK*/26->3: cool access (29682), hot access (0), error acces (0).
/*BANK*/26->4: cool access (19287), hot access (0), error acces (0).
/*BANK*/26->5: cool access (22172), hot access (0), error acces (0).
/*BANK*/26->6: cool access (14093), hot access (0), error acces (0).
/*BANK*/26->7: cool access (20196), hot access (0), error acces (0).
/*BANK*/27->0: cool access (31637), hot access (0), error acces (0).
/*BANK*/27->1: cool access (22681), hot access (0), error acces (0).
/*BANK*/27->2: cool access (23624), hot access (0), error acces (0).
/*BANK*/27->3: cool access (33677), hot access (0), error acces (0).
/*BANK*/27->4: cool access (14606), hot access (0), error acces (0).
/*BANK*/27->5: cool access (22222), hot access (0), error acces (0).
/*BANK*/27->6: cool access (13554), hot access (0), error acces (0).
/*BANK*/27->7: cool access (19101), hot access (0), error acces (0).
/*BANK*/28->0: cool access (25412), hot access (7385), error acces (0).
/*BANK*/28->1: cool access (22288), hot access (1964), error acces (0).
/*BANK*/28->2: cool access (22986), hot access (0), error acces (0).
/*BANK*/28->3: cool access (22171), hot access (0), error acces (0).
/*BANK*/28->4: cool access (11862), hot access (0), error acces (0).
/*BANK*/28->5: cool access (19958), hot access (0), error acces (0).
/*BANK*/28->6: cool access (13708), hot access (0), error acces (0).
/*BANK*/28->7: cool access (20877), hot access (0), error acces (0).
/*BANK*/29->0: cool access (31503), hot access (0), error acces (0).
/*BANK*/29->1: cool access (23799), hot access (0), error acces (0).
/*BANK*/29->2: cool access (24484), hot access (0), error acces (0).
/*BANK*/29->3: cool access (26174), hot access (0), error acces (0).
/*BANK*/29->4: cool access (11655), hot access (0), error acces (0).
/*BANK*/29->5: cool access (20247), hot access (0), error acces (0).
/*BANK*/29->6: cool access (13425), hot access (0), error acces (0).
/*BANK*/29->7: cool access (20922), hot access (0), error acces (0).
/*BANK*/30->0: cool access (32247), hot access (1188), error acces (0).
/*BANK*/30->1: cool access (24990), hot access (0), error acces (0).
/*BANK*/30->2: cool access (22927), hot access (0), error acces (0).
/*BANK*/30->3: cool access (25221), hot access (0), error acces (0).
/*BANK*/30->4: cool access (12458), hot access (0), error acces (0).
/*BANK*/30->5: cool access (20278), hot access (0), error acces (0).
/*BANK*/30->6: cool access (12582), hot access (0), error acces (0).
/*BANK*/30->7: cool access (20189), hot access (0), error acces (0).
/*BANK*/31->0: cool access (30169), hot access (0), error acces (0).
/*BANK*/31->1: cool access (23103), hot access (0), error acces (0).
/*BANK*/31->2: cool access (22230), hot access (0), error acces (0).
/*BANK*/31->3: cool access (25116), hot access (0), error acces (0).
/*BANK*/31->4: cool access (11411), hot access (0), error acces (0).
/*BANK*/31->5: cool access (20100), hot access (0), error acces (0).
/*BANK*/31->6: cool access (12844), hot access (0), error acces (0).
/*BANK*/31->7: cool access (20142), hot access (0), error acces (0).
{Summary}: 111691 Hot Accesses, 5739846 Cool Accesses.

 ***** [REF/AC_Result] *****
                     Power     Energy    Energy %
  core-core        11.29 W     2.33  J     24.59%
  core-ifetch       2.73 W     0.56  J      5.93%
  core-alu          1.35 W     0.28  J      2.94%
  core-int          2.18 W     0.45  J      4.75%
  core-fp           3.66 W     0.75  J      7.96%
  core-mem          2.90 W     0.60  J      6.32%
  core-other        3.79 W     0.78  J      8.26%
  icache            2.09 W     0.43  J      4.56%
  dcache            6.34 W     1.31  J     13.80%
  l2                1.71 W     0.35  J      3.72%
  l3                3.42 W     0.70  J      7.45%
  dram              4.43 W     0.91  J      9.64%
  other             0.03 W     6.74 mJ      0.07%

  core             27.91 W     5.75  J     60.76%
  cache            13.56 W     2.79  J     29.53%
  total            45.93 W     9.46  J    100.00%
Warning: Unable to run gnuplot to create cpi stack graphs.  Maybe gnuplot is not installed?
[SNIPER] End
[SNIPER] Elapsed time: 6686.58 seconds
[SNIPER] Running McPAT
[SPLASH] [----------    End of output    ----------]
[SPLASH] Done.
/scratch/miz087/results/cross_mix_25us_5_splash2_raytrace_large
[Benchmarks] set sniper output to rundi /scratch/miz087/results/cross_mix_25us_5_splash2_raytrace_large
/scratch/miz087/results/cross_mix_25us_5_splash2_raytrace_large
[SPLASH] Benchmarks to run: raytrace

[SPLASH] [========== Running benchmark raytrace ==========]
[SPLASH] Setting up run directory: /scratch/miz087/results/cross_mix_25us_5_splash2_raytrace_large
[SPLASH] Extracting output: mkdir /scratch/miz087/results/cross_mix_25us_5_splash2_raytrace_large/inputs; gunzip < /home_masters/miz087/workplace/micro_exp/benchmarks/splash2/splash2/codes/apps/raytrace/inputs/car.env.Z > /scratch/miz087/results/cross_mix_25us_5_splash2_raytrace_large/inputs/car.env; gunzip < /home_masters/miz087/workplace/micro_exp/benchmarks/splash2/splash2/codes/apps/raytrace/inputs/car.geo.Z > /scratch/miz087/results/cross_mix_25us_5_splash2_raytrace_large/inputs/car.geo
[SPLASH] Running 'SNIPER_APP_LD_PRELOAD=$LD_PRELOAD; unset LD_PRELOAD; /home_masters/miz087/workplace/micro_exp/run-sniper -n 4 -m 'localhost' -d '/scratch/miz087/results/cross_mix_25us_5_splash2_raytrace_large' -sthermalstats --power -c gainestown_cache --roi --curdir=/home_masters/miz087/workplace/micro_exp/benchmarks  --  /home_masters/miz087/workplace/micro_exp/benchmarks/splash2/splash2/codes/apps/raytrace/RAYTRACE -p4 -m64 -a4 inputs/car.env':
[SPLASH] [---------- Beginning of output ----------]
[SNIPER] Start
----------BEGIN_INIT_STATS_MANAGER------------
----------END_INIT_STATS_MANAGER------------
Normal Cache Total set: 524288
now initialize a stacked dram unison cache
Executing Python script /scratch/miz087/results/cross_mix_25us_5_splash2_raytrace_large/sim.scripts.py
[SNIPER] --------------------------------------------------------------------------------
[SNIPER] Sniper using Pin frontend
[SNIPER] Running pre-ROI region in  CACHE_ONLY mode
[SNIPER] Running application ROI in DETAILED mode
[SNIPER] Running post-ROI region in FAST_FORWARD mode
[SNIPER] --------------------------------------------------------------------------------
[Benchmarks] set sniper output to rundi /scratch/miz087/results/cross_mix_25us_5_splash2_raytrace_large
/scratch/miz087/results/cross_mix_25us_5_splash2_raytrace_large
[SPLASH] Benchmarks to run: raytrace

[SPLASH] [========== Running benchmark raytrace ==========]
[SPLASH] Setting up run directory: /scratch/miz087/results/cross_mix_25us_5_splash2_raytrace_large
[SPLASH] Extracting output: mkdir /scratch/miz087/results/cross_mix_25us_5_splash2_raytrace_large/inputs; gunzip < /home_masters/miz087/workplace/micro_exp/benchmarks/splash2/splash2/codes/apps/raytrace/inputs/car.env.Z > /scratch/miz087/results/cross_mix_25us_5_splash2_raytrace_large/inputs/car.env; gunzip < /home_masters/miz087/workplace/micro_exp/benchmarks/splash2/splash2/codes/apps/raytrace/inputs/car.geo.Z > /scratch/miz087/results/cross_mix_25us_5_splash2_raytrace_large/inputs/car.geo
mkdir: cannot create directory ‘/scratch/miz087/results/cross_mix_25us_5_splash2_raytrace_large/inputs’: File exists
[SPLASH] Running 'SNIPER_APP_LD_PRELOAD=$LD_PRELOAD; unset LD_PRELOAD; /home_masters/miz087/workplace/micro_exp/run-sniper -n 4 -m 'localhost' -d '/scratch/miz087/results/cross_mix_25us_5_splash2_raytrace_large' -sthermalstats --power -c gainestown_cache --roi --curdir=/home_masters/miz087/workplace/micro_exp/benchmarks  --  /home_masters/miz087/workplace/micro_exp/benchmarks/splash2/splash2/codes/apps/raytrace/RAYTRACE -p4 -m64 -a4 inputs/car.env':
[SPLASH] [---------- Beginning of output ----------]
[SNIPER] Start
----------BEGIN_INIT_STATS_MANAGER------------
----------END_INIT_STATS_MANAGER------------
Normal Cache Total set: 524288
now initialize a stacked dram unison cache
Executing Python script /scratch/miz087/results/cross_mix_25us_5_splash2_raytrace_large/sim.scripts.py
[SNIPER] --------------------------------------------------------------------------------
[SNIPER] Sniper using Pin frontend
[SNIPER] Running pre-ROI region in  CACHE_ONLY mode
[SNIPER] Running application ROI in DETAILED mode
[SNIPER] Running post-ROI region in FAST_FORWARD mode
[SNIPER] --------------------------------------------------------------------------------

Number of processors:     	4
Global shared memory size:	64 MB
Samples per pixel:        	4

Number of primitive objects: 	7629
Number of primitive elements:	46423
Uniform Hierarchy built.
[HOOKS] Entering ROI
[SNIPER] Enabling performance models
[SNIPER] Setting instrumentation mode to DETAILED
[SNIPER] Disabling performance models
[SNIPER] Leaving ROI after 5393.79 seconds
[SNIPER] Simulated 1989.7M instructions, 1386.8M cycles, 1.43 IPC
[SNIPER] Simulation speed 370.5 KIPS (92.6 KIPS / target core - 10797.1ns/instr)
[SNIPER] Sampling: executed 37.92% of simulated time in detailed mode
[SNIPER] Setting instrumentation mode to FAST_FORWARD
[HOOKS] Leaving ROI

****** Hierarchial uniform grid memory allocation summary ******* 

     < struct >:            < current >   < maximum >    < sizeof > 
     <  bytes >:             <  bytes >   <   bytes >    <  bytes > 

     grid:                      59760         59760           144 
     hashtable entries:        678968        678968             8 
     emptycell entries:          6632          6632             8 
     voxel:                   1251480       1251480            40 
     bintree_node:           12370320      12370320           120 

     Totals:                 14367160      14367160      

TIMING STATISTICS MEASURED BY MAIN PROCESS:
        Overall start time         1491286723824507
        Overall end time       1491292073353697
        Total time with initialization            1054561894
        Total time without initialization            5349021169

 ***** [DRAM_CACHE_Result] *****

*** DRAM Total Access: 2295368, miss: 388236, miss rate: 0.169139
*** DRAM Total Access In ROI: 393259, miss: 31369, miss rate: 0.0797668
*** DRAM Remap Times: 798 invalid times, 7408 total invalid_blocks, 0 migrate times, 0 total migrate blocks.
*** DRAM Statistics: 626031074 reads, 263819595 writes, 778340093 row hits, 25462591 ACT time, 25462591 PRE time, 19306059 RD time, 6156478 WR time.

 ***** [DRAM_CACHE_Result] *****

[RAMULATOR OUTPUT]

**Total Ticks: 279608540

**Ramulator Active Cycles: 2.58079e+07

**DRAM Cycles: 2.79609e+08

**Maximum Bandwidth: 0

Number of Incoming Requests: 4.97984e+06

**Serving Request**
Channel_0: serving reads(102579), serving writes(40042).
Channel_1: serving reads(98124), serving writes(39662).
Channel_2: serving reads(102318), serving writes(40870).
Channel_3: serving reads(91783), serving writes(37679).
Channel_4: serving reads(99998), serving writes(40701).
Channel_5: serving reads(102097), serving writes(41755).
Channel_6: serving reads(104681), serving writes(42190).
Channel_7: serving reads(105432), serving writes(42408).
Channel_8: serving reads(110577), serving writes(43104).
Channel_9: serving reads(99947), serving writes(40351).
Channel_10: serving reads(104141), serving writes(41787).
Channel_11: serving reads(102665), serving writes(41169).
Channel_12: serving reads(103625), serving writes(40804).
Channel_13: serving reads(98822), serving writes(40245).
Channel_14: serving reads(106455), serving writes(41730).
Channel_15: serving reads(106808), serving writes(42081).
Channel_16: serving reads(103903), serving writes(40838).
Channel_17: serving reads(106304), serving writes(42474).
Channel_18: serving reads(109221), serving writes(41530).
Channel_19: serving reads(107950), serving writes(42401).
Channel_20: serving reads(104801), serving writes(40967).
Channel_21: serving reads(108987), serving writes(42918).
Channel_22: serving reads(109174), serving writes(41532).
Channel_23: serving reads(106758), serving writes(40719).
Channel_24: serving reads(106939), serving writes(41261).
Channel_25: serving reads(104606), serving writes(41098).
Channel_26: serving reads(102818), serving writes(40622).
Channel_27: serving reads(100439), serving writes(39938).
Channel_28: serving reads(94239), serving writes(38611).
Channel_29: serving reads(96015), serving writes(39433).
Channel_30: serving reads(94512), serving writes(38520).
Channel_31: serving reads(94153), serving writes(38724).
[RAMULATOR OUTPUT]

----------[STAT_STORE_UNIT]-----------

Hot Access: 66776, Cool Access: 4916791

Hits on previous hot rows: 610

Hits on previous cool rows: 33

Total remap times: 399, Total Inter-Vault remaps: 399, Total number of intervals: 3183


----------[STAT_STORE_UNIT]-----------

 ***** [REF/AC_Result] *****
/*BANK*/0->0: cool access (4714), hot access (0), error acces (0).
/*BANK*/0->1: cool access (8520), hot access (0), error acces (0).
/*BANK*/0->2: cool access (4883), hot access (0), error acces (0).
/*BANK*/0->3: cool access (2253), hot access (0), error acces (0).
/*BANK*/0->4: cool access (6098), hot access (0), error acces (0).
/*BANK*/0->5: cool access (3166), hot access (0), error acces (0).
/*BANK*/0->6: cool access (4161), hot access (0), error acces (0).
/*BANK*/0->7: cool access (6877), hot access (0), error acces (0).
/*BANK*/1->0: cool access (4146), hot access (0), error acces (0).
/*BANK*/1->1: cool access (9270), hot access (0), error acces (0).
/*BANK*/1->2: cool access (4145), hot access (0), error acces (0).
/*BANK*/1->3: cool access (3082), hot access (0), error acces (0).
/*BANK*/1->4: cool access (4929), hot access (0), error acces (0).
/*BANK*/1->5: cool access (2932), hot access (0), error acces (0).
/*BANK*/1->6: cool access (4517), hot access (0), error acces (0).
/*BANK*/1->7: cool access (2010), hot access (0), error acces (0).
/*BANK*/2->0: cool access (4900), hot access (0), error acces (0).
/*BANK*/2->1: cool access (8044), hot access (0), error acces (0).
/*BANK*/2->2: cool access (4678), hot access (0), error acces (0).
/*BANK*/2->3: cool access (3338), hot access (0), error acces (0).
/*BANK*/2->4: cool access (6367), hot access (0), error acces (0).
/*BANK*/2->5: cool access (3666), hot access (0), error acces (0).
/*BANK*/2->6: cool access (3769), hot access (0), error acces (0).
/*BANK*/2->7: cool access (2710), hot access (0), error acces (0).
/*BANK*/3->0: cool access (3848), hot access (0), error acces (0).
/*BANK*/3->1: cool access (7028), hot access (0), error acces (0).
/*BANK*/3->2: cool access (4248), hot access (0), error acces (0).
/*BANK*/3->3: cool access (4056), hot access (0), error acces (0).
/*BANK*/3->4: cool access (4536), hot access (0), error acces (0).
/*BANK*/3->5: cool access (2490), hot access (0), error acces (0).
/*BANK*/3->6: cool access (3848), hot access (0), error acces (0).
/*BANK*/3->7: cool access (2859), hot access (0), error acces (0).
/*BANK*/4->0: cool access (5393), hot access (0), error acces (0).
/*BANK*/4->1: cool access (8124), hot access (0), error acces (0).
/*BANK*/4->2: cool access (4875), hot access (0), error acces (0).
/*BANK*/4->3: cool access (3257), hot access (0), error acces (0).
/*BANK*/4->4: cool access (4737), hot access (0), error acces (0).
/*BANK*/4->5: cool access (3619), hot access (0), error acces (0).
/*BANK*/4->6: cool access (3684), hot access (0), error acces (0).
/*BANK*/4->7: cool access (2869), hot access (0), error acces (0).
/*BANK*/5->0: cool access (6849), hot access (0), error acces (0).
/*BANK*/5->1: cool access (6080), hot access (0), error acces (0).
/*BANK*/5->2: cool access (3698), hot access (0), error acces (0).
/*BANK*/5->3: cool access (3868), hot access (0), error acces (0).
/*BANK*/5->4: cool access (6239), hot access (0), error acces (0).
/*BANK*/5->5: cool access (3293), hot access (0), error acces (0).
/*BANK*/5->6: cool access (3018), hot access (0), error acces (0).
/*BANK*/5->7: cool access (3614), hot access (0), error acces (0).
/*BANK*/6->0: cool access (6555), hot access (0), error acces (0).
/*BANK*/6->1: cool access (6394), hot access (0), error acces (0).
/*BANK*/6->2: cool access (4754), hot access (0), error acces (0).
/*BANK*/6->3: cool access (3525), hot access (0), error acces (0).
/*BANK*/6->4: cool access (4459), hot access (0), error acces (0).
/*BANK*/6->5: cool access (2484), hot access (0), error acces (0).
/*BANK*/6->6: cool access (3194), hot access (0), error acces (0).
/*BANK*/6->7: cool access (2937), hot access (0), error acces (0).
/*BANK*/7->0: cool access (9234), hot access (0), error acces (0).
/*BANK*/7->1: cool access (6073), hot access (0), error acces (0).
/*BANK*/7->2: cool access (3588), hot access (0), error acces (0).
/*BANK*/7->3: cool access (4080), hot access (0), error acces (0).
/*BANK*/7->4: cool access (6004), hot access (0), error acces (0).
/*BANK*/7->5: cool access (3236), hot access (0), error acces (0).
/*BANK*/7->6: cool access (3108), hot access (0), error acces (0).
/*BANK*/7->7: cool access (3241), hot access (0), error acces (0).
/*BANK*/8->0: cool access (5516), hot access (4591), error acces (0).
/*BANK*/8->1: cool access (6779), hot access (0), error acces (0).
/*BANK*/8->2: cool access (4601), hot access (0), error acces (0).
/*BANK*/8->3: cool access (3139), hot access (0), error acces (0).
/*BANK*/8->4: cool access (6447), hot access (0), error acces (0).
/*BANK*/8->5: cool access (3147), hot access (0), error acces (0).
/*BANK*/8->6: cool access (4297), hot access (0), error acces (0).
/*BANK*/8->7: cool access (3777), hot access (0), error acces (0).
/*BANK*/9->0: cool access (9912), hot access (0), error acces (0).
/*BANK*/9->1: cool access (5623), hot access (0), error acces (0).
/*BANK*/9->2: cool access (2424), hot access (0), error acces (0).
/*BANK*/9->3: cool access (3731), hot access (0), error acces (0).
/*BANK*/9->4: cool access (4931), hot access (0), error acces (0).
/*BANK*/9->5: cool access (3510), hot access (0), error acces (0).
/*BANK*/9->6: cool access (3230), hot access (0), error acces (0).
/*BANK*/9->7: cool access (3355), hot access (0), error acces (0).
/*BANK*/10->0: cool access (7695), hot access (0), error acces (0).
/*BANK*/10->1: cool access (4909), hot access (0), error acces (0).
/*BANK*/10->2: cool access (2077), hot access (0), error acces (0).
/*BANK*/10->3: cool access (6288), hot access (0), error acces (0).
/*BANK*/10->4: cool access (4197), hot access (0), error acces (0).
/*BANK*/10->5: cool access (2574), hot access (0), error acces (0).
/*BANK*/10->6: cool access (4074), hot access (0), error acces (0).
/*BANK*/10->7: cool access (4173), hot access (0), error acces (0).
/*BANK*/11->0: cool access (8751), hot access (0), error acces (0).
/*BANK*/11->1: cool access (5251), hot access (0), error acces (0).
/*BANK*/11->2: cool access (1802), hot access (0), error acces (0).
/*BANK*/11->3: cool access (7496), hot access (0), error acces (0).
/*BANK*/11->4: cool access (4320), hot access (0), error acces (0).
/*BANK*/11->5: cool access (4365), hot access (0), error acces (0).
/*BANK*/11->6: cool access (3423), hot access (0), error acces (0).
/*BANK*/11->7: cool access (3262), hot access (0), error acces (0).
/*BANK*/12->0: cool access (0), hot access (8131), error acces (8131).
/*BANK*/12->1: cool access (0), hot access (4421), error acces (0).
/*BANK*/12->2: cool access (0), hot access (3840), error acces (0).
/*BANK*/12->3: cool access (7934), hot access (0), error acces (0).
/*BANK*/12->4: cool access (4105), hot access (0), error acces (0).
/*BANK*/12->5: cool access (4375), hot access (0), error acces (0).
/*BANK*/12->6: cool access (4108), hot access (0), error acces (0).
/*BANK*/12->7: cool access (3919), hot access (0), error acces (0).
/*BANK*/13->0: cool access (6744), hot access (455), error acces (0).
/*BANK*/13->1: cool access (2162), hot access (2939), error acces (0).
/*BANK*/13->2: cool access (3928), hot access (0), error acces (0).
/*BANK*/13->3: cool access (7025), hot access (0), error acces (0).
/*BANK*/13->4: cool access (4003), hot access (0), error acces (0).
/*BANK*/13->5: cool access (3838), hot access (0), error acces (0).
/*BANK*/13->6: cool access (3527), hot access (0), error acces (0).
/*BANK*/13->7: cool access (2871), hot access (0), error acces (0).
/*BANK*/14->0: cool access (0), hot access (8342), error acces (0).
/*BANK*/14->1: cool access (3230), hot access (2963), error acces (0).
/*BANK*/14->2: cool access (4533), hot access (50), error acces (0).
/*BANK*/14->3: cool access (7947), hot access (0), error acces (0).
/*BANK*/14->4: cool access (4228), hot access (0), error acces (0).
/*BANK*/14->5: cool access (4141), hot access (0), error acces (0).
/*BANK*/14->6: cool access (3641), hot access (0), error acces (0).
/*BANK*/14->7: cool access (3337), hot access (0), error acces (0).
/*BANK*/15->0: cool access (11783), hot access (0), error acces (0).
/*BANK*/15->1: cool access (6078), hot access (0), error acces (0).
/*BANK*/15->2: cool access (3935), hot access (0), error acces (0).
/*BANK*/15->3: cool access (4946), hot access (0), error acces (0).
/*BANK*/15->4: cool access (4574), hot access (0), error acces (0).
/*BANK*/15->5: cool access (3434), hot access (0), error acces (0).
/*BANK*/15->6: cool access (3679), hot access (0), error acces (0).
/*BANK*/15->7: cool access (2960), hot access (0), error acces (0).
/*BANK*/16->0: cool access (0), hot access (7822), error acces (0).
/*BANK*/16->1: cool access (2755), hot access (3255), error acces (0).
/*BANK*/16->2: cool access (5273), hot access (0), error acces (0).
/*BANK*/16->3: cool access (4607), hot access (0), error acces (0).
/*BANK*/16->4: cool access (3330), hot access (0), error acces (0).
/*BANK*/16->5: cool access (3644), hot access (0), error acces (0).
/*BANK*/16->6: cool access (4144), hot access (0), error acces (0).
/*BANK*/16->7: cool access (3001), hot access (0), error acces (0).
/*BANK*/17->0: cool access (8629), hot access (0), error acces (0).
/*BANK*/17->1: cool access (6020), hot access (0), error acces (0).
/*BANK*/17->2: cool access (4530), hot access (0), error acces (0).
/*BANK*/17->3: cool access (5522), hot access (0), error acces (0).
/*BANK*/17->4: cool access (3873), hot access (0), error acces (0).
/*BANK*/17->5: cool access (4032), hot access (0), error acces (0).
/*BANK*/17->6: cool access (3305), hot access (0), error acces (0).
/*BANK*/17->7: cool access (3648), hot access (0), error acces (0).
/*BANK*/18->0: cool access (2364), hot access (5844), error acces (0).
/*BANK*/18->1: cool access (5876), hot access (0), error acces (0).
/*BANK*/18->2: cool access (4157), hot access (0), error acces (0).
/*BANK*/18->3: cool access (5127), hot access (0), error acces (0).
/*BANK*/18->4: cool access (4059), hot access (0), error acces (0).
/*BANK*/18->5: cool access (3955), hot access (0), error acces (0).
/*BANK*/18->6: cool access (4240), hot access (0), error acces (0).
/*BANK*/18->7: cool access (3760), hot access (0), error acces (0).
/*BANK*/19->0: cool access (8447), hot access (0), error acces (0).
/*BANK*/19->1: cool access (6287), hot access (0), error acces (0).
/*BANK*/19->2: cool access (4831), hot access (0), error acces (0).
/*BANK*/19->3: cool access (3536), hot access (0), error acces (0).
/*BANK*/19->4: cool access (4709), hot access (0), error acces (0).
/*BANK*/19->5: cool access (4219), hot access (0), error acces (0).
/*BANK*/19->6: cool access (3318), hot access (0), error acces (0).
/*BANK*/19->7: cool access (3168), hot access (0), error acces (0).
/*BANK*/20->0: cool access (0), hot access (7711), error acces (0).
/*BANK*/20->1: cool access (814), hot access (5814), error acces (0).
/*BANK*/20->2: cool access (4202), hot access (0), error acces (0).
/*BANK*/20->3: cool access (4968), hot access (0), error acces (0).
/*BANK*/20->4: cool access (2827), hot access (0), error acces (0).
/*BANK*/20->5: cool access (4264), hot access (0), error acces (0).
/*BANK*/20->6: cool access (4062), hot access (0), error acces (0).
/*BANK*/20->7: cool access (2989), hot access (0), error acces (0).
/*BANK*/21->0: cool access (10265), hot access (0), error acces (0).
/*BANK*/21->1: cool access (5136), hot access (0), error acces (0).
/*BANK*/21->2: cool access (4132), hot access (0), error acces (0).
/*BANK*/21->3: cool access (5141), hot access (0), error acces (0).
/*BANK*/21->4: cool access (3859), hot access (0), error acces (0).
/*BANK*/21->5: cool access (3783), hot access (0), error acces (0).
/*BANK*/21->6: cool access (3817), hot access (0), error acces (0).
/*BANK*/21->7: cool access (3883), hot access (0), error acces (0).
/*BANK*/22->0: cool access (197), hot access (8758), error acces (0).
/*BANK*/22->1: cool access (5231), hot access (1610), error acces (0).
/*BANK*/22->2: cool access (4056), hot access (0), error acces (0).
/*BANK*/22->3: cool access (5649), hot access (0), error acces (0).
/*BANK*/22->4: cool access (3878), hot access (0), error acces (0).
/*BANK*/22->5: cool access (5120), hot access (0), error acces (0).
/*BANK*/22->6: cool access (3235), hot access (0), error acces (0).
/*BANK*/22->7: cool access (2650), hot access (0), error acces (0).
/*BANK*/23->0: cool access (8800), hot access (0), error acces (0).
/*BANK*/23->1: cool access (6879), hot access (0), error acces (0).
/*BANK*/23->2: cool access (4677), hot access (0), error acces (0).
/*BANK*/23->3: cool access (4505), hot access (0), error acces (0).
/*BANK*/23->4: cool access (4718), hot access (0), error acces (0).
/*BANK*/23->5: cool access (4592), hot access (0), error acces (0).
/*BANK*/23->6: cool access (1138), hot access (0), error acces (0).
/*BANK*/23->7: cool access (3267), hot access (0), error acces (0).
/*BANK*/24->0: cool access (0), hot access (7481), error acces (7473).
/*BANK*/24->1: cool access (4), hot access (7443), error acces (0).
/*BANK*/24->2: cool access (0), hot access (3954), error acces (0).
/*BANK*/24->3: cool access (4984), hot access (0), error acces (0).
/*BANK*/24->4: cool access (4209), hot access (0), error acces (0).
/*BANK*/24->5: cool access (4780), hot access (0), error acces (0).
/*BANK*/24->6: cool access (2028), hot access (0), error acces (0).
/*BANK*/24->7: cool access (3344), hot access (0), error acces (0).
/*BANK*/25->0: cool access (8439), hot access (390), error acces (0).
/*BANK*/25->1: cool access (1587), hot access (4745), error acces (0).
/*BANK*/25->2: cool access (4264), hot access (0), error acces (0).
/*BANK*/25->3: cool access (4333), hot access (0), error acces (0).
/*BANK*/25->4: cool access (3565), hot access (0), error acces (0).
/*BANK*/25->5: cool access (3985), hot access (0), error acces (0).
/*BANK*/25->6: cool access (1214), hot access (0), error acces (0).
/*BANK*/25->7: cool access (3927), hot access (0), error acces (0).
/*BANK*/26->0: cool access (0), hot access (7285), error acces (0).
/*BANK*/26->1: cool access (465), hot access (4924), error acces (0).
/*BANK*/26->2: cool access (3880), hot access (58), error acces (0).
/*BANK*/26->3: cool access (6213), hot access (0), error acces (0).
/*BANK*/26->4: cool access (4529), hot access (0), error acces (0).
/*BANK*/26->5: cool access (4689), hot access (0), error acces (0).
/*BANK*/26->6: cool access (1589), hot access (0), error acces (0).
/*BANK*/26->7: cool access (4048), hot access (0), error acces (0).
/*BANK*/27->0: cool access (7839), hot access (0), error acces (0).
/*BANK*/27->1: cool access (4240), hot access (0), error acces (0).
/*BANK*/27->2: cool access (3789), hot access (0), error acces (0).
/*BANK*/27->3: cool access (7436), hot access (0), error acces (0).
/*BANK*/27->4: cool access (4026), hot access (0), error acces (0).
/*BANK*/27->5: cool access (4792), hot access (0), error acces (0).
/*BANK*/27->6: cool access (1692), hot access (0), error acces (0).
/*BANK*/27->7: cool access (3668), hot access (0), error acces (0).
/*BANK*/28->0: cool access (0), hot access (8391), error acces (0).
/*BANK*/28->1: cool access (1767), hot access (2652), error acces (0).
/*BANK*/28->2: cool access (3697), hot access (0), error acces (0).
/*BANK*/28->3: cool access (5149), hot access (0), error acces (0).
/*BANK*/28->4: cool access (3802), hot access (0), error acces (0).
/*BANK*/28->5: cool access (4335), hot access (0), error acces (0).
/*BANK*/28->6: cool access (1347), hot access (0), error acces (0).
/*BANK*/28->7: cool access (4179), hot access (0), error acces (0).
/*BANK*/29->0: cool access (7544), hot access (0), error acces (0).
/*BANK*/29->1: cool access (4347), hot access (0), error acces (0).
/*BANK*/29->2: cool access (4653), hot access (0), error acces (0).
/*BANK*/29->3: cool access (6044), hot access (0), error acces (0).
/*BANK*/29->4: cool access (3827), hot access (0), error acces (0).
/*BANK*/29->5: cool access (3727), hot access (0), error acces (0).
/*BANK*/29->6: cool access (1430), hot access (0), error acces (0).
/*BANK*/29->7: cool access (4006), hot access (0), error acces (0).
/*BANK*/30->0: cool access (7357), hot access (1679), error acces (0).
/*BANK*/30->1: cool access (5115), hot access (2), error acces (0).
/*BANK*/30->2: cool access (3160), hot access (0), error acces (0).
/*BANK*/30->3: cool access (5504), hot access (0), error acces (0).
/*BANK*/30->4: cool access (3719), hot access (0), error acces (0).
/*BANK*/30->5: cool access (4006), hot access (0), error acces (0).
/*BANK*/30->6: cool access (1356), hot access (0), error acces (0).
/*BANK*/30->7: cool access (3698), hot access (0), error acces (0).
/*BANK*/31->0: cool access (8289), hot access (0), error acces (0).
/*BANK*/31->1: cool access (4063), hot access (0), error acces (0).
/*BANK*/31->2: cool access (2571), hot access (0), error acces (0).
/*BANK*/31->3: cool access (6173), hot access (0), error acces (0).
/*BANK*/31->4: cool access (2636), hot access (0), error acces (0).
/*BANK*/31->5: cool access (4458), hot access (0), error acces (0).
/*BANK*/31->6: cool access (1257), hot access (0), error acces (0).
/*BANK*/31->7: cool access (4475), hot access (0), error acces (0).
{Summary}: 125550 Hot Accesses, 1084581 Cool Accesses.

 ***** [REF/AC_Result] *****
                     Power     Energy    Energy %
  core-core        11.44 W     2.32  J     24.74%
  core-ifetch       2.75 W     0.56  J      5.94%
  core-alu          1.36 W     0.28  J      2.93%
  core-int          2.20 W     0.45  J      4.75%
  core-fp           3.67 W     0.74  J      7.93%
  core-mem          2.94 W     0.60  J      6.35%
  core-other        3.79 W     0.77  J      8.20%
  icache            2.11 W     0.43  J      4.56%
  dcache            6.41 W     1.30  J     13.86%
  l2                1.71 W     0.35  J      3.69%
  l3                3.42 W     0.69  J      7.40%
  dram              4.43 W     0.90  J      9.57%
  other             0.03 W     6.64 mJ      0.07%

  core             28.14 W     5.71  J     60.84%
  cache            13.65 W     2.77  J     29.51%
  total            46.25 W     9.39  J    100.00%
Warning: Unable to run gnuplot to create cpi stack graphs.  Maybe gnuplot is not installed?
[SNIPER] End
[SNIPER] Elapsed time: 6487.96 seconds
[SNIPER] Running McPAT
[SPLASH] [----------    End of output    ----------]
[SPLASH] Done.
/scratch/miz087/results/cross_mix_25us_5_splash2_raytrace_large
