[Benchmarks] set sniper output to rundi /scratch/miz087/results/cross_mix_25us_10_splash2_water.nsq_large
/scratch/miz087/results/cross_mix_25us_10_splash2_water.nsq_large
[SPLASH] Benchmarks to run: water.nsq

[SPLASH] [========== Running benchmark water.nsq ==========]
[SPLASH] Setting up run directory: /scratch/miz087/results/cross_mix_25us_10_splash2_water.nsq_large
[SPLASH] Running 'SNIPER_APP_LD_PRELOAD=$LD_PRELOAD; unset LD_PRELOAD; /home_masters/miz087/workplace/micro_exp/run-sniper -n 4 -m 'localhost' -d '/scratch/miz087/results/cross_mix_25us_10_splash2_water.nsq_large' -sthermalstats --power -c gainestown_cache --roi --curdir=/home_masters/miz087/workplace/micro_exp/benchmarks  --  /home_masters/miz087/workplace/micro_exp/benchmarks/splash2/splash2/codes/apps/water-nsquared/WATER-NSQUARED < input':
[SPLASH] [---------- Beginning of output ----------]
[SNIPER] Start
----------BEGIN_INIT_STATS_MANAGER------------
----------END_INIT_STATS_MANAGER------------
Normal Cache Total set: 524288
now initialize a stacked dram unison cache
Executing Python script /scratch/miz087/results/cross_mix_25us_10_splash2_water.nsq_large/sim.scripts.py
[SNIPER] --------------------------------------------------------------------------------
[SNIPER] Sniper using Pin frontend
[SNIPER] Running pre-ROI region in  CACHE_ONLY mode
[SNIPER] Running application ROI in DETAILED mode
[SNIPER] Running post-ROI region in FAST_FORWARD mode
[SNIPER] --------------------------------------------------------------------------------
Using 4 procs on 3 steps of 2197 mols
Other parameters:
	TSTEP = 1.50e-16
	NORDER = 6
	NSAVE = -1
	NRST = 3000
	NPRINT = 3
	NFMC = 0
	CUTOFF = 6.212752


TEMPERATURE                =   298.00 K
DENSITY                    =  0.99800 G/C.C.
NUMBER OF MOLECULES        =     2197
NUMBER OF PROCESSORS       =        4
TIME STEP                  = 1.50e-01 SEC
ORDER USED TO SOLVE F=MA   =        6 
NO. OF TIME STEPS          =        3 
FREQUENCY OF DATA SAVING   =       -1 
FREQUENCY TO WRITE RST FILE=     3000 
SPHERICAL CUTOFF RADIUS    =   6.2128 ANGSTROM

NS = 12.9999899999999986
BOXL =  40.382890
CUTOFF =   6.212752
XS =   3.106379
ZERO = 1.55319
WCOS = 0.585882
WSIN = 0.756950
***** NEW RUN STARTING FROM REGULAR LATTICE *****
[HOOKS] Entering ROI
[SNIPER] Enabling performance models
[SNIPER] Setting instrumentation mode to DETAILED
[SNIPER] Disabling performance models
[SNIPER] Leaving ROI after 11077.17 seconds
[SNIPER] Simulated 7044.4M instructions, 1168.7M cycles, 6.03 IPC
[SNIPER] Simulation speed 637.7 KIPS (159.4 KIPS / target core - 6272.9ns/instr)
[SNIPER] Sampling: executed 95.64% of simulated time in detailed mode
[SNIPER] Setting instrumentation mode to FAST_FORWARD
CREATETIME = 332000
         3        1.56974      0.05533     10.52082                      -2.12029
           10.026        305.16885        -19.56999
[HOOKS] Leaving ROI
COMPUTESTART (after initialization) = 3134735402
COMPUTEEND = 1271793169
COMPUTETIME (after initialization) = 2432025063
Measured Time (2nd timestep onward) = 883948542
Intramolecular time only (2nd timestep onward) = 22715999
Intermolecular time only (2nd timestep onward) = 860776543
Other time (2nd timestep onward) = 456000

Exited Happily with XTT = 10.0256 (note: XTT value is garbage if NPRINT > NSTEP)

 ***** [DRAM_CACHE_Result] *****

*** DRAM Total Access: 852000, miss: 797963, miss rate: 0.936576
*** DRAM Total Access In ROI: 548678, miss: 548229, miss rate: 0.999182
*** DRAM Remap Times: 1100 invalid times, 1089 total invalid_blocks, 0 migrate times, 0 total migrate blocks.
*** DRAM Statistics: 303391218 reads, 318485551 writes, 321896725 row hits, 31666024 ACT time, 31666024 PRE time, 20038160 RD time, 9808029 WR time.

 ***** [DRAM_CACHE_Result] *****

[RAMULATOR OUTPUT]

**Total Ticks: 202645100

**Ramulator Active Cycles: 1.68832e+07

**DRAM Cycles: 2.02645e+08

**Maximum Bandwidth: 0

Number of Incoming Requests: 2.42887e+06

**Serving Request**
Channel_0: serving reads(23072), serving writes(24505).
Channel_1: serving reads(23655), serving writes(23974).
Channel_2: serving reads(21798), serving writes(23536).
Channel_3: serving reads(21108), serving writes(22910).
Channel_4: serving reads(30149), serving writes(33768).
Channel_5: serving reads(31636), serving writes(35991).
Channel_6: serving reads(35718), serving writes(42018).
Channel_7: serving reads(36610), serving writes(43185).
Channel_8: serving reads(40152), serving writes(47985).
Channel_9: serving reads(39720), serving writes(47602).
Channel_10: serving reads(38608), serving writes(45706).
Channel_11: serving reads(37418), serving writes(45488).
Channel_12: serving reads(36234), serving writes(43198).
Channel_13: serving reads(36011), serving writes(43151).
Channel_14: serving reads(36795), serving writes(44333).
Channel_15: serving reads(37652), serving writes(45795).
Channel_16: serving reads(36621), serving writes(44281).
Channel_17: serving reads(36461), serving writes(43874).
Channel_18: serving reads(33144), serving writes(39267).
Channel_19: serving reads(32435), serving writes(37749).
Channel_20: serving reads(26679), serving writes(28708).
Channel_21: serving reads(26340), serving writes(25925).
Channel_22: serving reads(27757), serving writes(24102).
Channel_23: serving reads(25869), serving writes(22767).
Channel_24: serving reads(25818), serving writes(22841).
Channel_25: serving reads(24392), serving writes(21004).
Channel_26: serving reads(18630), serving writes(18499).
Channel_27: serving reads(16803), serving writes(17764).
Channel_28: serving reads(16779), serving writes(17716).
Channel_29: serving reads(16816), serving writes(17763).
Channel_30: serving reads(20101), serving writes(22229).
Channel_31: serving reads(22966), serving writes(26414).
[RAMULATOR OUTPUT]

----------[STAT_STORE_UNIT]-----------

Hot Access: 474666, Cool Access: 3419763

Hits on previous hot rows: 772

Hits on previous cool rows: 0

Total remap times: 550, Total Inter-Vault remaps: 550, Total number of intervals: 5805


----------[STAT_STORE_UNIT]-----------

 ***** [REF/AC_Result] *****
/*BANK*/0->0: cool access (3610), hot access (0), error acces (0).
/*BANK*/0->1: cool access (13332), hot access (0), error acces (0).
/*BANK*/0->2: cool access (10789), hot access (0), error acces (0).
/*BANK*/0->3: cool access (13464), hot access (0), error acces (0).
/*BANK*/0->4: cool access (9535), hot access (0), error acces (0).
/*BANK*/0->5: cool access (34408), hot access (0), error acces (0).
/*BANK*/0->6: cool access (9592), hot access (0), error acces (0).
/*BANK*/0->7: cool access (1893), hot access (0), error acces (0).
/*BANK*/1->0: cool access (4126), hot access (0), error acces (0).
/*BANK*/1->1: cool access (13422), hot access (0), error acces (0).
/*BANK*/1->2: cool access (18852), hot access (0), error acces (0).
/*BANK*/1->3: cool access (13357), hot access (0), error acces (0).
/*BANK*/1->4: cool access (9705), hot access (0), error acces (0).
/*BANK*/1->5: cool access (26413), hot access (0), error acces (0).
/*BANK*/1->6: cool access (9507), hot access (0), error acces (0).
/*BANK*/1->7: cool access (0), hot access (0), error acces (0).
/*BANK*/2->0: cool access (2089), hot access (0), error acces (0).
/*BANK*/2->1: cool access (13369), hot access (0), error acces (0).
/*BANK*/2->2: cool access (18667), hot access (0), error acces (0).
/*BANK*/2->3: cool access (13500), hot access (0), error acces (0).
/*BANK*/2->4: cool access (9520), hot access (0), error acces (0).
/*BANK*/2->5: cool access (24571), hot access (0), error acces (0).
/*BANK*/2->6: cool access (9489), hot access (0), error acces (0).
/*BANK*/2->7: cool access (0), hot access (0), error acces (0).
/*BANK*/3->0: cool access (937), hot access (0), error acces (0).
/*BANK*/3->1: cool access (13528), hot access (0), error acces (0).
/*BANK*/3->2: cool access (19237), hot access (0), error acces (0).
/*BANK*/3->3: cool access (13439), hot access (0), error acces (0).
/*BANK*/3->4: cool access (12723), hot access (0), error acces (0).
/*BANK*/3->5: cool access (19268), hot access (0), error acces (0).
/*BANK*/3->6: cool access (9729), hot access (0), error acces (0).
/*BANK*/3->7: cool access (0), hot access (0), error acces (0).
/*BANK*/4->0: cool access (33307), hot access (0), error acces (0).
/*BANK*/4->1: cool access (13434), hot access (0), error acces (0).
/*BANK*/4->2: cool access (23174), hot access (0), error acces (0).
/*BANK*/4->3: cool access (13525), hot access (0), error acces (0).
/*BANK*/4->4: cool access (18979), hot access (0), error acces (0).
/*BANK*/4->5: cool access (19501), hot access (0), error acces (0).
/*BANK*/4->6: cool access (9602), hot access (0), error acces (0).
/*BANK*/4->7: cool access (0), hot access (0), error acces (0).
/*BANK*/5->0: cool access (38708), hot access (0), error acces (0).
/*BANK*/5->1: cool access (13497), hot access (0), error acces (0).
/*BANK*/5->2: cool access (24642), hot access (0), error acces (0).
/*BANK*/5->3: cool access (13351), hot access (0), error acces (0).
/*BANK*/5->4: cool access (19232), hot access (0), error acces (0).
/*BANK*/5->5: cool access (19649), hot access (0), error acces (0).
/*BANK*/5->6: cool access (9519), hot access (0), error acces (0).
/*BANK*/5->7: cool access (0), hot access (0), error acces (0).
/*BANK*/6->0: cool access (54738), hot access (0), error acces (0).
/*BANK*/6->1: cool access (10012), hot access (0), error acces (0).
/*BANK*/6->2: cool access (26367), hot access (0), error acces (0).
/*BANK*/6->3: cool access (13469), hot access (0), error acces (0).
/*BANK*/6->4: cool access (21028), hot access (0), error acces (0).
/*BANK*/6->5: cool access (17125), hot access (0), error acces (0).
/*BANK*/6->6: cool access (14832), hot access (0), error acces (0).
/*BANK*/6->7: cool access (0), hot access (0), error acces (0).
/*BANK*/7->0: cool access (51325), hot access (0), error acces (0).
/*BANK*/7->1: cool access (9512), hot access (0), error acces (0).
/*BANK*/7->2: cool access (29327), hot access (0), error acces (0).
/*BANK*/7->3: cool access (13638), hot access (0), error acces (0).
/*BANK*/7->4: cool access (23824), hot access (0), error acces (0).
/*BANK*/7->5: cool access (13536), hot access (0), error acces (0).
/*BANK*/7->6: cool access (20552), hot access (0), error acces (0).
/*BANK*/7->7: cool access (0), hot access (0), error acces (0).
/*BANK*/8->0: cool access (23377), hot access (40784), error acces (0).
/*BANK*/8->1: cool access (9557), hot access (0), error acces (0).
/*BANK*/8->2: cool access (27848), hot access (0), error acces (0).
/*BANK*/8->3: cool access (13893), hot access (0), error acces (0).
/*BANK*/8->4: cool access (25071), hot access (0), error acces (0).
/*BANK*/8->5: cool access (13467), hot access (0), error acces (0).
/*BANK*/8->6: cool access (23601), hot access (0), error acces (0).
/*BANK*/8->7: cool access (0), hot access (0), error acces (0).
/*BANK*/9->0: cool access (44428), hot access (16912), error acces (0).
/*BANK*/9->1: cool access (9525), hot access (0), error acces (0).
/*BANK*/9->2: cool access (30685), hot access (0), error acces (0).
/*BANK*/9->3: cool access (14482), hot access (0), error acces (0).
/*BANK*/9->4: cool access (27570), hot access (0), error acces (0).
/*BANK*/9->5: cool access (13483), hot access (0), error acces (0).
/*BANK*/9->6: cool access (19956), hot access (0), error acces (0).
/*BANK*/9->7: cool access (0), hot access (0), error acces (0).
/*BANK*/10->0: cool access (13645), hot access (33408), error acces (0).
/*BANK*/10->1: cool access (9589), hot access (0), error acces (0).
/*BANK*/10->2: cool access (29660), hot access (0), error acces (0).
/*BANK*/10->3: cool access (14293), hot access (0), error acces (0).
/*BANK*/10->4: cool access (28134), hot access (0), error acces (0).
/*BANK*/10->5: cool access (13608), hot access (0), error acces (0).
/*BANK*/10->6: cool access (26885), hot access (0), error acces (0).
/*BANK*/10->7: cool access (974), hot access (0), error acces (0).
/*BANK*/11->0: cool access (36518), hot access (0), error acces (0).
/*BANK*/11->1: cool access (9540), hot access (0), error acces (0).
/*BANK*/11->2: cool access (34818), hot access (0), error acces (0).
/*BANK*/11->3: cool access (14117), hot access (0), error acces (0).
/*BANK*/11->4: cool access (28184), hot access (0), error acces (0).
/*BANK*/11->5: cool access (13493), hot access (0), error acces (0).
/*BANK*/11->6: cool access (30887), hot access (0), error acces (0).
/*BANK*/11->7: cool access (0), hot access (0), error acces (0).
/*BANK*/12->0: cool access (9459), hot access (15991), error acces (15991).
/*BANK*/12->1: cool access (10332), hot access (120), error acces (0).
/*BANK*/12->2: cool access (9669), hot access (22887), error acces (0).
/*BANK*/12->3: cool access (13825), hot access (0), error acces (0).
/*BANK*/12->4: cool access (31034), hot access (0), error acces (0).
/*BANK*/12->5: cool access (13481), hot access (0), error acces (0).
/*BANK*/12->6: cool access (33665), hot access (0), error acces (0).
/*BANK*/12->7: cool access (0), hot access (0), error acces (0).
/*BANK*/13->0: cool access (9595), hot access (16641), error acces (0).
/*BANK*/13->1: cool access (9559), hot access (0), error acces (0).
/*BANK*/13->2: cool access (10323), hot access (21005), error acces (0).
/*BANK*/13->3: cool access (13549), hot access (0), error acces (0).
/*BANK*/13->4: cool access (35307), hot access (0), error acces (0).
/*BANK*/13->5: cool access (13522), hot access (0), error acces (0).
/*BANK*/13->6: cool access (30133), hot access (0), error acces (0).
/*BANK*/13->7: cool access (186), hot access (0), error acces (0).
/*BANK*/14->0: cool access (9529), hot access (22638), error acces (22638).
/*BANK*/14->1: cool access (9643), hot access (0), error acces (0).
/*BANK*/14->2: cool access (9585), hot access (20279), error acces (0).
/*BANK*/14->3: cool access (13446), hot access (0), error acces (0).
/*BANK*/14->4: cool access (35176), hot access (0), error acces (0).
/*BANK*/14->5: cool access (13458), hot access (0), error acces (0).
/*BANK*/14->6: cool access (29917), hot access (0), error acces (0).
/*BANK*/14->7: cool access (0), hot access (0), error acces (0).
/*BANK*/15->0: cool access (9629), hot access (21316), error acces (0).
/*BANK*/15->1: cool access (9589), hot access (0), error acces (0).
/*BANK*/15->2: cool access (27287), hot access (0), error acces (0).
/*BANK*/15->3: cool access (13477), hot access (0), error acces (0).
/*BANK*/15->4: cool access (34623), hot access (0), error acces (0).
/*BANK*/15->5: cool access (13486), hot access (0), error acces (0).
/*BANK*/15->6: cool access (39249), hot access (0), error acces (0).
/*BANK*/15->7: cool access (0), hot access (0), error acces (0).
/*BANK*/16->0: cool access (9603), hot access (10497), error acces (10497).
/*BANK*/16->1: cool access (9714), hot access (0), error acces (0).
/*BANK*/16->2: cool access (9502), hot access (16438), error acces (0).
/*BANK*/16->3: cool access (13361), hot access (0), error acces (0).
/*BANK*/16->4: cool access (45140), hot access (0), error acces (0).
/*BANK*/16->5: cool access (13464), hot access (0), error acces (0).
/*BANK*/16->6: cool access (37034), hot access (0), error acces (0).
/*BANK*/16->7: cool access (0), hot access (0), error acces (0).
/*BANK*/17->0: cool access (9561), hot access (9719), error acces (0).
/*BANK*/17->1: cool access (9982), hot access (0), error acces (0).
/*BANK*/17->2: cool access (25459), hot access (0), error acces (0).
/*BANK*/17->3: cool access (13554), hot access (0), error acces (0).
/*BANK*/17->4: cool access (35880), hot access (0), error acces (0).
/*BANK*/17->5: cool access (13488), hot access (0), error acces (0).
/*BANK*/17->6: cool access (46457), hot access (0), error acces (0).
/*BANK*/17->7: cool access (0), hot access (0), error acces (0).
/*BANK*/18->0: cool access (9538), hot access (12422), error acces (0).
/*BANK*/18->1: cool access (10013), hot access (0), error acces (0).
/*BANK*/18->2: cool access (9524), hot access (15222), error acces (0).
/*BANK*/18->3: cool access (13352), hot access (0), error acces (0).
/*BANK*/18->4: cool access (28441), hot access (0), error acces (0).
/*BANK*/18->5: cool access (13420), hot access (0), error acces (0).
/*BANK*/18->6: cool access (35906), hot access (0), error acces (0).
/*BANK*/18->7: cool access (0), hot access (0), error acces (0).
/*BANK*/19->0: cool access (9553), hot access (7530), error acces (0).
/*BANK*/19->1: cool access (10337), hot access (0), error acces (0).
/*BANK*/19->2: cool access (20217), hot access (0), error acces (0).
/*BANK*/19->3: cool access (13531), hot access (0), error acces (0).
/*BANK*/19->4: cool access (32185), hot access (0), error acces (0).
/*BANK*/19->5: cool access (13551), hot access (0), error acces (0).
/*BANK*/19->6: cool access (36313), hot access (0), error acces (0).
/*BANK*/19->7: cool access (0), hot access (0), error acces (0).
/*BANK*/20->0: cool access (9470), hot access (4177), error acces (4177).
/*BANK*/20->1: cool access (10034), hot access (0), error acces (0).
/*BANK*/20->2: cool access (9448), hot access (10491), error acces (0).
/*BANK*/20->3: cool access (13382), hot access (0), error acces (0).
/*BANK*/20->4: cool access (37934), hot access (0), error acces (0).
/*BANK*/20->5: cool access (13387), hot access (0), error acces (0).
/*BANK*/20->6: cool access (3709), hot access (0), error acces (0).
/*BANK*/20->7: cool access (0), hot access (0), error acces (0).
/*BANK*/21->0: cool access (9589), hot access (3991), error acces (0).
/*BANK*/21->1: cool access (9893), hot access (0), error acces (0).
/*BANK*/21->2: cool access (19065), hot access (0), error acces (0).
/*BANK*/21->3: cool access (13646), hot access (0), error acces (0).
/*BANK*/21->4: cool access (26466), hot access (0), error acces (0).
/*BANK*/21->5: cool access (13492), hot access (0), error acces (0).
/*BANK*/21->6: cool access (7820), hot access (0), error acces (0).
/*BANK*/21->7: cool access (0), hot access (0), error acces (0).
/*BANK*/22->0: cool access (9662), hot access (3877), error acces (0).
/*BANK*/22->1: cool access (9594), hot access (0), error acces (0).
/*BANK*/22->2: cool access (9516), hot access (6472), error acces (0).
/*BANK*/22->3: cool access (10551), hot access (0), error acces (0).
/*BANK*/22->4: cool access (19566), hot access (0), error acces (0).
/*BANK*/22->5: cool access (13454), hot access (0), error acces (0).
/*BANK*/22->6: cool access (15476), hot access (0), error acces (0).
/*BANK*/22->7: cool access (0), hot access (0), error acces (0).
/*BANK*/23->0: cool access (9497), hot access (3853), error acces (0).
/*BANK*/23->1: cool access (9595), hot access (0), error acces (0).
/*BANK*/23->2: cool access (13475), hot access (0), error acces (0).
/*BANK*/23->3: cool access (9641), hot access (0), error acces (0).
/*BANK*/23->4: cool access (18828), hot access (0), error acces (0).
/*BANK*/23->5: cool access (13638), hot access (0), error acces (0).
/*BANK*/23->6: cool access (13984), hot access (0), error acces (0).
/*BANK*/23->7: cool access (0), hot access (0), error acces (0).
/*BANK*/24->0: cool access (9588), hot access (3854), error acces (3854).
/*BANK*/24->1: cool access (9516), hot access (0), error acces (0).
/*BANK*/24->2: cool access (9737), hot access (3923), error acces (0).
/*BANK*/24->3: cool access (9522), hot access (0), error acces (0).
/*BANK*/24->4: cool access (19386), hot access (0), error acces (0).
/*BANK*/24->5: cool access (13489), hot access (0), error acces (0).
/*BANK*/24->6: cool access (13899), hot access (0), error acces (0).
/*BANK*/24->7: cool access (0), hot access (0), error acces (0).
/*BANK*/25->0: cool access (9481), hot access (3800), error acces (0).
/*BANK*/25->1: cool access (9591), hot access (0), error acces (0).
/*BANK*/25->2: cool access (9548), hot access (3942), error acces (0).
/*BANK*/25->3: cool access (9541), hot access (0), error acces (0).
/*BANK*/25->4: cool access (14775), hot access (0), error acces (0).
/*BANK*/25->5: cool access (9884), hot access (0), error acces (0).
/*BANK*/25->6: cool access (14363), hot access (0), error acces (0).
/*BANK*/25->7: cool access (0), hot access (0), error acces (0).
/*BANK*/26->0: cool access (5617), hot access (7850), error acces (3842).
/*BANK*/26->1: cool access (9551), hot access (0), error acces (0).
/*BANK*/26->2: cool access (9656), hot access (3894), error acces (0).
/*BANK*/26->3: cool access (9583), hot access (55), error acces (0).
/*BANK*/26->4: cool access (13409), hot access (0), error acces (0).
/*BANK*/26->5: cool access (9588), hot access (0), error acces (0).
/*BANK*/26->6: cool access (3517), hot access (0), error acces (0).
/*BANK*/26->7: cool access (0), hot access (0), error acces (0).
/*BANK*/27->0: cool access (9521), hot access (3804), error acces (0).
/*BANK*/27->1: cool access (9578), hot access (0), error acces (0).
/*BANK*/27->2: cool access (13415), hot access (0), error acces (0).
/*BANK*/27->3: cool access (9586), hot access (0), error acces (0).
/*BANK*/27->4: cool access (13504), hot access (0), error acces (0).
/*BANK*/27->5: cool access (9517), hot access (0), error acces (0).
/*BANK*/27->6: cool access (0), hot access (0), error acces (0).
/*BANK*/27->7: cool access (0), hot access (0), error acces (0).
/*BANK*/28->0: cool access (9504), hot access (3822), error acces (3822).
/*BANK*/28->1: cool access (9482), hot access (0), error acces (0).
/*BANK*/28->2: cool access (9528), hot access (3826), error acces (0).
/*BANK*/28->3: cool access (9466), hot access (0), error acces (0).
/*BANK*/28->4: cool access (13473), hot access (0), error acces (0).
/*BANK*/28->5: cool access (9600), hot access (0), error acces (0).
/*BANK*/28->6: cool access (0), hot access (0), error acces (0).
/*BANK*/28->7: cool access (0), hot access (0), error acces (0).
/*BANK*/29->0: cool access (9515), hot access (3832), error acces (0).
/*BANK*/29->1: cool access (9583), hot access (0), error acces (0).
/*BANK*/29->2: cool access (13371), hot access (0), error acces (0).
/*BANK*/29->3: cool access (9607), hot access (0), error acces (0).
/*BANK*/29->4: cool access (13435), hot access (0), error acces (0).
/*BANK*/29->5: cool access (9514), hot access (0), error acces (0).
/*BANK*/29->6: cool access (0), hot access (0), error acces (0).
/*BANK*/29->7: cool access (0), hot access (0), error acces (0).
/*BANK*/30->0: cool access (9458), hot access (3784), error acces (0).
/*BANK*/30->1: cool access (9492), hot access (0), error acces (0).
/*BANK*/30->2: cool access (13441), hot access (0), error acces (0).
/*BANK*/30->3: cool access (9536), hot access (0), error acces (0).
/*BANK*/30->4: cool access (29498), hot access (0), error acces (0).
/*BANK*/30->5: cool access (9601), hot access (0), error acces (0).
/*BANK*/30->6: cool access (0), hot access (0), error acces (0).
/*BANK*/30->7: cool access (0), hot access (0), error acces (0).
/*BANK*/31->0: cool access (13471), hot access (0), error acces (0).
/*BANK*/31->1: cool access (9739), hot access (0), error acces (0).
/*BANK*/31->2: cool access (13369), hot access (0), error acces (0).
/*BANK*/31->3: cool access (9550), hot access (0), error acces (0).
/*BANK*/31->4: cool access (44245), hot access (0), error acces (0).
/*BANK*/31->5: cool access (9518), hot access (0), error acces (0).
/*BANK*/31->6: cool access (0), hot access (0), error acces (0).
/*BANK*/31->7: cool access (0), hot access (0), error acces (0).
{Summary}: 383056 Hot Accesses, 3591747 Cool Accesses.

 ***** [REF/AC_Result] *****
                     Power     Energy    Energy %
  core-core        18.89 W     8.02  J     30.30%
  core-ifetch       3.94 W     1.67  J      6.31%
  core-alu          1.41 W     0.60  J      2.26%
  core-int          2.92 W     1.24  J      4.68%
  core-fp           4.22 W     1.79  J      6.76%
  core-mem          4.81 W     2.04  J      7.72%
  core-other        3.79 W     1.61  J      6.09%
  icache            2.56 W     1.08  J      4.10%
  dcache           10.33 W     4.38  J     16.56%
  l2                1.69 W     0.72  J      2.71%
  l3                3.38 W     1.44  J      5.42%
  dram              4.38 W     1.86  J      7.02%
  other             0.03 W     0.01  J      0.05%

  core             39.98 W    16.97  J     64.12%
  cache            17.96 W     7.62  J     28.80%
  total            62.35 W    26.46  J    100.00%
Warning: Unable to run gnuplot to create cpi stack graphs.  Maybe gnuplot is not installed?
[SNIPER] End
[SNIPER] Elapsed time: 11185.75 seconds
[SNIPER] Running McPAT
[SPLASH] [----------    End of output    ----------]
[SPLASH] Done.
/scratch/miz087/results/cross_mix_25us_10_splash2_water.nsq_large
