[Benchmarks] set sniper output to rundi /scratch/miz087/results/cross_mix_100us_20_splash2_water.sp_large
/scratch/miz087/results/cross_mix_100us_20_splash2_water.sp_large
[SPLASH] Benchmarks to run: water.sp

[SPLASH] [========== Running benchmark water.sp ==========]
[SPLASH] Setting up run directory: /scratch/miz087/results/cross_mix_100us_20_splash2_water.sp_large
[SPLASH] Running 'SNIPER_APP_LD_PRELOAD=$LD_PRELOAD; unset LD_PRELOAD; /home_masters/miz087/workplace/micro_exp/run-sniper -n 4 -m 'localhost' -d '/scratch/miz087/results/cross_mix_100us_20_splash2_water.sp_large' -sthermalstats --power -c gainestown_cache --roi --curdir=/home_masters/miz087/workplace/micro_exp/benchmarks  --  /home_masters/miz087/workplace/micro_exp/benchmarks/splash2/splash2/codes/apps/water-spatial/WATER-SPATIAL < input':
[SPLASH] [---------- Beginning of output ----------]
[SNIPER] Start
----------BEGIN_INIT_STATS_MANAGER------------
----------END_INIT_STATS_MANAGER------------
Normal Cache Total set: 524288
now initialize a stacked dram unison cache
Executing Python script /scratch/miz087/results/cross_mix_100us_20_splash2_water.sp_large/sim.scripts.py
[SNIPER] --------------------------------------------------------------------------------
[SNIPER] Sniper using Pin frontend
[SNIPER] Running pre-ROI region in  CACHE_ONLY mode
[SNIPER] Running application ROI in DETAILED mode
[SNIPER] Running post-ROI region in FAST_FORWARD mode
[SNIPER] --------------------------------------------------------------------------------
Using 4 procs on 3 steps of 2197 mols
Other parameters:
	TSTEP = 1.50e-16
	NORDER = 6
	NSAVE = -1
	NRST = 3000
	NPRINT = 3
	NFMC = 0
	CUTOFF = 6.212752

216 boxes with 4 processors


TEMPERATURE                =   298.00 K
DENSITY                    =  0.99800 G/C.C.
NUMBER OF MOLECULES        =     2197
NUMBER OF PROCESSORS       =        4
TIME STEP                  = 1.50e-01 SEC
ORDER USED TO SOLVE F=MA   =        6 
NO. OF TIME STEPS          =        3 
FREQUENCY OF DATA SAVING   =       -1 
FREQUENCY TO WRITE RST FILE=     3000 
xprocs = 1	yprocs = 2	zprocs = 2
x_inc = 6	 y_inc = 3	 z_inc = 3
x_left = 0	 y_left = 0	 z_left = 0
SPHERICAL CUTOFF RADIUS    =   6.2128 ANGSTROM

NS = 12.9999999999999876
BOXL =  40.382890
CUTOFF =   6.212752
BOX_LENGTH =   6.730482
BOX_PER_SIDE = 6
XS =   3.106376
ZERO = 1.55319
WCOS = 0.585882
WSIN = 0.756950
***** NEW RUN STARTING FROM REGULAR LATTICE *****
[HOOKS] Entering ROI
[SNIPER] Enabling performance models
[SNIPER] Setting instrumentation mode to DETAILED
CREATETIME = 320014
         3        1.56951      0.05533     10.52071     -2.12017 
           10.025        300.26983        -19.56982
[SNIPER] Disabling performance models
[SNIPER] Leaving ROI after 3645.44 seconds
[SNIPER] Simulated 2086.1M instructions, 315.2M cycles, 6.62 IPC
[SNIPER] Simulation speed 574.4 KIPS (143.6 KIPS / target core - 6963.2ns/instr)
[SNIPER] Sampling: executed 93.58% of simulated time in detailed mode
[SNIPER] Setting instrumentation mode to FAST_FORWARD
[HOOKS] Leaving ROI
COMPUTESTART (after initialization) = 875875524
COMPUTEEND = 194635079
COMPUTETIME (after initialization) = 3613726851
Measured Time (2nd timestep onward) = 2162149878
Intramolecular time only (2nd timestep onward) = 55410583
Intermolecular time only (2nd timestep onward) = 2106299272
Other time (2nd timestep onward) = 440023

Exited Happily with XTT = 10.0254 (note: XTT value is garbage if NPRINT > NSTEP)

 ***** [DRAM_CACHE_Result] *****

*** DRAM Total Access: 346650, miss: 85667, miss rate: 0.247128
*** DRAM Total Access In ROI: 266546, miss: 54622, miss rate: 0.204925
*** DRAM Remap Times: 638 invalid times, 3507 total invalid_blocks, 0 migrate times, 0 total migrate blocks.
*** DRAM Statistics: 35427530 reads, 14670192 writes, 37106331 row hits, 1933266 ACT time, 1933266 PRE time, 941536 RD time, 261725 WR time.

 ***** [DRAM_CACHE_Result] *****

[RAMULATOR OUTPUT]

**Total Ticks: 62913059

**Ramulator Active Cycles: 4.5368e+06

**DRAM Cycles: 6.29131e+07

**Maximum Bandwidth: 0

Number of Incoming Requests: 773182

**Serving Request**
Channel_0: serving reads(16358), serving writes(7052).
Channel_1: serving reads(10257), serving writes(3695).
Channel_2: serving reads(9562), serving writes(3626).
Channel_3: serving reads(9743), serving writes(4021).
Channel_4: serving reads(8259), serving writes(3550).
Channel_5: serving reads(19045), serving writes(8112).
Channel_6: serving reads(21384), serving writes(9017).
Channel_7: serving reads(19102), serving writes(8011).
Channel_8: serving reads(19911), serving writes(8559).
Channel_9: serving reads(17591), serving writes(7150).
Channel_10: serving reads(16770), serving writes(7314).
Channel_11: serving reads(17418), serving writes(7381).
Channel_12: serving reads(15529), serving writes(6680).
Channel_13: serving reads(17520), serving writes(7605).
Channel_14: serving reads(15844), serving writes(6719).
Channel_15: serving reads(15971), serving writes(6857).
Channel_16: serving reads(15372), serving writes(6682).
Channel_17: serving reads(14516), serving writes(6345).
Channel_18: serving reads(15535), serving writes(6768).
Channel_19: serving reads(15480), serving writes(6313).
Channel_20: serving reads(14791), serving writes(6577).
Channel_21: serving reads(15182), serving writes(6450).
Channel_22: serving reads(13190), serving writes(5704).
Channel_23: serving reads(15765), serving writes(7026).
Channel_24: serving reads(17421), serving writes(8512).
Channel_25: serving reads(15888), serving writes(7124).
Channel_26: serving reads(15680), serving writes(6757).
Channel_27: serving reads(13159), serving writes(5691).
Channel_28: serving reads(14272), serving writes(6409).
Channel_29: serving reads(14030), serving writes(5875).
Channel_30: serving reads(13969), serving writes(6046).
Channel_31: serving reads(12661), serving writes(5055).
[RAMULATOR OUTPUT]

----------[STAT_STORE_UNIT]-----------

Hot Access: 226420, Cool Access: 555339

Hits on previous hot rows: 1358

Hits on previous cool rows: 1424

Total remap times: 319, Total Inter-Vault remaps: 319, Total number of intervals: 689


----------[STAT_STORE_UNIT]-----------

 ***** [REF/AC_Result] *****
/*BANK*/0->0: cool access (4344), hot access (0), error acces (0).
/*BANK*/0->1: cool access (17992), hot access (0), error acces (0).
/*BANK*/0->2: cool access (0), hot access (0), error acces (0).
/*BANK*/0->3: cool access (0), hot access (0), error acces (0).
/*BANK*/0->4: cool access (0), hot access (0), error acces (0).
/*BANK*/0->5: cool access (0), hot access (0), error acces (0).
/*BANK*/0->6: cool access (0), hot access (0), error acces (0).
/*BANK*/0->7: cool access (12101), hot access (0), error acces (0).
/*BANK*/1->0: cool access (4211), hot access (0), error acces (0).
/*BANK*/1->1: cool access (16353), hot access (0), error acces (0).
/*BANK*/1->2: cool access (0), hot access (0), error acces (0).
/*BANK*/1->3: cool access (0), hot access (0), error acces (0).
/*BANK*/1->4: cool access (0), hot access (0), error acces (0).
/*BANK*/1->5: cool access (0), hot access (0), error acces (0).
/*BANK*/1->6: cool access (0), hot access (0), error acces (0).
/*BANK*/1->7: cool access (0), hot access (0), error acces (0).
/*BANK*/2->0: cool access (2523), hot access (0), error acces (0).
/*BANK*/2->1: cool access (16485), hot access (0), error acces (0).
/*BANK*/2->2: cool access (0), hot access (0), error acces (0).
/*BANK*/2->3: cool access (0), hot access (0), error acces (0).
/*BANK*/2->4: cool access (0), hot access (0), error acces (0).
/*BANK*/2->5: cool access (0), hot access (0), error acces (0).
/*BANK*/2->6: cool access (0), hot access (0), error acces (0).
/*BANK*/2->7: cool access (0), hot access (0), error acces (0).
/*BANK*/3->0: cool access (1064), hot access (0), error acces (0).
/*BANK*/3->1: cool access (18716), hot access (0), error acces (0).
/*BANK*/3->2: cool access (0), hot access (0), error acces (0).
/*BANK*/3->3: cool access (0), hot access (0), error acces (0).
/*BANK*/3->4: cool access (0), hot access (0), error acces (0).
/*BANK*/3->5: cool access (0), hot access (0), error acces (0).
/*BANK*/3->6: cool access (0), hot access (0), error acces (0).
/*BANK*/3->7: cool access (0), hot access (0), error acces (0).
/*BANK*/4->0: cool access (14900), hot access (0), error acces (0).
/*BANK*/4->1: cool access (3775), hot access (0), error acces (0).
/*BANK*/4->2: cool access (0), hot access (0), error acces (0).
/*BANK*/4->3: cool access (0), hot access (0), error acces (0).
/*BANK*/4->4: cool access (0), hot access (0), error acces (0).
/*BANK*/4->5: cool access (0), hot access (0), error acces (0).
/*BANK*/4->6: cool access (0), hot access (0), error acces (0).
/*BANK*/4->7: cool access (0), hot access (0), error acces (0).
/*BANK*/5->0: cool access (39754), hot access (0), error acces (0).
/*BANK*/5->1: cool access (0), hot access (0), error acces (0).
/*BANK*/5->2: cool access (0), hot access (0), error acces (0).
/*BANK*/5->3: cool access (0), hot access (0), error acces (0).
/*BANK*/5->4: cool access (0), hot access (0), error acces (0).
/*BANK*/5->5: cool access (0), hot access (0), error acces (0).
/*BANK*/5->6: cool access (0), hot access (0), error acces (0).
/*BANK*/5->7: cool access (0), hot access (0), error acces (0).
/*BANK*/6->0: cool access (45450), hot access (0), error acces (0).
/*BANK*/6->1: cool access (0), hot access (0), error acces (0).
/*BANK*/6->2: cool access (0), hot access (0), error acces (0).
/*BANK*/6->3: cool access (0), hot access (0), error acces (0).
/*BANK*/6->4: cool access (0), hot access (0), error acces (0).
/*BANK*/6->5: cool access (0), hot access (0), error acces (0).
/*BANK*/6->6: cool access (0), hot access (0), error acces (0).
/*BANK*/6->7: cool access (0), hot access (0), error acces (0).
/*BANK*/7->0: cool access (40457), hot access (0), error acces (0).
/*BANK*/7->1: cool access (0), hot access (0), error acces (0).
/*BANK*/7->2: cool access (6), hot access (0), error acces (0).
/*BANK*/7->3: cool access (0), hot access (0), error acces (0).
/*BANK*/7->4: cool access (0), hot access (0), error acces (0).
/*BANK*/7->5: cool access (0), hot access (0), error acces (0).
/*BANK*/7->6: cool access (0), hot access (0), error acces (0).
/*BANK*/7->7: cool access (0), hot access (0), error acces (0).
/*BANK*/8->0: cool access (36263), hot access (6693), error acces (0).
/*BANK*/8->1: cool access (0), hot access (0), error acces (0).
/*BANK*/8->2: cool access (0), hot access (0), error acces (0).
/*BANK*/8->3: cool access (0), hot access (0), error acces (0).
/*BANK*/8->4: cool access (326), hot access (0), error acces (0).
/*BANK*/8->5: cool access (0), hot access (0), error acces (0).
/*BANK*/8->6: cool access (0), hot access (0), error acces (0).
/*BANK*/8->7: cool access (0), hot access (0), error acces (0).
/*BANK*/9->0: cool access (36013), hot access (703), error acces (0).
/*BANK*/9->1: cool access (0), hot access (0), error acces (0).
/*BANK*/9->2: cool access (0), hot access (0), error acces (0).
/*BANK*/9->3: cool access (0), hot access (0), error acces (0).
/*BANK*/9->4: cool access (233), hot access (0), error acces (0).
/*BANK*/9->5: cool access (0), hot access (0), error acces (0).
/*BANK*/9->6: cool access (0), hot access (0), error acces (0).
/*BANK*/9->7: cool access (0), hot access (0), error acces (0).
/*BANK*/10->0: cool access (35217), hot access (1687), error acces (0).
/*BANK*/10->1: cool access (0), hot access (0), error acces (0).
/*BANK*/10->2: cool access (0), hot access (0), error acces (0).
/*BANK*/10->3: cool access (0), hot access (0), error acces (0).
/*BANK*/10->4: cool access (36), hot access (0), error acces (0).
/*BANK*/10->5: cool access (0), hot access (0), error acces (0).
/*BANK*/10->6: cool access (0), hot access (0), error acces (0).
/*BANK*/10->7: cool access (0), hot access (0), error acces (0).
/*BANK*/11->0: cool access (37764), hot access (0), error acces (0).
/*BANK*/11->1: cool access (0), hot access (0), error acces (0).
/*BANK*/11->2: cool access (0), hot access (0), error acces (0).
/*BANK*/11->3: cool access (0), hot access (0), error acces (0).
/*BANK*/11->4: cool access (0), hot access (0), error acces (0).
/*BANK*/11->5: cool access (0), hot access (0), error acces (0).
/*BANK*/11->6: cool access (0), hot access (0), error acces (0).
/*BANK*/11->7: cool access (0), hot access (0), error acces (0).
/*BANK*/12->0: cool access (10598), hot access (23346), error acces (5183).
/*BANK*/12->1: cool access (0), hot access (0), error acces (0).
/*BANK*/12->2: cool access (0), hot access (0), error acces (0).
/*BANK*/12->3: cool access (0), hot access (0), error acces (0).
/*BANK*/12->4: cool access (0), hot access (0), error acces (0).
/*BANK*/12->5: cool access (0), hot access (0), error acces (0).
/*BANK*/12->6: cool access (0), hot access (0), error acces (0).
/*BANK*/12->7: cool access (0), hot access (0), error acces (0).
/*BANK*/13->0: cool access (32563), hot access (5969), error acces (0).
/*BANK*/13->1: cool access (0), hot access (0), error acces (0).
/*BANK*/13->2: cool access (0), hot access (0), error acces (0).
/*BANK*/13->3: cool access (0), hot access (0), error acces (0).
/*BANK*/13->4: cool access (0), hot access (0), error acces (0).
/*BANK*/13->5: cool access (0), hot access (0), error acces (0).
/*BANK*/13->6: cool access (0), hot access (0), error acces (0).
/*BANK*/13->7: cool access (0), hot access (0), error acces (0).
/*BANK*/14->0: cool access (10130), hot access (22581), error acces (3825).
/*BANK*/14->1: cool access (0), hot access (0), error acces (0).
/*BANK*/14->2: cool access (1255), hot access (37), error acces (0).
/*BANK*/14->3: cool access (0), hot access (0), error acces (0).
/*BANK*/14->4: cool access (0), hot access (0), error acces (0).
/*BANK*/14->5: cool access (0), hot access (0), error acces (0).
/*BANK*/14->6: cool access (0), hot access (0), error acces (0).
/*BANK*/14->7: cool access (0), hot access (0), error acces (0).
/*BANK*/15->0: cool access (31901), hot access (2686), error acces (0).
/*BANK*/15->1: cool access (123), hot access (0), error acces (0).
/*BANK*/15->2: cool access (0), hot access (0), error acces (0).
/*BANK*/15->3: cool access (0), hot access (0), error acces (0).
/*BANK*/15->4: cool access (0), hot access (0), error acces (0).
/*BANK*/15->5: cool access (0), hot access (0), error acces (0).
/*BANK*/15->6: cool access (0), hot access (0), error acces (0).
/*BANK*/15->7: cool access (0), hot access (0), error acces (0).
/*BANK*/16->0: cool access (14610), hot access (17953), error acces (3131).
/*BANK*/16->1: cool access (0), hot access (0), error acces (0).
/*BANK*/16->2: cool access (121), hot access (0), error acces (0).
/*BANK*/16->3: cool access (0), hot access (0), error acces (0).
/*BANK*/16->4: cool access (0), hot access (0), error acces (0).
/*BANK*/16->5: cool access (0), hot access (0), error acces (0).
/*BANK*/16->6: cool access (0), hot access (0), error acces (0).
/*BANK*/16->7: cool access (0), hot access (0), error acces (0).
/*BANK*/17->0: cool access (30076), hot access (2456), error acces (0).
/*BANK*/17->1: cool access (0), hot access (0), error acces (0).
/*BANK*/17->2: cool access (0), hot access (0), error acces (0).
/*BANK*/17->3: cool access (0), hot access (0), error acces (0).
/*BANK*/17->4: cool access (0), hot access (0), error acces (0).
/*BANK*/17->5: cool access (0), hot access (0), error acces (0).
/*BANK*/17->6: cool access (0), hot access (0), error acces (0).
/*BANK*/17->7: cool access (0), hot access (0), error acces (0).
/*BANK*/18->0: cool access (26667), hot access (6957), error acces (0).
/*BANK*/18->1: cool access (0), hot access (0), error acces (0).
/*BANK*/18->2: cool access (0), hot access (0), error acces (0).
/*BANK*/18->3: cool access (0), hot access (0), error acces (0).
/*BANK*/18->4: cool access (0), hot access (0), error acces (0).
/*BANK*/18->5: cool access (0), hot access (0), error acces (0).
/*BANK*/18->6: cool access (0), hot access (0), error acces (0).
/*BANK*/18->7: cool access (0), hot access (0), error acces (0).
/*BANK*/19->0: cool access (29875), hot access (2965), error acces (0).
/*BANK*/19->1: cool access (0), hot access (0), error acces (0).
/*BANK*/19->2: cool access (0), hot access (0), error acces (0).
/*BANK*/19->3: cool access (0), hot access (0), error acces (0).
/*BANK*/19->4: cool access (0), hot access (0), error acces (0).
/*BANK*/19->5: cool access (0), hot access (0), error acces (0).
/*BANK*/19->6: cool access (0), hot access (0), error acces (0).
/*BANK*/19->7: cool access (0), hot access (0), error acces (0).
/*BANK*/20->0: cool access (18450), hot access (13901), error acces (3372).
/*BANK*/20->1: cool access (0), hot access (0), error acces (0).
/*BANK*/20->2: cool access (0), hot access (0), error acces (0).
/*BANK*/20->3: cool access (0), hot access (0), error acces (0).
/*BANK*/20->4: cool access (0), hot access (0), error acces (0).
/*BANK*/20->5: cool access (0), hot access (0), error acces (0).
/*BANK*/20->6: cool access (0), hot access (0), error acces (0).
/*BANK*/20->7: cool access (0), hot access (0), error acces (0).
/*BANK*/21->0: cool access (27703), hot access (4960), error acces (0).
/*BANK*/21->1: cool access (0), hot access (0), error acces (0).
/*BANK*/21->2: cool access (0), hot access (0), error acces (0).
/*BANK*/21->3: cool access (0), hot access (0), error acces (0).
/*BANK*/21->4: cool access (0), hot access (0), error acces (0).
/*BANK*/21->5: cool access (0), hot access (0), error acces (0).
/*BANK*/21->6: cool access (0), hot access (0), error acces (0).
/*BANK*/21->7: cool access (0), hot access (0), error acces (0).
/*BANK*/22->0: cool access (24760), hot access (3983), error acces (710).
/*BANK*/22->1: cool access (0), hot access (0), error acces (0).
/*BANK*/22->2: cool access (0), hot access (0), error acces (0).
/*BANK*/22->3: cool access (0), hot access (0), error acces (0).
/*BANK*/22->4: cool access (0), hot access (0), error acces (0).
/*BANK*/22->5: cool access (0), hot access (0), error acces (0).
/*BANK*/22->6: cool access (0), hot access (0), error acces (0).
/*BANK*/22->7: cool access (0), hot access (0), error acces (0).
/*BANK*/23->0: cool access (27367), hot access (4541), error acces (0).
/*BANK*/23->1: cool access (3041), hot access (140), error acces (0).
/*BANK*/23->2: cool access (0), hot access (0), error acces (0).
/*BANK*/23->3: cool access (0), hot access (0), error acces (0).
/*BANK*/23->4: cool access (0), hot access (0), error acces (0).
/*BANK*/23->5: cool access (0), hot access (0), error acces (0).
/*BANK*/23->6: cool access (0), hot access (0), error acces (0).
/*BANK*/23->7: cool access (0), hot access (0), error acces (0).
/*BANK*/24->0: cool access (7249), hot access (22388), error acces (13674).
/*BANK*/24->1: cool access (6955), hot access (5839), error acces (2270).
/*BANK*/24->2: cool access (0), hot access (0), error acces (0).
/*BANK*/24->3: cool access (0), hot access (0), error acces (0).
/*BANK*/24->4: cool access (0), hot access (0), error acces (0).
/*BANK*/24->5: cool access (0), hot access (0), error acces (0).
/*BANK*/24->6: cool access (0), hot access (0), error acces (0).
/*BANK*/24->7: cool access (0), hot access (0), error acces (0).
/*BANK*/25->0: cool access (18836), hot access (12733), error acces (3714).
/*BANK*/25->1: cool access (2134), hot access (933), error acces (497).
/*BANK*/25->2: cool access (0), hot access (0), error acces (0).
/*BANK*/25->3: cool access (0), hot access (0), error acces (0).
/*BANK*/25->4: cool access (0), hot access (0), error acces (0).
/*BANK*/25->5: cool access (0), hot access (0), error acces (0).
/*BANK*/25->6: cool access (0), hot access (0), error acces (0).
/*BANK*/25->7: cool access (0), hot access (0), error acces (0).
/*BANK*/26->0: cool access (18886), hot access (13826), error acces (6729).
/*BANK*/26->1: cool access (0), hot access (0), error acces (0).
/*BANK*/26->2: cool access (0), hot access (0), error acces (0).
/*BANK*/26->3: cool access (95), hot access (0), error acces (0).
/*BANK*/26->4: cool access (0), hot access (0), error acces (0).
/*BANK*/26->5: cool access (0), hot access (0), error acces (0).
/*BANK*/26->6: cool access (0), hot access (0), error acces (0).
/*BANK*/26->7: cool access (0), hot access (0), error acces (0).
/*BANK*/27->0: cool access (21331), hot access (6580), error acces (0).
/*BANK*/27->1: cool access (0), hot access (0), error acces (0).
/*BANK*/27->2: cool access (0), hot access (0), error acces (0).
/*BANK*/27->3: cool access (0), hot access (0), error acces (0).
/*BANK*/27->4: cool access (0), hot access (0), error acces (0).
/*BANK*/27->5: cool access (0), hot access (0), error acces (0).
/*BANK*/27->6: cool access (0), hot access (0), error acces (0).
/*BANK*/27->7: cool access (0), hot access (0), error acces (0).
/*BANK*/28->0: cool access (13627), hot access (17717), error acces (6457).
/*BANK*/28->1: cool access (0), hot access (0), error acces (0).
/*BANK*/28->2: cool access (0), hot access (0), error acces (0).
/*BANK*/28->3: cool access (0), hot access (0), error acces (0).
/*BANK*/28->4: cool access (0), hot access (0), error acces (0).
/*BANK*/28->5: cool access (0), hot access (0), error acces (0).
/*BANK*/28->6: cool access (0), hot access (0), error acces (0).
/*BANK*/28->7: cool access (0), hot access (0), error acces (0).
/*BANK*/29->0: cool access (22749), hot access (6327), error acces (0).
/*BANK*/29->1: cool access (0), hot access (0), error acces (0).
/*BANK*/29->2: cool access (11), hot access (0), error acces (0).
/*BANK*/29->3: cool access (0), hot access (0), error acces (0).
/*BANK*/29->4: cool access (0), hot access (0), error acces (0).
/*BANK*/29->5: cool access (0), hot access (0), error acces (0).
/*BANK*/29->6: cool access (49), hot access (0), error acces (0).
/*BANK*/29->7: cool access (0), hot access (0), error acces (0).
/*BANK*/30->0: cool access (22676), hot access (7442), error acces (0).
/*BANK*/30->1: cool access (0), hot access (0), error acces (0).
/*BANK*/30->2: cool access (0), hot access (0), error acces (0).
/*BANK*/30->3: cool access (0), hot access (0), error acces (0).
/*BANK*/30->4: cool access (0), hot access (0), error acces (0).
/*BANK*/30->5: cool access (0), hot access (0), error acces (0).
/*BANK*/30->6: cool access (0), hot access (0), error acces (0).
/*BANK*/30->7: cool access (0), hot access (0), error acces (0).
/*BANK*/31->0: cool access (20860), hot access (4173), error acces (0).
/*BANK*/31->1: cool access (0), hot access (0), error acces (0).
/*BANK*/31->2: cool access (0), hot access (0), error acces (0).
/*BANK*/31->3: cool access (0), hot access (0), error acces (0).
/*BANK*/31->4: cool access (0), hot access (0), error acces (0).
/*BANK*/31->5: cool access (0), hot access (0), error acces (0).
/*BANK*/31->6: cool access (0), hot access (0), error acces (0).
/*BANK*/31->7: cool access (0), hot access (0), error acces (0).
{Summary}: 219516 Hot Accesses, 828681 Cool Accesses.

 ***** [REF/AC_Result] *****
                     Power     Energy    Energy %
  core-core        21.66 W     2.43  J     31.63%
  core-ifetch       4.29 W     0.48  J      6.26%
  core-alu          1.56 W     0.17  J      2.28%
  core-int          3.10 W     0.35  J      4.53%
  core-fp           4.57 W     0.51  J      6.68%
  core-mem          5.42 W     0.61  J      7.92%
  core-other        3.79 W     0.43  J      5.54%
  icache            2.91 W     0.33  J      4.26%
  dcache           11.53 W     1.29  J     16.84%
  l2                1.71 W     0.19  J      2.49%
  l3                3.40 W     0.38  J      4.97%
  dram              4.48 W     0.50  J      6.55%
  other             0.03 W     3.67 mJ      0.05%

  core             44.40 W     4.98  J     64.85%
  cache            19.55 W     2.19  J     28.56%
  total            68.47 W     7.68  J    100.00%
Warning: Unable to run gnuplot to create cpi stack graphs.  Maybe gnuplot is not installed?
[SNIPER] End
[SNIPER] Elapsed time: 3693.00 seconds
[SNIPER] Running McPAT
[SPLASH] [----------    End of output    ----------]
[SPLASH] Done.
/scratch/miz087/results/cross_mix_100us_20_splash2_water.sp_large
