[Benchmarks] set sniper output to rundi /scratch/miz087/results/cross_mix_50us_20_splash2_barnes_large
/scratch/miz087/results/cross_mix_50us_20_splash2_barnes_large
[SPLASH] Benchmarks to run: barnes

[SPLASH] [========== Running benchmark barnes ==========]
[SPLASH] Setting up run directory: /scratch/miz087/results/cross_mix_50us_20_splash2_barnes_large
[SPLASH] Running 'SNIPER_APP_LD_PRELOAD=$LD_PRELOAD; unset LD_PRELOAD; /home_masters/miz087/workplace/micro_exp/run-sniper -n 4 -m 'localhost' -d '/scratch/miz087/results/cross_mix_50us_20_splash2_barnes_large' -sthermalstats --power -c gainestown_cache --roi --curdir=/home_masters/miz087/workplace/micro_exp/benchmarks  --  /home_masters/miz087/workplace/micro_exp/benchmarks/splash2/splash2/codes/apps/barnes/BARNES < input':
[SPLASH] [---------- Beginning of output ----------]
[SNIPER] Start
----------BEGIN_INIT_STATS_MANAGER------------
----------END_INIT_STATS_MANAGER------------
Normal Cache Total set: 524288
now initialize a stacked dram unison cache
Executing Python script /scratch/miz087/results/cross_mix_50us_20_splash2_barnes_large/sim.scripts.py
[SNIPER] --------------------------------------------------------------------------------
[SNIPER] Sniper using Pin frontend
[SNIPER] Running pre-ROI region in  CACHE_ONLY mode
[SNIPER] Running application ROI in DETAILED mode
[SNIPER] Running post-ROI region in FAST_FORWARD mode
[SNIPER] --------------------------------------------------------------------------------

		Hack code: Plummer model

     nbody     dtime       eps       tol     dtout     tstop    fcells     NPROC
     32768   0.02500    0.0500      1.00     0.250     0.075      2.00         4

[HOOKS] Entering ROI
[SNIPER] Enabling performance models
[SNIPER] Setting instrumentation mode to DETAILED
[SNIPER] Disabling performance models
[SNIPER] Leaving ROI after 7347.36 seconds
[SNIPER] Simulated 3618.6M instructions, 1289.0M cycles, 2.81 IPC
[SNIPER] Simulation speed 493.8 KIPS (123.4 KIPS / target core - 8100.5ns/instr)
[SNIPER] Sampling: executed 97.31% of simulated time in detailed mode
[SNIPER] Setting instrumentation mode to FAST_FORWARD
COMPUTESTART  =    414556130
[HOOKS] Leaving ROI
COMPUTEEND    =   3425836611
COMPUTETIME   =   3011280481
TRACKTIME     =   2621727607
PARTITIONTIME =      2508102	 0.00
TREEBUILDTIME =     63914625	 0.02
FORCECALCTIME =   2550292674	 0.97
RESTTIME      =      5012206	 0.00

 ***** [DRAM_CACHE_Result] *****

*** DRAM Total Access: 127055, miss: 22190, miss rate: 0.174649
*** DRAM Total Access In ROI: 22137, miss: 5783, miss rate: 0.261237
*** DRAM Remap Times: 0 invalid times, 0 total invalid_blocks, 0 migrate times, 0 total migrate blocks.
*** DRAM Statistics: 85868721 reads, 6511711 writes, 83359001 row hits, 2148987 ACT time, 2148987 PRE time, 1851059 RD time, 175827 WR time.

 ***** [DRAM_CACHE_Result] *****

[RAMULATOR OUTPUT]

**Total Ticks: 15844896

**Ramulator Active Cycles: 1.17028e+06

**DRAM Cycles: 1.58449e+07

**Maximum Bandwidth: 0

Number of Incoming Requests: 270029

**Serving Request**
Channel_0: serving reads(6381), serving writes(980).
Channel_1: serving reads(7308), serving writes(606).
Channel_2: serving reads(5435), serving writes(490).
Channel_3: serving reads(5659), serving writes(730).
Channel_4: serving reads(6184), serving writes(792).
Channel_5: serving reads(5342), serving writes(329).
Channel_6: serving reads(5273), serving writes(337).
Channel_7: serving reads(5354), serving writes(329).
Channel_8: serving reads(5505), serving writes(314).
Channel_9: serving reads(6923), serving writes(518).
Channel_10: serving reads(6086), serving writes(474).
Channel_11: serving reads(6221), serving writes(501).
Channel_12: serving reads(6089), serving writes(497).
Channel_13: serving reads(6162), serving writes(506).
Channel_14: serving reads(6185), serving writes(479).
Channel_15: serving reads(6367), serving writes(513).
Channel_16: serving reads(6671), serving writes(492).
Channel_17: serving reads(6226), serving writes(494).
Channel_18: serving reads(6061), serving writes(481).
Channel_19: serving reads(6121), serving writes(506).
Channel_20: serving reads(6305), serving writes(516).
Channel_21: serving reads(5967), serving writes(578).
Channel_22: serving reads(6548), serving writes(598).
Channel_23: serving reads(5885), serving writes(433).
Channel_24: serving reads(6305), serving writes(477).
Channel_25: serving reads(6170), serving writes(514).
Channel_26: serving reads(6171), serving writes(474).
Channel_27: serving reads(6030), serving writes(476).
Channel_28: serving reads(6551), serving writes(520).
Channel_29: serving reads(6319), serving writes(511).
Channel_30: serving reads(6244), serving writes(485).
Channel_31: serving reads(6100), serving writes(465).
[RAMULATOR OUTPUT]

----------[STAT_STORE_UNIT]-----------

Hot Access: 0, Cool Access: 273424

Hits on previous hot rows: 0

Hits on previous cool rows: 0

Total remap times: 0, Total Inter-Vault remaps: 0, Total number of intervals: 0


----------[STAT_STORE_UNIT]-----------

 ***** [REF/AC_Result] *****
/*BANK*/0->0: cool access (3827), hot access (0), error acces (0).
/*BANK*/0->1: cool access (2121), hot access (0), error acces (0).
/*BANK*/0->2: cool access (1904), hot access (0), error acces (0).
/*BANK*/0->3: cool access (1776), hot access (0), error acces (0).
/*BANK*/0->4: cool access (14), hot access (0), error acces (0).
/*BANK*/0->5: cool access (0), hot access (0), error acces (0).
/*BANK*/0->6: cool access (0), hot access (0), error acces (0).
/*BANK*/0->7: cool access (0), hot access (0), error acces (0).
/*BANK*/1->0: cool access (4161), hot access (0), error acces (0).
/*BANK*/1->1: cool access (1975), hot access (0), error acces (0).
/*BANK*/1->2: cool access (1657), hot access (0), error acces (0).
/*BANK*/1->3: cool access (2447), hot access (0), error acces (0).
/*BANK*/1->4: cool access (0), hot access (0), error acces (0).
/*BANK*/1->5: cool access (0), hot access (0), error acces (0).
/*BANK*/1->6: cool access (0), hot access (0), error acces (0).
/*BANK*/1->7: cool access (0), hot access (0), error acces (0).
/*BANK*/2->0: cool access (1573), hot access (0), error acces (0).
/*BANK*/2->1: cool access (2123), hot access (0), error acces (0).
/*BANK*/2->2: cool access (1827), hot access (0), error acces (0).
/*BANK*/2->3: cool access (1680), hot access (0), error acces (0).
/*BANK*/2->4: cool access (0), hot access (0), error acces (0).
/*BANK*/2->5: cool access (0), hot access (0), error acces (0).
/*BANK*/2->6: cool access (0), hot access (0), error acces (0).
/*BANK*/2->7: cool access (0), hot access (0), error acces (0).
/*BANK*/3->0: cool access (1090), hot access (0), error acces (0).
/*BANK*/3->1: cool access (2005), hot access (0), error acces (0).
/*BANK*/3->2: cool access (2673), hot access (0), error acces (0).
/*BANK*/3->3: cool access (2755), hot access (0), error acces (0).
/*BANK*/3->4: cool access (0), hot access (0), error acces (0).
/*BANK*/3->5: cool access (0), hot access (0), error acces (0).
/*BANK*/3->6: cool access (0), hot access (0), error acces (0).
/*BANK*/3->7: cool access (0), hot access (0), error acces (0).
/*BANK*/4->0: cool access (4509), hot access (0), error acces (0).
/*BANK*/4->1: cool access (1762), hot access (0), error acces (0).
/*BANK*/4->2: cool access (2105), hot access (0), error acces (0).
/*BANK*/4->3: cool access (2092), hot access (0), error acces (0).
/*BANK*/4->4: cool access (0), hot access (0), error acces (0).
/*BANK*/4->5: cool access (0), hot access (0), error acces (0).
/*BANK*/4->6: cool access (0), hot access (0), error acces (0).
/*BANK*/4->7: cool access (0), hot access (0), error acces (0).
/*BANK*/5->0: cool access (1733), hot access (0), error acces (0).
/*BANK*/5->1: cool access (1715), hot access (0), error acces (0).
/*BANK*/5->2: cool access (980), hot access (0), error acces (0).
/*BANK*/5->3: cool access (2253), hot access (0), error acces (0).
/*BANK*/5->4: cool access (0), hot access (0), error acces (0).
/*BANK*/5->5: cool access (0), hot access (0), error acces (0).
/*BANK*/5->6: cool access (0), hot access (0), error acces (0).
/*BANK*/5->7: cool access (0), hot access (0), error acces (0).
/*BANK*/6->0: cool access (1999), hot access (0), error acces (0).
/*BANK*/6->1: cool access (1808), hot access (0), error acces (0).
/*BANK*/6->2: cool access (771), hot access (0), error acces (0).
/*BANK*/6->3: cool access (2106), hot access (0), error acces (0).
/*BANK*/6->4: cool access (0), hot access (0), error acces (0).
/*BANK*/6->5: cool access (0), hot access (0), error acces (0).
/*BANK*/6->6: cool access (0), hot access (0), error acces (0).
/*BANK*/6->7: cool access (0), hot access (0), error acces (0).
/*BANK*/7->0: cool access (2125), hot access (0), error acces (0).
/*BANK*/7->1: cool access (1663), hot access (0), error acces (0).
/*BANK*/7->2: cool access (786), hot access (0), error acces (0).
/*BANK*/7->3: cool access (2071), hot access (0), error acces (0).
/*BANK*/7->4: cool access (0), hot access (0), error acces (0).
/*BANK*/7->5: cool access (0), hot access (0), error acces (0).
/*BANK*/7->6: cool access (0), hot access (0), error acces (0).
/*BANK*/7->7: cool access (0), hot access (0), error acces (0).
/*BANK*/8->0: cool access (2003), hot access (0), error acces (0).
/*BANK*/8->1: cool access (1899), hot access (0), error acces (0).
/*BANK*/8->2: cool access (960), hot access (0), error acces (0).
/*BANK*/8->3: cool access (1877), hot access (0), error acces (0).
/*BANK*/8->4: cool access (0), hot access (0), error acces (0).
/*BANK*/8->5: cool access (0), hot access (0), error acces (0).
/*BANK*/8->6: cool access (0), hot access (0), error acces (0).
/*BANK*/8->7: cool access (0), hot access (0), error acces (0).
/*BANK*/9->0: cool access (2005), hot access (0), error acces (0).
/*BANK*/9->1: cool access (1739), hot access (0), error acces (0).
/*BANK*/9->2: cool access (4377), hot access (0), error acces (0).
/*BANK*/9->3: cool access (1504), hot access (0), error acces (0).
/*BANK*/9->4: cool access (0), hot access (0), error acces (0).
/*BANK*/9->5: cool access (0), hot access (0), error acces (0).
/*BANK*/9->6: cool access (0), hot access (0), error acces (0).
/*BANK*/9->7: cool access (0), hot access (0), error acces (0).
/*BANK*/10->0: cool access (2141), hot access (0), error acces (0).
/*BANK*/10->1: cool access (1826), hot access (0), error acces (0).
/*BANK*/10->2: cool access (1756), hot access (0), error acces (0).
/*BANK*/10->3: cool access (1685), hot access (0), error acces (0).
/*BANK*/10->4: cool access (0), hot access (0), error acces (0).
/*BANK*/10->5: cool access (0), hot access (0), error acces (0).
/*BANK*/10->6: cool access (0), hot access (0), error acces (0).
/*BANK*/10->7: cool access (0), hot access (0), error acces (0).
/*BANK*/11->0: cool access (2003), hot access (0), error acces (0).
/*BANK*/11->1: cool access (1670), hot access (0), error acces (0).
/*BANK*/11->2: cool access (2324), hot access (0), error acces (0).
/*BANK*/11->3: cool access (1793), hot access (0), error acces (0).
/*BANK*/11->4: cool access (0), hot access (0), error acces (0).
/*BANK*/11->5: cool access (0), hot access (0), error acces (0).
/*BANK*/11->6: cool access (0), hot access (0), error acces (0).
/*BANK*/11->7: cool access (0), hot access (0), error acces (0).
/*BANK*/12->0: cool access (2119), hot access (0), error acces (0).
/*BANK*/12->1: cool access (1821), hot access (0), error acces (0).
/*BANK*/12->2: cool access (1898), hot access (0), error acces (0).
/*BANK*/12->3: cool access (1660), hot access (0), error acces (0).
/*BANK*/12->4: cool access (0), hot access (0), error acces (0).
/*BANK*/12->5: cool access (0), hot access (0), error acces (0).
/*BANK*/12->6: cool access (0), hot access (0), error acces (0).
/*BANK*/12->7: cool access (0), hot access (0), error acces (0).
/*BANK*/13->0: cool access (1977), hot access (0), error acces (0).
/*BANK*/13->1: cool access (1723), hot access (0), error acces (0).
/*BANK*/13->2: cool access (2093), hot access (0), error acces (0).
/*BANK*/13->3: cool access (1835), hot access (0), error acces (0).
/*BANK*/13->4: cool access (0), hot access (0), error acces (0).
/*BANK*/13->5: cool access (0), hot access (0), error acces (0).
/*BANK*/13->6: cool access (0), hot access (0), error acces (0).
/*BANK*/13->7: cool access (0), hot access (0), error acces (0).
/*BANK*/14->0: cool access (2139), hot access (0), error acces (0).
/*BANK*/14->1: cool access (1817), hot access (0), error acces (0).
/*BANK*/14->2: cool access (1900), hot access (0), error acces (0).
/*BANK*/14->3: cool access (1720), hot access (0), error acces (0).
/*BANK*/14->4: cool access (0), hot access (0), error acces (0).
/*BANK*/14->5: cool access (0), hot access (0), error acces (0).
/*BANK*/14->6: cool access (0), hot access (0), error acces (0).
/*BANK*/14->7: cool access (0), hot access (0), error acces (0).
/*BANK*/15->0: cool access (2001), hot access (0), error acces (0).
/*BANK*/15->1: cool access (1673), hot access (0), error acces (0).
/*BANK*/15->2: cool access (2577), hot access (0), error acces (0).
/*BANK*/15->3: cool access (1785), hot access (0), error acces (0).
/*BANK*/15->4: cool access (0), hot access (0), error acces (0).
/*BANK*/15->5: cool access (0), hot access (0), error acces (0).
/*BANK*/15->6: cool access (0), hot access (0), error acces (0).
/*BANK*/15->7: cool access (0), hot access (0), error acces (0).
/*BANK*/16->0: cool access (2139), hot access (0), error acces (0).
/*BANK*/16->1: cool access (1906), hot access (0), error acces (0).
/*BANK*/16->2: cool access (2570), hot access (0), error acces (0).
/*BANK*/16->3: cool access (1864), hot access (0), error acces (0).
/*BANK*/16->4: cool access (0), hot access (0), error acces (0).
/*BANK*/16->5: cool access (0), hot access (0), error acces (0).
/*BANK*/16->6: cool access (0), hot access (0), error acces (0).
/*BANK*/16->7: cool access (0), hot access (0), error acces (0).
/*BANK*/17->0: cool access (2005), hot access (0), error acces (0).
/*BANK*/17->1: cool access (1694), hot access (0), error acces (0).
/*BANK*/17->2: cool access (2456), hot access (0), error acces (0).
/*BANK*/17->3: cool access (1741), hot access (0), error acces (0).
/*BANK*/17->4: cool access (0), hot access (0), error acces (0).
/*BANK*/17->5: cool access (0), hot access (0), error acces (0).
/*BANK*/17->6: cool access (0), hot access (0), error acces (0).
/*BANK*/17->7: cool access (0), hot access (0), error acces (0).
/*BANK*/18->0: cool access (2141), hot access (0), error acces (0).
/*BANK*/18->1: cool access (1778), hot access (0), error acces (0).
/*BANK*/18->2: cool access (1709), hot access (0), error acces (0).
/*BANK*/18->3: cool access (1682), hot access (0), error acces (0).
/*BANK*/18->4: cool access (0), hot access (0), error acces (0).
/*BANK*/18->5: cool access (0), hot access (0), error acces (0).
/*BANK*/18->6: cool access (0), hot access (0), error acces (0).
/*BANK*/18->7: cool access (0), hot access (0), error acces (0).
/*BANK*/19->0: cool access (1991), hot access (0), error acces (0).
/*BANK*/19->1: cool access (1714), hot access (0), error acces (0).
/*BANK*/19->2: cool access (2173), hot access (0), error acces (0).
/*BANK*/19->3: cool access (1757), hot access (0), error acces (0).
/*BANK*/19->4: cool access (0), hot access (0), error acces (0).
/*BANK*/19->5: cool access (0), hot access (0), error acces (0).
/*BANK*/19->6: cool access (0), hot access (0), error acces (0).
/*BANK*/19->7: cool access (0), hot access (0), error acces (0).
/*BANK*/20->0: cool access (2109), hot access (0), error acces (0).
/*BANK*/20->1: cool access (1814), hot access (0), error acces (0).
/*BANK*/20->2: cool access (2217), hot access (0), error acces (0).
/*BANK*/20->3: cool access (1711), hot access (0), error acces (0).
/*BANK*/20->4: cool access (0), hot access (0), error acces (0).
/*BANK*/20->5: cool access (0), hot access (0), error acces (0).
/*BANK*/20->6: cool access (0), hot access (0), error acces (0).
/*BANK*/20->7: cool access (0), hot access (0), error acces (0).
/*BANK*/21->0: cool access (2011), hot access (0), error acces (0).
/*BANK*/21->1: cool access (1725), hot access (0), error acces (0).
/*BANK*/21->2: cool access (2120), hot access (0), error acces (0).
/*BANK*/21->3: cool access (1689), hot access (0), error acces (0).
/*BANK*/21->4: cool access (0), hot access (0), error acces (0).
/*BANK*/21->5: cool access (0), hot access (0), error acces (0).
/*BANK*/21->6: cool access (0), hot access (0), error acces (0).
/*BANK*/21->7: cool access (0), hot access (0), error acces (0).
/*BANK*/22->0: cool access (2008), hot access (0), error acces (0).
/*BANK*/22->1: cool access (1817), hot access (0), error acces (0).
/*BANK*/22->2: cool access (2737), hot access (0), error acces (0).
/*BANK*/22->3: cool access (1720), hot access (0), error acces (0).
/*BANK*/22->4: cool access (0), hot access (0), error acces (0).
/*BANK*/22->5: cool access (0), hot access (0), error acces (0).
/*BANK*/22->6: cool access (0), hot access (0), error acces (0).
/*BANK*/22->7: cool access (0), hot access (0), error acces (0).
/*BANK*/23->0: cool access (2111), hot access (0), error acces (0).
/*BANK*/23->1: cool access (1664), hot access (0), error acces (0).
/*BANK*/23->2: cool access (1990), hot access (0), error acces (0).
/*BANK*/23->3: cool access (1421), hot access (0), error acces (0).
/*BANK*/23->4: cool access (0), hot access (0), error acces (0).
/*BANK*/23->5: cool access (0), hot access (0), error acces (0).
/*BANK*/23->6: cool access (0), hot access (0), error acces (0).
/*BANK*/23->7: cool access (0), hot access (0), error acces (0).
/*BANK*/24->0: cool access (1977), hot access (0), error acces (0).
/*BANK*/24->1: cool access (1909), hot access (0), error acces (0).
/*BANK*/24->2: cool access (2348), hot access (0), error acces (0).
/*BANK*/24->3: cool access (1728), hot access (0), error acces (0).
/*BANK*/24->4: cool access (0), hot access (0), error acces (0).
/*BANK*/24->5: cool access (0), hot access (0), error acces (0).
/*BANK*/24->6: cool access (0), hot access (0), error acces (0).
/*BANK*/24->7: cool access (0), hot access (0), error acces (0).
/*BANK*/25->0: cool access (2145), hot access (0), error acces (0).
/*BANK*/25->1: cool access (1744), hot access (0), error acces (0).
/*BANK*/25->2: cool access (2164), hot access (0), error acces (0).
/*BANK*/25->3: cool access (1623), hot access (0), error acces (0).
/*BANK*/25->4: cool access (0), hot access (0), error acces (0).
/*BANK*/25->5: cool access (0), hot access (0), error acces (0).
/*BANK*/25->6: cool access (0), hot access (0), error acces (0).
/*BANK*/25->7: cool access (0), hot access (0), error acces (0).
/*BANK*/26->0: cool access (2009), hot access (0), error acces (0).
/*BANK*/26->1: cool access (1781), hot access (0), error acces (0).
/*BANK*/26->2: cool access (2150), hot access (0), error acces (0).
/*BANK*/26->3: cool access (1687), hot access (0), error acces (0).
/*BANK*/26->4: cool access (0), hot access (0), error acces (0).
/*BANK*/26->5: cool access (0), hot access (0), error acces (0).
/*BANK*/26->6: cool access (0), hot access (0), error acces (0).
/*BANK*/26->7: cool access (0), hot access (0), error acces (0).
/*BANK*/27->0: cool access (2137), hot access (0), error acces (0).
/*BANK*/27->1: cool access (1697), hot access (0), error acces (0).
/*BANK*/27->2: cool access (1807), hot access (0), error acces (0).
/*BANK*/27->3: cool access (1701), hot access (0), error acces (0).
/*BANK*/27->4: cool access (0), hot access (0), error acces (0).
/*BANK*/27->5: cool access (0), hot access (0), error acces (0).
/*BANK*/27->6: cool access (0), hot access (0), error acces (0).
/*BANK*/27->7: cool access (0), hot access (0), error acces (0).
/*BANK*/28->0: cool access (2007), hot access (0), error acces (0).
/*BANK*/28->1: cool access (1785), hot access (0), error acces (0).
/*BANK*/28->2: cool access (2753), hot access (0), error acces (0).
/*BANK*/28->3: cool access (1808), hot access (0), error acces (0).
/*BANK*/28->4: cool access (0), hot access (0), error acces (0).
/*BANK*/28->5: cool access (0), hot access (0), error acces (0).
/*BANK*/28->6: cool access (0), hot access (0), error acces (0).
/*BANK*/28->7: cool access (0), hot access (0), error acces (0).
/*BANK*/29->0: cool access (2137), hot access (0), error acces (0).
/*BANK*/29->1: cool access (1729), hot access (0), error acces (0).
/*BANK*/29->2: cool access (2202), hot access (0), error acces (0).
/*BANK*/29->3: cool access (1714), hot access (0), error acces (0).
/*BANK*/29->4: cool access (0), hot access (0), error acces (0).
/*BANK*/29->5: cool access (0), hot access (0), error acces (0).
/*BANK*/29->6: cool access (0), hot access (0), error acces (0).
/*BANK*/29->7: cool access (0), hot access (0), error acces (0).
/*BANK*/30->0: cool access (2001), hot access (0), error acces (0).
/*BANK*/30->1: cool access (1807), hot access (0), error acces (0).
/*BANK*/30->2: cool access (2307), hot access (0), error acces (0).
/*BANK*/30->3: cool access (1718), hot access (0), error acces (0).
/*BANK*/30->4: cool access (0), hot access (0), error acces (0).
/*BANK*/30->5: cool access (0), hot access (0), error acces (0).
/*BANK*/30->6: cool access (0), hot access (0), error acces (0).
/*BANK*/30->7: cool access (0), hot access (0), error acces (0).
/*BANK*/31->0: cool access (2007), hot access (0), error acces (0).
/*BANK*/31->1: cool access (1689), hot access (0), error acces (0).
/*BANK*/31->2: cool access (2333), hot access (0), error acces (0).
/*BANK*/31->3: cool access (1526), hot access (0), error acces (0).
/*BANK*/31->4: cool access (0), hot access (0), error acces (0).
/*BANK*/31->5: cool access (0), hot access (0), error acces (0).
/*BANK*/31->6: cool access (0), hot access (0), error acces (0).
/*BANK*/31->7: cool access (0), hot access (0), error acces (0).
{Summary}: 0 Hot Accesses, 252700 Cool Accesses.

 ***** [REF/AC_Result] *****
                     Power     Energy    Energy %
  core-core         9.61 W     4.53  J     21.71%
  core-ifetch       2.34 W     1.11  J      5.29%
  core-alu          1.38 W     0.65  J      3.12%
  core-int          2.03 W     0.96  J      4.59%
  core-fp           3.62 W     1.71  J      8.17%
  core-mem          3.23 W     1.52  J      7.29%
  core-other        3.79 W     1.79  J      8.58%
  icache            1.71 W     0.81  J      3.87%
  dcache            7.16 W     3.38  J     16.19%
  l2                1.70 W     0.80  J      3.84%
  l3                3.39 W     1.60  J      7.65%
  dram              4.26 W     2.01  J      9.63%
  other             0.03 W     0.02  J      0.07%

  core             25.99 W    12.27  J     58.74%
  cache            13.96 W     6.59  J     31.55%
  total            44.25 W    20.88  J    100.00%
Warning: Unable to run gnuplot to create cpi stack graphs.  Maybe gnuplot is not installed?
[SNIPER] End
[SNIPER] Elapsed time: 7404.27 seconds
[SNIPER] Running McPAT
[SPLASH] [----------    End of output    ----------]
[SPLASH] Done.
/scratch/miz087/results/cross_mix_50us_20_splash2_barnes_large
