[Benchmarks] set sniper output to rundi /scratch/miz087/results/cross_mix_5us_5_splash2_raytrace_opt_large
/scratch/miz087/results/cross_mix_5us_5_splash2_raytrace_opt_large
[SPLASH] Benchmarks to run: raytrace_opt

[SPLASH] [========== Running benchmark raytrace ==========]
[SPLASH] Setting up run directory: /scratch/miz087/results/cross_mix_5us_5_splash2_raytrace_opt_large
[SPLASH] Extracting output: mkdir /scratch/miz087/results/cross_mix_5us_5_splash2_raytrace_opt_large/inputs; gunzip < /home_masters/miz087/workplace/micro_exp/benchmarks/splash2/splash2/codes/apps/raytrace/inputs/car.env.Z > /scratch/miz087/results/cross_mix_5us_5_splash2_raytrace_opt_large/inputs/car.env; gunzip < /home_masters/miz087/workplace/micro_exp/benchmarks/splash2/splash2/codes/apps/raytrace/inputs/car.geo.Z > /scratch/miz087/results/cross_mix_5us_5_splash2_raytrace_opt_large/inputs/car.geo
[SPLASH] Running 'SNIPER_APP_LD_PRELOAD=$LD_PRELOAD; unset LD_PRELOAD; /home_masters/miz087/workplace/micro_exp/run-sniper -n 4 -m 'localhost' -d '/scratch/miz087/results/cross_mix_5us_5_splash2_raytrace_opt_large' -sthermalstats --power -c gainestown_cache --roi --curdir=/home_masters/miz087/workplace/micro_exp/benchmarks  --  /home_masters/miz087/workplace/micro_exp/benchmarks/splash2/splash2/codes/apps/raytrace/RAYTRACE.opt -p4 -m64 -a4 inputs/car.env':
[SPLASH] [---------- Beginning of output ----------]
[SNIPER] Start
----------BEGIN_INIT_STATS_MANAGER------------
----------END_INIT_STATS_MANAGER------------
Normal Cache Total set: 524288
now initialize a stacked dram unison cache
Executing Python script /scratch/miz087/results/cross_mix_5us_5_splash2_raytrace_opt_large/sim.scripts.py
[SNIPER] --------------------------------------------------------------------------------
[SNIPER] Sniper using Pin frontend
[SNIPER] Running pre-ROI region in  CACHE_ONLY mode
[SNIPER] Running application ROI in DETAILED mode
[SNIPER] Running post-ROI region in FAST_FORWARD mode
[SNIPER] --------------------------------------------------------------------------------

Number of processors:     	4
Global shared memory size:	64 MB
Samples per pixel:        	4

Number of primitive objects: 	7629
Number of primitive elements:	46423
Uniform Hierarchy built.
[HOOKS] Entering ROI
[SNIPER] Enabling performance models
[SNIPER] Setting instrumentation mode to DETAILED
[SNIPER] Disabling performance models
[SNIPER] Leaving ROI after 4508.71 seconds
[SNIPER] Simulated 1972.0M instructions, 1355.2M cycles, 1.46 IPC
[SNIPER] Simulation speed 439.3 KIPS (109.8 KIPS / target core - 9106.2ns/instr)
[SNIPER] Sampling: executed 37.38% of simulated time in detailed mode
[SNIPER] Setting instrumentation mode to FAST_FORWARD
[HOOKS] Leaving ROI

****** Hierarchial uniform grid memory allocation summary ******* 

     < struct >:            < current >   < maximum >    < sizeof > 
     <  bytes >:             <  bytes >   <   bytes >    <  bytes > 

     grid:                      59760         59760           144 
     hashtable entries:        678968        678968             8 
     emptycell entries:          6632          6632             8 
     voxel:                   1251480       1251480            40 
     bintree_node:           12370320      12370320           120 

     Totals:                 14367160      14367160      

TIMING STATISTICS MEASURED BY MAIN PROCESS:
        Overall start time         1491156792229411
        Overall end time       1491161262545450
        Total time with initialization             175348743
        Total time without initialization            4469844035

 ***** [DRAM_CACHE_Result] *****

*** DRAM Total Access: 2293447, miss: 415398, miss rate: 0.181124
*** DRAM Total Access In ROI: 390641, miss: 58524, miss rate: 0.149815
*** DRAM Remap Times: 31112 invalid times, 51470 total invalid_blocks, 0 migrate times, 0 total migrate blocks.
*** DRAM Statistics: 594499509 reads, 251155076 writes, 739582301 row hits, 24226196 ACT time, 24226196 PRE time, 18355182 RD time, 5870963 WR time.

 ***** [DRAM_CACHE_Result] *****

[RAMULATOR OUTPUT]

**Total Ticks: 274254609

**Ramulator Active Cycles: 2.59587e+07

**DRAM Cycles: 2.74255e+08

**Maximum Bandwidth: 0

Number of Incoming Requests: 5.0107e+06

**Serving Request**
Channel_0: serving reads(135024), serving writes(43037).
Channel_1: serving reads(97276), serving writes(39411).
Channel_2: serving reads(102984), serving writes(41273).
Channel_3: serving reads(92525), serving writes(37775).
Channel_4: serving reads(100178), serving writes(40814).
Channel_5: serving reads(101444), serving writes(40967).
Channel_6: serving reads(103723), serving writes(42143).
Channel_7: serving reads(102839), serving writes(41679).
Channel_8: serving reads(110680), serving writes(44893).
Channel_9: serving reads(99738), serving writes(40880).
Channel_10: serving reads(102267), serving writes(41113).
Channel_11: serving reads(104408), serving writes(41401).
Channel_12: serving reads(101703), serving writes(41262).
Channel_13: serving reads(98576), serving writes(40552).
Channel_14: serving reads(104624), serving writes(42348).
Channel_15: serving reads(105457), serving writes(41740).
Channel_16: serving reads(102609), serving writes(41555).
Channel_17: serving reads(104562), serving writes(41719).
Channel_18: serving reads(108055), serving writes(42720).
Channel_19: serving reads(106927), serving writes(42205).
Channel_20: serving reads(104056), serving writes(42007).
Channel_21: serving reads(106657), serving writes(42547).
Channel_22: serving reads(108993), serving writes(43684).
Channel_23: serving reads(107971), serving writes(41020).
Channel_24: serving reads(104688), serving writes(41458).
Channel_25: serving reads(102378), serving writes(41704).
Channel_26: serving reads(101235), serving writes(41292).
Channel_27: serving reads(99186), serving writes(39966).
Channel_28: serving reads(93954), serving writes(39424).
Channel_29: serving reads(96676), serving writes(39902).
Channel_30: serving reads(93496), serving writes(39168).
Channel_31: serving reads(93538), serving writes(38801).
[RAMULATOR OUTPUT]

----------[STAT_STORE_UNIT]-----------

Hot Access: 78565, Cool Access: 4936017

Hits on previous hot rows: 21592

Hits on previous cool rows: 1174

Total remap times: 15556, Total Inter-Vault remaps: 15556, Total number of intervals: 6038


----------[STAT_STORE_UNIT]-----------

 ***** [REF/AC_Result] *****
/*BANK*/0->0: cool access (26735), hot access (0), error acces (0).
/*BANK*/0->1: cool access (33868), hot access (0), error acces (0).
/*BANK*/0->2: cool access (24446), hot access (0), error acces (0).
/*BANK*/0->3: cool access (21386), hot access (0), error acces (0).
/*BANK*/0->4: cool access (25142), hot access (0), error acces (0).
/*BANK*/0->5: cool access (11289), hot access (0), error acces (0).
/*BANK*/0->6: cool access (20493), hot access (0), error acces (0).
/*BANK*/0->7: cool access (69248), hot access (0), error acces (0).
/*BANK*/1->0: cool access (25475), hot access (0), error acces (0).
/*BANK*/1->1: cool access (31588), hot access (0), error acces (0).
/*BANK*/1->2: cool access (22868), hot access (0), error acces (0).
/*BANK*/1->3: cool access (23369), hot access (0), error acces (0).
/*BANK*/1->4: cool access (23674), hot access (0), error acces (0).
/*BANK*/1->5: cool access (10941), hot access (0), error acces (0).
/*BANK*/1->6: cool access (20798), hot access (0), error acces (0).
/*BANK*/1->7: cool access (14356), hot access (0), error acces (0).
/*BANK*/2->0: cool access (23468), hot access (0), error acces (0).
/*BANK*/2->1: cool access (33383), hot access (0), error acces (0).
/*BANK*/2->2: cool access (25375), hot access (0), error acces (0).
/*BANK*/2->3: cool access (22783), hot access (0), error acces (0).
/*BANK*/2->4: cool access (28469), hot access (0), error acces (0).
/*BANK*/2->5: cool access (13953), hot access (0), error acces (0).
/*BANK*/2->6: cool access (18813), hot access (0), error acces (0).
/*BANK*/2->7: cool access (16935), hot access (0), error acces (0).
/*BANK*/3->0: cool access (20579), hot access (0), error acces (0).
/*BANK*/3->1: cool access (27586), hot access (0), error acces (0).
/*BANK*/3->2: cool access (23233), hot access (0), error acces (0).
/*BANK*/3->3: cool access (23524), hot access (0), error acces (0).
/*BANK*/3->4: cool access (22356), hot access (0), error acces (0).
/*BANK*/3->5: cool access (13147), hot access (0), error acces (0).
/*BANK*/3->6: cool access (18318), hot access (0), error acces (0).
/*BANK*/3->7: cool access (14821), hot access (0), error acces (0).
/*BANK*/4->0: cool access (26607), hot access (0), error acces (0).
/*BANK*/4->1: cool access (32812), hot access (0), error acces (0).
/*BANK*/4->2: cool access (24342), hot access (0), error acces (0).
/*BANK*/4->3: cool access (23317), hot access (0), error acces (0).
/*BANK*/4->4: cool access (25362), hot access (0), error acces (0).
/*BANK*/4->5: cool access (14377), hot access (0), error acces (0).
/*BANK*/4->6: cool access (16774), hot access (0), error acces (0).
/*BANK*/4->7: cool access (16487), hot access (0), error acces (0).
/*BANK*/5->0: cool access (32992), hot access (0), error acces (0).
/*BANK*/5->1: cool access (29135), hot access (0), error acces (0).
/*BANK*/5->2: cool access (22842), hot access (0), error acces (0).
/*BANK*/5->3: cool access (23819), hot access (0), error acces (0).
/*BANK*/5->4: cool access (25656), hot access (0), error acces (0).
/*BANK*/5->5: cool access (14123), hot access (0), error acces (0).
/*BANK*/5->6: cool access (15896), hot access (0), error acces (0).
/*BANK*/5->7: cool access (16722), hot access (0), error acces (0).
/*BANK*/6->0: cool access (30190), hot access (0), error acces (0).
/*BANK*/6->1: cool access (33564), hot access (0), error acces (0).
/*BANK*/6->2: cool access (23836), hot access (0), error acces (0).
/*BANK*/6->3: cool access (23390), hot access (0), error acces (0).
/*BANK*/6->4: cool access (23881), hot access (0), error acces (0).
/*BANK*/6->5: cool access (14825), hot access (0), error acces (0).
/*BANK*/6->6: cool access (16857), hot access (0), error acces (0).
/*BANK*/6->7: cool access (16457), hot access (0), error acces (0).
/*BANK*/7->0: cool access (33530), hot access (0), error acces (0).
/*BANK*/7->1: cool access (32874), hot access (0), error acces (0).
/*BANK*/7->2: cool access (22491), hot access (0), error acces (0).
/*BANK*/7->3: cool access (22487), hot access (0), error acces (0).
/*BANK*/7->4: cool access (22809), hot access (0), error acces (0).
/*BANK*/7->5: cool access (16491), hot access (0), error acces (0).
/*BANK*/7->6: cool access (16944), hot access (0), error acces (0).
/*BANK*/7->7: cool access (15920), hot access (0), error acces (0).
/*BANK*/8->0: cool access (32527), hot access (4675), error acces (0).
/*BANK*/8->1: cool access (32325), hot access (0), error acces (0).
/*BANK*/8->2: cool access (24174), hot access (0), error acces (0).
/*BANK*/8->3: cool access (23326), hot access (0), error acces (0).
/*BANK*/8->4: cool access (25835), hot access (0), error acces (0).
/*BANK*/8->5: cool access (17144), hot access (0), error acces (0).
/*BANK*/8->6: cool access (17624), hot access (0), error acces (0).
/*BANK*/8->7: cool access (20529), hot access (0), error acces (0).
/*BANK*/9->0: cool access (37017), hot access (0), error acces (0).
/*BANK*/9->1: cool access (24416), hot access (0), error acces (0).
/*BANK*/9->2: cool access (20829), hot access (0), error acces (0).
/*BANK*/9->3: cool access (23116), hot access (0), error acces (0).
/*BANK*/9->4: cool access (20999), hot access (0), error acces (0).
/*BANK*/9->5: cool access (16506), hot access (0), error acces (0).
/*BANK*/9->6: cool access (17334), hot access (0), error acces (0).
/*BANK*/9->7: cool access (19251), hot access (0), error acces (0).
/*BANK*/10->0: cool access (34038), hot access (0), error acces (0).
/*BANK*/10->1: cool access (23863), hot access (0), error acces (0).
/*BANK*/10->2: cool access (21085), hot access (0), error acces (0).
/*BANK*/10->3: cool access (28816), hot access (0), error acces (0).
/*BANK*/10->4: cool access (20686), hot access (0), error acces (0).
/*BANK*/10->5: cool access (15337), hot access (0), error acces (0).
/*BANK*/10->6: cool access (17602), hot access (0), error acces (0).
/*BANK*/10->7: cool access (19717), hot access (0), error acces (0).
/*BANK*/11->0: cool access (35682), hot access (0), error acces (0).
/*BANK*/11->1: cool access (24174), hot access (0), error acces (0).
/*BANK*/11->2: cool access (20411), hot access (0), error acces (0).
/*BANK*/11->3: cool access (29909), hot access (0), error acces (0).
/*BANK*/11->4: cool access (20444), hot access (0), error acces (0).
/*BANK*/11->5: cool access (17878), hot access (0), error acces (0).
/*BANK*/11->6: cool access (16162), hot access (0), error acces (0).
/*BANK*/11->7: cool access (20105), hot access (0), error acces (0).
/*BANK*/12->0: cool access (28279), hot access (5629), error acces (5619).
/*BANK*/12->1: cool access (18830), hot access (4057), error acces (0).
/*BANK*/12->2: cool access (18498), hot access (3937), error acces (0).
/*BANK*/12->3: cool access (30494), hot access (0), error acces (0).
/*BANK*/12->4: cool access (17954), hot access (0), error acces (0).
/*BANK*/12->5: cool access (15712), hot access (0), error acces (0).
/*BANK*/12->6: cool access (18432), hot access (0), error acces (0).
/*BANK*/12->7: cool access (20297), hot access (0), error acces (0).
/*BANK*/13->0: cool access (31782), hot access (438), error acces (0).
/*BANK*/13->1: cool access (19182), hot access (3451), error acces (0).
/*BANK*/13->2: cool access (23233), hot access (0), error acces (0).
/*BANK*/13->3: cool access (28817), hot access (0), error acces (0).
/*BANK*/13->4: cool access (21184), hot access (0), error acces (0).
/*BANK*/13->5: cool access (13395), hot access (0), error acces (0).
/*BANK*/13->6: cool access (16902), hot access (0), error acces (0).
/*BANK*/13->7: cool access (17432), hot access (0), error acces (0).
/*BANK*/14->0: cool access (23839), hot access (6853), error acces (0).
/*BANK*/14->1: cool access (23571), hot access (4247), error acces (0).
/*BANK*/14->2: cool access (24594), hot access (338), error acces (0).
/*BANK*/14->3: cool access (30927), hot access (0), error acces (0).
/*BANK*/14->4: cool access (18382), hot access (0), error acces (0).
/*BANK*/14->5: cool access (16833), hot access (0), error acces (0).
/*BANK*/14->6: cool access (17411), hot access (0), error acces (0).
/*BANK*/14->7: cool access (18317), hot access (0), error acces (0).
/*BANK*/15->0: cool access (40668), hot access (0), error acces (0).
/*BANK*/15->1: cool access (28626), hot access (0), error acces (0).
/*BANK*/15->2: cool access (22822), hot access (0), error acces (0).
/*BANK*/15->3: cool access (24793), hot access (0), error acces (0).
/*BANK*/15->4: cool access (18684), hot access (0), error acces (0).
/*BANK*/15->5: cool access (15163), hot access (0), error acces (0).
/*BANK*/15->6: cool access (17027), hot access (0), error acces (0).
/*BANK*/15->7: cool access (18142), hot access (0), error acces (0).
/*BANK*/16->0: cool access (21579), hot access (6277), error acces (0).
/*BANK*/16->1: cool access (23359), hot access (5308), error acces (0).
/*BANK*/16->2: cool access (24796), hot access (0), error acces (0).
/*BANK*/16->3: cool access (26222), hot access (0), error acces (0).
/*BANK*/16->4: cool access (17147), hot access (0), error acces (0).
/*BANK*/16->5: cool access (16513), hot access (0), error acces (0).
/*BANK*/16->6: cool access (18014), hot access (0), error acces (0).
/*BANK*/16->7: cool access (19867), hot access (0), error acces (0).
/*BANK*/17->0: cool access (35467), hot access (0), error acces (0).
/*BANK*/17->1: cool access (25713), hot access (0), error acces (0).
/*BANK*/17->2: cool access (24209), hot access (0), error acces (0).
/*BANK*/17->3: cool access (29336), hot access (0), error acces (0).
/*BANK*/17->4: cool access (18722), hot access (0), error acces (0).
/*BANK*/17->5: cool access (18265), hot access (0), error acces (0).
/*BANK*/17->6: cool access (16390), hot access (0), error acces (0).
/*BANK*/17->7: cool access (19907), hot access (0), error acces (0).
/*BANK*/18->0: cool access (26309), hot access (7031), error acces (0).
/*BANK*/18->1: cool access (24542), hot access (188), error acces (0).
/*BANK*/18->2: cool access (24465), hot access (0), error acces (0).
/*BANK*/18->3: cool access (30915), hot access (0), error acces (0).
/*BANK*/18->4: cool access (17900), hot access (0), error acces (0).
/*BANK*/18->5: cool access (20724), hot access (0), error acces (0).
/*BANK*/18->6: cool access (17415), hot access (0), error acces (0).
/*BANK*/18->7: cool access (20304), hot access (0), error acces (0).
/*BANK*/19->0: cool access (35643), hot access (0), error acces (0).
/*BANK*/19->1: cool access (24213), hot access (0), error acces (0).
/*BANK*/19->2: cool access (23677), hot access (0), error acces (0).
/*BANK*/19->3: cool access (28992), hot access (0), error acces (0).
/*BANK*/19->4: cool access (18583), hot access (0), error acces (0).
/*BANK*/19->5: cool access (20584), hot access (0), error acces (0).
/*BANK*/19->6: cool access (16032), hot access (0), error acces (0).
/*BANK*/19->7: cool access (19940), hot access (0), error acces (0).
/*BANK*/20->0: cool access (24900), hot access (7083), error acces (0).
/*BANK*/20->1: cool access (18244), hot access (6484), error acces (0).
/*BANK*/20->2: cool access (23784), hot access (14), error acces (0).
/*BANK*/20->3: cool access (27022), hot access (0), error acces (0).
/*BANK*/20->4: cool access (17872), hot access (0), error acces (0).
/*BANK*/20->5: cool access (19797), hot access (0), error acces (0).
/*BANK*/20->6: cool access (17471), hot access (0), error acces (0).
/*BANK*/20->7: cool access (20380), hot access (0), error acces (0).
/*BANK*/21->0: cool access (34878), hot access (0), error acces (0).
/*BANK*/21->1: cool access (25008), hot access (0), error acces (0).
/*BANK*/21->2: cool access (23810), hot access (0), error acces (0).
/*BANK*/21->3: cool access (28758), hot access (0), error acces (0).
/*BANK*/21->4: cool access (19738), hot access (0), error acces (0).
/*BANK*/21->5: cool access (19399), hot access (0), error acces (0).
/*BANK*/21->6: cool access (17079), hot access (0), error acces (0).
/*BANK*/21->7: cool access (19688), hot access (0), error acces (0).
/*BANK*/22->0: cool access (26061), hot access (6983), error acces (0).
/*BANK*/22->1: cool access (23966), hot access (4742), error acces (0).
/*BANK*/22->2: cool access (24415), hot access (0), error acces (0).
/*BANK*/22->3: cool access (29657), hot access (0), error acces (0).
/*BANK*/22->4: cool access (20671), hot access (0), error acces (0).
/*BANK*/22->5: cool access (21184), hot access (0), error acces (0).
/*BANK*/22->6: cool access (16478), hot access (0), error acces (0).
/*BANK*/22->7: cool access (19218), hot access (0), error acces (0).
/*BANK*/23->0: cool access (33060), hot access (0), error acces (0).
/*BANK*/23->1: cool access (27152), hot access (0), error acces (0).
/*BANK*/23->2: cool access (24734), hot access (0), error acces (0).
/*BANK*/23->3: cool access (28508), hot access (0), error acces (0).
/*BANK*/23->4: cool access (19339), hot access (0), error acces (0).
/*BANK*/23->5: cool access (20770), hot access (0), error acces (0).
/*BANK*/23->6: cool access (13575), hot access (0), error acces (0).
/*BANK*/23->7: cool access (20963), hot access (0), error acces (0).
/*BANK*/24->0: cool access (24207), hot access (6210), error acces (6196).
/*BANK*/24->1: cool access (21952), hot access (6223), error acces (0).
/*BANK*/24->2: cool access (21075), hot access (3939), error acces (0).
/*BANK*/24->3: cool access (27066), hot access (0), error acces (0).
/*BANK*/24->4: cool access (18191), hot access (0), error acces (0).
/*BANK*/24->5: cool access (21535), hot access (0), error acces (0).
/*BANK*/24->6: cool access (14624), hot access (0), error acces (0).
/*BANK*/24->7: cool access (19046), hot access (0), error acces (0).
/*BANK*/25->0: cool access (31981), hot access (2802), error acces (0).
/*BANK*/25->1: cool access (19508), hot access (6242), error acces (0).
/*BANK*/25->2: cool access (24288), hot access (0), error acces (0).
/*BANK*/25->3: cool access (24802), hot access (0), error acces (0).
/*BANK*/25->4: cool access (16429), hot access (0), error acces (0).
/*BANK*/25->5: cool access (21471), hot access (0), error acces (0).
/*BANK*/25->6: cool access (12613), hot access (0), error acces (0).
/*BANK*/25->7: cool access (20118), hot access (0), error acces (0).
/*BANK*/26->0: cool access (20541), hot access (5560), error acces (0).
/*BANK*/26->1: cool access (20445), hot access (5530), error acces (0).
/*BANK*/26->2: cool access (24425), hot access (535), error acces (0).
/*BANK*/26->3: cool access (30302), hot access (0), error acces (0).
/*BANK*/26->4: cool access (19235), hot access (0), error acces (0).
/*BANK*/26->5: cool access (21115), hot access (0), error acces (0).
/*BANK*/26->6: cool access (13295), hot access (0), error acces (0).
/*BANK*/26->7: cool access (19482), hot access (0), error acces (0).
/*BANK*/27->0: cool access (29908), hot access (0), error acces (0).
/*BANK*/27->1: cool access (23728), hot access (0), error acces (0).
/*BANK*/27->2: cool access (23320), hot access (0), error acces (0).
/*BANK*/27->3: cool access (32571), hot access (0), error acces (0).
/*BANK*/27->4: cool access (14556), hot access (0), error acces (0).
/*BANK*/27->5: cool access (22480), hot access (0), error acces (0).
/*BANK*/27->6: cool access (14011), hot access (0), error acces (0).
/*BANK*/27->7: cool access (18368), hot access (0), error acces (0).
/*BANK*/28->0: cool access (25955), hot access (7767), error acces (0).
/*BANK*/28->1: cool access (20084), hot access (4526), error acces (0).
/*BANK*/28->2: cool access (22886), hot access (0), error acces (0).
/*BANK*/28->3: cool access (22197), hot access (0), error acces (0).
/*BANK*/28->4: cool access (12272), hot access (0), error acces (0).
/*BANK*/28->5: cool access (19765), hot access (0), error acces (0).
/*BANK*/28->6: cool access (12987), hot access (0), error acces (0).
/*BANK*/28->7: cool access (21691), hot access (0), error acces (0).
/*BANK*/29->0: cool access (32196), hot access (0), error acces (0).
/*BANK*/29->1: cool access (23829), hot access (0), error acces (0).
/*BANK*/29->2: cool access (25018), hot access (0), error acces (0).
/*BANK*/29->3: cool access (25863), hot access (0), error acces (0).
/*BANK*/29->4: cool access (11943), hot access (0), error acces (0).
/*BANK*/29->5: cool access (19713), hot access (0), error acces (0).
/*BANK*/29->6: cool access (14056), hot access (0), error acces (0).
/*BANK*/29->7: cool access (20904), hot access (0), error acces (0).
/*BANK*/30->0: cool access (25520), hot access (5785), error acces (0).
/*BANK*/30->1: cool access (24841), hot access (385), error acces (0).
/*BANK*/30->2: cool access (23028), hot access (0), error acces (0).
/*BANK*/30->3: cool access (24069), hot access (0), error acces (0).
/*BANK*/30->4: cool access (12582), hot access (0), error acces (0).
/*BANK*/30->5: cool access (20380), hot access (0), error acces (0).
/*BANK*/30->6: cool access (12041), hot access (0), error acces (0).
/*BANK*/30->7: cool access (19947), hot access (0), error acces (0).
/*BANK*/31->0: cool access (31275), hot access (0), error acces (0).
/*BANK*/31->1: cool access (23038), hot access (0), error acces (0).
/*BANK*/31->2: cool access (22162), hot access (0), error acces (0).
/*BANK*/31->3: cool access (27579), hot access (0), error acces (0).
/*BANK*/31->4: cool access (11063), hot access (0), error acces (0).
/*BANK*/31->5: cool access (19791), hot access (0), error acces (0).
/*BANK*/31->6: cool access (13261), hot access (0), error acces (0).
/*BANK*/31->7: cool access (20506), hot access (0), error acces (0).
{Summary}: 133239 Hot Accesses, 5721764 Cool Accesses.

 ***** [REF/AC_Result] *****
                     Power     Energy    Energy %
  core-core        12.02 W     2.30  J     25.31%
  core-ifetch       2.84 W     0.54  J      5.98%
  core-alu          1.37 W     0.26  J      2.88%
  core-int          2.25 W     0.43  J      4.74%
  core-fp           3.71 W     0.71  J      7.81%
  core-mem          3.07 W     0.59  J      6.47%
  core-other        3.79 W     0.72  J      7.99%
  icache            2.15 W     0.41  J      4.53%
  dcache            6.69 W     1.28  J     14.08%
  l2                1.71 W     0.33  J      3.60%
  l3                3.42 W     0.65  J      7.20%
  dram              4.44 W     0.85  J      9.34%
  other             0.03 W     6.25 mJ      0.07%

  core             29.06 W     5.55  J     61.18%
  cache            13.97 W     2.67  J     29.41%
  total            47.50 W     9.08  J    100.00%
Warning: Unable to run gnuplot to create cpi stack graphs.  Maybe gnuplot is not installed?
[SNIPER] End
[SNIPER] Elapsed time: 5528.22 seconds
[SNIPER] Running McPAT
[SPLASH] [----------    End of output    ----------]
[SPLASH] Done.
/scratch/miz087/results/cross_mix_5us_5_splash2_raytrace_opt_large
