[Benchmarks] set sniper output to rundi /scratch/miz087/results/cross_mix_25us_5_mea_splash2_water.nsq_large
/scratch/miz087/results/cross_mix_25us_5_mea_splash2_water.nsq_large
[SPLASH] Benchmarks to run: water.nsq

[SPLASH] [========== Running benchmark water.nsq ==========]
[SPLASH] Setting up run directory: /scratch/miz087/results/cross_mix_25us_5_mea_splash2_water.nsq_large
[SPLASH] Running 'SNIPER_APP_LD_PRELOAD=$LD_PRELOAD; unset LD_PRELOAD; /home_masters/miz087/workplace/micro_exp/run-sniper -n 4 -m 'localhost' -d '/scratch/miz087/results/cross_mix_25us_5_mea_splash2_water.nsq_large' -sthermalstats --power -c gainestown_cache --roi --curdir=/home_masters/miz087/workplace/micro_exp/benchmarks  --  /home_masters/miz087/workplace/micro_exp/benchmarks/splash2/splash2/codes/apps/water-nsquared/WATER-NSQUARED < input':
[SPLASH] [---------- Beginning of output ----------]
[SNIPER] Start
----------BEGIN_INIT_STATS_MANAGER------------
----------END_INIT_STATS_MANAGER------------
Normal Cache Total set: 524288
now initialize a stacked dram unison cache
Executing Python script /scratch/miz087/results/cross_mix_25us_5_mea_splash2_water.nsq_large/sim.scripts.py
[SNIPER] --------------------------------------------------------------------------------
[SNIPER] Sniper using Pin frontend
[SNIPER] Running pre-ROI region in  CACHE_ONLY mode
[SNIPER] Running application ROI in DETAILED mode
[SNIPER] Running post-ROI region in FAST_FORWARD mode
[SNIPER] --------------------------------------------------------------------------------
Using 4 procs on 3 steps of 2197 mols
Other parameters:
	TSTEP = 1.50e-16
	NORDER = 6
	NSAVE = -1
	NRST = 3000
	NPRINT = 3
	NFMC = 0
	CUTOFF = 6.212752


TEMPERATURE                =   298.00 K
DENSITY                    =  0.99800 G/C.C.
NUMBER OF MOLECULES        =     2197
NUMBER OF PROCESSORS       =        4
TIME STEP                  = 1.50e-01 SEC
ORDER USED TO SOLVE F=MA   =        6 
NO. OF TIME STEPS          =        3 
FREQUENCY OF DATA SAVING   =       -1 
FREQUENCY TO WRITE RST FILE=     3000 
SPHERICAL CUTOFF RADIUS    =   6.2128 ANGSTROM

NS = 12.9999899999999986
BOXL =  40.382890
CUTOFF =   6.212752
XS =   3.106379
ZERO = 1.55319
WCOS = 0.585882
WSIN = 0.756950
***** NEW RUN STARTING FROM REGULAR LATTICE *****
[HOOKS] Entering ROI
[SNIPER] Enabling performance models
[SNIPER] Setting instrumentation mode to DETAILED
