[Benchmarks] set sniper output to rundi /scratch/miz087/results/cross_mix_50us_10_splash2_raytrace_large
/scratch/miz087/results/cross_mix_50us_10_splash2_raytrace_large
[SPLASH] Benchmarks to run: raytrace

[SPLASH] [========== Running benchmark raytrace ==========]
[SPLASH] Setting up run directory: /scratch/miz087/results/cross_mix_50us_10_splash2_raytrace_large
[SPLASH] Extracting output: mkdir /scratch/miz087/results/cross_mix_50us_10_splash2_raytrace_large/inputs; gunzip < /home_masters/miz087/workplace/micro_exp/benchmarks/splash2/splash2/codes/apps/raytrace/inputs/car.env.Z > /scratch/miz087/results/cross_mix_50us_10_splash2_raytrace_large/inputs/car.env; gunzip < /home_masters/miz087/workplace/micro_exp/benchmarks/splash2/splash2/codes/apps/raytrace/inputs/car.geo.Z > /scratch/miz087/results/cross_mix_50us_10_splash2_raytrace_large/inputs/car.geo
[SPLASH] Running 'SNIPER_APP_LD_PRELOAD=$LD_PRELOAD; unset LD_PRELOAD; /home_masters/miz087/workplace/micro_exp/run-sniper -n 4 -m 'localhost' -d '/scratch/miz087/results/cross_mix_50us_10_splash2_raytrace_large' -sthermalstats --power -c gainestown_cache --roi --curdir=/home_masters/miz087/workplace/micro_exp/benchmarks  --  /home_masters/miz087/workplace/micro_exp/benchmarks/splash2/splash2/codes/apps/raytrace/RAYTRACE -p4 -m64 -a4 inputs/car.env':
[SPLASH] [---------- Beginning of output ----------]
[SNIPER] Start
----------BEGIN_INIT_STATS_MANAGER------------
----------END_INIT_STATS_MANAGER------------
Normal Cache Total set: 524288
now initialize a stacked dram unison cache
Executing Python script /scratch/miz087/results/cross_mix_50us_10_splash2_raytrace_large/sim.scripts.py
[SNIPER] --------------------------------------------------------------------------------
[SNIPER] Sniper using Pin frontend
[SNIPER] Running pre-ROI region in  CACHE_ONLY mode
[SNIPER] Running application ROI in DETAILED mode
[SNIPER] Running post-ROI region in FAST_FORWARD mode
[SNIPER] --------------------------------------------------------------------------------

Number of processors:     	4
Global shared memory size:	64 MB
Samples per pixel:        	4

Number of primitive objects: 	7629
Number of primitive elements:	46423
Uniform Hierarchy built.
[HOOKS] Entering ROI
[SNIPER] Enabling performance models
[SNIPER] Setting instrumentation mode to DETAILED
[SNIPER] Disabling performance models
[SNIPER] Leaving ROI after 4483.08 seconds
[SNIPER] Simulated 1993.7M instructions, 1397.0M cycles, 1.43 IPC
[SNIPER] Simulation speed 447.2 KIPS (111.8 KIPS / target core - 8943.6ns/instr)
[SNIPER] Sampling: executed 38.14% of simulated time in detailed mode
[SNIPER] Setting instrumentation mode to FAST_FORWARD
[HOOKS] Leaving ROI

****** Hierarchial uniform grid memory allocation summary ******* 

     < struct >:            < current >   < maximum >    < sizeof > 
     <  bytes >:             <  bytes >   <   bytes >    <  bytes > 

     grid:                      59760         59760           144 
     hashtable entries:        678968        678968             8 
     emptycell entries:          6632          6632             8 
     voxel:                   1251480       1251480            40 
     bintree_node:           12370320      12370320           120 

     Totals:                 14367160      14367160      

TIMING STATISTICS MEASURED BY MAIN PROCESS:
        Overall start time         1491140364247423
        Overall end time       1491144803907378
        Total time with initialization             144692659
        Total time without initialization            4439339946

 ***** [DRAM_CACHE_Result] *****

*** DRAM Total Access: 2293378, miss: 388714, miss rate: 0.169494
*** DRAM Total Access In ROI: 390111, miss: 32076, miss rate: 0.0822228
*** DRAM Remap Times: 982 invalid times, 9155 total invalid_blocks, 0 migrate times, 0 total migrate blocks.
*** DRAM Statistics: 638564829 reads, 269088853 writes, 794051643 row hits, 25941947 ACT time, 25941947 PRE time, 19670149 RD time, 6271743 WR time.

 ***** [DRAM_CACHE_Result] *****

[RAMULATOR OUTPUT]

**Total Ticks: 281489416

**Ramulator Active Cycles: 2.57894e+07

**DRAM Cycles: 2.81489e+08

**Maximum Bandwidth: 0

Number of Incoming Requests: 4.97847e+06

**Serving Request**
Channel_0: serving reads(104247), serving writes(40255).
Channel_1: serving reads(98051), serving writes(39710).
Channel_2: serving reads(103110), serving writes(41325).
Channel_3: serving reads(91329), serving writes(37122).
Channel_4: serving reads(101433), serving writes(41420).
Channel_5: serving reads(99524), serving writes(40494).
Channel_6: serving reads(104880), serving writes(42258).
Channel_7: serving reads(103639), serving writes(41975).
Channel_8: serving reads(111062), serving writes(43879).
Channel_9: serving reads(99988), serving writes(40683).
Channel_10: serving reads(101920), serving writes(40698).
Channel_11: serving reads(103726), serving writes(41183).
Channel_12: serving reads(103840), serving writes(41187).
Channel_13: serving reads(98781), serving writes(40188).
Channel_14: serving reads(107097), serving writes(42549).
Channel_15: serving reads(105072), serving writes(41613).
Channel_16: serving reads(104916), serving writes(41217).
Channel_17: serving reads(106418), serving writes(42304).
Channel_18: serving reads(108379), serving writes(41916).
Channel_19: serving reads(109079), serving writes(42558).
Channel_20: serving reads(105500), serving writes(41219).
Channel_21: serving reads(107983), serving writes(42750).
Channel_22: serving reads(110317), serving writes(42298).
Channel_23: serving reads(106416), serving writes(40526).
Channel_24: serving reads(106695), serving writes(41181).
Channel_25: serving reads(103756), serving writes(41114).
Channel_26: serving reads(102821), serving writes(40346).
Channel_27: serving reads(100101), serving writes(40261).
Channel_28: serving reads(94740), serving writes(38497).
Channel_29: serving reads(94914), serving writes(39014).
Channel_30: serving reads(96916), serving writes(39292).
Channel_31: serving reads(92184), serving writes(38251).
[RAMULATOR OUTPUT]

----------[STAT_STORE_UNIT]-----------

Hot Access: 61334, Cool Access: 4921297

Hits on previous hot rows: 791

Hits on previous cool rows: 100

Total remap times: 491, Total Inter-Vault remaps: 491, Total number of intervals: 2244


----------[STAT_STORE_UNIT]-----------

 ***** [REF/AC_Result] *****
/*BANK*/0->0: cool access (26076), hot access (0), error acces (0).
/*BANK*/0->1: cool access (34647), hot access (0), error acces (0).
/*BANK*/0->2: cool access (24954), hot access (0), error acces (0).
/*BANK*/0->3: cool access (21756), hot access (0), error acces (0).
/*BANK*/0->4: cool access (24998), hot access (0), error acces (0).
/*BANK*/0->5: cool access (11206), hot access (0), error acces (0).
/*BANK*/0->6: cool access (20370), hot access (0), error acces (0).
/*BANK*/0->7: cool access (21229), hot access (0), error acces (0).
/*BANK*/1->0: cool access (26143), hot access (0), error acces (0).
/*BANK*/1->1: cool access (31428), hot access (0), error acces (0).
/*BANK*/1->2: cool access (22940), hot access (0), error acces (0).
/*BANK*/1->3: cool access (22757), hot access (0), error acces (0).
/*BANK*/1->4: cool access (24287), hot access (0), error acces (0).
/*BANK*/1->5: cool access (11855), hot access (0), error acces (0).
/*BANK*/1->6: cool access (20480), hot access (0), error acces (0).
/*BANK*/1->7: cool access (14807), hot access (0), error acces (0).
/*BANK*/2->0: cool access (23950), hot access (0), error acces (0).
/*BANK*/2->1: cool access (33439), hot access (0), error acces (0).
/*BANK*/2->2: cool access (25345), hot access (0), error acces (0).
/*BANK*/2->3: cool access (23090), hot access (0), error acces (0).
/*BANK*/2->4: cool access (27890), hot access (0), error acces (0).
/*BANK*/2->5: cool access (13652), hot access (0), error acces (0).
/*BANK*/2->6: cool access (19254), hot access (0), error acces (0).
/*BANK*/2->7: cool access (17189), hot access (0), error acces (0).
/*BANK*/3->0: cool access (19625), hot access (0), error acces (0).
/*BANK*/3->1: cool access (26974), hot access (0), error acces (0).
/*BANK*/3->2: cool access (23807), hot access (0), error acces (0).
/*BANK*/3->3: cool access (23777), hot access (0), error acces (0).
/*BANK*/3->4: cool access (21721), hot access (0), error acces (0).
/*BANK*/3->5: cool access (13083), hot access (0), error acces (0).
/*BANK*/3->6: cool access (17985), hot access (0), error acces (0).
/*BANK*/3->7: cool access (14303), hot access (0), error acces (0).
/*BANK*/4->0: cool access (27568), hot access (0), error acces (0).
/*BANK*/4->1: cool access (32247), hot access (0), error acces (0).
/*BANK*/4->2: cool access (25053), hot access (0), error acces (0).
/*BANK*/4->3: cool access (23416), hot access (0), error acces (0).
/*BANK*/4->4: cool access (24893), hot access (0), error acces (0).
/*BANK*/4->5: cool access (15181), hot access (0), error acces (0).
/*BANK*/4->6: cool access (16980), hot access (0), error acces (0).
/*BANK*/4->7: cool access (16683), hot access (0), error acces (0).
/*BANK*/5->0: cool access (32957), hot access (0), error acces (0).
/*BANK*/5->1: cool access (29273), hot access (0), error acces (0).
/*BANK*/5->2: cool access (22669), hot access (0), error acces (0).
/*BANK*/5->3: cool access (23392), hot access (0), error acces (0).
/*BANK*/5->4: cool access (24364), hot access (0), error acces (0).
/*BANK*/5->5: cool access (12925), hot access (0), error acces (0).
/*BANK*/5->6: cool access (15856), hot access (0), error acces (0).
/*BANK*/5->7: cool access (16322), hot access (0), error acces (0).
/*BANK*/6->0: cool access (30160), hot access (0), error acces (0).
/*BANK*/6->1: cool access (34617), hot access (0), error acces (0).
/*BANK*/6->2: cool access (23444), hot access (0), error acces (0).
/*BANK*/6->3: cool access (23498), hot access (0), error acces (0).
/*BANK*/6->4: cool access (23383), hot access (0), error acces (0).
/*BANK*/6->5: cool access (15770), hot access (0), error acces (0).
/*BANK*/6->6: cool access (16707), hot access (0), error acces (0).
/*BANK*/6->7: cool access (16745), hot access (0), error acces (0).
/*BANK*/7->0: cool access (33060), hot access (0), error acces (0).
/*BANK*/7->1: cool access (33287), hot access (0), error acces (0).
/*BANK*/7->2: cool access (22700), hot access (0), error acces (0).
/*BANK*/7->3: cool access (22452), hot access (0), error acces (0).
/*BANK*/7->4: cool access (23984), hot access (0), error acces (0).
/*BANK*/7->5: cool access (15989), hot access (0), error acces (0).
/*BANK*/7->6: cool access (16858), hot access (0), error acces (0).
/*BANK*/7->7: cool access (16458), hot access (0), error acces (0).
/*BANK*/8->0: cool access (33217), hot access (3960), error acces (0).
/*BANK*/8->1: cool access (32618), hot access (0), error acces (0).
/*BANK*/8->2: cool access (24758), hot access (0), error acces (0).
/*BANK*/8->3: cool access (23533), hot access (0), error acces (0).
/*BANK*/8->4: cool access (25268), hot access (0), error acces (0).
/*BANK*/8->5: cool access (16375), hot access (0), error acces (0).
/*BANK*/8->6: cool access (17810), hot access (0), error acces (0).
/*BANK*/8->7: cool access (19998), hot access (0), error acces (0).
/*BANK*/9->0: cool access (36829), hot access (0), error acces (0).
/*BANK*/9->1: cool access (24177), hot access (0), error acces (0).
/*BANK*/9->2: cool access (20236), hot access (0), error acces (0).
/*BANK*/9->3: cool access (24417), hot access (0), error acces (0).
/*BANK*/9->4: cool access (21208), hot access (0), error acces (0).
/*BANK*/9->5: cool access (16635), hot access (0), error acces (0).
/*BANK*/9->6: cool access (17061), hot access (0), error acces (0).
/*BANK*/9->7: cool access (19392), hot access (0), error acces (0).
/*BANK*/10->0: cool access (34191), hot access (0), error acces (0).
/*BANK*/10->1: cool access (24173), hot access (0), error acces (0).
/*BANK*/10->2: cool access (21270), hot access (0), error acces (0).
/*BANK*/10->3: cool access (28701), hot access (0), error acces (0).
/*BANK*/10->4: cool access (20052), hot access (0), error acces (0).
/*BANK*/10->5: cool access (14829), hot access (0), error acces (0).
/*BANK*/10->6: cool access (17326), hot access (0), error acces (0).
/*BANK*/10->7: cool access (19542), hot access (0), error acces (0).
/*BANK*/11->0: cool access (34583), hot access (0), error acces (0).
/*BANK*/11->1: cool access (24628), hot access (0), error acces (0).
/*BANK*/11->2: cool access (19744), hot access (0), error acces (0).
/*BANK*/11->3: cool access (30018), hot access (0), error acces (0).
/*BANK*/11->4: cool access (19901), hot access (0), error acces (0).
/*BANK*/11->5: cool access (17737), hot access (0), error acces (0).
/*BANK*/11->6: cool access (16917), hot access (0), error acces (0).
/*BANK*/11->7: cool access (19749), hot access (0), error acces (0).
/*BANK*/12->0: cool access (28918), hot access (6964), error acces (6954).
/*BANK*/12->1: cool access (19340), hot access (4448), error acces (0).
/*BANK*/12->2: cool access (18724), hot access (3471), error acces (0).
/*BANK*/12->3: cool access (30754), hot access (0), error acces (0).
/*BANK*/12->4: cool access (18196), hot access (0), error acces (0).
/*BANK*/12->5: cool access (15802), hot access (0), error acces (0).
/*BANK*/12->6: cool access (17825), hot access (0), error acces (0).
/*BANK*/12->7: cool access (20947), hot access (0), error acces (0).
/*BANK*/13->0: cool access (31740), hot access (640), error acces (0).
/*BANK*/13->1: cool access (20301), hot access (2834), error acces (0).
/*BANK*/13->2: cool access (23119), hot access (0), error acces (0).
/*BANK*/13->3: cool access (28133), hot access (0), error acces (0).
/*BANK*/13->4: cool access (21406), hot access (0), error acces (0).
/*BANK*/13->5: cool access (12867), hot access (0), error acces (0).
/*BANK*/13->6: cool access (17113), hot access (0), error acces (0).
/*BANK*/13->7: cool access (17506), hot access (0), error acces (0).
/*BANK*/14->0: cool access (24140), hot access (8250), error acces (0).
/*BANK*/14->1: cool access (26284), hot access (2310), error acces (0).
/*BANK*/14->2: cool access (24730), hot access (82), error acces (0).
/*BANK*/14->3: cool access (30822), hot access (0), error acces (0).
/*BANK*/14->4: cool access (19274), hot access (0), error acces (0).
/*BANK*/14->5: cool access (17850), hot access (0), error acces (0).
/*BANK*/14->6: cool access (17108), hot access (0), error acces (0).
/*BANK*/14->7: cool access (18170), hot access (0), error acces (0).
/*BANK*/15->0: cool access (41231), hot access (0), error acces (0).
/*BANK*/15->1: cool access (28758), hot access (0), error acces (0).
/*BANK*/15->2: cool access (22950), hot access (0), error acces (0).
/*BANK*/15->3: cool access (24489), hot access (0), error acces (0).
/*BANK*/15->4: cool access (18701), hot access (0), error acces (0).
/*BANK*/15->5: cool access (15267), hot access (0), error acces (0).
/*BANK*/15->6: cool access (15762), hot access (0), error acces (0).
/*BANK*/15->7: cool access (18105), hot access (0), error acces (0).
/*BANK*/16->0: cool access (21724), hot access (7815), error acces (0).
/*BANK*/16->1: cool access (25966), hot access (2663), error acces (0).
/*BANK*/16->2: cool access (25364), hot access (0), error acces (0).
/*BANK*/16->3: cool access (26380), hot access (0), error acces (0).
/*BANK*/16->4: cool access (17998), hot access (0), error acces (0).
/*BANK*/16->5: cool access (16365), hot access (0), error acces (0).
/*BANK*/16->6: cool access (17961), hot access (0), error acces (0).
/*BANK*/16->7: cool access (19653), hot access (0), error acces (0).
/*BANK*/17->0: cool access (36134), hot access (0), error acces (0).
/*BANK*/17->1: cool access (26568), hot access (0), error acces (0).
/*BANK*/17->2: cool access (23561), hot access (0), error acces (0).
/*BANK*/17->3: cool access (29303), hot access (0), error acces (0).
/*BANK*/17->4: cool access (19602), hot access (0), error acces (0).
/*BANK*/17->5: cool access (18176), hot access (0), error acces (0).
/*BANK*/17->6: cool access (16694), hot access (0), error acces (0).
/*BANK*/17->7: cool access (20162), hot access (0), error acces (0).
/*BANK*/18->0: cool access (27963), hot access (5923), error acces (0).
/*BANK*/18->1: cool access (24541), hot access (170), error acces (0).
/*BANK*/18->2: cool access (24261), hot access (0), error acces (0).
/*BANK*/18->3: cool access (30156), hot access (0), error acces (0).
/*BANK*/18->4: cool access (18117), hot access (0), error acces (0).
/*BANK*/18->5: cool access (20301), hot access (0), error acces (0).
/*BANK*/18->6: cool access (16776), hot access (0), error acces (0).
/*BANK*/18->7: cool access (20465), hot access (0), error acces (0).
/*BANK*/19->0: cool access (35192), hot access (0), error acces (0).
/*BANK*/19->1: cool access (24131), hot access (0), error acces (0).
/*BANK*/19->2: cool access (24928), hot access (0), error acces (0).
/*BANK*/19->3: cool access (29237), hot access (0), error acces (0).
/*BANK*/19->4: cool access (19733), hot access (0), error acces (0).
/*BANK*/19->5: cool access (20868), hot access (0), error acces (0).
/*BANK*/19->6: cool access (16460), hot access (0), error acces (0).
/*BANK*/19->7: cool access (20254), hot access (0), error acces (0).
/*BANK*/20->0: cool access (24964), hot access (7791), error acces (0).
/*BANK*/20->1: cool access (21106), hot access (5131), error acces (0).
/*BANK*/20->2: cool access (22749), hot access (0), error acces (0).
/*BANK*/20->3: cool access (28485), hot access (0), error acces (0).
/*BANK*/20->4: cool access (17018), hot access (0), error acces (0).
/*BANK*/20->5: cool access (19231), hot access (0), error acces (0).
/*BANK*/20->6: cool access (17321), hot access (0), error acces (0).
/*BANK*/20->7: cool access (19787), hot access (0), error acces (0).
/*BANK*/21->0: cool access (37514), hot access (0), error acces (0).
/*BANK*/21->1: cool access (23766), hot access (0), error acces (0).
/*BANK*/21->2: cool access (24288), hot access (0), error acces (0).
/*BANK*/21->3: cool access (28041), hot access (0), error acces (0).
/*BANK*/21->4: cool access (20788), hot access (0), error acces (0).
/*BANK*/21->5: cool access (18785), hot access (0), error acces (0).
/*BANK*/21->6: cool access (17623), hot access (0), error acces (0).
/*BANK*/21->7: cool access (19722), hot access (0), error acces (0).
/*BANK*/22->0: cool access (24808), hot access (7013), error acces (0).
/*BANK*/22->1: cool access (26105), hot access (1627), error acces (0).
/*BANK*/22->2: cool access (24999), hot access (0), error acces (0).
/*BANK*/22->3: cool access (30707), hot access (0), error acces (0).
/*BANK*/22->4: cool access (19729), hot access (0), error acces (0).
/*BANK*/22->5: cool access (22341), hot access (0), error acces (0).
/*BANK*/22->6: cool access (15921), hot access (0), error acces (0).
/*BANK*/22->7: cool access (19851), hot access (0), error acces (0).
/*BANK*/23->0: cool access (34754), hot access (0), error acces (0).
/*BANK*/23->1: cool access (26910), hot access (0), error acces (0).
/*BANK*/23->2: cool access (23774), hot access (0), error acces (0).
/*BANK*/23->3: cool access (27498), hot access (0), error acces (0).
/*BANK*/23->4: cool access (19337), hot access (0), error acces (0).
/*BANK*/23->5: cool access (20340), hot access (0), error acces (0).
/*BANK*/23->6: cool access (13186), hot access (0), error acces (0).
/*BANK*/23->7: cool access (19655), hot access (0), error acces (0).
/*BANK*/24->0: cool access (24055), hot access (7668), error acces (7649).
/*BANK*/24->1: cool access (22120), hot access (6624), error acces (0).
/*BANK*/24->2: cool access (20968), hot access (4365), error acces (0).
/*BANK*/24->3: cool access (27526), hot access (0), error acces (0).
/*BANK*/24->4: cool access (18125), hot access (0), error acces (0).
/*BANK*/24->5: cool access (21601), hot access (0), error acces (0).
/*BANK*/24->6: cool access (15527), hot access (0), error acces (0).
/*BANK*/24->7: cool access (19211), hot access (0), error acces (0).
/*BANK*/25->0: cool access (34682), hot access (1040), error acces (0).
/*BANK*/25->1: cool access (22185), hot access (3510), error acces (0).
/*BANK*/25->2: cool access (23895), hot access (0), error acces (0).
/*BANK*/25->3: cool access (26297), hot access (0), error acces (0).
/*BANK*/25->4: cool access (16763), hot access (0), error acces (0).
/*BANK*/25->5: cool access (19983), hot access (0), error acces (0).
/*BANK*/25->6: cool access (12586), hot access (0), error acces (0).
/*BANK*/25->7: cool access (20601), hot access (0), error acces (0).
/*BANK*/26->0: cool access (20095), hot access (7897), error acces (0).
/*BANK*/26->1: cool access (21565), hot access (4787), error acces (0).
/*BANK*/26->2: cool access (24339), hot access (64), error acces (0).
/*BANK*/26->3: cool access (29773), hot access (0), error acces (0).
/*BANK*/26->4: cool access (19061), hot access (0), error acces (0).
/*BANK*/26->5: cool access (21561), hot access (0), error acces (0).
/*BANK*/26->6: cool access (13507), hot access (0), error acces (0).
/*BANK*/26->7: cool access (19250), hot access (0), error acces (0).
/*BANK*/27->0: cool access (31412), hot access (0), error acces (0).
/*BANK*/27->1: cool access (23828), hot access (0), error acces (0).
/*BANK*/27->2: cool access (23555), hot access (0), error acces (0).
/*BANK*/27->3: cool access (32132), hot access (0), error acces (0).
/*BANK*/27->4: cool access (14749), hot access (0), error acces (0).
/*BANK*/27->5: cool access (22851), hot access (0), error acces (0).
/*BANK*/27->6: cool access (13235), hot access (0), error acces (0).
/*BANK*/27->7: cool access (18930), hot access (0), error acces (0).
/*BANK*/28->0: cool access (25432), hot access (8458), error acces (0).
/*BANK*/28->1: cool access (22483), hot access (2023), error acces (0).
/*BANK*/28->2: cool access (23036), hot access (0), error acces (0).
/*BANK*/28->3: cool access (22292), hot access (0), error acces (0).
/*BANK*/28->4: cool access (12002), hot access (0), error acces (0).
/*BANK*/28->5: cool access (19501), hot access (0), error acces (0).
/*BANK*/28->6: cool access (13732), hot access (0), error acces (0).
/*BANK*/28->7: cool access (21080), hot access (0), error acces (0).
/*BANK*/29->0: cool access (31364), hot access (0), error acces (0).
/*BANK*/29->1: cool access (23868), hot access (0), error acces (0).
/*BANK*/29->2: cool access (24336), hot access (0), error acces (0).
/*BANK*/29->3: cool access (25049), hot access (0), error acces (0).
/*BANK*/29->4: cool access (11092), hot access (0), error acces (0).
/*BANK*/29->5: cool access (20328), hot access (0), error acces (0).
/*BANK*/29->6: cool access (13701), hot access (0), error acces (0).
/*BANK*/29->7: cool access (20730), hot access (0), error acces (0).
/*BANK*/30->0: cool access (32240), hot access (1017), error acces (0).
/*BANK*/30->1: cool access (25136), hot access (4), error acces (0).
/*BANK*/30->2: cool access (23435), hot access (0), error acces (0).
/*BANK*/30->3: cool access (25240), hot access (0), error acces (0).
/*BANK*/30->4: cool access (12879), hot access (0), error acces (0).
/*BANK*/30->5: cool access (20332), hot access (0), error acces (0).
/*BANK*/30->6: cool access (12521), hot access (0), error acces (0).
/*BANK*/30->7: cool access (20760), hot access (0), error acces (0).
/*BANK*/31->0: cool access (30007), hot access (0), error acces (0).
/*BANK*/31->1: cool access (23004), hot access (0), error acces (0).
/*BANK*/31->2: cool access (21952), hot access (0), error acces (0).
/*BANK*/31->3: cool access (27205), hot access (0), error acces (0).
/*BANK*/31->4: cool access (11386), hot access (0), error acces (0).
/*BANK*/31->5: cool access (20049), hot access (0), error acces (0).
/*BANK*/31->6: cool access (13060), hot access (0), error acces (0).
/*BANK*/31->7: cool access (19550), hot access (0), error acces (0).
{Summary}: 118549 Hot Accesses, 5707980 Cool Accesses.

 ***** [REF/AC_Result] *****
                     Power     Energy    Energy %
  core-core        11.26 W     2.33  J     24.56%
  core-ifetch       2.72 W     0.56  J      5.93%
  core-alu          1.35 W     0.28  J      2.95%
  core-int          2.18 W     0.45  J      4.75%
  core-fp           3.65 W     0.76  J      7.97%
  core-mem          2.90 W     0.60  J      6.31%
  core-other        3.79 W     0.78  J      8.27%
  icache            2.09 W     0.43  J      4.56%
  dcache            6.32 W     1.31  J     13.79%
  l2                1.71 W     0.35  J      3.73%
  l3                3.42 W     0.71  J      7.46%
  dram              4.42 W     0.91  J      9.65%
  other             0.03 W     6.76 mJ      0.07%

  core             27.86 W     5.76  J     60.75%
  cache            13.54 W     2.80  J     29.53%
  total            45.86 W     9.48  J    100.00%
Warning: Unable to run gnuplot to create cpi stack graphs.  Maybe gnuplot is not installed?
[SNIPER] End
[SNIPER] Elapsed time: 5492.30 seconds
[SNIPER] Running McPAT
[SPLASH] [----------    End of output    ----------]
[SPLASH] Done.
/scratch/miz087/results/cross_mix_50us_10_splash2_raytrace_large
