[Benchmarks] set sniper output to rundi /scratch/miz087/results/in_mix_10us_10_splash2_water.sp_large
/scratch/miz087/results/in_mix_10us_10_splash2_water.sp_large
[SPLASH] Benchmarks to run: water.sp

[SPLASH] [========== Running benchmark water.sp ==========]
[SPLASH] Setting up run directory: /scratch/miz087/results/in_mix_10us_10_splash2_water.sp_large
[SPLASH] Running 'SNIPER_APP_LD_PRELOAD=$LD_PRELOAD; unset LD_PRELOAD; /home_masters/miz087/workplace/micro_exp/run-sniper -n 4 -m 'localhost' -d '/scratch/miz087/results/in_mix_10us_10_splash2_water.sp_large' -sthermalstats --power -c gainestown_cache --roi --curdir=/home_masters/miz087/workplace/micro_exp/benchmarks  --  /home_masters/miz087/workplace/micro_exp/benchmarks/splash2/splash2/codes/apps/water-spatial/WATER-SPATIAL < input':
[SPLASH] [---------- Beginning of output ----------]
[SNIPER] Start
----------BEGIN_INIT_STATS_MANAGER------------
----------END_INIT_STATS_MANAGER------------
Normal Cache Total set: 524288
now initialize a stacked dram unison cache
Executing Python script /scratch/miz087/results/in_mix_10us_10_splash2_water.sp_large/sim.scripts.py
[SNIPER] --------------------------------------------------------------------------------
[SNIPER] Sniper using Pin frontend
[SNIPER] Running pre-ROI region in  CACHE_ONLY mode
[SNIPER] Running application ROI in DETAILED mode
[SNIPER] Running post-ROI region in FAST_FORWARD mode
[SNIPER] --------------------------------------------------------------------------------
Using 4 procs on 3 steps of 2197 mols
Other parameters:
	TSTEP = 1.50e-16
	NORDER = 6
	NSAVE = -1
	NRST = 3000
	NPRINT = 3
	NFMC = 0
	CUTOFF = 6.212752

216 boxes with 4 processors


TEMPERATURE                =   298.00 K
DENSITY                    =  0.99800 G/C.C.
NUMBER OF MOLECULES        =     2197
NUMBER OF PROCESSORS       =        4
TIME STEP                  = 1.50e-01 SEC
ORDER USED TO SOLVE F=MA   =        6 
NO. OF TIME STEPS          =        3 
FREQUENCY OF DATA SAVING   =       -1 
FREQUENCY TO WRITE RST FILE=     3000 
xprocs = 1	yprocs = 2	zprocs = 2
x_inc = 6	 y_inc = 3	 z_inc = 3
x_left = 0	 y_left = 0	 z_left = 0
SPHERICAL CUTOFF RADIUS    =   6.2128 ANGSTROM

NS = 12.9999999999999876
BOXL =  40.382890
CUTOFF =   6.212752
BOX_LENGTH =   6.730482
BOX_PER_SIDE = 6
XS =   3.106376
ZERO = 1.55319
WCOS = 0.585882
WSIN = 0.756950
***** NEW RUN STARTING FROM REGULAR LATTICE *****
[HOOKS] Entering ROI
[SNIPER] Enabling performance models
[SNIPER] Setting instrumentation mode to DETAILED
CREATETIME = 288015
         3        1.56956      0.05533     10.52071     -2.12017 
           10.025        300.35702        -19.56982
[SNIPER] Disabling performance models
[SNIPER] Leaving ROI after 3176.01 seconds
[SNIPER] Simulated 2086.1M instructions, 316.2M cycles, 6.60 IPC
[SNIPER] Simulation speed 660.8 KIPS (165.2 KIPS / target core - 6053.2ns/instr)
[SNIPER] Sampling: executed 93.60% of simulated time in detailed mode
[SNIPER] Setting instrumentation mode to FAST_FORWARD
[HOOKS] Leaving ROI
COMPUTESTART (after initialization) = 1239404519
COMPUTEEND = 84125971
COMPUTETIME (after initialization) = 3139688748
Measured Time (2nd timestep onward) = 1769544882
Intramolecular time only (2nd timestep onward) = 37285956
Intermolecular time only (2nd timestep onward) = 1731866906
Other time (2nd timestep onward) = 392020

Exited Happily with XTT = 10.0254 (note: XTT value is garbage if NPRINT > NSTEP)

 ***** [DRAM_CACHE_Result] *****

*** DRAM Total Access: 322290, miss: 76706, miss rate: 0.238003
*** DRAM Total Access In ROI: 242155, miss: 45751, miss rate: 0.188933
*** DRAM Remap Times: 0 invalid times, 0 total invalid_blocks, 628 migrate times, 71193 total migrate blocks.
*** DRAM Statistics: 33765499 reads, 13729523 writes, 35283783 row hits, 1782366 ACT time, 1782366 PRE time, 868255 RD time, 238344 WR time.

 ***** [DRAM_CACHE_Result] *****

[RAMULATOR OUTPUT]

**Total Ticks: 64014601

**Ramulator Active Cycles: 4.1849e+06

**DRAM Cycles: 6.40146e+07

**Maximum Bandwidth: 0

Number of Incoming Requests: 715530

**Serving Request**
Channel_0: serving reads(9168), serving writes(3653).
Channel_1: serving reads(9327), serving writes(3324).
Channel_2: serving reads(7842), serving writes(3077).
Channel_3: serving reads(8148), serving writes(3255).
Channel_4: serving reads(7636), serving writes(2953).
Channel_5: serving reads(18702), serving writes(8047).
Channel_6: serving reads(20030), serving writes(8228).
Channel_7: serving reads(19608), serving writes(8303).
Channel_8: serving reads(18684), serving writes(8070).
Channel_9: serving reads(17039), serving writes(7073).
Channel_10: serving reads(16996), serving writes(7367).
Channel_11: serving reads(16856), serving writes(6830).
Channel_12: serving reads(16369), serving writes(7153).
Channel_13: serving reads(16438), serving writes(6886).
Channel_14: serving reads(15927), serving writes(6506).
Channel_15: serving reads(14314), serving writes(6151).
Channel_16: serving reads(15165), serving writes(6242).
Channel_17: serving reads(13559), serving writes(6002).
Channel_18: serving reads(15096), serving writes(6240).
Channel_19: serving reads(14996), serving writes(6160).
Channel_20: serving reads(13755), serving writes(5991).
Channel_21: serving reads(14141), serving writes(5814).
Channel_22: serving reads(12193), serving writes(5524).
Channel_23: serving reads(14544), serving writes(6232).
Channel_24: serving reads(16875), serving writes(7719).
Channel_25: serving reads(15062), serving writes(6578).
Channel_26: serving reads(13478), serving writes(5674).
Channel_27: serving reads(12637), serving writes(5548).
Channel_28: serving reads(13350), serving writes(5770).
Channel_29: serving reads(12511), serving writes(5306).
Channel_30: serving reads(13032), serving writes(5610).
Channel_31: serving reads(10667), serving writes(4240).
[RAMULATOR OUTPUT]

----------[STAT_STORE_UNIT]-----------

Hot Access: 195946, Cool Access: 528365

Hits on previous hot rows: 18

Hits on previous cool rows: 2

Total remap times: 314, Total Inter-Vault remaps: 0, Total number of intervals: 2904


----------[STAT_STORE_UNIT]-----------

 ***** [REF/AC_Result] *****
/*BANK*/0->0: cool access (4386), hot access (0), error acces (0).
/*BANK*/0->1: cool access (14703), hot access (0), error acces (0).
/*BANK*/0->2: cool access (0), hot access (0), error acces (0).
/*BANK*/0->3: cool access (0), hot access (0), error acces (0).
/*BANK*/0->4: cool access (0), hot access (0), error acces (0).
/*BANK*/0->5: cool access (0), hot access (0), error acces (0).
/*BANK*/0->6: cool access (0), hot access (0), error acces (0).
/*BANK*/0->7: cool access (0), hot access (0), error acces (0).
/*BANK*/1->0: cool access (4266), hot access (0), error acces (0).
/*BANK*/1->1: cool access (14601), hot access (0), error acces (0).
/*BANK*/1->2: cool access (0), hot access (0), error acces (0).
/*BANK*/1->3: cool access (0), hot access (0), error acces (0).
/*BANK*/1->4: cool access (0), hot access (0), error acces (0).
/*BANK*/1->5: cool access (0), hot access (0), error acces (0).
/*BANK*/1->6: cool access (0), hot access (0), error acces (0).
/*BANK*/1->7: cool access (0), hot access (0), error acces (0).
/*BANK*/2->0: cool access (2459), hot access (0), error acces (0).
/*BANK*/2->1: cool access (13674), hot access (0), error acces (0).
/*BANK*/2->2: cool access (0), hot access (0), error acces (0).
/*BANK*/2->3: cool access (0), hot access (0), error acces (0).
/*BANK*/2->4: cool access (0), hot access (0), error acces (0).
/*BANK*/2->5: cool access (0), hot access (0), error acces (0).
/*BANK*/2->6: cool access (0), hot access (0), error acces (0).
/*BANK*/2->7: cool access (0), hot access (0), error acces (0).
/*BANK*/3->0: cool access (1107), hot access (0), error acces (0).
/*BANK*/3->1: cool access (15392), hot access (0), error acces (0).
/*BANK*/3->2: cool access (0), hot access (0), error acces (0).
/*BANK*/3->3: cool access (0), hot access (0), error acces (0).
/*BANK*/3->4: cool access (0), hot access (0), error acces (0).
/*BANK*/3->5: cool access (0), hot access (0), error acces (0).
/*BANK*/3->6: cool access (0), hot access (0), error acces (0).
/*BANK*/3->7: cool access (0), hot access (0), error acces (0).
/*BANK*/4->0: cool access (12807), hot access (0), error acces (0).
/*BANK*/4->1: cool access (3233), hot access (0), error acces (0).
/*BANK*/4->2: cool access (22), hot access (0), error acces (0).
/*BANK*/4->3: cool access (0), hot access (0), error acces (0).
/*BANK*/4->4: cool access (0), hot access (0), error acces (0).
/*BANK*/4->5: cool access (0), hot access (0), error acces (0).
/*BANK*/4->6: cool access (0), hot access (0), error acces (0).
/*BANK*/4->7: cool access (0), hot access (0), error acces (0).
/*BANK*/5->0: cool access (39338), hot access (0), error acces (0).
/*BANK*/5->1: cool access (0), hot access (0), error acces (0).
/*BANK*/5->2: cool access (0), hot access (0), error acces (0).
/*BANK*/5->3: cool access (0), hot access (0), error acces (0).
/*BANK*/5->4: cool access (0), hot access (0), error acces (0).
/*BANK*/5->5: cool access (0), hot access (0), error acces (0).
/*BANK*/5->6: cool access (0), hot access (0), error acces (0).
/*BANK*/5->7: cool access (0), hot access (0), error acces (0).
/*BANK*/6->0: cool access (41715), hot access (0), error acces (0).
/*BANK*/6->1: cool access (0), hot access (0), error acces (0).
/*BANK*/6->2: cool access (0), hot access (0), error acces (0).
/*BANK*/6->3: cool access (0), hot access (0), error acces (0).
/*BANK*/6->4: cool access (0), hot access (0), error acces (0).
/*BANK*/6->5: cool access (0), hot access (0), error acces (0).
/*BANK*/6->6: cool access (0), hot access (0), error acces (0).
/*BANK*/6->7: cool access (0), hot access (0), error acces (0).
/*BANK*/7->0: cool access (40857), hot access (0), error acces (0).
/*BANK*/7->1: cool access (0), hot access (0), error acces (0).
/*BANK*/7->2: cool access (6), hot access (0), error acces (0).
/*BANK*/7->3: cool access (0), hot access (0), error acces (0).
/*BANK*/7->4: cool access (613), hot access (0), error acces (0).
/*BANK*/7->5: cool access (0), hot access (0), error acces (0).
/*BANK*/7->6: cool access (0), hot access (0), error acces (0).
/*BANK*/7->7: cool access (0), hot access (0), error acces (0).
/*BANK*/8->0: cool access (32929), hot access (4150), error acces (0).
/*BANK*/8->1: cool access (0), hot access (0), error acces (0).
/*BANK*/8->2: cool access (0), hot access (0), error acces (0).
/*BANK*/8->3: cool access (0), hot access (0), error acces (0).
/*BANK*/8->4: cool access (0), hot access (0), error acces (0).
/*BANK*/8->5: cool access (0), hot access (0), error acces (0).
/*BANK*/8->6: cool access (0), hot access (0), error acces (0).
/*BANK*/8->7: cool access (3097), hot access (0), error acces (0).
/*BANK*/9->0: cool access (35092), hot access (928), error acces (0).
/*BANK*/9->1: cool access (0), hot access (0), error acces (0).
/*BANK*/9->2: cool access (0), hot access (0), error acces (0).
/*BANK*/9->3: cool access (0), hot access (0), error acces (0).
/*BANK*/9->4: cool access (46), hot access (0), error acces (0).
/*BANK*/9->5: cool access (0), hot access (0), error acces (0).
/*BANK*/9->6: cool access (0), hot access (0), error acces (0).
/*BANK*/9->7: cool access (0), hot access (0), error acces (0).
/*BANK*/10->0: cool access (34969), hot access (1747), error acces (0).
/*BANK*/10->1: cool access (0), hot access (0), error acces (0).
/*BANK*/10->2: cool access (0), hot access (0), error acces (0).
/*BANK*/10->3: cool access (0), hot access (0), error acces (0).
/*BANK*/10->4: cool access (0), hot access (0), error acces (0).
/*BANK*/10->5: cool access (0), hot access (0), error acces (0).
/*BANK*/10->6: cool access (0), hot access (0), error acces (0).
/*BANK*/10->7: cool access (0), hot access (0), error acces (0).
/*BANK*/11->0: cool access (35469), hot access (0), error acces (0).
/*BANK*/11->1: cool access (0), hot access (0), error acces (0).
/*BANK*/11->2: cool access (0), hot access (0), error acces (0).
/*BANK*/11->3: cool access (0), hot access (0), error acces (0).
/*BANK*/11->4: cool access (0), hot access (0), error acces (0).
/*BANK*/11->5: cool access (0), hot access (0), error acces (0).
/*BANK*/11->6: cool access (0), hot access (0), error acces (0).
/*BANK*/11->7: cool access (0), hot access (0), error acces (0).
/*BANK*/12->0: cool access (11460), hot access (19534), error acces (2051).
/*BANK*/12->1: cool access (0), hot access (0), error acces (0).
/*BANK*/12->2: cool access (0), hot access (0), error acces (0).
/*BANK*/12->3: cool access (0), hot access (0), error acces (0).
/*BANK*/12->4: cool access (0), hot access (0), error acces (0).
/*BANK*/12->5: cool access (0), hot access (0), error acces (0).
/*BANK*/12->6: cool access (0), hot access (0), error acces (0).
/*BANK*/12->7: cool access (4562), hot access (0), error acces (0).
/*BANK*/13->0: cool access (32475), hot access (2244), error acces (0).
/*BANK*/13->1: cool access (0), hot access (0), error acces (0).
/*BANK*/13->2: cool access (0), hot access (0), error acces (0).
/*BANK*/13->3: cool access (0), hot access (0), error acces (0).
/*BANK*/13->4: cool access (0), hot access (0), error acces (0).
/*BANK*/13->5: cool access (0), hot access (0), error acces (0).
/*BANK*/13->6: cool access (0), hot access (0), error acces (0).
/*BANK*/13->7: cool access (141), hot access (0), error acces (0).
/*BANK*/14->0: cool access (18608), hot access (11961), error acces (3223).
/*BANK*/14->1: cool access (0), hot access (0), error acces (0).
/*BANK*/14->2: cool access (1261), hot access (21), error acces (0).
/*BANK*/14->3: cool access (0), hot access (0), error acces (0).
/*BANK*/14->4: cool access (0), hot access (0), error acces (0).
/*BANK*/14->5: cool access (0), hot access (0), error acces (0).
/*BANK*/14->6: cool access (0), hot access (0), error acces (0).
/*BANK*/14->7: cool access (1949), hot access (0), error acces (0).
/*BANK*/15->0: cool access (28681), hot access (1874), error acces (0).
/*BANK*/15->1: cool access (125), hot access (0), error acces (0).
/*BANK*/15->2: cool access (0), hot access (0), error acces (0).
/*BANK*/15->3: cool access (0), hot access (0), error acces (0).
/*BANK*/15->4: cool access (0), hot access (0), error acces (0).
/*BANK*/15->5: cool access (0), hot access (0), error acces (0).
/*BANK*/15->6: cool access (0), hot access (0), error acces (0).
/*BANK*/15->7: cool access (284), hot access (0), error acces (0).
/*BANK*/16->0: cool access (18699), hot access (12218), error acces (2833).
/*BANK*/16->1: cool access (0), hot access (0), error acces (0).
/*BANK*/16->2: cool access (0), hot access (0), error acces (0).
/*BANK*/16->3: cool access (0), hot access (0), error acces (0).
/*BANK*/16->4: cool access (0), hot access (0), error acces (0).
/*BANK*/16->5: cool access (0), hot access (0), error acces (0).
/*BANK*/16->6: cool access (0), hot access (0), error acces (0).
/*BANK*/16->7: cool access (884), hot access (0), error acces (0).
/*BANK*/17->0: cool access (28605), hot access (1681), error acces (0).
/*BANK*/17->1: cool access (0), hot access (0), error acces (0).
/*BANK*/17->2: cool access (0), hot access (0), error acces (0).
/*BANK*/17->3: cool access (0), hot access (0), error acces (0).
/*BANK*/17->4: cool access (0), hot access (0), error acces (0).
/*BANK*/17->5: cool access (0), hot access (0), error acces (0).
/*BANK*/17->6: cool access (0), hot access (0), error acces (0).
/*BANK*/17->7: cool access (0), hot access (0), error acces (0).
/*BANK*/18->0: cool access (27694), hot access (3686), error acces (0).
/*BANK*/18->1: cool access (0), hot access (0), error acces (0).
/*BANK*/18->2: cool access (0), hot access (0), error acces (0).
/*BANK*/18->3: cool access (0), hot access (0), error acces (0).
/*BANK*/18->4: cool access (0), hot access (0), error acces (0).
/*BANK*/18->5: cool access (0), hot access (0), error acces (0).
/*BANK*/18->6: cool access (0), hot access (0), error acces (0).
/*BANK*/18->7: cool access (248), hot access (0), error acces (0).
/*BANK*/19->0: cool access (29221), hot access (2314), error acces (0).
/*BANK*/19->1: cool access (0), hot access (0), error acces (0).
/*BANK*/19->2: cool access (0), hot access (0), error acces (0).
/*BANK*/19->3: cool access (0), hot access (0), error acces (0).
/*BANK*/19->4: cool access (0), hot access (0), error acces (0).
/*BANK*/19->5: cool access (0), hot access (0), error acces (0).
/*BANK*/19->6: cool access (0), hot access (0), error acces (0).
/*BANK*/19->7: cool access (0), hot access (0), error acces (0).
/*BANK*/20->0: cool access (16478), hot access (11316), error acces (3086).
/*BANK*/20->1: cool access (0), hot access (0), error acces (0).
/*BANK*/20->2: cool access (0), hot access (0), error acces (0).
/*BANK*/20->3: cool access (0), hot access (0), error acces (0).
/*BANK*/20->4: cool access (0), hot access (0), error acces (0).
/*BANK*/20->5: cool access (0), hot access (0), error acces (0).
/*BANK*/20->6: cool access (66), hot access (0), error acces (0).
/*BANK*/20->7: cool access (1625), hot access (0), error acces (0).
/*BANK*/21->0: cool access (24287), hot access (4588), error acces (0).
/*BANK*/21->1: cool access (0), hot access (0), error acces (0).
/*BANK*/21->2: cool access (0), hot access (0), error acces (0).
/*BANK*/21->3: cool access (0), hot access (0), error acces (0).
/*BANK*/21->4: cool access (0), hot access (0), error acces (0).
/*BANK*/21->5: cool access (0), hot access (0), error acces (0).
/*BANK*/21->6: cool access (0), hot access (0), error acces (0).
/*BANK*/21->7: cool access (852), hot access (0), error acces (0).
/*BANK*/22->0: cool access (16761), hot access (9813), error acces (572).
/*BANK*/22->1: cool access (0), hot access (0), error acces (0).
/*BANK*/22->2: cool access (0), hot access (0), error acces (0).
/*BANK*/22->3: cool access (0), hot access (0), error acces (0).
/*BANK*/22->4: cool access (0), hot access (0), error acces (0).
/*BANK*/22->5: cool access (0), hot access (0), error acces (0).
/*BANK*/22->6: cool access (0), hot access (0), error acces (0).
/*BANK*/22->7: cool access (597), hot access (0), error acces (0).
/*BANK*/23->0: cool access (24593), hot access (4684), error acces (0).
/*BANK*/23->1: cool access (2185), hot access (134), error acces (0).
/*BANK*/23->2: cool access (0), hot access (0), error acces (0).
/*BANK*/23->3: cool access (0), hot access (0), error acces (0).
/*BANK*/23->4: cool access (0), hot access (0), error acces (0).
/*BANK*/23->5: cool access (0), hot access (0), error acces (0).
/*BANK*/23->6: cool access (0), hot access (0), error acces (0).
/*BANK*/23->7: cool access (45), hot access (0), error acces (0).
/*BANK*/24->0: cool access (8390), hot access (17942), error acces (10425).
/*BANK*/24->1: cool access (6735), hot access (5796), error acces (2193).
/*BANK*/24->2: cool access (0), hot access (0), error acces (0).
/*BANK*/24->3: cool access (0), hot access (0), error acces (0).
/*BANK*/24->4: cool access (0), hot access (0), error acces (0).
/*BANK*/24->5: cool access (0), hot access (0), error acces (0).
/*BANK*/24->6: cool access (0), hot access (0), error acces (0).
/*BANK*/24->7: cool access (1294), hot access (0), error acces (0).
/*BANK*/25->0: cool access (16134), hot access (13200), error acces (1393).
/*BANK*/25->1: cool access (1429), hot access (1727), error acces (614).
/*BANK*/25->2: cool access (0), hot access (0), error acces (0).
/*BANK*/25->3: cool access (0), hot access (0), error acces (0).
/*BANK*/25->4: cool access (0), hot access (0), error acces (0).
/*BANK*/25->5: cool access (0), hot access (0), error acces (0).
/*BANK*/25->6: cool access (0), hot access (0), error acces (0).
/*BANK*/25->7: cool access (255), hot access (0), error acces (0).
/*BANK*/26->0: cool access (11769), hot access (14705), error acces (6397).
/*BANK*/26->1: cool access (0), hot access (0), error acces (0).
/*BANK*/26->2: cool access (0), hot access (0), error acces (0).
/*BANK*/26->3: cool access (107), hot access (0), error acces (0).
/*BANK*/26->4: cool access (0), hot access (0), error acces (0).
/*BANK*/26->5: cool access (0), hot access (0), error acces (0).
/*BANK*/26->6: cool access (0), hot access (0), error acces (0).
/*BANK*/26->7: cool access (2020), hot access (0), error acces (0).
/*BANK*/27->0: cool access (15147), hot access (10938), error acces (0).
/*BANK*/27->1: cool access (0), hot access (0), error acces (0).
/*BANK*/27->2: cool access (0), hot access (0), error acces (0).
/*BANK*/27->3: cool access (0), hot access (0), error acces (0).
/*BANK*/27->4: cool access (0), hot access (0), error acces (0).
/*BANK*/27->5: cool access (0), hot access (0), error acces (0).
/*BANK*/27->6: cool access (0), hot access (0), error acces (0).
/*BANK*/27->7: cool access (1204), hot access (0), error acces (0).
/*BANK*/28->0: cool access (8662), hot access (19064), error acces (7072).
/*BANK*/28->1: cool access (0), hot access (0), error acces (0).
/*BANK*/28->2: cool access (0), hot access (0), error acces (0).
/*BANK*/28->3: cool access (0), hot access (0), error acces (0).
/*BANK*/28->4: cool access (0), hot access (0), error acces (0).
/*BANK*/28->5: cool access (0), hot access (0), error acces (0).
/*BANK*/28->6: cool access (0), hot access (0), error acces (0).
/*BANK*/28->7: cool access (870), hot access (0), error acces (0).
/*BANK*/29->0: cool access (19041), hot access (5839), error acces (0).
/*BANK*/29->1: cool access (0), hot access (0), error acces (0).
/*BANK*/29->2: cool access (0), hot access (0), error acces (0).
/*BANK*/29->3: cool access (0), hot access (0), error acces (0).
/*BANK*/29->4: cool access (0), hot access (0), error acces (0).
/*BANK*/29->5: cool access (0), hot access (0), error acces (0).
/*BANK*/29->6: cool access (0), hot access (0), error acces (0).
/*BANK*/29->7: cool access (1249), hot access (0), error acces (0).
/*BANK*/30->0: cool access (13348), hot access (12249), error acces (0).
/*BANK*/30->1: cool access (0), hot access (0), error acces (0).
/*BANK*/30->2: cool access (0), hot access (0), error acces (0).
/*BANK*/30->3: cool access (0), hot access (0), error acces (0).
/*BANK*/30->4: cool access (0), hot access (0), error acces (0).
/*BANK*/30->5: cool access (0), hot access (0), error acces (0).
/*BANK*/30->6: cool access (0), hot access (0), error acces (0).
/*BANK*/30->7: cool access (2369), hot access (0), error acces (0).
/*BANK*/31->0: cool access (16776), hot access (4642), error acces (0).
/*BANK*/31->1: cool access (0), hot access (0), error acces (0).
/*BANK*/31->2: cool access (0), hot access (0), error acces (0).
/*BANK*/31->3: cool access (0), hot access (0), error acces (0).
/*BANK*/31->4: cool access (0), hot access (0), error acces (0).
/*BANK*/31->5: cool access (0), hot access (0), error acces (0).
/*BANK*/31->6: cool access (0), hot access (0), error acces (0).
/*BANK*/31->7: cool access (0), hot access (0), error acces (0).
{Summary}: 198995 Hot Accesses, 769966 Cool Accesses.

 ***** [REF/AC_Result] *****
                     Power     Energy    Energy %
  core-core        21.58 W     2.43  J     31.61%
  core-ifetch       4.27 W     0.48  J      6.26%
  core-alu          1.56 W     0.18  J      2.28%
  core-int          3.10 W     0.35  J      4.54%
  core-fp           4.57 W     0.51  J      6.69%
  core-mem          5.41 W     0.61  J      7.92%
  core-other        3.79 W     0.43  J      5.56%
  icache            2.91 W     0.33  J      4.26%
  dcache           11.49 W     1.29  J     16.83%
  l2                1.71 W     0.19  J      2.50%
  l3                3.40 W     0.38  J      4.98%
  dram              4.46 W     0.50  J      6.54%
  other             0.03 W     3.68 mJ      0.05%

  core             44.28 W     4.99  J     64.85%
  cache            19.51 W     2.20  J     28.57%
  total            68.28 W     7.69  J    100.00%
Warning: Unable to run gnuplot to create cpi stack graphs.  Maybe gnuplot is not installed?
[SNIPER] End
[SNIPER] Elapsed time: 3222.70 seconds
[SNIPER] Running McPAT
[SPLASH] [----------    End of output    ----------]
[SPLASH] Done.
/scratch/miz087/results/in_mix_10us_10_splash2_water.sp_large
