[Benchmarks] set sniper output to rundi /scratch/miz087/results/in_mix_5us_5_splash2_radix_large
/scratch/miz087/results/in_mix_5us_5_splash2_radix_large
[SPLASH] Benchmarks to run: radix

[SPLASH] [========== Running benchmark radix ==========]
[SPLASH] Setting up run directory: /scratch/miz087/results/in_mix_5us_5_splash2_radix_large
[SPLASH] Running 'SNIPER_APP_LD_PRELOAD=$LD_PRELOAD; unset LD_PRELOAD; /home_masters/miz087/workplace/micro_exp/run-sniper -n 4 -m 'localhost' -d '/scratch/miz087/results/in_mix_5us_5_splash2_radix_large' -sthermalstats --power -c gainestown_cache --roi --curdir=/home_masters/miz087/workplace/micro_exp/benchmarks  --  /home_masters/miz087/workplace/micro_exp/benchmarks/splash2/splash2/codes/kernels/radix/RADIX -n1048576 -p4':
[SPLASH] [---------- Beginning of output ----------]
[SNIPER] Start
----------BEGIN_INIT_STATS_MANAGER------------
----------END_INIT_STATS_MANAGER------------
Normal Cache Total set: 524288
now initialize a stacked dram unison cache
Executing Python script /scratch/miz087/results/in_mix_5us_5_splash2_radix_large/sim.scripts.py
[SNIPER] --------------------------------------------------------------------------------
[SNIPER] Sniper using Pin frontend
[SNIPER] Running pre-ROI region in  CACHE_ONLY mode
[SNIPER] Running application ROI in DETAILED mode
[SNIPER] Running post-ROI region in FAST_FORWARD mode
[SNIPER] --------------------------------------------------------------------------------

Integer Radix Sort
     1048576 Keys
     4 Processors
     Radix = 1024
     Max key = 524288

[HOOKS] Entering ROI
[SNIPER] Enabling performance models
[SNIPER] Setting instrumentation mode to DETAILED
[SNIPER] Disabling performance models
[SNIPER] Leaving ROI after 654.82 seconds
[SNIPER] Simulated 171.3M instructions, 104.1M cycles, 1.65 IPC
[SNIPER] Simulation speed 257.1 KIPS (64.3 KIPS / target core - 15557.6ns/instr)
[SNIPER] Sampling: executed 99.80% of simulated time in detailed mode
[SNIPER] Setting instrumentation mode to FAST_FORWARD
[HOOKS] Leaving ROI

                 PROCESS STATISTICS
               Total            Rank            Sort
 Proc          Time             Time            Time
    0       95600189        33853484        61282685

                 TIMING INFORMATION
Start time                        :      -2106130934
Initialization finish time        :      -1547178510
Overall finish time               :      -1451578321
Total time with initialization    :        654552613
Total time without initialization :         95600189


 ***** [DRAM_CACHE_Result] *****

*** DRAM Total Access: 156319, miss: 18180, miss rate: 0.116301
*** DRAM Total Access In ROI: 143223, miss: 15832, miss rate: 0.110541
*** DRAM Remap Times: 0 invalid times, 0 total invalid_blocks, 268 migrate times, 31330 total migrate blocks.
*** DRAM Statistics: 4037578 reads, 211087 writes, 2167719 row hits, 233253 ACT time, 233253 PRE time, 174724 RD time, 6906 WR time.

 ***** [DRAM_CACHE_Result] *****

[RAMULATOR OUTPUT]

**Total Ticks: 21364618

**Ramulator Active Cycles: 3.43385e+06

**DRAM Cycles: 2.13646e+07

**Maximum Bandwidth: 0

Number of Incoming Requests: 325500

**Serving Request**
Channel_0: serving reads(5952), serving writes(1112).
Channel_1: serving reads(6826), serving writes(621).
Channel_2: serving reads(3559), serving writes(293).
Channel_3: serving reads(5441), serving writes(729).
Channel_4: serving reads(7653), serving writes(1051).
Channel_5: serving reads(7127), serving writes(674).
Channel_6: serving reads(7115), serving writes(1085).
Channel_7: serving reads(7887), serving writes(1756).
Channel_8: serving reads(95368), serving writes(6291).
Channel_9: serving reads(32990), serving writes(2324).
Channel_10: serving reads(11365), serving writes(806).
Channel_11: serving reads(6007), serving writes(472).
Channel_12: serving reads(4507), serving writes(321).
Channel_13: serving reads(4775), serving writes(384).
Channel_14: serving reads(4567), serving writes(334).
Channel_15: serving reads(4144), serving writes(166).
Channel_16: serving reads(4096), serving writes(136).
Channel_17: serving reads(4450), serving writes(269).
Channel_18: serving reads(3181), serving writes(150).
Channel_19: serving reads(4023), serving writes(110).
Channel_20: serving reads(4014), serving writes(105).
Channel_21: serving reads(4031), serving writes(112).
Channel_22: serving reads(5504), serving writes(664).
Channel_23: serving reads(5593), serving writes(742).
Channel_24: serving reads(5426), serving writes(797).
Channel_25: serving reads(5102), serving writes(590).
Channel_26: serving reads(3787), serving writes(408).
Channel_27: serving reads(4575), serving writes(348).
Channel_28: serving reads(4159), serving writes(169).
Channel_29: serving reads(4134), serving writes(149).
Channel_30: serving reads(4103), serving writes(148).
Channel_31: serving reads(4009), serving writes(101).
[RAMULATOR OUTPUT]

----------[STAT_STORE_UNIT]-----------

Hot Access: 886, Cool Access: 872493

Hits on previous hot rows: 77

Hits on previous cool rows: 32

Total remap times: 134, Total Inter-Vault remaps: 0, Total number of intervals: 142


----------[STAT_STORE_UNIT]-----------

 ***** [REF/AC_Result] *****
/*BANK*/0->0: cool access (5383), hot access (0), error acces (0).
/*BANK*/0->1: cool access (4103), hot access (0), error acces (0).
/*BANK*/0->2: cool access (4127), hot access (0), error acces (0).
/*BANK*/0->3: cool access (0), hot access (0), error acces (0).
/*BANK*/0->4: cool access (0), hot access (0), error acces (0).
/*BANK*/0->5: cool access (0), hot access (0), error acces (0).
/*BANK*/0->6: cool access (0), hot access (0), error acces (0).
/*BANK*/0->7: cool access (0), hot access (0), error acces (0).
/*BANK*/1->0: cool access (5196), hot access (0), error acces (0).
/*BANK*/1->1: cool access (4111), hot access (0), error acces (0).
/*BANK*/1->2: cool access (4101), hot access (0), error acces (0).
/*BANK*/1->3: cool access (0), hot access (0), error acces (0).
/*BANK*/1->4: cool access (0), hot access (0), error acces (0).
/*BANK*/1->5: cool access (0), hot access (0), error acces (0).
/*BANK*/1->6: cool access (0), hot access (0), error acces (0).
/*BANK*/1->7: cool access (0), hot access (0), error acces (0).
/*BANK*/2->0: cool access (1355), hot access (0), error acces (0).
/*BANK*/2->1: cool access (3073), hot access (0), error acces (0).
/*BANK*/2->2: cool access (3075), hot access (0), error acces (0).
/*BANK*/2->3: cool access (0), hot access (0), error acces (0).
/*BANK*/2->4: cool access (0), hot access (0), error acces (0).
/*BANK*/2->5: cool access (0), hot access (0), error acces (0).
/*BANK*/2->6: cool access (0), hot access (0), error acces (0).
/*BANK*/2->7: cool access (0), hot access (0), error acces (0).
/*BANK*/3->0: cool access (3229), hot access (0), error acces (0).
/*BANK*/3->1: cool access (4105), hot access (0), error acces (0).
/*BANK*/3->2: cool access (4105), hot access (0), error acces (0).
/*BANK*/3->3: cool access (0), hot access (0), error acces (0).
/*BANK*/3->4: cool access (0), hot access (0), error acces (0).
/*BANK*/3->5: cool access (0), hot access (0), error acces (0).
/*BANK*/3->6: cool access (0), hot access (0), error acces (0).
/*BANK*/3->7: cool access (0), hot access (0), error acces (0).
/*BANK*/4->0: cool access (7082), hot access (0), error acces (0).
/*BANK*/4->1: cool access (4998), hot access (0), error acces (0).
/*BANK*/4->2: cool access (4099), hot access (0), error acces (0).
/*BANK*/4->3: cool access (0), hot access (0), error acces (0).
/*BANK*/4->4: cool access (0), hot access (0), error acces (0).
/*BANK*/4->5: cool access (0), hot access (0), error acces (0).
/*BANK*/4->6: cool access (0), hot access (0), error acces (0).
/*BANK*/4->7: cool access (0), hot access (0), error acces (0).
/*BANK*/5->0: cool access (4818), hot access (0), error acces (0).
/*BANK*/5->1: cool access (4569), hot access (0), error acces (0).
/*BANK*/5->2: cool access (5829), hot access (0), error acces (0).
/*BANK*/5->3: cool access (0), hot access (0), error acces (0).
/*BANK*/5->4: cool access (0), hot access (0), error acces (0).
/*BANK*/5->5: cool access (0), hot access (0), error acces (0).
/*BANK*/5->6: cool access (0), hot access (0), error acces (0).
/*BANK*/5->7: cool access (0), hot access (0), error acces (0).
/*BANK*/6->0: cool access (5070), hot access (0), error acces (0).
/*BANK*/6->1: cool access (4535), hot access (0), error acces (0).
/*BANK*/6->2: cool access (5422), hot access (0), error acces (0).
/*BANK*/6->3: cool access (0), hot access (0), error acces (0).
/*BANK*/6->4: cool access (0), hot access (0), error acces (0).
/*BANK*/6->5: cool access (0), hot access (0), error acces (0).
/*BANK*/6->6: cool access (0), hot access (0), error acces (0).
/*BANK*/6->7: cool access (0), hot access (0), error acces (0).
/*BANK*/7->0: cool access (5105), hot access (0), error acces (0).
/*BANK*/7->1: cool access (4438), hot access (0), error acces (0).
/*BANK*/7->2: cool access (8343), hot access (0), error acces (0).
/*BANK*/7->3: cool access (0), hot access (0), error acces (0).
/*BANK*/7->4: cool access (0), hot access (0), error acces (0).
/*BANK*/7->5: cool access (0), hot access (0), error acces (0).
/*BANK*/7->6: cool access (0), hot access (0), error acces (0).
/*BANK*/7->7: cool access (0), hot access (0), error acces (0).
/*BANK*/8->0: cool access (6942), hot access (351), error acces (0).
/*BANK*/8->1: cool access (4365), hot access (0), error acces (0).
/*BANK*/8->2: cool access (199168), hot access (0), error acces (0).
/*BANK*/8->3: cool access (0), hot access (0), error acces (0).
/*BANK*/8->4: cool access (0), hot access (0), error acces (0).
/*BANK*/8->5: cool access (0), hot access (0), error acces (0).
/*BANK*/8->6: cool access (0), hot access (0), error acces (0).
/*BANK*/8->7: cool access (0), hot access (0), error acces (0).
/*BANK*/9->0: cool access (4701), hot access (0), error acces (0).
/*BANK*/9->1: cool access (6032), hot access (0), error acces (0).
/*BANK*/9->2: cool access (60456), hot access (0), error acces (0).
/*BANK*/9->3: cool access (0), hot access (0), error acces (0).
/*BANK*/9->4: cool access (0), hot access (0), error acces (0).
/*BANK*/9->5: cool access (0), hot access (0), error acces (0).
/*BANK*/9->6: cool access (0), hot access (0), error acces (0).
/*BANK*/9->7: cool access (0), hot access (0), error acces (0).
/*BANK*/10->0: cool access (3905), hot access (0), error acces (0).
/*BANK*/10->1: cool access (3200), hot access (0), error acces (0).
/*BANK*/10->2: cool access (16935), hot access (0), error acces (0).
/*BANK*/10->3: cool access (0), hot access (0), error acces (0).
/*BANK*/10->4: cool access (0), hot access (0), error acces (0).
/*BANK*/10->5: cool access (0), hot access (0), error acces (0).
/*BANK*/10->6: cool access (0), hot access (0), error acces (0).
/*BANK*/10->7: cool access (0), hot access (0), error acces (0).
/*BANK*/11->0: cool access (5302), hot access (0), error acces (0).
/*BANK*/11->1: cool access (4553), hot access (0), error acces (0).
/*BANK*/11->2: cool access (2727), hot access (0), error acces (0).
/*BANK*/11->3: cool access (0), hot access (0), error acces (0).
/*BANK*/11->4: cool access (0), hot access (0), error acces (0).
/*BANK*/11->5: cool access (0), hot access (0), error acces (0).
/*BANK*/11->6: cool access (0), hot access (0), error acces (0).
/*BANK*/11->7: cool access (0), hot access (0), error acces (0).
/*BANK*/12->0: cool access (0), hot access (4340), error acces (0).
/*BANK*/12->1: cool access (4218), hot access (172), error acces (0).
/*BANK*/12->2: cool access (0), hot access (0), error acces (0).
/*BANK*/12->3: cool access (0), hot access (0), error acces (0).
/*BANK*/12->4: cool access (0), hot access (0), error acces (0).
/*BANK*/12->5: cool access (0), hot access (0), error acces (0).
/*BANK*/12->6: cool access (0), hot access (0), error acces (0).
/*BANK*/12->7: cool access (639), hot access (0), error acces (0).
/*BANK*/13->0: cool access (4858), hot access (171), error acces (0).
/*BANK*/13->1: cool access (4896), hot access (154), error acces (0).
/*BANK*/13->2: cool access (0), hot access (0), error acces (0).
/*BANK*/13->3: cool access (0), hot access (0), error acces (0).
/*BANK*/13->4: cool access (0), hot access (0), error acces (0).
/*BANK*/13->5: cool access (0), hot access (0), error acces (0).
/*BANK*/13->6: cool access (0), hot access (0), error acces (0).
/*BANK*/13->7: cool access (0), hot access (0), error acces (0).
/*BANK*/14->0: cool access (4107), hot access (887), error acces (0).
/*BANK*/14->1: cool access (4240), hot access (147), error acces (0).
/*BANK*/14->2: cool access (0), hot access (0), error acces (0).
/*BANK*/14->3: cool access (0), hot access (0), error acces (0).
/*BANK*/14->4: cool access (0), hot access (0), error acces (0).
/*BANK*/14->5: cool access (0), hot access (0), error acces (0).
/*BANK*/14->6: cool access (0), hot access (0), error acces (0).
/*BANK*/14->7: cool access (185), hot access (0), error acces (0).
/*BANK*/15->0: cool access (4121), hot access (0), error acces (0).
/*BANK*/15->1: cool access (4443), hot access (0), error acces (0).
/*BANK*/15->2: cool access (0), hot access (0), error acces (0).
/*BANK*/15->3: cool access (0), hot access (0), error acces (0).
/*BANK*/15->4: cool access (0), hot access (0), error acces (0).
/*BANK*/15->5: cool access (0), hot access (0), error acces (0).
/*BANK*/15->6: cool access (0), hot access (0), error acces (0).
/*BANK*/15->7: cool access (0), hot access (0), error acces (0).
/*BANK*/16->0: cool access (4311), hot access (4), error acces (0).
/*BANK*/16->1: cool access (4103), hot access (12), error acces (0).
/*BANK*/16->2: cool access (0), hot access (0), error acces (0).
/*BANK*/16->3: cool access (0), hot access (0), error acces (0).
/*BANK*/16->4: cool access (0), hot access (0), error acces (0).
/*BANK*/16->5: cool access (0), hot access (0), error acces (0).
/*BANK*/16->6: cool access (0), hot access (0), error acces (0).
/*BANK*/16->7: cool access (0), hot access (0), error acces (0).
/*BANK*/17->0: cool access (5072), hot access (0), error acces (0).
/*BANK*/17->1: cool access (4207), hot access (0), error acces (0).
/*BANK*/17->2: cool access (0), hot access (0), error acces (0).
/*BANK*/17->3: cool access (0), hot access (0), error acces (0).
/*BANK*/17->4: cool access (0), hot access (0), error acces (0).
/*BANK*/17->5: cool access (0), hot access (0), error acces (0).
/*BANK*/17->6: cool access (0), hot access (0), error acces (0).
/*BANK*/17->7: cool access (0), hot access (0), error acces (0).
/*BANK*/18->0: cool access (3077), hot access (10), error acces (0).
/*BANK*/18->1: cool access (3516), hot access (0), error acces (0).
/*BANK*/18->2: cool access (0), hot access (0), error acces (0).
/*BANK*/18->3: cool access (0), hot access (0), error acces (0).
/*BANK*/18->4: cool access (0), hot access (0), error acces (0).
/*BANK*/18->5: cool access (0), hot access (0), error acces (0).
/*BANK*/18->6: cool access (0), hot access (0), error acces (0).
/*BANK*/18->7: cool access (0), hot access (0), error acces (0).
/*BANK*/19->0: cool access (4154), hot access (0), error acces (0).
/*BANK*/19->1: cool access (4103), hot access (0), error acces (0).
/*BANK*/19->2: cool access (0), hot access (0), error acces (0).
/*BANK*/19->3: cool access (0), hot access (0), error acces (0).
/*BANK*/19->4: cool access (0), hot access (0), error acces (0).
/*BANK*/19->5: cool access (0), hot access (0), error acces (0).
/*BANK*/19->6: cool access (0), hot access (0), error acces (0).
/*BANK*/19->7: cool access (0), hot access (0), error acces (0).
/*BANK*/20->0: cool access (4103), hot access (0), error acces (0).
/*BANK*/20->1: cool access (4107), hot access (25), error acces (0).
/*BANK*/20->2: cool access (0), hot access (0), error acces (0).
/*BANK*/20->3: cool access (0), hot access (0), error acces (0).
/*BANK*/20->4: cool access (0), hot access (0), error acces (0).
/*BANK*/20->5: cool access (0), hot access (0), error acces (0).
/*BANK*/20->6: cool access (0), hot access (0), error acces (0).
/*BANK*/20->7: cool access (0), hot access (0), error acces (0).
/*BANK*/21->0: cool access (4140), hot access (0), error acces (0).
/*BANK*/21->1: cool access (4129), hot access (0), error acces (0).
/*BANK*/21->2: cool access (0), hot access (0), error acces (0).
/*BANK*/21->3: cool access (0), hot access (0), error acces (0).
/*BANK*/21->4: cool access (0), hot access (0), error acces (0).
/*BANK*/21->5: cool access (0), hot access (0), error acces (0).
/*BANK*/21->6: cool access (0), hot access (0), error acces (0).
/*BANK*/21->7: cool access (0), hot access (0), error acces (0).
/*BANK*/22->0: cool access (7203), hot access (640), error acces (0).
/*BANK*/22->1: cool access (4117), hot access (18), error acces (0).
/*BANK*/22->2: cool access (0), hot access (0), error acces (0).
/*BANK*/22->3: cool access (0), hot access (0), error acces (0).
/*BANK*/22->4: cool access (0), hot access (0), error acces (0).
/*BANK*/22->5: cool access (0), hot access (0), error acces (0).
/*BANK*/22->6: cool access (0), hot access (0), error acces (0).
/*BANK*/22->7: cool access (0), hot access (0), error acces (0).
/*BANK*/23->0: cool access (5193), hot access (0), error acces (0).
/*BANK*/23->1: cool access (7260), hot access (0), error acces (0).
/*BANK*/23->2: cool access (0), hot access (0), error acces (0).
/*BANK*/23->3: cool access (0), hot access (0), error acces (0).
/*BANK*/23->4: cool access (0), hot access (0), error acces (0).
/*BANK*/23->5: cool access (0), hot access (0), error acces (0).
/*BANK*/23->6: cool access (0), hot access (0), error acces (0).
/*BANK*/23->7: cool access (0), hot access (0), error acces (0).
/*BANK*/24->0: cool access (0), hot access (981), error acces (103).
/*BANK*/24->1: cool access (4571), hot access (260), error acces (0).
/*BANK*/24->2: cool access (0), hot access (0), error acces (0).
/*BANK*/24->3: cool access (0), hot access (0), error acces (0).
/*BANK*/24->4: cool access (0), hot access (0), error acces (0).
/*BANK*/24->5: cool access (0), hot access (0), error acces (0).
/*BANK*/24->6: cool access (0), hot access (0), error acces (0).
/*BANK*/24->7: cool access (6054), hot access (0), error acces (0).
/*BANK*/25->0: cool access (4852), hot access (179), error acces (0).
/*BANK*/25->1: cool access (5546), hot access (569), error acces (0).
/*BANK*/25->2: cool access (0), hot access (0), error acces (0).
/*BANK*/25->3: cool access (0), hot access (0), error acces (0).
/*BANK*/25->4: cool access (0), hot access (0), error acces (0).
/*BANK*/25->5: cool access (0), hot access (0), error acces (0).
/*BANK*/25->6: cool access (0), hot access (0), error acces (0).
/*BANK*/25->7: cool access (0), hot access (0), error acces (0).
/*BANK*/26->0: cool access (3092), hot access (1014), error acces (0).
/*BANK*/26->1: cool access (3782), hot access (231), error acces (0).
/*BANK*/26->2: cool access (0), hot access (0), error acces (0).
/*BANK*/26->3: cool access (0), hot access (0), error acces (0).
/*BANK*/26->4: cool access (0), hot access (0), error acces (0).
/*BANK*/26->5: cool access (0), hot access (0), error acces (0).
/*BANK*/26->6: cool access (0), hot access (0), error acces (0).
/*BANK*/26->7: cool access (37), hot access (0), error acces (0).
/*BANK*/27->0: cool access (4344), hot access (0), error acces (0).
/*BANK*/27->1: cool access (5339), hot access (0), error acces (0).
/*BANK*/27->2: cool access (0), hot access (0), error acces (0).
/*BANK*/27->3: cool access (0), hot access (0), error acces (0).
/*BANK*/27->4: cool access (0), hot access (0), error acces (0).
/*BANK*/27->5: cool access (0), hot access (0), error acces (0).
/*BANK*/27->6: cool access (0), hot access (0), error acces (0).
/*BANK*/27->7: cool access (0), hot access (0), error acces (0).
/*BANK*/28->0: cool access (4099), hot access (100), error acces (0).
/*BANK*/28->1: cool access (4335), hot access (56), error acces (0).
/*BANK*/28->2: cool access (0), hot access (0), error acces (0).
/*BANK*/28->3: cool access (0), hot access (0), error acces (0).
/*BANK*/28->4: cool access (0), hot access (0), error acces (0).
/*BANK*/28->5: cool access (0), hot access (0), error acces (0).
/*BANK*/28->6: cool access (0), hot access (0), error acces (0).
/*BANK*/28->7: cool access (0), hot access (0), error acces (0).
/*BANK*/29->0: cool access (4255), hot access (0), error acces (0).
/*BANK*/29->1: cool access (4244), hot access (0), error acces (0).
/*BANK*/29->2: cool access (0), hot access (0), error acces (0).
/*BANK*/29->3: cool access (0), hot access (0), error acces (0).
/*BANK*/29->4: cool access (19), hot access (0), error acces (0).
/*BANK*/29->5: cool access (0), hot access (0), error acces (0).
/*BANK*/29->6: cool access (0), hot access (0), error acces (0).
/*BANK*/29->7: cool access (0), hot access (0), error acces (0).
/*BANK*/30->0: cool access (4103), hot access (26), error acces (0).
/*BANK*/30->1: cool access (4338), hot access (0), error acces (0).
/*BANK*/30->2: cool access (0), hot access (0), error acces (0).
/*BANK*/30->3: cool access (0), hot access (0), error acces (0).
/*BANK*/30->4: cool access (0), hot access (0), error acces (0).
/*BANK*/30->5: cool access (0), hot access (0), error acces (0).
/*BANK*/30->6: cool access (0), hot access (0), error acces (0).
/*BANK*/30->7: cool access (0), hot access (0), error acces (0).
/*BANK*/31->0: cool access (4111), hot access (0), error acces (0).
/*BANK*/31->1: cool access (4109), hot access (0), error acces (0).
/*BANK*/31->2: cool access (0), hot access (0), error acces (0).
/*BANK*/31->3: cool access (0), hot access (0), error acces (0).
/*BANK*/31->4: cool access (0), hot access (0), error acces (0).
/*BANK*/31->5: cool access (0), hot access (0), error acces (0).
/*BANK*/31->6: cool access (0), hot access (0), error acces (0).
/*BANK*/31->7: cool access (0), hot access (0), error acces (0).
{Summary}: 10347 Hot Accesses, 604289 Cool Accesses.

 ***** [REF/AC_Result] *****
                     Power     Energy    Energy %
  core-core         6.57 W     0.26  J     20.42%
  core-ifetch       1.73 W     0.07  J      5.39%
  core-alu          1.51 W     0.06  J      4.69%
  core-int          1.48 W     0.06  J      4.61%
  core-fp           3.74 W     0.15  J     11.65%
  core-mem          0.66 W     0.03  J      2.05%
  core-other        3.79 W     0.15  J     11.80%
  icache            1.09 W     0.04  J      3.39%
  dcache            1.87 W     0.07  J      5.82%
  l2                1.69 W     0.07  J      5.25%
  l3                3.41 W     0.13  J     10.61%
  dram              4.57 W     0.18  J     14.23%
  other             0.03 W     1.28 mJ      0.10%

  core             19.49 W     0.76  J     60.60%
  cache             8.06 W     0.32  J     25.07%
  total            32.15 W     1.26  J    100.00%
Warning: Unable to run gnuplot to create cpi stack graphs.  Maybe gnuplot is not installed?
[SNIPER] End
[SNIPER] Elapsed time: 684.44 seconds
[SNIPER] Running McPAT
[SPLASH] [----------    End of output    ----------]
[SPLASH] Done.
/scratch/miz087/results/in_mix_5us_5_splash2_radix_large
