[Benchmarks] set sniper output to rundi /scratch/miz087/results/in_mix_25us_5_splash2_raytrace_opt_large
/scratch/miz087/results/in_mix_25us_5_splash2_raytrace_opt_large
[SPLASH] Benchmarks to run: raytrace_opt

[SPLASH] [========== Running benchmark raytrace ==========]
[SPLASH] Setting up run directory: /scratch/miz087/results/in_mix_25us_5_splash2_raytrace_opt_large
[SPLASH] Extracting output: mkdir /scratch/miz087/results/in_mix_25us_5_splash2_raytrace_opt_large/inputs; gunzip < /home_masters/miz087/workplace/micro_exp/benchmarks/splash2/splash2/codes/apps/raytrace/inputs/car.env.Z > /scratch/miz087/results/in_mix_25us_5_splash2_raytrace_opt_large/inputs/car.env; gunzip < /home_masters/miz087/workplace/micro_exp/benchmarks/splash2/splash2/codes/apps/raytrace/inputs/car.geo.Z > /scratch/miz087/results/in_mix_25us_5_splash2_raytrace_opt_large/inputs/car.geo
[SPLASH] Running 'SNIPER_APP_LD_PRELOAD=$LD_PRELOAD; unset LD_PRELOAD; /home_masters/miz087/workplace/micro_exp/run-sniper -n 4 -m 'localhost' -d '/scratch/miz087/results/in_mix_25us_5_splash2_raytrace_opt_large' -sthermalstats --power -c gainestown_cache --roi --curdir=/home_masters/miz087/workplace/micro_exp/benchmarks  --  /home_masters/miz087/workplace/micro_exp/benchmarks/splash2/splash2/codes/apps/raytrace/RAYTRACE.opt -p4 -m64 -a4 inputs/car.env':
[SPLASH] [---------- Beginning of output ----------]
[SNIPER] Start
----------BEGIN_INIT_STATS_MANAGER------------
----------END_INIT_STATS_MANAGER------------
Normal Cache Total set: 524288
now initialize a stacked dram unison cache
Executing Python script /scratch/miz087/results/in_mix_25us_5_splash2_raytrace_opt_large/sim.scripts.py
[SNIPER] --------------------------------------------------------------------------------
[SNIPER] Sniper using Pin frontend
[SNIPER] Running pre-ROI region in  CACHE_ONLY mode
[SNIPER] Running application ROI in DETAILED mode
[SNIPER] Running post-ROI region in FAST_FORWARD mode
[SNIPER] --------------------------------------------------------------------------------

Number of processors:     	4
Global shared memory size:	64 MB
Samples per pixel:        	4

Number of primitive objects: 	7629
Number of primitive elements:	46423
Uniform Hierarchy built.
[HOOKS] Entering ROI
[SNIPER] Enabling performance models
[SNIPER] Setting instrumentation mode to DETAILED
[SNIPER] Disabling performance models
[SNIPER] Leaving ROI after 4487.91 seconds
[SNIPER] Simulated 1974.5M instructions, 1370.2M cycles, 1.44 IPC
[SNIPER] Simulation speed 441.9 KIPS (110.5 KIPS / target core - 9051.3ns/instr)
[SNIPER] Sampling: executed 38.07% of simulated time in detailed mode
[SNIPER] Setting instrumentation mode to FAST_FORWARD
[HOOKS] Leaving ROI

****** Hierarchial uniform grid memory allocation summary ******* 

     < struct >:            < current >   < maximum >    < sizeof > 
     <  bytes >:             <  bytes >   <   bytes >    <  bytes > 

     grid:                      59760         59760           144 
     hashtable entries:        678968        678968             8 
     emptycell entries:          6632          6632             8 
     voxel:                   1251480       1251480            40 
     bintree_node:           12370320      12370320           120 

     Totals:                 14367160      14367160      

TIMING STATISTICS MEASURED BY MAIN PROCESS:
        Overall start time         1491142376719676
        Overall end time       1491146825800036
        Total time with initialization             154113064
        Total time without initialization            4448640344

 ***** [DRAM_CACHE_Result] *****

*** DRAM Total Access: 2298981, miss: 385887, miss rate: 0.167851
*** DRAM Total Access In ROI: 395262, miss: 29056, miss rate: 0.0735107
*** DRAM Remap Times: 0 invalid times, 0 total invalid_blocks, 16494 migrate times, 1991216 total migrate blocks.
*** DRAM Statistics: 610397265 reads, 257685092 writes, 758576887 row hits, 24878010 ACT time, 24878010 PRE time, 18864309 RD time, 6013648 WR time.

 ***** [DRAM_CACHE_Result] *****

[RAMULATOR OUTPUT]

**Total Ticks: 303782349

**Ramulator Active Cycles: 2.61321e+07

**DRAM Cycles: 3.03782e+08

**Maximum Bandwidth: 0

Number of Incoming Requests: 5.01123e+06

**Serving Request**
Channel_0: serving reads(99143), serving writes(39943).
Channel_1: serving reads(97595), serving writes(39073).
Channel_2: serving reads(102534), serving writes(40888).
Channel_3: serving reads(91223), serving writes(37107).
Channel_4: serving reads(100524), serving writes(40832).
Channel_5: serving reads(101451), serving writes(41099).
Channel_6: serving reads(103450), serving writes(41884).
Channel_7: serving reads(106317), serving writes(42840).
Channel_8: serving reads(110224), serving writes(43631).
Channel_9: serving reads(102556), serving writes(41135).
Channel_10: serving reads(101684), serving writes(40653).
Channel_11: serving reads(103952), serving writes(41238).
Channel_12: serving reads(107447), serving writes(42963).
Channel_13: serving reads(99537), serving writes(40697).
Channel_14: serving reads(109142), serving writes(43781).
Channel_15: serving reads(104975), serving writes(41196).
Channel_16: serving reads(108463), serving writes(43012).
Channel_17: serving reads(105363), serving writes(41434).
Channel_18: serving reads(110718), serving writes(43146).
Channel_19: serving reads(107017), serving writes(41622).
Channel_20: serving reads(106889), serving writes(42690).
Channel_21: serving reads(109090), serving writes(42691).
Channel_22: serving reads(112362), serving writes(42900).
Channel_23: serving reads(107406), serving writes(40861).
Channel_24: serving reads(109820), serving writes(43373).
Channel_25: serving reads(104457), serving writes(41247).
Channel_26: serving reads(103984), serving writes(42047).
Channel_27: serving reads(100771), serving writes(40588).
Channel_28: serving reads(97614), serving writes(40071).
Channel_29: serving reads(94909), serving writes(38817).
Channel_30: serving reads(97074), serving writes(39285).
Channel_31: serving reads(93575), serving writes(38520).
[RAMULATOR OUTPUT]

----------[STAT_STORE_UNIT]-----------

Hot Access: 78422, Cool Access: 4937088

Hits on previous hot rows: 1950

Hits on previous cool rows: 302

Total remap times: 8247, Total Inter-Vault remaps: 0, Total number of intervals: 4215


----------[STAT_STORE_UNIT]-----------

 ***** [REF/AC_Result] *****
/*BANK*/0->0: cool access (26764), hot access (0), error acces (0).
/*BANK*/0->1: cool access (34907), hot access (0), error acces (0).
/*BANK*/0->2: cool access (24601), hot access (0), error acces (0).
/*BANK*/0->3: cool access (21662), hot access (0), error acces (0).
/*BANK*/0->4: cool access (24842), hot access (0), error acces (0).
/*BANK*/0->5: cool access (10993), hot access (0), error acces (0).
/*BANK*/0->6: cool access (20890), hot access (0), error acces (0).
/*BANK*/0->7: cool access (14005), hot access (0), error acces (0).
/*BANK*/1->0: cool access (25619), hot access (0), error acces (0).
/*BANK*/1->1: cool access (31275), hot access (0), error acces (0).
/*BANK*/1->2: cool access (22741), hot access (0), error acces (0).
/*BANK*/1->3: cool access (22592), hot access (0), error acces (0).
/*BANK*/1->4: cool access (24717), hot access (0), error acces (0).
/*BANK*/1->5: cool access (11568), hot access (0), error acces (0).
/*BANK*/1->6: cool access (20306), hot access (0), error acces (0).
/*BANK*/1->7: cool access (14852), hot access (0), error acces (0).
/*BANK*/2->0: cool access (24410), hot access (0), error acces (0).
/*BANK*/2->1: cool access (33447), hot access (0), error acces (0).
/*BANK*/2->2: cool access (25138), hot access (0), error acces (0).
/*BANK*/2->3: cool access (23389), hot access (0), error acces (0).
/*BANK*/2->4: cool access (25923), hot access (0), error acces (0).
/*BANK*/2->5: cool access (13618), hot access (0), error acces (0).
/*BANK*/2->6: cool access (19333), hot access (0), error acces (0).
/*BANK*/2->7: cool access (16786), hot access (0), error acces (0).
/*BANK*/3->0: cool access (19853), hot access (0), error acces (0).
/*BANK*/3->1: cool access (27099), hot access (0), error acces (0).
/*BANK*/3->2: cool access (23896), hot access (0), error acces (0).
/*BANK*/3->3: cool access (23639), hot access (0), error acces (0).
/*BANK*/3->4: cool access (20859), hot access (0), error acces (0).
/*BANK*/3->5: cool access (13415), hot access (0), error acces (0).
/*BANK*/3->6: cool access (17573), hot access (0), error acces (0).
/*BANK*/3->7: cool access (14854), hot access (0), error acces (0).
/*BANK*/4->0: cool access (26760), hot access (0), error acces (0).
/*BANK*/4->1: cool access (32965), hot access (0), error acces (0).
/*BANK*/4->2: cool access (24148), hot access (0), error acces (0).
/*BANK*/4->3: cool access (23483), hot access (0), error acces (0).
/*BANK*/4->4: cool access (25922), hot access (0), error acces (0).
/*BANK*/4->5: cool access (14424), hot access (0), error acces (0).
/*BANK*/4->6: cool access (17021), hot access (0), error acces (0).
/*BANK*/4->7: cool access (16665), hot access (0), error acces (0).
/*BANK*/5->0: cool access (33388), hot access (0), error acces (0).
/*BANK*/5->1: cool access (29611), hot access (0), error acces (0).
/*BANK*/5->2: cool access (22808), hot access (0), error acces (0).
/*BANK*/5->3: cool access (23219), hot access (0), error acces (0).
/*BANK*/5->4: cool access (26211), hot access (0), error acces (0).
/*BANK*/5->5: cool access (14251), hot access (0), error acces (0).
/*BANK*/5->6: cool access (15871), hot access (0), error acces (0).
/*BANK*/5->7: cool access (16719), hot access (0), error acces (0).
/*BANK*/6->0: cool access (29797), hot access (0), error acces (0).
/*BANK*/6->1: cool access (34526), hot access (0), error acces (0).
/*BANK*/6->2: cool access (23347), hot access (0), error acces (0).
/*BANK*/6->3: cool access (23361), hot access (0), error acces (0).
/*BANK*/6->4: cool access (24186), hot access (0), error acces (0).
/*BANK*/6->5: cool access (14919), hot access (0), error acces (0).
/*BANK*/6->6: cool access (16581), hot access (0), error acces (0).
/*BANK*/6->7: cool access (16001), hot access (0), error acces (0).
/*BANK*/7->0: cool access (34758), hot access (0), error acces (0).
/*BANK*/7->1: cool access (33221), hot access (0), error acces (0).
/*BANK*/7->2: cool access (22997), hot access (0), error acces (0).
/*BANK*/7->3: cool access (22550), hot access (0), error acces (0).
/*BANK*/7->4: cool access (26347), hot access (0), error acces (0).
/*BANK*/7->5: cool access (16410), hot access (0), error acces (0).
/*BANK*/7->6: cool access (16738), hot access (0), error acces (0).
/*BANK*/7->7: cool access (16660), hot access (0), error acces (0).
/*BANK*/8->0: cool access (31087), hot access (6006), error acces (0).
/*BANK*/8->1: cool access (32432), hot access (0), error acces (0).
/*BANK*/8->2: cool access (24049), hot access (0), error acces (0).
/*BANK*/8->3: cool access (23190), hot access (0), error acces (0).
/*BANK*/8->4: cool access (22293), hot access (0), error acces (0).
/*BANK*/8->5: cool access (16757), hot access (0), error acces (0).
/*BANK*/8->6: cool access (17851), hot access (0), error acces (0).
/*BANK*/8->7: cool access (22638), hot access (0), error acces (0).
/*BANK*/9->0: cool access (37446), hot access (0), error acces (0).
/*BANK*/9->1: cool access (24707), hot access (0), error acces (0).
/*BANK*/9->2: cool access (20595), hot access (0), error acces (0).
/*BANK*/9->3: cool access (24287), hot access (0), error acces (0).
/*BANK*/9->4: cool access (23994), hot access (0), error acces (0).
/*BANK*/9->5: cool access (17285), hot access (0), error acces (0).
/*BANK*/9->6: cool access (16819), hot access (0), error acces (0).
/*BANK*/9->7: cool access (19038), hot access (0), error acces (0).
/*BANK*/10->0: cool access (33407), hot access (0), error acces (0).
/*BANK*/10->1: cool access (23992), hot access (0), error acces (0).
/*BANK*/10->2: cool access (21288), hot access (0), error acces (0).
/*BANK*/10->3: cool access (28933), hot access (0), error acces (0).
/*BANK*/10->4: cool access (20128), hot access (0), error acces (0).
/*BANK*/10->5: cool access (14962), hot access (0), error acces (0).
/*BANK*/10->6: cool access (17110), hot access (0), error acces (0).
/*BANK*/10->7: cool access (19884), hot access (0), error acces (0).
/*BANK*/11->0: cool access (35626), hot access (0), error acces (0).
/*BANK*/11->1: cool access (23704), hot access (0), error acces (0).
/*BANK*/11->2: cool access (19833), hot access (0), error acces (0).
/*BANK*/11->3: cool access (30188), hot access (0), error acces (0).
/*BANK*/11->4: cool access (20514), hot access (0), error acces (0).
/*BANK*/11->5: cool access (17867), hot access (0), error acces (0).
/*BANK*/11->6: cool access (16631), hot access (0), error acces (0).
/*BANK*/11->7: cool access (19743), hot access (0), error acces (0).
/*BANK*/12->0: cool access (28620), hot access (8098), error acces (7852).
/*BANK*/12->1: cool access (19225), hot access (5013), error acces (0).
/*BANK*/12->2: cool access (18209), hot access (3684), error acces (0).
/*BANK*/12->3: cool access (30268), hot access (0), error acces (0).
/*BANK*/12->4: cool access (17670), hot access (0), error acces (0).
/*BANK*/12->5: cool access (16015), hot access (0), error acces (0).
/*BANK*/12->6: cool access (18671), hot access (0), error acces (0).
/*BANK*/12->7: cool access (27563), hot access (0), error acces (0).
/*BANK*/13->0: cool access (32205), hot access (502), error acces (0).
/*BANK*/13->1: cool access (19345), hot access (3728), error acces (0).
/*BANK*/13->2: cool access (23239), hot access (0), error acces (0).
/*BANK*/13->3: cool access (28100), hot access (0), error acces (0).
/*BANK*/13->4: cool access (20896), hot access (0), error acces (0).
/*BANK*/13->5: cool access (13253), hot access (0), error acces (0).
/*BANK*/13->6: cool access (16909), hot access (0), error acces (0).
/*BANK*/13->7: cool access (18949), hot access (0), error acces (0).
/*BANK*/14->0: cool access (23604), hot access (8500), error acces (0).
/*BANK*/14->1: cool access (24848), hot access (4272), error acces (0).
/*BANK*/14->2: cool access (24441), hot access (24), error acces (0).
/*BANK*/14->3: cool access (31163), hot access (0), error acces (0).
/*BANK*/14->4: cool access (19368), hot access (0), error acces (0).
/*BANK*/14->5: cool access (17943), hot access (0), error acces (0).
/*BANK*/14->6: cool access (17557), hot access (0), error acces (0).
/*BANK*/14->7: cool access (22399), hot access (0), error acces (0).
/*BANK*/15->0: cool access (41509), hot access (0), error acces (0).
/*BANK*/15->1: cool access (27704), hot access (0), error acces (0).
/*BANK*/15->2: cool access (22924), hot access (0), error acces (0).
/*BANK*/15->3: cool access (25117), hot access (0), error acces (0).
/*BANK*/15->4: cool access (18479), hot access (0), error acces (0).
/*BANK*/15->5: cool access (15085), hot access (0), error acces (0).
/*BANK*/15->6: cool access (16125), hot access (0), error acces (0).
/*BANK*/15->7: cool access (17920), hot access (0), error acces (0).
/*BANK*/16->0: cool access (22135), hot access (7778), error acces (0).
/*BANK*/16->1: cool access (24689), hot access (5991), error acces (0).
/*BANK*/16->2: cool access (25574), hot access (0), error acces (0).
/*BANK*/16->3: cool access (26738), hot access (0), error acces (0).
/*BANK*/16->4: cool access (18107), hot access (0), error acces (0).
/*BANK*/16->5: cool access (16284), hot access (0), error acces (0).
/*BANK*/16->6: cool access (17795), hot access (0), error acces (0).
/*BANK*/16->7: cool access (24926), hot access (0), error acces (0).
/*BANK*/17->0: cool access (35540), hot access (0), error acces (0).
/*BANK*/17->1: cool access (26346), hot access (0), error acces (0).
/*BANK*/17->2: cool access (23798), hot access (0), error acces (0).
/*BANK*/17->3: cool access (28954), hot access (0), error acces (0).
/*BANK*/17->4: cool access (18761), hot access (0), error acces (0).
/*BANK*/17->5: cool access (18103), hot access (0), error acces (0).
/*BANK*/17->6: cool access (16492), hot access (0), error acces (0).
/*BANK*/17->7: cool access (20163), hot access (0), error acces (0).
/*BANK*/18->0: cool access (27723), hot access (6825), error acces (0).
/*BANK*/18->1: cool access (24378), hot access (9), error acces (0).
/*BANK*/18->2: cool access (24694), hot access (0), error acces (0).
/*BANK*/18->3: cool access (31231), hot access (0), error acces (0).
/*BANK*/18->4: cool access (17414), hot access (0), error acces (0).
/*BANK*/18->5: cool access (21155), hot access (0), error acces (0).
/*BANK*/18->6: cool access (17319), hot access (0), error acces (0).
/*BANK*/18->7: cool access (23080), hot access (0), error acces (0).
/*BANK*/19->0: cool access (35170), hot access (0), error acces (0).
/*BANK*/19->1: cool access (24036), hot access (0), error acces (0).
/*BANK*/19->2: cool access (24378), hot access (0), error acces (0).
/*BANK*/19->3: cool access (28317), hot access (0), error acces (0).
/*BANK*/19->4: cool access (18258), hot access (0), error acces (0).
/*BANK*/19->5: cool access (20030), hot access (0), error acces (0).
/*BANK*/19->6: cool access (16126), hot access (0), error acces (0).
/*BANK*/19->7: cool access (20392), hot access (0), error acces (0).
/*BANK*/20->0: cool access (24843), hot access (7889), error acces (0).
/*BANK*/20->1: cool access (19317), hot access (6431), error acces (0).
/*BANK*/20->2: cool access (22659), hot access (0), error acces (0).
/*BANK*/20->3: cool access (27869), hot access (0), error acces (0).
/*BANK*/20->4: cool access (18023), hot access (0), error acces (0).
/*BANK*/20->5: cool access (19802), hot access (0), error acces (0).
/*BANK*/20->6: cool access (17294), hot access (0), error acces (0).
/*BANK*/20->7: cool access (23920), hot access (0), error acces (0).
/*BANK*/21->0: cool access (36589), hot access (0), error acces (0).
/*BANK*/21->1: cool access (25197), hot access (0), error acces (0).
/*BANK*/21->2: cool access (23968), hot access (0), error acces (0).
/*BANK*/21->3: cool access (29642), hot access (0), error acces (0).
/*BANK*/21->4: cool access (19666), hot access (0), error acces (0).
/*BANK*/21->5: cool access (19787), hot access (0), error acces (0).
/*BANK*/21->6: cool access (17366), hot access (0), error acces (0).
/*BANK*/21->7: cool access (20084), hot access (0), error acces (0).
/*BANK*/22->0: cool access (25493), hot access (7651), error acces (0).
/*BANK*/22->1: cool access (24699), hot access (3726), error acces (0).
/*BANK*/22->2: cool access (24878), hot access (0), error acces (0).
/*BANK*/22->3: cool access (30324), hot access (0), error acces (0).
/*BANK*/22->4: cool access (20745), hot access (0), error acces (0).
/*BANK*/22->5: cool access (21544), hot access (0), error acces (0).
/*BANK*/22->6: cool access (15801), hot access (0), error acces (0).
/*BANK*/22->7: cool access (22761), hot access (0), error acces (0).
/*BANK*/23->0: cool access (34748), hot access (0), error acces (0).
/*BANK*/23->1: cool access (27087), hot access (0), error acces (0).
/*BANK*/23->2: cool access (24140), hot access (0), error acces (0).
/*BANK*/23->3: cool access (28119), hot access (0), error acces (0).
/*BANK*/23->4: cool access (19138), hot access (0), error acces (0).
/*BANK*/23->5: cool access (20018), hot access (0), error acces (0).
/*BANK*/23->6: cool access (13315), hot access (0), error acces (0).
/*BANK*/23->7: cool access (20318), hot access (0), error acces (0).
/*BANK*/24->0: cool access (24145), hot access (7308), error acces (7292).
/*BANK*/24->1: cool access (22091), hot access (7836), error acces (0).
/*BANK*/24->2: cool access (21027), hot access (4358), error acces (0).
/*BANK*/24->3: cool access (27090), hot access (0), error acces (0).
/*BANK*/24->4: cool access (17770), hot access (0), error acces (0).
/*BANK*/24->5: cool access (22044), hot access (0), error acces (0).
/*BANK*/24->6: cool access (15681), hot access (0), error acces (0).
/*BANK*/24->7: cool access (25693), hot access (0), error acces (0).
/*BANK*/25->0: cool access (33158), hot access (1863), error acces (0).
/*BANK*/25->1: cool access (20256), hot access (6366), error acces (0).
/*BANK*/25->2: cool access (24298), hot access (0), error acces (0).
/*BANK*/25->3: cool access (26075), hot access (0), error acces (0).
/*BANK*/25->4: cool access (16683), hot access (0), error acces (0).
/*BANK*/25->5: cool access (19941), hot access (0), error acces (0).
/*BANK*/25->6: cool access (11835), hot access (0), error acces (0).
/*BANK*/25->7: cool access (22527), hot access (0), error acces (0).
/*BANK*/26->0: cool access (20341), hot access (7073), error acces (0).
/*BANK*/26->1: cool access (21027), hot access (5783), error acces (0).
/*BANK*/26->2: cool access (23934), hot access (302), error acces (0).
/*BANK*/26->3: cool access (29173), hot access (0), error acces (0).
/*BANK*/26->4: cool access (19296), hot access (0), error acces (0).
/*BANK*/26->5: cool access (21850), hot access (0), error acces (0).
/*BANK*/26->6: cool access (13117), hot access (0), error acces (0).
/*BANK*/26->7: cool access (24581), hot access (0), error acces (0).
/*BANK*/27->0: cool access (29680), hot access (0), error acces (0).
/*BANK*/27->1: cool access (24126), hot access (0), error acces (0).
/*BANK*/27->2: cool access (24244), hot access (0), error acces (0).
/*BANK*/27->3: cool access (33723), hot access (0), error acces (0).
/*BANK*/27->4: cool access (14521), hot access (0), error acces (0).
/*BANK*/27->5: cool access (22792), hot access (0), error acces (0).
/*BANK*/27->6: cool access (13820), hot access (0), error acces (0).
/*BANK*/27->7: cool access (18855), hot access (0), error acces (0).
/*BANK*/28->0: cool access (26345), hot access (8326), error acces (0).
/*BANK*/28->1: cool access (21196), hot access (4384), error acces (0).
/*BANK*/28->2: cool access (23077), hot access (0), error acces (0).
/*BANK*/28->3: cool access (22550), hot access (0), error acces (0).
/*BANK*/28->4: cool access (12027), hot access (0), error acces (0).
/*BANK*/28->5: cool access (19458), hot access (0), error acces (0).
/*BANK*/28->6: cool access (13691), hot access (0), error acces (0).
/*BANK*/28->7: cool access (25725), hot access (0), error acces (0).
/*BANK*/29->0: cool access (31383), hot access (0), error acces (0).
/*BANK*/29->1: cool access (23484), hot access (0), error acces (0).
/*BANK*/29->2: cool access (24509), hot access (0), error acces (0).
/*BANK*/29->3: cool access (24408), hot access (0), error acces (0).
/*BANK*/29->4: cool access (11689), hot access (0), error acces (0).
/*BANK*/29->5: cool access (20412), hot access (0), error acces (0).
/*BANK*/29->6: cool access (13825), hot access (0), error acces (0).
/*BANK*/29->7: cool access (20252), hot access (0), error acces (0).
/*BANK*/30->0: cool access (26583), hot access (5681), error acces (0).
/*BANK*/30->1: cool access (25056), hot access (0), error acces (0).
/*BANK*/30->2: cool access (22930), hot access (0), error acces (0).
/*BANK*/30->3: cool access (25534), hot access (0), error acces (0).
/*BANK*/30->4: cool access (12643), hot access (0), error acces (0).
/*BANK*/30->5: cool access (20264), hot access (0), error acces (0).
/*BANK*/30->6: cool access (12769), hot access (0), error acces (0).
/*BANK*/30->7: cool access (22759), hot access (0), error acces (0).
/*BANK*/31->0: cool access (31258), hot access (0), error acces (0).
/*BANK*/31->1: cool access (23143), hot access (0), error acces (0).
/*BANK*/31->2: cool access (22649), hot access (0), error acces (0).
/*BANK*/31->3: cool access (26132), hot access (0), error acces (0).
/*BANK*/31->4: cool access (11349), hot access (0), error acces (0).
/*BANK*/31->5: cool access (19981), hot access (0), error acces (0).
/*BANK*/31->6: cool access (13492), hot access (0), error acces (0).
/*BANK*/31->7: cool access (20361), hot access (0), error acces (0).
{Summary}: 145407 Hot Accesses, 5738620 Cool Accesses.

 ***** [REF/AC_Result] *****
                     Power     Energy    Energy %
  core-core        11.71 W     2.30  J     25.02%
  core-ifetch       2.79 W     0.55  J      5.96%
  core-alu          1.36 W     0.27  J      2.91%
  core-int          2.22 W     0.44  J      4.74%
  core-fp           3.69 W     0.73  J      7.88%
  core-mem          3.00 W     0.59  J      6.40%
  core-other        3.79 W     0.75  J      8.11%
  icache            2.11 W     0.42  J      4.52%
  dcache            6.53 W     1.29  J     13.96%
  l2                1.71 W     0.34  J      3.65%
  l3                3.42 W     0.67  J      7.31%
  dram              4.44 W     0.87  J      9.48%
  other             0.03 W     6.43 mJ      0.07%

  core             28.57 W     5.62  J     61.02%
  cache            13.78 W     2.71  J     29.43%
  total            46.81 W     9.21  J    100.00%
Warning: Unable to run gnuplot to create cpi stack graphs.  Maybe gnuplot is not installed?
[SNIPER] End
[SNIPER] Elapsed time: 5491.84 seconds
[SNIPER] Running McPAT
[SPLASH] [----------    End of output    ----------]
[SPLASH] Done.
/scratch/miz087/results/in_mix_25us_5_splash2_raytrace_opt_large
