[Benchmarks] set sniper output to rundi /scratch/miz087/results/in_mix_50us_20_splash2_radix_large
/scratch/miz087/results/in_mix_50us_20_splash2_radix_large
[SPLASH] Benchmarks to run: radix

[SPLASH] [========== Running benchmark radix ==========]
[SPLASH] Setting up run directory: /scratch/miz087/results/in_mix_50us_20_splash2_radix_large
[SPLASH] Running 'SNIPER_APP_LD_PRELOAD=$LD_PRELOAD; unset LD_PRELOAD; /home_masters/miz087/workplace/micro_exp/run-sniper -n 4 -m 'localhost' -d '/scratch/miz087/results/in_mix_50us_20_splash2_radix_large' -sthermalstats --power -c gainestown_cache --roi --curdir=/home_masters/miz087/workplace/micro_exp/benchmarks  --  /home_masters/miz087/workplace/micro_exp/benchmarks/splash2/splash2/codes/kernels/radix/RADIX -n1048576 -p4':
[SPLASH] [---------- Beginning of output ----------]
[SNIPER] Start
----------BEGIN_INIT_STATS_MANAGER------------
----------END_INIT_STATS_MANAGER------------
Normal Cache Total set: 524288
now initialize a stacked dram unison cache
Executing Python script /scratch/miz087/results/in_mix_50us_20_splash2_radix_large/sim.scripts.py
[SNIPER] --------------------------------------------------------------------------------
[SNIPER] Sniper using Pin frontend
[SNIPER] Running pre-ROI region in  CACHE_ONLY mode
[SNIPER] Running application ROI in DETAILED mode
[SNIPER] Running post-ROI region in FAST_FORWARD mode
[SNIPER] --------------------------------------------------------------------------------

Integer Radix Sort
     1048576 Keys
     4 Processors
     Radix = 1024
     Max key = 524288

[HOOKS] Entering ROI
[SNIPER] Enabling performance models
[SNIPER] Setting instrumentation mode to DETAILED
[SNIPER] Disabling performance models
[SNIPER] Leaving ROI after 685.18 seconds
[SNIPER] Simulated 171.3M instructions, 104.0M cycles, 1.65 IPC
[SNIPER] Simulation speed 245.6 KIPS (61.4 KIPS / target core - 16287.5ns/instr)
[SNIPER] Sampling: executed 99.80% of simulated time in detailed mode
[SNIPER] Setting instrumentation mode to FAST_FORWARD
[HOOKS] Leaving ROI

                 PROCESS STATISTICS
               Total            Rank            Sort
 Proc          Time             Time            Time
    0      105259997        37620000        67151997

                 TIMING INFORMATION
Start time                        :        952473748
Initialization finish time        :       1532245730
Overall finish time               :       1637505727
Total time with initialization    :        685031979
Total time without initialization :        105259997


 ***** [DRAM_CACHE_Result] *****

*** DRAM Total Access: 155252, miss: 18103, miss rate: 0.116604
*** DRAM Total Access In ROI: 142155, miss: 15760, miss rate: 0.110865
*** DRAM Remap Times: 0 invalid times, 0 total invalid_blocks, 76 migrate times, 9119 total migrate blocks.
*** DRAM Statistics: 4029825 reads, 207358 writes, 2161716 row hits, 235317 ACT time, 235317 PRE time, 177401 RD time, 6656 WR time.

 ***** [DRAM_CACHE_Result] *****

[RAMULATOR OUTPUT]

**Total Ticks: 20889040

**Ramulator Active Cycles: 3.44768e+06

**DRAM Cycles: 2.0889e+07

**Maximum Bandwidth: 0

Number of Incoming Requests: 322910

**Serving Request**
Channel_0: serving reads(6040), serving writes(1145).
Channel_1: serving reads(6791), serving writes(652).
Channel_2: serving reads(3614), serving writes(329).
Channel_3: serving reads(5484), serving writes(755).
Channel_4: serving reads(7551), serving writes(957).
Channel_5: serving reads(7008), serving writes(597).
Channel_6: serving reads(7063), serving writes(1107).
Channel_7: serving reads(7952), serving writes(1748).
Channel_8: serving reads(94125), serving writes(5884).
Channel_9: serving reads(32387), serving writes(1940).
Channel_10: serving reads(10814), serving writes(682).
Channel_11: serving reads(5984), serving writes(424).
Channel_12: serving reads(4509), serving writes(286).
Channel_13: serving reads(4777), serving writes(412).
Channel_14: serving reads(5010), serving writes(479).
Channel_15: serving reads(5935), serving writes(848).
Channel_16: serving reads(4961), serving writes(496).
Channel_17: serving reads(5106), serving writes(522).
Channel_18: serving reads(4114), serving writes(520).
Channel_19: serving reads(4385), serving writes(250).
Channel_20: serving reads(4034), serving writes(114).
Channel_21: serving reads(4036), serving writes(124).
Channel_22: serving reads(4012), serving writes(102).
Channel_23: serving reads(4004), serving writes(96).
Channel_24: serving reads(4179), serving writes(225).
Channel_25: serving reads(5149), serving writes(550).
Channel_26: serving reads(4104), serving writes(525).
Channel_27: serving reads(4350), serving writes(260).
Channel_28: serving reads(4208), serving writes(193).
Channel_29: serving reads(4133), serving writes(156).
Channel_30: serving reads(4045), serving writes(121).
Channel_31: serving reads(4070), serving writes(132).
[RAMULATOR OUTPUT]

----------[STAT_STORE_UNIT]-----------

Hot Access: 2248, Cool Access: 873048

Hits on previous hot rows: 473

Hits on previous cool rows: 0

Total remap times: 38, Total Inter-Vault remaps: 0, Total number of intervals: 29


----------[STAT_STORE_UNIT]-----------

 ***** [REF/AC_Result] *****
/*BANK*/0->0: cool access (5346), hot access (0), error acces (0).
/*BANK*/0->1: cool access (4115), hot access (0), error acces (0).
/*BANK*/0->2: cool access (4331), hot access (0), error acces (0).
/*BANK*/0->3: cool access (0), hot access (0), error acces (0).
/*BANK*/0->4: cool access (0), hot access (0), error acces (0).
/*BANK*/0->5: cool access (0), hot access (0), error acces (0).
/*BANK*/0->6: cool access (0), hot access (0), error acces (0).
/*BANK*/0->7: cool access (0), hot access (0), error acces (0).
/*BANK*/1->0: cool access (5097), hot access (0), error acces (0).
/*BANK*/1->1: cool access (4242), hot access (0), error acces (0).
/*BANK*/1->2: cool access (4125), hot access (0), error acces (0).
/*BANK*/1->3: cool access (0), hot access (0), error acces (0).
/*BANK*/1->4: cool access (0), hot access (0), error acces (0).
/*BANK*/1->5: cool access (0), hot access (0), error acces (0).
/*BANK*/1->6: cool access (0), hot access (0), error acces (0).
/*BANK*/1->7: cool access (0), hot access (0), error acces (0).
/*BANK*/2->0: cool access (1326), hot access (0), error acces (0).
/*BANK*/2->1: cool access (3075), hot access (0), error acces (0).
/*BANK*/2->2: cool access (3255), hot access (0), error acces (0).
/*BANK*/2->3: cool access (0), hot access (0), error acces (0).
/*BANK*/2->4: cool access (0), hot access (0), error acces (0).
/*BANK*/2->5: cool access (0), hot access (0), error acces (0).
/*BANK*/2->6: cool access (0), hot access (0), error acces (0).
/*BANK*/2->7: cool access (0), hot access (0), error acces (0).
/*BANK*/3->0: cool access (3352), hot access (0), error acces (0).
/*BANK*/3->1: cool access (4097), hot access (0), error acces (0).
/*BANK*/3->2: cool access (4097), hot access (0), error acces (0).
/*BANK*/3->3: cool access (0), hot access (0), error acces (0).
/*BANK*/3->4: cool access (0), hot access (0), error acces (0).
/*BANK*/3->5: cool access (0), hot access (0), error acces (0).
/*BANK*/3->6: cool access (0), hot access (0), error acces (0).
/*BANK*/3->7: cool access (0), hot access (0), error acces (0).
/*BANK*/4->0: cool access (6554), hot access (0), error acces (0).
/*BANK*/4->1: cool access (4992), hot access (0), error acces (0).
/*BANK*/4->2: cool access (4101), hot access (0), error acces (0).
/*BANK*/4->3: cool access (0), hot access (0), error acces (0).
/*BANK*/4->4: cool access (0), hot access (0), error acces (0).
/*BANK*/4->5: cool access (0), hot access (0), error acces (0).
/*BANK*/4->6: cool access (0), hot access (0), error acces (0).
/*BANK*/4->7: cool access (0), hot access (0), error acces (0).
/*BANK*/5->0: cool access (4837), hot access (0), error acces (0).
/*BANK*/5->1: cool access (4581), hot access (0), error acces (0).
/*BANK*/5->2: cool access (5400), hot access (0), error acces (0).
/*BANK*/5->3: cool access (0), hot access (0), error acces (0).
/*BANK*/5->4: cool access (0), hot access (0), error acces (0).
/*BANK*/5->5: cool access (0), hot access (0), error acces (0).
/*BANK*/5->6: cool access (0), hot access (0), error acces (0).
/*BANK*/5->7: cool access (0), hot access (0), error acces (0).
/*BANK*/6->0: cool access (5073), hot access (0), error acces (0).
/*BANK*/6->1: cool access (4535), hot access (0), error acces (0).
/*BANK*/6->2: cool access (5531), hot access (0), error acces (0).
/*BANK*/6->3: cool access (0), hot access (0), error acces (0).
/*BANK*/6->4: cool access (0), hot access (0), error acces (0).
/*BANK*/6->5: cool access (0), hot access (0), error acces (0).
/*BANK*/6->6: cool access (0), hot access (0), error acces (0).
/*BANK*/6->7: cool access (0), hot access (0), error acces (0).
/*BANK*/7->0: cool access (5076), hot access (0), error acces (0).
/*BANK*/7->1: cool access (4447), hot access (0), error acces (0).
/*BANK*/7->2: cool access (8470), hot access (0), error acces (0).
/*BANK*/7->3: cool access (0), hot access (0), error acces (0).
/*BANK*/7->4: cool access (0), hot access (0), error acces (0).
/*BANK*/7->5: cool access (0), hot access (0), error acces (0).
/*BANK*/7->6: cool access (0), hot access (0), error acces (0).
/*BANK*/7->7: cool access (0), hot access (0), error acces (0).
/*BANK*/8->0: cool access (5060), hot access (66), error acces (0).
/*BANK*/8->1: cool access (4360), hot access (0), error acces (0).
/*BANK*/8->2: cool access (198440), hot access (0), error acces (0).
/*BANK*/8->3: cool access (0), hot access (0), error acces (0).
/*BANK*/8->4: cool access (0), hot access (0), error acces (0).
/*BANK*/8->5: cool access (0), hot access (0), error acces (0).
/*BANK*/8->6: cool access (0), hot access (0), error acces (0).
/*BANK*/8->7: cool access (0), hot access (0), error acces (0).
/*BANK*/9->0: cool access (4486), hot access (0), error acces (0).
/*BANK*/9->1: cool access (4350), hot access (0), error acces (0).
/*BANK*/9->2: cool access (60526), hot access (0), error acces (0).
/*BANK*/9->3: cool access (0), hot access (0), error acces (0).
/*BANK*/9->4: cool access (0), hot access (0), error acces (0).
/*BANK*/9->5: cool access (0), hot access (0), error acces (0).
/*BANK*/9->6: cool access (0), hot access (0), error acces (0).
/*BANK*/9->7: cool access (0), hot access (0), error acces (0).
/*BANK*/10->0: cool access (3800), hot access (0), error acces (0).
/*BANK*/10->1: cool access (3123), hot access (0), error acces (0).
/*BANK*/10->2: cool access (15844), hot access (0), error acces (0).
/*BANK*/10->3: cool access (0), hot access (0), error acces (0).
/*BANK*/10->4: cool access (0), hot access (0), error acces (0).
/*BANK*/10->5: cool access (0), hot access (0), error acces (0).
/*BANK*/10->6: cool access (0), hot access (0), error acces (0).
/*BANK*/10->7: cool access (0), hot access (0), error acces (0).
/*BANK*/11->0: cool access (5251), hot access (0), error acces (0).
/*BANK*/11->1: cool access (4508), hot access (0), error acces (0).
/*BANK*/11->2: cool access (2822), hot access (0), error acces (0).
/*BANK*/11->3: cool access (0), hot access (0), error acces (0).
/*BANK*/11->4: cool access (0), hot access (0), error acces (0).
/*BANK*/11->5: cool access (0), hot access (0), error acces (0).
/*BANK*/11->6: cool access (0), hot access (0), error acces (0).
/*BANK*/11->7: cool access (0), hot access (0), error acces (0).
/*BANK*/12->0: cool access (0), hot access (4850), error acces (119).
/*BANK*/12->1: cool access (4235), hot access (50), error acces (0).
/*BANK*/12->2: cool access (0), hot access (0), error acces (0).
/*BANK*/12->3: cool access (0), hot access (0), error acces (0).
/*BANK*/12->4: cool access (0), hot access (0), error acces (0).
/*BANK*/12->5: cool access (0), hot access (0), error acces (0).
/*BANK*/12->6: cool access (0), hot access (0), error acces (0).
/*BANK*/12->7: cool access (115), hot access (0), error acces (0).
/*BANK*/13->0: cool access (4923), hot access (92), error acces (0).
/*BANK*/13->1: cool access (4945), hot access (169), error acces (0).
/*BANK*/13->2: cool access (0), hot access (0), error acces (0).
/*BANK*/13->3: cool access (0), hot access (0), error acces (0).
/*BANK*/13->4: cool access (0), hot access (0), error acces (0).
/*BANK*/13->5: cool access (0), hot access (0), error acces (0).
/*BANK*/13->6: cool access (0), hot access (0), error acces (0).
/*BANK*/13->7: cool access (0), hot access (0), error acces (0).
/*BANK*/14->0: cool access (4283), hot access (2048), error acces (0).
/*BANK*/14->1: cool access (4270), hot access (88), error acces (0).
/*BANK*/14->2: cool access (0), hot access (0), error acces (0).
/*BANK*/14->3: cool access (0), hot access (0), error acces (0).
/*BANK*/14->4: cool access (0), hot access (0), error acces (0).
/*BANK*/14->5: cool access (0), hot access (0), error acces (0).
/*BANK*/14->6: cool access (0), hot access (0), error acces (0).
/*BANK*/14->7: cool access (0), hot access (0), error acces (0).
/*BANK*/15->0: cool access (7623), hot access (0), error acces (0).
/*BANK*/15->1: cool access (5720), hot access (0), error acces (0).
/*BANK*/15->2: cool access (0), hot access (0), error acces (0).
/*BANK*/15->3: cool access (0), hot access (0), error acces (0).
/*BANK*/15->4: cool access (0), hot access (0), error acces (0).
/*BANK*/15->5: cool access (0), hot access (0), error acces (0).
/*BANK*/15->6: cool access (0), hot access (0), error acces (0).
/*BANK*/15->7: cool access (0), hot access (0), error acces (0).
/*BANK*/16->0: cool access (4201), hot access (994), error acces (0).
/*BANK*/16->1: cool access (5112), hot access (418), error acces (0).
/*BANK*/16->2: cool access (0), hot access (0), error acces (0).
/*BANK*/16->3: cool access (0), hot access (0), error acces (0).
/*BANK*/16->4: cool access (0), hot access (0), error acces (0).
/*BANK*/16->5: cool access (0), hot access (0), error acces (0).
/*BANK*/16->6: cool access (0), hot access (0), error acces (0).
/*BANK*/16->7: cool access (0), hot access (0), error acces (0).
/*BANK*/17->0: cool access (6115), hot access (0), error acces (0).
/*BANK*/17->1: cool access (4865), hot access (0), error acces (0).
/*BANK*/17->2: cool access (0), hot access (0), error acces (0).
/*BANK*/17->3: cool access (0), hot access (0), error acces (0).
/*BANK*/17->4: cool access (0), hot access (0), error acces (0).
/*BANK*/17->5: cool access (0), hot access (0), error acces (0).
/*BANK*/17->6: cool access (0), hot access (0), error acces (0).
/*BANK*/17->7: cool access (0), hot access (0), error acces (0).
/*BANK*/18->0: cool access (4806), hot access (168), error acces (0).
/*BANK*/18->1: cool access (4004), hot access (0), error acces (0).
/*BANK*/18->2: cool access (0), hot access (0), error acces (0).
/*BANK*/18->3: cool access (0), hot access (0), error acces (0).
/*BANK*/18->4: cool access (0), hot access (0), error acces (0).
/*BANK*/18->5: cool access (0), hot access (0), error acces (0).
/*BANK*/18->6: cool access (0), hot access (0), error acces (0).
/*BANK*/18->7: cool access (0), hot access (0), error acces (0).
/*BANK*/19->0: cool access (4140), hot access (0), error acces (0).
/*BANK*/19->1: cool access (5063), hot access (0), error acces (0).
/*BANK*/19->2: cool access (0), hot access (0), error acces (0).
/*BANK*/19->3: cool access (0), hot access (0), error acces (0).
/*BANK*/19->4: cool access (0), hot access (0), error acces (0).
/*BANK*/19->5: cool access (0), hot access (0), error acces (0).
/*BANK*/19->6: cool access (0), hot access (0), error acces (0).
/*BANK*/19->7: cool access (0), hot access (0), error acces (0).
/*BANK*/20->0: cool access (4131), hot access (38), error acces (0).
/*BANK*/20->1: cool access (4105), hot access (8), error acces (0).
/*BANK*/20->2: cool access (0), hot access (0), error acces (0).
/*BANK*/20->3: cool access (0), hot access (0), error acces (0).
/*BANK*/20->4: cool access (0), hot access (0), error acces (0).
/*BANK*/20->5: cool access (0), hot access (0), error acces (0).
/*BANK*/20->6: cool access (0), hot access (0), error acces (0).
/*BANK*/20->7: cool access (0), hot access (0), error acces (0).
/*BANK*/21->0: cool access (4173), hot access (0), error acces (0).
/*BANK*/21->1: cool access (4135), hot access (0), error acces (0).
/*BANK*/21->2: cool access (0), hot access (0), error acces (0).
/*BANK*/21->3: cool access (0), hot access (0), error acces (0).
/*BANK*/21->4: cool access (0), hot access (0), error acces (0).
/*BANK*/21->5: cool access (0), hot access (0), error acces (0).
/*BANK*/21->6: cool access (0), hot access (0), error acces (0).
/*BANK*/21->7: cool access (0), hot access (0), error acces (0).
/*BANK*/22->0: cool access (4099), hot access (0), error acces (0).
/*BANK*/22->1: cool access (4117), hot access (10), error acces (0).
/*BANK*/22->2: cool access (0), hot access (0), error acces (0).
/*BANK*/22->3: cool access (0), hot access (0), error acces (0).
/*BANK*/22->4: cool access (0), hot access (0), error acces (0).
/*BANK*/22->5: cool access (0), hot access (0), error acces (0).
/*BANK*/22->6: cool access (0), hot access (0), error acces (0).
/*BANK*/22->7: cool access (0), hot access (0), error acces (0).
/*BANK*/23->0: cool access (4105), hot access (0), error acces (0).
/*BANK*/23->1: cool access (4103), hot access (0), error acces (0).
/*BANK*/23->2: cool access (0), hot access (0), error acces (0).
/*BANK*/23->3: cool access (0), hot access (0), error acces (0).
/*BANK*/23->4: cool access (0), hot access (0), error acces (0).
/*BANK*/23->5: cool access (0), hot access (0), error acces (0).
/*BANK*/23->6: cool access (0), hot access (0), error acces (0).
/*BANK*/23->7: cool access (0), hot access (0), error acces (0).
/*BANK*/24->0: cool access (0), hot access (3321), error acces (60).
/*BANK*/24->1: cool access (4103), hot access (48), error acces (0).
/*BANK*/24->2: cool access (0), hot access (0), error acces (0).
/*BANK*/24->3: cool access (0), hot access (0), error acces (0).
/*BANK*/24->4: cool access (0), hot access (0), error acces (0).
/*BANK*/24->5: cool access (0), hot access (0), error acces (0).
/*BANK*/24->6: cool access (0), hot access (0), error acces (0).
/*BANK*/24->7: cool access (1149), hot access (0), error acces (0).
/*BANK*/25->0: cool access (6464), hot access (272), error acces (0).
/*BANK*/25->1: cool access (4247), hot access (72), error acces (0).
/*BANK*/25->2: cool access (0), hot access (0), error acces (0).
/*BANK*/25->3: cool access (0), hot access (0), error acces (0).
/*BANK*/25->4: cool access (0), hot access (0), error acces (0).
/*BANK*/25->5: cool access (0), hot access (0), error acces (0).
/*BANK*/25->6: cool access (0), hot access (0), error acces (0).
/*BANK*/25->7: cool access (0), hot access (0), error acces (0).
/*BANK*/26->0: cool access (3091), hot access (379), error acces (0).
/*BANK*/26->1: cool access (5328), hot access (211), error acces (0).
/*BANK*/26->2: cool access (0), hot access (0), error acces (0).
/*BANK*/26->3: cool access (0), hot access (0), error acces (0).
/*BANK*/26->4: cool access (0), hot access (0), error acces (0).
/*BANK*/26->5: cool access (0), hot access (0), error acces (0).
/*BANK*/26->6: cool access (0), hot access (0), error acces (0).
/*BANK*/26->7: cool access (0), hot access (0), error acces (0).
/*BANK*/27->0: cool access (4127), hot access (0), error acces (0).
/*BANK*/27->1: cool access (4957), hot access (0), error acces (0).
/*BANK*/27->2: cool access (0), hot access (0), error acces (0).
/*BANK*/27->3: cool access (0), hot access (0), error acces (0).
/*BANK*/27->4: cool access (0), hot access (0), error acces (0).
/*BANK*/27->5: cool access (0), hot access (0), error acces (0).
/*BANK*/27->6: cool access (0), hot access (0), error acces (0).
/*BANK*/27->7: cool access (0), hot access (0), error acces (0).
/*BANK*/28->0: cool access (4097), hot access (381), error acces (0).
/*BANK*/28->1: cool access (4157), hot access (50), error acces (0).
/*BANK*/28->2: cool access (0), hot access (0), error acces (0).
/*BANK*/28->3: cool access (0), hot access (0), error acces (0).
/*BANK*/28->4: cool access (23), hot access (0), error acces (0).
/*BANK*/28->5: cool access (0), hot access (0), error acces (0).
/*BANK*/28->6: cool access (0), hot access (0), error acces (0).
/*BANK*/28->7: cool access (0), hot access (0), error acces (0).
/*BANK*/29->0: cool access (4206), hot access (0), error acces (0).
/*BANK*/29->1: cool access (4329), hot access (0), error acces (0).
/*BANK*/29->2: cool access (0), hot access (0), error acces (0).
/*BANK*/29->3: cool access (0), hot access (0), error acces (0).
/*BANK*/29->4: cool access (0), hot access (0), error acces (0).
/*BANK*/29->5: cool access (0), hot access (0), error acces (0).
/*BANK*/29->6: cool access (0), hot access (0), error acces (0).
/*BANK*/29->7: cool access (0), hot access (0), error acces (0).
/*BANK*/30->0: cool access (4099), hot access (8), error acces (0).
/*BANK*/30->1: cool access (4189), hot access (0), error acces (0).
/*BANK*/30->2: cool access (0), hot access (0), error acces (0).
/*BANK*/30->3: cool access (0), hot access (0), error acces (0).
/*BANK*/30->4: cool access (0), hot access (0), error acces (0).
/*BANK*/30->5: cool access (0), hot access (0), error acces (0).
/*BANK*/30->6: cool access (0), hot access (0), error acces (0).
/*BANK*/30->7: cool access (0), hot access (0), error acces (0).
/*BANK*/31->0: cool access (4257), hot access (0), error acces (0).
/*BANK*/31->1: cool access (4111), hot access (0), error acces (0).
/*BANK*/31->2: cool access (0), hot access (0), error acces (0).
/*BANK*/31->3: cool access (0), hot access (0), error acces (0).
/*BANK*/31->4: cool access (0), hot access (0), error acces (0).
/*BANK*/31->5: cool access (0), hot access (0), error acces (0).
/*BANK*/31->6: cool access (0), hot access (0), error acces (0).
/*BANK*/31->7: cool access (0), hot access (0), error acces (0).
{Summary}: 13741 Hot Accesses, 596947 Cool Accesses.

 ***** [REF/AC_Result] *****
                     Power     Energy    Energy %
  core-core         6.57 W     0.26  J     20.43%
  core-ifetch       1.73 W     0.07  J      5.39%
  core-alu          1.51 W     0.06  J      4.69%
  core-int          1.48 W     0.06  J      4.61%
  core-fp           3.75 W     0.15  J     11.65%
  core-mem          0.66 W     0.03  J      2.05%
  core-other        3.79 W     0.15  J     11.80%
  icache            1.09 W     0.04  J      3.39%
  dcache            1.87 W     0.07  J      5.82%
  l2                1.69 W     0.07  J      5.25%
  l3                3.41 W     0.13  J     10.61%
  dram              4.57 W     0.18  J     14.22%
  other             0.03 W     1.28 mJ      0.10%

  core             19.49 W     0.76  J     60.62%
  cache             8.06 W     0.32  J     25.06%
  total            32.16 W     1.26  J    100.00%
Warning: Unable to run gnuplot to create cpi stack graphs.  Maybe gnuplot is not installed?
[SNIPER] End
[SNIPER] Elapsed time: 715.71 seconds
[SNIPER] Running McPAT
[SPLASH] [----------    End of output    ----------]
[SPLASH] Done.
/scratch/miz087/results/in_mix_50us_20_splash2_radix_large
