[Benchmarks] set sniper output to rundi /scratch/miz087/results/in_mix_1us_1_splash2_water.sp_large
/scratch/miz087/results/in_mix_1us_1_splash2_water.sp_large
[SPLASH] Benchmarks to run: water.sp

[SPLASH] [========== Running benchmark water.sp ==========]
[SPLASH] Setting up run directory: /scratch/miz087/results/in_mix_1us_1_splash2_water.sp_large
[SPLASH] Running 'SNIPER_APP_LD_PRELOAD=$LD_PRELOAD; unset LD_PRELOAD; /home_masters/miz087/workplace/micro_exp/run-sniper -n 4 -m 'localhost' -d '/scratch/miz087/results/in_mix_1us_1_splash2_water.sp_large' -sthermalstats --power -c gainestown_cache --roi --curdir=/home_masters/miz087/workplace/micro_exp/benchmarks  --  /home_masters/miz087/workplace/micro_exp/benchmarks/splash2/splash2/codes/apps/water-spatial/WATER-SPATIAL < input':
[SPLASH] [---------- Beginning of output ----------]
[SNIPER] Start
----------BEGIN_INIT_STATS_MANAGER------------
----------END_INIT_STATS_MANAGER------------
Normal Cache Total set: 524288
now initialize a stacked dram unison cache
Executing Python script /scratch/miz087/results/in_mix_1us_1_splash2_water.sp_large/sim.scripts.py
[SNIPER] --------------------------------------------------------------------------------
[SNIPER] Sniper using Pin frontend
[SNIPER] Running pre-ROI region in  CACHE_ONLY mode
[SNIPER] Running application ROI in DETAILED mode
[SNIPER] Running post-ROI region in FAST_FORWARD mode
[SNIPER] --------------------------------------------------------------------------------
Using 4 procs on 3 steps of 2197 mols
Other parameters:
	TSTEP = 1.50e-16
	NORDER = 6
	NSAVE = -1
	NRST = 3000
	NPRINT = 3
	NFMC = 0
	CUTOFF = 6.212752

216 boxes with 4 processors


TEMPERATURE                =   298.00 K
DENSITY                    =  0.99800 G/C.C.
NUMBER OF MOLECULES        =     2197
NUMBER OF PROCESSORS       =        4
TIME STEP                  = 1.50e-01 SEC
ORDER USED TO SOLVE F=MA   =        6 
NO. OF TIME STEPS          =        3 
FREQUENCY OF DATA SAVING   =       -1 
FREQUENCY TO WRITE RST FILE=     3000 
xprocs = 1	yprocs = 2	zprocs = 2
x_inc = 6	 y_inc = 3	 z_inc = 3
x_left = 0	 y_left = 0	 z_left = 0
SPHERICAL CUTOFF RADIUS    =   6.2128 ANGSTROM

NS = 12.9999999999999876
BOXL =  40.382890
CUTOFF =   6.212752
BOX_LENGTH =   6.730482
BOX_PER_SIDE = 6
XS =   3.106376
ZERO = 1.55319
WCOS = 0.585882
WSIN = 0.756950
***** NEW RUN STARTING FROM REGULAR LATTICE *****
[HOOKS] Entering ROI
[SNIPER] Enabling performance models
[SNIPER] Setting instrumentation mode to DETAILED
CREATETIME = 292013
         3        1.56951      0.05533     10.52071     -2.12017 
           10.025        298.18548        -19.56982
[SNIPER] Disabling performance models
[SNIPER] Leaving ROI after 3717.15 seconds
[SNIPER] Simulated 2086.1M instructions, 323.4M cycles, 6.45 IPC
[SNIPER] Simulation speed 563.2 KIPS (140.8 KIPS / target core - 7102.5ns/instr)
[SNIPER] Sampling: executed 93.90% of simulated time in detailed mode
[SNIPER] Setting instrumentation mode to FAST_FORWARD
[HOOKS] Leaving ROI
COMPUTESTART (after initialization) = 2958853355
COMPUTEEND = 2349917656
COMPUTETIME (after initialization) = 3686031597
Measured Time (2nd timestep onward) = 2192041514
Intramolecular time only (2nd timestep onward) = 39389843
Intermolecular time only (2nd timestep onward) = 2152127645
Other time (2nd timestep onward) = 524026

Exited Happily with XTT = 10.0254 (note: XTT value is garbage if NPRINT > NSTEP)

 ***** [DRAM_CACHE_Result] *****

*** DRAM Total Access: 314538, miss: 77534, miss rate: 0.246501
*** DRAM Total Access In ROI: 234506, miss: 46542, miss rate: 0.198468
*** DRAM Remap Times: 0 invalid times, 0 total invalid_blocks, 17869 migrate times, 1897717 total migrate blocks.
*** DRAM Statistics: 35012241 reads, 15085549 writes, 37098259 row hits, 1889946 ACT time, 1889946 PRE time, 909964 RD time, 256833 WR time.

 ***** [DRAM_CACHE_Result] *****

[RAMULATOR OUTPUT]

**Total Ticks: 91676651

**Ramulator Active Cycles: 4.45557e+06

**DRAM Cycles: 9.16767e+07

**Maximum Bandwidth: 0

Number of Incoming Requests: 735315

**Serving Request**
Channel_0: serving reads(9724), serving writes(4145).
Channel_1: serving reads(8922), serving writes(3030).
Channel_2: serving reads(8126), serving writes(3162).
Channel_3: serving reads(8018), serving writes(3470).
Channel_4: serving reads(7935), serving writes(3239).
Channel_5: serving reads(18253), serving writes(7427).
Channel_6: serving reads(19803), serving writes(8503).
Channel_7: serving reads(18434), serving writes(7711).
Channel_8: serving reads(19437), serving writes(9085).
Channel_9: serving reads(17132), serving writes(7420).
Channel_10: serving reads(15877), serving writes(6981).
Channel_11: serving reads(16211), serving writes(7193).
Channel_12: serving reads(16995), serving writes(7774).
Channel_13: serving reads(15911), serving writes(7051).
Channel_14: serving reads(16808), serving writes(7482).
Channel_15: serving reads(13377), serving writes(5656).
Channel_16: serving reads(16416), serving writes(7367).
Channel_17: serving reads(11872), serving writes(5141).
Channel_18: serving reads(15658), serving writes(6952).
Channel_19: serving reads(14087), serving writes(6352).
Channel_20: serving reads(13577), serving writes(6066).
Channel_21: serving reads(14419), serving writes(6887).
Channel_22: serving reads(12556), serving writes(5718).
Channel_23: serving reads(14194), serving writes(6545).
Channel_24: serving reads(17213), serving writes(9232).
Channel_25: serving reads(16744), serving writes(8096).
Channel_26: serving reads(15205), serving writes(7347).
Channel_27: serving reads(13701), serving writes(6261).
Channel_28: serving reads(13642), serving writes(6555).
Channel_29: serving reads(13623), serving writes(6397).
Channel_30: serving reads(15115), serving writes(7316).
Channel_31: serving reads(10337), serving writes(4501).
[RAMULATOR OUTPUT]

----------[STAT_STORE_UNIT]-----------

Hot Access: 223997, Cool Access: 520836

Hits on previous hot rows: 3203

Hits on previous cool rows: 170

Total remap times: 8954, Total Inter-Vault remaps: 0, Total number of intervals: 4142


----------[STAT_STORE_UNIT]-----------

 ***** [REF/AC_Result] *****
/*BANK*/0->0: cool access (4513), hot access (0), error acces (0).
/*BANK*/0->1: cool access (16294), hot access (0), error acces (0).
/*BANK*/0->2: cool access (0), hot access (0), error acces (0).
/*BANK*/0->3: cool access (0), hot access (0), error acces (0).
/*BANK*/0->4: cool access (0), hot access (0), error acces (0).
/*BANK*/0->5: cool access (0), hot access (0), error acces (0).
/*BANK*/0->6: cool access (0), hot access (0), error acces (0).
/*BANK*/0->7: cool access (0), hot access (0), error acces (0).
/*BANK*/1->0: cool access (4138), hot access (0), error acces (0).
/*BANK*/1->1: cool access (13360), hot access (0), error acces (0).
/*BANK*/1->2: cool access (0), hot access (0), error acces (0).
/*BANK*/1->3: cool access (0), hot access (0), error acces (0).
/*BANK*/1->4: cool access (0), hot access (0), error acces (0).
/*BANK*/1->5: cool access (0), hot access (0), error acces (0).
/*BANK*/1->6: cool access (0), hot access (0), error acces (0).
/*BANK*/1->7: cool access (0), hot access (0), error acces (0).
/*BANK*/2->0: cool access (2456), hot access (0), error acces (0).
/*BANK*/2->1: cool access (14062), hot access (0), error acces (0).
/*BANK*/2->2: cool access (0), hot access (0), error acces (0).
/*BANK*/2->3: cool access (0), hot access (0), error acces (0).
/*BANK*/2->4: cool access (0), hot access (0), error acces (0).
/*BANK*/2->5: cool access (0), hot access (0), error acces (0).
/*BANK*/2->6: cool access (0), hot access (0), error acces (0).
/*BANK*/2->7: cool access (0), hot access (0), error acces (0).
/*BANK*/3->0: cool access (1048), hot access (0), error acces (0).
/*BANK*/3->1: cool access (15926), hot access (0), error acces (0).
/*BANK*/3->2: cool access (0), hot access (0), error acces (0).
/*BANK*/3->3: cool access (0), hot access (0), error acces (0).
/*BANK*/3->4: cool access (0), hot access (0), error acces (0).
/*BANK*/3->5: cool access (0), hot access (0), error acces (0).
/*BANK*/3->6: cool access (0), hot access (0), error acces (0).
/*BANK*/3->7: cool access (0), hot access (0), error acces (0).
/*BANK*/4->0: cool access (14095), hot access (0), error acces (0).
/*BANK*/4->1: cool access (3145), hot access (0), error acces (0).
/*BANK*/4->2: cool access (0), hot access (0), error acces (0).
/*BANK*/4->3: cool access (0), hot access (0), error acces (0).
/*BANK*/4->4: cool access (0), hot access (0), error acces (0).
/*BANK*/4->5: cool access (0), hot access (0), error acces (0).
/*BANK*/4->6: cool access (0), hot access (0), error acces (0).
/*BANK*/4->7: cool access (0), hot access (0), error acces (0).
/*BANK*/5->0: cool access (37069), hot access (0), error acces (0).
/*BANK*/5->1: cool access (0), hot access (0), error acces (0).
/*BANK*/5->2: cool access (0), hot access (0), error acces (0).
/*BANK*/5->3: cool access (0), hot access (0), error acces (0).
/*BANK*/5->4: cool access (0), hot access (0), error acces (0).
/*BANK*/5->5: cool access (0), hot access (0), error acces (0).
/*BANK*/5->6: cool access (0), hot access (0), error acces (0).
/*BANK*/5->7: cool access (0), hot access (0), error acces (0).
/*BANK*/6->0: cool access (42290), hot access (0), error acces (0).
/*BANK*/6->1: cool access (0), hot access (0), error acces (0).
/*BANK*/6->2: cool access (6), hot access (0), error acces (0).
/*BANK*/6->3: cool access (0), hot access (0), error acces (0).
/*BANK*/6->4: cool access (0), hot access (0), error acces (0).
/*BANK*/6->5: cool access (0), hot access (0), error acces (0).
/*BANK*/6->6: cool access (0), hot access (0), error acces (0).
/*BANK*/6->7: cool access (0), hot access (0), error acces (0).
/*BANK*/7->0: cool access (38374), hot access (0), error acces (0).
/*BANK*/7->1: cool access (0), hot access (0), error acces (0).
/*BANK*/7->2: cool access (0), hot access (0), error acces (0).
/*BANK*/7->3: cool access (0), hot access (0), error acces (0).
/*BANK*/7->4: cool access (499), hot access (0), error acces (0).
/*BANK*/7->5: cool access (0), hot access (0), error acces (0).
/*BANK*/7->6: cool access (0), hot access (0), error acces (0).
/*BANK*/7->7: cool access (0), hot access (0), error acces (0).
/*BANK*/8->0: cool access (30807), hot access (6311), error acces (0).
/*BANK*/8->1: cool access (0), hot access (0), error acces (0).
/*BANK*/8->2: cool access (0), hot access (0), error acces (0).
/*BANK*/8->3: cool access (0), hot access (0), error acces (0).
/*BANK*/8->4: cool access (60), hot access (0), error acces (0).
/*BANK*/8->5: cool access (0), hot access (0), error acces (0).
/*BANK*/8->6: cool access (0), hot access (0), error acces (0).
/*BANK*/8->7: cool access (6207), hot access (0), error acces (0).
/*BANK*/9->0: cool access (35678), hot access (561), error acces (0).
/*BANK*/9->1: cool access (0), hot access (0), error acces (0).
/*BANK*/9->2: cool access (0), hot access (0), error acces (0).
/*BANK*/9->3: cool access (0), hot access (0), error acces (0).
/*BANK*/9->4: cool access (46), hot access (0), error acces (0).
/*BANK*/9->5: cool access (0), hot access (0), error acces (0).
/*BANK*/9->6: cool access (0), hot access (0), error acces (0).
/*BANK*/9->7: cool access (968), hot access (0), error acces (0).
/*BANK*/10->0: cool access (29185), hot access (2466), error acces (0).
/*BANK*/10->1: cool access (0), hot access (0), error acces (0).
/*BANK*/10->2: cool access (0), hot access (0), error acces (0).
/*BANK*/10->3: cool access (0), hot access (0), error acces (0).
/*BANK*/10->4: cool access (0), hot access (0), error acces (0).
/*BANK*/10->5: cool access (0), hot access (0), error acces (0).
/*BANK*/10->6: cool access (0), hot access (0), error acces (0).
/*BANK*/10->7: cool access (2751), hot access (0), error acces (0).
/*BANK*/11->0: cool access (35803), hot access (0), error acces (0).
/*BANK*/11->1: cool access (0), hot access (0), error acces (0).
/*BANK*/11->2: cool access (0), hot access (0), error acces (0).
/*BANK*/11->3: cool access (0), hot access (0), error acces (0).
/*BANK*/11->4: cool access (0), hot access (0), error acces (0).
/*BANK*/11->5: cool access (0), hot access (0), error acces (0).
/*BANK*/11->6: cool access (0), hot access (0), error acces (0).
/*BANK*/11->7: cool access (0), hot access (0), error acces (0).
/*BANK*/12->0: cool access (9864), hot access (21968), error acces (3103).
/*BANK*/12->1: cool access (0), hot access (0), error acces (0).
/*BANK*/12->2: cool access (0), hot access (0), error acces (0).
/*BANK*/12->3: cool access (0), hot access (0), error acces (0).
/*BANK*/12->4: cool access (0), hot access (0), error acces (0).
/*BANK*/12->5: cool access (0), hot access (0), error acces (0).
/*BANK*/12->6: cool access (0), hot access (0), error acces (0).
/*BANK*/12->7: cool access (6013), hot access (0), error acces (0).
/*BANK*/13->0: cool access (28763), hot access (2480), error acces (0).
/*BANK*/13->1: cool access (0), hot access (0), error acces (0).
/*BANK*/13->2: cool access (0), hot access (0), error acces (0).
/*BANK*/13->3: cool access (0), hot access (0), error acces (0).
/*BANK*/13->4: cool access (0), hot access (0), error acces (0).
/*BANK*/13->5: cool access (0), hot access (0), error acces (0).
/*BANK*/13->6: cool access (0), hot access (0), error acces (0).
/*BANK*/13->7: cool access (3283), hot access (0), error acces (0).
/*BANK*/14->0: cool access (18549), hot access (11419), error acces (4303).
/*BANK*/14->1: cool access (0), hot access (0), error acces (0).
/*BANK*/14->2: cool access (1418), hot access (52), error acces (0).
/*BANK*/14->3: cool access (0), hot access (0), error acces (0).
/*BANK*/14->4: cool access (0), hot access (0), error acces (0).
/*BANK*/14->5: cool access (0), hot access (0), error acces (0).
/*BANK*/14->6: cool access (0), hot access (0), error acces (0).
/*BANK*/14->7: cool access (5337), hot access (0), error acces (0).
/*BANK*/15->0: cool access (23566), hot access (2787), error acces (0).
/*BANK*/15->1: cool access (117), hot access (0), error acces (0).
/*BANK*/15->2: cool access (0), hot access (0), error acces (0).
/*BANK*/15->3: cool access (0), hot access (0), error acces (0).
/*BANK*/15->4: cool access (0), hot access (0), error acces (0).
/*BANK*/15->5: cool access (0), hot access (0), error acces (0).
/*BANK*/15->6: cool access (0), hot access (0), error acces (0).
/*BANK*/15->7: cool access (2066), hot access (0), error acces (0).
/*BANK*/16->0: cool access (15302), hot access (16813), error acces (4125).
/*BANK*/16->1: cool access (0), hot access (0), error acces (0).
/*BANK*/16->2: cool access (0), hot access (0), error acces (0).
/*BANK*/16->3: cool access (0), hot access (0), error acces (0).
/*BANK*/16->4: cool access (0), hot access (0), error acces (0).
/*BANK*/16->5: cool access (0), hot access (0), error acces (0).
/*BANK*/16->6: cool access (64), hot access (0), error acces (0).
/*BANK*/16->7: cool access (3615), hot access (0), error acces (0).
/*BANK*/17->0: cool access (21603), hot access (2549), error acces (0).
/*BANK*/17->1: cool access (109), hot access (0), error acces (0).
/*BANK*/17->2: cool access (0), hot access (0), error acces (0).
/*BANK*/17->3: cool access (0), hot access (0), error acces (0).
/*BANK*/17->4: cool access (0), hot access (0), error acces (0).
/*BANK*/17->5: cool access (0), hot access (0), error acces (0).
/*BANK*/17->6: cool access (0), hot access (0), error acces (0).
/*BANK*/17->7: cool access (1785), hot access (0), error acces (0).
/*BANK*/18->0: cool access (23520), hot access (6562), error acces (0).
/*BANK*/18->1: cool access (0), hot access (0), error acces (0).
/*BANK*/18->2: cool access (0), hot access (0), error acces (0).
/*BANK*/18->3: cool access (0), hot access (0), error acces (0).
/*BANK*/18->4: cool access (0), hot access (0), error acces (0).
/*BANK*/18->5: cool access (0), hot access (0), error acces (0).
/*BANK*/18->6: cool access (0), hot access (0), error acces (0).
/*BANK*/18->7: cool access (3562), hot access (0), error acces (0).
/*BANK*/19->0: cool access (25423), hot access (3004), error acces (0).
/*BANK*/19->1: cool access (0), hot access (0), error acces (0).
/*BANK*/19->2: cool access (0), hot access (0), error acces (0).
/*BANK*/19->3: cool access (0), hot access (0), error acces (0).
/*BANK*/19->4: cool access (0), hot access (0), error acces (0).
/*BANK*/19->5: cool access (0), hot access (0), error acces (0).
/*BANK*/19->6: cool access (0), hot access (0), error acces (0).
/*BANK*/19->7: cool access (2378), hot access (0), error acces (0).
/*BANK*/20->0: cool access (13873), hot access (12115), error acces (3808).
/*BANK*/20->1: cool access (0), hot access (0), error acces (0).
/*BANK*/20->2: cool access (0), hot access (0), error acces (0).
/*BANK*/20->3: cool access (0), hot access (0), error acces (0).
/*BANK*/20->4: cool access (0), hot access (0), error acces (0).
/*BANK*/20->5: cool access (0), hot access (0), error acces (0).
/*BANK*/20->6: cool access (0), hot access (0), error acces (0).
/*BANK*/20->7: cool access (3137), hot access (0), error acces (0).
/*BANK*/21->0: cool access (20223), hot access (8252), error acces (0).
/*BANK*/21->1: cool access (0), hot access (0), error acces (0).
/*BANK*/21->2: cool access (0), hot access (0), error acces (0).
/*BANK*/21->3: cool access (0), hot access (0), error acces (0).
/*BANK*/21->4: cool access (0), hot access (0), error acces (0).
/*BANK*/21->5: cool access (0), hot access (0), error acces (0).
/*BANK*/21->6: cool access (0), hot access (0), error acces (0).
/*BANK*/21->7: cool access (4203), hot access (0), error acces (0).
/*BANK*/22->0: cool access (15055), hot access (9726), error acces (224).
/*BANK*/22->1: cool access (0), hot access (0), error acces (0).
/*BANK*/22->2: cool access (0), hot access (0), error acces (0).
/*BANK*/22->3: cool access (0), hot access (0), error acces (0).
/*BANK*/22->4: cool access (0), hot access (0), error acces (0).
/*BANK*/22->5: cool access (0), hot access (0), error acces (0).
/*BANK*/22->6: cool access (0), hot access (0), error acces (0).
/*BANK*/22->7: cool access (2421), hot access (0), error acces (0).
/*BANK*/23->0: cool access (21075), hot access (4443), error acces (0).
/*BANK*/23->1: cool access (2613), hot access (54), error acces (0).
/*BANK*/23->2: cool access (0), hot access (0), error acces (0).
/*BANK*/23->3: cool access (0), hot access (0), error acces (0).
/*BANK*/23->4: cool access (0), hot access (0), error acces (0).
/*BANK*/23->5: cool access (0), hot access (0), error acces (0).
/*BANK*/23->6: cool access (0), hot access (0), error acces (0).
/*BANK*/23->7: cool access (3325), hot access (0), error acces (0).
/*BANK*/24->0: cool access (7598), hot access (12482), error acces (8935).
/*BANK*/24->1: cool access (8720), hot access (9382), error acces (3734).
/*BANK*/24->2: cool access (0), hot access (0), error acces (0).
/*BANK*/24->3: cool access (0), hot access (0), error acces (0).
/*BANK*/24->4: cool access (0), hot access (0), error acces (0).
/*BANK*/24->5: cool access (0), hot access (0), error acces (0).
/*BANK*/24->6: cool access (0), hot access (0), error acces (0).
/*BANK*/24->7: cool access (3902), hot access (0), error acces (0).
/*BANK*/25->0: cool access (13006), hot access (15436), error acces (1485).
/*BANK*/25->1: cool access (1950), hot access (1789), error acces (848).
/*BANK*/25->2: cool access (0), hot access (0), error acces (0).
/*BANK*/25->3: cool access (131), hot access (0), error acces (0).
/*BANK*/25->4: cool access (0), hot access (0), error acces (0).
/*BANK*/25->5: cool access (0), hot access (0), error acces (0).
/*BANK*/25->6: cool access (0), hot access (0), error acces (0).
/*BANK*/25->7: cool access (4762), hot access (0), error acces (0).
/*BANK*/26->0: cool access (7052), hot access (20953), error acces (10220).
/*BANK*/26->1: cool access (0), hot access (0), error acces (0).
/*BANK*/26->2: cool access (0), hot access (0), error acces (0).
/*BANK*/26->3: cool access (0), hot access (0), error acces (0).
/*BANK*/26->4: cool access (0), hot access (0), error acces (0).
/*BANK*/26->5: cool access (0), hot access (0), error acces (0).
/*BANK*/26->6: cool access (0), hot access (0), error acces (0).
/*BANK*/26->7: cool access (6173), hot access (0), error acces (0).
/*BANK*/27->0: cool access (18257), hot access (8298), error acces (0).
/*BANK*/27->1: cool access (0), hot access (0), error acces (0).
/*BANK*/27->2: cool access (0), hot access (0), error acces (0).
/*BANK*/27->3: cool access (0), hot access (0), error acces (0).
/*BANK*/27->4: cool access (0), hot access (0), error acces (0).
/*BANK*/27->5: cool access (0), hot access (0), error acces (0).
/*BANK*/27->6: cool access (0), hot access (0), error acces (0).
/*BANK*/27->7: cool access (2743), hot access (0), error acces (0).
/*BANK*/28->0: cool access (9671), hot access (16892), error acces (8147).
/*BANK*/28->1: cool access (0), hot access (0), error acces (0).
/*BANK*/28->2: cool access (0), hot access (0), error acces (0).
/*BANK*/28->3: cool access (0), hot access (0), error acces (0).
/*BANK*/28->4: cool access (0), hot access (0), error acces (0).
/*BANK*/28->5: cool access (0), hot access (0), error acces (0).
/*BANK*/28->6: cool access (0), hot access (0), error acces (0).
/*BANK*/28->7: cool access (4004), hot access (0), error acces (0).
/*BANK*/29->0: cool access (16441), hot access (8307), error acces (0).
/*BANK*/29->1: cool access (18), hot access (0), error acces (0).
/*BANK*/29->2: cool access (0), hot access (0), error acces (0).
/*BANK*/29->3: cool access (0), hot access (0), error acces (0).
/*BANK*/29->4: cool access (0), hot access (0), error acces (0).
/*BANK*/29->5: cool access (0), hot access (0), error acces (0).
/*BANK*/29->6: cool access (0), hot access (0), error acces (0).
/*BANK*/29->7: cool access (4809), hot access (0), error acces (0).
/*BANK*/30->0: cool access (11310), hot access (16767), error acces (0).
/*BANK*/30->1: cool access (0), hot access (0), error acces (0).
/*BANK*/30->2: cool access (0), hot access (0), error acces (0).
/*BANK*/30->3: cool access (0), hot access (0), error acces (0).
/*BANK*/30->4: cool access (0), hot access (0), error acces (0).
/*BANK*/30->5: cool access (0), hot access (0), error acces (0).
/*BANK*/30->6: cool access (0), hot access (0), error acces (0).
/*BANK*/30->7: cool access (6114), hot access (0), error acces (0).
/*BANK*/31->0: cool access (13588), hot access (4563), error acces (0).
/*BANK*/31->1: cool access (0), hot access (0), error acces (0).
/*BANK*/31->2: cool access (0), hot access (0), error acces (0).
/*BANK*/31->3: cool access (0), hot access (0), error acces (0).
/*BANK*/31->4: cool access (0), hot access (0), error acces (0).
/*BANK*/31->5: cool access (0), hot access (0), error acces (0).
/*BANK*/31->6: cool access (0), hot access (0), error acces (0).
/*BANK*/31->7: cool access (3217), hot access (0), error acces (0).
{Summary}: 226431 Hot Accesses, 774508 Cool Accesses.

 ***** [REF/AC_Result] *****
                     Power     Energy    Energy %
  core-core        21.09 W     2.43  J     31.39%
  core-ifetch       4.20 W     0.48  J      6.25%
  core-alu          1.55 W     0.18  J      2.30%
  core-int          3.05 W     0.35  J      4.54%
  core-fp           4.53 W     0.52  J      6.74%
  core-mem          5.29 W     0.61  J      7.87%
  core-other        3.79 W     0.44  J      5.65%
  icache            2.86 W     0.33  J      4.25%
  dcache           11.25 W     1.30  J     16.74%
  l2                1.71 W     0.20  J      2.54%
  l3                3.40 W     0.39  J      5.06%
  dram              4.45 W     0.51  J      6.63%
  other             0.03 W     3.77 mJ      0.05%

  core             43.50 W     5.02  J     64.73%
  cache            19.21 W     2.22  J     28.59%
  total            67.20 W     7.75  J    100.00%
Warning: Unable to run gnuplot to create cpi stack graphs.  Maybe gnuplot is not installed?
[SNIPER] End
[SNIPER] Elapsed time: 3764.02 seconds
[SNIPER] Running McPAT
[SPLASH] [----------    End of output    ----------]
[SPLASH] Done.
/scratch/miz087/results/in_mix_1us_1_splash2_water.sp_large
