[Benchmarks] set sniper output to rundi /scratch/miz087/results/inv_35_10_splash2_water.nsq_large
/scratch/miz087/results/inv_35_10_splash2_water.nsq_large
[SPLASH] Benchmarks to run: water.nsq

[SPLASH] [========== Running benchmark water.nsq ==========]
[SPLASH] Setting up run directory: /scratch/miz087/results/inv_35_10_splash2_water.nsq_large
[SPLASH] Running 'SNIPER_APP_LD_PRELOAD=$LD_PRELOAD; unset LD_PRELOAD; /home_masters/miz087/workplace/micro_exp/run-sniper -n 4 -m 'localhost' -d '/scratch/miz087/results/inv_35_10_splash2_water.nsq_large' -sthermalstats --power -c gainestown_cache --roi --curdir=/home_masters/miz087/workplace/micro_exp/benchmarks  --  /home_masters/miz087/workplace/micro_exp/benchmarks/splash2/splash2/codes/apps/water-nsquared/WATER-NSQUARED < input':
[SPLASH] [---------- Beginning of output ----------]
[SNIPER] Start
----------BEGIN_INIT_STATS_MANAGER------------
----------END_INIT_STATS_MANAGER------------
Normal Cache Total set: 524288
now initialize a stacked dram unison cache
Executing Python script /scratch/miz087/results/inv_35_10_splash2_water.nsq_large/sim.scripts.py
[SNIPER] --------------------------------------------------------------------------------
[SNIPER] Sniper using Pin frontend
[SNIPER] Running pre-ROI region in  CACHE_ONLY mode
[SNIPER] Running application ROI in DETAILED mode
[SNIPER] Running post-ROI region in FAST_FORWARD mode
[SNIPER] --------------------------------------------------------------------------------
Using 4 procs on 3 steps of 2197 mols
Other parameters:
	TSTEP = 1.50e-16
	NORDER = 6
	NSAVE = -1
	NRST = 3000
	NPRINT = 3
	NFMC = 0
	CUTOFF = 6.212752


TEMPERATURE                =   298.00 K
DENSITY                    =  0.99800 G/C.C.
NUMBER OF MOLECULES        =     2197
NUMBER OF PROCESSORS       =        4
TIME STEP                  = 1.50e-01 SEC
ORDER USED TO SOLVE F=MA   =        6 
NO. OF TIME STEPS          =        3 
FREQUENCY OF DATA SAVING   =       -1 
FREQUENCY TO WRITE RST FILE=     3000 
SPHERICAL CUTOFF RADIUS    =   6.2128 ANGSTROM

NS = 12.9999899999999986
BOXL =  40.382890
CUTOFF =   6.212752
XS =   3.106379
ZERO = 1.55319
WCOS = 0.585882
WSIN = 0.756950
***** NEW RUN STARTING FROM REGULAR LATTICE *****
[HOOKS] Entering ROI
[SNIPER] Enabling performance models
[SNIPER] Setting instrumentation mode to DETAILED
[Benchmarks] set sniper output to rundi /scratch/miz087/results/inv_35_10_splash2_water.nsq_large
/scratch/miz087/results/inv_35_10_splash2_water.nsq_large
[SPLASH] Benchmarks to run: water.nsq

[SPLASH] [========== Running benchmark water.nsq ==========]
[SPLASH] Setting up run directory: /scratch/miz087/results/inv_35_10_splash2_water.nsq_large
[SPLASH] Running 'SNIPER_APP_LD_PRELOAD=$LD_PRELOAD; unset LD_PRELOAD; /home_masters/miz087/workplace/micro_exp/run-sniper -n 4 -m 'localhost' -d '/scratch/miz087/results/inv_35_10_splash2_water.nsq_large' -sthermalstats --power -c gainestown_cache --roi --curdir=/home_masters/miz087/workplace/micro_exp/benchmarks  --  /home_masters/miz087/workplace/micro_exp/benchmarks/splash2/splash2/codes/apps/water-nsquared/WATER-NSQUARED < input':
[SPLASH] [---------- Beginning of output ----------]
[SNIPER] Start
----------BEGIN_INIT_STATS_MANAGER------------
----------END_INIT_STATS_MANAGER------------
Normal Cache Total set: 524288
now initialize a stacked dram unison cache
Executing Python script /scratch/miz087/results/inv_35_10_splash2_water.nsq_large/sim.scripts.py
[SNIPER] --------------------------------------------------------------------------------
[SNIPER] Sniper using Pin frontend
[SNIPER] Running pre-ROI region in  CACHE_ONLY mode
[SNIPER] Running application ROI in DETAILED mode
[SNIPER] Running post-ROI region in FAST_FORWARD mode
[SNIPER] --------------------------------------------------------------------------------
Using 4 procs on 3 steps of 2197 mols
Other parameters:
	TSTEP = 1.50e-16
	NORDER = 6
	NSAVE = -1
	NRST = 3000
	NPRINT = 3
	NFMC = 0
	CUTOFF = 6.212752


TEMPERATURE                =   298.00 K
DENSITY                    =  0.99800 G/C.C.
NUMBER OF MOLECULES        =     2197
NUMBER OF PROCESSORS       =        4
TIME STEP                  = 1.50e-01 SEC
ORDER USED TO SOLVE F=MA   =        6 
NO. OF TIME STEPS          =        3 
FREQUENCY OF DATA SAVING   =       -1 
FREQUENCY TO WRITE RST FILE=     3000 
SPHERICAL CUTOFF RADIUS    =   6.2128 ANGSTROM

NS = 12.9999899999999986
BOXL =  40.382890
CUTOFF =   6.212752
XS =   3.106379
ZERO = 1.55319
WCOS = 0.585882
WSIN = 0.756950
***** NEW RUN STARTING FROM REGULAR LATTICE *****
[HOOKS] Entering ROI
[SNIPER] Enabling performance models
[SNIPER] Setting instrumentation mode to DETAILED
[SNIPER] Disabling performance models
[SNIPER] Leaving ROI after 11633.87 seconds
[SNIPER] Simulated 7044.4M instructions, 1168.5M cycles, 6.03 IPC
[SNIPER] Simulation speed 606.7 KIPS (151.7 KIPS / target core - 6592.7ns/instr)
[SNIPER] Sampling: executed 95.67% of simulated time in detailed mode
[SNIPER] Setting instrumentation mode to FAST_FORWARD
CREATETIME = 344000
         3        1.56974      0.05533     10.52082                      -2.12029
           10.026        305.16885        -19.56999
[HOOKS] Leaving ROI
COMPUTESTART (after initialization) = 3023921657
COMPUTEEND = 1724363406
COMPUTETIME (after initialization) = 2995409045
Measured Time (2nd timestep onward) = 2530664490
Intramolecular time only (2nd timestep onward) = 27963997
Intermolecular time only (2nd timestep onward) = 2502424493
Other time (2nd timestep onward) = 276000

Exited Happily with XTT = 10.0256 (note: XTT value is garbage if NPRINT > NSTEP)

 ***** [DRAM_CACHE_Result] *****

*** DRAM Total Access: 855809, miss: 801813, miss rate: 0.936906
*** DRAM Total Access In ROI: 552471, miss: 552051, miss rate: 0.99924
*** DRAM Remap Times: 63848 invalid times, 14835 total invalid_blocks, 0 migrate times, 0 total migrate blocks.
*** DRAM Statistics: 311518269 reads, 311766379 writes, 321473774 row hits, 32263325 ACT time, 32263325 PRE time, 20651669 RD time, 9754409 WR time.

 ***** [DRAM_CACHE_Result] *****

[RAMULATOR OUTPUT]

**Total Ticks: 202923989

**Ramulator Active Cycles: 1.68253e+07

**DRAM Cycles: 2.02924e+08

**Maximum Bandwidth: 0

Number of Incoming Requests: 2.41974e+06

**Serving Request**
Channel_0: serving reads(36463), serving writes(25492).
Channel_1: serving reads(23626), serving writes(24008).
Channel_2: serving reads(21777), serving writes(23524).
Channel_3: serving reads(21155), serving writes(22971).
Channel_4: serving reads(30147), serving writes(33785).
Channel_5: serving reads(31635), serving writes(36074).
Channel_6: serving reads(36072), serving writes(42501).
Channel_7: serving reads(36869), serving writes(43475).
Channel_8: serving reads(41779), serving writes(40808).
Channel_9: serving reads(39841), serving writes(47819).
Channel_10: serving reads(39111), serving writes(40442).
Channel_11: serving reads(37393), serving writes(45463).
Channel_12: serving reads(38899), serving writes(38788).
Channel_13: serving reads(36732), serving writes(40628).
Channel_14: serving reads(37374), serving writes(38114).
Channel_15: serving reads(37810), serving writes(42886).
Channel_16: serving reads(39695), serving writes(42589).
Channel_17: serving reads(38735), serving writes(44652).
Channel_18: serving reads(36076), serving writes(38691).
Channel_19: serving reads(33120), serving writes(38273).
Channel_20: serving reads(28670), serving writes(29050).
Channel_21: serving reads(26516), serving writes(26077).
Channel_22: serving reads(28411), serving writes(24305).
Channel_23: serving reads(25885), serving writes(22803).
Channel_24: serving reads(25897), serving writes(22849).
Channel_25: serving reads(24298), serving writes(21017).
Channel_26: serving reads(18529), serving writes(18323).
Channel_27: serving reads(16790), serving writes(17777).
Channel_28: serving reads(16829), serving writes(17706).
Channel_29: serving reads(16819), serving writes(17776).
Channel_30: serving reads(20229), serving writes(22356).
Channel_31: serving reads(23037), serving writes(26513).
[RAMULATOR OUTPUT]

----------[STAT_STORE_UNIT]-----------

Hot Access: 289355, Cool Access: 3412548

Hits on previous hot rows: 10792

Hits on previous cool rows: 630

Total remap times: 31924, Total Inter-Vault remaps: 31924, Total number of intervals: 4864


----------[STAT_STORE_UNIT]-----------

 ***** [REF/AC_Result] *****
/*BANK*/0->0: cool access (63), hot access (0), error acces (0).
/*BANK*/0->1: cool access (7845), hot access (0), error acces (0).
/*BANK*/0->2: cool access (4987), hot access (0), error acces (0).
/*BANK*/0->3: cool access (7838), hot access (0), error acces (0).
/*BANK*/0->4: cool access (3945), hot access (0), error acces (0).
/*BANK*/0->5: cool access (29628), hot access (0), error acces (0).
/*BANK*/0->6: cool access (3982), hot access (0), error acces (0).
/*BANK*/0->7: cool access (40126), hot access (0), error acces (0).
/*BANK*/1->0: cool access (12), hot access (0), error acces (0).
/*BANK*/1->1: cool access (7868), hot access (0), error acces (0).
/*BANK*/1->2: cool access (12443), hot access (0), error acces (0).
/*BANK*/1->3: cool access (7783), hot access (0), error acces (0).
/*BANK*/1->4: cool access (3971), hot access (0), error acces (0).
/*BANK*/1->5: cool access (20245), hot access (0), error acces (0).
/*BANK*/1->6: cool access (3987), hot access (0), error acces (0).
/*BANK*/1->7: cool access (0), hot access (0), error acces (0).
/*BANK*/2->0: cool access (132), hot access (0), error acces (0).
/*BANK*/2->1: cool access (7831), hot access (0), error acces (0).
/*BANK*/2->2: cool access (13001), hot access (0), error acces (0).
/*BANK*/2->3: cool access (7814), hot access (0), error acces (0).
/*BANK*/2->4: cool access (3921), hot access (0), error acces (0).
/*BANK*/2->5: cool access (18739), hot access (0), error acces (0).
/*BANK*/2->6: cool access (3965), hot access (0), error acces (0).
/*BANK*/2->7: cool access (0), hot access (0), error acces (0).
/*BANK*/3->0: cool access (44), hot access (0), error acces (0).
/*BANK*/3->1: cool access (7921), hot access (0), error acces (0).
/*BANK*/3->2: cool access (13875), hot access (0), error acces (0).
/*BANK*/3->3: cool access (7845), hot access (0), error acces (0).
/*BANK*/3->4: cool access (6722), hot access (0), error acces (0).
/*BANK*/3->5: cool access (13552), hot access (0), error acces (0).
/*BANK*/3->6: cool access (3983), hot access (0), error acces (0).
/*BANK*/3->7: cool access (0), hot access (0), error acces (0).
/*BANK*/4->0: cool access (23209), hot access (0), error acces (0).
/*BANK*/4->1: cool access (7837), hot access (0), error acces (0).
/*BANK*/4->2: cool access (16844), hot access (0), error acces (0).
/*BANK*/4->3: cool access (7835), hot access (0), error acces (0).
/*BANK*/4->4: cool access (12643), hot access (0), error acces (0).
/*BANK*/4->5: cool access (13855), hot access (0), error acces (0).
/*BANK*/4->6: cool access (3965), hot access (0), error acces (0).
/*BANK*/4->7: cool access (0), hot access (0), error acces (0).
/*BANK*/5->0: cool access (29563), hot access (0), error acces (0).
/*BANK*/5->1: cool access (7767), hot access (0), error acces (0).
/*BANK*/5->2: cool access (18531), hot access (0), error acces (0).
/*BANK*/5->3: cool access (7785), hot access (0), error acces (0).
/*BANK*/5->4: cool access (13610), hot access (0), error acces (0).
/*BANK*/5->5: cool access (14048), hot access (0), error acces (0).
/*BANK*/5->6: cool access (3957), hot access (0), error acces (0).
/*BANK*/5->7: cool access (0), hot access (0), error acces (0).
/*BANK*/6->0: cool access (43176), hot access (0), error acces (0).
/*BANK*/6->1: cool access (4442), hot access (0), error acces (0).
/*BANK*/6->2: cool access (20670), hot access (0), error acces (0).
/*BANK*/6->3: cool access (7765), hot access (0), error acces (0).
/*BANK*/6->4: cool access (15522), hot access (0), error acces (0).
/*BANK*/6->5: cool access (11567), hot access (0), error acces (0).
/*BANK*/6->6: cool access (8688), hot access (0), error acces (0).
/*BANK*/6->7: cool access (0), hot access (0), error acces (0).
/*BANK*/7->0: cool access (41213), hot access (0), error acces (0).
/*BANK*/7->1: cool access (4052), hot access (0), error acces (0).
/*BANK*/7->2: cool access (23701), hot access (0), error acces (0).
/*BANK*/7->3: cool access (7864), hot access (0), error acces (0).
/*BANK*/7->4: cool access (17224), hot access (0), error acces (0).
/*BANK*/7->5: cool access (7887), hot access (0), error acces (0).
/*BANK*/7->6: cool access (14687), hot access (0), error acces (0).
/*BANK*/7->7: cool access (0), hot access (0), error acces (0).
/*BANK*/8->0: cool access (7808), hot access (31686), error acces (0).
/*BANK*/8->1: cool access (3990), hot access (0), error acces (0).
/*BANK*/8->2: cool access (22336), hot access (0), error acces (0).
/*BANK*/8->3: cool access (7834), hot access (0), error acces (0).
/*BANK*/8->4: cool access (18846), hot access (0), error acces (0).
/*BANK*/8->5: cool access (7855), hot access (0), error acces (0).
/*BANK*/8->6: cool access (18217), hot access (0), error acces (0).
/*BANK*/8->7: cool access (0), hot access (0), error acces (0).
/*BANK*/9->0: cool access (36596), hot access (15041), error acces (0).
/*BANK*/9->1: cool access (3953), hot access (0), error acces (0).
/*BANK*/9->2: cool access (24200), hot access (0), error acces (0).
/*BANK*/9->3: cool access (8624), hot access (0), error acces (0).
/*BANK*/9->4: cool access (21994), hot access (0), error acces (0).
/*BANK*/9->5: cool access (7894), hot access (0), error acces (0).
/*BANK*/9->6: cool access (14887), hot access (0), error acces (0).
/*BANK*/9->7: cool access (0), hot access (0), error acces (0).
/*BANK*/10->0: cool access (5620), hot access (21853), error acces (0).
/*BANK*/10->1: cool access (4014), hot access (0), error acces (0).
/*BANK*/10->2: cool access (24175), hot access (0), error acces (0).
/*BANK*/10->3: cool access (7987), hot access (0), error acces (0).
/*BANK*/10->4: cool access (22586), hot access (0), error acces (0).
/*BANK*/10->5: cool access (7853), hot access (0), error acces (0).
/*BANK*/10->6: cool access (22003), hot access (0), error acces (0).
/*BANK*/10->7: cool access (318), hot access (0), error acces (0).
/*BANK*/11->0: cool access (32221), hot access (0), error acces (0).
/*BANK*/11->1: cool access (3963), hot access (0), error acces (0).
/*BANK*/11->2: cool access (29533), hot access (0), error acces (0).
/*BANK*/11->3: cool access (7858), hot access (0), error acces (0).
/*BANK*/11->4: cool access (22052), hot access (0), error acces (0).
/*BANK*/11->5: cool access (7817), hot access (0), error acces (0).
/*BANK*/11->6: cool access (25178), hot access (0), error acces (0).
/*BANK*/11->7: cool access (0), hot access (0), error acces (0).
/*BANK*/12->0: cool access (3937), hot access (14991), error acces (14896).
/*BANK*/12->1: cool access (4321), hot access (610), error acces (0).
/*BANK*/12->2: cool access (4036), hot access (16076), error acces (0).
/*BANK*/12->3: cool access (7825), hot access (0), error acces (0).
/*BANK*/12->4: cool access (25544), hot access (0), error acces (0).
/*BANK*/12->5: cool access (7829), hot access (0), error acces (0).
/*BANK*/12->6: cool access (30462), hot access (0), error acces (0).
/*BANK*/12->7: cool access (0), hot access (0), error acces (0).
/*BANK*/13->0: cool access (4152), hot access (14512), error acces (0).
/*BANK*/13->1: cool access (3985), hot access (0), error acces (0).
/*BANK*/13->2: cool access (8232), hot access (16694), error acces (0).
/*BANK*/13->3: cool access (7866), hot access (0), error acces (0).
/*BANK*/13->4: cool access (29496), hot access (0), error acces (0).
/*BANK*/13->5: cool access (7892), hot access (0), error acces (0).
/*BANK*/13->6: cool access (25391), hot access (0), error acces (0).
/*BANK*/13->7: cool access (74), hot access (0), error acces (0).
/*BANK*/14->0: cool access (3974), hot access (14203), error acces (14070).
/*BANK*/14->1: cool access (4026), hot access (0), error acces (0).
/*BANK*/14->2: cool access (4041), hot access (15184), error acces (0).
/*BANK*/14->3: cool access (7797), hot access (0), error acces (0).
/*BANK*/14->4: cool access (28779), hot access (0), error acces (0).
/*BANK*/14->5: cool access (7849), hot access (0), error acces (0).
/*BANK*/14->6: cool access (25931), hot access (0), error acces (0).
/*BANK*/14->7: cool access (0), hot access (0), error acces (0).
/*BANK*/15->0: cool access (3970), hot access (13334), error acces (0).
/*BANK*/15->1: cool access (3971), hot access (0), error acces (0).
/*BANK*/15->2: cool access (21468), hot access (0), error acces (0).
/*BANK*/15->3: cool access (7851), hot access (0), error acces (0).
/*BANK*/15->4: cool access (29620), hot access (0), error acces (0).
/*BANK*/15->5: cool access (7916), hot access (0), error acces (0).
/*BANK*/15->6: cool access (35951), hot access (0), error acces (0).
/*BANK*/15->7: cool access (0), hot access (0), error acces (0).
/*BANK*/16->0: cool access (4012), hot access (12910), error acces (12822).
/*BANK*/16->1: cool access (4019), hot access (0), error acces (0).
/*BANK*/16->2: cool access (3992), hot access (14173), error acces (0).
/*BANK*/16->3: cool access (7789), hot access (0), error acces (0).
/*BANK*/16->4: cool access (39973), hot access (0), error acces (0).
/*BANK*/16->5: cool access (7827), hot access (0), error acces (0).
/*BANK*/16->6: cool access (32564), hot access (0), error acces (0).
/*BANK*/16->7: cool access (0), hot access (0), error acces (0).
/*BANK*/17->0: cool access (4005), hot access (12515), error acces (0).
/*BANK*/17->1: cool access (4024), hot access (0), error acces (0).
/*BANK*/17->2: cool access (19926), hot access (0), error acces (0).
/*BANK*/17->3: cool access (7876), hot access (0), error acces (0).
/*BANK*/17->4: cool access (31098), hot access (0), error acces (0).
/*BANK*/17->5: cool access (7903), hot access (0), error acces (0).
/*BANK*/17->6: cool access (43816), hot access (0), error acces (0).
/*BANK*/17->7: cool access (0), hot access (0), error acces (0).
/*BANK*/18->0: cool access (3964), hot access (12739), error acces (0).
/*BANK*/18->1: cool access (3937), hot access (0), error acces (0).
/*BANK*/18->2: cool access (4772), hot access (15630), error acces (0).
/*BANK*/18->3: cool access (7871), hot access (0), error acces (0).
/*BANK*/18->4: cool access (22602), hot access (0), error acces (0).
/*BANK*/18->5: cool access (7851), hot access (0), error acces (0).
/*BANK*/18->6: cool access (33009), hot access (0), error acces (0).
/*BANK*/18->7: cool access (0), hot access (0), error acces (0).
/*BANK*/19->0: cool access (4910), hot access (7842), error acces (0).
/*BANK*/19->1: cool access (4289), hot access (0), error acces (0).
/*BANK*/19->2: cool access (14601), hot access (0), error acces (0).
/*BANK*/19->3: cool access (7880), hot access (0), error acces (0).
/*BANK*/19->4: cool access (27141), hot access (0), error acces (0).
/*BANK*/19->5: cool access (7848), hot access (0), error acces (0).
/*BANK*/19->6: cool access (32161), hot access (0), error acces (0).
/*BANK*/19->7: cool access (0), hot access (0), error acces (0).
/*BANK*/20->0: cool access (3948), hot access (3949), error acces (3949).
/*BANK*/20->1: cool access (4783), hot access (0), error acces (0).
/*BANK*/20->2: cool access (3963), hot access (12324), error acces (0).
/*BANK*/20->3: cool access (7857), hot access (0), error acces (0).
/*BANK*/20->4: cool access (34789), hot access (0), error acces (0).
/*BANK*/20->5: cool access (7865), hot access (0), error acces (0).
/*BANK*/20->6: cool access (1601), hot access (0), error acces (0).
/*BANK*/20->7: cool access (0), hot access (0), error acces (0).
/*BANK*/21->0: cool access (3956), hot access (3874), error acces (0).
/*BANK*/21->1: cool access (4438), hot access (0), error acces (0).
/*BANK*/21->2: cool access (13502), hot access (0), error acces (0).
/*BANK*/21->3: cool access (7917), hot access (0), error acces (0).
/*BANK*/21->4: cool access (21590), hot access (0), error acces (0).
/*BANK*/21->5: cool access (7940), hot access (0), error acces (0).
/*BANK*/21->6: cool access (2772), hot access (0), error acces (0).
/*BANK*/21->7: cool access (0), hot access (0), error acces (0).
/*BANK*/22->0: cool access (3986), hot access (3890), error acces (0).
/*BANK*/22->1: cool access (4235), hot access (0), error acces (0).
/*BANK*/22->2: cool access (4009), hot access (7887), error acces (0).
/*BANK*/22->3: cool access (4969), hot access (0), error acces (0).
/*BANK*/22->4: cool access (14341), hot access (0), error acces (0).
/*BANK*/22->5: cool access (7881), hot access (0), error acces (0).
/*BANK*/22->6: cool access (5085), hot access (0), error acces (0).
/*BANK*/22->7: cool access (0), hot access (0), error acces (0).
/*BANK*/23->0: cool access (4857), hot access (2894), error acces (0).
/*BANK*/23->1: cool access (3887), hot access (0), error acces (0).
/*BANK*/23->2: cool access (7902), hot access (0), error acces (0).
/*BANK*/23->3: cool access (4000), hot access (0), error acces (0).
/*BANK*/23->4: cool access (13319), hot access (0), error acces (0).
/*BANK*/23->5: cool access (7845), hot access (0), error acces (0).
/*BANK*/23->6: cool access (4785), hot access (0), error acces (0).
/*BANK*/23->7: cool access (0), hot access (0), error acces (0).
/*BANK*/24->0: cool access (3999), hot access (3842), error acces (3842).
/*BANK*/24->1: cool access (3931), hot access (0), error acces (0).
/*BANK*/24->2: cool access (3988), hot access (4021), error acces (0).
/*BANK*/24->3: cool access (3955), hot access (0), error acces (0).
/*BANK*/24->4: cool access (13896), hot access (0), error acces (0).
/*BANK*/24->5: cool access (7888), hot access (0), error acces (0).
/*BANK*/24->6: cool access (4744), hot access (0), error acces (0).
/*BANK*/24->7: cool access (0), hot access (0), error acces (0).
/*BANK*/25->0: cool access (4003), hot access (3820), error acces (0).
/*BANK*/25->1: cool access (4024), hot access (0), error acces (0).
/*BANK*/25->2: cool access (4009), hot access (3838), error acces (0).
/*BANK*/25->3: cool access (3981), hot access (0), error acces (0).
/*BANK*/25->4: cool access (9321), hot access (0), error acces (0).
/*BANK*/25->5: cool access (4311), hot access (0), error acces (0).
/*BANK*/25->6: cool access (5146), hot access (0), error acces (0).
/*BANK*/25->7: cool access (0), hot access (0), error acces (0).
/*BANK*/26->0: cool access (0), hot access (7280), error acces (3518).
/*BANK*/26->1: cool access (4001), hot access (0), error acces (0).
/*BANK*/26->2: cool access (4018), hot access (3916), error acces (0).
/*BANK*/26->3: cool access (3933), hot access (0), error acces (0).
/*BANK*/26->4: cool access (7867), hot access (0), error acces (0).
/*BANK*/26->5: cool access (3991), hot access (0), error acces (0).
/*BANK*/26->6: cool access (1324), hot access (0), error acces (0).
/*BANK*/26->7: cool access (0), hot access (0), error acces (0).
/*BANK*/27->0: cool access (3973), hot access (3816), error acces (0).
/*BANK*/27->1: cool access (4012), hot access (0), error acces (0).
/*BANK*/27->2: cool access (7891), hot access (0), error acces (0).
/*BANK*/27->3: cool access (3942), hot access (0), error acces (0).
/*BANK*/27->4: cool access (7844), hot access (0), error acces (0).
/*BANK*/27->5: cool access (3985), hot access (0), error acces (0).
/*BANK*/27->6: cool access (0), hot access (0), error acces (0).
/*BANK*/27->7: cool access (0), hot access (0), error acces (0).
/*BANK*/28->0: cool access (3982), hot access (3820), error acces (3820).
/*BANK*/28->1: cool access (3987), hot access (0), error acces (0).
/*BANK*/28->2: cool access (3947), hot access (3818), error acces (0).
/*BANK*/28->3: cool access (3939), hot access (44), error acces (0).
/*BANK*/28->4: cool access (7927), hot access (0), error acces (0).
/*BANK*/28->5: cool access (4022), hot access (0), error acces (0).
/*BANK*/28->6: cool access (0), hot access (0), error acces (0).
/*BANK*/28->7: cool access (0), hot access (0), error acces (0).
/*BANK*/29->0: cool access (4002), hot access (3836), error acces (0).
/*BANK*/29->1: cool access (4016), hot access (0), error acces (0).
/*BANK*/29->2: cool access (7789), hot access (0), error acces (0).
/*BANK*/29->3: cool access (3960), hot access (0), error acces (0).
/*BANK*/29->4: cool access (7947), hot access (0), error acces (0).
/*BANK*/29->5: cool access (3943), hot access (0), error acces (0).
/*BANK*/29->6: cool access (0), hot access (0), error acces (0).
/*BANK*/29->7: cool access (0), hot access (0), error acces (0).
/*BANK*/30->0: cool access (3951), hot access (3822), error acces (0).
/*BANK*/30->1: cool access (3993), hot access (0), error acces (0).
/*BANK*/30->2: cool access (7964), hot access (0), error acces (0).
/*BANK*/30->3: cool access (3917), hot access (0), error acces (0).
/*BANK*/30->4: cool access (24113), hot access (0), error acces (0).
/*BANK*/30->5: cool access (3998), hot access (0), error acces (0).
/*BANK*/30->6: cool access (0), hot access (0), error acces (0).
/*BANK*/30->7: cool access (0), hot access (0), error acces (0).
/*BANK*/31->0: cool access (7814), hot access (0), error acces (0).
/*BANK*/31->1: cool access (3907), hot access (0), error acces (0).
/*BANK*/31->2: cool access (7865), hot access (0), error acces (0).
/*BANK*/31->3: cool access (3980), hot access (0), error acces (0).
/*BANK*/31->4: cool access (38729), hot access (0), error acces (0).
/*BANK*/31->5: cool access (3955), hot access (0), error acces (0).
/*BANK*/31->6: cool access (0), hot access (0), error acces (0).
/*BANK*/31->7: cool access (0), hot access (0), error acces (0).
{Summary}: 330684 Hot Accesses, 2393679 Cool Accesses.

 ***** [REF/AC_Result] *****
                     Power     Energy    Energy %
  core-core        18.90 W     8.02  J     30.30%
  core-ifetch       3.94 W     1.67  J      6.31%
  core-alu          1.41 W     0.60  J      2.26%
  core-int          2.92 W     1.24  J      4.68%
  core-fp           4.22 W     1.79  J      6.76%
  core-mem          4.82 W     2.04  J      7.72%
  core-other        3.79 W     1.61  J      6.08%
  icache            2.56 W     1.08  J      4.10%
  dcache           10.33 W     4.38  J     16.56%
  l2                1.69 W     0.72  J      2.71%
  l3                3.38 W     1.43  J      5.42%
  dram              4.38 W     1.86  J      7.02%
  other             0.03 W     0.01  J      0.05%

  core             39.99 W    16.97  J     64.12%
  cache            17.96 W     7.62  J     28.80%
  total            62.36 W    26.46  J    100.00%
Warning: Unable to run gnuplot to create cpi stack graphs.  Maybe gnuplot is not installed?
[SNIPER] End
[SNIPER] Elapsed time: 11728.92 seconds
[SNIPER] Running McPAT
[SPLASH] [----------    End of output    ----------]
[SPLASH] Done.
/scratch/miz087/results/inv_35_10_splash2_water.nsq_large
