[Benchmarks] set sniper output to rundi /scratch/miz087/results/inv_35_10_splash2_water.sp_large
/scratch/miz087/results/inv_35_10_splash2_water.sp_large
[SPLASH] Benchmarks to run: water.sp

[SPLASH] [========== Running benchmark water.sp ==========]
[SPLASH] Setting up run directory: /scratch/miz087/results/inv_35_10_splash2_water.sp_large
[SPLASH] Running 'SNIPER_APP_LD_PRELOAD=$LD_PRELOAD; unset LD_PRELOAD; /home_masters/miz087/workplace/micro_exp/run-sniper -n 4 -m 'localhost' -d '/scratch/miz087/results/inv_35_10_splash2_water.sp_large' -sthermalstats --power -c gainestown_cache --roi --curdir=/home_masters/miz087/workplace/micro_exp/benchmarks  --  /home_masters/miz087/workplace/micro_exp/benchmarks/splash2/splash2/codes/apps/water-spatial/WATER-SPATIAL < input':
[SPLASH] [---------- Beginning of output ----------]
[SNIPER] Start
----------BEGIN_INIT_STATS_MANAGER------------
----------END_INIT_STATS_MANAGER------------
Normal Cache Total set: 524288
now initialize a stacked dram unison cache
Executing Python script /scratch/miz087/results/inv_35_10_splash2_water.sp_large/sim.scripts.py
[SNIPER] --------------------------------------------------------------------------------
[SNIPER] Sniper using Pin frontend
[SNIPER] Running pre-ROI region in  CACHE_ONLY mode
[SNIPER] Running application ROI in DETAILED mode
[SNIPER] Running post-ROI region in FAST_FORWARD mode
[SNIPER] --------------------------------------------------------------------------------
Using 4 procs on 3 steps of 2197 mols
Other parameters:
	TSTEP = 1.50e-16
	NORDER = 6
	NSAVE = -1
	NRST = 3000
	NPRINT = 3
	NFMC = 0
	CUTOFF = 6.212752

216 boxes with 4 processors


TEMPERATURE                =   298.00 K
DENSITY                    =  0.99800 G/C.C.
NUMBER OF MOLECULES        =     2197
NUMBER OF PROCESSORS       =        4
TIME STEP                  = 1.50e-01 SEC
ORDER USED TO SOLVE F=MA   =        6 
NO. OF TIME STEPS          =        3 
FREQUENCY OF DATA SAVING   =       -1 
FREQUENCY TO WRITE RST FILE=     3000 
xprocs = 1	yprocs = 2	zprocs = 2
x_inc = 6	 y_inc = 3	 z_inc = 3
x_left = 0	 y_left = 0	 z_left = 0
SPHERICAL CUTOFF RADIUS    =   6.2128 ANGSTROM

NS = 12.9999999999999876
BOXL =  40.382890
CUTOFF =   6.212752
BOX_LENGTH =   6.730482
BOX_PER_SIDE = 6
XS =   3.106376
ZERO = 1.55319
WCOS = 0.585882
WSIN = 0.756950
***** NEW RUN STARTING FROM REGULAR LATTICE *****
[HOOKS] Entering ROI
[SNIPER] Enabling performance models
[SNIPER] Setting instrumentation mode to DETAILED
CREATETIME = 200008
         3        1.56951      0.05533     10.52071     -2.12017 
           10.025        298.53215        -19.56982
[SNIPER] Disabling performance models
[SNIPER] Leaving ROI after 2413.24 seconds
[SNIPER] Simulated 2086.1M instructions, 315.7M cycles, 6.61 IPC
[SNIPER] Simulation speed 867.0 KIPS (216.8 KIPS / target core - 4613.3ns/instr)
[SNIPER] Sampling: executed 93.59% of simulated time in detailed mode
[SNIPER] Setting instrumentation mode to FAST_FORWARD
[HOOKS] Leaving ROI
COMPUTESTART (after initialization) = 546673385
COMPUTEEND = 2936796134
COMPUTETIME (after initialization) = 2390122749
Measured Time (2nd timestep onward) = 1467669542
Intramolecular time only (2nd timestep onward) = 33197485
Intermolecular time only (2nd timestep onward) = 1434088041
Other time (2nd timestep onward) = 384016

Exited Happily with XTT = 10.0254 (note: XTT value is garbage if NPRINT > NSTEP)

 ***** [DRAM_CACHE_Result] *****

*** DRAM Total Access: 322135, miss: 111089, miss rate: 0.344852
*** DRAM Total Access In ROI: 241884, miss: 80026, miss rate: 0.330845
*** DRAM Remap Times: 20462 invalid times, 36452 total invalid_blocks, 0 migrate times, 0 total migrate blocks.
*** DRAM Statistics: 33499155 reads, 15161110 writes, 36141821 row hits, 1806343 ACT time, 1806343 PRE time, 874154 RD time, 260868 WR time.

 ***** [DRAM_CACHE_Result] *****

[RAMULATOR OUTPUT]

**Total Ticks: 62849185

**Ramulator Active Cycles: 4.27087e+06

**DRAM Cycles: 6.28492e+07

**Maximum Bandwidth: 0

Number of Incoming Requests: 756079

**Serving Request**
Channel_0: serving reads(28779), serving writes(4905).
Channel_1: serving reads(9285), serving writes(3195).
Channel_2: serving reads(9800), serving writes(3887).
Channel_3: serving reads(9592), serving writes(3761).
Channel_4: serving reads(8357), serving writes(3455).
Channel_5: serving reads(17362), serving writes(7422).
Channel_6: serving reads(19952), serving writes(8219).
Channel_7: serving reads(17646), serving writes(7961).
Channel_8: serving reads(15341), serving writes(7944).
Channel_9: serving reads(15996), serving writes(7276).
Channel_10: serving reads(15460), serving writes(7368).
Channel_11: serving reads(16370), serving writes(6994).
Channel_12: serving reads(13138), serving writes(7202).
Channel_13: serving reads(13902), serving writes(7053).
Channel_14: serving reads(13606), serving writes(6898).
Channel_15: serving reads(14517), serving writes(6730).
Channel_16: serving reads(12601), serving writes(6711).
Channel_17: serving reads(13958), serving writes(6672).
Channel_18: serving reads(12714), serving writes(6525).
Channel_19: serving reads(14491), serving writes(7044).
Channel_20: serving reads(12255), serving writes(6620).
Channel_21: serving reads(12839), serving writes(6621).
Channel_22: serving reads(12305), serving writes(6250).
Channel_23: serving reads(13824), serving writes(6923).
Channel_24: serving reads(25812), serving writes(14747).
Channel_25: serving reads(15837), serving writes(8527).
Channel_26: serving reads(12392), serving writes(6643).
Channel_27: serving reads(11781), serving writes(6291).
Channel_28: serving reads(12507), serving writes(6570).
Channel_29: serving reads(11929), serving writes(6290).
Channel_30: serving reads(12146), serving writes(6534).
Channel_31: serving reads(9403), serving writes(4783).
[RAMULATOR OUTPUT]

----------[STAT_STORE_UNIT]-----------

Hot Access: 199970, Cool Access: 565080

Hits on previous hot rows: 15270

Hits on previous cool rows: 969

Total remap times: 10246, Total Inter-Vault remaps: 10246, Total number of intervals: 1429


----------[STAT_STORE_UNIT]-----------

 ***** [REF/AC_Result] *****
/*BANK*/0->0: cool access (421), hot access (0), error acces (0).
/*BANK*/0->1: cool access (10555), hot access (0), error acces (0).
/*BANK*/0->2: cool access (0), hot access (0), error acces (0).
/*BANK*/0->3: cool access (0), hot access (0), error acces (0).
/*BANK*/0->4: cool access (0), hot access (0), error acces (0).
/*BANK*/0->5: cool access (0), hot access (0), error acces (0).
/*BANK*/0->6: cool access (0), hot access (0), error acces (0).
/*BANK*/0->7: cool access (37449), hot access (0), error acces (0).
/*BANK*/1->0: cool access (21), hot access (0), error acces (0).
/*BANK*/1->1: cool access (11156), hot access (0), error acces (0).
/*BANK*/1->2: cool access (0), hot access (0), error acces (0).
/*BANK*/1->3: cool access (0), hot access (0), error acces (0).
/*BANK*/1->4: cool access (0), hot access (0), error acces (0).
/*BANK*/1->5: cool access (0), hot access (0), error acces (0).
/*BANK*/1->6: cool access (0), hot access (0), error acces (0).
/*BANK*/1->7: cool access (0), hot access (0), error acces (0).
/*BANK*/2->0: cool access (361), hot access (0), error acces (0).
/*BANK*/2->1: cool access (14644), hot access (0), error acces (0).
/*BANK*/2->2: cool access (0), hot access (0), error acces (0).
/*BANK*/2->3: cool access (0), hot access (0), error acces (0).
/*BANK*/2->4: cool access (0), hot access (0), error acces (0).
/*BANK*/2->5: cool access (0), hot access (0), error acces (0).
/*BANK*/2->6: cool access (0), hot access (0), error acces (0).
/*BANK*/2->7: cool access (0), hot access (0), error acces (0).
/*BANK*/3->0: cool access (111), hot access (0), error acces (0).
/*BANK*/3->1: cool access (14910), hot access (0), error acces (0).
/*BANK*/3->2: cool access (0), hot access (0), error acces (0).
/*BANK*/3->3: cool access (0), hot access (0), error acces (0).
/*BANK*/3->4: cool access (0), hot access (0), error acces (0).
/*BANK*/3->5: cool access (0), hot access (0), error acces (0).
/*BANK*/3->6: cool access (0), hot access (0), error acces (0).
/*BANK*/3->7: cool access (0), hot access (0), error acces (0).
/*BANK*/4->0: cool access (8948), hot access (0), error acces (0).
/*BANK*/4->1: cool access (3029), hot access (0), error acces (0).
/*BANK*/4->2: cool access (18), hot access (0), error acces (0).
/*BANK*/4->3: cool access (0), hot access (0), error acces (0).
/*BANK*/4->4: cool access (0), hot access (0), error acces (0).
/*BANK*/4->5: cool access (0), hot access (0), error acces (0).
/*BANK*/4->6: cool access (0), hot access (0), error acces (0).
/*BANK*/4->7: cool access (0), hot access (0), error acces (0).
/*BANK*/5->0: cool access (25894), hot access (0), error acces (0).
/*BANK*/5->1: cool access (0), hot access (0), error acces (0).
/*BANK*/5->2: cool access (0), hot access (0), error acces (0).
/*BANK*/5->3: cool access (0), hot access (0), error acces (0).
/*BANK*/5->4: cool access (0), hot access (0), error acces (0).
/*BANK*/5->5: cool access (0), hot access (0), error acces (0).
/*BANK*/5->6: cool access (0), hot access (0), error acces (0).
/*BANK*/5->7: cool access (0), hot access (0), error acces (0).
/*BANK*/6->0: cool access (32053), hot access (0), error acces (0).
/*BANK*/6->1: cool access (0), hot access (0), error acces (0).
/*BANK*/6->2: cool access (0), hot access (0), error acces (0).
/*BANK*/6->3: cool access (0), hot access (0), error acces (0).
/*BANK*/6->4: cool access (0), hot access (0), error acces (0).
/*BANK*/6->5: cool access (0), hot access (0), error acces (0).
/*BANK*/6->6: cool access (0), hot access (0), error acces (0).
/*BANK*/6->7: cool access (0), hot access (0), error acces (0).
/*BANK*/7->0: cool access (29018), hot access (0), error acces (0).
/*BANK*/7->1: cool access (0), hot access (0), error acces (0).
/*BANK*/7->2: cool access (0), hot access (0), error acces (0).
/*BANK*/7->3: cool access (0), hot access (0), error acces (0).
/*BANK*/7->4: cool access (0), hot access (0), error acces (0).
/*BANK*/7->5: cool access (0), hot access (0), error acces (0).
/*BANK*/7->6: cool access (0), hot access (0), error acces (0).
/*BANK*/7->7: cool access (0), hot access (0), error acces (0).
/*BANK*/8->0: cool access (20105), hot access (4730), error acces (0).
/*BANK*/8->1: cool access (0), hot access (0), error acces (0).
/*BANK*/8->2: cool access (0), hot access (0), error acces (0).
/*BANK*/8->3: cool access (0), hot access (0), error acces (0).
/*BANK*/8->4: cool access (592), hot access (0), error acces (0).
/*BANK*/8->5: cool access (0), hot access (0), error acces (0).
/*BANK*/8->6: cool access (0), hot access (0), error acces (0).
/*BANK*/8->7: cool access (0), hot access (0), error acces (0).
/*BANK*/9->0: cool access (25971), hot access (818), error acces (0).
/*BANK*/9->1: cool access (0), hot access (0), error acces (0).
/*BANK*/9->2: cool access (0), hot access (0), error acces (0).
/*BANK*/9->3: cool access (0), hot access (0), error acces (0).
/*BANK*/9->4: cool access (40), hot access (0), error acces (0).
/*BANK*/9->5: cool access (0), hot access (0), error acces (0).
/*BANK*/9->6: cool access (0), hot access (0), error acces (0).
/*BANK*/9->7: cool access (0), hot access (0), error acces (0).
/*BANK*/10->0: cool access (23363), hot access (2779), error acces (0).
/*BANK*/10->1: cool access (0), hot access (0), error acces (0).
/*BANK*/10->2: cool access (0), hot access (0), error acces (0).
/*BANK*/10->3: cool access (0), hot access (0), error acces (0).
/*BANK*/10->4: cool access (0), hot access (0), error acces (0).
/*BANK*/10->5: cool access (0), hot access (0), error acces (0).
/*BANK*/10->6: cool access (0), hot access (0), error acces (0).
/*BANK*/10->7: cool access (0), hot access (0), error acces (0).
/*BANK*/11->0: cool access (26564), hot access (0), error acces (0).
/*BANK*/11->1: cool access (0), hot access (0), error acces (0).
/*BANK*/11->2: cool access (0), hot access (0), error acces (0).
/*BANK*/11->3: cool access (0), hot access (0), error acces (0).
/*BANK*/11->4: cool access (0), hot access (0), error acces (0).
/*BANK*/11->5: cool access (0), hot access (0), error acces (0).
/*BANK*/11->6: cool access (0), hot access (0), error acces (0).
/*BANK*/11->7: cool access (0), hot access (0), error acces (0).
/*BANK*/12->0: cool access (3802), hot access (18656), error acces (5286).
/*BANK*/12->1: cool access (0), hot access (0), error acces (0).
/*BANK*/12->2: cool access (0), hot access (0), error acces (0).
/*BANK*/12->3: cool access (0), hot access (0), error acces (0).
/*BANK*/12->4: cool access (0), hot access (0), error acces (0).
/*BANK*/12->5: cool access (0), hot access (0), error acces (0).
/*BANK*/12->6: cool access (0), hot access (0), error acces (0).
/*BANK*/12->7: cool access (0), hot access (0), error acces (0).
/*BANK*/13->0: cool access (19864), hot access (3541), error acces (0).
/*BANK*/13->1: cool access (0), hot access (0), error acces (0).
/*BANK*/13->2: cool access (0), hot access (0), error acces (0).
/*BANK*/13->3: cool access (0), hot access (0), error acces (0).
/*BANK*/13->4: cool access (0), hot access (0), error acces (0).
/*BANK*/13->5: cool access (0), hot access (0), error acces (0).
/*BANK*/13->6: cool access (0), hot access (0), error acces (0).
/*BANK*/13->7: cool access (0), hot access (0), error acces (0).
/*BANK*/14->0: cool access (12288), hot access (9207), error acces (3637).
/*BANK*/14->1: cool access (0), hot access (0), error acces (0).
/*BANK*/14->2: cool access (944), hot access (63), error acces (0).
/*BANK*/14->3: cool access (0), hot access (0), error acces (0).
/*BANK*/14->4: cool access (0), hot access (0), error acces (0).
/*BANK*/14->5: cool access (0), hot access (0), error acces (0).
/*BANK*/14->6: cool access (0), hot access (0), error acces (0).
/*BANK*/14->7: cool access (0), hot access (0), error acces (0).
/*BANK*/15->0: cool access (20369), hot access (2863), error acces (0).
/*BANK*/15->1: cool access (0), hot access (0), error acces (0).
/*BANK*/15->2: cool access (0), hot access (0), error acces (0).
/*BANK*/15->3: cool access (0), hot access (0), error acces (0).
/*BANK*/15->4: cool access (0), hot access (0), error acces (0).
/*BANK*/15->5: cool access (0), hot access (0), error acces (0).
/*BANK*/15->6: cool access (0), hot access (0), error acces (0).
/*BANK*/15->7: cool access (0), hot access (0), error acces (0).
/*BANK*/16->0: cool access (10999), hot access (10391), error acces (3695).
/*BANK*/16->1: cool access (0), hot access (0), error acces (0).
/*BANK*/16->2: cool access (0), hot access (0), error acces (0).
/*BANK*/16->3: cool access (0), hot access (0), error acces (0).
/*BANK*/16->4: cool access (0), hot access (0), error acces (0).
/*BANK*/16->5: cool access (0), hot access (0), error acces (0).
/*BANK*/16->6: cool access (65), hot access (0), error acces (0).
/*BANK*/16->7: cool access (0), hot access (0), error acces (0).
/*BANK*/17->0: cool access (19891), hot access (3346), error acces (0).
/*BANK*/17->1: cool access (0), hot access (0), error acces (0).
/*BANK*/17->2: cool access (0), hot access (0), error acces (0).
/*BANK*/17->3: cool access (0), hot access (0), error acces (0).
/*BANK*/17->4: cool access (0), hot access (0), error acces (0).
/*BANK*/17->5: cool access (0), hot access (0), error acces (0).
/*BANK*/17->6: cool access (0), hot access (0), error acces (0).
/*BANK*/17->7: cool access (0), hot access (0), error acces (0).
/*BANK*/18->0: cool access (17557), hot access (3730), error acces (0).
/*BANK*/18->1: cool access (0), hot access (0), error acces (0).
/*BANK*/18->2: cool access (0), hot access (0), error acces (0).
/*BANK*/18->3: cool access (0), hot access (0), error acces (0).
/*BANK*/18->4: cool access (0), hot access (0), error acces (0).
/*BANK*/18->5: cool access (0), hot access (0), error acces (0).
/*BANK*/18->6: cool access (0), hot access (0), error acces (0).
/*BANK*/18->7: cool access (0), hot access (0), error acces (0).
/*BANK*/19->0: cool access (20580), hot access (3582), error acces (0).
/*BANK*/19->1: cool access (0), hot access (0), error acces (0).
/*BANK*/19->2: cool access (0), hot access (0), error acces (0).
/*BANK*/19->3: cool access (0), hot access (0), error acces (0).
/*BANK*/19->4: cool access (0), hot access (0), error acces (0).
/*BANK*/19->5: cool access (0), hot access (0), error acces (0).
/*BANK*/19->6: cool access (0), hot access (0), error acces (0).
/*BANK*/19->7: cool access (0), hot access (0), error acces (0).
/*BANK*/20->0: cool access (8108), hot access (12908), error acces (4008).
/*BANK*/20->1: cool access (0), hot access (0), error acces (0).
/*BANK*/20->2: cool access (0), hot access (0), error acces (0).
/*BANK*/20->3: cool access (0), hot access (0), error acces (0).
/*BANK*/20->4: cool access (0), hot access (0), error acces (0).
/*BANK*/20->5: cool access (0), hot access (0), error acces (0).
/*BANK*/20->6: cool access (0), hot access (0), error acces (0).
/*BANK*/20->7: cool access (0), hot access (0), error acces (0).
/*BANK*/21->0: cool access (17073), hot access (4197), error acces (0).
/*BANK*/21->1: cool access (0), hot access (0), error acces (0).
/*BANK*/21->2: cool access (0), hot access (0), error acces (0).
/*BANK*/21->3: cool access (0), hot access (0), error acces (0).
/*BANK*/21->4: cool access (0), hot access (0), error acces (0).
/*BANK*/21->5: cool access (0), hot access (0), error acces (0).
/*BANK*/21->6: cool access (0), hot access (0), error acces (0).
/*BANK*/21->7: cool access (0), hot access (0), error acces (0).
/*BANK*/22->0: cool access (16218), hot access (3967), error acces (791).
/*BANK*/22->1: cool access (0), hot access (0), error acces (0).
/*BANK*/22->2: cool access (0), hot access (0), error acces (0).
/*BANK*/22->3: cool access (0), hot access (0), error acces (0).
/*BANK*/22->4: cool access (0), hot access (0), error acces (0).
/*BANK*/22->5: cool access (0), hot access (0), error acces (0).
/*BANK*/22->6: cool access (0), hot access (0), error acces (0).
/*BANK*/22->7: cool access (0), hot access (0), error acces (0).
/*BANK*/23->0: cool access (16905), hot access (4298), error acces (0).
/*BANK*/23->1: cool access (1679), hot access (247), error acces (0).
/*BANK*/23->2: cool access (0), hot access (0), error acces (0).
/*BANK*/23->3: cool access (0), hot access (0), error acces (0).
/*BANK*/23->4: cool access (0), hot access (0), error acces (0).
/*BANK*/23->5: cool access (0), hot access (0), error acces (0).
/*BANK*/23->6: cool access (0), hot access (0), error acces (0).
/*BANK*/23->7: cool access (0), hot access (0), error acces (0).
/*BANK*/24->0: cool access (12), hot access (20899), error acces (12492).
/*BANK*/24->1: cool access (13164), hot access (15905), error acces (4470).
/*BANK*/24->2: cool access (0), hot access (0), error acces (0).
/*BANK*/24->3: cool access (0), hot access (0), error acces (0).
/*BANK*/24->4: cool access (0), hot access (0), error acces (0).
/*BANK*/24->5: cool access (0), hot access (0), error acces (0).
/*BANK*/24->6: cool access (0), hot access (0), error acces (0).
/*BANK*/24->7: cool access (0), hot access (0), error acces (0).
/*BANK*/25->0: cool access (9413), hot access (11879), error acces (1705).
/*BANK*/25->1: cool access (4192), hot access (2490), error acces (1004).
/*BANK*/25->2: cool access (0), hot access (0), error acces (0).
/*BANK*/25->3: cool access (0), hot access (0), error acces (0).
/*BANK*/25->4: cool access (0), hot access (0), error acces (0).
/*BANK*/25->5: cool access (0), hot access (0), error acces (0).
/*BANK*/25->6: cool access (0), hot access (0), error acces (0).
/*BANK*/25->7: cool access (0), hot access (0), error acces (0).
/*BANK*/26->0: cool access (3856), hot access (16959), error acces (4734).
/*BANK*/26->1: cool access (0), hot access (0), error acces (0).
/*BANK*/26->2: cool access (0), hot access (0), error acces (0).
/*BANK*/26->3: cool access (99), hot access (0), error acces (0).
/*BANK*/26->4: cool access (0), hot access (0), error acces (0).
/*BANK*/26->5: cool access (0), hot access (0), error acces (0).
/*BANK*/26->6: cool access (0), hot access (0), error acces (0).
/*BANK*/26->7: cool access (0), hot access (0), error acces (0).
/*BANK*/27->0: cool access (14295), hot access (6257), error acces (0).
/*BANK*/27->1: cool access (0), hot access (0), error acces (0).
/*BANK*/27->2: cool access (0), hot access (0), error acces (0).
/*BANK*/27->3: cool access (0), hot access (0), error acces (0).
/*BANK*/27->4: cool access (0), hot access (0), error acces (0).
/*BANK*/27->5: cool access (0), hot access (0), error acces (0).
/*BANK*/27->6: cool access (0), hot access (0), error acces (0).
/*BANK*/27->7: cool access (0), hot access (0), error acces (0).
/*BANK*/28->0: cool access (7559), hot access (14305), error acces (4815).
/*BANK*/28->1: cool access (0), hot access (0), error acces (0).
/*BANK*/28->2: cool access (0), hot access (0), error acces (0).
/*BANK*/28->3: cool access (0), hot access (0), error acces (0).
/*BANK*/28->4: cool access (0), hot access (0), error acces (0).
/*BANK*/28->5: cool access (0), hot access (0), error acces (0).
/*BANK*/28->6: cool access (0), hot access (0), error acces (0).
/*BANK*/28->7: cool access (0), hot access (0), error acces (0).
/*BANK*/29->0: cool access (15992), hot access (4194), error acces (0).
/*BANK*/29->1: cool access (0), hot access (0), error acces (0).
/*BANK*/29->2: cool access (0), hot access (0), error acces (0).
/*BANK*/29->3: cool access (0), hot access (0), error acces (0).
/*BANK*/29->4: cool access (0), hot access (0), error acces (0).
/*BANK*/29->5: cool access (0), hot access (0), error acces (0).
/*BANK*/29->6: cool access (0), hot access (0), error acces (0).
/*BANK*/29->7: cool access (0), hot access (0), error acces (0).
/*BANK*/30->0: cool access (12895), hot access (8329), error acces (0).
/*BANK*/30->1: cool access (0), hot access (0), error acces (0).
/*BANK*/30->2: cool access (0), hot access (0), error acces (0).
/*BANK*/30->3: cool access (0), hot access (0), error acces (0).
/*BANK*/30->4: cool access (0), hot access (0), error acces (0).
/*BANK*/30->5: cool access (0), hot access (0), error acces (0).
/*BANK*/30->6: cool access (0), hot access (0), error acces (0).
/*BANK*/30->7: cool access (0), hot access (0), error acces (0).
/*BANK*/31->0: cool access (12532), hot access (3067), error acces (0).
/*BANK*/31->1: cool access (0), hot access (0), error acces (0).
/*BANK*/31->2: cool access (0), hot access (0), error acces (0).
/*BANK*/31->3: cool access (0), hot access (0), error acces (0).
/*BANK*/31->4: cool access (0), hot access (0), error acces (0).
/*BANK*/31->5: cool access (0), hot access (0), error acces (0).
/*BANK*/31->6: cool access (0), hot access (0), error acces (0).
/*BANK*/31->7: cool access (0), hot access (0), error acces (0).
{Summary}: 193607 Hot Accesses, 565574 Cool Accesses.

 ***** [REF/AC_Result] *****
                     Power     Energy    Energy %
  core-core        21.62 W     2.43  J     31.63%
  core-ifetch       4.28 W     0.48  J      6.26%
  core-alu          1.56 W     0.18  J      2.28%
  core-int          3.10 W     0.35  J      4.54%
  core-fp           4.57 W     0.51  J      6.68%
  core-mem          5.42 W     0.61  J      7.92%
  core-other        3.79 W     0.43  J      5.55%
  icache            2.91 W     0.33  J      4.26%
  dcache           11.51 W     1.29  J     16.84%
  l2                1.71 W     0.19  J      2.50%
  l3                3.40 W     0.38  J      4.98%
  dram              4.46 W     0.50  J      6.53%
  other             0.03 W     3.68 mJ      0.05%

  core             44.34 W     4.98  J     64.86%
  cache            19.53 W     2.19  J     28.56%
  total            68.36 W     7.68  J    100.00%
Warning: Unable to run gnuplot to create cpi stack graphs.  Maybe gnuplot is not installed?
[SNIPER] End
[SNIPER] Elapsed time: 2450.22 seconds
[SNIPER] Running McPAT
[SPLASH] [----------    End of output    ----------]
[SPLASH] Done.
/scratch/miz087/results/inv_35_10_splash2_water.sp_large
