[Benchmarks] set sniper output to rundi /scratch/miz087/results/inv_30_10_splash2_water.nsq_large
/scratch/miz087/results/inv_30_10_splash2_water.nsq_large
[SPLASH] Benchmarks to run: water.nsq

[SPLASH] [========== Running benchmark water.nsq ==========]
[SPLASH] Setting up run directory: /scratch/miz087/results/inv_30_10_splash2_water.nsq_large
[SPLASH] Running 'SNIPER_APP_LD_PRELOAD=$LD_PRELOAD; unset LD_PRELOAD; /home_masters/miz087/workplace/micro_exp/run-sniper -n 4 -m 'localhost' -d '/scratch/miz087/results/inv_30_10_splash2_water.nsq_large' -sthermalstats --power -c gainestown_cache --roi --curdir=/home_masters/miz087/workplace/micro_exp/benchmarks  --  /home_masters/miz087/workplace/micro_exp/benchmarks/splash2/splash2/codes/apps/water-nsquared/WATER-NSQUARED < input':
[SPLASH] [---------- Beginning of output ----------]
[SNIPER] Start
----------BEGIN_INIT_STATS_MANAGER------------
----------END_INIT_STATS_MANAGER------------
Normal Cache Total set: 524288
now initialize a stacked dram unison cache
Executing Python script /scratch/miz087/results/inv_30_10_splash2_water.nsq_large/sim.scripts.py
[SNIPER] --------------------------------------------------------------------------------
[SNIPER] Sniper using Pin frontend
[SNIPER] Running pre-ROI region in  CACHE_ONLY mode
[SNIPER] Running application ROI in DETAILED mode
[SNIPER] Running post-ROI region in FAST_FORWARD mode
[SNIPER] --------------------------------------------------------------------------------
Using 4 procs on 3 steps of 2197 mols
Other parameters:
	TSTEP = 1.50e-16
	NORDER = 6
	NSAVE = -1
	NRST = 3000
	NPRINT = 3
	NFMC = 0
	CUTOFF = 6.212752


TEMPERATURE                =   298.00 K
DENSITY                    =  0.99800 G/C.C.
NUMBER OF MOLECULES        =     2197
NUMBER OF PROCESSORS       =        4
TIME STEP                  = 1.50e-01 SEC
ORDER USED TO SOLVE F=MA   =        6 
NO. OF TIME STEPS          =        3 
FREQUENCY OF DATA SAVING   =       -1 
FREQUENCY TO WRITE RST FILE=     3000 
SPHERICAL CUTOFF RADIUS    =   6.2128 ANGSTROM

NS = 12.9999899999999986
BOXL =  40.382890
CUTOFF =   6.212752
XS =   3.106379
ZERO = 1.55319
WCOS = 0.585882
WSIN = 0.756950
***** NEW RUN STARTING FROM REGULAR LATTICE *****
[HOOKS] Entering ROI
[SNIPER] Enabling performance models
[SNIPER] Setting instrumentation mode to DETAILED
[Benchmarks] set sniper output to rundi /scratch/miz087/results/inv_30_10_splash2_water.nsq_large
/scratch/miz087/results/inv_30_10_splash2_water.nsq_large
[SPLASH] Benchmarks to run: water.nsq

[SPLASH] [========== Running benchmark water.nsq ==========]
[SPLASH] Setting up run directory: /scratch/miz087/results/inv_30_10_splash2_water.nsq_large
[SPLASH] Running 'SNIPER_APP_LD_PRELOAD=$LD_PRELOAD; unset LD_PRELOAD; /home_masters/miz087/workplace/micro_exp/run-sniper -n 4 -m 'localhost' -d '/scratch/miz087/results/inv_30_10_splash2_water.nsq_large' -sthermalstats --power -c gainestown_cache --roi --curdir=/home_masters/miz087/workplace/micro_exp/benchmarks  --  /home_masters/miz087/workplace/micro_exp/benchmarks/splash2/splash2/codes/apps/water-nsquared/WATER-NSQUARED < input':
[SPLASH] [---------- Beginning of output ----------]
[SNIPER] Start
----------BEGIN_INIT_STATS_MANAGER------------
----------END_INIT_STATS_MANAGER------------
Normal Cache Total set: 524288
now initialize a stacked dram unison cache
Executing Python script /scratch/miz087/results/inv_30_10_splash2_water.nsq_large/sim.scripts.py
[SNIPER] --------------------------------------------------------------------------------
[SNIPER] Sniper using Pin frontend
[SNIPER] Running pre-ROI region in  CACHE_ONLY mode
[SNIPER] Running application ROI in DETAILED mode
[SNIPER] Running post-ROI region in FAST_FORWARD mode
[SNIPER] --------------------------------------------------------------------------------
Using 4 procs on 3 steps of 2197 mols
Other parameters:
	TSTEP = 1.50e-16
	NORDER = 6
	NSAVE = -1
	NRST = 3000
	NPRINT = 3
	NFMC = 0
	CUTOFF = 6.212752


TEMPERATURE                =   298.00 K
DENSITY                    =  0.99800 G/C.C.
NUMBER OF MOLECULES        =     2197
NUMBER OF PROCESSORS       =        4
TIME STEP                  = 1.50e-01 SEC
ORDER USED TO SOLVE F=MA   =        6 
NO. OF TIME STEPS          =        3 
FREQUENCY OF DATA SAVING   =       -1 
FREQUENCY TO WRITE RST FILE=     3000 
SPHERICAL CUTOFF RADIUS    =   6.2128 ANGSTROM

NS = 12.9999899999999986
BOXL =  40.382890
CUTOFF =   6.212752
XS =   3.106379
ZERO = 1.55319
WCOS = 0.585882
WSIN = 0.756950
***** NEW RUN STARTING FROM REGULAR LATTICE *****
[HOOKS] Entering ROI
[SNIPER] Enabling performance models
[SNIPER] Setting instrumentation mode to DETAILED
[SNIPER] Disabling performance models
[SNIPER] Leaving ROI after 11631.61 seconds
[SNIPER] Simulated 7044.4M instructions, 1168.8M cycles, 6.03 IPC
[SNIPER] Simulation speed 606.4 KIPS (151.6 KIPS / target core - 6596.1ns/instr)
[SNIPER] Sampling: executed 95.64% of simulated time in detailed mode
[SNIPER] Setting instrumentation mode to FAST_FORWARD
CREATETIME = 300000
         3        1.56974      0.05533     10.52082                      -2.12029
           10.026        305.16885        -19.56999
[HOOKS] Leaving ROI
COMPUTESTART (after initialization) = 2954361659
COMPUTEEND = 1660167408
COMPUTETIME (after initialization) = 3000773045
Measured Time (2nd timestep onward) = 2544788490
Intramolecular time only (2nd timestep onward) = 23692000
Intermolecular time only (2nd timestep onward) = 2520788490
Other time (2nd timestep onward) = 308000

Exited Happily with XTT = 10.0256 (note: XTT value is garbage if NPRINT > NSTEP)

 ***** [DRAM_CACHE_Result] *****

*** DRAM Total Access: 852615, miss: 798620, miss rate: 0.936671
*** DRAM Total Access In ROI: 549265, miss: 548857, miss rate: 0.999257
*** DRAM Remap Times: 66138 invalid times, 14416 total invalid_blocks, 0 migrate times, 0 total migrate blocks.
*** DRAM Statistics: 311059602 reads, 310550835 writes, 321594578 row hits, 31942812 ACT time, 31942812 PRE time, 20489719 RD time, 9620292 WR time.

 ***** [DRAM_CACHE_Result] *****

[RAMULATOR OUTPUT]

**Total Ticks: 203068831

**Ramulator Active Cycles: 1.66155e+07

**DRAM Cycles: 2.03069e+08

**Maximum Bandwidth: 0

Number of Incoming Requests: 2.40861e+06

**Serving Request**
Channel_0: serving reads(35751), serving writes(25313).
Channel_1: serving reads(23643), serving writes(23964).
Channel_2: serving reads(21797), serving writes(23548).
Channel_3: serving reads(21116), serving writes(22926).
Channel_4: serving reads(30235), serving writes(33899).
Channel_5: serving reads(31704), serving writes(36100).
Channel_6: serving reads(35708), serving writes(41991).
Channel_7: serving reads(36721), serving writes(43335).
Channel_8: serving reads(41746), serving writes(40642).
Channel_9: serving reads(39640), serving writes(47534).
Channel_10: serving reads(38921), serving writes(39947).
Channel_11: serving reads(37273), serving writes(45292).
Channel_12: serving reads(38628), serving writes(38008).
Channel_13: serving reads(37135), serving writes(41016).
Channel_14: serving reads(37496), serving writes(37829).
Channel_15: serving reads(37861), serving writes(42821).
Channel_16: serving reads(39657), serving writes(42249).
Channel_17: serving reads(38551), serving writes(44047).
Channel_18: serving reads(35804), serving writes(38305).
Channel_19: serving reads(32785), serving writes(37803).
Channel_20: serving reads(28401), serving writes(28444).
Channel_21: serving reads(26503), serving writes(25938).
Channel_22: serving reads(28477), serving writes(24217).
Channel_23: serving reads(25910), serving writes(22731).
Channel_24: serving reads(25937), serving writes(22865).
Channel_25: serving reads(24308), serving writes(20975).
Channel_26: serving reads(18414), serving writes(18294).
Channel_27: serving reads(16873), serving writes(17774).
Channel_28: serving reads(16795), serving writes(17709).
Channel_29: serving reads(16794), serving writes(17740).
Channel_30: serving reads(20130), serving writes(22254).
Channel_31: serving reads(22943), serving writes(26390).
[RAMULATOR OUTPUT]

----------[STAT_STORE_UNIT]-----------

Hot Access: 274477, Cool Access: 3437500

Hits on previous hot rows: 10909

Hits on previous cool rows: 607

Total remap times: 33069, Total Inter-Vault remaps: 33069, Total number of intervals: 5344


----------[STAT_STORE_UNIT]-----------

 ***** [REF/AC_Result] *****
/*BANK*/0->0: cool access (122), hot access (0), error acces (0).
/*BANK*/0->1: cool access (7814), hot access (0), error acces (0).
/*BANK*/0->2: cool access (5053), hot access (0), error acces (0).
/*BANK*/0->3: cool access (7870), hot access (0), error acces (0).
/*BANK*/0->4: cool access (3925), hot access (0), error acces (0).
/*BANK*/0->5: cool access (28802), hot access (0), error acces (0).
/*BANK*/0->6: cool access (3972), hot access (0), error acces (0).
/*BANK*/0->7: cool access (38779), hot access (0), error acces (0).
/*BANK*/1->0: cool access (12), hot access (0), error acces (0).
/*BANK*/1->1: cool access (7797), hot access (0), error acces (0).
/*BANK*/1->2: cool access (12330), hot access (0), error acces (0).
/*BANK*/1->3: cool access (7765), hot access (0), error acces (0).
/*BANK*/1->4: cool access (3965), hot access (0), error acces (0).
/*BANK*/1->5: cool access (20377), hot access (0), error acces (0).
/*BANK*/1->6: cool access (3953), hot access (0), error acces (0).
/*BANK*/1->7: cool access (0), hot access (0), error acces (0).
/*BANK*/2->0: cool access (128), hot access (0), error acces (0).
/*BANK*/2->1: cool access (7815), hot access (0), error acces (0).
/*BANK*/2->2: cool access (13130), hot access (0), error acces (0).
/*BANK*/2->3: cool access (7846), hot access (0), error acces (0).
/*BANK*/2->4: cool access (3985), hot access (0), error acces (0).
/*BANK*/2->5: cool access (18766), hot access (0), error acces (0).
/*BANK*/2->6: cool access (3923), hot access (0), error acces (0).
/*BANK*/2->7: cool access (0), hot access (0), error acces (0).
/*BANK*/3->0: cool access (42), hot access (0), error acces (0).
/*BANK*/3->1: cool access (7829), hot access (0), error acces (0).
/*BANK*/3->2: cool access (13736), hot access (0), error acces (0).
/*BANK*/3->3: cool access (7765), hot access (0), error acces (0).
/*BANK*/3->4: cool access (6686), hot access (0), error acces (0).
/*BANK*/3->5: cool access (13544), hot access (0), error acces (0).
/*BANK*/3->6: cool access (3947), hot access (0), error acces (0).
/*BANK*/3->7: cool access (0), hot access (0), error acces (0).
/*BANK*/4->0: cool access (22666), hot access (0), error acces (0).
/*BANK*/4->1: cool access (7793), hot access (0), error acces (0).
/*BANK*/4->2: cool access (17178), hot access (0), error acces (0).
/*BANK*/4->3: cool access (7865), hot access (0), error acces (0).
/*BANK*/4->4: cool access (12679), hot access (0), error acces (0).
/*BANK*/4->5: cool access (13867), hot access (0), error acces (0).
/*BANK*/4->6: cool access (3953), hot access (0), error acces (0).
/*BANK*/4->7: cool access (0), hot access (0), error acces (0).
/*BANK*/5->0: cool access (28538), hot access (0), error acces (0).
/*BANK*/5->1: cool access (7946), hot access (0), error acces (0).
/*BANK*/5->2: cool access (18408), hot access (0), error acces (0).
/*BANK*/5->3: cool access (7875), hot access (0), error acces (0).
/*BANK*/5->4: cool access (13713), hot access (0), error acces (0).
/*BANK*/5->5: cool access (13968), hot access (0), error acces (0).
/*BANK*/5->6: cool access (3988), hot access (0), error acces (0).
/*BANK*/5->7: cool access (0), hot access (0), error acces (0).
/*BANK*/6->0: cool access (41394), hot access (0), error acces (0).
/*BANK*/6->1: cool access (4390), hot access (0), error acces (0).
/*BANK*/6->2: cool access (20421), hot access (0), error acces (0).
/*BANK*/6->3: cool access (7783), hot access (0), error acces (0).
/*BANK*/6->4: cool access (15432), hot access (0), error acces (0).
/*BANK*/6->5: cool access (11581), hot access (0), error acces (0).
/*BANK*/6->6: cool access (8768), hot access (0), error acces (0).
/*BANK*/6->7: cool access (0), hot access (0), error acces (0).
/*BANK*/7->0: cool access (40513), hot access (0), error acces (0).
/*BANK*/7->1: cool access (3941), hot access (0), error acces (0).
/*BANK*/7->2: cool access (23370), hot access (0), error acces (0).
/*BANK*/7->3: cool access (7914), hot access (0), error acces (0).
/*BANK*/7->4: cool access (17599), hot access (0), error acces (0).
/*BANK*/7->5: cool access (7841), hot access (0), error acces (0).
/*BANK*/7->6: cool access (14616), hot access (0), error acces (0).
/*BANK*/7->7: cool access (0), hot access (0), error acces (0).
/*BANK*/8->0: cool access (7773), hot access (30957), error acces (0).
/*BANK*/8->1: cool access (3962), hot access (0), error acces (0).
/*BANK*/8->2: cool access (22653), hot access (0), error acces (0).
/*BANK*/8->3: cool access (8137), hot access (0), error acces (0).
/*BANK*/8->4: cool access (19011), hot access (0), error acces (0).
/*BANK*/8->5: cool access (7793), hot access (0), error acces (0).
/*BANK*/8->6: cool access (18003), hot access (0), error acces (0).
/*BANK*/8->7: cool access (0), hot access (0), error acces (0).
/*BANK*/9->0: cool access (32512), hot access (17721), error acces (0).
/*BANK*/9->1: cool access (3921), hot access (0), error acces (0).
/*BANK*/9->2: cool access (24208), hot access (0), error acces (0).
/*BANK*/9->3: cool access (8387), hot access (0), error acces (0).
/*BANK*/9->4: cool access (21997), hot access (0), error acces (0).
/*BANK*/9->5: cool access (7878), hot access (0), error acces (0).
/*BANK*/9->6: cool access (14912), hot access (0), error acces (0).
/*BANK*/9->7: cool access (0), hot access (0), error acces (0).
/*BANK*/10->0: cool access (5651), hot access (21105), error acces (0).
/*BANK*/10->1: cool access (3978), hot access (0), error acces (0).
/*BANK*/10->2: cool access (24010), hot access (0), error acces (0).
/*BANK*/10->3: cool access (8173), hot access (0), error acces (0).
/*BANK*/10->4: cool access (22663), hot access (0), error acces (0).
/*BANK*/10->5: cool access (7823), hot access (0), error acces (0).
/*BANK*/10->6: cool access (21331), hot access (0), error acces (0).
/*BANK*/10->7: cool access (316), hot access (0), error acces (0).
/*BANK*/11->0: cool access (30310), hot access (0), error acces (0).
/*BANK*/11->1: cool access (3955), hot access (0), error acces (0).
/*BANK*/11->2: cool access (29904), hot access (0), error acces (0).
/*BANK*/11->3: cool access (8174), hot access (0), error acces (0).
/*BANK*/11->4: cool access (22269), hot access (0), error acces (0).
/*BANK*/11->5: cool access (7789), hot access (0), error acces (0).
/*BANK*/11->6: cool access (25745), hot access (0), error acces (0).
/*BANK*/11->7: cool access (0), hot access (0), error acces (0).
/*BANK*/12->0: cool access (4072), hot access (13869), error acces (13777).
/*BANK*/12->1: cool access (4314), hot access (581), error acces (0).
/*BANK*/12->2: cool access (4022), hot access (15542), error acces (0).
/*BANK*/12->3: cool access (8131), hot access (0), error acces (0).
/*BANK*/12->4: cool access (25400), hot access (0), error acces (0).
/*BANK*/12->5: cool access (7832), hot access (0), error acces (0).
/*BANK*/12->6: cool access (29977), hot access (0), error acces (0).
/*BANK*/12->7: cool access (0), hot access (0), error acces (0).
/*BANK*/13->0: cool access (4093), hot access (14063), error acces (0).
/*BANK*/13->1: cool access (4029), hot access (0), error acces (0).
/*BANK*/13->2: cool access (5201), hot access (19801), error acces (0).
/*BANK*/13->3: cool access (8126), hot access (0), error acces (0).
/*BANK*/13->4: cool access (29629), hot access (0), error acces (0).
/*BANK*/13->5: cool access (7857), hot access (0), error acces (0).
/*BANK*/13->6: cool access (26617), hot access (0), error acces (0).
/*BANK*/13->7: cool access (70), hot access (0), error acces (0).
/*BANK*/14->0: cool access (3980), hot access (13622), error acces (13495).
/*BANK*/14->1: cool access (4016), hot access (0), error acces (0).
/*BANK*/14->2: cool access (4086), hot access (14695), error acces (0).
/*BANK*/14->3: cool access (7837), hot access (0), error acces (0).
/*BANK*/14->4: cool access (29697), hot access (0), error acces (0).
/*BANK*/14->5: cool access (7870), hot access (0), error acces (0).
/*BANK*/14->6: cool access (25626), hot access (0), error acces (0).
/*BANK*/14->7: cool access (0), hot access (0), error acces (0).
/*BANK*/15->0: cool access (4028), hot access (13244), error acces (0).
/*BANK*/15->1: cool access (3925), hot access (0), error acces (0).
/*BANK*/15->2: cool access (22189), hot access (0), error acces (0).
/*BANK*/15->3: cool access (7903), hot access (0), error acces (0).
/*BANK*/15->4: cool access (29008), hot access (0), error acces (0).
/*BANK*/15->5: cool access (7829), hot access (0), error acces (0).
/*BANK*/15->6: cool access (35419), hot access (0), error acces (0).
/*BANK*/15->7: cool access (0), hot access (0), error acces (0).
/*BANK*/16->0: cool access (3948), hot access (12621), error acces (12577).
/*BANK*/16->1: cool access (3987), hot access (0), error acces (0).
/*BANK*/16->2: cool access (4214), hot access (14074), error acces (0).
/*BANK*/16->3: cool access (7775), hot access (0), error acces (0).
/*BANK*/16->4: cool access (38735), hot access (0), error acces (0).
/*BANK*/16->5: cool access (7843), hot access (0), error acces (0).
/*BANK*/16->6: cool access (33139), hot access (0), error acces (0).
/*BANK*/16->7: cool access (0), hot access (0), error acces (0).
/*BANK*/17->0: cool access (3911), hot access (12478), error acces (0).
/*BANK*/17->1: cool access (4122), hot access (0), error acces (0).
/*BANK*/17->2: cool access (19690), hot access (0), error acces (0).
/*BANK*/17->3: cool access (7850), hot access (0), error acces (0).
/*BANK*/17->4: cool access (30556), hot access (0), error acces (0).
/*BANK*/17->5: cool access (7867), hot access (0), error acces (0).
/*BANK*/17->6: cool access (42910), hot access (0), error acces (0).
/*BANK*/17->7: cool access (0), hot access (0), error acces (0).
/*BANK*/18->0: cool access (4036), hot access (12533), error acces (0).
/*BANK*/18->1: cool access (4205), hot access (0), error acces (0).
/*BANK*/18->2: cool access (4116), hot access (15822), error acces (0).
/*BANK*/18->3: cool access (7773), hot access (0), error acces (0).
/*BANK*/18->4: cool access (22569), hot access (0), error acces (0).
/*BANK*/18->5: cool access (7890), hot access (0), error acces (0).
/*BANK*/18->6: cool access (31932), hot access (0), error acces (0).
/*BANK*/18->7: cool access (0), hot access (0), error acces (0).
/*BANK*/19->0: cool access (3936), hot access (8087), error acces (0).
/*BANK*/19->1: cool access (4385), hot access (0), error acces (0).
/*BANK*/19->2: cool access (14609), hot access (0), error acces (0).
/*BANK*/19->3: cool access (7852), hot access (0), error acces (0).
/*BANK*/19->4: cool access (26130), hot access (0), error acces (0).
/*BANK*/19->5: cool access (7797), hot access (0), error acces (0).
/*BANK*/19->6: cool access (32380), hot access (0), error acces (0).
/*BANK*/19->7: cool access (0), hot access (0), error acces (0).
/*BANK*/20->0: cool access (3955), hot access (4005), error acces (4005).
/*BANK*/20->1: cool access (4635), hot access (0), error acces (0).
/*BANK*/20->2: cool access (4012), hot access (12201), error acces (0).
/*BANK*/20->3: cool access (7817), hot access (0), error acces (0).
/*BANK*/20->4: cool access (32762), hot access (0), error acces (0).
/*BANK*/20->5: cool access (7857), hot access (0), error acces (0).
/*BANK*/20->6: cool access (1615), hot access (0), error acces (0).
/*BANK*/20->7: cool access (0), hot access (0), error acces (0).
/*BANK*/21->0: cool access (3983), hot access (3977), error acces (0).
/*BANK*/21->1: cool access (4214), hot access (0), error acces (0).
/*BANK*/21->2: cool access (13237), hot access (0), error acces (0).
/*BANK*/21->3: cool access (7813), hot access (0), error acces (0).
/*BANK*/21->4: cool access (20934), hot access (0), error acces (0).
/*BANK*/21->5: cool access (7898), hot access (0), error acces (0).
/*BANK*/21->6: cool access (2773), hot access (0), error acces (0).
/*BANK*/21->7: cool access (0), hot access (0), error acces (0).
/*BANK*/22->0: cool access (3868), hot access (3974), error acces (0).
/*BANK*/22->1: cool access (3957), hot access (0), error acces (0).
/*BANK*/22->2: cool access (3971), hot access (7855), error acces (0).
/*BANK*/22->3: cool access (5018), hot access (0), error acces (0).
/*BANK*/22->4: cool access (13916), hot access (0), error acces (0).
/*BANK*/22->5: cool access (7797), hot access (0), error acces (0).
/*BANK*/22->6: cool access (5079), hot access (0), error acces (0).
/*BANK*/22->7: cool access (0), hot access (0), error acces (0).
/*BANK*/23->0: cool access (3893), hot access (3852), error acces (0).
/*BANK*/23->1: cool access (3935), hot access (0), error acces (0).
/*BANK*/23->2: cool access (7781), hot access (0), error acces (0).
/*BANK*/23->3: cool access (3943), hot access (0), error acces (0).
/*BANK*/23->4: cool access (13269), hot access (0), error acces (0).
/*BANK*/23->5: cool access (7917), hot access (0), error acces (0).
/*BANK*/23->6: cool access (4659), hot access (0), error acces (0).
/*BANK*/23->7: cool access (0), hot access (0), error acces (0).
/*BANK*/24->0: cool access (3952), hot access (3814), error acces (3814).
/*BANK*/24->1: cool access (3935), hot access (0), error acces (0).
/*BANK*/24->2: cool access (3939), hot access (3926), error acces (0).
/*BANK*/24->3: cool access (3929), hot access (0), error acces (0).
/*BANK*/24->4: cool access (13724), hot access (0), error acces (0).
/*BANK*/24->5: cool access (7844), hot access (0), error acces (0).
/*BANK*/24->6: cool access (4707), hot access (0), error acces (0).
/*BANK*/24->7: cool access (0), hot access (0), error acces (0).
/*BANK*/25->0: cool access (3972), hot access (3802), error acces (0).
/*BANK*/25->1: cool access (4042), hot access (0), error acces (0).
/*BANK*/25->2: cool access (3962), hot access (3882), error acces (0).
/*BANK*/25->3: cool access (3973), hot access (0), error acces (0).
/*BANK*/25->4: cool access (9197), hot access (0), error acces (0).
/*BANK*/25->5: cool access (4337), hot access (0), error acces (0).
/*BANK*/25->6: cool access (4966), hot access (0), error acces (0).
/*BANK*/25->7: cool access (0), hot access (0), error acces (0).
/*BANK*/26->0: cool access (0), hot access (7202), error acces (3480).
/*BANK*/26->1: cool access (3897), hot access (0), error acces (0).
/*BANK*/26->2: cool access (3986), hot access (3827), error acces (0).
/*BANK*/26->3: cool access (3980), hot access (0), error acces (0).
/*BANK*/26->4: cool access (7791), hot access (0), error acces (0).
/*BANK*/26->5: cool access (3945), hot access (0), error acces (0).
/*BANK*/26->6: cool access (1309), hot access (0), error acces (0).
/*BANK*/26->7: cool access (0), hot access (0), error acces (0).
/*BANK*/27->0: cool access (3922), hot access (3798), error acces (0).
/*BANK*/27->1: cool access (3936), hot access (0), error acces (0).
/*BANK*/27->2: cool access (7875), hot access (0), error acces (0).
/*BANK*/27->3: cool access (4021), hot access (0), error acces (0).
/*BANK*/27->4: cool access (7834), hot access (0), error acces (0).
/*BANK*/27->5: cool access (3925), hot access (0), error acces (0).
/*BANK*/27->6: cool access (0), hot access (0), error acces (0).
/*BANK*/27->7: cool access (0), hot access (0), error acces (0).
/*BANK*/28->0: cool access (3925), hot access (3814), error acces (3814).
/*BANK*/28->1: cool access (3921), hot access (0), error acces (0).
/*BANK*/28->2: cool access (3851), hot access (3786), error acces (0).
/*BANK*/28->3: cool access (3955), hot access (0), error acces (0).
/*BANK*/28->4: cool access (7779), hot access (0), error acces (0).
/*BANK*/28->5: cool access (3960), hot access (0), error acces (0).
/*BANK*/28->6: cool access (0), hot access (0), error acces (0).
/*BANK*/28->7: cool access (0), hot access (0), error acces (0).
/*BANK*/29->0: cool access (3901), hot access (3762), error acces (0).
/*BANK*/29->1: cool access (3938), hot access (0), error acces (0).
/*BANK*/29->2: cool access (7831), hot access (0), error acces (0).
/*BANK*/29->3: cool access (4012), hot access (0), error acces (0).
/*BANK*/29->4: cool access (7885), hot access (0), error acces (0).
/*BANK*/29->5: cool access (3901), hot access (0), error acces (0).
/*BANK*/29->6: cool access (0), hot access (0), error acces (0).
/*BANK*/29->7: cool access (0), hot access (0), error acces (0).
/*BANK*/30->0: cool access (3919), hot access (3772), error acces (0).
/*BANK*/30->1: cool access (3961), hot access (0), error acces (0).
/*BANK*/30->2: cool access (7842), hot access (0), error acces (0).
/*BANK*/30->3: cool access (3907), hot access (0), error acces (0).
/*BANK*/30->4: cool access (23790), hot access (0), error acces (0).
/*BANK*/30->5: cool access (3986), hot access (0), error acces (0).
/*BANK*/30->6: cool access (0), hot access (0), error acces (0).
/*BANK*/30->7: cool access (0), hot access (0), error acces (0).
/*BANK*/31->0: cool access (7709), hot access (0), error acces (0).
/*BANK*/31->1: cool access (3903), hot access (0), error acces (0).
/*BANK*/31->2: cool access (7771), hot access (0), error acces (0).
/*BANK*/31->3: cool access (4012), hot access (0), error acces (0).
/*BANK*/31->4: cool access (38389), hot access (0), error acces (0).
/*BANK*/31->5: cool access (3925), hot access (0), error acces (0).
/*BANK*/31->6: cool access (0), hot access (0), error acces (0).
/*BANK*/31->7: cool access (0), hot access (0), error acces (0).
{Summary}: 332064 Hot Accesses, 2367237 Cool Accesses.

 ***** [REF/AC_Result] *****
                     Power     Energy    Energy %
  core-core        18.89 W     8.02  J     30.30%
  core-ifetch       3.94 W     1.67  J      6.31%
  core-alu          1.41 W     0.60  J      2.26%
  core-int          2.92 W     1.24  J      4.68%
  core-fp           4.22 W     1.79  J      6.76%
  core-mem          4.81 W     2.04  J      7.72%
  core-other        3.79 W     1.61  J      6.09%
  icache            2.56 W     1.09  J      4.10%
  dcache           10.33 W     4.38  J     16.56%
  l2                1.69 W     0.72  J      2.71%
  l3                3.38 W     1.44  J      5.42%
  dram              4.38 W     1.86  J      7.03%
  other             0.03 W     0.01  J      0.05%

  core             39.98 W    16.97  J     64.12%
  cache            17.96 W     7.62  J     28.80%
  total            62.35 W    26.46  J    100.00%
Warning: Unable to run gnuplot to create cpi stack graphs.  Maybe gnuplot is not installed?
[SNIPER] End
[SNIPER] Elapsed time: 11710.86 seconds
[SNIPER] Running McPAT
[SPLASH] [----------    End of output    ----------]
[SPLASH] Done.
/scratch/miz087/results/inv_30_10_splash2_water.nsq_large
