[Benchmarks] set sniper output to rundi /scratch/miz087/results/inv_45_10_splash2_water.nsq_large
/scratch/miz087/results/inv_45_10_splash2_water.nsq_large
[SPLASH] Benchmarks to run: water.nsq

[SPLASH] [========== Running benchmark water.nsq ==========]
[SPLASH] Setting up run directory: /scratch/miz087/results/inv_45_10_splash2_water.nsq_large
[SPLASH] Running 'SNIPER_APP_LD_PRELOAD=$LD_PRELOAD; unset LD_PRELOAD; /home_masters/miz087/workplace/micro_exp/run-sniper -n 4 -m 'localhost' -d '/scratch/miz087/results/inv_45_10_splash2_water.nsq_large' -sthermalstats --power -c gainestown_cache --roi --curdir=/home_masters/miz087/workplace/micro_exp/benchmarks  --  /home_masters/miz087/workplace/micro_exp/benchmarks/splash2/splash2/codes/apps/water-nsquared/WATER-NSQUARED < input':
[SPLASH] [---------- Beginning of output ----------]
[SNIPER] Start
----------BEGIN_INIT_STATS_MANAGER------------
----------END_INIT_STATS_MANAGER------------
Normal Cache Total set: 524288
now initialize a stacked dram unison cache
Executing Python script /scratch/miz087/results/inv_45_10_splash2_water.nsq_large/sim.scripts.py
[SNIPER] --------------------------------------------------------------------------------
[SNIPER] Sniper using Pin frontend
[SNIPER] Running pre-ROI region in  CACHE_ONLY mode
[SNIPER] Running application ROI in DETAILED mode
[SNIPER] Running post-ROI region in FAST_FORWARD mode
[SNIPER] --------------------------------------------------------------------------------
Using 4 procs on 3 steps of 2197 mols
Other parameters:
	TSTEP = 1.50e-16
	NORDER = 6
	NSAVE = -1
	NRST = 3000
	NPRINT = 3
	NFMC = 0
	CUTOFF = 6.212752


TEMPERATURE                =   298.00 K
DENSITY                    =  0.99800 G/C.C.
NUMBER OF MOLECULES        =     2197
NUMBER OF PROCESSORS       =        4
TIME STEP                  = 1.50e-01 SEC
ORDER USED TO SOLVE F=MA   =        6 
NO. OF TIME STEPS          =        3 
FREQUENCY OF DATA SAVING   =       -1 
FREQUENCY TO WRITE RST FILE=     3000 
SPHERICAL CUTOFF RADIUS    =   6.2128 ANGSTROM

NS = 12.9999899999999986
BOXL =  40.382890
CUTOFF =   6.212752
XS =   3.106379
ZERO = 1.55319
WCOS = 0.585882
WSIN = 0.756950
***** NEW RUN STARTING FROM REGULAR LATTICE *****
[HOOKS] Entering ROI
[SNIPER] Enabling performance models
[SNIPER] Setting instrumentation mode to DETAILED
[Benchmarks] set sniper output to rundi /scratch/miz087/results/inv_45_10_splash2_water.nsq_large
/scratch/miz087/results/inv_45_10_splash2_water.nsq_large
[SPLASH] Benchmarks to run: water.nsq

[SPLASH] [========== Running benchmark water.nsq ==========]
[SPLASH] Setting up run directory: /scratch/miz087/results/inv_45_10_splash2_water.nsq_large
[SPLASH] Running 'SNIPER_APP_LD_PRELOAD=$LD_PRELOAD; unset LD_PRELOAD; /home_masters/miz087/workplace/micro_exp/run-sniper -n 4 -m 'localhost' -d '/scratch/miz087/results/inv_45_10_splash2_water.nsq_large' -sthermalstats --power -c gainestown_cache --roi --curdir=/home_masters/miz087/workplace/micro_exp/benchmarks  --  /home_masters/miz087/workplace/micro_exp/benchmarks/splash2/splash2/codes/apps/water-nsquared/WATER-NSQUARED < input':
[SPLASH] [---------- Beginning of output ----------]
[SNIPER] Start
----------BEGIN_INIT_STATS_MANAGER------------
----------END_INIT_STATS_MANAGER------------
Normal Cache Total set: 524288
now initialize a stacked dram unison cache
Executing Python script /scratch/miz087/results/inv_45_10_splash2_water.nsq_large/sim.scripts.py
[SNIPER] --------------------------------------------------------------------------------
[SNIPER] Sniper using Pin frontend
[SNIPER] Running pre-ROI region in  CACHE_ONLY mode
[SNIPER] Running application ROI in DETAILED mode
[SNIPER] Running post-ROI region in FAST_FORWARD mode
[SNIPER] --------------------------------------------------------------------------------
Using 4 procs on 3 steps of 2197 mols
Other parameters:
	TSTEP = 1.50e-16
	NORDER = 6
	NSAVE = -1
	NRST = 3000
	NPRINT = 3
	NFMC = 0
	CUTOFF = 6.212752


TEMPERATURE                =   298.00 K
DENSITY                    =  0.99800 G/C.C.
NUMBER OF MOLECULES        =     2197
NUMBER OF PROCESSORS       =        4
TIME STEP                  = 1.50e-01 SEC
ORDER USED TO SOLVE F=MA   =        6 
NO. OF TIME STEPS          =        3 
FREQUENCY OF DATA SAVING   =       -1 
FREQUENCY TO WRITE RST FILE=     3000 
SPHERICAL CUTOFF RADIUS    =   6.2128 ANGSTROM

NS = 12.9999899999999986
BOXL =  40.382890
CUTOFF =   6.212752
XS =   3.106379
ZERO = 1.55319
WCOS = 0.585882
WSIN = 0.756950
***** NEW RUN STARTING FROM REGULAR LATTICE *****
[HOOKS] Entering ROI
[SNIPER] Enabling performance models
[SNIPER] Setting instrumentation mode to DETAILED
[SNIPER] Disabling performance models
[SNIPER] Leaving ROI after 11271.99 seconds
[SNIPER] Simulated 7044.4M instructions, 1168.2M cycles, 6.03 IPC
[SNIPER] Simulation speed 626.5 KIPS (156.6 KIPS / target core - 6384.2ns/instr)
[SNIPER] Sampling: executed 95.65% of simulated time in detailed mode
[SNIPER] Setting instrumentation mode to FAST_FORWARD
CREATETIME = 316013
         3        1.56974      0.05533     10.52082                      -2.12029
           10.026        305.16885        -19.56999
[HOOKS] Leaving ROI
COMPUTESTART (after initialization) = 3193072080
COMPUTEEND = 1527679108
COMPUTETIME (after initialization) = 2629574324
Measured Time (2nd timestep onward) = 674348216
Intramolecular time only (2nd timestep onward) = 21644918
Intermolecular time only (2nd timestep onward) = 652375284
Other time (2nd timestep onward) = 328014

Exited Happily with XTT = 10.0256 (note: XTT value is garbage if NPRINT > NSTEP)

 ***** [DRAM_CACHE_Result] *****

*** DRAM Total Access: 853362, miss: 799340, miss rate: 0.936695
*** DRAM Total Access In ROI: 550025, miss: 549606, miss rate: 0.999238
*** DRAM Remap Times: 58010 invalid times, 15256 total invalid_blocks, 0 migrate times, 0 total migrate blocks.
*** DRAM Statistics: 310751070 reads, 311572317 writes, 321360565 row hits, 32137858 ACT time, 32137858 PRE time, 20595189 RD time, 9705853 WR time.

 ***** [DRAM_CACHE_Result] *****

[RAMULATOR OUTPUT]

**Total Ticks: 203163914

**Ramulator Active Cycles: 1.6905e+07

**DRAM Cycles: 2.03164e+08

**Maximum Bandwidth: 0

Number of Incoming Requests: 2.41573e+06

**Serving Request**
Channel_0: serving reads(36778), serving writes(25212).
Channel_1: serving reads(23681), serving writes(23910).
Channel_2: serving reads(21807), serving writes(23546).
Channel_3: serving reads(21041), serving writes(22853).
Channel_4: serving reads(30244), serving writes(33939).
Channel_5: serving reads(31656), serving writes(36033).
Channel_6: serving reads(35789), serving writes(42109).
Channel_7: serving reads(36608), serving writes(43176).
Channel_8: serving reads(41693), serving writes(41378).
Channel_9: serving reads(39666), serving writes(47565).
Channel_10: serving reads(39164), serving writes(40766).
Channel_11: serving reads(37210), serving writes(45188).
Channel_12: serving reads(38483), serving writes(38886).
Channel_13: serving reads(36864), serving writes(41057).
Channel_14: serving reads(37139), serving writes(38403).
Channel_15: serving reads(37728), serving writes(43103).
Channel_16: serving reads(39466), serving writes(42910).
Channel_17: serving reads(38425), serving writes(44317).
Channel_18: serving reads(35603), serving writes(38878).
Channel_19: serving reads(32408), serving writes(37716).
Channel_20: serving reads(28421), serving writes(28857).
Channel_21: serving reads(26444), serving writes(25949).
Channel_22: serving reads(28293), serving writes(24182).
Channel_23: serving reads(25862), serving writes(22742).
Channel_24: serving reads(25956), serving writes(22846).
Channel_25: serving reads(24383), serving writes(21003).
Channel_26: serving reads(18406), serving writes(18324).
Channel_27: serving reads(16802), serving writes(17762).
Channel_28: serving reads(16913), serving writes(17801).
Channel_29: serving reads(16787), serving writes(17764).
Channel_30: serving reads(20182), serving writes(22278).
Channel_31: serving reads(22949), serving writes(26390).
[RAMULATOR OUTPUT]

----------[STAT_STORE_UNIT]-----------

Hot Access: 298790, Cool Access: 3447785

Hits on previous hot rows: 11041

Hits on previous cool rows: 594

Total remap times: 29005, Total Inter-Vault remaps: 29005, Total number of intervals: 4019


----------[STAT_STORE_UNIT]-----------

 ***** [REF/AC_Result] *****
/*BANK*/0->0: cool access (94), hot access (0), error acces (0).
/*BANK*/0->1: cool access (7868), hot access (0), error acces (0).
/*BANK*/0->2: cool access (5079), hot access (0), error acces (0).
/*BANK*/0->3: cool access (7781), hot access (0), error acces (0).
/*BANK*/0->4: cool access (3963), hot access (0), error acces (0).
/*BANK*/0->5: cool access (29289), hot access (0), error acces (0).
/*BANK*/0->6: cool access (3938), hot access (0), error acces (0).
/*BANK*/0->7: cool access (41199), hot access (0), error acces (0).
/*BANK*/1->0: cool access (12), hot access (0), error acces (0).
/*BANK*/1->1: cool access (7795), hot access (0), error acces (0).
/*BANK*/1->2: cool access (12445), hot access (0), error acces (0).
/*BANK*/1->3: cool access (7844), hot access (0), error acces (0).
/*BANK*/1->4: cool access (3973), hot access (0), error acces (0).
/*BANK*/1->5: cool access (20135), hot access (0), error acces (0).
/*BANK*/1->6: cool access (3901), hot access (0), error acces (0).
/*BANK*/1->7: cool access (0), hot access (0), error acces (0).
/*BANK*/2->0: cool access (129), hot access (0), error acces (0).
/*BANK*/2->1: cool access (7775), hot access (0), error acces (0).
/*BANK*/2->2: cool access (13058), hot access (0), error acces (0).
/*BANK*/2->3: cool access (7769), hot access (0), error acces (0).
/*BANK*/2->4: cool access (3995), hot access (0), error acces (0).
/*BANK*/2->5: cool access (18809), hot access (0), error acces (0).
/*BANK*/2->6: cool access (3931), hot access (0), error acces (0).
/*BANK*/2->7: cool access (0), hot access (0), error acces (0).
/*BANK*/3->0: cool access (40), hot access (0), error acces (0).
/*BANK*/3->1: cool access (7817), hot access (0), error acces (0).
/*BANK*/3->2: cool access (13749), hot access (0), error acces (0).
/*BANK*/3->3: cool access (7823), hot access (0), error acces (0).
/*BANK*/3->4: cool access (6765), hot access (0), error acces (0).
/*BANK*/3->5: cool access (13483), hot access (0), error acces (0).
/*BANK*/3->6: cool access (3941), hot access (0), error acces (0).
/*BANK*/3->7: cool access (0), hot access (0), error acces (0).
/*BANK*/4->0: cool access (22201), hot access (0), error acces (0).
/*BANK*/4->1: cool access (7777), hot access (0), error acces (0).
/*BANK*/4->2: cool access (17454), hot access (0), error acces (0).
/*BANK*/4->3: cool access (7853), hot access (0), error acces (0).
/*BANK*/4->4: cool access (12677), hot access (0), error acces (0).
/*BANK*/4->5: cool access (14080), hot access (0), error acces (0).
/*BANK*/4->6: cool access (3939), hot access (0), error acces (0).
/*BANK*/4->7: cool access (0), hot access (0), error acces (0).
/*BANK*/5->0: cool access (28592), hot access (0), error acces (0).
/*BANK*/5->1: cool access (7920), hot access (0), error acces (0).
/*BANK*/5->2: cool access (18443), hot access (0), error acces (0).
/*BANK*/5->3: cool access (7803), hot access (0), error acces (0).
/*BANK*/5->4: cool access (13729), hot access (0), error acces (0).
/*BANK*/5->5: cool access (13951), hot access (0), error acces (0).
/*BANK*/5->6: cool access (3950), hot access (0), error acces (0).
/*BANK*/5->7: cool access (0), hot access (0), error acces (0).
/*BANK*/6->0: cool access (42251), hot access (0), error acces (0).
/*BANK*/6->1: cool access (4327), hot access (0), error acces (0).
/*BANK*/6->2: cool access (20655), hot access (0), error acces (0).
/*BANK*/6->3: cool access (7865), hot access (0), error acces (0).
/*BANK*/6->4: cool access (15418), hot access (0), error acces (0).
/*BANK*/6->5: cool access (11547), hot access (0), error acces (0).
/*BANK*/6->6: cool access (8674), hot access (0), error acces (0).
/*BANK*/6->7: cool access (0), hot access (0), error acces (0).
/*BANK*/7->0: cool access (40347), hot access (0), error acces (0).
/*BANK*/7->1: cool access (3944), hot access (0), error acces (0).
/*BANK*/7->2: cool access (23544), hot access (0), error acces (0).
/*BANK*/7->3: cool access (7976), hot access (0), error acces (0).
/*BANK*/7->4: cool access (17614), hot access (0), error acces (0).
/*BANK*/7->5: cool access (7835), hot access (0), error acces (0).
/*BANK*/7->6: cool access (14670), hot access (0), error acces (0).
/*BANK*/7->7: cool access (0), hot access (0), error acces (0).
/*BANK*/8->0: cool access (7878), hot access (32442), error acces (0).
/*BANK*/8->1: cool access (3951), hot access (0), error acces (0).
/*BANK*/8->2: cool access (22725), hot access (0), error acces (0).
/*BANK*/8->3: cool access (8117), hot access (0), error acces (0).
/*BANK*/8->4: cool access (18845), hot access (0), error acces (0).
/*BANK*/8->5: cool access (7831), hot access (0), error acces (0).
/*BANK*/8->6: cool access (18100), hot access (0), error acces (0).
/*BANK*/8->7: cool access (0), hot access (0), error acces (0).
/*BANK*/9->0: cool access (36234), hot access (14288), error acces (0).
/*BANK*/9->1: cool access (3954), hot access (0), error acces (0).
/*BANK*/9->2: cool access (24480), hot access (0), error acces (0).
/*BANK*/9->3: cool access (8557), hot access (0), error acces (0).
/*BANK*/9->4: cool access (22033), hot access (0), error acces (0).
/*BANK*/9->5: cool access (7908), hot access (0), error acces (0).
/*BANK*/9->6: cool access (15085), hot access (0), error acces (0).
/*BANK*/9->7: cool access (0), hot access (0), error acces (0).
/*BANK*/10->0: cool access (5789), hot access (22730), error acces (0).
/*BANK*/10->1: cool access (3967), hot access (0), error acces (0).
/*BANK*/10->2: cool access (24427), hot access (0), error acces (0).
/*BANK*/10->3: cool access (8444), hot access (0), error acces (0).
/*BANK*/10->4: cool access (22816), hot access (0), error acces (0).
/*BANK*/10->5: cool access (7855), hot access (0), error acces (0).
/*BANK*/10->6: cool access (21266), hot access (0), error acces (0).
/*BANK*/10->7: cool access (316), hot access (0), error acces (0).
/*BANK*/11->0: cool access (31079), hot access (0), error acces (0).
/*BANK*/11->1: cool access (3953), hot access (0), error acces (0).
/*BANK*/11->2: cool access (29239), hot access (0), error acces (0).
/*BANK*/11->3: cool access (8143), hot access (0), error acces (0).
/*BANK*/11->4: cool access (22225), hot access (0), error acces (0).
/*BANK*/11->5: cool access (7837), hot access (0), error acces (0).
/*BANK*/11->6: cool access (25554), hot access (0), error acces (0).
/*BANK*/11->7: cool access (0), hot access (0), error acces (0).
/*BANK*/12->0: cool access (3987), hot access (14745), error acces (14637).
/*BANK*/12->1: cool access (4466), hot access (496), error acces (0).
/*BANK*/12->2: cool access (4019), hot access (16119), error acces (0).
/*BANK*/12->3: cool access (8238), hot access (0), error acces (0).
/*BANK*/12->4: cool access (25459), hot access (0), error acces (0).
/*BANK*/12->5: cool access (7910), hot access (0), error acces (0).
/*BANK*/12->6: cool access (30014), hot access (0), error acces (0).
/*BANK*/12->7: cool access (0), hot access (0), error acces (0).
/*BANK*/13->0: cool access (4072), hot access (14120), error acces (0).
/*BANK*/13->1: cool access (3987), hot access (0), error acces (0).
/*BANK*/13->2: cool access (5230), hot access (19612), error acces (0).
/*BANK*/13->3: cool access (7957), hot access (0), error acces (0).
/*BANK*/13->4: cool access (29120), hot access (0), error acces (0).
/*BANK*/13->5: cool access (7877), hot access (0), error acces (0).
/*BANK*/13->6: cool access (26718), hot access (0), error acces (0).
/*BANK*/13->7: cool access (76), hot access (0), error acces (0).
/*BANK*/14->0: cool access (3991), hot access (14299), error acces (14167).
/*BANK*/14->1: cool access (3972), hot access (0), error acces (0).
/*BANK*/14->2: cool access (4094), hot access (15027), error acces (0).
/*BANK*/14->3: cool access (7845), hot access (0), error acces (0).
/*BANK*/14->4: cool access (29390), hot access (0), error acces (0).
/*BANK*/14->5: cool access (7894), hot access (0), error acces (0).
/*BANK*/14->6: cool access (25240), hot access (0), error acces (0).
/*BANK*/14->7: cool access (0), hot access (0), error acces (0).
/*BANK*/15->0: cool access (4015), hot access (13387), error acces (0).
/*BANK*/15->1: cool access (3933), hot access (0), error acces (0).
/*BANK*/15->2: cool access (21758), hot access (0), error acces (0).
/*BANK*/15->3: cool access (7893), hot access (0), error acces (0).
/*BANK*/15->4: cool access (29133), hot access (0), error acces (0).
/*BANK*/15->5: cool access (7811), hot access (0), error acces (0).
/*BANK*/15->6: cool access (35895), hot access (0), error acces (0).
/*BANK*/15->7: cool access (0), hot access (0), error acces (0).
/*BANK*/16->0: cool access (3979), hot access (12978), error acces (12927).
/*BANK*/16->1: cool access (3959), hot access (0), error acces (0).
/*BANK*/16->2: cool access (4214), hot access (14338), error acces (0).
/*BANK*/16->3: cool access (7797), hot access (0), error acces (0).
/*BANK*/16->4: cool access (39552), hot access (0), error acces (0).
/*BANK*/16->5: cool access (7839), hot access (0), error acces (0).
/*BANK*/16->6: cool access (32526), hot access (0), error acces (0).
/*BANK*/16->7: cool access (0), hot access (0), error acces (0).
/*BANK*/17->0: cool access (3903), hot access (12279), error acces (0).
/*BANK*/17->1: cool access (4074), hot access (0), error acces (0).
/*BANK*/17->2: cool access (19945), hot access (0), error acces (0).
/*BANK*/17->3: cool access (7908), hot access (0), error acces (0).
/*BANK*/17->4: cool access (31221), hot access (0), error acces (0).
/*BANK*/17->5: cool access (7893), hot access (0), error acces (0).
/*BANK*/17->6: cool access (43183), hot access (0), error acces (0).
/*BANK*/17->7: cool access (0), hot access (0), error acces (0).
/*BANK*/18->0: cool access (4039), hot access (12489), error acces (0).
/*BANK*/18->1: cool access (4221), hot access (0), error acces (0).
/*BANK*/18->2: cool access (4112), hot access (16958), error acces (0).
/*BANK*/18->3: cool access (7843), hot access (0), error acces (0).
/*BANK*/18->4: cool access (22457), hot access (0), error acces (0).
/*BANK*/18->5: cool access (7898), hot access (0), error acces (0).
/*BANK*/18->6: cool access (32025), hot access (0), error acces (0).
/*BANK*/18->7: cool access (0), hot access (0), error acces (0).
/*BANK*/19->0: cool access (3899), hot access (7424), error acces (0).
/*BANK*/19->1: cool access (4413), hot access (0), error acces (0).
/*BANK*/19->2: cool access (14657), hot access (0), error acces (0).
/*BANK*/19->3: cool access (7900), hot access (0), error acces (0).
/*BANK*/19->4: cool access (26510), hot access (0), error acces (0).
/*BANK*/19->5: cool access (7791), hot access (0), error acces (0).
/*BANK*/19->6: cool access (32637), hot access (0), error acces (0).
/*BANK*/19->7: cool access (0), hot access (0), error acces (0).
/*BANK*/20->0: cool access (4006), hot access (4537), error acces (4537).
/*BANK*/20->1: cool access (4750), hot access (0), error acces (0).
/*BANK*/20->2: cool access (3891), hot access (11989), error acces (0).
/*BANK*/20->3: cool access (7789), hot access (0), error acces (0).
/*BANK*/20->4: cool access (33294), hot access (0), error acces (0).
/*BANK*/20->5: cool access (7900), hot access (0), error acces (0).
/*BANK*/20->6: cool access (1602), hot access (0), error acces (0).
/*BANK*/20->7: cool access (0), hot access (0), error acces (0).
/*BANK*/21->0: cool access (3946), hot access (3852), error acces (0).
/*BANK*/21->1: cool access (4257), hot access (0), error acces (0).
/*BANK*/21->2: cool access (13325), hot access (0), error acces (0).
/*BANK*/21->3: cool access (7781), hot access (0), error acces (0).
/*BANK*/21->4: cool access (21158), hot access (0), error acces (0).
/*BANK*/21->5: cool access (7831), hot access (0), error acces (0).
/*BANK*/21->6: cool access (2783), hot access (0), error acces (0).
/*BANK*/21->7: cool access (0), hot access (0), error acces (0).
/*BANK*/22->0: cool access (3937), hot access (3842), error acces (0).
/*BANK*/22->1: cool access (4041), hot access (0), error acces (0).
/*BANK*/22->2: cool access (4007), hot access (7517), error acces (0).
/*BANK*/22->3: cool access (5040), hot access (0), error acces (0).
/*BANK*/22->4: cool access (13893), hot access (0), error acces (0).
/*BANK*/22->5: cool access (7896), hot access (0), error acces (0).
/*BANK*/22->6: cool access (5186), hot access (0), error acces (0).
/*BANK*/22->7: cool access (0), hot access (0), error acces (0).
/*BANK*/23->0: cool access (3907), hot access (3834), error acces (0).
/*BANK*/23->1: cool access (3935), hot access (0), error acces (0).
/*BANK*/23->2: cool access (7817), hot access (0), error acces (0).
/*BANK*/23->3: cool access (3967), hot access (0), error acces (0).
/*BANK*/23->4: cool access (13394), hot access (0), error acces (0).
/*BANK*/23->5: cool access (7841), hot access (0), error acces (0).
/*BANK*/23->6: cool access (4609), hot access (0), error acces (0).
/*BANK*/23->7: cool access (0), hot access (0), error acces (0).
/*BANK*/24->0: cool access (3921), hot access (3846), error acces (3846).
/*BANK*/24->1: cool access (3955), hot access (0), error acces (0).
/*BANK*/24->2: cool access (3883), hot access (4152), error acces (0).
/*BANK*/24->3: cool access (3959), hot access (0), error acces (0).
/*BANK*/24->4: cool access (13671), hot access (0), error acces (0).
/*BANK*/24->5: cool access (7813), hot access (0), error acces (0).
/*BANK*/24->6: cool access (4746), hot access (0), error acces (0).
/*BANK*/24->7: cool access (0), hot access (0), error acces (0).
/*BANK*/25->0: cool access (4008), hot access (3814), error acces (0).
/*BANK*/25->1: cool access (3960), hot access (0), error acces (0).
/*BANK*/25->2: cool access (3921), hot access (3911), error acces (0).
/*BANK*/25->3: cool access (3975), hot access (0), error acces (0).
/*BANK*/25->4: cool access (9243), hot access (0), error acces (0).
/*BANK*/25->5: cool access (4325), hot access (0), error acces (0).
/*BANK*/25->6: cool access (5022), hot access (0), error acces (0).
/*BANK*/25->7: cool access (0), hot access (0), error acces (0).
/*BANK*/26->0: cool access (0), hot access (7257), error acces (3502).
/*BANK*/26->1: cool access (4009), hot access (0), error acces (0).
/*BANK*/26->2: cool access (3974), hot access (3810), error acces (0).
/*BANK*/26->3: cool access (3986), hot access (126), error acces (0).
/*BANK*/26->4: cool access (7821), hot access (0), error acces (0).
/*BANK*/26->5: cool access (3973), hot access (0), error acces (0).
/*BANK*/26->6: cool access (1319), hot access (0), error acces (0).
/*BANK*/26->7: cool access (0), hot access (0), error acces (0).
/*BANK*/27->0: cool access (3929), hot access (3842), error acces (0).
/*BANK*/27->1: cool access (3960), hot access (0), error acces (0).
/*BANK*/27->2: cool access (7845), hot access (0), error acces (0).
/*BANK*/27->3: cool access (3949), hot access (0), error acces (0).
/*BANK*/27->4: cool access (7852), hot access (0), error acces (0).
/*BANK*/27->5: cool access (3965), hot access (0), error acces (0).
/*BANK*/27->6: cool access (0), hot access (0), error acces (0).
/*BANK*/27->7: cool access (0), hot access (0), error acces (0).
/*BANK*/28->0: cool access (4012), hot access (3846), error acces (3200).
/*BANK*/28->1: cool access (3977), hot access (0), error acces (0).
/*BANK*/28->2: cool access (4092), hot access (3874), error acces (0).
/*BANK*/28->3: cool access (4066), hot access (0), error acces (0).
/*BANK*/28->4: cool access (7883), hot access (0), error acces (0).
/*BANK*/28->5: cool access (4008), hot access (0), error acces (0).
/*BANK*/28->6: cool access (0), hot access (0), error acces (0).
/*BANK*/28->7: cool access (0), hot access (0), error acces (0).
/*BANK*/29->0: cool access (3959), hot access (3824), error acces (0).
/*BANK*/29->1: cool access (4044), hot access (0), error acces (0).
/*BANK*/29->2: cool access (7882), hot access (0), error acces (0).
/*BANK*/29->3: cool access (3959), hot access (0), error acces (0).
/*BANK*/29->4: cool access (8073), hot access (0), error acces (0).
/*BANK*/29->5: cool access (3993), hot access (0), error acces (0).
/*BANK*/29->6: cool access (0), hot access (0), error acces (0).
/*BANK*/29->7: cool access (0), hot access (0), error acces (0).
/*BANK*/30->0: cool access (3971), hot access (3754), error acces (0).
/*BANK*/30->1: cool access (4009), hot access (0), error acces (0).
/*BANK*/30->2: cool access (7787), hot access (0), error acces (0).
/*BANK*/30->3: cool access (3998), hot access (0), error acces (0).
/*BANK*/30->4: cool access (23857), hot access (0), error acces (0).
/*BANK*/30->5: cool access (4030), hot access (0), error acces (0).
/*BANK*/30->6: cool access (0), hot access (0), error acces (0).
/*BANK*/30->7: cool access (0), hot access (0), error acces (0).
/*BANK*/31->0: cool access (7755), hot access (0), error acces (0).
/*BANK*/31->1: cool access (3989), hot access (0), error acces (0).
/*BANK*/31->2: cool access (7804), hot access (0), error acces (0).
/*BANK*/31->3: cool access (3941), hot access (0), error acces (0).
/*BANK*/31->4: cool access (38232), hot access (0), error acces (0).
/*BANK*/31->5: cool access (3939), hot access (0), error acces (0).
/*BANK*/31->6: cool access (0), hot access (0), error acces (0).
/*BANK*/31->7: cool access (0), hot access (0), error acces (0).
{Summary}: 335358 Hot Accesses, 2380460 Cool Accesses.

 ***** [REF/AC_Result] *****
                     Power     Energy    Energy %
  core-core        18.90 W     8.02  J     30.30%
  core-ifetch       3.94 W     1.67  J      6.32%
  core-alu          1.41 W     0.60  J      2.25%
  core-int          2.92 W     1.24  J      4.68%
  core-fp           4.22 W     1.79  J      6.76%
  core-mem          4.82 W     2.04  J      7.72%
  core-other        3.79 W     1.61  J      6.08%
  icache            2.56 W     1.08  J      4.10%
  dcache           10.33 W     4.38  J     16.56%
  l2                1.69 W     0.72  J      2.71%
  l3                3.38 W     1.43  J      5.42%
  dram              4.38 W     1.86  J      7.02%
  other             0.03 W     0.01  J      0.05%

  core             40.00 W    16.97  J     64.13%
  cache            17.96 W     7.62  J     28.80%
  total            62.37 W    26.46  J    100.00%
Warning: Unable to run gnuplot to create cpi stack graphs.  Maybe gnuplot is not installed?
[SNIPER] End
[SNIPER] Elapsed time: 11373.75 seconds
[SNIPER] Running McPAT
[SPLASH] [----------    End of output    ----------]
[SPLASH] Done.
/scratch/miz087/results/inv_45_10_splash2_water.nsq_large
