[Benchmarks] set sniper output to rundi /scratch/miz087/results/inv_45_10_splash2_water.sp_large
/scratch/miz087/results/inv_45_10_splash2_water.sp_large
[SPLASH] Benchmarks to run: water.sp

[SPLASH] [========== Running benchmark water.sp ==========]
[SPLASH] Setting up run directory: /scratch/miz087/results/inv_45_10_splash2_water.sp_large
[SPLASH] Running 'SNIPER_APP_LD_PRELOAD=$LD_PRELOAD; unset LD_PRELOAD; /home_masters/miz087/workplace/micro_exp/run-sniper -n 4 -m 'localhost' -d '/scratch/miz087/results/inv_45_10_splash2_water.sp_large' -sthermalstats --power -c gainestown_cache --roi --curdir=/home_masters/miz087/workplace/micro_exp/benchmarks  --  /home_masters/miz087/workplace/micro_exp/benchmarks/splash2/splash2/codes/apps/water-spatial/WATER-SPATIAL < input':
[SPLASH] [---------- Beginning of output ----------]
[SNIPER] Start
----------BEGIN_INIT_STATS_MANAGER------------
----------END_INIT_STATS_MANAGER------------
Normal Cache Total set: 524288
now initialize a stacked dram unison cache
Executing Python script /scratch/miz087/results/inv_45_10_splash2_water.sp_large/sim.scripts.py
[SNIPER] --------------------------------------------------------------------------------
[SNIPER] Sniper using Pin frontend
[SNIPER] Running pre-ROI region in  CACHE_ONLY mode
[SNIPER] Running application ROI in DETAILED mode
[SNIPER] Running post-ROI region in FAST_FORWARD mode
[SNIPER] --------------------------------------------------------------------------------
Using 4 procs on 3 steps of 2197 mols
Other parameters:
	TSTEP = 1.50e-16
	NORDER = 6
	NSAVE = -1
	NRST = 3000
	NPRINT = 3
	NFMC = 0
	CUTOFF = 6.212752

216 boxes with 4 processors


TEMPERATURE                =   298.00 K
DENSITY                    =  0.99800 G/C.C.
NUMBER OF MOLECULES        =     2197
NUMBER OF PROCESSORS       =        4
TIME STEP                  = 1.50e-01 SEC
ORDER USED TO SOLVE F=MA   =        6 
NO. OF TIME STEPS          =        3 
FREQUENCY OF DATA SAVING   =       -1 
FREQUENCY TO WRITE RST FILE=     3000 
xprocs = 1	yprocs = 2	zprocs = 2
x_inc = 6	 y_inc = 3	 z_inc = 3
x_left = 0	 y_left = 0	 z_left = 0
SPHERICAL CUTOFF RADIUS    =   6.2128 ANGSTROM

NS = 12.9999999999999876
BOXL =  40.382890
CUTOFF =   6.212752
BOX_LENGTH =   6.730482
BOX_PER_SIDE = 6
XS =   3.106376
ZERO = 1.55319
WCOS = 0.585882
WSIN = 0.756950
***** NEW RUN STARTING FROM REGULAR LATTICE *****
[HOOKS] Entering ROI
[SNIPER] Enabling performance models
[SNIPER] Setting instrumentation mode to DETAILED
CREATETIME = 280015
         3        1.56951      0.05533     10.52071     -2.12017 
           10.025        298.73754        -19.56982
[SNIPER] Disabling performance models
[SNIPER] Leaving ROI after 2698.45 seconds
[SNIPER] Simulated 2086.1M instructions, 315.7M cycles, 6.61 IPC
[SNIPER] Simulation speed 776.3 KIPS (194.1 KIPS / target core - 5152.4ns/instr)
[SNIPER] Sampling: executed 93.59% of simulated time in detailed mode
[SNIPER] Setting instrumentation mode to FAST_FORWARD
[HOOKS] Leaving ROI
COMPUTESTART (after initialization) = 710270121
COMPUTEEND = 3381193349
COMPUTETIME (after initialization) = 2670923228
Measured Time (2nd timestep onward) = 1522213541
Intramolecular time only (2nd timestep onward) = 36017929
Intermolecular time only (2nd timestep onward) = 1485811590
Other time (2nd timestep onward) = 384022

Exited Happily with XTT = 10.0254 (note: XTT value is garbage if NPRINT > NSTEP)

 ***** [DRAM_CACHE_Result] *****

*** DRAM Total Access: 320801, miss: 107969, miss rate: 0.336561
*** DRAM Total Access In ROI: 240546, miss: 76986, miss rate: 0.320047
*** DRAM Remap Times: 17699 invalid times, 34389 total invalid_blocks, 0 migrate times, 0 total migrate blocks.
*** DRAM Statistics: 33501088 reads, 15019022 writes, 36052861 row hits, 1802777 ACT time, 1802777 PRE time, 873985 RD time, 258025 WR time.

 ***** [DRAM_CACHE_Result] *****

[RAMULATOR OUTPUT]

**Total Ticks: 63001690

**Ramulator Active Cycles: 4.25921e+06

**DRAM Cycles: 6.30017e+07

**Maximum Bandwidth: 0

Number of Incoming Requests: 750665

**Serving Request**
Channel_0: serving reads(27937), serving writes(5477).
Channel_1: serving reads(9485), serving writes(3200).
Channel_2: serving reads(9559), serving writes(3628).
Channel_3: serving reads(9521), serving writes(3930).
Channel_4: serving reads(8731), serving writes(3612).
Channel_5: serving reads(17568), serving writes(7431).
Channel_6: serving reads(19994), serving writes(8356).
Channel_7: serving reads(17739), serving writes(7630).
Channel_8: serving reads(15338), serving writes(8043).
Channel_9: serving reads(15712), serving writes(6919).
Channel_10: serving reads(15093), serving writes(7170).
Channel_11: serving reads(16601), serving writes(7421).
Channel_12: serving reads(13961), serving writes(7458).
Channel_13: serving reads(14002), serving writes(7018).
Channel_14: serving reads(13797), serving writes(7177).
Channel_15: serving reads(13911), serving writes(6695).
Channel_16: serving reads(12483), serving writes(6518).
Channel_17: serving reads(14093), serving writes(6537).
Channel_18: serving reads(12910), serving writes(6552).
Channel_19: serving reads(14229), serving writes(6713).
Channel_20: serving reads(11845), serving writes(6146).
Channel_21: serving reads(12812), serving writes(6554).
Channel_22: serving reads(12780), serving writes(6423).
Channel_23: serving reads(13802), serving writes(6819).
Channel_24: serving reads(25297), serving writes(13864).
Channel_25: serving reads(15620), serving writes(8391).
Channel_26: serving reads(12194), serving writes(6395).
Channel_27: serving reads(11628), serving writes(5927).
Channel_28: serving reads(12791), serving writes(6737).
Channel_29: serving reads(11831), serving writes(6032).
Channel_30: serving reads(11470), serving writes(6100).
Channel_31: serving reads(10125), serving writes(4880).
[RAMULATOR OUTPUT]

----------[STAT_STORE_UNIT]-----------

Hot Access: 200180, Cool Access: 560287

Hits on previous hot rows: 14184

Hits on previous cool rows: 1371

Total remap times: 8871, Total Inter-Vault remaps: 8871, Total number of intervals: 1185


----------[STAT_STORE_UNIT]-----------

 ***** [REF/AC_Result] *****
/*BANK*/0->0: cool access (358), hot access (0), error acces (0).
/*BANK*/0->1: cool access (11858), hot access (0), error acces (0).
/*BANK*/0->2: cool access (0), hot access (0), error acces (0).
/*BANK*/0->3: cool access (0), hot access (0), error acces (0).
/*BANK*/0->4: cool access (0), hot access (0), error acces (0).
/*BANK*/0->5: cool access (0), hot access (0), error acces (0).
/*BANK*/0->6: cool access (0), hot access (0), error acces (0).
/*BANK*/0->7: cool access (34917), hot access (0), error acces (0).
/*BANK*/1->0: cool access (21), hot access (0), error acces (0).
/*BANK*/1->1: cool access (11324), hot access (0), error acces (0).
/*BANK*/1->2: cool access (0), hot access (0), error acces (0).
/*BANK*/1->3: cool access (0), hot access (0), error acces (0).
/*BANK*/1->4: cool access (0), hot access (0), error acces (0).
/*BANK*/1->5: cool access (0), hot access (0), error acces (0).
/*BANK*/1->6: cool access (0), hot access (0), error acces (0).
/*BANK*/1->7: cool access (0), hot access (0), error acces (0).
/*BANK*/2->0: cool access (367), hot access (0), error acces (0).
/*BANK*/2->1: cool access (13618), hot access (0), error acces (0).
/*BANK*/2->2: cool access (0), hot access (0), error acces (0).
/*BANK*/2->3: cool access (0), hot access (0), error acces (0).
/*BANK*/2->4: cool access (0), hot access (0), error acces (0).
/*BANK*/2->5: cool access (0), hot access (0), error acces (0).
/*BANK*/2->6: cool access (0), hot access (0), error acces (0).
/*BANK*/2->7: cool access (0), hot access (0), error acces (0).
/*BANK*/3->0: cool access (117), hot access (0), error acces (0).
/*BANK*/3->1: cool access (15241), hot access (0), error acces (0).
/*BANK*/3->2: cool access (23), hot access (0), error acces (0).
/*BANK*/3->3: cool access (0), hot access (0), error acces (0).
/*BANK*/3->4: cool access (0), hot access (0), error acces (0).
/*BANK*/3->5: cool access (0), hot access (0), error acces (0).
/*BANK*/3->6: cool access (0), hot access (0), error acces (0).
/*BANK*/3->7: cool access (0), hot access (0), error acces (0).
/*BANK*/4->0: cool access (9420), hot access (0), error acces (0).
/*BANK*/4->1: cool access (3359), hot access (0), error acces (0).
/*BANK*/4->2: cool access (0), hot access (0), error acces (0).
/*BANK*/4->3: cool access (0), hot access (0), error acces (0).
/*BANK*/4->4: cool access (0), hot access (0), error acces (0).
/*BANK*/4->5: cool access (0), hot access (0), error acces (0).
/*BANK*/4->6: cool access (0), hot access (0), error acces (0).
/*BANK*/4->7: cool access (0), hot access (0), error acces (0).
/*BANK*/5->0: cool access (26289), hot access (0), error acces (0).
/*BANK*/5->1: cool access (0), hot access (0), error acces (0).
/*BANK*/5->2: cool access (0), hot access (0), error acces (0).
/*BANK*/5->3: cool access (0), hot access (0), error acces (0).
/*BANK*/5->4: cool access (0), hot access (0), error acces (0).
/*BANK*/5->5: cool access (0), hot access (0), error acces (0).
/*BANK*/5->6: cool access (0), hot access (0), error acces (0).
/*BANK*/5->7: cool access (0), hot access (0), error acces (0).
/*BANK*/6->0: cool access (32348), hot access (0), error acces (0).
/*BANK*/6->1: cool access (0), hot access (0), error acces (0).
/*BANK*/6->2: cool access (0), hot access (0), error acces (0).
/*BANK*/6->3: cool access (0), hot access (0), error acces (0).
/*BANK*/6->4: cool access (0), hot access (0), error acces (0).
/*BANK*/6->5: cool access (0), hot access (0), error acces (0).
/*BANK*/6->6: cool access (0), hot access (0), error acces (0).
/*BANK*/6->7: cool access (0), hot access (0), error acces (0).
/*BANK*/7->0: cool access (28446), hot access (0), error acces (0).
/*BANK*/7->1: cool access (0), hot access (0), error acces (0).
/*BANK*/7->2: cool access (0), hot access (0), error acces (0).
/*BANK*/7->3: cool access (0), hot access (0), error acces (0).
/*BANK*/7->4: cool access (0), hot access (0), error acces (0).
/*BANK*/7->5: cool access (0), hot access (0), error acces (0).
/*BANK*/7->6: cool access (0), hot access (0), error acces (0).
/*BANK*/7->7: cool access (0), hot access (0), error acces (0).
/*BANK*/8->0: cool access (20123), hot access (4580), error acces (0).
/*BANK*/8->1: cool access (0), hot access (0), error acces (0).
/*BANK*/8->2: cool access (0), hot access (0), error acces (0).
/*BANK*/8->3: cool access (0), hot access (0), error acces (0).
/*BANK*/8->4: cool access (645), hot access (0), error acces (0).
/*BANK*/8->5: cool access (0), hot access (0), error acces (0).
/*BANK*/8->6: cool access (0), hot access (0), error acces (0).
/*BANK*/8->7: cool access (0), hot access (0), error acces (0).
/*BANK*/9->0: cool access (24824), hot access (706), error acces (0).
/*BANK*/9->1: cool access (0), hot access (0), error acces (0).
/*BANK*/9->2: cool access (0), hot access (0), error acces (0).
/*BANK*/9->3: cool access (0), hot access (0), error acces (0).
/*BANK*/9->4: cool access (0), hot access (0), error acces (0).
/*BANK*/9->5: cool access (0), hot access (0), error acces (0).
/*BANK*/9->6: cool access (0), hot access (0), error acces (0).
/*BANK*/9->7: cool access (0), hot access (0), error acces (0).
/*BANK*/10->0: cool access (22160), hot access (2997), error acces (0).
/*BANK*/10->1: cool access (0), hot access (0), error acces (0).
/*BANK*/10->2: cool access (0), hot access (0), error acces (0).
/*BANK*/10->3: cool access (0), hot access (0), error acces (0).
/*BANK*/10->4: cool access (34), hot access (0), error acces (0).
/*BANK*/10->5: cool access (0), hot access (0), error acces (0).
/*BANK*/10->6: cool access (0), hot access (0), error acces (0).
/*BANK*/10->7: cool access (0), hot access (0), error acces (0).
/*BANK*/11->0: cool access (27760), hot access (0), error acces (0).
/*BANK*/11->1: cool access (0), hot access (0), error acces (0).
/*BANK*/11->2: cool access (0), hot access (0), error acces (0).
/*BANK*/11->3: cool access (0), hot access (0), error acces (0).
/*BANK*/11->4: cool access (0), hot access (0), error acces (0).
/*BANK*/11->5: cool access (0), hot access (0), error acces (0).
/*BANK*/11->6: cool access (0), hot access (0), error acces (0).
/*BANK*/11->7: cool access (0), hot access (0), error acces (0).
/*BANK*/12->0: cool access (3917), hot access (20377), error acces (5939).
/*BANK*/12->1: cool access (0), hot access (0), error acces (0).
/*BANK*/12->2: cool access (0), hot access (0), error acces (0).
/*BANK*/12->3: cool access (0), hot access (0), error acces (0).
/*BANK*/12->4: cool access (0), hot access (0), error acces (0).
/*BANK*/12->5: cool access (0), hot access (0), error acces (0).
/*BANK*/12->6: cool access (0), hot access (0), error acces (0).
/*BANK*/12->7: cool access (0), hot access (0), error acces (0).
/*BANK*/13->0: cool access (20134), hot access (3341), error acces (0).
/*BANK*/13->1: cool access (0), hot access (0), error acces (0).
/*BANK*/13->2: cool access (0), hot access (0), error acces (0).
/*BANK*/13->3: cool access (0), hot access (0), error acces (0).
/*BANK*/13->4: cool access (0), hot access (0), error acces (0).
/*BANK*/13->5: cool access (0), hot access (0), error acces (0).
/*BANK*/13->6: cool access (0), hot access (0), error acces (0).
/*BANK*/13->7: cool access (0), hot access (0), error acces (0).
/*BANK*/14->0: cool access (3372), hot access (18638), error acces (4075).
/*BANK*/14->1: cool access (0), hot access (0), error acces (0).
/*BANK*/14->2: cool access (1022), hot access (97), error acces (0).
/*BANK*/14->3: cool access (0), hot access (0), error acces (0).
/*BANK*/14->4: cool access (0), hot access (0), error acces (0).
/*BANK*/14->5: cool access (0), hot access (0), error acces (0).
/*BANK*/14->6: cool access (0), hot access (0), error acces (0).
/*BANK*/14->7: cool access (0), hot access (0), error acces (0).
/*BANK*/15->0: cool access (18500), hot access (3714), error acces (0).
/*BANK*/15->1: cool access (0), hot access (0), error acces (0).
/*BANK*/15->2: cool access (0), hot access (0), error acces (0).
/*BANK*/15->3: cool access (0), hot access (0), error acces (0).
/*BANK*/15->4: cool access (0), hot access (0), error acces (0).
/*BANK*/15->5: cool access (0), hot access (0), error acces (0).
/*BANK*/15->6: cool access (63), hot access (0), error acces (0).
/*BANK*/15->7: cool access (0), hot access (0), error acces (0).
/*BANK*/16->0: cool access (11526), hot access (9257), error acces (3479).
/*BANK*/16->1: cool access (0), hot access (0), error acces (0).
/*BANK*/16->2: cool access (0), hot access (0), error acces (0).
/*BANK*/16->3: cool access (0), hot access (0), error acces (0).
/*BANK*/16->4: cool access (0), hot access (0), error acces (0).
/*BANK*/16->5: cool access (0), hot access (0), error acces (0).
/*BANK*/16->6: cool access (0), hot access (0), error acces (0).
/*BANK*/16->7: cool access (0), hot access (0), error acces (0).
/*BANK*/17->0: cool access (20575), hot access (2930), error acces (0).
/*BANK*/17->1: cool access (0), hot access (0), error acces (0).
/*BANK*/17->2: cool access (0), hot access (0), error acces (0).
/*BANK*/17->3: cool access (0), hot access (0), error acces (0).
/*BANK*/17->4: cool access (0), hot access (0), error acces (0).
/*BANK*/17->5: cool access (0), hot access (0), error acces (0).
/*BANK*/17->6: cool access (0), hot access (0), error acces (0).
/*BANK*/17->7: cool access (0), hot access (0), error acces (0).
/*BANK*/18->0: cool access (17446), hot access (3894), error acces (0).
/*BANK*/18->1: cool access (0), hot access (0), error acces (0).
/*BANK*/18->2: cool access (0), hot access (0), error acces (0).
/*BANK*/18->3: cool access (0), hot access (0), error acces (0).
/*BANK*/18->4: cool access (0), hot access (0), error acces (0).
/*BANK*/18->5: cool access (0), hot access (0), error acces (0).
/*BANK*/18->6: cool access (0), hot access (0), error acces (0).
/*BANK*/18->7: cool access (0), hot access (0), error acces (0).
/*BANK*/19->0: cool access (19725), hot access (3756), error acces (0).
/*BANK*/19->1: cool access (0), hot access (0), error acces (0).
/*BANK*/19->2: cool access (0), hot access (0), error acces (0).
/*BANK*/19->3: cool access (0), hot access (0), error acces (0).
/*BANK*/19->4: cool access (0), hot access (0), error acces (0).
/*BANK*/19->5: cool access (0), hot access (0), error acces (0).
/*BANK*/19->6: cool access (0), hot access (0), error acces (0).
/*BANK*/19->7: cool access (0), hot access (0), error acces (0).
/*BANK*/20->0: cool access (8231), hot access (11631), error acces (3467).
/*BANK*/20->1: cool access (0), hot access (0), error acces (0).
/*BANK*/20->2: cool access (0), hot access (0), error acces (0).
/*BANK*/20->3: cool access (0), hot access (0), error acces (0).
/*BANK*/20->4: cool access (0), hot access (0), error acces (0).
/*BANK*/20->5: cool access (0), hot access (0), error acces (0).
/*BANK*/20->6: cool access (0), hot access (0), error acces (0).
/*BANK*/20->7: cool access (0), hot access (0), error acces (0).
/*BANK*/21->0: cool access (17251), hot access (4056), error acces (0).
/*BANK*/21->1: cool access (0), hot access (0), error acces (0).
/*BANK*/21->2: cool access (0), hot access (0), error acces (0).
/*BANK*/21->3: cool access (0), hot access (0), error acces (0).
/*BANK*/21->4: cool access (0), hot access (0), error acces (0).
/*BANK*/21->5: cool access (0), hot access (0), error acces (0).
/*BANK*/21->6: cool access (0), hot access (0), error acces (0).
/*BANK*/21->7: cool access (0), hot access (0), error acces (0).
/*BANK*/22->0: cool access (17099), hot access (3998), error acces (746).
/*BANK*/22->1: cool access (0), hot access (0), error acces (0).
/*BANK*/22->2: cool access (0), hot access (0), error acces (0).
/*BANK*/22->3: cool access (0), hot access (0), error acces (0).
/*BANK*/22->4: cool access (0), hot access (0), error acces (0).
/*BANK*/22->5: cool access (0), hot access (0), error acces (0).
/*BANK*/22->6: cool access (0), hot access (0), error acces (0).
/*BANK*/22->7: cool access (0), hot access (0), error acces (0).
/*BANK*/23->0: cool access (16948), hot access (4112), error acces (0).
/*BANK*/23->1: cool access (1683), hot access (191), error acces (0).
/*BANK*/23->2: cool access (0), hot access (0), error acces (0).
/*BANK*/23->3: cool access (0), hot access (0), error acces (0).
/*BANK*/23->4: cool access (0), hot access (0), error acces (0).
/*BANK*/23->5: cool access (0), hot access (0), error acces (0).
/*BANK*/23->6: cool access (0), hot access (0), error acces (0).
/*BANK*/23->7: cool access (0), hot access (0), error acces (0).
/*BANK*/24->0: cool access (20), hot access (20858), error acces (12453).
/*BANK*/24->1: cool access (12057), hot access (14345), error acces (4460).
/*BANK*/24->2: cool access (0), hot access (0), error acces (0).
/*BANK*/24->3: cool access (0), hot access (0), error acces (0).
/*BANK*/24->4: cool access (0), hot access (0), error acces (0).
/*BANK*/24->5: cool access (0), hot access (0), error acces (0).
/*BANK*/24->6: cool access (0), hot access (0), error acces (0).
/*BANK*/24->7: cool access (0), hot access (0), error acces (0).
/*BANK*/25->0: cool access (9269), hot access (11310), error acces (1602).
/*BANK*/25->1: cool access (4486), hot access (2731), error acces (1090).
/*BANK*/25->2: cool access (0), hot access (0), error acces (0).
/*BANK*/25->3: cool access (0), hot access (0), error acces (0).
/*BANK*/25->4: cool access (0), hot access (0), error acces (0).
/*BANK*/25->5: cool access (0), hot access (0), error acces (0).
/*BANK*/25->6: cool access (0), hot access (0), error acces (0).
/*BANK*/25->7: cool access (0), hot access (0), error acces (0).
/*BANK*/26->0: cool access (10374), hot access (9914), error acces (4793).
/*BANK*/26->1: cool access (0), hot access (0), error acces (0).
/*BANK*/26->2: cool access (0), hot access (0), error acces (0).
/*BANK*/26->3: cool access (125), hot access (0), error acces (0).
/*BANK*/26->4: cool access (0), hot access (0), error acces (0).
/*BANK*/26->5: cool access (0), hot access (0), error acces (0).
/*BANK*/26->6: cool access (0), hot access (0), error acces (0).
/*BANK*/26->7: cool access (0), hot access (0), error acces (0).
/*BANK*/27->0: cool access (15093), hot access (4991), error acces (0).
/*BANK*/27->1: cool access (0), hot access (0), error acces (0).
/*BANK*/27->2: cool access (0), hot access (0), error acces (0).
/*BANK*/27->3: cool access (0), hot access (0), error acces (0).
/*BANK*/27->4: cool access (0), hot access (0), error acces (0).
/*BANK*/27->5: cool access (0), hot access (0), error acces (0).
/*BANK*/27->6: cool access (0), hot access (0), error acces (0).
/*BANK*/27->7: cool access (0), hot access (0), error acces (0).
/*BANK*/28->0: cool access (6970), hot access (15227), error acces (4937).
/*BANK*/28->1: cool access (0), hot access (0), error acces (0).
/*BANK*/28->2: cool access (0), hot access (0), error acces (0).
/*BANK*/28->3: cool access (0), hot access (0), error acces (0).
/*BANK*/28->4: cool access (0), hot access (0), error acces (0).
/*BANK*/28->5: cool access (0), hot access (0), error acces (0).
/*BANK*/28->6: cool access (0), hot access (0), error acces (0).
/*BANK*/28->7: cool access (0), hot access (0), error acces (0).
/*BANK*/29->0: cool access (15429), hot access (4498), error acces (0).
/*BANK*/29->1: cool access (0), hot access (0), error acces (0).
/*BANK*/29->2: cool access (0), hot access (0), error acces (0).
/*BANK*/29->3: cool access (0), hot access (0), error acces (0).
/*BANK*/29->4: cool access (0), hot access (0), error acces (0).
/*BANK*/29->5: cool access (0), hot access (0), error acces (0).
/*BANK*/29->6: cool access (0), hot access (0), error acces (0).
/*BANK*/29->7: cool access (0), hot access (0), error acces (0).
/*BANK*/30->0: cool access (15289), hot access (4670), error acces (0).
/*BANK*/30->1: cool access (0), hot access (0), error acces (0).
/*BANK*/30->2: cool access (0), hot access (0), error acces (0).
/*BANK*/30->3: cool access (0), hot access (0), error acces (0).
/*BANK*/30->4: cool access (0), hot access (0), error acces (0).
/*BANK*/30->5: cool access (0), hot access (0), error acces (0).
/*BANK*/30->6: cool access (0), hot access (0), error acces (0).
/*BANK*/30->7: cool access (0), hot access (0), error acces (0).
/*BANK*/31->0: cool access (13637), hot access (2983), error acces (0).
/*BANK*/31->1: cool access (0), hot access (0), error acces (0).
/*BANK*/31->2: cool access (0), hot access (0), error acces (0).
/*BANK*/31->3: cool access (0), hot access (0), error acces (0).
/*BANK*/31->4: cool access (0), hot access (0), error acces (0).
/*BANK*/31->5: cool access (0), hot access (0), error acces (0).
/*BANK*/31->6: cool access (0), hot access (0), error acces (0).
/*BANK*/31->7: cool access (0), hot access (0), error acces (0).
{Summary}: 189802 Hot Accesses, 563493 Cool Accesses.

 ***** [REF/AC_Result] *****
                     Power     Energy    Energy %
  core-core        21.62 W     2.43  J     31.63%
  core-ifetch       4.28 W     0.48  J      6.26%
  core-alu          1.56 W     0.18  J      2.28%
  core-int          3.10 W     0.35  J      4.54%
  core-fp           4.57 W     0.51  J      6.68%
  core-mem          5.42 W     0.61  J      7.92%
  core-other        3.79 W     0.43  J      5.55%
  icache            2.91 W     0.33  J      4.26%
  dcache           11.51 W     1.29  J     16.84%
  l2                1.71 W     0.19  J      2.50%
  l3                3.40 W     0.38  J      4.98%
  dram              4.46 W     0.50  J      6.53%
  other             0.03 W     3.68 mJ      0.05%

  core             44.34 W     4.98  J     64.86%
  cache            19.53 W     2.19  J     28.56%
  total            68.36 W     7.68  J    100.00%
Warning: Unable to run gnuplot to create cpi stack graphs.  Maybe gnuplot is not installed?
[SNIPER] End
[SNIPER] Elapsed time: 2743.90 seconds
[SNIPER] Running McPAT
[SPLASH] [----------    End of output    ----------]
[SPLASH] Done.
/scratch/miz087/results/inv_45_10_splash2_water.sp_large
