[Benchmarks] set sniper output to rundi /scratch/miz087/results/inv_40_10_splash2_fmm_large
/scratch/miz087/results/inv_40_10_splash2_fmm_large
[SPLASH] Benchmarks to run: fmm

[SPLASH] [========== Running benchmark fmm ==========]
[SPLASH] Setting up run directory: /scratch/miz087/results/inv_40_10_splash2_fmm_large
[SPLASH] Running 'SNIPER_APP_LD_PRELOAD=$LD_PRELOAD; unset LD_PRELOAD; /home_masters/miz087/workplace/micro_exp/run-sniper -n 4 -m 'localhost' -d '/scratch/miz087/results/inv_40_10_splash2_fmm_large' -sthermalstats --power -c gainestown_cache --roi --curdir=/home_masters/miz087/workplace/micro_exp/benchmarks  --  /home_masters/miz087/workplace/micro_exp/benchmarks/splash2/splash2/codes/apps/fmm/FMM < input':
[SPLASH] [---------- Beginning of output ----------]
[SNIPER] Start
----------BEGIN_INIT_STATS_MANAGER------------
----------END_INIT_STATS_MANAGER------------
Normal Cache Total set: 524288
now initialize a stacked dram unison cache
Executing Python script /scratch/miz087/results/inv_40_10_splash2_fmm_large/sim.scripts.py
[SNIPER] --------------------------------------------------------------------------------
[SNIPER] Sniper using Pin frontend
[SNIPER] Running pre-ROI region in  CACHE_ONLY mode
[SNIPER] Running application ROI in DETAILED mode
[SNIPER] Running post-ROI region in FAST_FORWARD mode
[SNIPER] --------------------------------------------------------------------------------
Creating a two cluster, non uniform distribution for 32768 particles
[HOOKS] Entering ROI
[SNIPER] Enabling performance models
[SNIPER] Setting instrumentation mode to DETAILED
Starting FMM with 4 processors
[Benchmarks] set sniper output to rundi /scratch/miz087/results/inv_40_10_splash2_fmm_large
/scratch/miz087/results/inv_40_10_splash2_fmm_large
[SPLASH] Benchmarks to run: fmm

[SPLASH] [========== Running benchmark fmm ==========]
[SPLASH] Setting up run directory: /scratch/miz087/results/inv_40_10_splash2_fmm_large
[SPLASH] Running 'SNIPER_APP_LD_PRELOAD=$LD_PRELOAD; unset LD_PRELOAD; /home_masters/miz087/workplace/micro_exp/run-sniper -n 4 -m 'localhost' -d '/scratch/miz087/results/inv_40_10_splash2_fmm_large' -sthermalstats --power -c gainestown_cache --roi --curdir=/home_masters/miz087/workplace/micro_exp/benchmarks  --  /home_masters/miz087/workplace/micro_exp/benchmarks/splash2/splash2/codes/apps/fmm/FMM < input':
[SPLASH] [---------- Beginning of output ----------]
[SNIPER] Start
----------BEGIN_INIT_STATS_MANAGER------------
----------END_INIT_STATS_MANAGER------------
Normal Cache Total set: 524288
now initialize a stacked dram unison cache
Executing Python script /scratch/miz087/results/inv_40_10_splash2_fmm_large/sim.scripts.py
[SNIPER] --------------------------------------------------------------------------------
[SNIPER] Sniper using Pin frontend
[SNIPER] Running pre-ROI region in  CACHE_ONLY mode
[SNIPER] Running application ROI in DETAILED mode
[SNIPER] Running post-ROI region in FAST_FORWARD mode
[SNIPER] --------------------------------------------------------------------------------
Creating a two cluster, non uniform distribution for 32768 particles
[HOOKS] Entering ROI
[SNIPER] Enabling performance models
[SNIPER] Setting instrumentation mode to DETAILED
Starting FMM with 4 processors
[SNIPER] Disabling performance models
[SNIPER] Leaving ROI after 8285.29 seconds
[SNIPER] Simulated 5472.7M instructions, 580.7M cycles, 9.42 IPC
[SNIPER] Simulation speed 662.2 KIPS (165.6 KIPS / target core - 6040.1ns/instr)
[SNIPER] Sampling: executed 93.67% of simulated time in detailed mode
[SNIPER] Setting instrumentation mode to FAST_FORWARD
[HOOKS] Leaving ROI
Finished FMM
                                   PROCESS STATISTICS
             Track        Tree        List        Part        Pass       Inter        Bar        Intra       Other
 Proc        Time         Time        Time        Time        Time       Time         Time       Time        Time
    0   4817287996    30749298    98436155    19132801   425922018  4151027839    60374554     8952381    22628947

                                   TIMING INFORMATION
Start time                        :      -1261865957
Initialization finish time        :      -2060648113
Overall finish time               :      -1538331413
Total time with initialization    :       -276465456
Total time without initialization :      -2147483648

Total time for steps 3 to 5 :   4817287996


 ***** [DRAM_CACHE_Result] *****

*** DRAM Total Access: 1172403, miss: 305631, miss rate: 0.260688
*** DRAM Total Access In ROI: 750931, miss: 212396, miss rate: 0.282844
*** DRAM Remap Times: 63132 invalid times, 91861 total invalid_blocks, 0 migrate times, 0 total migrate blocks.
*** DRAM Statistics: 246911792 reads, 108405313 writes, 244842715 row hits, 14826654 ACT time, 14826654 PRE time, 11571600 RD time, 3254981 WR time.

 ***** [DRAM_CACHE_Result] *****

[RAMULATOR OUTPUT]

**Total Ticks: 122966939

**Ramulator Active Cycles: 1.65277e+07

**DRAM Cycles: 1.22967e+08

**Maximum Bandwidth: 0

Number of Incoming Requests: 2.63557e+06

**Serving Request**
Channel_0: serving reads(90520), serving writes(19946).
Channel_1: serving reads(50372), serving writes(22193).
Channel_2: serving reads(53316), serving writes(23156).
Channel_3: serving reads(55548), serving writes(24864).
Channel_4: serving reads(62917), serving writes(26624).
Channel_5: serving reads(57419), serving writes(24684).
Channel_6: serving reads(58788), serving writes(25382).
Channel_7: serving reads(60297), serving writes(25965).
Channel_8: serving reads(70758), serving writes(31381).
Channel_9: serving reads(64165), serving writes(27374).
Channel_10: serving reads(66207), serving writes(29181).
Channel_11: serving reads(64904), serving writes(26565).
Channel_12: serving reads(60707), serving writes(31383).
Channel_13: serving reads(56213), serving writes(29196).
Channel_14: serving reads(55409), serving writes(28990).
Channel_15: serving reads(59621), serving writes(25363).
Channel_16: serving reads(52564), serving writes(28285).
Channel_17: serving reads(48657), serving writes(24791).
Channel_18: serving reads(46927), serving writes(23628).
Channel_19: serving reads(51793), serving writes(22959).
Channel_20: serving reads(44486), serving writes(23187).
Channel_21: serving reads(37261), serving writes(19407).
Channel_22: serving reads(36642), serving writes(18907).
Channel_23: serving reads(39653), serving writes(18061).
Channel_24: serving reads(34063), serving writes(18067).
Channel_25: serving reads(33654), serving writes(17559).
Channel_26: serving reads(33999), serving writes(17397).
Channel_27: serving reads(33791), serving writes(16228).
Channel_28: serving reads(35766), serving writes(18599).
Channel_29: serving reads(34199), serving writes(17358).
Channel_30: serving reads(34840), serving writes(17901).
Channel_31: serving reads(38879), serving writes(17772).
[RAMULATOR OUTPUT]

----------[STAT_STORE_UNIT]-----------

Hot Access: 256892, Cool Access: 2506320

Hits on previous hot rows: 42504

Hits on previous cool rows: 2230

Total remap times: 31566, Total Inter-Vault remaps: 31566, Total number of intervals: 4279


----------[STAT_STORE_UNIT]-----------

 ***** [REF/AC_Result] *****
/*BANK*/0->0: cool access (6278), hot access (0), error acces (0).
/*BANK*/0->1: cool access (6244), hot access (0), error acces (0).
/*BANK*/0->2: cool access (9537), hot access (0), error acces (0).
/*BANK*/0->3: cool access (4), hot access (0), error acces (0).
/*BANK*/0->4: cool access (12759), hot access (0), error acces (0).
/*BANK*/0->5: cool access (3959), hot access (0), error acces (0).
/*BANK*/0->6: cool access (4833), hot access (0), error acces (0).
/*BANK*/0->7: cool access (100884), hot access (0), error acces (0).
/*BANK*/1->0: cool access (5034), hot access (0), error acces (0).
/*BANK*/1->1: cool access (5523), hot access (0), error acces (0).
/*BANK*/1->2: cool access (37679), hot access (0), error acces (0).
/*BANK*/1->3: cool access (10), hot access (0), error acces (0).
/*BANK*/1->4: cool access (16168), hot access (0), error acces (0).
/*BANK*/1->5: cool access (4145), hot access (0), error acces (0).
/*BANK*/1->6: cool access (4398), hot access (0), error acces (0).
/*BANK*/1->7: cool access (4730), hot access (0), error acces (0).
/*BANK*/2->0: cool access (4993), hot access (0), error acces (0).
/*BANK*/2->1: cool access (5321), hot access (0), error acces (0).
/*BANK*/2->2: cool access (48518), hot access (0), error acces (0).
/*BANK*/2->3: cool access (0), hot access (0), error acces (0).
/*BANK*/2->4: cool access (16110), hot access (0), error acces (0).
/*BANK*/2->5: cool access (3867), hot access (0), error acces (0).
/*BANK*/2->6: cool access (4406), hot access (0), error acces (0).
/*BANK*/2->7: cool access (5060), hot access (0), error acces (0).
/*BANK*/3->0: cool access (6723), hot access (0), error acces (0).
/*BANK*/3->1: cool access (5013), hot access (0), error acces (0).
/*BANK*/3->2: cool access (57447), hot access (0), error acces (0).
/*BANK*/3->3: cool access (4), hot access (0), error acces (0).
/*BANK*/3->4: cool access (14334), hot access (0), error acces (0).
/*BANK*/3->5: cool access (4640), hot access (0), error acces (0).
/*BANK*/3->6: cool access (4014), hot access (0), error acces (0).
/*BANK*/3->7: cool access (4660), hot access (0), error acces (0).
/*BANK*/4->0: cool access (15792), hot access (0), error acces (0).
/*BANK*/4->1: cool access (7029), hot access (0), error acces (0).
/*BANK*/4->2: cool access (57013), hot access (0), error acces (0).
/*BANK*/4->3: cool access (8), hot access (0), error acces (0).
/*BANK*/4->4: cool access (13040), hot access (0), error acces (0).
/*BANK*/4->5: cool access (4875), hot access (0), error acces (0).
/*BANK*/4->6: cool access (4035), hot access (0), error acces (0).
/*BANK*/4->7: cool access (5460), hot access (0), error acces (0).
/*BANK*/5->0: cool access (8977), hot access (0), error acces (0).
/*BANK*/5->1: cool access (7125), hot access (0), error acces (0).
/*BANK*/5->2: cool access (53793), hot access (0), error acces (0).
/*BANK*/5->3: cool access (0), hot access (0), error acces (0).
/*BANK*/5->4: cool access (12472), hot access (0), error acces (0).
/*BANK*/5->5: cool access (4542), hot access (0), error acces (0).
/*BANK*/5->6: cool access (3851), hot access (0), error acces (0).
/*BANK*/5->7: cool access (5337), hot access (0), error acces (0).
/*BANK*/6->0: cool access (4823), hot access (0), error acces (0).
/*BANK*/6->1: cool access (9872), hot access (0), error acces (0).
/*BANK*/6->2: cool access (59248), hot access (0), error acces (0).
/*BANK*/6->3: cool access (10), hot access (0), error acces (0).
/*BANK*/6->4: cool access (11281), hot access (0), error acces (0).
/*BANK*/6->5: cool access (4941), hot access (0), error acces (0).
/*BANK*/6->6: cool access (4489), hot access (0), error acces (0).
/*BANK*/6->7: cool access (4682), hot access (0), error acces (0).
/*BANK*/7->0: cool access (4629), hot access (0), error acces (0).
/*BANK*/7->1: cool access (11118), hot access (0), error acces (0).
/*BANK*/7->2: cool access (55688), hot access (0), error acces (0).
/*BANK*/7->3: cool access (2249), hot access (0), error acces (0).
/*BANK*/7->4: cool access (15678), hot access (0), error acces (0).
/*BANK*/7->5: cool access (5190), hot access (0), error acces (0).
/*BANK*/7->6: cool access (4979), hot access (0), error acces (0).
/*BANK*/7->7: cool access (4485), hot access (0), error acces (0).
/*BANK*/8->0: cool access (4503), hot access (3544), error acces (0).
/*BANK*/8->1: cool access (6564), hot access (2183), error acces (0).
/*BANK*/8->2: cool access (52380), hot access (16942), error acces (0).
/*BANK*/8->3: cool access (9274), hot access (0), error acces (0).
/*BANK*/8->4: cool access (15431), hot access (0), error acces (0).
/*BANK*/8->5: cool access (5270), hot access (0), error acces (0).
/*BANK*/8->6: cool access (4479), hot access (0), error acces (0).
/*BANK*/8->7: cool access (4849), hot access (0), error acces (0).
/*BANK*/9->0: cool access (5346), hot access (0), error acces (0).
/*BANK*/9->1: cool access (4850), hot access (308), error acces (0).
/*BANK*/9->2: cool access (59475), hot access (0), error acces (0).
/*BANK*/9->3: cool access (10812), hot access (0), error acces (0).
/*BANK*/9->4: cool access (14291), hot access (0), error acces (0).
/*BANK*/9->5: cool access (4906), hot access (0), error acces (0).
/*BANK*/9->6: cool access (4986), hot access (0), error acces (0).
/*BANK*/9->7: cool access (4505), hot access (0), error acces (0).
/*BANK*/10->0: cool access (6869), hot access (2323), error acces (0).
/*BANK*/10->1: cool access (6496), hot access (2147), error acces (0).
/*BANK*/10->2: cool access (58065), hot access (0), error acces (0).
/*BANK*/10->3: cool access (9439), hot access (0), error acces (0).
/*BANK*/10->4: cool access (18657), hot access (0), error acces (0).
/*BANK*/10->5: cool access (4169), hot access (0), error acces (0).
/*BANK*/10->6: cool access (4809), hot access (0), error acces (0).
/*BANK*/10->7: cool access (4433), hot access (0), error acces (0).
/*BANK*/11->0: cool access (8668), hot access (0), error acces (0).
/*BANK*/11->1: cool access (4652), hot access (0), error acces (0).
/*BANK*/11->2: cool access (60012), hot access (0), error acces (0).
/*BANK*/11->3: cool access (8931), hot access (0), error acces (0).
/*BANK*/11->4: cool access (13915), hot access (0), error acces (0).
/*BANK*/11->5: cool access (4476), hot access (0), error acces (0).
/*BANK*/11->6: cool access (4664), hot access (0), error acces (0).
/*BANK*/11->7: cool access (4870), hot access (0), error acces (0).
/*BANK*/12->0: cool access (3916), hot access (13043), error acces (9905).
/*BANK*/12->1: cool access (4627), hot access (5839), error acces (2852).
/*BANK*/12->2: cool access (11485), hot access (31747), error acces (10696).
/*BANK*/12->3: cool access (4245), hot access (3303), error acces (0).
/*BANK*/12->4: cool access (12266), hot access (2028), error acces (0).
/*BANK*/12->5: cool access (4318), hot access (0), error acces (0).
/*BANK*/12->6: cool access (5132), hot access (0), error acces (0).
/*BANK*/12->7: cool access (5157), hot access (0), error acces (0).
/*BANK*/13->0: cool access (9656), hot access (5747), error acces (0).
/*BANK*/13->1: cool access (4817), hot access (3939), error acces (0).
/*BANK*/13->2: cool access (34303), hot access (13123), error acces (0).
/*BANK*/13->3: cool access (2897), hot access (337), error acces (0).
/*BANK*/13->4: cool access (11244), hot access (0), error acces (0).
/*BANK*/13->5: cool access (3788), hot access (0), error acces (0).
/*BANK*/13->6: cool access (4484), hot access (0), error acces (0).
/*BANK*/13->7: cool access (4678), hot access (0), error acces (0).
/*BANK*/14->0: cool access (4325), hot access (12423), error acces (5253).
/*BANK*/14->1: cool access (5158), hot access (4934), error acces (0).
/*BANK*/14->2: cool access (23579), hot access (21727), error acces (0).
/*BANK*/14->3: cool access (24), hot access (0), error acces (0).
/*BANK*/14->4: cool access (11453), hot access (0), error acces (0).
/*BANK*/14->5: cool access (4347), hot access (0), error acces (0).
/*BANK*/14->6: cool access (4511), hot access (0), error acces (0).
/*BANK*/14->7: cool access (4631), hot access (0), error acces (0).
/*BANK*/15->0: cool access (9745), hot access (3529), error acces (0).
/*BANK*/15->1: cool access (11993), hot access (0), error acces (0).
/*BANK*/15->2: cool access (51295), hot access (0), error acces (0).
/*BANK*/15->3: cool access (8), hot access (0), error acces (0).
/*BANK*/15->4: cool access (11481), hot access (0), error acces (0).
/*BANK*/15->5: cool access (4576), hot access (0), error acces (0).
/*BANK*/15->6: cool access (4344), hot access (0), error acces (0).
/*BANK*/15->7: cool access (5037), hot access (0), error acces (0).
/*BANK*/16->0: cool access (3783), hot access (11759), error acces (6364).
/*BANK*/16->1: cool access (4463), hot access (5367), error acces (2662).
/*BANK*/16->2: cool access (17037), hot access (23165), error acces (10944).
/*BANK*/16->3: cool access (0), hot access (0), error acces (0).
/*BANK*/16->4: cool access (8097), hot access (2417), error acces (0).
/*BANK*/16->5: cool access (4968), hot access (0), error acces (0).
/*BANK*/16->6: cool access (4718), hot access (0), error acces (0).
/*BANK*/16->7: cool access (5650), hot access (0), error acces (0).
/*BANK*/17->0: cool access (6237), hot access (4560), error acces (2535).
/*BANK*/17->1: cool access (6050), hot access (3073), error acces (0).
/*BANK*/17->2: cool access (22707), hot access (8537), error acces (0).
/*BANK*/17->3: cool access (22), hot access (0), error acces (0).
/*BANK*/17->4: cool access (15192), hot access (0), error acces (0).
/*BANK*/17->5: cool access (4526), hot access (0), error acces (0).
/*BANK*/17->6: cool access (4271), hot access (0), error acces (0).
/*BANK*/17->7: cool access (5096), hot access (0), error acces (0).
/*BANK*/18->0: cool access (3980), hot access (3632), error acces (1819).
/*BANK*/18->1: cool access (5121), hot access (4036), error acces (2251).
/*BANK*/18->2: cool access (20590), hot access (9231), error acces (0).
/*BANK*/18->3: cool access (20), hot access (0), error acces (0).
/*BANK*/18->4: cool access (15781), hot access (0), error acces (0).
/*BANK*/18->5: cool access (4538), hot access (0), error acces (0).
/*BANK*/18->6: cool access (4922), hot access (0), error acces (0).
/*BANK*/18->7: cool access (4903), hot access (0), error acces (0).
/*BANK*/19->0: cool access (6634), hot access (2109), error acces (0).
/*BANK*/19->1: cool access (5012), hot access (0), error acces (0).
/*BANK*/19->2: cool access (28738), hot access (8266), error acces (0).
/*BANK*/19->3: cool access (53), hot access (0), error acces (0).
/*BANK*/19->4: cool access (18440), hot access (0), error acces (0).
/*BANK*/19->5: cool access (5084), hot access (0), error acces (0).
/*BANK*/19->6: cool access (4893), hot access (0), error acces (0).
/*BANK*/19->7: cool access (4821), hot access (0), error acces (0).
/*BANK*/20->0: cool access (3436), hot access (6010), error acces (2731).
/*BANK*/20->1: cool access (4349), hot access (5746), error acces (2591).
/*BANK*/20->2: cool access (14064), hot access (13351), error acces (0).
/*BANK*/20->3: cool access (97), hot access (0), error acces (0).
/*BANK*/20->4: cool access (8973), hot access (0), error acces (0).
/*BANK*/20->5: cool access (5081), hot access (0), error acces (0).
/*BANK*/20->6: cool access (4565), hot access (0), error acces (0).
/*BANK*/20->7: cool access (4911), hot access (0), error acces (0).
/*BANK*/21->0: cool access (6056), hot access (2879), error acces (0).
/*BANK*/21->1: cool access (5701), hot access (3121), error acces (0).
/*BANK*/21->2: cool access (14036), hot access (5062), error acces (0).
/*BANK*/21->3: cool access (97), hot access (0), error acces (0).
/*BANK*/21->4: cool access (4764), hot access (0), error acces (0).
/*BANK*/21->5: cool access (4396), hot access (0), error acces (0).
/*BANK*/21->6: cool access (4825), hot access (0), error acces (0).
/*BANK*/21->7: cool access (4630), hot access (0), error acces (0).
/*BANK*/22->0: cool access (5541), hot access (6265), error acces (2904).
/*BANK*/22->1: cool access (4935), hot access (4520), error acces (0).
/*BANK*/22->2: cool access (8186), hot access (3157), error acces (0).
/*BANK*/22->3: cool access (1439), hot access (489), error acces (0).
/*BANK*/22->4: cool access (4849), hot access (0), error acces (0).
/*BANK*/22->5: cool access (4059), hot access (0), error acces (0).
/*BANK*/22->6: cool access (4610), hot access (0), error acces (0).
/*BANK*/22->7: cool access (4469), hot access (0), error acces (0).
/*BANK*/23->0: cool access (6930), hot access (2905), error acces (0).
/*BANK*/23->1: cool access (11745), hot access (0), error acces (0).
/*BANK*/23->2: cool access (1859), hot access (0), error acces (0).
/*BANK*/23->3: cool access (15086), hot access (0), error acces (0).
/*BANK*/23->4: cool access (4062), hot access (0), error acces (0).
/*BANK*/23->5: cool access (4394), hot access (0), error acces (0).
/*BANK*/23->6: cool access (5112), hot access (0), error acces (0).
/*BANK*/23->7: cool access (5026), hot access (0), error acces (0).
/*BANK*/24->0: cool access (0), hot access (6267), error acces (3393).
/*BANK*/24->1: cool access (4305), hot access (6184), error acces (3237).
/*BANK*/24->2: cool access (4), hot access (0), error acces (0).
/*BANK*/24->3: cool access (5749), hot access (4041), error acces (0).
/*BANK*/24->4: cool access (4761), hot access (1398), error acces (0).
/*BANK*/24->5: cool access (3850), hot access (0), error acces (0).
/*BANK*/24->6: cool access (5033), hot access (0), error acces (0).
/*BANK*/24->7: cool access (4898), hot access (0), error acces (0).
/*BANK*/25->0: cool access (5468), hot access (3380), error acces (0).
/*BANK*/25->1: cool access (4245), hot access (4389), error acces (2063).
/*BANK*/25->2: cool access (0), hot access (0), error acces (0).
/*BANK*/25->3: cool access (6969), hot access (3377), error acces (0).
/*BANK*/25->4: cool access (5035), hot access (0), error acces (0).
/*BANK*/25->5: cool access (4045), hot access (0), error acces (0).
/*BANK*/25->6: cool access (4761), hot access (0), error acces (0).
/*BANK*/25->7: cool access (4766), hot access (0), error acces (0).
/*BANK*/26->0: cool access (3073), hot access (3895), error acces (2559).
/*BANK*/26->1: cool access (3990), hot access (4022), error acces (1969).
/*BANK*/26->2: cool access (0), hot access (0), error acces (0).
/*BANK*/26->3: cool access (7230), hot access (3795), error acces (0).
/*BANK*/26->4: cool access (5390), hot access (0), error acces (0).
/*BANK*/26->5: cool access (4713), hot access (0), error acces (0).
/*BANK*/26->6: cool access (5062), hot access (0), error acces (0).
/*BANK*/26->7: cool access (4990), hot access (0), error acces (0).
/*BANK*/27->0: cool access (6119), hot access (2509), error acces (0).
/*BANK*/27->1: cool access (3593), hot access (1209), error acces (0).
/*BANK*/27->2: cool access (2), hot access (0), error acces (0).
/*BANK*/27->3: cool access (14129), hot access (0), error acces (0).
/*BANK*/27->4: cool access (4657), hot access (0), error acces (0).
/*BANK*/27->5: cool access (4400), hot access (0), error acces (0).
/*BANK*/27->6: cool access (4593), hot access (0), error acces (0).
/*BANK*/27->7: cool access (4974), hot access (0), error acces (0).
/*BANK*/28->0: cool access (3042), hot access (6550), error acces (3702).
/*BANK*/28->1: cool access (4069), hot access (5645), error acces (3035).
/*BANK*/28->2: cool access (4), hot access (0), error acces (0).
/*BANK*/28->3: cool access (5342), hot access (4157), error acces (2454).
/*BANK*/28->4: cool access (5650), hot access (1713), error acces (0).
/*BANK*/28->5: cool access (4262), hot access (554), error acces (0).
/*BANK*/28->6: cool access (4449), hot access (0), error acces (0).
/*BANK*/28->7: cool access (5177), hot access (0), error acces (0).
/*BANK*/29->0: cool access (5881), hot access (4330), error acces (2618).
/*BANK*/29->1: cool access (6340), hot access (2923), error acces (0).
/*BANK*/29->2: cool access (24), hot access (0), error acces (0).
/*BANK*/29->3: cool access (5832), hot access (2283), error acces (0).
/*BANK*/29->4: cool access (5591), hot access (0), error acces (0).
/*BANK*/29->5: cool access (4521), hot access (0), error acces (0).
/*BANK*/29->6: cool access (4793), hot access (0), error acces (0).
/*BANK*/29->7: cool access (5087), hot access (0), error acces (0).
/*BANK*/30->0: cool access (5290), hot access (5653), error acces (3379).
/*BANK*/30->1: cool access (4679), hot access (4661), error acces (3051).
/*BANK*/30->2: cool access (8), hot access (0), error acces (0).
/*BANK*/30->3: cool access (6816), hot access (3216), error acces (0).
/*BANK*/30->4: cool access (3937), hot access (0), error acces (0).
/*BANK*/30->5: cool access (4654), hot access (0), error acces (0).
/*BANK*/30->6: cool access (4535), hot access (0), error acces (0).
/*BANK*/30->7: cool access (5049), hot access (0), error acces (0).
/*BANK*/31->0: cool access (7078), hot access (3186), error acces (0).
/*BANK*/31->1: cool access (10469), hot access (0), error acces (0).
/*BANK*/31->2: cool access (14), hot access (0), error acces (0).
/*BANK*/31->3: cool access (16399), hot access (0), error acces (0).
/*BANK*/31->4: cool access (5005), hot access (0), error acces (0).
/*BANK*/31->5: cool access (4681), hot access (0), error acces (0).
/*BANK*/31->6: cool access (4684), hot access (0), error acces (0).
/*BANK*/31->7: cool access (4628), hot access (0), error acces (0).
{Summary}: 378160 Hot Accesses, 2259996 Cool Accesses.

 ***** [REF/AC_Result] *****
                     Power     Energy    Energy %
  core-core        34.29 W     7.04  J     43.08%
  core-ifetch       5.62 W     1.15  J      7.06%
  core-alu          2.64 W     0.54  J      3.31%
  core-int          3.22 W     0.66  J      4.04%
  core-fp           7.14 W     1.47  J      8.97%
  core-mem          3.17 W     0.65  J      3.98%
  core-other        3.79 W     0.78  J      4.77%
  icache            3.38 W     0.69  J      4.24%
  dcache            6.47 W     1.33  J      8.13%
  l2                1.68 W     0.35  J      2.12%
  l3                3.43 W     0.70  J      4.31%
  dram              4.74 W     0.97  J      5.95%
  other             0.03 W     6.72 mJ      0.04%

  core             59.87 W    12.30  J     75.22%
  cache            14.96 W     3.07  J     18.79%
  total            79.60 W    16.35  J    100.00%
Warning: Unable to run gnuplot to create cpi stack graphs.  Maybe gnuplot is not installed?
[SNIPER] End
[SNIPER] Elapsed time: 8343.01 seconds
[SNIPER] Running McPAT
[SPLASH] [----------    End of output    ----------]
[SPLASH] Done.
/scratch/miz087/results/inv_40_10_splash2_fmm_large
