[Benchmarks] set sniper output to rundi /scratch/miz087/results/mig_20_10_splash2_water.nsq_large
/scratch/miz087/results/mig_20_10_splash2_water.nsq_large
[SPLASH] Benchmarks to run: water.nsq

[SPLASH] [========== Running benchmark water.nsq ==========]
[SPLASH] Setting up run directory: /scratch/miz087/results/mig_20_10_splash2_water.nsq_large
[SPLASH] Running 'SNIPER_APP_LD_PRELOAD=$LD_PRELOAD; unset LD_PRELOAD; /home_masters/miz087/workplace/micro_exp/run-sniper -n 4 -m 'localhost' -d '/scratch/miz087/results/mig_20_10_splash2_water.nsq_large' -sthermalstats --power -c gainestown_cache --roi --curdir=/home_masters/miz087/workplace/micro_exp/benchmarks  --  /home_masters/miz087/workplace/micro_exp/benchmarks/splash2/splash2/codes/apps/water-nsquared/WATER-NSQUARED < input':
[SPLASH] [---------- Beginning of output ----------]
[SNIPER] Start
----------BEGIN_INIT_STATS_MANAGER------------
----------END_INIT_STATS_MANAGER------------
Normal Cache Total set: 524288
now initialize a stacked dram unison cache
Executing Python script /scratch/miz087/results/mig_20_10_splash2_water.nsq_large/sim.scripts.py
[SNIPER] --------------------------------------------------------------------------------
[SNIPER] Sniper using Pin frontend
[SNIPER] Running pre-ROI region in  CACHE_ONLY mode
[SNIPER] Running application ROI in DETAILED mode
[SNIPER] Running post-ROI region in FAST_FORWARD mode
[SNIPER] --------------------------------------------------------------------------------
Using 4 procs on 3 steps of 2197 mols
Other parameters:
	TSTEP = 1.50e-16
	NORDER = 6
	NSAVE = -1
	NRST = 3000
	NPRINT = 3
	NFMC = 0
	CUTOFF = 6.212752


TEMPERATURE                =   298.00 K
DENSITY                    =  0.99800 G/C.C.
NUMBER OF MOLECULES        =     2197
NUMBER OF PROCESSORS       =        4
TIME STEP                  = 1.50e-01 SEC
ORDER USED TO SOLVE F=MA   =        6 
NO. OF TIME STEPS          =        3 
FREQUENCY OF DATA SAVING   =       -1 
FREQUENCY TO WRITE RST FILE=     3000 
SPHERICAL CUTOFF RADIUS    =   6.2128 ANGSTROM

NS = 12.9999899999999986
BOXL =  40.382890
CUTOFF =   6.212752
XS =   3.106379
ZERO = 1.55319
WCOS = 0.585882
WSIN = 0.756950
***** NEW RUN STARTING FROM REGULAR LATTICE *****
[HOOKS] Entering ROI
[SNIPER] Enabling performance models
[SNIPER] Setting instrumentation mode to DETAILED
[SNIPER] Disabling performance models
[SNIPER] Leaving ROI after 13776.81 seconds
[SNIPER] Simulated 7044.4M instructions, 1185.0M cycles, 5.94 IPC
[SNIPER] Simulation speed 512.4 KIPS (128.1 KIPS / target core - 7806.7ns/instr)
[SNIPER] Sampling: executed 95.77% of simulated time in detailed mode
[SNIPER] Setting instrumentation mode to FAST_FORWARD
CREATETIME = 372000
         3        1.56974      0.05533     10.52082                      -2.12029
           10.026        305.16885        -19.56999
[HOOKS] Leaving ROI
COMPUTESTART (after initialization) = 2824318789
COMPUTEEND = 3658168471
COMPUTETIME (after initialization) = 833849682
Measured Time (2nd timestep onward) = 2819380481
Intramolecular time only (2nd timestep onward) = 34995999
Intermolecular time only (2nd timestep onward) = 2783932482
Other time (2nd timestep onward) = 452000

Exited Happily with XTT = 10.0256 (note: XTT value is garbage if NPRINT > NSTEP)

 ***** [DRAM_CACHE_Result] *****

*** DRAM Total Access: 855281, miss: 801272, miss rate: 0.936852
*** DRAM Total Access In ROI: 551927, miss: 551495, miss rate: 0.999217
*** DRAM Remap Times: 0 invalid times, 0 total invalid_blocks, 54314 migrate times, 5332628 total migrate blocks.
*** DRAM Statistics: 321845683 reads, 337747425 writes, 344297517 row hits, 33619591 ACT time, 33619591 PRE time, 22148644 RD time, 10744031 WR time.

 ***** [DRAM_CACHE_Result] *****

[RAMULATOR OUTPUT]

**Total Ticks: 287008254

**Ramulator Active Cycles: 1.83137e+07

**DRAM Cycles: 2.87008e+08

**Maximum Bandwidth: 0

Number of Incoming Requests: 2.54725e+06

**Serving Request**
Channel_0: serving reads(22927), serving writes(25057).
Channel_1: serving reads(23640), serving writes(23982).
Channel_2: serving reads(21822), serving writes(23588).
Channel_3: serving reads(21107), serving writes(22911).
Channel_4: serving reads(30220), serving writes(33888).
Channel_5: serving reads(31701), serving writes(36202).
Channel_6: serving reads(36067), serving writes(42374).
Channel_7: serving reads(36748), serving writes(43386).
Channel_8: serving reads(54146), serving writes(62436).
Channel_9: serving reads(39963), serving writes(47963).
Channel_10: serving reads(49858), serving writes(57559).
Channel_11: serving reads(37095), serving writes(45036).
Channel_12: serving reads(47530), serving writes(54772).
Channel_13: serving reads(39387), serving writes(46623).
Channel_14: serving reads(43960), serving writes(51551).
Channel_15: serving reads(40356), serving writes(48594).
Channel_16: serving reads(39820), serving writes(47397).
Channel_17: serving reads(37656), serving writes(45346).
Channel_18: serving reads(34537), serving writes(40722).
Channel_19: serving reads(32367), serving writes(37588).
Channel_20: serving reads(27272), serving writes(29376).
Channel_21: serving reads(26440), serving writes(26157).
Channel_22: serving reads(27698), serving writes(24047).
Channel_23: serving reads(25792), serving writes(22710).
Channel_24: serving reads(25834), serving writes(22826).
Channel_25: serving reads(24340), serving writes(21006).
Channel_26: serving reads(18669), serving writes(18620).
Channel_27: serving reads(16792), serving writes(17781).
Channel_28: serving reads(16869), serving writes(17850).
Channel_29: serving reads(16821), serving writes(17794).
Channel_30: serving reads(20141), serving writes(22225).
Channel_31: serving reads(22793), serving writes(26171).
[RAMULATOR OUTPUT]

----------[STAT_STORE_UNIT]-----------

Hot Access: 410489, Cool Access: 3536418

Hits on previous hot rows: 4195

Hits on previous cool rows: 162

Total remap times: 27157, Total Inter-Vault remaps: 0, Total number of intervals: 7224


----------[STAT_STORE_UNIT]-----------

 ***** [REF/AC_Result] *****
/*BANK*/0->0: cool access (156), hot access (0), error acces (0).
/*BANK*/0->1: cool access (7854), hot access (0), error acces (0).
/*BANK*/0->2: cool access (5051), hot access (0), error acces (0).
/*BANK*/0->3: cool access (7862), hot access (0), error acces (0).
/*BANK*/0->4: cool access (3953), hot access (0), error acces (0).
/*BANK*/0->5: cool access (30737), hot access (0), error acces (0).
/*BANK*/0->6: cool access (4002), hot access (0), error acces (0).
/*BANK*/0->7: cool access (0), hot access (0), error acces (0).
/*BANK*/1->0: cool access (12), hot access (0), error acces (0).
/*BANK*/1->1: cool access (7833), hot access (0), error acces (0).
/*BANK*/1->2: cool access (12286), hot access (0), error acces (0).
/*BANK*/1->3: cool access (7809), hot access (0), error acces (0).
/*BANK*/1->4: cool access (3993), hot access (0), error acces (0).
/*BANK*/1->5: cool access (20791), hot access (0), error acces (0).
/*BANK*/1->6: cool access (3953), hot access (0), error acces (0).
/*BANK*/1->7: cool access (0), hot access (0), error acces (0).
/*BANK*/2->0: cool access (134), hot access (0), error acces (0).
/*BANK*/2->1: cool access (7883), hot access (0), error acces (0).
/*BANK*/2->2: cool access (12962), hot access (0), error acces (0).
/*BANK*/2->3: cool access (7848), hot access (0), error acces (0).
/*BANK*/2->4: cool access (3927), hot access (0), error acces (0).
/*BANK*/2->5: cool access (19068), hot access (0), error acces (0).
/*BANK*/2->6: cool access (3961), hot access (0), error acces (0).
/*BANK*/2->7: cool access (0), hot access (0), error acces (0).
/*BANK*/3->0: cool access (42), hot access (0), error acces (0).
/*BANK*/3->1: cool access (7813), hot access (0), error acces (0).
/*BANK*/3->2: cool access (13635), hot access (0), error acces (0).
/*BANK*/3->3: cool access (7837), hot access (0), error acces (0).
/*BANK*/3->4: cool access (6643), hot access (0), error acces (0).
/*BANK*/3->5: cool access (13474), hot access (0), error acces (0).
/*BANK*/3->6: cool access (3989), hot access (0), error acces (0).
/*BANK*/3->7: cool access (0), hot access (0), error acces (0).
/*BANK*/4->0: cool access (22613), hot access (0), error acces (0).
/*BANK*/4->1: cool access (7761), hot access (0), error acces (0).
/*BANK*/4->2: cool access (16984), hot access (0), error acces (0).
/*BANK*/4->3: cool access (7843), hot access (0), error acces (0).
/*BANK*/4->4: cool access (12651), hot access (0), error acces (0).
/*BANK*/4->5: cool access (13917), hot access (0), error acces (0).
/*BANK*/4->6: cool access (3925), hot access (0), error acces (0).
/*BANK*/4->7: cool access (0), hot access (0), error acces (0).
/*BANK*/5->0: cool access (28588), hot access (0), error acces (0).
/*BANK*/5->1: cool access (7771), hot access (0), error acces (0).
/*BANK*/5->2: cool access (18833), hot access (0), error acces (0).
/*BANK*/5->3: cool access (7791), hot access (0), error acces (0).
/*BANK*/5->4: cool access (13641), hot access (0), error acces (0).
/*BANK*/5->5: cool access (14038), hot access (0), error acces (0).
/*BANK*/5->6: cool access (3998), hot access (0), error acces (0).
/*BANK*/5->7: cool access (0), hot access (0), error acces (0).
/*BANK*/6->0: cool access (42682), hot access (0), error acces (0).
/*BANK*/6->1: cool access (4499), hot access (0), error acces (0).
/*BANK*/6->2: cool access (20397), hot access (0), error acces (0).
/*BANK*/6->3: cool access (7841), hot access (0), error acces (0).
/*BANK*/6->4: cool access (15466), hot access (0), error acces (0).
/*BANK*/6->5: cool access (11539), hot access (0), error acces (0).
/*BANK*/6->6: cool access (8794), hot access (0), error acces (0).
/*BANK*/6->7: cool access (0), hot access (0), error acces (0).
/*BANK*/7->0: cool access (40652), hot access (0), error acces (0).
/*BANK*/7->1: cool access (3965), hot access (0), error acces (0).
/*BANK*/7->2: cool access (23177), hot access (0), error acces (0).
/*BANK*/7->3: cool access (7994), hot access (0), error acces (0).
/*BANK*/7->4: cool access (17226), hot access (0), error acces (0).
/*BANK*/7->5: cool access (7847), hot access (0), error acces (0).
/*BANK*/7->6: cool access (14754), hot access (0), error acces (0).
/*BANK*/7->7: cool access (0), hot access (0), error acces (0).
/*BANK*/8->0: cool access (10150), hot access (65854), error acces (0).
/*BANK*/8->1: cool access (3928), hot access (0), error acces (0).
/*BANK*/8->2: cool access (22518), hot access (0), error acces (0).
/*BANK*/8->3: cool access (7989), hot access (0), error acces (0).
/*BANK*/8->4: cool access (18842), hot access (0), error acces (0).
/*BANK*/8->5: cool access (7801), hot access (0), error acces (0).
/*BANK*/8->6: cool access (17942), hot access (0), error acces (0).
/*BANK*/8->7: cool access (28897), hot access (0), error acces (0).
/*BANK*/9->0: cool access (42360), hot access (8731), error acces (0).
/*BANK*/9->1: cool access (3931), hot access (0), error acces (0).
/*BANK*/9->2: cool access (24964), hot access (0), error acces (0).
/*BANK*/9->3: cool access (8489), hot access (0), error acces (0).
/*BANK*/9->4: cool access (21751), hot access (0), error acces (0).
/*BANK*/9->5: cool access (7846), hot access (0), error acces (0).
/*BANK*/9->6: cool access (14741), hot access (0), error acces (0).
/*BANK*/9->7: cool access (0), hot access (0), error acces (0).
/*BANK*/10->0: cool access (7444), hot access (50262), error acces (0).
/*BANK*/10->1: cool access (3958), hot access (0), error acces (0).
/*BANK*/10->2: cool access (24194), hot access (0), error acces (0).
/*BANK*/10->3: cool access (8125), hot access (0), error acces (0).
/*BANK*/10->4: cool access (22750), hot access (0), error acces (0).
/*BANK*/10->5: cool access (7845), hot access (0), error acces (0).
/*BANK*/10->6: cool access (21488), hot access (0), error acces (0).
/*BANK*/10->7: cool access (24104), hot access (0), error acces (0).
/*BANK*/11->0: cool access (31587), hot access (0), error acces (0).
/*BANK*/11->1: cool access (3945), hot access (0), error acces (0).
/*BANK*/11->2: cool access (28174), hot access (0), error acces (0).
/*BANK*/11->3: cool access (7954), hot access (0), error acces (0).
/*BANK*/11->4: cool access (21450), hot access (0), error acces (0).
/*BANK*/11->5: cool access (7743), hot access (0), error acces (0).
/*BANK*/11->6: cool access (25964), hot access (0), error acces (0).
/*BANK*/11->7: cool access (0), hot access (0), error acces (0).
/*BANK*/12->0: cool access (3743), hot access (26254), error acces (26228).
/*BANK*/12->1: cool access (4319), hot access (1041), error acces (0).
/*BANK*/12->2: cool access (3489), hot access (27787), error acces (0).
/*BANK*/12->3: cool access (7787), hot access (0), error acces (0).
/*BANK*/12->4: cool access (25139), hot access (0), error acces (0).
/*BANK*/12->5: cool access (7862), hot access (0), error acces (0).
/*BANK*/12->6: cool access (29723), hot access (0), error acces (0).
/*BANK*/12->7: cool access (23727), hot access (0), error acces (0).
/*BANK*/13->0: cool access (3520), hot access (22092), error acces (0).
/*BANK*/13->1: cool access (4001), hot access (0), error acces (0).
/*BANK*/13->2: cool access (15926), hot access (10122), error acces (0).
/*BANK*/13->3: cool access (7872), hot access (0), error acces (0).
/*BANK*/13->4: cool access (29570), hot access (0), error acces (0).
/*BANK*/13->5: cool access (7871), hot access (0), error acces (0).
/*BANK*/13->6: cool access (25622), hot access (0), error acces (0).
/*BANK*/13->7: cool access (8349), hot access (0), error acces (0).
/*BANK*/14->0: cool access (3625), hot access (25695), error acces (24586).
/*BANK*/14->1: cool access (3968), hot access (0), error acces (0).
/*BANK*/14->2: cool access (4110), hot access (25036), error acces (0).
/*BANK*/14->3: cool access (7765), hot access (0), error acces (0).
/*BANK*/14->4: cool access (29343), hot access (0), error acces (0).
/*BANK*/14->5: cool access (7876), hot access (0), error acces (0).
/*BANK*/14->6: cool access (25619), hot access (0), error acces (0).
/*BANK*/14->7: cool access (16925), hot access (0), error acces (0).
/*BANK*/15->0: cool access (7076), hot access (20698), error acces (0).
/*BANK*/15->1: cool access (3987), hot access (0), error acces (0).
/*BANK*/15->2: cool access (22562), hot access (0), error acces (0).
/*BANK*/15->3: cool access (7851), hot access (0), error acces (0).
/*BANK*/15->4: cool access (29136), hot access (0), error acces (0).
/*BANK*/15->5: cool access (7873), hot access (0), error acces (0).
/*BANK*/15->6: cool access (35046), hot access (0), error acces (0).
/*BANK*/15->7: cool access (6645), hot access (0), error acces (0).
/*BANK*/16->0: cool access (3918), hot access (14343), error acces (11966).
/*BANK*/16->1: cool access (3989), hot access (0), error acces (0).
/*BANK*/16->2: cool access (3523), hot access (16192), error acces (0).
/*BANK*/16->3: cool access (7797), hot access (0), error acces (0).
/*BANK*/16->4: cool access (38246), hot access (0), error acces (0).
/*BANK*/16->5: cool access (7891), hot access (0), error acces (0).
/*BANK*/16->6: cool access (32467), hot access (0), error acces (0).
/*BANK*/16->7: cool access (8701), hot access (0), error acces (0).
/*BANK*/17->0: cool access (4679), hot access (9827), error acces (0).
/*BANK*/17->1: cool access (4104), hot access (0), error acces (0).
/*BANK*/17->2: cool access (19886), hot access (0), error acces (0).
/*BANK*/17->3: cool access (7874), hot access (0), error acces (0).
/*BANK*/17->4: cool access (31481), hot access (0), error acces (0).
/*BANK*/17->5: cool access (7775), hot access (0), error acces (0).
/*BANK*/17->6: cool access (43420), hot access (0), error acces (0).
/*BANK*/17->7: cool access (2064), hot access (0), error acces (0).
/*BANK*/18->0: cool access (4558), hot access (13164), error acces (0).
/*BANK*/18->1: cool access (3999), hot access (0), error acces (0).
/*BANK*/18->2: cool access (3883), hot access (14778), error acces (0).
/*BANK*/18->3: cool access (7783), hot access (0), error acces (0).
/*BANK*/18->4: cool access (22507), hot access (0), error acces (0).
/*BANK*/18->5: cool access (7834), hot access (0), error acces (0).
/*BANK*/18->6: cool access (32713), hot access (0), error acces (0).
/*BANK*/18->7: cool access (3513), hot access (0), error acces (0).
/*BANK*/19->0: cool access (7427), hot access (3951), error acces (0).
/*BANK*/19->1: cool access (4363), hot access (0), error acces (0).
/*BANK*/19->2: cool access (14585), hot access (0), error acces (0).
/*BANK*/19->3: cool access (7834), hot access (0), error acces (0).
/*BANK*/19->4: cool access (26037), hot access (0), error acces (0).
/*BANK*/19->5: cool access (7799), hot access (0), error acces (0).
/*BANK*/19->6: cool access (32000), hot access (0), error acces (0).
/*BANK*/19->7: cool access (492), hot access (0), error acces (0).
/*BANK*/20->0: cool access (3960), hot access (4009), error acces (2119).
/*BANK*/20->1: cool access (4465), hot access (0), error acces (0).
/*BANK*/20->2: cool access (3697), hot access (10509), error acces (0).
/*BANK*/20->3: cool access (7759), hot access (0), error acces (0).
/*BANK*/20->4: cool access (33410), hot access (0), error acces (0).
/*BANK*/20->5: cool access (7813), hot access (0), error acces (0).
/*BANK*/20->6: cool access (1607), hot access (0), error acces (0).
/*BANK*/20->7: cool access (1626), hot access (0), error acces (0).
/*BANK*/21->0: cool access (4787), hot access (2856), error acces (0).
/*BANK*/21->1: cool access (4228), hot access (0), error acces (0).
/*BANK*/21->2: cool access (13217), hot access (0), error acces (0).
/*BANK*/21->3: cool access (7829), hot access (0), error acces (0).
/*BANK*/21->4: cool access (21906), hot access (0), error acces (0).
/*BANK*/21->5: cool access (7906), hot access (0), error acces (0).
/*BANK*/21->6: cool access (2604), hot access (0), error acces (0).
/*BANK*/21->7: cool access (314), hot access (0), error acces (0).
/*BANK*/22->0: cool access (3885), hot access (3835), error acces (0).
/*BANK*/22->1: cool access (3981), hot access (0), error acces (0).
/*BANK*/22->2: cool access (3984), hot access (6266), error acces (0).
/*BANK*/22->3: cool access (5038), hot access (0), error acces (0).
/*BANK*/22->4: cool access (14211), hot access (0), error acces (0).
/*BANK*/22->5: cool access (7833), hot access (0), error acces (0).
/*BANK*/22->6: cool access (5008), hot access (0), error acces (0).
/*BANK*/22->7: cool access (161), hot access (0), error acces (0).
/*BANK*/23->0: cool access (6765), hot access (960), error acces (0).
/*BANK*/23->1: cool access (3915), hot access (0), error acces (0).
/*BANK*/23->2: cool access (7799), hot access (0), error acces (0).
/*BANK*/23->3: cool access (3955), hot access (0), error acces (0).
/*BANK*/23->4: cool access (13231), hot access (0), error acces (0).
/*BANK*/23->5: cool access (7813), hot access (0), error acces (0).
/*BANK*/23->6: cool access (4555), hot access (0), error acces (0).
/*BANK*/23->7: cool access (0), hot access (0), error acces (0).
/*BANK*/24->0: cool access (3930), hot access (3870), error acces (3870).
/*BANK*/24->1: cool access (3931), hot access (0), error acces (0).
/*BANK*/24->2: cool access (3803), hot access (3852), error acces (0).
/*BANK*/24->3: cool access (3935), hot access (0), error acces (0).
/*BANK*/24->4: cool access (13756), hot access (0), error acces (0).
/*BANK*/24->5: cool access (7896), hot access (0), error acces (0).
/*BANK*/24->6: cool access (4562), hot access (0), error acces (0).
/*BANK*/24->7: cool access (257), hot access (0), error acces (0).
/*BANK*/25->0: cool access (3850), hot access (3803), error acces (0).
/*BANK*/25->1: cool access (3974), hot access (0), error acces (0).
/*BANK*/25->2: cool access (3980), hot access (3868), error acces (0).
/*BANK*/25->3: cool access (3945), hot access (0), error acces (0).
/*BANK*/25->4: cool access (9199), hot access (0), error acces (0).
/*BANK*/25->5: cool access (4305), hot access (0), error acces (0).
/*BANK*/25->6: cool access (4948), hot access (0), error acces (0).
/*BANK*/25->7: cool access (172), hot access (0), error acces (0).
/*BANK*/26->0: cool access (0), hot access (7422), error acces (2641).
/*BANK*/26->1: cool access (3953), hot access (0), error acces (0).
/*BANK*/26->2: cool access (3908), hot access (3907), error acces (0).
/*BANK*/26->3: cool access (3940), hot access (0), error acces (0).
/*BANK*/26->4: cool access (7773), hot access (0), error acces (0).
/*BANK*/26->5: cool access (3951), hot access (0), error acces (0).
/*BANK*/26->6: cool access (1280), hot access (0), error acces (0).
/*BANK*/26->7: cool access (947), hot access (0), error acces (0).
/*BANK*/27->0: cool access (4779), hot access (2851), error acces (0).
/*BANK*/27->1: cool access (3956), hot access (0), error acces (0).
/*BANK*/27->2: cool access (7797), hot access (0), error acces (0).
/*BANK*/27->3: cool access (3980), hot access (0), error acces (0).
/*BANK*/27->4: cool access (7854), hot access (0), error acces (0).
/*BANK*/27->5: cool access (3951), hot access (0), error acces (0).
/*BANK*/27->6: cool access (0), hot access (0), error acces (0).
/*BANK*/27->7: cool access (161), hot access (0), error acces (0).
/*BANK*/28->0: cool access (3876), hot access (3899), error acces (1121).
/*BANK*/28->1: cool access (3933), hot access (0), error acces (0).
/*BANK*/28->2: cool access (3747), hot access (3851), error acces (0).
/*BANK*/28->3: cool access (3947), hot access (0), error acces (0).
/*BANK*/28->4: cool access (7875), hot access (0), error acces (0).
/*BANK*/28->5: cool access (4002), hot access (0), error acces (0).
/*BANK*/28->6: cool access (0), hot access (0), error acces (0).
/*BANK*/28->7: cool access (538), hot access (0), error acces (0).
/*BANK*/29->0: cool access (4716), hot access (2867), error acces (0).
/*BANK*/29->1: cool access (3996), hot access (0), error acces (0).
/*BANK*/29->2: cool access (7753), hot access (0), error acces (0).
/*BANK*/29->3: cool access (4018), hot access (0), error acces (0).
/*BANK*/29->4: cool access (7959), hot access (0), error acces (0).
/*BANK*/29->5: cool access (3977), hot access (0), error acces (0).
/*BANK*/29->6: cool access (0), hot access (0), error acces (0).
/*BANK*/29->7: cool access (295), hot access (0), error acces (0).
/*BANK*/30->0: cool access (3562), hot access (3700), error acces (0).
/*BANK*/30->1: cool access (3921), hot access (0), error acces (0).
/*BANK*/30->2: cool access (7908), hot access (0), error acces (0).
/*BANK*/30->3: cool access (3915), hot access (0), error acces (0).
/*BANK*/30->4: cool access (23250), hot access (0), error acces (0).
/*BANK*/30->5: cool access (3990), hot access (0), error acces (0).
/*BANK*/30->6: cool access (0), hot access (0), error acces (0).
/*BANK*/30->7: cool access (678), hot access (0), error acces (0).
/*BANK*/31->0: cool access (7789), hot access (0), error acces (0).
/*BANK*/31->1: cool access (3967), hot access (0), error acces (0).
/*BANK*/31->2: cool access (7819), hot access (0), error acces (0).
/*BANK*/31->3: cool access (3960), hot access (0), error acces (0).
/*BANK*/31->4: cool access (37771), hot access (0), error acces (0).
/*BANK*/31->5: cool access (3985), hot access (0), error acces (0).
/*BANK*/31->6: cool access (0), hot access (0), error acces (0).
/*BANK*/31->7: cool access (0), hot access (0), error acces (0).
{Summary}: 428152 Hot Accesses, 2491720 Cool Accesses.

 ***** [REF/AC_Result] *****
                     Power     Energy    Energy %
  core-core        18.64 W     8.02  J     30.16%
  core-ifetch       3.90 W     1.68  J      6.31%
  core-alu          1.40 W     0.60  J      2.27%
  core-int          2.89 W     1.25  J      4.69%
  core-fp           4.20 W     1.81  J      6.80%
  core-mem          4.75 W     2.05  J      7.69%
  core-other        3.79 W     1.63  J      6.14%
  icache            2.53 W     1.09  J      4.10%
  dcache           10.20 W     4.39  J     16.50%
  l2                1.69 W     0.73  J      2.74%
  l3                3.38 W     1.46  J      5.47%
  dram              4.38 W     1.89  J      7.09%
  other             0.03 W     0.01  J      0.05%

  core             39.57 W    17.04  J     64.05%
  cache            17.80 W     7.66  J     28.81%
  total            61.79 W    26.60  J    100.00%
Warning: Unable to run gnuplot to create cpi stack graphs.  Maybe gnuplot is not installed?
[SNIPER] End
[SNIPER] Elapsed time: 13876.76 seconds
[SNIPER] Running McPAT
[SPLASH] [----------    End of output    ----------]
[SPLASH] Done.
/scratch/miz087/results/mig_20_10_splash2_water.nsq_large
