[Benchmarks] set sniper output to rundi /scratch/miz087/results/mig_45_10_splash2_fmm_large
/scratch/miz087/results/mig_45_10_splash2_fmm_large
[SPLASH] Benchmarks to run: fmm

[SPLASH] [========== Running benchmark fmm ==========]
[SPLASH] Setting up run directory: /scratch/miz087/results/mig_45_10_splash2_fmm_large
[SPLASH] Running 'SNIPER_APP_LD_PRELOAD=$LD_PRELOAD; unset LD_PRELOAD; /home_masters/miz087/workplace/micro_exp/run-sniper -n 4 -m 'localhost' -d '/scratch/miz087/results/mig_45_10_splash2_fmm_large' -sthermalstats --power -c gainestown_cache --roi --curdir=/home_masters/miz087/workplace/micro_exp/benchmarks  --  /home_masters/miz087/workplace/micro_exp/benchmarks/splash2/splash2/codes/apps/fmm/FMM < input':
[SPLASH] [---------- Beginning of output ----------]
[SNIPER] Start
----------BEGIN_INIT_STATS_MANAGER------------
----------END_INIT_STATS_MANAGER------------
Normal Cache Total set: 524288
now initialize a stacked dram unison cache
Executing Python script /scratch/miz087/results/mig_45_10_splash2_fmm_large/sim.scripts.py
[SNIPER] --------------------------------------------------------------------------------
[SNIPER] Sniper using Pin frontend
[SNIPER] Running pre-ROI region in  CACHE_ONLY mode
[SNIPER] Running application ROI in DETAILED mode
[SNIPER] Running post-ROI region in FAST_FORWARD mode
[SNIPER] --------------------------------------------------------------------------------
Creating a two cluster, non uniform distribution for 32768 particles
[HOOKS] Entering ROI
[SNIPER] Enabling performance models
[SNIPER] Setting instrumentation mode to DETAILED
Starting FMM with 4 processors
[SNIPER] Disabling performance models
[SNIPER] Leaving ROI after 3903.27 seconds
[SNIPER] Simulated 5473.7M instructions, 585.9M cycles, 9.34 IPC
[SNIPER] Simulation speed 1405.3 KIPS (351.3 KIPS / target core - 2846.4ns/instr)
[SNIPER] Sampling: executed 93.61% of simulated time in detailed mode
[SNIPER] Setting instrumentation mode to FAST_FORWARD
[HOOKS] Leaving ROI
Finished FMM
                                   PROCESS STATISTICS
             Track        Tree        List        Part        Pass       Inter        Bar        Intra       Other
 Proc        Time         Time        Time        Time        Time       Time         Time       Time        Time
    0   2215025856    17228655    59710288     4432169   211004098  1872392699    34769345     3760144    11700456

                                   TIMING INFORMATION
Start time                        :        437624438
Initialization finish time        :       2147397074
Overall finish time               :         67455634
Total time with initialization    :       -370168804
Total time without initialization :      -2147483648

Total time for steps 3 to 5 :   2217097934


 ***** [DRAM_CACHE_Result] *****

*** DRAM Total Access: 1188256, miss: 222457, miss rate: 0.187213
*** DRAM Total Access In ROI: 604819, miss: 95804, miss rate: 0.158401
*** DRAM Remap Times: 0 invalid times, 0 total invalid_blocks, 35648 migrate times, 4170620 total migrate blocks.
*** DRAM Statistics: 250978964 reads, 109172900 writes, 249864460 row hits, 14929319 ACT time, 14929319 PRE time, 11612361 RD time, 3316884 WR time.

 ***** [DRAM_CACHE_Result] *****

[RAMULATOR OUTPUT]

**Total Ticks: 181269454

**Ramulator Active Cycles: 1.69986e+07

**DRAM Cycles: 1.81269e+08

**Maximum Bandwidth: 0

Number of Incoming Requests: 2.64128e+06

**Serving Request**
Channel_0: serving reads(37183), serving writes(16400).
Channel_1: serving reads(46718), serving writes(20220).
Channel_2: serving reads(59402), serving writes(26369).
Channel_3: serving reads(46140), serving writes(19692).
Channel_4: serving reads(64013), serving writes(26487).
Channel_5: serving reads(70417), serving writes(30466).
Channel_6: serving reads(64755), serving writes(28020).
Channel_7: serving reads(60701), serving writes(26330).
Channel_8: serving reads(57523), serving writes(24294).
Channel_9: serving reads(60936), serving writes(26079).
Channel_10: serving reads(66591), serving writes(28740).
Channel_11: serving reads(68154), serving writes(28202).
Channel_12: serving reads(68258), serving writes(30664).
Channel_13: serving reads(62577), serving writes(26802).
Channel_14: serving reads(64756), serving writes(28689).
Channel_15: serving reads(63046), serving writes(26689).
Channel_16: serving reads(63832), serving writes(29691).
Channel_17: serving reads(51521), serving writes(22820).
Channel_18: serving reads(48346), serving writes(21569).
Channel_19: serving reads(48875), serving writes(21124).
Channel_20: serving reads(53026), serving writes(24672).
Channel_21: serving reads(47689), serving writes(21760).
Channel_22: serving reads(47336), serving writes(21654).
Channel_23: serving reads(37318), serving writes(16880).
Channel_24: serving reads(37550), serving writes(18125).
Channel_25: serving reads(37187), serving writes(17720).
Channel_26: serving reads(36320), serving writes(17100).
Channel_27: serving reads(33287), serving writes(14788).
Channel_28: serving reads(37348), serving writes(17293).
Channel_29: serving reads(41232), serving writes(18805).
Channel_30: serving reads(40201), serving writes(18352).
Channel_31: serving reads(38528), serving writes(16839).
[RAMULATOR OUTPUT]

----------[STAT_STORE_UNIT]-----------

Hot Access: 231360, Cool Access: 2561734

Hits on previous hot rows: 3156

Hits on previous cool rows: 228

Total remap times: 17824, Total Inter-Vault remaps: 0, Total number of intervals: 3795


----------[STAT_STORE_UNIT]-----------

 ***** [REF/AC_Result] *****
/*BANK*/0->0: cool access (3280), hot access (0), error acces (0).
/*BANK*/0->1: cool access (932), hot access (0), error acces (0).
/*BANK*/0->2: cool access (1735), hot access (0), error acces (0).
/*BANK*/0->3: cool access (2), hot access (0), error acces (0).
/*BANK*/0->4: cool access (18213), hot access (0), error acces (0).
/*BANK*/0->5: cool access (2035), hot access (0), error acces (0).
/*BANK*/0->6: cool access (2690), hot access (0), error acces (0).
/*BANK*/0->7: cool access (2071), hot access (0), error acces (0).
/*BANK*/1->0: cool access (1883), hot access (0), error acces (0).
/*BANK*/1->1: cool access (840), hot access (0), error acces (0).
/*BANK*/1->2: cool access (24209), hot access (0), error acces (0).
/*BANK*/1->3: cool access (0), hot access (0), error acces (0).
/*BANK*/1->4: cool access (18434), hot access (0), error acces (0).
/*BANK*/1->5: cool access (1958), hot access (0), error acces (0).
/*BANK*/1->6: cool access (2463), hot access (0), error acces (0).
/*BANK*/1->7: cool access (2240), hot access (0), error acces (0).
/*BANK*/2->0: cool access (2303), hot access (0), error acces (0).
/*BANK*/2->1: cool access (3987), hot access (0), error acces (0).
/*BANK*/2->2: cool access (66137), hot access (0), error acces (0).
/*BANK*/2->3: cool access (0), hot access (0), error acces (0).
/*BANK*/2->4: cool access (8075), hot access (0), error acces (0).
/*BANK*/2->5: cool access (2149), hot access (0), error acces (0).
/*BANK*/2->6: cool access (2120), hot access (0), error acces (0).
/*BANK*/2->7: cool access (2096), hot access (0), error acces (0).
/*BANK*/3->0: cool access (3629), hot access (0), error acces (0).
/*BANK*/3->1: cool access (4968), hot access (0), error acces (0).
/*BANK*/3->2: cool access (34559), hot access (0), error acces (0).
/*BANK*/3->3: cool access (0), hot access (0), error acces (0).
/*BANK*/3->4: cool access (6321), hot access (0), error acces (0).
/*BANK*/3->5: cool access (2207), hot access (0), error acces (0).
/*BANK*/3->6: cool access (2130), hot access (0), error acces (0).
/*BANK*/3->7: cool access (2354), hot access (0), error acces (0).
/*BANK*/4->0: cool access (11233), hot access (0), error acces (0).
/*BANK*/4->1: cool access (10589), hot access (0), error acces (0).
/*BANK*/4->2: cool access (55729), hot access (0), error acces (0).
/*BANK*/4->3: cool access (0), hot access (0), error acces (0).
/*BANK*/4->4: cool access (7272), hot access (0), error acces (0).
/*BANK*/4->5: cool access (2197), hot access (0), error acces (0).
/*BANK*/4->6: cool access (2056), hot access (0), error acces (0).
/*BANK*/4->7: cool access (2398), hot access (0), error acces (0).
/*BANK*/5->0: cool access (5092), hot access (0), error acces (0).
/*BANK*/5->1: cool access (8136), hot access (0), error acces (0).
/*BANK*/5->2: cool access (73834), hot access (0), error acces (0).
/*BANK*/5->3: cool access (0), hot access (0), error acces (0).
/*BANK*/5->4: cool access (16101), hot access (0), error acces (0).
/*BANK*/5->5: cool access (2229), hot access (0), error acces (0).
/*BANK*/5->6: cool access (2058), hot access (0), error acces (0).
/*BANK*/5->7: cool access (2524), hot access (0), error acces (0).
/*BANK*/6->0: cool access (1994), hot access (0), error acces (0).
/*BANK*/6->1: cool access (7249), hot access (0), error acces (0).
/*BANK*/6->2: cool access (69368), hot access (0), error acces (0).
/*BANK*/6->3: cool access (0), hot access (0), error acces (0).
/*BANK*/6->4: cool access (12954), hot access (0), error acces (0).
/*BANK*/6->5: cool access (2228), hot access (0), error acces (0).
/*BANK*/6->6: cool access (2378), hot access (0), error acces (0).
/*BANK*/6->7: cool access (2150), hot access (0), error acces (0).
/*BANK*/7->0: cool access (2298), hot access (0), error acces (0).
/*BANK*/7->1: cool access (2275), hot access (0), error acces (0).
/*BANK*/7->2: cool access (43539), hot access (0), error acces (0).
/*BANK*/7->3: cool access (6791), hot access (0), error acces (0).
/*BANK*/7->4: cool access (22077), hot access (0), error acces (0).
/*BANK*/7->5: cool access (2167), hot access (0), error acces (0).
/*BANK*/7->6: cool access (2323), hot access (0), error acces (0).
/*BANK*/7->7: cool access (2078), hot access (0), error acces (0).
/*BANK*/8->0: cool access (799), hot access (744), error acces (0).
/*BANK*/8->1: cool access (591), hot access (540), error acces (0).
/*BANK*/8->2: cool access (36207), hot access (5009), error acces (0).
/*BANK*/8->3: cool access (8984), hot access (0), error acces (0).
/*BANK*/8->4: cool access (16269), hot access (0), error acces (0).
/*BANK*/8->5: cool access (2316), hot access (0), error acces (0).
/*BANK*/8->6: cool access (2260), hot access (0), error acces (0).
/*BANK*/8->7: cool access (2615), hot access (0), error acces (0).
/*BANK*/9->0: cool access (1979), hot access (0), error acces (0).
/*BANK*/9->1: cool access (1091), hot access (55), error acces (0).
/*BANK*/9->2: cool access (56762), hot access (0), error acces (0).
/*BANK*/9->3: cool access (2071), hot access (0), error acces (0).
/*BANK*/9->4: cool access (17610), hot access (0), error acces (0).
/*BANK*/9->5: cool access (2643), hot access (0), error acces (0).
/*BANK*/9->6: cool access (2485), hot access (0), error acces (0).
/*BANK*/9->7: cool access (1845), hot access (0), error acces (0).
/*BANK*/10->0: cool access (1253), hot access (1779), error acces (0).
/*BANK*/10->1: cool access (1301), hot access (1675), error acces (0).
/*BANK*/10->2: cool access (73330), hot access (0), error acces (0).
/*BANK*/10->3: cool access (5576), hot access (0), error acces (0).
/*BANK*/10->4: cool access (9059), hot access (0), error acces (0).
/*BANK*/10->5: cool access (1995), hot access (0), error acces (0).
/*BANK*/10->6: cool access (2284), hot access (0), error acces (0).
/*BANK*/10->7: cool access (4778), hot access (0), error acces (0).
/*BANK*/11->0: cool access (10023), hot access (0), error acces (0).
/*BANK*/11->1: cool access (5443), hot access (0), error acces (0).
/*BANK*/11->2: cool access (65785), hot access (0), error acces (0).
/*BANK*/11->3: cool access (8830), hot access (0), error acces (0).
/*BANK*/11->4: cool access (5326), hot access (0), error acces (0).
/*BANK*/11->5: cool access (2389), hot access (0), error acces (0).
/*BANK*/11->6: cool access (2402), hot access (0), error acces (0).
/*BANK*/11->7: cool access (2033), hot access (0), error acces (0).
/*BANK*/12->0: cool access (0), hot access (12806), error acces (10585).
/*BANK*/12->1: cool access (1289), hot access (6858), error acces (3470).
/*BANK*/12->2: cool access (9272), hot access (34204), error acces (13450).
/*BANK*/12->3: cool access (9364), hot access (638), error acces (0).
/*BANK*/12->4: cool access (5147), hot access (979), error acces (0).
/*BANK*/12->5: cool access (2003), hot access (0), error acces (0).
/*BANK*/12->6: cool access (2575), hot access (0), error acces (0).
/*BANK*/12->7: cool access (20503), hot access (0), error acces (0).
/*BANK*/13->0: cool access (4430), hot access (4902), error acces (0).
/*BANK*/13->1: cool access (2508), hot access (5427), error acces (0).
/*BANK*/13->2: cool access (28917), hot access (10466), error acces (0).
/*BANK*/13->3: cool access (9887), hot access (403), error acces (0).
/*BANK*/13->4: cool access (7978), hot access (0), error acces (0).
/*BANK*/13->5: cool access (2084), hot access (0), error acces (0).
/*BANK*/13->6: cool access (2516), hot access (0), error acces (0).
/*BANK*/13->7: cool access (10517), hot access (0), error acces (0).
/*BANK*/14->0: cool access (0), hot access (9510), error acces (4570).
/*BANK*/14->1: cool access (1575), hot access (3944), error acces (0).
/*BANK*/14->2: cool access (21838), hot access (26038), error acces (0).
/*BANK*/14->3: cool access (2548), hot access (253), error acces (0).
/*BANK*/14->4: cool access (13742), hot access (0), error acces (0).
/*BANK*/14->5: cool access (2147), hot access (0), error acces (0).
/*BANK*/14->6: cool access (2209), hot access (0), error acces (0).
/*BANK*/14->7: cool access (13111), hot access (0), error acces (0).
/*BANK*/15->0: cool access (1745), hot access (657), error acces (0).
/*BANK*/15->1: cool access (3140), hot access (0), error acces (0).
/*BANK*/15->2: cool access (67509), hot access (0), error acces (0).
/*BANK*/15->3: cool access (0), hot access (0), error acces (0).
/*BANK*/15->4: cool access (13296), hot access (0), error acces (0).
/*BANK*/15->5: cool access (1952), hot access (0), error acces (0).
/*BANK*/15->6: cool access (1992), hot access (0), error acces (0).
/*BANK*/15->7: cool access (2677), hot access (0), error acces (0).
/*BANK*/16->0: cool access (0), hot access (6279), error acces (2888).
/*BANK*/16->1: cool access (643), hot access (1959), error acces (925).
/*BANK*/16->2: cool access (25700), hot access (27959), error acces (14517).
/*BANK*/16->3: cool access (4), hot access (0), error acces (0).
/*BANK*/16->4: cool access (9483), hot access (3417), error acces (0).
/*BANK*/16->5: cool access (2139), hot access (0), error acces (0).
/*BANK*/16->6: cool access (1933), hot access (0), error acces (0).
/*BANK*/16->7: cool access (15606), hot access (0), error acces (0).
/*BANK*/17->0: cool access (1276), hot access (2192), error acces (1414).
/*BANK*/17->1: cool access (1396), hot access (1323), error acces (0).
/*BANK*/17->2: cool access (22957), hot access (9991), error acces (0).
/*BANK*/17->3: cool access (0), hot access (0), error acces (0).
/*BANK*/17->4: cool access (13906), hot access (0), error acces (0).
/*BANK*/17->5: cool access (2140), hot access (0), error acces (0).
/*BANK*/17->6: cool access (1923), hot access (0), error acces (0).
/*BANK*/17->7: cool access (9496), hot access (0), error acces (0).
/*BANK*/18->0: cool access (1390), hot access (3342), error acces (2335).
/*BANK*/18->1: cool access (1122), hot access (3064), error acces (1760).
/*BANK*/18->2: cool access (19973), hot access (7720), error acces (0).
/*BANK*/18->3: cool access (0), hot access (0), error acces (0).
/*BANK*/18->4: cool access (11857), hot access (0), error acces (0).
/*BANK*/18->5: cool access (1960), hot access (0), error acces (0).
/*BANK*/18->6: cool access (2379), hot access (0), error acces (0).
/*BANK*/18->7: cool access (7994), hot access (0), error acces (0).
/*BANK*/19->0: cool access (2527), hot access (5879), error acces (0).
/*BANK*/19->1: cool access (4962), hot access (0), error acces (0).
/*BANK*/19->2: cool access (28109), hot access (8395), error acces (0).
/*BANK*/19->3: cool access (0), hot access (0), error acces (0).
/*BANK*/19->4: cool access (3476), hot access (0), error acces (0).
/*BANK*/19->5: cool access (2290), hot access (0), error acces (0).
/*BANK*/19->6: cool access (2070), hot access (0), error acces (0).
/*BANK*/19->7: cool access (4258), hot access (0), error acces (0).
/*BANK*/20->0: cool access (1440), hot access (9149), error acces (4993).
/*BANK*/20->1: cool access (2353), hot access (6881), error acces (3868).
/*BANK*/20->2: cool access (14364), hot access (21792), error acces (0).
/*BANK*/20->3: cool access (4), hot access (0), error acces (0).
/*BANK*/20->4: cool access (2349), hot access (0), error acces (0).
/*BANK*/20->5: cool access (2354), hot access (0), error acces (0).
/*BANK*/20->6: cool access (1944), hot access (0), error acces (0).
/*BANK*/20->7: cool access (12870), hot access (0), error acces (0).
/*BANK*/21->0: cool access (3183), hot access (5139), error acces (0).
/*BANK*/21->1: cool access (4261), hot access (6351), error acces (0).
/*BANK*/21->2: cool access (18033), hot access (10391), error acces (0).
/*BANK*/21->3: cool access (0), hot access (0), error acces (0).
/*BANK*/21->4: cool access (2227), hot access (0), error acces (0).
/*BANK*/21->5: cool access (2165), hot access (0), error acces (0).
/*BANK*/21->6: cool access (2123), hot access (0), error acces (0).
/*BANK*/21->7: cool access (9183), hot access (0), error acces (0).
/*BANK*/22->0: cool access (1953), hot access (6398), error acces (3961).
/*BANK*/22->1: cool access (1844), hot access (5418), error acces (0).
/*BANK*/22->2: cool access (11266), hot access (5685), error acces (0).
/*BANK*/22->3: cool access (5457), hot access (2877), error acces (0).
/*BANK*/22->4: cool access (2650), hot access (0), error acces (0).
/*BANK*/22->5: cool access (1570), hot access (0), error acces (0).
/*BANK*/22->6: cool access (2195), hot access (0), error acces (0).
/*BANK*/22->7: cool access (9221), hot access (0), error acces (0).
/*BANK*/23->0: cool access (229), hot access (455), error acces (0).
/*BANK*/23->1: cool access (4528), hot access (0), error acces (0).
/*BANK*/23->2: cool access (2094), hot access (0), error acces (0).
/*BANK*/23->3: cool access (20052), hot access (0), error acces (0).
/*BANK*/23->4: cool access (2438), hot access (0), error acces (0).
/*BANK*/23->5: cool access (1819), hot access (0), error acces (0).
/*BANK*/23->6: cool access (2282), hot access (0), error acces (0).
/*BANK*/23->7: cool access (2078), hot access (0), error acces (0).
/*BANK*/24->0: cool access (0), hot access (2198), error acces (2010).
/*BANK*/24->1: cool access (400), hot access (2499), error acces (857).
/*BANK*/24->2: cool access (0), hot access (0), error acces (0).
/*BANK*/24->3: cool access (6465), hot access (5694), error acces (0).
/*BANK*/24->4: cool access (3391), hot access (1292), error acces (0).
/*BANK*/24->5: cool access (2208), hot access (0), error acces (0).
/*BANK*/24->6: cool access (2203), hot access (0), error acces (0).
/*BANK*/24->7: cool access (9821), hot access (0), error acces (0).
/*BANK*/25->0: cool access (1114), hot access (3382), error acces (0).
/*BANK*/25->1: cool access (340), hot access (1385), error acces (724).
/*BANK*/25->2: cool access (0), hot access (0), error acces (0).
/*BANK*/25->3: cool access (7172), hot access (4863), error acces (0).
/*BANK*/25->4: cool access (2387), hot access (0), error acces (0).
/*BANK*/25->5: cool access (2111), hot access (0), error acces (0).
/*BANK*/25->6: cool access (2324), hot access (0), error acces (0).
/*BANK*/25->7: cool access (9124), hot access (0), error acces (0).
/*BANK*/26->0: cool access (0), hot access (6036), error acces (3564).
/*BANK*/26->1: cool access (649), hot access (2539), error acces (1127).
/*BANK*/26->2: cool access (0), hot access (0), error acces (0).
/*BANK*/26->3: cool access (5271), hot access (3464), error acces (0).
/*BANK*/26->4: cool access (2880), hot access (0), error acces (0).
/*BANK*/26->5: cool access (2429), hot access (0), error acces (0).
/*BANK*/26->6: cool access (2101), hot access (0), error acces (0).
/*BANK*/26->7: cool access (6828), hot access (0), error acces (0).
/*BANK*/27->0: cool access (1743), hot access (3990), error acces (0).
/*BANK*/27->1: cool access (2614), hot access (2318), error acces (0).
/*BANK*/27->2: cool access (0), hot access (0), error acces (0).
/*BANK*/27->3: cool access (6562), hot access (0), error acces (0).
/*BANK*/27->4: cool access (2272), hot access (0), error acces (0).
/*BANK*/27->5: cool access (2568), hot access (0), error acces (0).
/*BANK*/27->6: cool access (1840), hot access (0), error acces (0).
/*BANK*/27->7: cool access (2818), hot access (0), error acces (0).
/*BANK*/28->0: cool access (0), hot access (7034), error acces (5159).
/*BANK*/28->1: cool access (655), hot access (4520), error acces (3314).
/*BANK*/28->2: cool access (0), hot access (0), error acces (0).
/*BANK*/28->3: cool access (3814), hot access (5163), error acces (2950).
/*BANK*/28->4: cool access (2337), hot access (1716), error acces (0).
/*BANK*/28->5: cool access (2312), hot access (183), error acces (0).
/*BANK*/28->6: cool access (2090), hot access (0), error acces (0).
/*BANK*/28->7: cool access (6997), hot access (0), error acces (0).
/*BANK*/29->0: cool access (2050), hot access (6205), error acces (4390).
/*BANK*/29->1: cool access (4283), hot access (6960), error acces (0).
/*BANK*/29->2: cool access (0), hot access (0), error acces (0).
/*BANK*/29->3: cool access (6154), hot access (4908), error acces (0).
/*BANK*/29->4: cool access (2908), hot access (0), error acces (0).
/*BANK*/29->5: cool access (2878), hot access (0), error acces (0).
/*BANK*/29->6: cool access (1870), hot access (0), error acces (0).
/*BANK*/29->7: cool access (7413), hot access (0), error acces (0).
/*BANK*/30->0: cool access (1494), hot access (5172), error acces (3994).
/*BANK*/30->1: cool access (2067), hot access (6663), error acces (4355).
/*BANK*/30->2: cool access (0), hot access (0), error acces (0).
/*BANK*/30->3: cool access (6536), hot access (5243), error acces (0).
/*BANK*/30->4: cool access (2047), hot access (0), error acces (0).
/*BANK*/30->5: cool access (2490), hot access (0), error acces (0).
/*BANK*/30->6: cool access (2064), hot access (0), error acces (0).
/*BANK*/30->7: cool access (9406), hot access (0), error acces (0).
/*BANK*/31->0: cool access (322), hot access (617), error acces (0).
/*BANK*/31->1: cool access (6972), hot access (0), error acces (0).
/*BANK*/31->2: cool access (2), hot access (0), error acces (0).
/*BANK*/31->3: cool access (20863), hot access (0), error acces (0).
/*BANK*/31->4: cool access (2299), hot access (0), error acces (0).
/*BANK*/31->5: cool access (2613), hot access (0), error acces (0).
/*BANK*/31->6: cool access (1805), hot access (0), error acces (0).
/*BANK*/31->7: cool access (2529), hot access (0), error acces (0).
{Summary}: 382987 Hot Accesses, 1788545 Cool Accesses.

 ***** [REF/AC_Result] *****
                     Power     Energy    Energy %
  core-core        33.97 W     7.05  J     42.97%
  core-ifetch       5.58 W     1.16  J      7.06%
  core-alu          2.62 W     0.54  J      3.32%
  core-int          3.20 W     0.66  J      4.05%
  core-fp           7.10 W     1.47  J      8.98%
  core-mem          3.14 W     0.65  J      3.98%
  core-other        3.79 W     0.79  J      4.80%
  icache            3.35 W     0.70  J      4.24%
  dcache            6.42 W     1.33  J      8.12%
  l2                1.68 W     0.35  J      2.13%
  l3                3.43 W     0.71  J      4.33%
  dram              4.74 W     0.98  J      5.99%
  other             0.03 W     6.78 mJ      0.04%

  core             59.41 W    12.32  J     75.14%
  cache            14.89 W     3.09  J     18.83%
  total            79.07 W    16.40  J    100.00%
Warning: Unable to run gnuplot to create cpi stack graphs.  Maybe gnuplot is not installed?
[SNIPER] End
[SNIPER] Elapsed time: 3951.13 seconds
[SNIPER] Running McPAT
[SPLASH] [----------    End of output    ----------]
[SPLASH] Done.
/scratch/miz087/results/mig_45_10_splash2_fmm_large
