[Benchmarks] set sniper output to rundir:  /scratch/miz087/results/hpca_final/7-23_cache_dram_remap1l_t84_splash2_radix_large
/scratch/miz087/results/hpca_final/7-23_cache_dram_remap1l_t84_splash2_radix_large
[SPLASH] Benchmarks to run: radix

[SPLASH] [========== Running benchmark radix ==========]
[SPLASH] Setting up run directory: /scratch/miz087/results/hpca_final/7-23_cache_dram_remap1l_t84_splash2_radix_large
[SPLASH] Running 'SNIPER_APP_LD_PRELOAD=$LD_PRELOAD; unset LD_PRELOAD; /home_masters/miz087/workplace/micro_exp/run-sniper -n 4 -m 'localhost' -d '/scratch/miz087/results/hpca_final/7-23_cache_dram_remap1l_t84_splash2_radix_large' -sthermalstats --power -c cache_dram_remap1l -g --perf_model/thermal/dram_temp_thres=84 -s stop-by-icount:5000000000 --roi --curdir=/home_masters/miz087/workplace/micro_exp/benchmarks  --  /home_masters/miz087/workplace/micro_exp/benchmarks/splash2/splash2/codes/kernels/radix/RADIX -n1048576 -p4':
[SPLASH] [---------- Beginning of output ----------]
[SNIPER] Start
----------BEGIN_INIT_STATS_MANAGER------------
----------END_INIT_STATS_MANAGER------------
[DvfsManager] Core 0 at 2.66 GHz (global clock 2.66 GHz)
[DvfsManager] Core 1 at 2.66 GHz (global clock 2.66 GHz)
[DvfsManager] Core 2 at 2.66 GHz (global clock 2.66 GHz)
[DvfsManager] Core 3 at 2.66 GHz (global clock 2.66 GHz)
Normal Cache Total set: 524288
now initialize a stacked dram unison cache
Executing Python script /scratch/miz087/results/hpca_final/7-23_cache_dram_remap1l_t84_splash2_radix_large/sim.scripts.py
[STOPBYICOUNT] Waiting for application ROI
[STOPBYICOUNT] Then stopping after simulating at least 5000000000 instructions in detail
[SNIPER] --------------------------------------------------------------------------------
[SNIPER] Sniper using Pin frontend
[SNIPER] Running pre-ROI region in  CACHE_ONLY mode
[SNIPER] Running application ROI in DETAILED mode
[SNIPER] Running post-ROI region in FAST_FORWARD mode
[SNIPER] --------------------------------------------------------------------------------

************recordStats once at 0
[Warning] power scale is less than 1, please check!
[Overall Power Consumption] Peak: 0, Dynamic: 0
[Warning] the power of processor is too small, we skip the temperature calculation!

Integer Radix Sort
     1048576 Keys
     4 Processors
     Radix = 1024
     Max key = 524288

[HOOKS] Entering ROI
[SNIPER] Enabling performance models
[STOPBYICOUNT] Application ROI started, now simulating 5000000000 in detail

************recordStats once at 77
[Warning] power scale is less than 1, please check!
[Overall Power Consumption] Peak: 0, Dynamic: 0
[Warning] the power of processor is too small, we skip the temperature calculation!
[SNIPER] Setting instrumentation mode to DETAILED

************recordStats once at 998
[Warning] power scale is less than 1, please check!
[Overall Power Consumption] Peak: 0, Dynamic: 0
[Warning] the power of processor is too small, we skip the temperature calculation!

************recordStats once at 2000
[Warning] power scale is less than 1, please check!
[Overall Power Consumption] Peak: 0, Dynamic: 0
[Warning] the power of processor is too small, we skip the temperature calculation!

************recordStats once at 2999
[Warning] power scale is less than 1, please check!
[Overall Power Consumption] Peak: 16.957, Dynamic: 5.70081
*[Hotspot] begin initialization!
[DTM Trigger] CPU_MAX(THRES): 70.895(105.000), DRAM_MAX(THRES): 62.451(84.000)
	Current DTM method: 2
Here we try remapping!
-----and here we finish handling remapping results in cache controller! the Latency: 0
---invalid_cnt: 0

************recordStats once at 3998
[Warning] power scale is less than 1, please check!
[Overall Power Consumption] Peak: 16.9569, Dynamic: 5.7008
[DTM Trigger] CPU_MAX(THRES): 74.408(105.000), DRAM_MAX(THRES): 64.803(84.000)
	Current DTM method: 2
Here we try remapping!
-----and here we finish handling remapping results in cache controller! the Latency: 0
---invalid_cnt: 0

************recordStats once at 5000
[Warning] power scale is less than 1, please check!
[Overall Power Consumption] Peak: 16.957, Dynamic: 5.70081
[DTM Trigger] CPU_MAX(THRES): 76.674(105.000), DRAM_MAX(THRES): 66.621(84.000)
	Current DTM method: 2
Here we try remapping!
-----and here we finish handling remapping results in cache controller! the Latency: 0
---invalid_cnt: 0

************recordStats once at 5999
[Warning] power scale is less than 1, please check!
[Overall Power Consumption] Peak: 16.957, Dynamic: 5.70083
[DTM Trigger] CPU_MAX(THRES): 78.483(105.000), DRAM_MAX(THRES): 68.109(84.000)
	Current DTM method: 2
Here we try remapping!
-----and here we finish handling remapping results in cache controller! the Latency: 0
---invalid_cnt: 0

************recordStats once at 6998
[Warning] power scale is less than 1, please check!
[Overall Power Consumption] Peak: 16.9569, Dynamic: 5.70078
[DTM Trigger] CPU_MAX(THRES): 80.054(105.000), DRAM_MAX(THRES): 69.396(84.000)
	Current DTM method: 2
Here we try remapping!
-----and here we finish handling remapping results in cache controller! the Latency: 0
---invalid_cnt: 0

************recordStats once at 7999
[Warning] power scale is less than 1, please check!
[Overall Power Consumption] Peak: 16.9571, Dynamic: 5.70083
[DTM Trigger] CPU_MAX(THRES): 81.457(105.000), DRAM_MAX(THRES): 70.542(84.000)
	Current DTM method: 2
Here we try remapping!
-----and here we finish handling remapping results in cache controller! the Latency: 0
---invalid_cnt: 0

************recordStats once at 8999
[Warning] power scale is less than 1, please check!
[Overall Power Consumption] Peak: 16.9576, Dynamic: 5.70088
[DTM Trigger] CPU_MAX(THRES): 82.721(105.000), DRAM_MAX(THRES): 71.573(84.000)
	Current DTM method: 2
Here we try remapping!
-----and here we finish handling remapping results in cache controller! the Latency: 0
---invalid_cnt: 0

************recordStats once at 9999
[Warning] power scale is less than 1, please check!
[Overall Power Consumption] Peak: 16.9605, Dynamic: 5.70133
[DTM Trigger] CPU_MAX(THRES): 83.868(105.000), DRAM_MAX(THRES): 72.506(84.000)
	Current DTM method: 2
Here we try remapping!
-----and here we finish handling remapping results in cache controller! the Latency: 0
---invalid_cnt: 0

************recordStats once at 10999
[Warning] power scale is less than 1, please check!
[Overall Power Consumption] Peak: 16.9679, Dynamic: 5.70191
[DTM Trigger] CPU_MAX(THRES): 84.913(105.000), DRAM_MAX(THRES): 73.355(84.000)
	Current DTM method: 2
Here we try remapping!
-----and here we finish handling remapping results in cache controller! the Latency: 0
---invalid_cnt: 0

************recordStats once at 11999
[Warning] power scale is less than 1, please check!
[Overall Power Consumption] Peak: 16.9697, Dynamic: 5.70228
[DTM Trigger] CPU_MAX(THRES): 85.864(105.000), DRAM_MAX(THRES): 74.129(84.000)
	Current DTM method: 2
Here we try remapping!
-----and here we finish handling remapping results in cache controller! the Latency: 0
---invalid_cnt: 0

************recordStats once at 12999
[Warning] power scale is less than 1, please check!
[Overall Power Consumption] Peak: 16.9697, Dynamic: 5.70228
[DTM Trigger] CPU_MAX(THRES): 86.732(105.000), DRAM_MAX(THRES): 74.836(84.000)
	Current DTM method: 2
Here we try remapping!
-----and here we finish handling remapping results in cache controller! the Latency: 0
---invalid_cnt: 0

************recordStats once at 13999
[Warning] power scale is less than 1, please check!
[Overall Power Consumption] Peak: 16.9697, Dynamic: 5.70228
[DTM Trigger] CPU_MAX(THRES): 87.526(105.000), DRAM_MAX(THRES): 75.483(84.000)
	Current DTM method: 2
Here we try remapping!
-----and here we finish handling remapping results in cache controller! the Latency: 0
---invalid_cnt: 0

************recordStats once at 14999
[Warning] power scale is less than 1, please check!
[Overall Power Consumption] Peak: 16.9697, Dynamic: 5.7023
[DTM Trigger] CPU_MAX(THRES): 88.251(105.000), DRAM_MAX(THRES): 76.075(84.000)
	Current DTM method: 2
Here we try remapping!
-----and here we finish handling remapping results in cache controller! the Latency: 0
---invalid_cnt: 0

************recordStats once at 15999
[Warning] power scale is less than 1, please check!
[Overall Power Consumption] Peak: 16.9697, Dynamic: 5.70228
[DTM Trigger] CPU_MAX(THRES): 88.916(105.000), DRAM_MAX(THRES): 76.618(84.000)
	Current DTM method: 2
Here we try remapping!
-----and here we finish handling remapping results in cache controller! the Latency: 0
---invalid_cnt: 0

************recordStats once at 16999
[Warning] power scale is less than 1, please check!
[Overall Power Consumption] Peak: 16.9697, Dynamic: 5.70227
[DTM Trigger] CPU_MAX(THRES): 89.526(105.000), DRAM_MAX(THRES): 77.116(84.000)
	Current DTM method: 2
Here we try remapping!
-----and here we finish handling remapping results in cache controller! the Latency: 0
---invalid_cnt: 0

************recordStats once at 17999
[Warning] power scale is less than 1, please check!
[Overall Power Consumption] Peak: 16.9697, Dynamic: 5.70228
[DTM Trigger] CPU_MAX(THRES): 90.085(105.000), DRAM_MAX(THRES): 77.573(84.000)
	Current DTM method: 2
Here we try remapping!
-----and here we finish handling remapping results in cache controller! the Latency: 0
---invalid_cnt: 0

************recordStats once at 18999
[Warning] power scale is less than 1, please check!
[Overall Power Consumption] Peak: 16.9698, Dynamic: 5.7023
[DTM Trigger] CPU_MAX(THRES): 90.597(105.000), DRAM_MAX(THRES): 77.992(84.000)
	Current DTM method: 2
Here we try remapping!
-----and here we finish handling remapping results in cache controller! the Latency: 0
---invalid_cnt: 0

************recordStats once at 19999
[Warning] power scale is less than 1, please check!
[Overall Power Consumption] Peak: 16.9696, Dynamic: 5.70207
[DTM Trigger] CPU_MAX(THRES): 91.068(105.000), DRAM_MAX(THRES): 78.378(84.000)
	Current DTM method: 2
Here we try remapping!
-----and here we finish handling remapping results in cache controller! the Latency: 0
---invalid_cnt: 0

************recordStats once at 21000
[Warning] power scale is less than 1, please check!
[Overall Power Consumption] Peak: 16.9697, Dynamic: 5.70231
[DTM Trigger] CPU_MAX(THRES): 91.501(105.000), DRAM_MAX(THRES): 78.733(84.000)
	Current DTM method: 2
Here we try remapping!
-----and here we finish handling remapping results in cache controller! the Latency: 0
---invalid_cnt: 0

************recordStats once at 21999
[Warning] power scale is less than 1, please check!
[Overall Power Consumption] Peak: 16.9697, Dynamic: 5.70226
[DTM Trigger] CPU_MAX(THRES): 91.898(105.000), DRAM_MAX(THRES): 79.059(84.000)
	Current DTM method: 2
Here we try remapping!
-----and here we finish handling remapping results in cache controller! the Latency: 0
---invalid_cnt: 0

************recordStats once at 23000
[Warning] power scale is less than 1, please check!
[Overall Power Consumption] Peak: 16.9697, Dynamic: 5.70229
[DTM Trigger] CPU_MAX(THRES): 92.264(105.000), DRAM_MAX(THRES): 79.360(84.000)
	Current DTM method: 2
Here we try remapping!
-----and here we finish handling remapping results in cache controller! the Latency: 0
---invalid_cnt: 0

************recordStats once at 24000
[Warning] power scale is less than 1, please check!
[Overall Power Consumption] Peak: 16.9697, Dynamic: 5.7023
[DTM Trigger] CPU_MAX(THRES): 92.601(105.000), DRAM_MAX(THRES): 79.637(84.000)
	Current DTM method: 2
Here we try remapping!
-----and here we finish handling remapping results in cache controller! the Latency: 0
---invalid_cnt: 0

************recordStats once at 24999
[Warning] power scale is less than 1, please check!
[Overall Power Consumption] Peak: 16.9697, Dynamic: 5.70226
[DTM Trigger] CPU_MAX(THRES): 92.910(105.000), DRAM_MAX(THRES): 79.893(84.000)
	Current DTM method: 2
Here we try remapping!
-----and here we finish handling remapping results in cache controller! the Latency: 0
---invalid_cnt: 0

************recordStats once at 26000
[Warning] power scale is less than 1, please check!
[Overall Power Consumption] Peak: 16.9697, Dynamic: 5.7023
[DTM Trigger] CPU_MAX(THRES): 93.196(105.000), DRAM_MAX(THRES): 80.128(84.000)
	Current DTM method: 2
Here we try remapping!
-----and here we finish handling remapping results in cache controller! the Latency: 0
---invalid_cnt: 0

************recordStats once at 26999
[Warning] power scale is less than 1, please check!
[Overall Power Consumption] Peak: 16.9697, Dynamic: 5.70227
[DTM Trigger] CPU_MAX(THRES): 93.459(105.000), DRAM_MAX(THRES): 80.346(84.000)
	Current DTM method: 2
Here we try remapping!
-----and here we finish handling remapping results in cache controller! the Latency: 0
---invalid_cnt: 0

************recordStats once at 27999
[Warning] power scale is less than 1, please check!
[Overall Power Consumption] Peak: 16.9697, Dynamic: 5.70228
[DTM Trigger] CPU_MAX(THRES): 93.702(105.000), DRAM_MAX(THRES): 80.547(84.000)
	Current DTM method: 2
Here we try remapping!
-----and here we finish handling remapping results in cache controller! the Latency: 0
---invalid_cnt: 0

************recordStats once at 28999
[Warning] power scale is less than 1, please check!
[Overall Power Consumption] Peak: 16.9697, Dynamic: 5.70209
[DTM Trigger] CPU_MAX(THRES): 93.926(105.000), DRAM_MAX(THRES): 80.733(84.000)
	Current DTM method: 2
Here we try remapping!
-----and here we finish handling remapping results in cache controller! the Latency: 0
---invalid_cnt: 0

************recordStats once at 29999
[Warning] power scale is less than 1, please check!
[Overall Power Consumption] Peak: 16.9697, Dynamic: 5.70226
[DTM Trigger] CPU_MAX(THRES): 94.133(105.000), DRAM_MAX(THRES): 80.905(84.000)
	Current DTM method: 2
Here we try remapping!
-----and here we finish handling remapping results in cache controller! the Latency: 0
---invalid_cnt: 0

************recordStats once at 30999
[Warning] power scale is less than 1, please check!
[Overall Power Consumption] Peak: 16.9697, Dynamic: 5.70228
[DTM Trigger] CPU_MAX(THRES): 94.325(105.000), DRAM_MAX(THRES): 81.064(84.000)
	Current DTM method: 2
Here we try remapping!
-----and here we finish handling remapping results in cache controller! the Latency: 0
---invalid_cnt: 0

************recordStats once at 31999
[Warning] power scale is less than 1, please check!
[Overall Power Consumption] Peak: 16.9697, Dynamic: 5.70229
[DTM Trigger] CPU_MAX(THRES): 94.502(105.000), DRAM_MAX(THRES): 81.212(84.000)
	Current DTM method: 2
Here we try remapping!
-----and here we finish handling remapping results in cache controller! the Latency: 0
---invalid_cnt: 0

************recordStats once at 32999
[Warning] power scale is less than 1, please check!
[Overall Power Consumption] Peak: 16.9697, Dynamic: 5.70229
[DTM Trigger] CPU_MAX(THRES): 94.666(105.000), DRAM_MAX(THRES): 81.349(84.000)
	Current DTM method: 2
Here we try remapping!
-----and here we finish handling remapping results in cache controller! the Latency: 0
---invalid_cnt: 0

************recordStats once at 33999
[Warning] power scale is less than 1, please check!
[Overall Power Consumption] Peak: 16.9697, Dynamic: 5.70227
[DTM Trigger] CPU_MAX(THRES): 94.818(105.000), DRAM_MAX(THRES): 81.477(84.000)
	Current DTM method: 2
Here we try remapping!
-----and here we finish handling remapping results in cache controller! the Latency: 0
---invalid_cnt: 0

************recordStats once at 34999
[Warning] power scale is less than 1, please check!
[Overall Power Consumption] Peak: 16.9697, Dynamic: 5.70228
[DTM Trigger] CPU_MAX(THRES): 94.959(105.000), DRAM_MAX(THRES): 81.595(84.000)
	Current DTM method: 2
Here we try remapping!
-----and here we finish handling remapping results in cache controller! the Latency: 0
---invalid_cnt: 0

************recordStats once at 35999
[Warning] power scale is less than 1, please check!
[Overall Power Consumption] Peak: 16.9697, Dynamic: 5.70229
[DTM Trigger] CPU_MAX(THRES): 95.091(105.000), DRAM_MAX(THRES): 81.705(84.000)
	Current DTM method: 2
Here we try remapping!
-----and here we finish handling remapping results in cache controller! the Latency: 0
---invalid_cnt: 0

************recordStats once at 37000
[Warning] power scale is less than 1, please check!
[Overall Power Consumption] Peak: 16.9697, Dynamic: 5.70228
[DTM Trigger] CPU_MAX(THRES): 95.213(105.000), DRAM_MAX(THRES): 83.252(84.000)
	Current DTM method: 2
Here we try remapping!
-----and here we finish handling remapping results in cache controller! the Latency: 0
---invalid_cnt: 0

************recordStats once at 38000
[Warning] power scale is less than 1, please check!
[Overall Power Consumption] Peak: 23.1396, Dynamic: 8.77821
[DTM Trigger] CPU_MAX(THRES): 94.380(105.000), DRAM_MAX(THRES): 84.075(84.000)
	Current DTM method: 2
[HOT!] DRAM is too hot!
[SNIPER_STATS_MANAGER] Setting frequency for core 0 in DVFS domain 0 to 2128 MHz
[SNIPER_STATS_MANAGER] Setting frequency for core 1 in DVFS domain 1 to 2128 MHz
[SNIPER_STATS_MANAGER] Setting frequency for core 2 in DVFS domain 2 to 2128 MHz
[SNIPER_STATS_MANAGER] Setting frequency for core 3 in DVFS domain 3 to 2128 MHz
Here we try remapping!
-----and here we finish handling remapping results in cache controller! the Latency: 0
---invalid_cnt: 0

************recordStats once at 39000
[Warning] power scale is less than 1, please check!
[Overall Power Consumption] Peak: 25.1407, Dynamic: 12.6159
[DTM Trigger] CPU_MAX(THRES): 94.445(105.000), DRAM_MAX(THRES): 85.036(84.000)
	Current DTM method: 2
[HOT!] DRAM is too hot!
[SNIPER_STATS_MANAGER] Setting frequency for core 0 in DVFS domain 0 to 1596 MHz
[SNIPER_STATS_MANAGER] Setting frequency for core 1 in DVFS domain 1 to 1596 MHz
[SNIPER_STATS_MANAGER] Setting frequency for core 2 in DVFS domain 2 to 1596 MHz
[SNIPER_STATS_MANAGER] Setting frequency for core 3 in DVFS domain 3 to 1596 MHz
Here we try remapping!
-----and here we finish handling remapping results in cache controller! the Latency: 8
---invalid_cnt: 2048
[SNIPER] Disabling performance models
[SNIPER] Leaving ROI after 775.71 seconds

************recordStats once at 39943

************recordStats once at 39943
[Warning] power scale is less than 1, please check!
[Overall Power Consumption] Peak: 14.3419, Dynamic: 7.54716
[DTM Trigger] CPU_MAX(THRES): 91.582(105.000), DRAM_MAX(THRES): 85.585(84.000)
	Current DTM method: 2
[HOT!] DRAM is too hot!
[SNIPER_STATS_MANAGER] Setting frequency for core 0 in DVFS domain 0 to 1064 MHz
[SNIPER_STATS_MANAGER] Setting frequency for core 1 in DVFS domain 1 to 1064 MHz
[SNIPER_STATS_MANAGER] Setting frequency for core 2 in DVFS domain 2 to 1064 MHz
[SNIPER_STATS_MANAGER] Setting frequency for core 3 in DVFS domain 3 to 1064 MHz
Here we try remapping!
[Warning] power scale is less than 1, please check!
[Overall Power Consumption] Peak: 11.554, Dynamic: 8.5241
[DTM Trigger] CPU_MAX(THRES): 89.260(105.000), DRAM_MAX(THRES): 81.706(84.000)
	Current DTM method: 2
[SNIPER_STATS_MANAGER] Setting frequency for core 0 in DVFS domain 0 to 1596 MHz
[SNIPER_STATS_MANAGER] Setting frequency for core 1 in DVFS domain 1 to 1596 MHz
[SNIPER_STATS_MANAGER] Setting frequency for core 2 in DVFS domain 2 to 1596 MHz
[SNIPER_STATS_MANAGER] Setting frequency for core 3 in DVFS domain 3 to 1596 MHz
Here we try remapping!
[SNIPER] Simulated 171.3M instructions, 63.7M cycles, 2.69 IPC
[SNIPER] Simulation speed 213.0 KIPS (53.2 KIPS / target core - 18780.6ns/instr)
[SNIPER] Sampling: executed 99.80% of simulated time in detailed mode
[SNIPER] Setting instrumentation mode to FAST_FORWARD
[HOOKS] Leaving ROI

                 PROCESS STATISTICS
               Total            Rank            Sort
 Proc          Time             Time            Time
    0      226842908        72338204       120907683

                 TIMING INFORMATION
Start time                        :       -262093002
Initialization finish time        :        286535705
Overall finish time               :        513378613
Total time with initialization    :        775471615
Total time without initialization :        226842908


************recordStats once at 39943
[Warning] power scale is less than 1, please check!
[Overall Power Consumption] Peak: 11.554, Dynamic: 8.5241
[DTM Trigger] CPU_MAX(THRES): 88.378(105.000), DRAM_MAX(THRES): 81.277(84.000)
	Current DTM method: 2
[SNIPER_STATS_MANAGER] Setting frequency for core 0 in DVFS domain 0 to 2128 MHz
[SNIPER_STATS_MANAGER] Setting frequency for core 1 in DVFS domain 1 to 2128 MHz
[SNIPER_STATS_MANAGER] Setting frequency for core 2 in DVFS domain 2 to 2128 MHz
[SNIPER_STATS_MANAGER] Setting frequency for core 3 in DVFS domain 3 to 2128 MHz
Here we try remapping!

 ***** [DRAM_CACHE_Result] *****

*** DRAM Total Access: 702085, page miss: 5077, block misses: 35315, miss: 40392, miss rate: 0.0575315
*** DRAM Total Access In ROI: 691885, miss: 38362, miss rate: 0.0554456
*** DRAM Remap Times: 2048 invalid times, 523 total invalid_blocks, 0 migrate times, 0 total migrate blocks.
*** DRAM Statistics: 8406771 reads, 1601849 writes, 4940866 row hits, 539107 ACT time, 539107 PRE time, 233639 RD time, 35914 WR time.

 ***** [DRAM_CACHE_Result] *****

[RAMULATOR OUTPUT]

**Total Ticks: 36093279

**Ramulator Active Cycles: 1.73094e+07

**DRAM Cycles: 3.60933e+07

**Maximum Bandwidth: 0

Number of Incoming Requests: 1.37592e+06

**Serving Request**
Channel_0: serving reads(1106551), serving writes(200520).
Channel_1: serving reads(0), serving writes(0).
Channel_2: serving reads(0), serving writes(0).
Channel_3: serving reads(0), serving writes(0).
Channel_4: serving reads(0), serving writes(0).
Channel_5: serving reads(0), serving writes(0).
Channel_6: serving reads(0), serving writes(0).
Channel_7: serving reads(0), serving writes(0).
Channel_8: serving reads(0), serving writes(0).
Channel_9: serving reads(0), serving writes(0).
Channel_10: serving reads(0), serving writes(0).
Channel_11: serving reads(0), serving writes(0).
Channel_12: serving reads(0), serving writes(0).
Channel_13: serving reads(0), serving writes(0).
Channel_14: serving reads(0), serving writes(0).
Channel_15: serving reads(0), serving writes(0).
Channel_16: serving reads(0), serving writes(0).
Channel_17: serving reads(0), serving writes(0).
Channel_18: serving reads(0), serving writes(0).
Channel_19: serving reads(0), serving writes(0).
Channel_20: serving reads(0), serving writes(0).
Channel_21: serving reads(0), serving writes(0).
Channel_22: serving reads(0), serving writes(0).
Channel_23: serving reads(0), serving writes(0).
Channel_24: serving reads(0), serving writes(0).
Channel_25: serving reads(0), serving writes(0).
Channel_26: serving reads(0), serving writes(0).
Channel_27: serving reads(0), serving writes(0).
Channel_28: serving reads(0), serving writes(0).
Channel_29: serving reads(0), serving writes(0).
Channel_30: serving reads(0), serving writes(0).
Channel_31: serving reads(0), serving writes(0).
[RAMULATOR OUTPUT]
----[REMAP OUTPUT]---
*****HotAccess: 0
*****CoolAccess: 1373802
*****RemapAccess: 2115
---------------------

 ***** [REF/AC_Result] *****
{Summary}: 753899 Hot Accesses, 1878269 Cool Accesses.

 ***** [REF/AC_Result] *****
                     Power     Energy    Energy %
  core-core         1.49 W     0.06  J     13.82%
  core-ifetch       0.22 W     8.96 mJ      2.08%
  core-alu          0.70 W     0.03  J      6.48%
  core-int          0.45 W     0.02  J      4.19%
  core-fp           1.15 W     0.05  J     10.73%
  core-other        0.25 W     0.01  J      2.36%
  dcache            0.34 W     0.01  J      3.16%
  l2                0.18 W     7.28 mJ      1.69%
  dram              5.77 W     0.23  J     53.64%
  other             0.20 W     7.90 mJ      1.84%

  core              4.27 W     0.17  J     39.67%
  cache             0.52 W     0.02  J      4.86%
  total            10.76 W     0.43  J    100.00%
Warning: Unable to run gnuplot to create cpi stack graphs.  Maybe gnuplot is not installed?
[SNIPER] End
[SNIPER] Elapsed time: 816.91 seconds
[SNIPER] Running McPAT
                                     | Core 0     | Core 1     | Core 2     | Core 3    
  Instructions                       |   42803344 |   42816384 |   42807456 |   42826316
  Cycles                             |  106249127 |  106249127 |  106249127 |  106249127
  IPC                                |       0.40 |       0.40 |       0.40 |       0.40
  Time (ns)                          |   39943281 |   39943281 |   39943281 |   39943281
  Idle time (ns)                     |    1178309 |     173010 |     150954 |     120120
  Idle time (%)                      |       2.9% |       0.4% |       0.4% |       0.3%
Branch predictor stats               |            |            |            |           
  num correct                        |    1322149 |    1323910 |    1323074 |    1325476
  num incorrect                      |        388 |        267 |        233 |        265
  misprediction rate                 |      0.03% |      0.02% |      0.02% |      0.02%
  mpki                               |       0.01 |       0.01 |       0.01 |       0.01
TLB Summary                          |            |            |            |           
  I-TLB                              |            |            |            |           
    num accesses                     |    2637326 |    2637255 |    2635895 |    2636878
    num misses                       |          6 |         29 |         29 |         29
    miss rate                        |      0.00% |      0.00% |      0.00% |      0.00%
    mpki                             |       0.00 |       0.00 |       0.00 |       0.00
  D-TLB                              |            |            |            |           
    num accesses                     |    4750029 |    4757935 |    4753785 |    4763730
    num misses                       |     450472 |     450486 |     450749 |     451090
    miss rate                        |      9.48% |      9.47% |      9.48% |      9.47%
    mpki                             |      10.52 |      10.52 |      10.53 |      10.53
  L2 TLB                             |            |            |            |           
    num accesses                     |     450478 |     450515 |     450778 |     451119
    num misses                       |     194611 |     196896 |     198763 |     196635
    miss rate                        |     43.20% |     43.70% |     44.09% |     43.59%
    mpki                             |       4.55 |       4.60 |       4.64 |       4.59
Cache Summary                        |            |            |            |           
  Cache L1-I                         |            |            |            |           
    num cache accesses               |    2637326 |    2637255 |    2635895 |    2636878
    num cache misses                 |        622 |        552 |        530 |        574
    miss rate                        |      0.02% |      0.02% |      0.02% |      0.02%
    mpki                             |       0.01 |       0.01 |       0.01 |       0.01
  Cache L1-D                         |            |            |            |           
    num cache accesses               |    4750253 |    4758114 |    4753927 |    4763879
    num cache misses                 |     304552 |     305982 |     307663 |     306520
    miss rate                        |      6.41% |      6.43% |      6.47% |      6.43%
    mpki                             |       7.12 |       7.15 |       7.19 |       7.16
  Cache L2                           |            |            |            |           
    num cache accesses               |     306989 |     309293 |     311418 |     309149
    num cache misses                 |     123055 |     123731 |     124098 |     123635
    miss rate                        |     40.08% |     40.00% |     39.85% |     39.99%
    mpki                             |       2.87 |       2.89 |       2.90 |       2.89
DRAM summary                         |            |            |            |           
  num dram accesses                  |     698150 |          0 |          0 |          0
  average dram access latency (ns)   |      13.76 |        inf |        inf |        inf
  average dram queueing delay        |       0.00 |       0.00 |       0.00 |       0.00
  average dram bandwidth utilization |      0.00% |      0.00% |      0.00% |      0.00%
Coherency Traffic                    |            |            |            |           
  num loads from dram                |      66821 |      66927 |      66892 |      66986
  num loads from dram cache          |          0 |          0 |          0 |          0
  num loads from remote cache        |       1142 |       2252 |       2580 |       1707
[SPLASH] [----------    End of output    ----------]
[SPLASH] Done.
copy HotSpot and ramulator files to /scratch/miz087/results/hpca_final/7-23_cache_dram_remap1l_t84_splash2_radix_large
