[Benchmarks] set sniper output to rundir:  /scratch/miz087/results/hpca_final/7-23_cache_dram_remap0_t83_splash2_radix_large
/scratch/miz087/results/hpca_final/7-23_cache_dram_remap0_t83_splash2_radix_large
[SPLASH] Benchmarks to run: radix

[SPLASH] [========== Running benchmark radix ==========]
[SPLASH] Setting up run directory: /scratch/miz087/results/hpca_final/7-23_cache_dram_remap0_t83_splash2_radix_large
[SPLASH] Running 'SNIPER_APP_LD_PRELOAD=$LD_PRELOAD; unset LD_PRELOAD; /home_masters/miz087/workplace/micro_exp/run-sniper -n 4 -m 'localhost' -d '/scratch/miz087/results/hpca_final/7-23_cache_dram_remap0_t83_splash2_radix_large' -sthermalstats --power -c cache_dram_remap0 -g --perf_model/thermal/dram_temp_thres=83 -s stop-by-icount:5000000000 --roi --curdir=/home_masters/miz087/workplace/micro_exp/benchmarks  --  /home_masters/miz087/workplace/micro_exp/benchmarks/splash2/splash2/codes/kernels/radix/RADIX -n1048576 -p4':
[SPLASH] [---------- Beginning of output ----------]
[SNIPER] Start
----------BEGIN_INIT_STATS_MANAGER------------
----------END_INIT_STATS_MANAGER------------
[DvfsManager] Core 0 at 2.66 GHz (global clock 2.66 GHz)
[DvfsManager] Core 1 at 2.66 GHz (global clock 2.66 GHz)
[DvfsManager] Core 2 at 2.66 GHz (global clock 2.66 GHz)
[DvfsManager] Core 3 at 2.66 GHz (global clock 2.66 GHz)
Normal Cache Total set: 524288
now initialize a stacked dram unison cache
Executing Python script /scratch/miz087/results/hpca_final/7-23_cache_dram_remap0_t83_splash2_radix_large/sim.scripts.py
[STOPBYICOUNT] Waiting for application ROI
[STOPBYICOUNT] Then stopping after simulating at least 5000000000 instructions in detail
[SNIPER] --------------------------------------------------------------------------------
[SNIPER] Sniper using Pin frontend
[SNIPER] Running pre-ROI region in  CACHE_ONLY mode
[SNIPER] Running application ROI in DETAILED mode
[SNIPER] Running post-ROI region in FAST_FORWARD mode
[SNIPER] --------------------------------------------------------------------------------

************recordStats once at 0
[Warning] power scale is less than 1, please check!
[Overall Power Consumption] Peak: 0, Dynamic: 0
[Warning] the power of processor is too small, we skip the temperature calculation!

Integer Radix Sort
     1048576 Keys
     4 Processors
     Radix = 1024
     Max key = 524288

[HOOKS] Entering ROI
[SNIPER] Enabling performance models
[STOPBYICOUNT] Application ROI started, now simulating 5000000000 in detail

************recordStats once at 77
[Warning] power scale is less than 1, please check!
[Overall Power Consumption] Peak: 0, Dynamic: 0
[Warning] the power of processor is too small, we skip the temperature calculation!
[SNIPER] Setting instrumentation mode to DETAILED

************recordStats once at 1000
[Warning] power scale is less than 1, please check!
[Overall Power Consumption] Peak: 0, Dynamic: 0
[Warning] the power of processor is too small, we skip the temperature calculation!

************recordStats once at 2000
[Warning] power scale is less than 1, please check!
[Overall Power Consumption] Peak: 0, Dynamic: 0
[Warning] the power of processor is too small, we skip the temperature calculation!

************recordStats once at 2999
[Warning] power scale is less than 1, please check!
[Overall Power Consumption] Peak: 16.9569, Dynamic: 5.70078
*[Hotspot] begin initialization!
[DTM Trigger] CPU_MAX(THRES): 70.895(105.000), DRAM_MAX(THRES): 62.451(83.000)
	Current DTM method: 2
Here we try remapping!
-----and here we finish handling remapping results in cache controller! the Latency: 0
---invalid_cnt: 0

************recordStats once at 4000
[Warning] power scale is less than 1, please check!
[Overall Power Consumption] Peak: 16.957, Dynamic: 5.70083
[DTM Trigger] CPU_MAX(THRES): 74.407(105.000), DRAM_MAX(THRES): 64.803(83.000)
	Current DTM method: 2
Here we try remapping!
-----and here we finish handling remapping results in cache controller! the Latency: 0
---invalid_cnt: 0

************recordStats once at 4999
[Warning] power scale is less than 1, please check!
[Overall Power Consumption] Peak: 16.9569, Dynamic: 5.70078
[DTM Trigger] CPU_MAX(THRES): 76.675(105.000), DRAM_MAX(THRES): 66.621(83.000)
	Current DTM method: 2
Here we try remapping!
-----and here we finish handling remapping results in cache controller! the Latency: 0
---invalid_cnt: 0

************recordStats once at 5999
[Warning] power scale is less than 1, please check!
[Overall Power Consumption] Peak: 16.957, Dynamic: 5.70083
[DTM Trigger] CPU_MAX(THRES): 78.483(105.000), DRAM_MAX(THRES): 68.109(83.000)
	Current DTM method: 2
Here we try remapping!
-----and here we finish handling remapping results in cache controller! the Latency: 0
---invalid_cnt: 0

************recordStats once at 6998
[Warning] power scale is less than 1, please check!
[Overall Power Consumption] Peak: 16.957, Dynamic: 5.7008
[DTM Trigger] CPU_MAX(THRES): 80.054(105.000), DRAM_MAX(THRES): 69.396(83.000)
	Current DTM method: 2
Here we try remapping!
-----and here we finish handling remapping results in cache controller! the Latency: 0
---invalid_cnt: 0

************recordStats once at 7999
[Warning] power scale is less than 1, please check!
[Overall Power Consumption] Peak: 16.957, Dynamic: 5.70074
[DTM Trigger] CPU_MAX(THRES): 81.457(105.000), DRAM_MAX(THRES): 70.542(83.000)
	Current DTM method: 2
Here we try remapping!
-----and here we finish handling remapping results in cache controller! the Latency: 0
---invalid_cnt: 0

************recordStats once at 8999
[Warning] power scale is less than 1, please check!
[Overall Power Consumption] Peak: 16.9578, Dynamic: 5.70093
[DTM Trigger] CPU_MAX(THRES): 82.722(105.000), DRAM_MAX(THRES): 71.573(83.000)
	Current DTM method: 2
Here we try remapping!
-----and here we finish handling remapping results in cache controller! the Latency: 0
---invalid_cnt: 0

************recordStats once at 9999
[Warning] power scale is less than 1, please check!
[Overall Power Consumption] Peak: 16.9602, Dynamic: 5.70098
[DTM Trigger] CPU_MAX(THRES): 83.867(105.000), DRAM_MAX(THRES): 72.506(83.000)
	Current DTM method: 2
Here we try remapping!
-----and here we finish handling remapping results in cache controller! the Latency: 0
---invalid_cnt: 0

************recordStats once at 10999
[Warning] power scale is less than 1, please check!
[Overall Power Consumption] Peak: 16.9679, Dynamic: 5.70214
[DTM Trigger] CPU_MAX(THRES): 84.913(105.000), DRAM_MAX(THRES): 73.355(83.000)
	Current DTM method: 2
Here we try remapping!
-----and here we finish handling remapping results in cache controller! the Latency: 0
---invalid_cnt: 0

************recordStats once at 11999
[Warning] power scale is less than 1, please check!
[Overall Power Consumption] Peak: 16.9697, Dynamic: 5.70227
[DTM Trigger] CPU_MAX(THRES): 85.864(105.000), DRAM_MAX(THRES): 74.129(83.000)
	Current DTM method: 2
Here we try remapping!
-----and here we finish handling remapping results in cache controller! the Latency: 0
---invalid_cnt: 0

************recordStats once at 12999
[Warning] power scale is less than 1, please check!
[Overall Power Consumption] Peak: 16.9698, Dynamic: 5.7023
[DTM Trigger] CPU_MAX(THRES): 86.732(105.000), DRAM_MAX(THRES): 74.836(83.000)
	Current DTM method: 2
Here we try remapping!
-----and here we finish handling remapping results in cache controller! the Latency: 0
---invalid_cnt: 0

************recordStats once at 13999
[Warning] power scale is less than 1, please check!
[Overall Power Consumption] Peak: 16.9696, Dynamic: 5.70222
[DTM Trigger] CPU_MAX(THRES): 87.526(105.000), DRAM_MAX(THRES): 75.483(83.000)
	Current DTM method: 2
Here we try remapping!
-----and here we finish handling remapping results in cache controller! the Latency: 0
---invalid_cnt: 0

************recordStats once at 14999
[Warning] power scale is less than 1, please check!
[Overall Power Consumption] Peak: 16.9698, Dynamic: 5.70233
[DTM Trigger] CPU_MAX(THRES): 88.251(105.000), DRAM_MAX(THRES): 76.075(83.000)
	Current DTM method: 2
Here we try remapping!
-----and here we finish handling remapping results in cache controller! the Latency: 0
---invalid_cnt: 0

************recordStats once at 15999
[Warning] power scale is less than 1, please check!
[Overall Power Consumption] Peak: 16.9697, Dynamic: 5.70229
[DTM Trigger] CPU_MAX(THRES): 88.916(105.000), DRAM_MAX(THRES): 76.618(83.000)
	Current DTM method: 2
Here we try remapping!
-----and here we finish handling remapping results in cache controller! the Latency: 0
---invalid_cnt: 0

************recordStats once at 16999
[Warning] power scale is less than 1, please check!
[Overall Power Consumption] Peak: 16.9697, Dynamic: 5.70228
[DTM Trigger] CPU_MAX(THRES): 89.525(105.000), DRAM_MAX(THRES): 77.116(83.000)
	Current DTM method: 2
Here we try remapping!
-----and here we finish handling remapping results in cache controller! the Latency: 0
---invalid_cnt: 0

************recordStats once at 17999
[Warning] power scale is less than 1, please check!
[Overall Power Consumption] Peak: 16.9697, Dynamic: 5.70228
[DTM Trigger] CPU_MAX(THRES): 90.085(105.000), DRAM_MAX(THRES): 77.573(83.000)
	Current DTM method: 2
Here we try remapping!
-----and here we finish handling remapping results in cache controller! the Latency: 0
---invalid_cnt: 0

************recordStats once at 18999
[Warning] power scale is less than 1, please check!
[Overall Power Consumption] Peak: 16.9698, Dynamic: 5.70231
[DTM Trigger] CPU_MAX(THRES): 90.598(105.000), DRAM_MAX(THRES): 77.992(83.000)
	Current DTM method: 2
Here we try remapping!
-----and here we finish handling remapping results in cache controller! the Latency: 0
---invalid_cnt: 0

************recordStats once at 19999
[Warning] power scale is less than 1, please check!
[Overall Power Consumption] Peak: 16.9694, Dynamic: 5.70195
[DTM Trigger] CPU_MAX(THRES): 91.068(105.000), DRAM_MAX(THRES): 78.378(83.000)
	Current DTM method: 2
Here we try remapping!
-----and here we finish handling remapping results in cache controller! the Latency: 0
---invalid_cnt: 0

************recordStats once at 20999
[Warning] power scale is less than 1, please check!
[Overall Power Consumption] Peak: 16.9698, Dynamic: 5.70236
[DTM Trigger] CPU_MAX(THRES): 91.501(105.000), DRAM_MAX(THRES): 78.733(83.000)
	Current DTM method: 2
Here we try remapping!
-----and here we finish handling remapping results in cache controller! the Latency: 0
---invalid_cnt: 0

************recordStats once at 21999
[Warning] power scale is less than 1, please check!
[Overall Power Consumption] Peak: 16.9695, Dynamic: 5.70217
[DTM Trigger] CPU_MAX(THRES): 91.899(105.000), DRAM_MAX(THRES): 79.060(83.000)
	Current DTM method: 2
Here we try remapping!
-----and here we finish handling remapping results in cache controller! the Latency: 0
---invalid_cnt: 0

************recordStats once at 22999
[Warning] power scale is less than 1, please check!
[Overall Power Consumption] Peak: 16.9698, Dynamic: 5.70231
[DTM Trigger] CPU_MAX(THRES): 92.264(105.000), DRAM_MAX(THRES): 79.360(83.000)
	Current DTM method: 2
Here we try remapping!
-----and here we finish handling remapping results in cache controller! the Latency: 0
---invalid_cnt: 0

************recordStats once at 23999
[Warning] power scale is less than 1, please check!
[Overall Power Consumption] Peak: 16.9696, Dynamic: 5.70226
[DTM Trigger] CPU_MAX(THRES): 92.600(105.000), DRAM_MAX(THRES): 79.637(83.000)
	Current DTM method: 2
Here we try remapping!
-----and here we finish handling remapping results in cache controller! the Latency: 0
---invalid_cnt: 0

************recordStats once at 24999
[Warning] power scale is less than 1, please check!
[Overall Power Consumption] Peak: 16.9697, Dynamic: 5.70228
[DTM Trigger] CPU_MAX(THRES): 92.910(105.000), DRAM_MAX(THRES): 79.893(83.000)
	Current DTM method: 2
Here we try remapping!
-----and here we finish handling remapping results in cache controller! the Latency: 0
---invalid_cnt: 0

************recordStats once at 26000
[Warning] power scale is less than 1, please check!
[Overall Power Consumption] Peak: 16.9698, Dynamic: 5.70233
[DTM Trigger] CPU_MAX(THRES): 93.196(105.000), DRAM_MAX(THRES): 80.128(83.000)
	Current DTM method: 2
Here we try remapping!
-----and here we finish handling remapping results in cache controller! the Latency: 0
---invalid_cnt: 0

************recordStats once at 26999
[Warning] power scale is less than 1, please check!
[Overall Power Consumption] Peak: 16.9696, Dynamic: 5.70224
[DTM Trigger] CPU_MAX(THRES): 93.459(105.000), DRAM_MAX(THRES): 80.346(83.000)
	Current DTM method: 2
Here we try remapping!
-----and here we finish handling remapping results in cache controller! the Latency: 0
---invalid_cnt: 0

************recordStats once at 27999
[Warning] power scale is less than 1, please check!
[Overall Power Consumption] Peak: 16.9698, Dynamic: 5.70233
[DTM Trigger] CPU_MAX(THRES): 93.702(105.000), DRAM_MAX(THRES): 80.547(83.000)
	Current DTM method: 2
Here we try remapping!
-----and here we finish handling remapping results in cache controller! the Latency: 0
---invalid_cnt: 0

************recordStats once at 28999
[Warning] power scale is less than 1, please check!
[Overall Power Consumption] Peak: 16.9694, Dynamic: 5.70195
[DTM Trigger] CPU_MAX(THRES): 93.926(105.000), DRAM_MAX(THRES): 80.733(83.000)
	Current DTM method: 2
Here we try remapping!
-----and here we finish handling remapping results in cache controller! the Latency: 0
---invalid_cnt: 0

************recordStats once at 29999
[Warning] power scale is less than 1, please check!
[Overall Power Consumption] Peak: 16.9697, Dynamic: 5.70229
[DTM Trigger] CPU_MAX(THRES): 94.133(105.000), DRAM_MAX(THRES): 80.905(83.000)
	Current DTM method: 2
Here we try remapping!
-----and here we finish handling remapping results in cache controller! the Latency: 0
---invalid_cnt: 0

************recordStats once at 30999
[Warning] power scale is less than 1, please check!
[Overall Power Consumption] Peak: 16.9698, Dynamic: 5.70233
[DTM Trigger] CPU_MAX(THRES): 94.325(105.000), DRAM_MAX(THRES): 81.064(83.000)
	Current DTM method: 2
Here we try remapping!
-----and here we finish handling remapping results in cache controller! the Latency: 0
---invalid_cnt: 0

************recordStats once at 31999
[Warning] power scale is less than 1, please check!
[Overall Power Consumption] Peak: 16.9697, Dynamic: 5.70229
[DTM Trigger] CPU_MAX(THRES): 94.502(105.000), DRAM_MAX(THRES): 81.212(83.000)
	Current DTM method: 2
Here we try remapping!
-----and here we finish handling remapping results in cache controller! the Latency: 0
---invalid_cnt: 0

************recordStats once at 32999
[Warning] power scale is less than 1, please check!
[Overall Power Consumption] Peak: 16.9697, Dynamic: 5.70228
[DTM Trigger] CPU_MAX(THRES): 94.666(105.000), DRAM_MAX(THRES): 81.349(83.000)
	Current DTM method: 2
Here we try remapping!
-----and here we finish handling remapping results in cache controller! the Latency: 0
---invalid_cnt: 0

************recordStats once at 33999
[Warning] power scale is less than 1, please check!
[Overall Power Consumption] Peak: 16.9696, Dynamic: 5.70224
[DTM Trigger] CPU_MAX(THRES): 94.818(105.000), DRAM_MAX(THRES): 81.477(83.000)
	Current DTM method: 2
Here we try remapping!
-----and here we finish handling remapping results in cache controller! the Latency: 0
---invalid_cnt: 0

************recordStats once at 34999
[Warning] power scale is less than 1, please check!
[Overall Power Consumption] Peak: 16.9698, Dynamic: 5.7023
[DTM Trigger] CPU_MAX(THRES): 94.959(105.000), DRAM_MAX(THRES): 81.595(83.000)
	Current DTM method: 2
Here we try remapping!
-----and here we finish handling remapping results in cache controller! the Latency: 0
---invalid_cnt: 0

************recordStats once at 35999
[Warning] power scale is less than 1, please check!
[Overall Power Consumption] Peak: 16.9697, Dynamic: 5.70227
[DTM Trigger] CPU_MAX(THRES): 95.091(105.000), DRAM_MAX(THRES): 81.705(83.000)
	Current DTM method: 2
Here we try remapping!
-----and here we finish handling remapping results in cache controller! the Latency: 0
---invalid_cnt: 0

************recordStats once at 37000
[Warning] power scale is less than 1, please check!
[Overall Power Consumption] Peak: 16.9698, Dynamic: 5.70233
[DTM Trigger] CPU_MAX(THRES): 95.213(105.000), DRAM_MAX(THRES): 83.256(83.000)
	Current DTM method: 2
[HOT!] DRAM is too hot!
[SNIPER_STATS_MANAGER] Setting frequency for core 0 in DVFS domain 0 to 2128 MHz
[SNIPER_STATS_MANAGER] Setting frequency for core 1 in DVFS domain 1 to 2128 MHz
[SNIPER_STATS_MANAGER] Setting frequency for core 2 in DVFS domain 2 to 2128 MHz
[SNIPER_STATS_MANAGER] Setting frequency for core 3 in DVFS domain 3 to 2128 MHz
Here we try remapping!
-----and here we finish handling remapping results in cache controller! the Latency: 0
---invalid_cnt: 0

************recordStats once at 38000
[Warning] power scale is less than 1, please check!
[Overall Power Consumption] Peak: 20.6755, Dynamic: 8.80449
[DTM Trigger] CPU_MAX(THRES): 93.316(105.000), DRAM_MAX(THRES): 84.061(83.000)
	Current DTM method: 2
[HOT!] DRAM is too hot!
[SNIPER_STATS_MANAGER] Setting frequency for core 0 in DVFS domain 0 to 1596 MHz
[SNIPER_STATS_MANAGER] Setting frequency for core 1 in DVFS domain 1 to 1596 MHz
[SNIPER_STATS_MANAGER] Setting frequency for core 2 in DVFS domain 2 to 1596 MHz
[SNIPER_STATS_MANAGER] Setting frequency for core 3 in DVFS domain 3 to 1596 MHz
Here we try remapping!
-----and here we finish handling remapping results in cache controller! the Latency: 0
---invalid_cnt: 0

************recordStats once at 39000
[Warning] power scale is less than 1, please check!
[Overall Power Consumption] Peak: 15.5809, Dynamic: 8.52495
[DTM Trigger] CPU_MAX(THRES): 90.206(105.000), DRAM_MAX(THRES): 84.860(83.000)
	Current DTM method: 2
[HOT!] DRAM is too hot!
[SNIPER_STATS_MANAGER] Setting frequency for core 0 in DVFS domain 0 to 1064 MHz
[SNIPER_STATS_MANAGER] Setting frequency for core 1 in DVFS domain 1 to 1064 MHz
[SNIPER_STATS_MANAGER] Setting frequency for core 2 in DVFS domain 2 to 1064 MHz
[SNIPER_STATS_MANAGER] Setting frequency for core 3 in DVFS domain 3 to 1064 MHz
Here we try remapping!
-----and here we finish handling remapping results in cache controller! the Latency: 0
---invalid_cnt: 0

************recordStats once at 40000
[Warning] power scale is less than 1, please check!
[Overall Power Consumption] Peak: 11.5716, Dynamic: 8.34874
[DTM Trigger] CPU_MAX(THRES): 88.907(105.000), DRAM_MAX(THRES): 85.201(83.000)
	Current DTM method: 2
[HOT!] DRAM is too hot!
[SNIPER_STATS_MANAGER] Setting frequency for core 0 in DVFS domain 0 to 532 MHz
[SNIPER_STATS_MANAGER] Setting frequency for core 1 in DVFS domain 1 to 532 MHz
[SNIPER_STATS_MANAGER] Setting frequency for core 2 in DVFS domain 2 to 532 MHz
[SNIPER_STATS_MANAGER] Setting frequency for core 3 in DVFS domain 3 to 532 MHz
Here we try remapping!
-----and here we finish handling remapping results in cache controller! the Latency: 8
---invalid_cnt: 2048
[SNIPER] Disabling performance models
[SNIPER] Leaving ROI after 1149.50 seconds

************recordStats once at 40067

************recordStats once at 40067
[Warning] power scale is less than 1, please check!
[Overall Power Consumption] Peak: 6.79076, Dynamic: 7.00111
[DTM Trigger] CPU_MAX(THRES): 85.710(105.000), DRAM_MAX(THRES): 82.155(83.000)
	Current DTM method: 2
[SNIPER_STATS_MANAGER] Setting frequency for core 0 in DVFS domain 0 to 1064 MHz
[SNIPER_STATS_MANAGER] Setting frequency for core 1 in DVFS domain 1 to 1064 MHz
[SNIPER_STATS_MANAGER] Setting frequency for core 2 in DVFS domain 2 to 1064 MHz
[SNIPER_STATS_MANAGER] Setting frequency for core 3 in DVFS domain 3 to 1064 MHz
Here we try remapping!
[Warning] power scale is less than 1, please check!
[Overall Power Consumption] Peak: 6.8712, Dynamic: 3.59178
[DTM Trigger] CPU_MAX(THRES): 86.089(105.000), DRAM_MAX(THRES): 80.299(83.000)
	Current DTM method: 2
[SNIPER_STATS_MANAGER] Setting frequency for core 0 in DVFS domain 0 to 1596 MHz
[SNIPER_STATS_MANAGER] Setting frequency for core 1 in DVFS domain 1 to 1596 MHz
[SNIPER_STATS_MANAGER] Setting frequency for core 2 in DVFS domain 2 to 1596 MHz
[SNIPER_STATS_MANAGER] Setting frequency for core 3 in DVFS domain 3 to 1596 MHz
Here we try remapping!
[SNIPER] Simulated 171.3M instructions, 63.9M cycles, 2.68 IPC
[SNIPER] Simulation speed 145.4 KIPS (36.3 KIPS / target core - 27515.8ns/instr)
[SNIPER] Sampling: executed 99.80% of simulated time in detailed mode
[SNIPER] Setting instrumentation mode to FAST_FORWARD
[HOOKS] Leaving ROI

                 PROCESS STATISTICS
               Total            Rank            Sort
 Proc          Time             Time            Time
    0      418568203        94818768       269211848

                 TIMING INFORMATION
Start time                        :       1542176016
Initialization finish time        :      -2022949777
Overall finish time               :      -1604381574
Total time with initialization    :       1148409706
Total time without initialization :        418568203


************recordStats once at 40067
[Warning] power scale is less than 1, please check!
[Overall Power Consumption] Peak: 6.8712, Dynamic: 3.59178
[DTM Trigger] CPU_MAX(THRES): 85.823(105.000), DRAM_MAX(THRES): 79.974(83.000)
	Current DTM method: 2
[SNIPER_STATS_MANAGER] Setting frequency for core 0 in DVFS domain 0 to 2128 MHz
[SNIPER_STATS_MANAGER] Setting frequency for core 1 in DVFS domain 1 to 2128 MHz
[SNIPER_STATS_MANAGER] Setting frequency for core 2 in DVFS domain 2 to 2128 MHz
[SNIPER_STATS_MANAGER] Setting frequency for core 3 in DVFS domain 3 to 2128 MHz
Here we try remapping!

 ***** [DRAM_CACHE_Result] *****

*** DRAM Total Access: 703517, page miss: 4670, block misses: 35097, miss: 39767, miss rate: 0.056526
*** DRAM Total Access In ROI: 693249, miss: 37712, miss rate: 0.0543989
*** DRAM Remap Times: 2048 invalid times, 524 total invalid_blocks, 0 migrate times, 0 total migrate blocks.
*** DRAM Statistics: 9520786 reads, 1801076 writes, 5489425 row hits, 612253 ACT time, 612253 PRE time, 261807 RD time, 44318 WR time.

 ***** [DRAM_CACHE_Result] *****

[RAMULATOR OUTPUT]

**Total Ticks: 36101481

**Ramulator Active Cycles: 1.74123e+07

**DRAM Cycles: 3.61015e+07

**Maximum Bandwidth: 0

Number of Incoming Requests: 1.37869e+06

**Serving Request**
Channel_0: serving reads(1107808), serving writes(201500).
Channel_1: serving reads(0), serving writes(0).
Channel_2: serving reads(0), serving writes(0).
Channel_3: serving reads(0), serving writes(0).
Channel_4: serving reads(0), serving writes(0).
Channel_5: serving reads(0), serving writes(0).
Channel_6: serving reads(0), serving writes(0).
Channel_7: serving reads(0), serving writes(0).
Channel_8: serving reads(0), serving writes(0).
Channel_9: serving reads(0), serving writes(0).
Channel_10: serving reads(0), serving writes(0).
Channel_11: serving reads(0), serving writes(0).
Channel_12: serving reads(0), serving writes(0).
Channel_13: serving reads(0), serving writes(0).
Channel_14: serving reads(0), serving writes(0).
Channel_15: serving reads(0), serving writes(0).
Channel_16: serving reads(0), serving writes(0).
Channel_17: serving reads(0), serving writes(0).
Channel_18: serving reads(0), serving writes(0).
Channel_19: serving reads(0), serving writes(0).
Channel_20: serving reads(0), serving writes(0).
Channel_21: serving reads(0), serving writes(0).
Channel_22: serving reads(0), serving writes(0).
Channel_23: serving reads(0), serving writes(0).
Channel_24: serving reads(0), serving writes(0).
Channel_25: serving reads(0), serving writes(0).
Channel_26: serving reads(0), serving writes(0).
Channel_27: serving reads(0), serving writes(0).
Channel_28: serving reads(0), serving writes(0).
Channel_29: serving reads(0), serving writes(0).
Channel_30: serving reads(0), serving writes(0).
Channel_31: serving reads(0), serving writes(0).
[RAMULATOR OUTPUT]
----[REMAP OUTPUT]---
*****HotAccess: 0
*****CoolAccess: 1376571
*****RemapAccess: 2115
---------------------

 ***** [REF/AC_Result] *****
{Summary}: 17697 Hot Accesses, 2626781 Cool Accesses.

 ***** [REF/AC_Result] *****
                     Power     Energy    Energy %
  core-core         1.48 W     0.06  J     13.79%
  core-ifetch       0.22 W     8.97 mJ      2.08%
  core-alu          0.70 W     0.03  J      6.48%
  core-int          0.45 W     0.02  J      4.19%
  core-fp           1.15 W     0.05  J     10.73%
  core-other        0.25 W     0.01  J      2.36%
  dcache            0.34 W     0.01  J      3.16%
  l2                0.18 W     7.30 mJ      1.69%
  dram              5.77 W     0.23  J     53.67%
  other             0.20 W     7.91 mJ      1.84%

  core              4.26 W     0.17  J     39.64%
  cache             0.52 W     0.02  J      4.85%
  total            10.75 W     0.43  J    100.00%
Warning: Unable to run gnuplot to create cpi stack graphs.  Maybe gnuplot is not installed?
[SNIPER] End
[SNIPER] Elapsed time: 1192.90 seconds
[SNIPER] Running McPAT
                                     | Core 0     | Core 1     | Core 2     | Core 3    
  Instructions                       |   42803316 |   42815536 |   42806420 |   42828023
  Cycles                             |  106578533 |  106578533 |  106578533 |  106578533
  IPC                                |       0.40 |       0.40 |       0.40 |       0.40
  Time (ns)                          |   40067118 |   40067118 |   40067118 |   40067118
  Idle time (ns)                     |     872635 |     197803 |     131293 |     152573
  Idle time (%)                      |       2.2% |       0.5% |       0.3% |       0.4%
Branch predictor stats               |            |            |            |           
  num correct                        |    1322137 |    1323823 |    1322927 |    1325707
  num incorrect                      |        402 |        255 |        230 |        270
  misprediction rate                 |      0.03% |      0.02% |      0.02% |      0.02%
  mpki                               |       0.01 |       0.01 |       0.01 |       0.01
TLB Summary                          |            |            |            |           
  I-TLB                              |            |            |            |           
    num accesses                     |    2637312 |    2637153 |    2635774 |    2637062
    num misses                       |          6 |         29 |         29 |         29
    miss rate                        |      0.00% |      0.00% |      0.00% |      0.00%
    mpki                             |       0.00 |       0.00 |       0.00 |       0.00
  D-TLB                              |            |            |            |           
    num accesses                     |    4750013 |    4757586 |    4753357 |    4764405
    num misses                       |     450385 |     450540 |     450872 |     450943
    miss rate                        |      9.48% |      9.47% |      9.49% |      9.46%
    mpki                             |      10.52 |      10.52 |      10.53 |      10.53
  L2 TLB                             |            |            |            |           
    num accesses                     |     450391 |     450569 |     450901 |     450972
    num misses                       |     194435 |     196815 |     199088 |     196361
    miss rate                        |     43.17% |     43.68% |     44.15% |     43.54%
    mpki                             |       4.54 |       4.60 |       4.65 |       4.58
Cache Summary                        |            |            |            |           
  Cache L1-I                         |            |            |            |           
    num cache accesses               |    2637312 |    2637153 |    2635774 |    2637062
    num cache misses                 |        620 |        543 |        517 |        593
    miss rate                        |      0.02% |      0.02% |      0.02% |      0.02%
    mpki                             |       0.01 |       0.01 |       0.01 |       0.01
  Cache L1-D                         |            |            |            |           
    num cache accesses               |    4750236 |    4757766 |    4753491 |    4764552
    num cache misses                 |     304539 |     305980 |     307577 |     306536
    miss rate                        |      6.41% |      6.43% |      6.47% |      6.43%
    mpki                             |       7.11 |       7.15 |       7.19 |       7.16
  Cache L2                           |            |            |            |           
    num cache accesses               |     307052 |     309330 |     311262 |     309189
    num cache misses                 |     123461 |     123727 |     124012 |     123763
    miss rate                        |     40.21% |     40.00% |     39.84% |     40.03%
    mpki                             |       2.88 |       2.89 |       2.90 |       2.89
DRAM summary                         |            |            |            |           
  num dram accesses                  |     699541 |          0 |          0 |          0
  average dram access latency (ns)   |      13.47 |        inf |        inf |        inf
  average dram queueing delay        |       0.00 |       0.00 |       0.00 |       0.00
  average dram bandwidth utilization |      0.00% |      0.00% |      0.00% |      0.00%
Coherency Traffic                    |            |            |            |           
  num loads from dram                |      67052 |      66982 |      66787 |      67019
  num loads from dram cache          |          0 |          0 |          0 |          0
  num loads from remote cache        |        951 |       2229 |       2597 |       1701
[SPLASH] [----------    End of output    ----------]
[SPLASH] Done.
copy HotSpot and ramulator files to /scratch/miz087/results/hpca_final/7-23_cache_dram_remap0_t83_splash2_radix_large
