[Benchmarks] set sniper output to rundir:  /scratch/miz087/results/hpca_final/7-23_cache_cpu_remap0_t95_splash2_radix_large
/scratch/miz087/results/hpca_final/7-23_cache_cpu_remap0_t95_splash2_radix_large
[SPLASH] Benchmarks to run: radix

[SPLASH] [========== Running benchmark radix ==========]
[SPLASH] Setting up run directory: /scratch/miz087/results/hpca_final/7-23_cache_cpu_remap0_t95_splash2_radix_large
[SPLASH] Running 'SNIPER_APP_LD_PRELOAD=$LD_PRELOAD; unset LD_PRELOAD; /home_masters/miz087/workplace/micro_exp/run-sniper -n 4 -m 'localhost' -d '/scratch/miz087/results/hpca_final/7-23_cache_cpu_remap0_t95_splash2_radix_large' -sthermalstats --power -c cache_cpu_remap0 -g --perf_model/thermal/cpu_temp_thres=95 -s stop-by-icount:5000000000 --roi --curdir=/home_masters/miz087/workplace/micro_exp/benchmarks  --  /home_masters/miz087/workplace/micro_exp/benchmarks/splash2/splash2/codes/kernels/radix/RADIX -n1048576 -p4':
[SPLASH] [---------- Beginning of output ----------]
[SNIPER] Start
----------BEGIN_INIT_STATS_MANAGER------------
----------END_INIT_STATS_MANAGER------------
[DvfsManager] Core 0 at 2.66 GHz (global clock 2.66 GHz)
[DvfsManager] Core 1 at 2.66 GHz (global clock 2.66 GHz)
[DvfsManager] Core 2 at 2.66 GHz (global clock 2.66 GHz)
[DvfsManager] Core 3 at 2.66 GHz (global clock 2.66 GHz)
Normal Cache Total set: 524288
now initialize a stacked dram unison cache
Executing Python script /scratch/miz087/results/hpca_final/7-23_cache_cpu_remap0_t95_splash2_radix_large/sim.scripts.py
[STOPBYICOUNT] Waiting for application ROI
[STOPBYICOUNT] Then stopping after simulating at least 5000000000 instructions in detail
[SNIPER] --------------------------------------------------------------------------------
[SNIPER] Sniper using Pin frontend
[SNIPER] Running pre-ROI region in  CACHE_ONLY mode
[SNIPER] Running application ROI in DETAILED mode
[SNIPER] Running post-ROI region in FAST_FORWARD mode
[SNIPER] --------------------------------------------------------------------------------

************recordStats once at 0
[Warning] power scale is less than 1, please check!
[Overall Power Consumption] Peak: 0, Dynamic: 0
[Warning] the power of processor is too small, we skip the temperature calculation!

Integer Radix Sort
     1048576 Keys
     4 Processors
     Radix = 1024
     Max key = 524288

[HOOKS] Entering ROI
[SNIPER] Enabling performance models
[STOPBYICOUNT] Application ROI started, now simulating 5000000000 in detail

************recordStats once at 77
[Warning] power scale is less than 1, please check!
[Overall Power Consumption] Peak: 0, Dynamic: 0
[Warning] the power of processor is too small, we skip the temperature calculation!
[SNIPER] Setting instrumentation mode to DETAILED

************recordStats once at 999
[Warning] power scale is less than 1, please check!
[Overall Power Consumption] Peak: 0, Dynamic: 0
[Warning] the power of processor is too small, we skip the temperature calculation!

************recordStats once at 2000
[Warning] power scale is less than 1, please check!
[Overall Power Consumption] Peak: 0, Dynamic: 0
[Warning] the power of processor is too small, we skip the temperature calculation!

************recordStats once at 2999
[Warning] power scale is less than 1, please check!
[Overall Power Consumption] Peak: 16.957, Dynamic: 5.7008
*[Hotspot] begin initialization!
[DTM Trigger] CPU_MAX(THRES): 70.895(95.000), DRAM_MAX(THRES): 62.451(85.000)
	Current DTM method: 1
Here we try remapping!
-----and here we finish handling remapping results in cache controller! the Latency: 0
---invalid_cnt: 0

************recordStats once at 3999
[Warning] power scale is less than 1, please check!
[Overall Power Consumption] Peak: 16.9569, Dynamic: 5.70078
[DTM Trigger] CPU_MAX(THRES): 74.408(95.000), DRAM_MAX(THRES): 64.803(85.000)
	Current DTM method: 1
Here we try remapping!
-----and here we finish handling remapping results in cache controller! the Latency: 0
---invalid_cnt: 0

************recordStats once at 5000
[Warning] power scale is less than 1, please check!
[Overall Power Consumption] Peak: 16.957, Dynamic: 5.70081
[DTM Trigger] CPU_MAX(THRES): 76.674(95.000), DRAM_MAX(THRES): 66.621(85.000)
	Current DTM method: 1
Here we try remapping!
-----and here we finish handling remapping results in cache controller! the Latency: 0
---invalid_cnt: 0

************recordStats once at 5999
[Warning] power scale is less than 1, please check!
[Overall Power Consumption] Peak: 16.9569, Dynamic: 5.70078
[DTM Trigger] CPU_MAX(THRES): 78.483(95.000), DRAM_MAX(THRES): 68.109(85.000)
	Current DTM method: 1
Here we try remapping!
-----and here we finish handling remapping results in cache controller! the Latency: 0
---invalid_cnt: 0

************recordStats once at 6999
[Warning] power scale is less than 1, please check!
[Overall Power Consumption] Peak: 16.957, Dynamic: 5.70083
[DTM Trigger] CPU_MAX(THRES): 80.054(95.000), DRAM_MAX(THRES): 69.396(85.000)
	Current DTM method: 1
Here we try remapping!
-----and here we finish handling remapping results in cache controller! the Latency: 0
---invalid_cnt: 0

************recordStats once at 8000
[Warning] power scale is less than 1, please check!
[Overall Power Consumption] Peak: 16.9571, Dynamic: 5.70081
[DTM Trigger] CPU_MAX(THRES): 81.457(95.000), DRAM_MAX(THRES): 70.542(85.000)
	Current DTM method: 1
Here we try remapping!
-----and here we finish handling remapping results in cache controller! the Latency: 0
---invalid_cnt: 0

************recordStats once at 8999
[Warning] power scale is less than 1, please check!
[Overall Power Consumption] Peak: 16.9575, Dynamic: 5.70088
[DTM Trigger] CPU_MAX(THRES): 82.721(95.000), DRAM_MAX(THRES): 71.573(85.000)
	Current DTM method: 1
Here we try remapping!
-----and here we finish handling remapping results in cache controller! the Latency: 0
---invalid_cnt: 0

************recordStats once at 9999
[Warning] power scale is less than 1, please check!
[Overall Power Consumption] Peak: 16.9605, Dynamic: 5.70102
[DTM Trigger] CPU_MAX(THRES): 83.868(95.000), DRAM_MAX(THRES): 72.506(85.000)
	Current DTM method: 1
Here we try remapping!
-----and here we finish handling remapping results in cache controller! the Latency: 0
---invalid_cnt: 0

************recordStats once at 10998
[Warning] power scale is less than 1, please check!
[Overall Power Consumption] Peak: 16.9678, Dynamic: 5.70208
[DTM Trigger] CPU_MAX(THRES): 84.913(95.000), DRAM_MAX(THRES): 73.355(85.000)
	Current DTM method: 1
Here we try remapping!
-----and here we finish handling remapping results in cache controller! the Latency: 0
---invalid_cnt: 0

************recordStats once at 11999
[Warning] power scale is less than 1, please check!
[Overall Power Consumption] Peak: 16.9697, Dynamic: 5.7023
[DTM Trigger] CPU_MAX(THRES): 85.864(95.000), DRAM_MAX(THRES): 74.129(85.000)
	Current DTM method: 1
Here we try remapping!
-----and here we finish handling remapping results in cache controller! the Latency: 0
---invalid_cnt: 0

************recordStats once at 12999
[Warning] power scale is less than 1, please check!
[Overall Power Consumption] Peak: 16.9697, Dynamic: 5.70226
[DTM Trigger] CPU_MAX(THRES): 86.732(95.000), DRAM_MAX(THRES): 74.836(85.000)
	Current DTM method: 1
Here we try remapping!
-----and here we finish handling remapping results in cache controller! the Latency: 0
---invalid_cnt: 0

************recordStats once at 13998
[Warning] power scale is less than 1, please check!
[Overall Power Consumption] Peak: 16.9697, Dynamic: 5.7023
[DTM Trigger] CPU_MAX(THRES): 87.526(95.000), DRAM_MAX(THRES): 75.483(85.000)
	Current DTM method: 1
Here we try remapping!
-----and here we finish handling remapping results in cache controller! the Latency: 0
---invalid_cnt: 0

************recordStats once at 15000
[Warning] power scale is less than 1, please check!
[Overall Power Consumption] Peak: 16.9697, Dynamic: 5.70227
[DTM Trigger] CPU_MAX(THRES): 88.252(95.000), DRAM_MAX(THRES): 76.075(85.000)
	Current DTM method: 1
Here we try remapping!
-----and here we finish handling remapping results in cache controller! the Latency: 0
---invalid_cnt: 0

************recordStats once at 15999
[Warning] power scale is less than 1, please check!
[Overall Power Consumption] Peak: 16.9697, Dynamic: 5.7023
[DTM Trigger] CPU_MAX(THRES): 88.916(95.000), DRAM_MAX(THRES): 76.618(85.000)
	Current DTM method: 1
Here we try remapping!
-----and here we finish handling remapping results in cache controller! the Latency: 0
---invalid_cnt: 0

************recordStats once at 16998
[Warning] power scale is less than 1, please check!
[Overall Power Consumption] Peak: 16.9697, Dynamic: 5.70229
[DTM Trigger] CPU_MAX(THRES): 89.526(95.000), DRAM_MAX(THRES): 77.116(85.000)
	Current DTM method: 1
Here we try remapping!
-----and here we finish handling remapping results in cache controller! the Latency: 0
---invalid_cnt: 0

************recordStats once at 18000
[Warning] power scale is less than 1, please check!
[Overall Power Consumption] Peak: 16.9696, Dynamic: 5.70226
[DTM Trigger] CPU_MAX(THRES): 90.085(95.000), DRAM_MAX(THRES): 77.573(85.000)
	Current DTM method: 1
Here we try remapping!
-----and here we finish handling remapping results in cache controller! the Latency: 0
---invalid_cnt: 0

************recordStats once at 18999
[Warning] power scale is less than 1, please check!
[Overall Power Consumption] Peak: 16.9695, Dynamic: 5.70198
[DTM Trigger] CPU_MAX(THRES): 90.597(95.000), DRAM_MAX(THRES): 77.993(85.000)
	Current DTM method: 1
Here we try remapping!
-----and here we finish handling remapping results in cache controller! the Latency: 0
---invalid_cnt: 0

************recordStats once at 19999
[Warning] power scale is less than 1, please check!
[Overall Power Consumption] Peak: 16.9698, Dynamic: 5.7023
[DTM Trigger] CPU_MAX(THRES): 91.068(95.000), DRAM_MAX(THRES): 78.378(85.000)
	Current DTM method: 1
Here we try remapping!
-----and here we finish handling remapping results in cache controller! the Latency: 0
---invalid_cnt: 0

************recordStats once at 20999
[Warning] power scale is less than 1, please check!
[Overall Power Consumption] Peak: 16.9696, Dynamic: 5.70226
[DTM Trigger] CPU_MAX(THRES): 91.501(95.000), DRAM_MAX(THRES): 78.733(85.000)
	Current DTM method: 1
Here we try remapping!
-----and here we finish handling remapping results in cache controller! the Latency: 0
---invalid_cnt: 0

************recordStats once at 22000
[Warning] power scale is less than 1, please check!
[Overall Power Consumption] Peak: 16.9697, Dynamic: 5.70228
[DTM Trigger] CPU_MAX(THRES): 91.899(95.000), DRAM_MAX(THRES): 79.060(85.000)
	Current DTM method: 1
Here we try remapping!
-----and here we finish handling remapping results in cache controller! the Latency: 0
---invalid_cnt: 0

************recordStats once at 22999
[Warning] power scale is less than 1, please check!
[Overall Power Consumption] Peak: 16.9697, Dynamic: 5.70228
[DTM Trigger] CPU_MAX(THRES): 92.264(95.000), DRAM_MAX(THRES): 79.360(85.000)
	Current DTM method: 1
Here we try remapping!
-----and here we finish handling remapping results in cache controller! the Latency: 0
---invalid_cnt: 0

************recordStats once at 24000
[Warning] power scale is less than 1, please check!
[Overall Power Consumption] Peak: 16.9697, Dynamic: 5.7023
[DTM Trigger] CPU_MAX(THRES): 92.601(95.000), DRAM_MAX(THRES): 79.637(85.000)
	Current DTM method: 1
Here we try remapping!
-----and here we finish handling remapping results in cache controller! the Latency: 0
---invalid_cnt: 0

************recordStats once at 24999
[Warning] power scale is less than 1, please check!
[Overall Power Consumption] Peak: 16.9697, Dynamic: 5.70227
[DTM Trigger] CPU_MAX(THRES): 92.911(95.000), DRAM_MAX(THRES): 79.893(85.000)
	Current DTM method: 1
Here we try remapping!
-----and here we finish handling remapping results in cache controller! the Latency: 0
---invalid_cnt: 0

************recordStats once at 25999
[Warning] power scale is less than 1, please check!
[Overall Power Consumption] Peak: 16.9697, Dynamic: 5.70227
[DTM Trigger] CPU_MAX(THRES): 93.196(95.000), DRAM_MAX(THRES): 80.128(85.000)
	Current DTM method: 1
Here we try remapping!
-----and here we finish handling remapping results in cache controller! the Latency: 0
---invalid_cnt: 0

************recordStats once at 26998
[Warning] power scale is less than 1, please check!
[Overall Power Consumption] Peak: 16.9697, Dynamic: 5.70231
[DTM Trigger] CPU_MAX(THRES): 93.459(95.000), DRAM_MAX(THRES): 80.346(85.000)
	Current DTM method: 1
Here we try remapping!
-----and here we finish handling remapping results in cache controller! the Latency: 0
---invalid_cnt: 0

************recordStats once at 28000
[Warning] power scale is less than 1, please check!
[Overall Power Consumption] Peak: 16.9693, Dynamic: 5.70193
[DTM Trigger] CPU_MAX(THRES): 93.702(95.000), DRAM_MAX(THRES): 80.547(85.000)
	Current DTM method: 1
Here we try remapping!
-----and here we finish handling remapping results in cache controller! the Latency: 0
---invalid_cnt: 0

************recordStats once at 28999
[Warning] power scale is less than 1, please check!
[Overall Power Consumption] Peak: 16.9698, Dynamic: 5.70233
[DTM Trigger] CPU_MAX(THRES): 93.926(95.000), DRAM_MAX(THRES): 80.733(85.000)
	Current DTM method: 1
Here we try remapping!
-----and here we finish handling remapping results in cache controller! the Latency: 0
---invalid_cnt: 0

************recordStats once at 29998
[Warning] power scale is less than 1, please check!
[Overall Power Consumption] Peak: 16.9696, Dynamic: 5.70226
[DTM Trigger] CPU_MAX(THRES): 94.133(95.000), DRAM_MAX(THRES): 80.905(85.000)
	Current DTM method: 1
Here we try remapping!
-----and here we finish handling remapping results in cache controller! the Latency: 0
---invalid_cnt: 0

************recordStats once at 31000
[Warning] power scale is less than 1, please check!
[Overall Power Consumption] Peak: 16.9697, Dynamic: 5.70229
[DTM Trigger] CPU_MAX(THRES): 94.325(95.000), DRAM_MAX(THRES): 81.065(85.000)
	Current DTM method: 1
Here we try remapping!
-----and here we finish handling remapping results in cache controller! the Latency: 0
---invalid_cnt: 0

************recordStats once at 31999
[Warning] power scale is less than 1, please check!
[Overall Power Consumption] Peak: 16.9697, Dynamic: 5.70228
[DTM Trigger] CPU_MAX(THRES): 94.502(95.000), DRAM_MAX(THRES): 81.212(85.000)
	Current DTM method: 1
Here we try remapping!
-----and here we finish handling remapping results in cache controller! the Latency: 0
---invalid_cnt: 0

************recordStats once at 32998
[Warning] power scale is less than 1, please check!
[Overall Power Consumption] Peak: 16.9697, Dynamic: 5.70227
[DTM Trigger] CPU_MAX(THRES): 94.666(95.000), DRAM_MAX(THRES): 81.349(85.000)
	Current DTM method: 1
Here we try remapping!
-----and here we finish handling remapping results in cache controller! the Latency: 0
---invalid_cnt: 0

************recordStats once at 34000
[Warning] power scale is less than 1, please check!
[Overall Power Consumption] Peak: 16.9697, Dynamic: 5.7023
[DTM Trigger] CPU_MAX(THRES): 94.818(95.000), DRAM_MAX(THRES): 81.477(85.000)
	Current DTM method: 1
Here we try remapping!
-----and here we finish handling remapping results in cache controller! the Latency: 0
---invalid_cnt: 0

************recordStats once at 34999
[Warning] power scale is less than 1, please check!
[Overall Power Consumption] Peak: 16.9697, Dynamic: 5.70227
[DTM Trigger] CPU_MAX(THRES): 94.960(95.000), DRAM_MAX(THRES): 81.595(85.000)
	Current DTM method: 1
Here we try remapping!
-----and here we finish handling remapping results in cache controller! the Latency: 0
---invalid_cnt: 0

************recordStats once at 35999
[Warning] power scale is less than 1, please check!
[Overall Power Consumption] Peak: 16.9698, Dynamic: 5.70231
[DTM Trigger] CPU_MAX(THRES): 95.091(95.000), DRAM_MAX(THRES): 81.705(85.000)
	Current DTM method: 1
[HOT!] CPU is too hot!
[SNIPER_STATS_MANAGER] Setting frequency for core 0 in DVFS domain 0 to 2128 MHz
[SNIPER_STATS_MANAGER] Setting frequency for core 1 in DVFS domain 1 to 2128 MHz
[SNIPER_STATS_MANAGER] Setting frequency for core 2 in DVFS domain 2 to 2128 MHz
[SNIPER_STATS_MANAGER] Setting frequency for core 3 in DVFS domain 3 to 2128 MHz
Here we try remapping!
-----and here we finish handling remapping results in cache controller! the Latency: 0
---invalid_cnt: 0

************recordStats once at 37000
[Warning] power scale is less than 1, please check!
[Overall Power Consumption] Peak: 14.8273, Dynamic: 5.70296
[DTM Trigger] CPU_MAX(THRES): 93.861(95.000), DRAM_MAX(THRES): 83.214(85.000)
	Current DTM method: 1
[SNIPER_STATS_MANAGER] Setting frequency for core 0 in DVFS domain 0 to 2660 MHz
[SNIPER_STATS_MANAGER] Setting frequency for core 1 in DVFS domain 1 to 2660 MHz
[SNIPER_STATS_MANAGER] Setting frequency for core 2 in DVFS domain 2 to 2660 MHz
[SNIPER_STATS_MANAGER] Setting frequency for core 3 in DVFS domain 3 to 2660 MHz
Here we try remapping!
-----and here we finish handling remapping results in cache controller! the Latency: 0
---invalid_cnt: 0

************recordStats once at 38000
[Warning] power scale is less than 1, please check!
[Overall Power Consumption] Peak: 20.5329, Dynamic: 7.49179
[DTM Trigger] CPU_MAX(THRES): 93.843(95.000), DRAM_MAX(THRES): 83.999(85.000)
	Current DTM method: 1
Here we try remapping!
-----and here we finish handling remapping results in cache controller! the Latency: 0
---invalid_cnt: 0

************recordStats once at 39000
[Warning] power scale is less than 1, please check!
[Overall Power Consumption] Peak: 28.4398, Dynamic: 12.2685
[DTM Trigger] CPU_MAX(THRES): 95.503(95.000), DRAM_MAX(THRES): 84.857(85.000)
	Current DTM method: 1
[HOT!] CPU is too hot!
[SNIPER_STATS_MANAGER] Setting frequency for core 0 in DVFS domain 0 to 2128 MHz
[SNIPER_STATS_MANAGER] Setting frequency for core 1 in DVFS domain 1 to 2128 MHz
[SNIPER_STATS_MANAGER] Setting frequency for core 2 in DVFS domain 2 to 2128 MHz
[SNIPER_STATS_MANAGER] Setting frequency for core 3 in DVFS domain 3 to 2128 MHz
Here we try remapping!
-----and here we finish handling remapping results in cache controller! the Latency: 0
---invalid_cnt: 0

************recordStats once at 40000
[Warning] power scale is less than 1, please check!
[Overall Power Consumption] Peak: 24.0615, Dynamic: 11.5813
[DTM Trigger] CPU_MAX(THRES): 95.849(95.000), DRAM_MAX(THRES): 85.621(85.000)
	Current DTM method: 1
[HOT!] CPU is too hot!
[SNIPER_STATS_MANAGER] Setting frequency for core 0 in DVFS domain 0 to 1596 MHz
[SNIPER_STATS_MANAGER] Setting frequency for core 1 in DVFS domain 1 to 1596 MHz
[SNIPER_STATS_MANAGER] Setting frequency for core 2 in DVFS domain 2 to 1596 MHz
[SNIPER_STATS_MANAGER] Setting frequency for core 3 in DVFS domain 3 to 1596 MHz
Here we try remapping!
-----and here we finish handling remapping results in cache controller! the Latency: 8
---invalid_cnt: 2048
[SNIPER] Disabling performance models
[SNIPER] Leaving ROI after 1029.90 seconds

************recordStats once at 40156

************recordStats once at 40156
[Warning] power scale is less than 1, please check!
[Overall Power Consumption] Peak: 15.7159, Dynamic: 8.52873
[DTM Trigger] CPU_MAX(THRES): 92.406(95.000), DRAM_MAX(THRES): 86.096(85.000)
	Current DTM method: 1
[SNIPER_STATS_MANAGER] Setting frequency for core 0 in DVFS domain 0 to 2128 MHz
[SNIPER_STATS_MANAGER] Setting frequency for core 1 in DVFS domain 1 to 2128 MHz
[SNIPER_STATS_MANAGER] Setting frequency for core 2 in DVFS domain 2 to 2128 MHz
[SNIPER_STATS_MANAGER] Setting frequency for core 3 in DVFS domain 3 to 2128 MHz
Here we try remapping!
[Warning] power scale is less than 1, please check!
[Overall Power Consumption] Peak: 21.7193, Dynamic: 9.78999
[DTM Trigger] CPU_MAX(THRES): 95.401(95.000), DRAM_MAX(THRES): 82.593(85.000)
	Current DTM method: 1
[HOT!] CPU is too hot!
[SNIPER_STATS_MANAGER] Setting frequency for core 0 in DVFS domain 0 to 1596 MHz
[SNIPER_STATS_MANAGER] Setting frequency for core 1 in DVFS domain 1 to 1596 MHz
[SNIPER_STATS_MANAGER] Setting frequency for core 2 in DVFS domain 2 to 1596 MHz
[SNIPER_STATS_MANAGER] Setting frequency for core 3 in DVFS domain 3 to 1596 MHz
Here we try remapping!
[SNIPER] Simulated 171.3M instructions, 64.1M cycles, 2.67 IPC
[SNIPER] Simulation speed 161.0 KIPS (40.2 KIPS / target core - 24846.3ns/instr)
[SNIPER] Sampling: executed 99.80% of simulated time in detailed mode
[SNIPER] Setting instrumentation mode to FAST_FORWARD
[HOOKS] Leaving ROI

                 PROCESS STATISTICS
               Total            Rank            Sort
 Proc          Time             Time            Time
    0      348311670        94508252       177407982

                 TIMING INFORMATION
Start time                        :      -1377945645
Initialization finish time        :       -697239031
Overall finish time               :       -348927361
Total time with initialization    :       1029018284
Total time without initialization :        348311670


************recordStats once at 40156
[Warning] power scale is less than 1, please check!
[Overall Power Consumption] Peak: 21.7193, Dynamic: 9.78999
[DTM Trigger] CPU_MAX(THRES): 96.422(95.000), DRAM_MAX(THRES): 83.034(85.000)
	Current DTM method: 1
[HOT!] CPU is too hot!
[SNIPER_STATS_MANAGER] Setting frequency for core 0 in DVFS domain 0 to 1064 MHz
[SNIPER_STATS_MANAGER] Setting frequency for core 1 in DVFS domain 1 to 1064 MHz
[SNIPER_STATS_MANAGER] Setting frequency for core 2 in DVFS domain 2 to 1064 MHz
[SNIPER_STATS_MANAGER] Setting frequency for core 3 in DVFS domain 3 to 1064 MHz
Here we try remapping!

 ***** [DRAM_CACHE_Result] *****

*** DRAM Total Access: 702990, page miss: 4767, block misses: 34947, miss: 39714, miss rate: 0.056493
*** DRAM Total Access In ROI: 692769, miss: 37653, miss rate: 0.0543514
*** DRAM Remap Times: 2048 invalid times, 526 total invalid_blocks, 0 migrate times, 0 total migrate blocks.
*** DRAM Statistics: 9374532 reads, 1784572 writes, 5383200 row hits, 607679 ACT time, 607679 PRE time, 259082 RD time, 44757 WR time.

 ***** [DRAM_CACHE_Result] *****

[RAMULATOR OUTPUT]

**Total Ticks: 36137125

**Ramulator Active Cycles: 1.73526e+07

**DRAM Cycles: 3.61371e+07

**Maximum Bandwidth: 0

Number of Incoming Requests: 1.37756e+06

**Serving Request**
Channel_0: serving reads(1106389), serving writes(201272).
Channel_1: serving reads(0), serving writes(0).
Channel_2: serving reads(0), serving writes(0).
Channel_3: serving reads(0), serving writes(0).
Channel_4: serving reads(0), serving writes(0).
Channel_5: serving reads(0), serving writes(0).
Channel_6: serving reads(0), serving writes(0).
Channel_7: serving reads(0), serving writes(0).
Channel_8: serving reads(0), serving writes(0).
Channel_9: serving reads(0), serving writes(0).
Channel_10: serving reads(0), serving writes(0).
Channel_11: serving reads(0), serving writes(0).
Channel_12: serving reads(0), serving writes(0).
Channel_13: serving reads(0), serving writes(0).
Channel_14: serving reads(0), serving writes(0).
Channel_15: serving reads(0), serving writes(0).
Channel_16: serving reads(0), serving writes(0).
Channel_17: serving reads(0), serving writes(0).
Channel_18: serving reads(0), serving writes(0).
Channel_19: serving reads(0), serving writes(0).
Channel_20: serving reads(0), serving writes(0).
Channel_21: serving reads(0), serving writes(0).
Channel_22: serving reads(0), serving writes(0).
Channel_23: serving reads(0), serving writes(0).
Channel_24: serving reads(0), serving writes(0).
Channel_25: serving reads(0), serving writes(0).
Channel_26: serving reads(0), serving writes(0).
Channel_27: serving reads(0), serving writes(0).
Channel_28: serving reads(0), serving writes(0).
Channel_29: serving reads(0), serving writes(0).
Channel_30: serving reads(0), serving writes(0).
Channel_31: serving reads(0), serving writes(0).
[RAMULATOR OUTPUT]
----[REMAP OUTPUT]---
*****HotAccess: 0
*****CoolAccess: 1375446
*****RemapAccess: 2116
---------------------

 ***** [REF/AC_Result] *****
{Summary}: 89383 Hot Accesses, 2547873 Cool Accesses.

 ***** [REF/AC_Result] *****
                     Power     Energy    Energy %
  core-core         1.48 W     0.06  J     13.77%
  core-ifetch       0.22 W     8.98 mJ      2.08%
  core-alu          0.70 W     0.03  J      6.49%
  core-int          0.45 W     0.02  J      4.20%
  core-fp           1.15 W     0.05  J     10.73%
  core-other        0.25 W     0.01  J      2.37%
  dcache            0.34 W     0.01  J      3.16%
  l2                0.18 W     7.32 mJ      1.70%
  dram              5.77 W     0.23  J     53.67%
  other             0.20 W     7.92 mJ      1.84%

  core              4.26 W     0.17  J     39.64%
  cache             0.52 W     0.02  J      4.85%
  total            10.74 W     0.43  J    100.00%
Warning: Unable to run gnuplot to create cpi stack graphs.  Maybe gnuplot is not installed?
[SNIPER] End
[SNIPER] Elapsed time: 1080.08 seconds
[SNIPER] Running McPAT
                                     | Core 0     | Core 1     | Core 2     | Core 3    
  Instructions                       |   42803249 |   42816085 |   42806767 |   42828103
  Cycles                             |  106815733 |  106815733 |  106815733 |  106815733
  IPC                                |       0.40 |       0.40 |       0.40 |       0.40
  Time (ns)                          |   40156291 |   40156291 |   40156291 |   40156291
  Idle time (ns)                     |    1409182 |     162586 |     162538 |     149490
  Idle time (%)                      |       3.5% |       0.4% |       0.4% |       0.4%
Branch predictor stats               |            |            |            |           
  num correct                        |    1322156 |    1323884 |    1322995 |    1325727
  num incorrect                      |        375 |        254 |        227 |        268
  misprediction rate                 |      0.03% |      0.02% |      0.02% |      0.02%
  mpki                               |       0.01 |       0.01 |       0.01 |       0.01
TLB Summary                          |            |            |            |           
  I-TLB                              |            |            |            |           
    num accesses                     |    2637307 |    2637203 |    2635836 |    2637072
    num misses                       |          6 |         29 |         29 |         29
    miss rate                        |      0.00% |      0.00% |      0.00% |      0.00%
    mpki                             |       0.00 |       0.00 |       0.00 |       0.00
  D-TLB                              |            |            |            |           
    num accesses                     |    4749989 |    4757815 |    4753527 |    4764442
    num misses                       |     450295 |     450703 |     450698 |     450981
    miss rate                        |      9.48% |      9.47% |      9.48% |      9.47%
    mpki                             |      10.52 |      10.53 |      10.53 |      10.53
  L2 TLB                             |            |            |            |           
    num accesses                     |     450301 |     450732 |     450727 |     451010
    num misses                       |     194452 |     196979 |     198856 |     196402
    miss rate                        |     43.18% |     43.70% |     44.12% |     43.55%
    mpki                             |       4.54 |       4.60 |       4.65 |       4.59
Cache Summary                        |            |            |            |           
  Cache L1-I                         |            |            |            |           
    num cache accesses               |    2637307 |    2637203 |    2635836 |    2637072
    num cache misses                 |        620 |        552 |        504 |        590
    miss rate                        |      0.02% |      0.02% |      0.02% |      0.02%
    mpki                             |       0.01 |       0.01 |       0.01 |       0.01
  Cache L1-D                         |            |            |            |           
    num cache accesses               |    4750209 |    4757980 |    4753676 |    4764598
    num cache misses                 |     304514 |     306001 |     307601 |     306490
    miss rate                        |      6.41% |      6.43% |      6.47% |      6.43%
    mpki                             |       7.11 |       7.15 |       7.19 |       7.16
  Cache L2                           |            |            |            |           
    num cache accesses               |     306918 |     309382 |     311300 |     309092
    num cache misses                 |     123016 |     123991 |     123974 |     123695
    miss rate                        |     40.08% |     40.08% |     39.82% |     40.02%
    mpki                             |       2.87 |       2.90 |       2.90 |       2.89
DRAM summary                         |            |            |            |           
  num dram accesses                  |     699010 |          0 |          0 |          0
  average dram access latency (ns)   |      13.48 |        inf |        inf |        inf
  average dram queueing delay        |       0.00 |       0.00 |       0.00 |       0.00
  average dram bandwidth utilization |      0.00% |      0.00% |      0.00% |      0.00%
Coherency Traffic                    |            |            |            |           
  num loads from dram                |      66826 |      66953 |      66949 |      67027
  num loads from dram cache          |          0 |          0 |          0 |          0
  num loads from remote cache        |       1086 |       2286 |       2460 |       1637
[SPLASH] [----------    End of output    ----------]
[SPLASH] Done.
copy HotSpot and ramulator files to /scratch/miz087/results/hpca_final/7-23_cache_cpu_remap0_t95_splash2_radix_large
