[Benchmarks] set sniper output to rundi /scratch/miz087/results/no_remap_splash2_fft_rep2_large
/scratch/miz087/results/no_remap_splash2_fft_rep2_large
[SPLASH] Benchmarks to run: fft_rep2

[SPLASH] [========== Running benchmark fft ==========]
[SPLASH] Setting up run directory: /scratch/miz087/results/no_remap_splash2_fft_rep2_large
[SPLASH] Running 'SNIPER_APP_LD_PRELOAD=$LD_PRELOAD; unset LD_PRELOAD; /home_masters/miz087/workplace/micro_exp/run-sniper -n 4 -m 'localhost' -d '/scratch/miz087/results/no_remap_splash2_fft_rep2_large' -sthermalstats --power -c gainestown_cache --roi --curdir=/home_masters/miz087/workplace/micro_exp/benchmarks  --  /home_masters/miz087/workplace/micro_exp/benchmarks/splash2/splash2/codes/kernels/fft/FFT -m22 -p4 -r2':
[SPLASH] [---------- Beginning of output ----------]
[SNIPER] Start
----------BEGIN_INIT_STATS_MANAGER------------
----------END_INIT_STATS_MANAGER------------
Normal Cache Total set: 524288
sz[int(channel)]: 32
now initialize a stacked dram unison cache
Executing Python script /scratch/miz087/results/no_remap_splash2_fft_rep2_large/sim.scripts.py
[SNIPER] --------------------------------------------------------------------------------
[SNIPER] Sniper using Pin frontend
[SNIPER] Running pre-ROI region in  CACHE_ONLY mode
[SNIPER] Running application ROI in DETAILED mode
[SNIPER] Running post-ROI region in FAST_FORWARD mode
[SNIPER] --------------------------------------------------------------------------------

FFT with Blocking Transpose
   4194304 Complex Doubles
   4 Processors
   65536 Cache lines
   16 Byte line size
   4096 Bytes per page

[HOOKS] Entering ROI
[SNIPER] Enabling performance models
[SNIPER] Setting instrumentation mode to DETAILED
[Potetial Error] tACT > tTOT
[Potetial Error] tACT > tTOT
[Potetial Error] tACT > tTOT
[Potetial Error] tACT > tTOT
[Potetial Error] tACT > tTOT
[Potetial Error] tACT > tTOT
[Potetial Error] tACT > tTOT
[Potetial Error] tACT > tTOT
[Ramulator] Too many ticks required!
[Ramulator] Too many ticks required!
[Ramulator] Too many ticks required!
[Ramulator] Too many ticks required!
[Ramulator] Too many ticks required!
[Ramulator] Too many ticks required!
[Ramulator] Too many ticks required!
[Ramulator] Too many ticks required!
[Ramulator] Too many ticks required!
[Ramulator] Too many ticks required!
[Ramulator] Too many ticks required!
[Ramulator] Too many ticks required!
[Ramulator] Too many ticks required!
[Ramulator] Too many ticks required!
[Ramulator] Too many ticks required!
[Ramulator] Too many ticks required!
[Ramulator] Too many ticks required!
[Ramulator] Too many ticks required!
[Ramulator] Too many ticks required!
[Ramulator] Too many ticks required!
[Ramulator] Too many ticks required!
[Ramulator] Too many ticks required!
[Ramulator] Too many ticks required!
[Ramulator] Too many ticks required!
[Ramulator] Too many ticks required!
[Ramulator] Too many ticks required!
[Ramulator] Too many ticks required!
[Ramulator] Too many ticks required!
[Ramulator] Too many ticks required!
[Ramulator] Too many ticks required!
[Ramulator] Too many ticks required!
[Ramulator] Too many ticks required!
[Ramulator] Too many ticks required!
[Ramulator] Too many ticks required!
[Ramulator] Too many ticks required!
[Ramulator] Too many ticks required!
[Ramulator] Too many ticks required!
[Ramulator] Too many ticks required!
[Ramulator] Too many ticks required!
[Ramulator] Too many ticks required!
[Ramulator] Too many ticks required!
[Ramulator] Too many ticks required!
[Ramulator] Too many ticks required!
[Ramulator] Too many ticks required!
[Ramulator] Too many ticks required!
[Ramulator] Too many ticks required!
[Ramulator] Too many ticks required!
[Ramulator] Too many ticks required!
[Ramulator] Too many ticks required!
[Ramulator] Too many ticks required!
[Ramulator] Too many ticks required!
[Ramulator] Too many ticks required!
[Ramulator] Too many ticks required!
[Ramulator] Too many ticks required!
[Ramulator] Too many ticks required!
[Ramulator] Too many ticks required!
[Ramulator] Too many ticks required!
[Ramulator] Too many ticks required!
[Ramulator] Too many ticks required!
[Ramulator] Too many ticks required!
[Ramulator] Too many ticks required!
[Ramulator] Too many ticks required!
[Ramulator] Too many ticks required!
[Ramulator] Too many ticks required!
[Ramulator] Too many ticks required!
[Ramulator] Too many ticks required!
[Ramulator] Too many ticks required!
[Ramulator] Too many ticks required!
[Ramulator] Too many ticks required!
[Ramulator] Too many ticks required!
[Ramulator] Too many ticks required!
[Ramulator] Too many ticks required!
[Ramulator] Too many ticks required!
[Ramulator] Too many ticks required!
[Ramulator] Too many ticks required!
[Ramulator] Too many ticks required!
[Ramulator] Too many ticks required!
[Ramulator] Too many ticks required!
[Ramulator] Too many ticks required!
[Ramulator] Too many ticks required!
[Ramulator] Too many ticks required!
[Ramulator] Too many ticks required!
[Ramulator] Too many ticks required!
[Ramulator] Too many ticks required!
[Ramulator] Too many ticks required!
[Ramulator] Too many ticks required!
[Ramulator] Too many ticks required!
[Ramulator] Too many ticks required!
[Ramulator] Too many ticks required!
[Ramulator] Too many ticks required!
[Ramulator] Too many ticks required!
[Ramulator] Too many ticks required!
[Ramulator] Too many ticks required!
[Ramulator] Too many ticks required!
[Ramulator] Too many ticks required!
[Ramulator] Too many ticks required!
[Ramulator] Too many ticks required!
[Ramulator] Too many ticks required!
[Ramulator] Too many ticks required!
[Ramulator] Too many ticks required!
[Ramulator] Too many ticks required!
[Ramulator] Too many ticks required!
[Ramulator] Too many ticks required!
[Ramulator] Too many ticks required!
[Ramulator] Too many ticks required!
[Ramulator] Too many ticks required!
[Ramulator] Too many ticks required!
[Ramulator] Too many ticks required!
[Ramulator] Too many ticks required!
[Ramulator] Too many ticks required!
[Ramulator] Too many ticks required!
[Ramulator] Too many ticks required!
[Ramulator] Too many ticks required!
[Ramulator] Too many ticks required!
[Ramulator] Too many ticks required!
[Potetial Error] tACT > tTOT
[Potetial Error] tACT > tTOT
[Potetial Error] tACT > tTOT
[Potetial Error] tACT > tTOT
[Potetial Error] tACT > tTOT
[Potetial Error] tACT > tTOT
[Potetial Error] tACT > tTOT
[Potetial Error] tACT > tTOT
[Potetial Error] tACT > tTOT
[Potetial Error] tACT > tTOT
[Potetial Error] tACT > tTOT
[Potetial Error] tACT > tTOT
[Potetial Error] tACT > tTOT
[Potetial Error] tACT > tTOT
[Potetial Error] tACT > tTOT
[Potetial Error] tACT > tTOT
[Potetial Error] tACT > tTOT
[Potetial Error] tACT > tTOT
[Potetial Error] tACT > tTOT
[Potetial Error] tACT > tTOT
[Potetial Error] tACT > tTOT
[Potetial Error] tACT > tTOT
[Ramulator] Too many ticks required!
[Ramulator] Too many ticks required!
[Ramulator] Too many ticks required!
[Ramulator] Too many ticks required!
[Ramulator] Too many ticks required!
[Ramulator] Too many ticks required!
[Ramulator] Too many ticks required!
[Ramulator] Too many ticks required!
[Ramulator] Too many ticks required!
[Ramulator] Too many ticks required!
[Ramulator] Too many ticks required!
[Ramulator] Too many ticks required!
[Ramulator] Too many ticks required!
[Ramulator] Too many ticks required!
[Ramulator] Too many ticks required!
[Ramulator] Too many ticks required!
[Ramulator] Too many ticks required!
[Ramulator] Too many ticks required!
[Ramulator] Too many ticks required!
[Ramulator] Too many ticks required!
[Ramulator] Too many ticks required!
[Ramulator] Too many ticks required!
[Ramulator] Too many ticks required!
[Ramulator] Too many ticks required!
[Ramulator] Too many ticks required!
[Ramulator] Too many ticks required!
[Ramulator] Too many ticks required!
[Ramulator] Too many ticks required!
[Ramulator] Too many ticks required!
[Ramulator] Too many ticks required!
[Ramulator] Too many ticks required!
[Ramulator] Too many ticks required!
[Ramulator] Too many ticks required!
[Ramulator] Too many ticks required!
[Ramulator] Too many ticks required!
[Ramulator] Too many ticks required!
[Ramulator] Too many ticks required!
[Ramulator] Too many ticks required!
[Ramulator] Too many ticks required!
[Ramulator] Too many ticks required!
[Ramulator] Too many ticks required!
[Ramulator] Too many ticks required!
[Ramulator] Too many ticks required!
[Ramulator] Too many ticks required!
[Ramulator] Too many ticks required!
[Ramulator] Too many ticks required!
[Ramulator] Too many ticks required!
[Ramulator] Too many ticks required!
[Ramulator] Too many ticks required!
[Ramulator] Too many ticks required!
[Ramulator] Too many ticks required!
[Ramulator] Too many ticks required!
[Ramulator] Too many ticks required!
[Ramulator] Too many ticks required!
[Ramulator] Too many ticks required!
[Ramulator] Too many ticks required!
[Ramulator] Too many ticks required!
[Ramulator] Too many ticks required!
[Ramulator] Too many ticks required!
[Ramulator] Too many ticks required!
[Ramulator] Too many ticks required!
[Ramulator] Too many ticks required!
[Ramulator] Too many ticks required!
[Ramulator] Too many ticks required!
[Ramulator] Too many ticks required!
[Ramulator] Too many ticks required!
[Ramulator] Too many ticks required!
[Ramulator] Too many ticks required!
[Ramulator] Too many ticks required!
[Ramulator] Too many ticks required!
[Ramulator] Too many ticks required!
[Ramulator] Too many ticks required!
[Ramulator] Too many ticks required!
[Ramulator] Too many ticks required!
[Ramulator] Too many ticks required!
[Ramulator] Too many ticks required!
[Ramulator] Too many ticks required!
[Ramulator] Too many ticks required!
[Ramulator] Too many ticks required!
[Ramulator] Too many ticks required!
[Ramulator] Too many ticks required!
[Ramulator] Too many ticks required!
[Ramulator] Too many ticks required!
[Ramulator] Too many ticks required!
[Ramulator] Too many ticks required!
[Ramulator] Too many ticks required!
[Benchmarks] set sniper output to rundi /scratch/miz087/results/no_remap_splash2_fft_rep2_large
/scratch/miz087/results/no_remap_splash2_fft_rep2_large
[SPLASH] Benchmarks to run: fft_rep2

[SPLASH] [========== Running benchmark fft ==========]
[SPLASH] Setting up run directory: /scratch/miz087/results/no_remap_splash2_fft_rep2_large
[SPLASH] Running 'SNIPER_APP_LD_PRELOAD=$LD_PRELOAD; unset LD_PRELOAD; /home_masters/miz087/workplace/micro_exp/run-sniper -n 4 -m 'localhost' -d '/scratch/miz087/results/no_remap_splash2_fft_rep2_large' -sthermalstats --power -c gainestown_cache --roi --curdir=/home_masters/miz087/workplace/micro_exp/benchmarks  --  /home_masters/miz087/workplace/micro_exp/benchmarks/splash2/splash2/codes/kernels/fft/FFT -m22 -p4 -r2':
[SPLASH] [---------- Beginning of output ----------]
[SNIPER] Start
----------BEGIN_INIT_STATS_MANAGER------------
----------END_INIT_STATS_MANAGER------------
Normal Cache Total set: 524288
sz[int(channel)]: 32
now initialize a stacked dram unison cache
Executing Python script /scratch/miz087/results/no_remap_splash2_fft_rep2_large/sim.scripts.py
[SNIPER] --------------------------------------------------------------------------------
[SNIPER] Sniper using Pin frontend
[SNIPER] Running pre-ROI region in  CACHE_ONLY mode
[SNIPER] Running application ROI in DETAILED mode
[SNIPER] Running post-ROI region in FAST_FORWARD mode
[SNIPER] --------------------------------------------------------------------------------

FFT with Blocking Transpose
   4194304 Complex Doubles
   4 Processors
   65536 Cache lines
   16 Byte line size
   4096 Bytes per page

[HOOKS] Entering ROI
[SNIPER] Enabling performance models
[SNIPER] Setting instrumentation mode to DETAILED
[Potetial Error] tACT > tTOT
[Potetial Error] tACT > tTOT
[Potetial Error] tACT > tTOT
[Potetial Error] tACT > tTOT
[Potetial Error] tACT > tTOT
[Potetial Error] tACT > tTOT
[Potetial Error] tACT > tTOT
[Potetial Error] tACT > tTOT
[Potetial Error] tACT > tTOT
[Potetial Error] tACT > tTOT
[Potetial Error] tACT > tTOT
[Potetial Error] tACT > tTOT
[Potetial Error] tACT > tTOT
[Potetial Error] tACT > tTOT
[Potetial Error] tACT > tTOT
[Potetial Error] tACT > tTOT
[Potetial Error] tACT > tTOT
[Potetial Error] tACT > tTOT
[Ramulator] Too many ticks required!
[Ramulator] Too many ticks required!
[Ramulator] Too many ticks required!
[Ramulator] Too many ticks required!
[Ramulator] Too many ticks required!
[Ramulator] Too many ticks required!
[Ramulator] Too many ticks required!
[Ramulator] Too many ticks required!
[Ramulator] Too many ticks required!
[Ramulator] Too many ticks required!
[Ramulator] Too many ticks required!
[Ramulator] Too many ticks required!
[Ramulator] Too many ticks required!
[Ramulator] Too many ticks required!
[Ramulator] Too many ticks required!
[Ramulator] Too many ticks required!
[Ramulator] Too many ticks required!
[Ramulator] Too many ticks required!
[Ramulator] Too many ticks required!
[Ramulator] Too many ticks required!
[Ramulator] Too many ticks required!
[Ramulator] Too many ticks required!
[Ramulator] Too many ticks required!
[Ramulator] Too many ticks required!
[Ramulator] Too many ticks required!
[Ramulator] Too many ticks required!
[Ramulator] Too many ticks required!
[Ramulator] Too many ticks required!
[Ramulator] Too many ticks required!
[Ramulator] Too many ticks required!
[Ramulator] Too many ticks required!
[Ramulator] Too many ticks required!
[Ramulator] Too many ticks required!
[Ramulator] Too many ticks required!
[Ramulator] Too many ticks required!
[Ramulator] Too many ticks required!
[Ramulator] Too many ticks required!
[Ramulator] Too many ticks required!
[Ramulator] Too many ticks required!
[Ramulator] Too many ticks required!
[Ramulator] Too many ticks required!
[Ramulator] Too many ticks required!
[Ramulator] Too many ticks required!
[Ramulator] Too many ticks required!
[Ramulator] Too many ticks required!
[Ramulator] Too many ticks required!
[Ramulator] Too many ticks required!
[Ramulator] Too many ticks required!
[Ramulator] Too many ticks required!
[Ramulator] Too many ticks required!
[Ramulator] Too many ticks required!
[Ramulator] Too many ticks required!
[Ramulator] Too many ticks required!
[Ramulator] Too many ticks required!
[Ramulator] Too many ticks required!
[Ramulator] Too many ticks required!
[Ramulator] Too many ticks required!
[Ramulator] Too many ticks required!
[Ramulator] Too many ticks required!
[Ramulator] Too many ticks required!
[Ramulator] Too many ticks required!
[Ramulator] Too many ticks required!
[Ramulator] Too many ticks required!
[Ramulator] Too many ticks required!
[Ramulator] Too many ticks required!
[Ramulator] Too many ticks required!
[Ramulator] Too many ticks required!
[Ramulator] Too many ticks required!
[Ramulator] Too many ticks required!
[Ramulator] Too many ticks required!
[Ramulator] Too many ticks required!
[Ramulator] Too many ticks required!
[Ramulator] Too many ticks required!
[Ramulator] Too many ticks required!
[Ramulator] Too many ticks required!
[Ramulator] Too many ticks required!
[Ramulator] Too many ticks required!
[Ramulator] Too many ticks required!
[Ramulator] Too many ticks required!
[Ramulator] Too many ticks required!
[Ramulator] Too many ticks required!
[Ramulator] Too many ticks required!
[Ramulator] Too many ticks required!
[Ramulator] Too many ticks required!
[Ramulator] Too many ticks required!
[Ramulator] Too many ticks required!
[Ramulator] Too many ticks required!
[Ramulator] Too many ticks required!
[Ramulator] Too many ticks required!
[Ramulator] Too many ticks required!
[Ramulator] Too many ticks required!
[Ramulator] Too many ticks required!
[Ramulator] Too many ticks required!
[Ramulator] Too many ticks required!
[Ramulator] Too many ticks required!
[Ramulator] Too many ticks required!
[Ramulator] Too many ticks required!
[Ramulator] Too many ticks required!
[Ramulator] Too many ticks required!
[Ramulator] Too many ticks required!
[Ramulator] Too many ticks required!
[Ramulator] Too many ticks required!
[Ramulator] Too many ticks required!
[Ramulator] Too many ticks required!
[Ramulator] Too many ticks required!
[Ramulator] Too many ticks required!
[Ramulator] Too many ticks required!
[Ramulator] Too many ticks required!
[Ramulator] Too many ticks required!
[Ramulator] Too many ticks required!
[Ramulator] Too many ticks required!
[Ramulator] Too many ticks required!
[Ramulator] Too many ticks required!
[Ramulator] Too many ticks required!
[Ramulator] Too many ticks required!
[Potetial Error] tACT > tTOT
[Potetial Error] tACT > tTOT
[Potetial Error] tACT > tTOT
[Potetial Error] tACT > tTOT
[Potetial Error] tACT > tTOT
[Potetial Error] tACT > tTOT
[Potetial Error] tACT > tTOT
[Potetial Error] tACT > tTOT
[Potetial Error] tACT > tTOT
[Potetial Error] tACT > tTOT
[Potetial Error] tACT > tTOT
[Potetial Error] tACT > tTOT
[Potetial Error] tACT > tTOT
[Potetial Error] tACT > tTOT
[Potetial Error] tACT > tTOT
[Potetial Error] tACT > tTOT
[Potetial Error] tACT > tTOT
[Potetial Error] tACT > tTOT
[Potetial Error] tACT > tTOT
[Potetial Error] tACT > tTOT
[Potetial Error] tACT > tTOT
[Potetial Error] tACT > tTOT
[Potetial Error] tACT > tTOT
[Potetial Error] tACT > tTOT
[Potetial Error] tACT > tTOT
[Potetial Error] tACT > tTOT
[Potetial Error] tACT > tTOT
[Potetial Error] tACT > tTOT
[Potetial Error] tACT > tTOT
[Potetial Error] tACT > tTOT
[Potetial Error] tACT > tTOT
[Potetial Error] tACT > tTOT
[Ramulator] Too many ticks required!
[Ramulator] Too many ticks required!
[Ramulator] Too many ticks required!
[Potetial Error] tACT > tTOT
[Potetial Error] tACT > tTOT
[Potetial Error] tACT > tTOT
[Potetial Error] tACT > tTOT
[Potetial Error] tACT > tTOT
[Potetial Error] tACT > tTOT
[Potetial Error] tACT > tTOT
[Potetial Error] tACT > tTOT
[Potetial Error] tACT > tTOT
[Potetial Error] tACT > tTOT
[Ramulator] Too many ticks required!
[Ramulator] Too many ticks required!
[Ramulator] Too many ticks required!
[Ramulator] Too many ticks required!
[Ramulator] Too many ticks required!
[Ramulator] Too many ticks required!
[Ramulator] Too many ticks required!
[Ramulator] Too many ticks required!
[Ramulator] Too many ticks required!
[Ramulator] Too many ticks required!
[Ramulator] Too many ticks required!
[Ramulator] Too many ticks required!
[Ramulator] Too many ticks required!
[Ramulator] Too many ticks required!
[Ramulator] Too many ticks required!
[Ramulator] Too many ticks required!
[Ramulator] Too many ticks required!
[Ramulator] Too many ticks required!
[Ramulator] Too many ticks required!
[Ramulator] Too many ticks required!
[Ramulator] Too many ticks required!
[Ramulator] Too many ticks required!
[Ramulator] Too many ticks required!
[Ramulator] Too many ticks required!
[Ramulator] Too many ticks required!
[Ramulator] Too many ticks required!
[Ramulator] Too many ticks required!
[Ramulator] Too many ticks required!
[Ramulator] Too many ticks required!
[Ramulator] Too many ticks required!
[Ramulator] Too many ticks required!
[Ramulator] Too many ticks required!
[Ramulator] Too many ticks required!
[Ramulator] Too many ticks required!
[Ramulator] Too many ticks required!
[Ramulator] Too many ticks required!
[Ramulator] Too many ticks required!
[Ramulator] Too many ticks required!
[Ramulator] Too many ticks required!
[Ramulator] Too many ticks required!
[Ramulator] Too many ticks required!
[Ramulator] Too many ticks required!
[Ramulator] Too many ticks required!
[Ramulator] Too many ticks required!
[Ramulator] Too many ticks required!
[Ramulator] Too many ticks required!
[Ramulator] Too many ticks required!
[Ramulator] Too many ticks required!
[Ramulator] Too many ticks required!
[Ramulator] Too many ticks required!
[Ramulator] Too many ticks required!
[Ramulator] Too many ticks required!
[Ramulator] Too many ticks required!
[Ramulator] Too many ticks required!
[Ramulator] Too many ticks required!
[Ramulator] Too many ticks required!
[Ramulator] Too many ticks required!
[Ramulator] Too many ticks required!
[Ramulator] Too many ticks required!
[Ramulator] Too many ticks required!
[Ramulator] Too many ticks required!
[Ramulator] Too many ticks required!
[Ramulator] Too many ticks required!
[Ramulator] Too many ticks required!
[Ramulator] Too many ticks required!
[Ramulator] Too many ticks required!
[Ramulator] Too many ticks required!
[Ramulator] Too many ticks required!
[Ramulator] Too many ticks required!
[Ramulator] Too many ticks required!
[Ramulator] Too many ticks required!
[Ramulator] Too many ticks required!
[Ramulator] Too many ticks required!
[Ramulator] Too many ticks required!
[Ramulator] Too many ticks required!
[Ramulator] Too many ticks required!
[Ramulator] Too many ticks required!
[Ramulator] Too many ticks required!
[Ramulator] Too many ticks required!
[Ramulator] Too many ticks required!
[Ramulator] Too many ticks required!
[Ramulator] Too many ticks required!
[Ramulator] Too many ticks required!
[Ramulator] Too many ticks required!
[Ramulator] Too many ticks required!
[Ramulator] Too many ticks required!
[Ramulator] Too many ticks required!
[Ramulator] Too many ticks required!
[Ramulator] Too many ticks required!
[Ramulator] Too many ticks required!
[Ramulator] Too many ticks required!
[Ramulator] Too many ticks required!
[Ramulator] Too many ticks required!
[Ramulator] Too many ticks required!
[Ramulator] Too many ticks required!
[Ramulator] Too many ticks required!
[Ramulator] Too many ticks required!
[Ramulator] Too many ticks required!
[Ramulator] Too many ticks required!
[Ramulator] Too many ticks required!
[Ramulator] Too many ticks required!
[Ramulator] Too many ticks required!
[Ramulator] Too many ticks required!
[Ramulator] Too many ticks required!
[Ramulator] Too many ticks required!
[Ramulator] Too many ticks required!
[Ramulator] Too many ticks required!
[Ramulator] Too many ticks required!
[Ramulator] Too many ticks required!
[Ramulator] Too many ticks required!
[Ramulator] Too many ticks required!
[Ramulator] Too many ticks required!
[Ramulator] Too many ticks required!
[Ramulator] Too many ticks required!
[Ramulator] Too many ticks required!
[Ramulator] Too many ticks required!
[Ramulator] Too many ticks required!
[Ramulator] Too many ticks required!
[Ramulator] Too many ticks required!
[Ramulator] Too many ticks required!
[Ramulator] Too many ticks required!
[Ramulator] Too many ticks required!
[Ramulator] Too many ticks required!
[Ramulator] Too many ticks required!
[Ramulator] Too many ticks required!
[Ramulator] Too many ticks required!
[Ramulator] Too many ticks required!
[Ramulator] Too many ticks required!
[Ramulator] Too many ticks required!
[Ramulator] Too many ticks required!
[Ramulator] Too many ticks required!
[Ramulator] Too many ticks required!
[Ramulator] Too many ticks required!
[Ramulator] Too many ticks required!
[Ramulator] Too many ticks required!
[Ramulator] Too many ticks required!
[Ramulator] Too many ticks required!
[Ramulator] Too many ticks required!
[Ramulator] Too many ticks required!
[Ramulator] Too many ticks required!
[Ramulator] Too many ticks required!
[Ramulator] Too many ticks required!
[Ramulator] Too many ticks required!
[Ramulator] Too many ticks required!
[Ramulator] Too many ticks required!
[Ramulator] Too many ticks required!
[Ramulator] Too many ticks required!
[Ramulator] Too many ticks required!
[Ramulator] Too many ticks required!
[Ramulator] Too many ticks required!
[Ramulator] Too many ticks required!
[Ramulator] Too many ticks required!
[Ramulator] Too many ticks required!
[Ramulator] Too many ticks required!
[Ramulator] Too many ticks required!
[Potetial Error] tACT > tTOT
[Potetial Error] tACT > tTOT
[Potetial Error] tACT > tTOT
[Potetial Error] tACT > tTOT
[Potetial Error] tACT > tTOT
[Potetial Error] tACT > tTOT
[Potetial Error] tACT > tTOT
[Potetial Error] tACT > tTOT
[Potetial Error] tACT > tTOT
[Potetial Error] tACT > tTOT
[SNIPER] Disabling performance models
[SNIPER] Leaving ROI after 7524.31 seconds
[Potetial Error] tACT > tTOT
[Potetial Error] tACT > tTOT
[Potetial Error] tACT > tTOT
[Potetial Error] tACT > tTOT
[Potetial Error] tACT > tTOT
[Potetial Error] tACT > tTOT
[Potetial Error] tACT > tTOT
[Potetial Error] tACT > tTOT
[SNIPER] Simulated 4588.8M instructions, 1983.4M cycles, 2.31 IPC
[SNIPER] Simulation speed 612.2 KIPS (153.0 KIPS / target core - 6534.3ns/instr)
[SNIPER] Sampling: executed 28.38% of simulated time in detailed mode
[SNIPER] Setting instrumentation mode to FAST_FORWARD
[HOOKS] Leaving ROI

                 PROCESS STATISTICS
            Computation      Transpose     Transpose
 Proc          Time            Time        Fraction
    0        -1116366826     -1989599369       1.78221

                 TIMING INFORMATION
Start time                        :        200958554
Initialization finish time        :       1799074504
Overall finish time               :        682707678
Total time with initialization    :        481749124
Total time without initialization :      -1116366826
Overall transpose time            :      -1989599369
Overall transpose fraction        :          1.78221


 ***** [DRAM_CACHE_Result] *****

*** DRAM Total Access: 33604920, miss: 2157282, miss rate: 0.0641954
*** DRAM Total Access In ROI: 27536308, miss: 1701908, miss rate: 0.061806
*** DRAM Remap Times: 0 invalid times, 0 total invalid_blocks, 0 migrate times, 0 total migrate blocks.
*** DRAM Statistics: 2242783673 reads, 1979412798 writes, 2132818294 row hits, 395180762 ACT time, 395180762 PRE time, 329064180 RD time, 66116525 WR time.

 ***** [DRAM_CACHE_Result] *****

[RAMULATOR OUTPUT]

**Total Ticks: 701878886

**Serving Request**
Channel_0: serving reads(1594321), serving writes(473277).
Channel_1: serving reads(1546797), serving writes(457925).
Channel_2: serving reads(1511489), serving writes(445453).
Channel_3: serving reads(1590376), serving writes(466639).
Channel_4: serving reads(1608284), serving writes(476661).
Channel_5: serving reads(1569325), serving writes(464660).
Channel_6: serving reads(1540142), serving writes(453190).
Channel_7: serving reads(1584767), serving writes(468981).
Channel_8: serving reads(1595541), serving writes(470303).
Channel_9: serving reads(1541407), serving writes(462005).
Channel_10: serving reads(1572105), serving writes(453467).
Channel_11: serving reads(1608034), serving writes(465558).
Channel_12: serving reads(1628330), serving writes(477723).
Channel_13: serving reads(1578105), serving writes(460083).
Channel_14: serving reads(1547896), serving writes(454718).
Channel_15: serving reads(1885937), serving writes(576364).
Channel_16: serving reads(2104816), serving writes(646581).
Channel_17: serving reads(2067068), serving writes(635593).
Channel_18: serving reads(2039992), serving writes(633120).
Channel_19: serving reads(2107291), serving writes(646766).
Channel_20: serving reads(1896490), serving writes(581499).
Channel_21: serving reads(1539236), serving writes(454446).
Channel_22: serving reads(1517055), serving writes(451421).
Channel_23: serving reads(1595582), serving writes(474375).
Channel_24: serving reads(1567146), serving writes(461039).
Channel_25: serving reads(1581705), serving writes(474141).
Channel_26: serving reads(1490759), serving writes(441063).
Channel_27: serving reads(1569092), serving writes(466684).
Channel_28: serving reads(1581878), serving writes(471403).
Channel_29: serving reads(1536857), serving writes(459038).
Channel_30: serving reads(1542063), serving writes(459957).
Channel_31: serving reads(1577648), serving writes(467446).
[RAMULATOR OUTPUT]

----------[STAT_STORE_UNIT]-----------

Hot Access: 16677426, Cool Access: 55474747

Hits on previous hot rows: 0

Total remap times: 0, Total number of intervals: 0

Hot Access: 
4030.01

Hit on Previous Hot:
0

Remap Times:
0

----------[STAT_STORE_UNIT]-----------

 ***** [REF/AC_Result] *****
/*BANK*/0->0: cool access (377311), hot access (0).
/*BANK*/0->1: cool access (418365), hot access (0).
/*BANK*/0->2: cool access (426591), hot access (0).
/*BANK*/0->3: cool access (406804), hot access (0).
/*BANK*/0->4: cool access (404424), hot access (0).
/*BANK*/0->5: cool access (401887), hot access (0).
/*BANK*/0->6: cool access (387064), hot access (0).
/*BANK*/0->7: cool access (370058), hot access (0).
/*BANK*/1->0: cool access (361110), hot access (0).
/*BANK*/1->1: cool access (413220), hot access (0).
/*BANK*/1->2: cool access (404511), hot access (0).
/*BANK*/1->3: cool access (397429), hot access (0).
/*BANK*/1->4: cool access (405119), hot access (0).
/*BANK*/1->5: cool access (382208), hot access (0).
/*BANK*/1->6: cool access (367232), hot access (0).
/*BANK*/1->7: cool access (360707), hot access (0).
/*BANK*/2->0: cool access (364549), hot access (0).
/*BANK*/2->1: cool access (404292), hot access (0).
/*BANK*/2->2: cool access (408004), hot access (0).
/*BANK*/2->3: cool access (399097), hot access (0).
/*BANK*/2->4: cool access (376259), hot access (0).
/*BANK*/2->5: cool access (361202), hot access (0).
/*BANK*/2->6: cool access (362859), hot access (0).
/*BANK*/2->7: cool access (342840), hot access (0).
/*BANK*/3->0: cool access (372906), hot access (0).
/*BANK*/3->1: cool access (418594), hot access (0).
/*BANK*/3->2: cool access (416784), hot access (0).
/*BANK*/3->3: cool access (413273), hot access (0).
/*BANK*/3->4: cool access (403724), hot access (0).
/*BANK*/3->5: cool access (391462), hot access (0).
/*BANK*/3->6: cool access (382516), hot access (0).
/*BANK*/3->7: cool access (368804), hot access (0).
/*BANK*/4->0: cool access (423105), hot access (0).
/*BANK*/4->1: cool access (426824), hot access (0).
/*BANK*/4->2: cool access (418814), hot access (0).
/*BANK*/4->3: cool access (416594), hot access (0).
/*BANK*/4->4: cool access (419762), hot access (0).
/*BANK*/4->5: cool access (381683), hot access (0).
/*BANK*/4->6: cool access (368002), hot access (0).
/*BANK*/4->7: cool access (361719), hot access (0).
/*BANK*/5->0: cool access (394061), hot access (0).
/*BANK*/5->1: cool access (411440), hot access (0).
/*BANK*/5->2: cool access (394763), hot access (0).
/*BANK*/5->3: cool access (400368), hot access (0).
/*BANK*/5->4: cool access (401074), hot access (0).
/*BANK*/5->5: cool access (400859), hot access (0).
/*BANK*/5->6: cool access (362803), hot access (0).
/*BANK*/5->7: cool access (378727), hot access (0).
/*BANK*/6->0: cool access (401029), hot access (0).
/*BANK*/6->1: cool access (390434), hot access (0).
/*BANK*/6->2: cool access (409363), hot access (0).
/*BANK*/6->3: cool access (392942), hot access (0).
/*BANK*/6->4: cool access (393322), hot access (0).
/*BANK*/6->5: cool access (368359), hot access (0).
/*BANK*/6->6: cool access (361138), hot access (0).
/*BANK*/6->7: cool access (356385), hot access (0).
/*BANK*/7->0: cool access (409534), hot access (0).
/*BANK*/7->1: cool access (430312), hot access (0).
/*BANK*/7->2: cool access (426530), hot access (0).
/*BANK*/7->3: cool access (411954), hot access (0).
/*BANK*/7->4: cool access (389689), hot access (0).
/*BANK*/7->5: cool access (378112), hot access (0).
/*BANK*/7->6: cool access (357447), hot access (0).
/*BANK*/7->7: cool access (358770), hot access (0).
/*BANK*/8->0: cool access (75350), hot access (332898).
/*BANK*/8->1: cool access (87442), hot access (337539).
/*BANK*/8->2: cool access (291704), hot access (118248).
/*BANK*/8->3: cool access (373249), hot access (47998).
/*BANK*/8->4: cool access (406660), hot access (0).
/*BANK*/8->5: cool access (393108), hot access (0).
/*BANK*/8->6: cool access (367391), hot access (0).
/*BANK*/8->7: cool access (363483), hot access (0).
/*BANK*/9->0: cool access (228905), hot access (172210).
/*BANK*/9->1: cool access (169865), hot access (251008).
/*BANK*/9->2: cool access (361391), hot access (39096).
/*BANK*/9->3: cool access (344803), hot access (46386).
/*BANK*/9->4: cool access (376912), hot access (0).
/*BANK*/9->5: cool access (381974), hot access (0).
/*BANK*/9->6: cool access (368110), hot access (0).
/*BANK*/9->7: cool access (354634), hot access (0).
/*BANK*/10->0: cool access (62062), hot access (406939).
/*BANK*/10->1: cool access (78642), hot access (299758).
/*BANK*/10->2: cool access (339777), hot access (65067).
/*BANK*/10->3: cool access (359893), hot access (44542).
/*BANK*/10->4: cool access (380330), hot access (0).
/*BANK*/10->5: cool access (356537), hot access (0).
/*BANK*/10->6: cool access (357878), hot access (0).
/*BANK*/10->7: cool access (362185), hot access (0).
/*BANK*/11->0: cool access (336044), hot access (115355).
/*BANK*/11->1: cool access (364447), hot access (62668).
/*BANK*/11->2: cool access (421164), hot access (0).
/*BANK*/11->3: cool access (381631), hot access (0).
/*BANK*/11->4: cool access (379843), hot access (0).
/*BANK*/11->5: cool access (396505), hot access (0).
/*BANK*/11->6: cool access (361676), hot access (0).
/*BANK*/11->7: cool access (364041), hot access (0).
/*BANK*/12->0: cool access (56554), hot access (403137).
/*BANK*/12->1: cool access (60666), hot access (349307).
/*BANK*/12->2: cool access (54694), hot access (368008).
/*BANK*/12->3: cool access (90191), hot access (337631).
/*BANK*/12->4: cool access (338411), hot access (59995).
/*BANK*/12->5: cool access (386993), hot access (0).
/*BANK*/12->6: cool access (372232), hot access (0).
/*BANK*/12->7: cool access (371208), hot access (0).
/*BANK*/13->0: cool access (66907), hot access (360147).
/*BANK*/13->1: cool access (53343), hot access (356409).
/*BANK*/13->2: cool access (185230), hot access (221573).
/*BANK*/13->3: cool access (100632), hot access (309670).
/*BANK*/13->4: cool access (375593), hot access (0).
/*BANK*/13->5: cool access (377319), hot access (0).
/*BANK*/13->6: cool access (361613), hot access (0).
/*BANK*/13->7: cool access (368326), hot access (0).
/*BANK*/14->0: cool access (52983), hot access (386511).
/*BANK*/14->1: cool access (52735), hot access (352354).
/*BANK*/14->2: cool access (52339), hot access (363592).
/*BANK*/14->3: cool access (85724), hot access (300742).
/*BANK*/14->4: cool access (335681), hot access (33549).
/*BANK*/14->5: cool access (364838), hot access (0).
/*BANK*/14->6: cool access (366069), hot access (0).
/*BANK*/14->7: cool access (339507), hot access (0).
/*BANK*/15->0: cool access (185654), hot access (941918).
/*BANK*/15->1: cool access (180377), hot access (237345).
/*BANK*/15->2: cool access (341759), hot access (60144).
/*BANK*/15->3: cool access (402417), hot access (8468).
/*BANK*/15->4: cool access (389855), hot access (0).
/*BANK*/15->5: cool access (401343), hot access (0).
/*BANK*/15->6: cool access (349639), hot access (0).
/*BANK*/15->7: cool access (381938), hot access (0).
/*BANK*/16->0: cool access (159452), hot access (1521563).
/*BANK*/16->1: cool access (54082), hot access (369906).
/*BANK*/16->2: cool access (52280), hot access (368109).
/*BANK*/16->3: cool access (76444), hot access (335405).
/*BANK*/16->4: cool access (380159), hot access (19482).
/*BANK*/16->5: cool access (372667), hot access (0).
/*BANK*/16->6: cool access (378751), hot access (0).
/*BANK*/16->7: cool access (352113), hot access (0).
/*BANK*/17->0: cool access (201290), hot access (1523758).
/*BANK*/17->1: cool access (60545), hot access (350020).
/*BANK*/17->2: cool access (197371), hot access (210221).
/*BANK*/17->3: cool access (256158), hot access (145774).
/*BANK*/17->4: cool access (365835), hot access (0).
/*BANK*/17->5: cool access (384764), hot access (0).
/*BANK*/17->6: cool access (361855), hot access (0).
/*BANK*/17->7: cool access (369552), hot access (0).
/*BANK*/18->0: cool access (181685), hot access (1587808).
/*BANK*/18->1: cool access (51938), hot access (355684).
/*BANK*/18->2: cool access (75706), hot access (331787).
/*BANK*/18->3: cool access (102898), hot access (278391).
/*BANK*/18->4: cool access (370227), hot access (0).
/*BANK*/18->5: cool access (355070), hot access (0).
/*BANK*/18->6: cool access (349594), hot access (0).
/*BANK*/18->7: cool access (354814), hot access (0).
/*BANK*/19->0: cool access (290408), hot access (1480829).
/*BANK*/19->1: cool access (320223), hot access (81246).
/*BANK*/19->2: cool access (348911), hot access (68914).
/*BANK*/19->3: cool access (413808), hot access (0).
/*BANK*/19->4: cool access (390755), hot access (0).
/*BANK*/19->5: cool access (382007), hot access (0).
/*BANK*/19->6: cool access (369488), hot access (0).
/*BANK*/19->7: cool access (372350), hot access (0).
/*BANK*/20->0: cool access (80250), hot access (1165379).
/*BANK*/20->1: cool access (53414), hot access (359329).
/*BANK*/20->2: cool access (54014), hot access (360325).
/*BANK*/20->3: cool access (61287), hot access (350763).
/*BANK*/20->4: cool access (376447), hot access (15201).
/*BANK*/20->5: cool access (384799), hot access (7911).
/*BANK*/20->6: cool access (369536), hot access (0).
/*BANK*/20->7: cool access (365148), hot access (0).
/*BANK*/21->0: cool access (52428), hot access (340910).
/*BANK*/21->1: cool access (58207), hot access (349078).
/*BANK*/21->2: cool access (217949), hot access (183820).
/*BANK*/21->3: cool access (216317), hot access (176131).
/*BANK*/21->4: cool access (368589), hot access (0).
/*BANK*/21->5: cool access (374580), hot access (0).
/*BANK*/21->6: cool access (372267), hot access (0).
/*BANK*/21->7: cool access (374754), hot access (0).
/*BANK*/22->0: cool access (52596), hot access (347392).
/*BANK*/22->1: cool access (69308), hot access (358589).
/*BANK*/22->2: cool access (98458), hot access (306439).
/*BANK*/22->3: cool access (147753), hot access (244784).
/*BANK*/22->4: cool access (357940), hot access (0).
/*BANK*/22->5: cool access (376282), hot access (0).
/*BANK*/22->6: cool access (350341), hot access (0).
/*BANK*/22->7: cool access (338954), hot access (0).
/*BANK*/23->0: cool access (106508), hot access (318397).
/*BANK*/23->1: cool access (275735), hot access (131495).
/*BANK*/23->2: cool access (368345), hot access (37544).
/*BANK*/23->3: cool access (422019), hot access (0).
/*BANK*/23->4: cool access (407794), hot access (0).
/*BANK*/23->5: cool access (401604), hot access (0).
/*BANK*/23->6: cool access (370222), hot access (0).
/*BANK*/23->7: cool access (368480), hot access (0).
/*BANK*/24->0: cool access (56323), hot access (372276).
/*BANK*/24->1: cool access (54758), hot access (359816).
/*BANK*/24->2: cool access (53282), hot access (358775).
/*BANK*/24->3: cool access (54055), hot access (347534).
/*BANK*/24->4: cool access (314998), hot access (61427).
/*BANK*/24->5: cool access (364898), hot access (7525).
/*BANK*/24->6: cool access (371202), hot access (0).
/*BANK*/24->7: cool access (363618), hot access (0).
/*BANK*/25->0: cool access (53354), hot access (368952).
/*BANK*/25->1: cool access (53450), hot access (366765).
/*BANK*/25->2: cool access (151362), hot access (277939).
/*BANK*/25->3: cool access (90862), hot access (321121).
/*BANK*/25->4: cool access (389993), hot access (0).
/*BANK*/25->5: cool access (367921), hot access (0).
/*BANK*/25->6: cool access (373747), hot access (0).
/*BANK*/25->7: cool access (386068), hot access (0).
/*BANK*/26->0: cool access (53890), hot access (343998).
/*BANK*/26->1: cool access (62821), hot access (339596).
/*BANK*/26->2: cool access (62130), hot access (320767).
/*BANK*/26->3: cool access (92063), hot access (279245).
/*BANK*/26->4: cool access (353323), hot access (6422).
/*BANK*/26->5: cool access (381000), hot access (0).
/*BANK*/26->6: cool access (347948), hot access (0).
/*BANK*/26->7: cool access (340219), hot access (0).
/*BANK*/27->0: cool access (96265), hot access (319180).
/*BANK*/27->1: cool access (216596), hot access (193136).
/*BANK*/27->2: cool access (362278), hot access (37568).
/*BANK*/27->3: cool access (417297), hot access (0).
/*BANK*/27->4: cool access (393438), hot access (0).
/*BANK*/27->5: cool access (381362), hot access (0).
/*BANK*/27->6: cool access (359884), hot access (0).
/*BANK*/27->7: cool access (377930), hot access (0).
/*BANK*/28->0: cool access (56262), hot access (377388).
/*BANK*/28->1: cool access (52472), hot access (365752).
/*BANK*/28->2: cool access (55128), hot access (375145).
/*BANK*/28->3: cool access (62868), hot access (341773).
/*BANK*/28->4: cool access (377167), hot access (7818).
/*BANK*/28->5: cool access (387812), hot access (0).
/*BANK*/28->6: cool access (369245), hot access (0).
/*BANK*/28->7: cool access (355631), hot access (0).
/*BANK*/29->0: cool access (52184), hot access (342874).
/*BANK*/29->1: cool access (70826), hot access (333116).
/*BANK*/29->2: cool access (287883), hot access (104234).
/*BANK*/29->3: cool access (341812), hot access (53948).
/*BANK*/29->4: cool access (392373), hot access (0).
/*BANK*/29->5: cool access (378832), hot access (0).
/*BANK*/29->6: cool access (369016), hot access (0).
/*BANK*/29->7: cool access (363661), hot access (0).
/*BANK*/30->0: cool access (54187), hot access (357220).
/*BANK*/30->1: cool access (62985), hot access (351095).
/*BANK*/30->2: cool access (101316), hot access (302310).
/*BANK*/30->3: cool access (211763), hot access (190641).
/*BANK*/30->4: cool access (365591), hot access (0).
/*BANK*/30->5: cool access (390342), hot access (0).
/*BANK*/30->6: cool access (348358), hot access (0).
/*BANK*/30->7: cool access (372370), hot access (0).
/*BANK*/31->0: cool access (104394), hot access (322182).
/*BANK*/31->1: cool access (367133), hot access (37227).
/*BANK*/31->2: cool access (414445), hot access (0).
/*BANK*/31->3: cool access (419006), hot access (0).
/*BANK*/31->4: cool access (384625), hot access (0).
/*BANK*/31->5: cool access (387984), hot access (0).
/*BANK*/31->6: cool access (364598), hot access (0).
/*BANK*/31->7: cool access (359868), hot access (0).
{Summary}: 30417361 Hot Accesses, 76743526 Cool Accesses.

 ***** [REF/AC_Result] *****
                     Power     Energy    Energy %
  core-core        24.28 W     5.23  J     30.02%
  core-ifetch       4.72 W     1.02  J      5.83%
  core-alu          1.69 W     0.36  J      2.09%
  core-int          3.20 W     0.69  J      3.96%
  core-fp           4.86 W     1.05  J      6.01%
  core-mem          4.12 W     0.89  J      5.09%
  core-other        3.79 W     0.82  J      4.69%
  icache            3.52 W     0.76  J      4.35%
  dcache            8.90 W     1.92  J     11.01%
  l2                1.86 W     0.40  J      2.30%
  l3                3.60 W     0.78  J      4.46%
  dram             16.30 W     3.51  J     20.15%
  other             0.03 W     7.04 mJ      0.04%

  core             46.66 W    10.05  J     57.69%
  cache            17.89 W     3.85  J     22.12%
  total            80.87 W    17.42  J    100.00%
Warning: Unable to run gnuplot to create cpi stack graphs.  Maybe gnuplot is not installed?
[SNIPER] End
[SNIPER] Elapsed time: 9100.87 seconds
[SNIPER] Running McPAT
[SPLASH] [----------    End of output    ----------]
[SPLASH] Done.
/scratch/miz087/results/no_remap_splash2_fft_rep2_large
