[Benchmarks] set sniper output to rundir:  /scratch/miz087/results/hpca_final/7-24_cache_dram_remap1g_t87_splash2_fft_large
/scratch/miz087/results/hpca_final/7-24_cache_dram_remap1g_t87_splash2_fft_large
[SPLASH] Benchmarks to run: fft

[SPLASH] [========== Running benchmark fft ==========]
[SPLASH] Setting up run directory: /scratch/miz087/results/hpca_final/7-24_cache_dram_remap1g_t87_splash2_fft_large
[SPLASH] Running 'SNIPER_APP_LD_PRELOAD=$LD_PRELOAD; unset LD_PRELOAD; /home_masters/miz087/workplace/micro_exp/run-sniper -n 4 -m 'localhost' -d '/scratch/miz087/results/hpca_final/7-24_cache_dram_remap1g_t87_splash2_fft_large' -sthermalstats --power -c cache_dram_remap1g -g --perf_model/thermal/dram_temp_thres=87 -s stop-by-icount:5000000000 --roi --curdir=/home_masters/miz087/workplace/micro_exp/benchmarks  --  /home_masters/miz087/workplace/micro_exp/benchmarks/splash2/splash2/codes/kernels/fft/FFT -m22 -p4':
[SPLASH] [---------- Beginning of output ----------]
[SNIPER] Start
----------BEGIN_INIT_STATS_MANAGER------------
----------END_INIT_STATS_MANAGER------------
[DvfsManager] Core 0 at 2.66 GHz (global clock 2.66 GHz)
[DvfsManager] Core 1 at 2.66 GHz (global clock 2.66 GHz)
[DvfsManager] Core 2 at 2.66 GHz (global clock 2.66 GHz)
[DvfsManager] Core 3 at 2.66 GHz (global clock 2.66 GHz)
Normal Cache Total set: 524288
now initialize a stacked dram unison cache
Executing Python script /scratch/miz087/results/hpca_final/7-24_cache_dram_remap1g_t87_splash2_fft_large/sim.scripts.py
[STOPBYICOUNT] Waiting for application ROI
[STOPBYICOUNT] Then stopping after simulating at least 5000000000 instructions in detail
[SNIPER] --------------------------------------------------------------------------------
[SNIPER] Sniper using Pin frontend
[SNIPER] Running pre-ROI region in  CACHE_ONLY mode
[SNIPER] Running application ROI in DETAILED mode
[SNIPER] Running post-ROI region in FAST_FORWARD mode
[SNIPER] --------------------------------------------------------------------------------

************recordStats once at 0
[Warning] power scale is less than 1, please check!
[Overall Power Consumption] Peak: 0, Dynamic: 0
[Warning] the power of processor is too small, we skip the temperature calculation!

FFT with Blocking Transpose
   4194304 Complex Doubles
   4 Processors
   65536 Cache lines
   16 Byte line size
   4096 Bytes per page

[HOOKS] Entering ROI
[SNIPER] Enabling performance models

************recordStats once at 530325
[Warning] power scale is less than 1, please check!
[Overall Power Consumption] Peak: 0, Dynamic: 0
[Warning] the power of processor is too small, we skip the temperature calculation!
[STOPBYICOUNT] Application ROI started, now simulating 5000000000 in detail

************recordStats once at 530325
[Warning] power scale is less than 1, please check!
[Overall Power Consumption] Peak: 0, Dynamic: 0
[Warning] the power of processor is too small, we skip the temperature calculation!
[SNIPER] Setting instrumentation mode to DETAILED

************recordStats once at 531227
[Warning] power scale is less than 1, please check!
[Overall Power Consumption] Peak: 0, Dynamic: 0
[Warning] the power of processor is too small, we skip the temperature calculation!

************recordStats once at 532227
[Warning] power scale is less than 1, please check!
[Overall Power Consumption] Peak: 27.775, Dynamic: 12.5166
*[Hotspot] begin initialization!
[DTM Trigger] CPU_MAX(THRES): 71.226(105.000), DRAM_MAX(THRES): 66.734(87.000)
	Current DTM method: 2
Here we try remapping!
-----and here we finish handling remapping results in cache controller! the Latency: 0
---invalid_cnt: 0

************recordStats once at 533227
[Warning] power scale is less than 1, please check!
[Overall Power Consumption] Peak: 29.1141, Dynamic: 13.6039
[DTM Trigger] CPU_MAX(THRES): 77.110(105.000), DRAM_MAX(THRES): 70.260(87.000)
	Current DTM method: 2
Here we try remapping!
-----and here we finish handling remapping results in cache controller! the Latency: 0
---invalid_cnt: 0

************recordStats once at 534227
[Warning] power scale is less than 1, please check!
[Overall Power Consumption] Peak: 29.2101, Dynamic: 13.7244
[DTM Trigger] CPU_MAX(THRES): 80.383(105.000), DRAM_MAX(THRES): 72.986(87.000)
	Current DTM method: 2
Here we try remapping!
-----and here we finish handling remapping results in cache controller! the Latency: 0
---invalid_cnt: 0

************recordStats once at 535226
[Warning] power scale is less than 1, please check!
[Overall Power Consumption] Peak: 33.1207, Dynamic: 18.141
[DTM Trigger] CPU_MAX(THRES): 87.468(105.000), DRAM_MAX(THRES): 74.325(87.000)
	Current DTM method: 2
Here we try remapping!
-----and here we finish handling remapping results in cache controller! the Latency: 0
---invalid_cnt: 0

************recordStats once at 536226
[Warning] power scale is less than 1, please check!
[Overall Power Consumption] Peak: 33.7623, Dynamic: 20.1104
[DTM Trigger] CPU_MAX(THRES): 90.101(105.000), DRAM_MAX(THRES): 75.325(87.000)
	Current DTM method: 2
Here we try remapping!
-----and here we finish handling remapping results in cache controller! the Latency: 0
---invalid_cnt: 0

************recordStats once at 537226
[Warning] power scale is less than 1, please check!
[Overall Power Consumption] Peak: 33.7478, Dynamic: 20.0805
[DTM Trigger] CPU_MAX(THRES): 92.700(105.000), DRAM_MAX(THRES): 76.521(87.000)
	Current DTM method: 2
Here we try remapping!
-----and here we finish handling remapping results in cache controller! the Latency: 0
---invalid_cnt: 0

************recordStats once at 538226
[Warning] power scale is less than 1, please check!
[Overall Power Consumption] Peak: 33.8324, Dynamic: 20.1671
[DTM Trigger] CPU_MAX(THRES): 94.843(105.000), DRAM_MAX(THRES): 77.752(87.000)
	Current DTM method: 2
Here we try remapping!
-----and here we finish handling remapping results in cache controller! the Latency: 0
---invalid_cnt: 0

************recordStats once at 539226
[Warning] power scale is less than 1, please check!
[Overall Power Consumption] Peak: 33.6851, Dynamic: 20.0136
[DTM Trigger] CPU_MAX(THRES): 96.852(105.000), DRAM_MAX(THRES): 78.950(87.000)
	Current DTM method: 2
Here we try remapping!
-----and here we finish handling remapping results in cache controller! the Latency: 0
---invalid_cnt: 0

************recordStats once at 540226
[Warning] power scale is less than 1, please check!
[Overall Power Consumption] Peak: 33.8056, Dynamic: 20.1375
[DTM Trigger] CPU_MAX(THRES): 98.281(105.000), DRAM_MAX(THRES): 80.081(87.000)
	Current DTM method: 2
Here we try remapping!
-----and here we finish handling remapping results in cache controller! the Latency: 0
---invalid_cnt: 0

************recordStats once at 541226
[Warning] power scale is less than 1, please check!
[Overall Power Consumption] Peak: 33.7373, Dynamic: 20.095
[DTM Trigger] CPU_MAX(THRES): 99.869(105.000), DRAM_MAX(THRES): 81.153(87.000)
	Current DTM method: 2
Here we try remapping!
-----and here we finish handling remapping results in cache controller! the Latency: 0
---invalid_cnt: 0

************recordStats once at 542226
[Warning] power scale is less than 1, please check!
[Overall Power Consumption] Peak: 33.7873, Dynamic: 20.0902
[DTM Trigger] CPU_MAX(THRES): 101.120(105.000), DRAM_MAX(THRES): 82.149(87.000)
	Current DTM method: 2
Here we try remapping!
-----and here we finish handling remapping results in cache controller! the Latency: 0
---invalid_cnt: 0

************recordStats once at 543226
[Warning] power scale is less than 1, please check!
[Overall Power Consumption] Peak: 33.73, Dynamic: 20.0869
[DTM Trigger] CPU_MAX(THRES): 102.317(105.000), DRAM_MAX(THRES): 83.077(87.000)
	Current DTM method: 2
Here we try remapping!
-----and here we finish handling remapping results in cache controller! the Latency: 0
---invalid_cnt: 0

************recordStats once at 544226
[Warning] power scale is less than 1, please check!
[Overall Power Consumption] Peak: 33.7593, Dynamic: 20.0797
[DTM Trigger] CPU_MAX(THRES): 103.452(105.000), DRAM_MAX(THRES): 83.933(87.000)
	Current DTM method: 2
Here we try remapping!
-----and here we finish handling remapping results in cache controller! the Latency: 0
---invalid_cnt: 0

************recordStats once at 545226
[Warning] power scale is less than 1, please check!
[Overall Power Consumption] Peak: 33.7589, Dynamic: 20.0966
[DTM Trigger] CPU_MAX(THRES): 104.376(105.000), DRAM_MAX(THRES): 84.719(87.000)
	Current DTM method: 2
Here we try remapping!
-----and here we finish handling remapping results in cache controller! the Latency: 0
---invalid_cnt: 0

************recordStats once at 546226
[Warning] power scale is less than 1, please check!
[Overall Power Consumption] Peak: 33.7231, Dynamic: 20.0554
[DTM Trigger] CPU_MAX(THRES): 105.406(105.000), DRAM_MAX(THRES): 85.447(87.000)
	Current DTM method: 2
[HOT!] CPU is too hot!
[SNIPER_STATS_MANAGER] Setting frequency for core 0 in DVFS domain 0 to 2128 MHz
[SNIPER_STATS_MANAGER] Setting frequency for core 1 in DVFS domain 1 to 2128 MHz
[SNIPER_STATS_MANAGER] Setting frequency for core 2 in DVFS domain 2 to 2128 MHz
[SNIPER_STATS_MANAGER] Setting frequency for core 3 in DVFS domain 3 to 2128 MHz
Here we try remapping!
-----and here we finish handling remapping results in cache controller! the Latency: 110
---invalid_cnt: 2048

************recordStats once at 547226
[Warning] power scale is less than 1, please check!
[Overall Power Consumption] Peak: 30.389, Dynamic: 20.0945
[DTM Trigger] CPU_MAX(THRES): 104.426(105.000), DRAM_MAX(THRES): 86.096(87.000)
	Current DTM method: 2
[SNIPER_STATS_MANAGER] Setting frequency for core 0 in DVFS domain 0 to 2660 MHz
[SNIPER_STATS_MANAGER] Setting frequency for core 1 in DVFS domain 1 to 2660 MHz
[SNIPER_STATS_MANAGER] Setting frequency for core 2 in DVFS domain 2 to 2660 MHz
[SNIPER_STATS_MANAGER] Setting frequency for core 3 in DVFS domain 3 to 2660 MHz
Here we try remapping!
-----and here we finish handling remapping results in cache controller! the Latency: 221
---invalid_cnt: 4096

************recordStats once at 548226
[Warning] power scale is less than 1, please check!
[Overall Power Consumption] Peak: 30.9015, Dynamic: 16.6792
[DTM Trigger] CPU_MAX(THRES): 104.911(105.000), DRAM_MAX(THRES): 86.708(87.000)
	Current DTM method: 2
Here we try remapping!
-----and here we finish handling remapping results in cache controller! the Latency: 0
---invalid_cnt: 0

************recordStats once at 549226
[Warning] power scale is less than 1, please check!
[Overall Power Consumption] Peak: 32.786, Dynamic: 18.9585
[DTM Trigger] CPU_MAX(THRES): 107.349(105.000), DRAM_MAX(THRES): 87.218(87.000)
	Current DTM method: 2
[HOT!] CPU is too hot!
[SNIPER_STATS_MANAGER] Setting frequency for core 0 in DVFS domain 0 to 2128 MHz
[SNIPER_STATS_MANAGER] Setting frequency for core 1 in DVFS domain 1 to 2128 MHz
[SNIPER_STATS_MANAGER] Setting frequency for core 2 in DVFS domain 2 to 2128 MHz
[SNIPER_STATS_MANAGER] Setting frequency for core 3 in DVFS domain 3 to 2128 MHz
Here we try remapping!
-----and here we finish handling remapping results in cache controller! the Latency: 443
---invalid_cnt: 8192

************recordStats once at 550224
[Warning] power scale is less than 1, please check!
[Overall Power Consumption] Peak: 30.2343, Dynamic: 19.9778
[DTM Trigger] CPU_MAX(THRES): 106.115(105.000), DRAM_MAX(THRES): 87.721(87.000)
	Current DTM method: 2
[HOT!] CPU is too hot!
[SNIPER_STATS_MANAGER] Setting frequency for core 0 in DVFS domain 0 to 1596 MHz
[SNIPER_STATS_MANAGER] Setting frequency for core 1 in DVFS domain 1 to 1596 MHz
[SNIPER_STATS_MANAGER] Setting frequency for core 2 in DVFS domain 2 to 1596 MHz
[SNIPER_STATS_MANAGER] Setting frequency for core 3 in DVFS domain 3 to 1596 MHz
Here we try remapping!
-----and here we finish handling remapping results in cache controller! the Latency: 665
---invalid_cnt: 12288

************recordStats once at 551226
[Warning] power scale is less than 1, please check!
[Overall Power Consumption] Peak: 16.773, Dynamic: 11.1278
[DTM Trigger] CPU_MAX(THRES): 100.137(105.000), DRAM_MAX(THRES): 88.029(87.000)
	Current DTM method: 2
[HOT!] DRAM is too hot!
[SNIPER_STATS_MANAGER] Setting frequency for core 0 in DVFS domain 0 to 1064 MHz
[SNIPER_STATS_MANAGER] Setting frequency for core 1 in DVFS domain 1 to 1064 MHz
[SNIPER_STATS_MANAGER] Setting frequency for core 2 in DVFS domain 2 to 1064 MHz
[SNIPER_STATS_MANAGER] Setting frequency for core 3 in DVFS domain 3 to 1064 MHz
Here we try remapping!
-----and here we finish handling remapping results in cache controller! the Latency: 0
---invalid_cnt: 0

************recordStats once at 552226
[Warning] power scale is less than 1, please check!
[Overall Power Consumption] Peak: 11.2405, Dynamic: 8.02852
[DTM Trigger] CPU_MAX(THRES): 95.399(105.000), DRAM_MAX(THRES): 87.962(87.000)
	Current DTM method: 2
[HOT!] DRAM is too hot!
[SNIPER_STATS_MANAGER] Setting frequency for core 0 in DVFS domain 0 to 532 MHz
[SNIPER_STATS_MANAGER] Setting frequency for core 1 in DVFS domain 1 to 532 MHz
[SNIPER_STATS_MANAGER] Setting frequency for core 2 in DVFS domain 2 to 532 MHz
[SNIPER_STATS_MANAGER] Setting frequency for core 3 in DVFS domain 3 to 532 MHz
Here we try remapping!
-----and here we finish handling remapping results in cache controller! the Latency: 0
---invalid_cnt: 0

************recordStats once at 553226
[Warning] power scale is less than 1, please check!
[Overall Power Consumption] Peak: 7.06106, Dynamic: 6.48979
[DTM Trigger] CPU_MAX(THRES): 90.929(105.000), DRAM_MAX(THRES): 87.674(87.000)
	Current DTM method: 2
[HOT!] DRAM is too hot!
Here we try remapping!
-----and here we finish handling remapping results in cache controller! the Latency: 0
---invalid_cnt: 0

************recordStats once at 554226
[Warning] power scale is less than 1, please check!
[Overall Power Consumption] Peak: 5.40929, Dynamic: 4.23152
[DTM Trigger] CPU_MAX(THRES): 88.700(105.000), DRAM_MAX(THRES): 87.046(87.000)
	Current DTM method: 2
[HOT!] DRAM is too hot!
Here we try remapping!
-----and here we finish handling remapping results in cache controller! the Latency: 0
---invalid_cnt: 0

************recordStats once at 555214
[Warning] power scale is less than 1, please check!
[Overall Power Consumption] Peak: 5.35523, Dynamic: 4.20278
[DTM Trigger] CPU_MAX(THRES): 87.373(105.000), DRAM_MAX(THRES): 86.334(87.000)
	Current DTM method: 2
[SNIPER_STATS_MANAGER] Setting frequency for core 0 in DVFS domain 0 to 1064 MHz
[SNIPER_STATS_MANAGER] Setting frequency for core 1 in DVFS domain 1 to 1064 MHz
[SNIPER_STATS_MANAGER] Setting frequency for core 2 in DVFS domain 2 to 1064 MHz
[SNIPER_STATS_MANAGER] Setting frequency for core 3 in DVFS domain 3 to 1064 MHz
Here we try remapping!
-----and here we finish handling remapping results in cache controller! the Latency: 0
---invalid_cnt: 0

************recordStats once at 556195
[Warning] power scale is less than 1, please check!
[Overall Power Consumption] Peak: 8.08656, Dynamic: 4.71849
[DTM Trigger] CPU_MAX(THRES): 87.809(105.000), DRAM_MAX(THRES): 85.944(87.000)
	Current DTM method: 2
[SNIPER_STATS_MANAGER] Setting frequency for core 0 in DVFS domain 0 to 1596 MHz
[SNIPER_STATS_MANAGER] Setting frequency for core 1 in DVFS domain 1 to 1596 MHz
[SNIPER_STATS_MANAGER] Setting frequency for core 2 in DVFS domain 2 to 1596 MHz
[SNIPER_STATS_MANAGER] Setting frequency for core 3 in DVFS domain 3 to 1596 MHz
Here we try remapping!
-----and here we finish handling remapping results in cache controller! the Latency: 0
---invalid_cnt: 0

************recordStats once at 557197
[Warning] power scale is less than 1, please check!
[Overall Power Consumption] Peak: 14.0834, Dynamic: 8.09242
[DTM Trigger] CPU_MAX(THRES): 89.700(105.000), DRAM_MAX(THRES): 85.586(87.000)
	Current DTM method: 2
[SNIPER_STATS_MANAGER] Setting frequency for core 0 in DVFS domain 0 to 2128 MHz
[SNIPER_STATS_MANAGER] Setting frequency for core 1 in DVFS domain 1 to 2128 MHz
[SNIPER_STATS_MANAGER] Setting frequency for core 2 in DVFS domain 2 to 2128 MHz
[SNIPER_STATS_MANAGER] Setting frequency for core 3 in DVFS domain 3 to 2128 MHz
Here we try remapping!
-----and here we finish handling remapping results in cache controller! the Latency: 0
---invalid_cnt: 0

************recordStats once at 558226
[Warning] power scale is less than 1, please check!
[Overall Power Consumption] Peak: 25.374, Dynamic: 14.3024
[DTM Trigger] CPU_MAX(THRES): 95.719(105.000), DRAM_MAX(THRES): 85.505(87.000)
	Current DTM method: 2
[SNIPER_STATS_MANAGER] Setting frequency for core 0 in DVFS domain 0 to 2660 MHz
[SNIPER_STATS_MANAGER] Setting frequency for core 1 in DVFS domain 1 to 2660 MHz
[SNIPER_STATS_MANAGER] Setting frequency for core 2 in DVFS domain 2 to 2660 MHz
[SNIPER_STATS_MANAGER] Setting frequency for core 3 in DVFS domain 3 to 2660 MHz
Here we try remapping!
-----and here we finish handling remapping results in cache controller! the Latency: 0
---invalid_cnt: 0

************recordStats once at 559226
[Warning] power scale is less than 1, please check!
[Overall Power Consumption] Peak: 31.1857, Dynamic: 17.0059
[DTM Trigger] CPU_MAX(THRES): 100.980(105.000), DRAM_MAX(THRES): 85.790(87.000)
	Current DTM method: 2
Here we try remapping!
-----and here we finish handling remapping results in cache controller! the Latency: 0
---invalid_cnt: 0

************recordStats once at 560226
[Warning] power scale is less than 1, please check!
[Overall Power Consumption] Peak: 33.6013, Dynamic: 19.9167
[DTM Trigger] CPU_MAX(THRES): 104.585(105.000), DRAM_MAX(THRES): 86.312(87.000)
	Current DTM method: 2
Here we try remapping!
-----and here we finish handling remapping results in cache controller! the Latency: 0
---invalid_cnt: 0

************recordStats once at 561226
[Warning] power scale is less than 1, please check!
[Overall Power Consumption] Peak: 33.649, Dynamic: 19.9545
[DTM Trigger] CPU_MAX(THRES): 106.294(105.000), DRAM_MAX(THRES): 86.921(87.000)
	Current DTM method: 2
[HOT!] CPU is too hot!
[SNIPER_STATS_MANAGER] Setting frequency for core 0 in DVFS domain 0 to 2128 MHz
[SNIPER_STATS_MANAGER] Setting frequency for core 1 in DVFS domain 1 to 2128 MHz
[SNIPER_STATS_MANAGER] Setting frequency for core 2 in DVFS domain 2 to 2128 MHz
[SNIPER_STATS_MANAGER] Setting frequency for core 3 in DVFS domain 3 to 2128 MHz
Here we try remapping!
-----and here we finish handling remapping results in cache controller! the Latency: 18
---invalid_cnt: 4096

************recordStats once at 562226
[Warning] power scale is less than 1, please check!
[Overall Power Consumption] Peak: 30.2376, Dynamic: 19.9538
[DTM Trigger] CPU_MAX(THRES): 105.623(105.000), DRAM_MAX(THRES): 87.498(87.000)
	Current DTM method: 2
[HOT!] CPU is too hot!
[SNIPER_STATS_MANAGER] Setting frequency for core 0 in DVFS domain 0 to 1596 MHz
[SNIPER_STATS_MANAGER] Setting frequency for core 1 in DVFS domain 1 to 1596 MHz
[SNIPER_STATS_MANAGER] Setting frequency for core 2 in DVFS domain 2 to 1596 MHz
[SNIPER_STATS_MANAGER] Setting frequency for core 3 in DVFS domain 3 to 1596 MHz
Here we try remapping!
-----and here we finish handling remapping results in cache controller! the Latency: 57
---invalid_cnt: 12288

************recordStats once at 563202
[Warning] power scale is less than 1, please check!
[Overall Power Consumption] Peak: 17.8106, Dynamic: 12.2308
[DTM Trigger] CPU_MAX(THRES): 99.408(105.000), DRAM_MAX(THRES): 87.861(87.000)
	Current DTM method: 2
[HOT!] DRAM is too hot!
[SNIPER_STATS_MANAGER] Setting frequency for core 0 in DVFS domain 0 to 1064 MHz
[SNIPER_STATS_MANAGER] Setting frequency for core 1 in DVFS domain 1 to 1064 MHz
[SNIPER_STATS_MANAGER] Setting frequency for core 2 in DVFS domain 2 to 1064 MHz
[SNIPER_STATS_MANAGER] Setting frequency for core 3 in DVFS domain 3 to 1064 MHz
Here we try remapping!
-----and here we finish handling remapping results in cache controller! the Latency: 0
---invalid_cnt: 0

************recordStats once at 564219
[Warning] power scale is less than 1, please check!
[Overall Power Consumption] Peak: 12.1531, Dynamic: 9.00465
[DTM Trigger] CPU_MAX(THRES): 94.874(105.000), DRAM_MAX(THRES): 87.843(87.000)
	Current DTM method: 2
[HOT!] DRAM is too hot!
[SNIPER_STATS_MANAGER] Setting frequency for core 0 in DVFS domain 0 to 532 MHz
[SNIPER_STATS_MANAGER] Setting frequency for core 1 in DVFS domain 1 to 532 MHz
[SNIPER_STATS_MANAGER] Setting frequency for core 2 in DVFS domain 2 to 532 MHz
[SNIPER_STATS_MANAGER] Setting frequency for core 3 in DVFS domain 3 to 532 MHz
Here we try remapping!
-----and here we finish handling remapping results in cache controller! the Latency: 0
---invalid_cnt: 0

************recordStats once at 565226
[Warning] power scale is less than 1, please check!
[Overall Power Consumption] Peak: 7.03856, Dynamic: 6.45207
[DTM Trigger] CPU_MAX(THRES): 90.682(105.000), DRAM_MAX(THRES): 87.176(87.000)
	Current DTM method: 2
[HOT!] DRAM is too hot!
Here we try remapping!
-----and here we finish handling remapping results in cache controller! the Latency: 0
---invalid_cnt: 0

************recordStats once at 566226
[Warning] power scale is less than 1, please check!
[Overall Power Consumption] Peak: 5.44199, Dynamic: 4.24715
[DTM Trigger] CPU_MAX(THRES): 88.592(105.000), DRAM_MAX(THRES): 86.920(87.000)
	Current DTM method: 2
[SNIPER_STATS_MANAGER] Setting frequency for core 0 in DVFS domain 0 to 1064 MHz
[SNIPER_STATS_MANAGER] Setting frequency for core 1 in DVFS domain 1 to 1064 MHz
[SNIPER_STATS_MANAGER] Setting frequency for core 2 in DVFS domain 2 to 1064 MHz
[SNIPER_STATS_MANAGER] Setting frequency for core 3 in DVFS domain 3 to 1064 MHz
Here we try remapping!
-----and here we finish handling remapping results in cache controller! the Latency: 0
---invalid_cnt: 0

************recordStats once at 567226
[Warning] power scale is less than 1, please check!
[Overall Power Consumption] Peak: 8.22392, Dynamic: 4.79691
[DTM Trigger] CPU_MAX(THRES): 88.748(105.000), DRAM_MAX(THRES): 86.491(87.000)
	Current DTM method: 2
[SNIPER_STATS_MANAGER] Setting frequency for core 0 in DVFS domain 0 to 1596 MHz
[SNIPER_STATS_MANAGER] Setting frequency for core 1 in DVFS domain 1 to 1596 MHz
[SNIPER_STATS_MANAGER] Setting frequency for core 2 in DVFS domain 2 to 1596 MHz
[SNIPER_STATS_MANAGER] Setting frequency for core 3 in DVFS domain 3 to 1596 MHz
Here we try remapping!
-----and here we finish handling remapping results in cache controller! the Latency: 0
---invalid_cnt: 0

************recordStats once at 568226
[Warning] power scale is less than 1, please check!
[Overall Power Consumption] Peak: 14.1241, Dynamic: 8.10508
[DTM Trigger] CPU_MAX(THRES): 90.430(105.000), DRAM_MAX(THRES): 86.128(87.000)
	Current DTM method: 2
[SNIPER_STATS_MANAGER] Setting frequency for core 0 in DVFS domain 0 to 2128 MHz
[SNIPER_STATS_MANAGER] Setting frequency for core 1 in DVFS domain 1 to 2128 MHz
[SNIPER_STATS_MANAGER] Setting frequency for core 2 in DVFS domain 2 to 2128 MHz
[SNIPER_STATS_MANAGER] Setting frequency for core 3 in DVFS domain 3 to 2128 MHz
Here we try remapping!
-----and here we finish handling remapping results in cache controller! the Latency: 0
---invalid_cnt: 0

************recordStats once at 569226
[Warning] power scale is less than 1, please check!
[Overall Power Consumption] Peak: 25.2788, Dynamic: 14.1991
[DTM Trigger] CPU_MAX(THRES): 96.410(105.000), DRAM_MAX(THRES): 86.037(87.000)
	Current DTM method: 2
[SNIPER_STATS_MANAGER] Setting frequency for core 0 in DVFS domain 0 to 2660 MHz
[SNIPER_STATS_MANAGER] Setting frequency for core 1 in DVFS domain 1 to 2660 MHz
[SNIPER_STATS_MANAGER] Setting frequency for core 2 in DVFS domain 2 to 2660 MHz
[SNIPER_STATS_MANAGER] Setting frequency for core 3 in DVFS domain 3 to 2660 MHz
Here we try remapping!
-----and here we finish handling remapping results in cache controller! the Latency: 0
---invalid_cnt: 0

************recordStats once at 570219
[Warning] power scale is less than 1, please check!
[Overall Power Consumption] Peak: 31.1329, Dynamic: 17.0502
[DTM Trigger] CPU_MAX(THRES): 101.634(105.000), DRAM_MAX(THRES): 86.304(87.000)
	Current DTM method: 2
Here we try remapping!
-----and here we finish handling remapping results in cache controller! the Latency: 0
---invalid_cnt: 0

************recordStats once at 571225
[Warning] power scale is less than 1, please check!
[Overall Power Consumption] Peak: 33.5168, Dynamic: 19.8432
[DTM Trigger] CPU_MAX(THRES): 105.032(105.000), DRAM_MAX(THRES): 86.803(87.000)
	Current DTM method: 2
[HOT!] CPU is too hot!
[SNIPER_STATS_MANAGER] Setting frequency for core 0 in DVFS domain 0 to 2128 MHz
[SNIPER_STATS_MANAGER] Setting frequency for core 1 in DVFS domain 1 to 2128 MHz
[SNIPER_STATS_MANAGER] Setting frequency for core 2 in DVFS domain 2 to 2128 MHz
[SNIPER_STATS_MANAGER] Setting frequency for core 3 in DVFS domain 3 to 2128 MHz
Here we try remapping!
-----and here we finish handling remapping results in cache controller! the Latency: 15
---invalid_cnt: 4096

************recordStats once at 572226
[Warning] power scale is less than 1, please check!
[Overall Power Consumption] Peak: 30.308, Dynamic: 19.9863
[DTM Trigger] CPU_MAX(THRES): 104.945(105.000), DRAM_MAX(THRES): 87.370(87.000)
	Current DTM method: 2
[HOT!] DRAM is too hot!
[SNIPER_STATS_MANAGER] Setting frequency for core 0 in DVFS domain 0 to 1596 MHz
[SNIPER_STATS_MANAGER] Setting frequency for core 1 in DVFS domain 1 to 1596 MHz
[SNIPER_STATS_MANAGER] Setting frequency for core 2 in DVFS domain 2 to 1596 MHz
[SNIPER_STATS_MANAGER] Setting frequency for core 3 in DVFS domain 3 to 1596 MHz
Here we try remapping!
-----and here we finish handling remapping results in cache controller! the Latency: 33
---invalid_cnt: 8192

************recordStats once at 573226
[Warning] power scale is less than 1, please check!
[Overall Power Consumption] Peak: 17.9763, Dynamic: 12.3786
[DTM Trigger] CPU_MAX(THRES): 99.244(105.000), DRAM_MAX(THRES): 87.766(87.000)
	Current DTM method: 2
[HOT!] DRAM is too hot!
[SNIPER_STATS_MANAGER] Setting frequency for core 0 in DVFS domain 0 to 1064 MHz
[SNIPER_STATS_MANAGER] Setting frequency for core 1 in DVFS domain 1 to 1064 MHz
[SNIPER_STATS_MANAGER] Setting frequency for core 2 in DVFS domain 2 to 1064 MHz
[SNIPER_STATS_MANAGER] Setting frequency for core 3 in DVFS domain 3 to 1064 MHz
Here we try remapping!
-----and here we finish handling remapping results in cache controller! the Latency: 0
---invalid_cnt: 0

************recordStats once at 574226
[Warning] power scale is less than 1, please check!
[Overall Power Consumption] Peak: 12.2425, Dynamic: 9.06765
[DTM Trigger] CPU_MAX(THRES): 94.647(105.000), DRAM_MAX(THRES): 87.791(87.000)
	Current DTM method: 2
[HOT!] DRAM is too hot!
[SNIPER_STATS_MANAGER] Setting frequency for core 0 in DVFS domain 0 to 532 MHz
[SNIPER_STATS_MANAGER] Setting frequency for core 1 in DVFS domain 1 to 532 MHz
[SNIPER_STATS_MANAGER] Setting frequency for core 2 in DVFS domain 2 to 532 MHz
[SNIPER_STATS_MANAGER] Setting frequency for core 3 in DVFS domain 3 to 532 MHz
Here we try remapping!
-----and here we finish handling remapping results in cache controller! the Latency: 0
---invalid_cnt: 0

************recordStats once at 575222
[Warning] power scale is less than 1, please check!
[Overall Power Consumption] Peak: 7.0464, Dynamic: 6.46157
[DTM Trigger] CPU_MAX(THRES): 90.527(105.000), DRAM_MAX(THRES): 87.390(87.000)
	Current DTM method: 2
[HOT!] DRAM is too hot!
Here we try remapping!
-----and here we finish handling remapping results in cache controller! the Latency: 0
---invalid_cnt: 0

************recordStats once at 576212
[Warning] power scale is less than 1, please check!
[Overall Power Consumption] Peak: 5.32617, Dynamic: 4.18535
[DTM Trigger] CPU_MAX(THRES): 88.441(105.000), DRAM_MAX(THRES): 86.761(87.000)
	Current DTM method: 2
[SNIPER_STATS_MANAGER] Setting frequency for core 0 in DVFS domain 0 to 1064 MHz
[SNIPER_STATS_MANAGER] Setting frequency for core 1 in DVFS domain 1 to 1064 MHz
[SNIPER_STATS_MANAGER] Setting frequency for core 2 in DVFS domain 2 to 1064 MHz
[SNIPER_STATS_MANAGER] Setting frequency for core 3 in DVFS domain 3 to 1064 MHz
Here we try remapping!
-----and here we finish handling remapping results in cache controller! the Latency: 0
---invalid_cnt: 0

************recordStats once at 577206
[Warning] power scale is less than 1, please check!
[Overall Power Consumption] Peak: 8.12531, Dynamic: 4.74274
[DTM Trigger] CPU_MAX(THRES): 88.641(105.000), DRAM_MAX(THRES): 86.479(87.000)
	Current DTM method: 2
[SNIPER_STATS_MANAGER] Setting frequency for core 0 in DVFS domain 0 to 1596 MHz
[SNIPER_STATS_MANAGER] Setting frequency for core 1 in DVFS domain 1 to 1596 MHz
[SNIPER_STATS_MANAGER] Setting frequency for core 2 in DVFS domain 2 to 1596 MHz
[SNIPER_STATS_MANAGER] Setting frequency for core 3 in DVFS domain 3 to 1596 MHz
Here we try remapping!
-----and here we finish handling remapping results in cache controller! the Latency: 0
---invalid_cnt: 0

************recordStats once at 578189
[Warning] power scale is less than 1, please check!
[Overall Power Consumption] Peak: 14.0981, Dynamic: 8.09021
[DTM Trigger] CPU_MAX(THRES): 90.435(105.000), DRAM_MAX(THRES): 86.137(87.000)
	Current DTM method: 2
[SNIPER_STATS_MANAGER] Setting frequency for core 0 in DVFS domain 0 to 2128 MHz
[SNIPER_STATS_MANAGER] Setting frequency for core 1 in DVFS domain 1 to 2128 MHz
[SNIPER_STATS_MANAGER] Setting frequency for core 2 in DVFS domain 2 to 2128 MHz
[SNIPER_STATS_MANAGER] Setting frequency for core 3 in DVFS domain 3 to 2128 MHz
Here we try remapping!
-----and here we finish handling remapping results in cache controller! the Latency: 0
---invalid_cnt: 0

************recordStats once at 579226
[Warning] power scale is less than 1, please check!
[Overall Power Consumption] Peak: 25.4008, Dynamic: 14.3146
[DTM Trigger] CPU_MAX(THRES): 96.333(105.000), DRAM_MAX(THRES): 86.058(87.000)
	Current DTM method: 2
[SNIPER_STATS_MANAGER] Setting frequency for core 0 in DVFS domain 0 to 2660 MHz
[SNIPER_STATS_MANAGER] Setting frequency for core 1 in DVFS domain 1 to 2660 MHz
[SNIPER_STATS_MANAGER] Setting frequency for core 2 in DVFS domain 2 to 2660 MHz
[SNIPER_STATS_MANAGER] Setting frequency for core 3 in DVFS domain 3 to 2660 MHz
Here we try remapping!
-----and here we finish handling remapping results in cache controller! the Latency: 0
---invalid_cnt: 0

************recordStats once at 580226
[Warning] power scale is less than 1, please check!
[Overall Power Consumption] Peak: 31.0926, Dynamic: 16.926
[DTM Trigger] CPU_MAX(THRES): 101.548(105.000), DRAM_MAX(THRES): 86.342(87.000)
	Current DTM method: 2
Here we try remapping!
-----and here we finish handling remapping results in cache controller! the Latency: 0
---invalid_cnt: 0

************recordStats once at 581226
[Warning] power scale is less than 1, please check!
[Overall Power Consumption] Peak: 33.7585, Dynamic: 20.0499
[DTM Trigger] CPU_MAX(THRES): 105.161(105.000), DRAM_MAX(THRES): 86.862(87.000)
	Current DTM method: 2
[HOT!] CPU is too hot!
[SNIPER_STATS_MANAGER] Setting frequency for core 0 in DVFS domain 0 to 2128 MHz
[SNIPER_STATS_MANAGER] Setting frequency for core 1 in DVFS domain 1 to 2128 MHz
[SNIPER_STATS_MANAGER] Setting frequency for core 2 in DVFS domain 2 to 2128 MHz
[SNIPER_STATS_MANAGER] Setting frequency for core 3 in DVFS domain 3 to 2128 MHz
Here we try remapping!
-----and here we finish handling remapping results in cache controller! the Latency: 15
---invalid_cnt: 4096

************recordStats once at 582224
[Warning] power scale is less than 1, please check!
[Overall Power Consumption] Peak: 30.2659, Dynamic: 19.9625
[DTM Trigger] CPU_MAX(THRES): 105.137(105.000), DRAM_MAX(THRES): 87.450(87.000)
	Current DTM method: 2
[HOT!] CPU is too hot!
[SNIPER_STATS_MANAGER] Setting frequency for core 0 in DVFS domain 0 to 1596 MHz
[SNIPER_STATS_MANAGER] Setting frequency for core 1 in DVFS domain 1 to 1596 MHz
[SNIPER_STATS_MANAGER] Setting frequency for core 2 in DVFS domain 2 to 1596 MHz
[SNIPER_STATS_MANAGER] Setting frequency for core 3 in DVFS domain 3 to 1596 MHz
Here we try remapping!
-----and here we finish handling remapping results in cache controller! the Latency: 53
---invalid_cnt: 10240

************recordStats once at 583226
[Warning] power scale is less than 1, please check!
[Overall Power Consumption] Peak: 17.8039, Dynamic: 12.2848
[DTM Trigger] CPU_MAX(THRES): 99.201(105.000), DRAM_MAX(THRES): 87.855(87.000)
	Current DTM method: 2
[HOT!] DRAM is too hot!
[SNIPER_STATS_MANAGER] Setting frequency for core 0 in DVFS domain 0 to 1064 MHz
[SNIPER_STATS_MANAGER] Setting frequency for core 1 in DVFS domain 1 to 1064 MHz
[SNIPER_STATS_MANAGER] Setting frequency for core 2 in DVFS domain 2 to 1064 MHz
[SNIPER_STATS_MANAGER] Setting frequency for core 3 in DVFS domain 3 to 1064 MHz
Here we try remapping!
-----and here we finish handling remapping results in cache controller! the Latency: 14
---invalid_cnt: 2048

************recordStats once at 584226
[Warning] power scale is less than 1, please check!
[Overall Power Consumption] Peak: 12.2406, Dynamic: 9.05456
[DTM Trigger] CPU_MAX(THRES): 94.784(105.000), DRAM_MAX(THRES): 87.878(87.000)
	Current DTM method: 2
[HOT!] DRAM is too hot!
[SNIPER_STATS_MANAGER] Setting frequency for core 0 in DVFS domain 0 to 532 MHz
[SNIPER_STATS_MANAGER] Setting frequency for core 1 in DVFS domain 1 to 532 MHz
[SNIPER_STATS_MANAGER] Setting frequency for core 2 in DVFS domain 2 to 532 MHz
[SNIPER_STATS_MANAGER] Setting frequency for core 3 in DVFS domain 3 to 532 MHz
Here we try remapping!
-----and here we finish handling remapping results in cache controller! the Latency: 0
---invalid_cnt: 0

************recordStats once at 585226
[Warning] power scale is less than 1, please check!
[Overall Power Consumption] Peak: 6.97399, Dynamic: 6.20753
[DTM Trigger] CPU_MAX(THRES): 90.749(105.000), DRAM_MAX(THRES): 86.559(87.000)
	Current DTM method: 2
[SNIPER_STATS_MANAGER] Setting frequency for core 0 in DVFS domain 0 to 1064 MHz
[SNIPER_STATS_MANAGER] Setting frequency for core 1 in DVFS domain 1 to 1064 MHz
[SNIPER_STATS_MANAGER] Setting frequency for core 2 in DVFS domain 2 to 1064 MHz
[SNIPER_STATS_MANAGER] Setting frequency for core 3 in DVFS domain 3 to 1064 MHz
Here we try remapping!
-----and here we finish handling remapping results in cache controller! the Latency: 0
---invalid_cnt: 0

************recordStats once at 586226
[Warning] power scale is less than 1, please check!
[Overall Power Consumption] Peak: 7.16324, Dynamic: 4.11903
[DTM Trigger] CPU_MAX(THRES): 90.075(105.000), DRAM_MAX(THRES): 86.928(87.000)
	Current DTM method: 2
[SNIPER_STATS_MANAGER] Setting frequency for core 0 in DVFS domain 0 to 1596 MHz
[SNIPER_STATS_MANAGER] Setting frequency for core 1 in DVFS domain 1 to 1596 MHz
[SNIPER_STATS_MANAGER] Setting frequency for core 2 in DVFS domain 2 to 1596 MHz
[SNIPER_STATS_MANAGER] Setting frequency for core 3 in DVFS domain 3 to 1596 MHz
Here we try remapping!
-----and here we finish handling remapping results in cache controller! the Latency: 0
---invalid_cnt: 0

************recordStats once at 587224
[Warning] power scale is less than 1, please check!
[Overall Power Consumption] Peak: 12.2185, Dynamic: 6.71759
[DTM Trigger] CPU_MAX(THRES): 91.700(105.000), DRAM_MAX(THRES): 86.515(87.000)
	Current DTM method: 2
[SNIPER_STATS_MANAGER] Setting frequency for core 0 in DVFS domain 0 to 2128 MHz
[SNIPER_STATS_MANAGER] Setting frequency for core 1 in DVFS domain 1 to 2128 MHz
[SNIPER_STATS_MANAGER] Setting frequency for core 2 in DVFS domain 2 to 2128 MHz
[SNIPER_STATS_MANAGER] Setting frequency for core 3 in DVFS domain 3 to 2128 MHz
Here we try remapping!
-----and here we finish handling remapping results in cache controller! the Latency: 0
---invalid_cnt: 0

************recordStats once at 588226
[Warning] power scale is less than 1, please check!
[Overall Power Consumption] Peak: 21.6545, Dynamic: 11.4477
[DTM Trigger] CPU_MAX(THRES): 97.870(105.000), DRAM_MAX(THRES): 86.143(87.000)
	Current DTM method: 2
[SNIPER_STATS_MANAGER] Setting frequency for core 0 in DVFS domain 0 to 2660 MHz
[SNIPER_STATS_MANAGER] Setting frequency for core 1 in DVFS domain 1 to 2660 MHz
[SNIPER_STATS_MANAGER] Setting frequency for core 2 in DVFS domain 2 to 2660 MHz
[SNIPER_STATS_MANAGER] Setting frequency for core 3 in DVFS domain 3 to 2660 MHz
Here we try remapping!
-----and here we finish handling remapping results in cache controller! the Latency: 0
---invalid_cnt: 0

************recordStats once at 589226
[Warning] power scale is less than 1, please check!
[Overall Power Consumption] Peak: 26.6414, Dynamic: 13.4585
[DTM Trigger] CPU_MAX(THRES): 103.949(105.000), DRAM_MAX(THRES): 85.900(87.000)
	Current DTM method: 2
Here we try remapping!
-----and here we finish handling remapping results in cache controller! the Latency: 0
---invalid_cnt: 0

************recordStats once at 590226
[Warning] power scale is less than 1, please check!
[Overall Power Consumption] Peak: 25.5088, Dynamic: 11.0449
[DTM Trigger] CPU_MAX(THRES): 104.948(105.000), DRAM_MAX(THRES): 86.395(87.000)
	Current DTM method: 2
Here we try remapping!
-----and here we finish handling remapping results in cache controller! the Latency: 21
---invalid_cnt: 2048

************recordStats once at 591227
[Warning] power scale is less than 1, please check!
[Overall Power Consumption] Peak: 29.4505, Dynamic: 13.8618
[DTM Trigger] CPU_MAX(THRES): 98.463(105.000), DRAM_MAX(THRES): 87.728(87.000)
	Current DTM method: 2
[HOT!] DRAM is too hot!
[SNIPER_STATS_MANAGER] Setting frequency for core 0 in DVFS domain 0 to 2128 MHz
[SNIPER_STATS_MANAGER] Setting frequency for core 1 in DVFS domain 1 to 2128 MHz
[SNIPER_STATS_MANAGER] Setting frequency for core 2 in DVFS domain 2 to 2128 MHz
[SNIPER_STATS_MANAGER] Setting frequency for core 3 in DVFS domain 3 to 2128 MHz
Here we try remapping!
-----and here we finish handling remapping results in cache controller! the Latency: 0
---invalid_cnt: 0

************recordStats once at 592226
[Warning] power scale is less than 1, please check!
[Overall Power Consumption] Peak: 25.9079, Dynamic: 14.1728
[DTM Trigger] CPU_MAX(THRES): 98.134(105.000), DRAM_MAX(THRES): 89.120(87.000)
	Current DTM method: 2
[HOT!] DRAM is too hot!
[SNIPER_STATS_MANAGER] Setting frequency for core 0 in DVFS domain 0 to 1596 MHz
[SNIPER_STATS_MANAGER] Setting frequency for core 1 in DVFS domain 1 to 1596 MHz
[SNIPER_STATS_MANAGER] Setting frequency for core 2 in DVFS domain 2 to 1596 MHz
[SNIPER_STATS_MANAGER] Setting frequency for core 3 in DVFS domain 3 to 1596 MHz
Here we try remapping!
-----and here we finish handling remapping results in cache controller! the Latency: 221
---invalid_cnt: 4096

************recordStats once at 593226
[Warning] power scale is less than 1, please check!
[Overall Power Consumption] Peak: 16.7412, Dynamic: 10.9174
[DTM Trigger] CPU_MAX(THRES): 94.751(105.000), DRAM_MAX(THRES): 89.679(87.000)
	Current DTM method: 2
[HOT!] DRAM is too hot!
[SNIPER_STATS_MANAGER] Setting frequency for core 0 in DVFS domain 0 to 1064 MHz
[SNIPER_STATS_MANAGER] Setting frequency for core 1 in DVFS domain 1 to 1064 MHz
[SNIPER_STATS_MANAGER] Setting frequency for core 2 in DVFS domain 2 to 1064 MHz
[SNIPER_STATS_MANAGER] Setting frequency for core 3 in DVFS domain 3 to 1064 MHz
Here we try remapping!
-----and here we finish handling remapping results in cache controller! the Latency: 0
---invalid_cnt: 0

************recordStats once at 594225
[Warning] power scale is less than 1, please check!
[Overall Power Consumption] Peak: 12.2359, Dynamic: 8.96248
[DTM Trigger] CPU_MAX(THRES): 93.245(105.000), DRAM_MAX(THRES): 88.780(87.000)
	Current DTM method: 2
[HOT!] DRAM is too hot!
[SNIPER_STATS_MANAGER] Setting frequency for core 0 in DVFS domain 0 to 532 MHz
[SNIPER_STATS_MANAGER] Setting frequency for core 1 in DVFS domain 1 to 532 MHz
[SNIPER_STATS_MANAGER] Setting frequency for core 2 in DVFS domain 2 to 532 MHz
[SNIPER_STATS_MANAGER] Setting frequency for core 3 in DVFS domain 3 to 532 MHz
Here we try remapping!
-----and here we finish handling remapping results in cache controller! the Latency: 0
---invalid_cnt: 0

************recordStats once at 595226
[Warning] power scale is less than 1, please check!
[Overall Power Consumption] Peak: 6.85416, Dynamic: 6.26789
[DTM Trigger] CPU_MAX(THRES): 89.803(105.000), DRAM_MAX(THRES): 86.846(87.000)
	Current DTM method: 2
[SNIPER_STATS_MANAGER] Setting frequency for core 0 in DVFS domain 0 to 1064 MHz
[SNIPER_STATS_MANAGER] Setting frequency for core 1 in DVFS domain 1 to 1064 MHz
[SNIPER_STATS_MANAGER] Setting frequency for core 2 in DVFS domain 2 to 1064 MHz
[SNIPER_STATS_MANAGER] Setting frequency for core 3 in DVFS domain 3 to 1064 MHz
Here we try remapping!
-----and here we finish handling remapping results in cache controller! the Latency: 0
---invalid_cnt: 0

************recordStats once at 596226
[Warning] power scale is less than 1, please check!
[Overall Power Consumption] Peak: 7.99778, Dynamic: 4.69389
[DTM Trigger] CPU_MAX(THRES): 89.470(105.000), DRAM_MAX(THRES): 87.114(87.000)
	Current DTM method: 2
[HOT!] DRAM is too hot!
[SNIPER_STATS_MANAGER] Setting frequency for core 0 in DVFS domain 0 to 532 MHz
[SNIPER_STATS_MANAGER] Setting frequency for core 1 in DVFS domain 1 to 532 MHz
[SNIPER_STATS_MANAGER] Setting frequency for core 2 in DVFS domain 2 to 532 MHz
[SNIPER_STATS_MANAGER] Setting frequency for core 3 in DVFS domain 3 to 532 MHz
Here we try remapping!
-----and here we finish handling remapping results in cache controller! the Latency: 0
---invalid_cnt: 0

************recordStats once at 597200
[Warning] power scale is less than 1, please check!
[Overall Power Consumption] Peak: 6.87363, Dynamic: 6.35494
[DTM Trigger] CPU_MAX(THRES): 87.766(105.000), DRAM_MAX(THRES): 85.841(87.000)
	Current DTM method: 2
[SNIPER_STATS_MANAGER] Setting frequency for core 0 in DVFS domain 0 to 1064 MHz
[SNIPER_STATS_MANAGER] Setting frequency for core 1 in DVFS domain 1 to 1064 MHz
[SNIPER_STATS_MANAGER] Setting frequency for core 2 in DVFS domain 2 to 1064 MHz
[SNIPER_STATS_MANAGER] Setting frequency for core 3 in DVFS domain 3 to 1064 MHz
Here we try remapping!
-----and here we finish handling remapping results in cache controller! the Latency: 0
---invalid_cnt: 0

************recordStats once at 598213
[Warning] power scale is less than 1, please check!
[Overall Power Consumption] Peak: 7.98012, Dynamic: 4.67988
[DTM Trigger] CPU_MAX(THRES): 88.110(105.000), DRAM_MAX(THRES): 86.060(87.000)
	Current DTM method: 2
[SNIPER_STATS_MANAGER] Setting frequency for core 0 in DVFS domain 0 to 1596 MHz
[SNIPER_STATS_MANAGER] Setting frequency for core 1 in DVFS domain 1 to 1596 MHz
[SNIPER_STATS_MANAGER] Setting frequency for core 2 in DVFS domain 2 to 1596 MHz
[SNIPER_STATS_MANAGER] Setting frequency for core 3 in DVFS domain 3 to 1596 MHz
Here we try remapping!
-----and here we finish handling remapping results in cache controller! the Latency: 0
---invalid_cnt: 0

************recordStats once at 599226
[Warning] power scale is less than 1, please check!
[Overall Power Consumption] Peak: 13.8848, Dynamic: 8.0684
[DTM Trigger] CPU_MAX(THRES): 89.951(105.000), DRAM_MAX(THRES): 85.800(87.000)
	Current DTM method: 2
[SNIPER_STATS_MANAGER] Setting frequency for core 0 in DVFS domain 0 to 2128 MHz
[SNIPER_STATS_MANAGER] Setting frequency for core 1 in DVFS domain 1 to 2128 MHz
[SNIPER_STATS_MANAGER] Setting frequency for core 2 in DVFS domain 2 to 2128 MHz
[SNIPER_STATS_MANAGER] Setting frequency for core 3 in DVFS domain 3 to 2128 MHz
Here we try remapping!
-----and here we finish handling remapping results in cache controller! the Latency: 0
---invalid_cnt: 0

************recordStats once at 600223
[Warning] power scale is less than 1, please check!
[Overall Power Consumption] Peak: 25.3087, Dynamic: 14.5835
[DTM Trigger] CPU_MAX(THRES): 96.431(105.000), DRAM_MAX(THRES): 85.756(87.000)
	Current DTM method: 2
[SNIPER_STATS_MANAGER] Setting frequency for core 0 in DVFS domain 0 to 2660 MHz
[SNIPER_STATS_MANAGER] Setting frequency for core 1 in DVFS domain 1 to 2660 MHz
[SNIPER_STATS_MANAGER] Setting frequency for core 2 in DVFS domain 2 to 2660 MHz
[SNIPER_STATS_MANAGER] Setting frequency for core 3 in DVFS domain 3 to 2660 MHz
Here we try remapping!
-----and here we finish handling remapping results in cache controller! the Latency: 0
---invalid_cnt: 0

************recordStats once at 601226
[Warning] power scale is less than 1, please check!
[Overall Power Consumption] Peak: 31.3707, Dynamic: 17.8399
[DTM Trigger] CPU_MAX(THRES): 101.862(105.000), DRAM_MAX(THRES): 86.054(87.000)
	Current DTM method: 2
Here we try remapping!
-----and here we finish handling remapping results in cache controller! the Latency: 0
---invalid_cnt: 0

************recordStats once at 602226
[Warning] power scale is less than 1, please check!
[Overall Power Consumption] Peak: 33.9049, Dynamic: 20.8615
[DTM Trigger] CPU_MAX(THRES): 105.654(105.000), DRAM_MAX(THRES): 86.604(87.000)
	Current DTM method: 2
[HOT!] CPU is too hot!
[SNIPER_STATS_MANAGER] Setting frequency for core 0 in DVFS domain 0 to 2128 MHz
[SNIPER_STATS_MANAGER] Setting frequency for core 1 in DVFS domain 1 to 2128 MHz
[SNIPER_STATS_MANAGER] Setting frequency for core 2 in DVFS domain 2 to 2128 MHz
[SNIPER_STATS_MANAGER] Setting frequency for core 3 in DVFS domain 3 to 2128 MHz
Here we try remapping!
-----and here we finish handling remapping results in cache controller! the Latency: 49
---invalid_cnt: 4096

************recordStats once at 603221
[Warning] power scale is less than 1, please check!
[Overall Power Consumption] Peak: 30.2385, Dynamic: 20.573
[DTM Trigger] CPU_MAX(THRES): 105.713(105.000), DRAM_MAX(THRES): 87.216(87.000)
	Current DTM method: 2
[HOT!] CPU is too hot!
[SNIPER_STATS_MANAGER] Setting frequency for core 0 in DVFS domain 0 to 1596 MHz
[SNIPER_STATS_MANAGER] Setting frequency for core 1 in DVFS domain 1 to 1596 MHz
[SNIPER_STATS_MANAGER] Setting frequency for core 2 in DVFS domain 2 to 1596 MHz
[SNIPER_STATS_MANAGER] Setting frequency for core 3 in DVFS domain 3 to 1596 MHz
Here we try remapping!
-----and here we finish handling remapping results in cache controller! the Latency: 164
---invalid_cnt: 8192

************recordStats once at 604223
[Warning] power scale is less than 1, please check!
[Overall Power Consumption] Peak: 17.8096, Dynamic: 12.6789
[DTM Trigger] CPU_MAX(THRES): 99.479(105.000), DRAM_MAX(THRES): 87.649(87.000)
	Current DTM method: 2
[HOT!] DRAM is too hot!
[SNIPER_STATS_MANAGER] Setting frequency for core 0 in DVFS domain 0 to 1064 MHz
[SNIPER_STATS_MANAGER] Setting frequency for core 1 in DVFS domain 1 to 1064 MHz
[SNIPER_STATS_MANAGER] Setting frequency for core 2 in DVFS domain 2 to 1064 MHz
[SNIPER_STATS_MANAGER] Setting frequency for core 3 in DVFS domain 3 to 1064 MHz
Here we try remapping!
-----and here we finish handling remapping results in cache controller! the Latency: 40
---invalid_cnt: 2048

************recordStats once at 605221
[Warning] power scale is less than 1, please check!
[Overall Power Consumption] Peak: 12.115, Dynamic: 9.02054
[DTM Trigger] CPU_MAX(THRES): 95.153(105.000), DRAM_MAX(THRES): 87.704(87.000)
	Current DTM method: 2
[HOT!] DRAM is too hot!
[SNIPER_STATS_MANAGER] Setting frequency for core 0 in DVFS domain 0 to 532 MHz
[SNIPER_STATS_MANAGER] Setting frequency for core 1 in DVFS domain 1 to 532 MHz
[SNIPER_STATS_MANAGER] Setting frequency for core 2 in DVFS domain 2 to 532 MHz
[SNIPER_STATS_MANAGER] Setting frequency for core 3 in DVFS domain 3 to 532 MHz
Here we try remapping!
-----and here we finish handling remapping results in cache controller! the Latency: 0
---invalid_cnt: 0

************recordStats once at 606145
[Warning] power scale is less than 1, please check!
[Overall Power Consumption] Peak: 6.8123, Dynamic: 6.17844
[DTM Trigger] CPU_MAX(THRES): 90.655(105.000), DRAM_MAX(THRES): 86.592(87.000)
	Current DTM method: 2
[SNIPER_STATS_MANAGER] Setting frequency for core 0 in DVFS domain 0 to 1064 MHz
[SNIPER_STATS_MANAGER] Setting frequency for core 1 in DVFS domain 1 to 1064 MHz
[SNIPER_STATS_MANAGER] Setting frequency for core 2 in DVFS domain 2 to 1064 MHz
[SNIPER_STATS_MANAGER] Setting frequency for core 3 in DVFS domain 3 to 1064 MHz
Here we try remapping!
-----and here we finish handling remapping results in cache controller! the Latency: 0
---invalid_cnt: 0

************recordStats once at 607226
[Warning] power scale is less than 1, please check!
[Overall Power Consumption] Peak: 8.05318, Dynamic: 4.72436
[DTM Trigger] CPU_MAX(THRES): 89.971(105.000), DRAM_MAX(THRES): 86.903(87.000)
	Current DTM method: 2
[SNIPER_STATS_MANAGER] Setting frequency for core 0 in DVFS domain 0 to 1596 MHz
[SNIPER_STATS_MANAGER] Setting frequency for core 1 in DVFS domain 1 to 1596 MHz
[SNIPER_STATS_MANAGER] Setting frequency for core 2 in DVFS domain 2 to 1596 MHz
[SNIPER_STATS_MANAGER] Setting frequency for core 3 in DVFS domain 3 to 1596 MHz
Here we try remapping!
-----and here we finish handling remapping results in cache controller! the Latency: 0
---invalid_cnt: 0

************recordStats once at 608226
[Warning] power scale is less than 1, please check!
[Overall Power Consumption] Peak: 13.8079, Dynamic: 7.94037
[DTM Trigger] CPU_MAX(THRES): 91.378(105.000), DRAM_MAX(THRES): 86.625(87.000)
	Current DTM method: 2
[SNIPER_STATS_MANAGER] Setting frequency for core 0 in DVFS domain 0 to 2128 MHz
[SNIPER_STATS_MANAGER] Setting frequency for core 1 in DVFS domain 1 to 2128 MHz
[SNIPER_STATS_MANAGER] Setting frequency for core 2 in DVFS domain 2 to 2128 MHz
[SNIPER_STATS_MANAGER] Setting frequency for core 3 in DVFS domain 3 to 2128 MHz
Here we try remapping!
-----and here we finish handling remapping results in cache controller! the Latency: 0
---invalid_cnt: 0

************recordStats once at 609226
[Warning] power scale is less than 1, please check!
[Overall Power Consumption] Peak: 25.1986, Dynamic: 14.5092
[DTM Trigger] CPU_MAX(THRES): 97.869(105.000), DRAM_MAX(THRES): 86.533(87.000)
	Current DTM method: 2
[SNIPER_STATS_MANAGER] Setting frequency for core 0 in DVFS domain 0 to 2660 MHz
[SNIPER_STATS_MANAGER] Setting frequency for core 1 in DVFS domain 1 to 2660 MHz
[SNIPER_STATS_MANAGER] Setting frequency for core 2 in DVFS domain 2 to 2660 MHz
[SNIPER_STATS_MANAGER] Setting frequency for core 3 in DVFS domain 3 to 2660 MHz
Here we try remapping!
-----and here we finish handling remapping results in cache controller! the Latency: 0
---invalid_cnt: 0

************recordStats once at 610220
[Warning] power scale is less than 1, please check!
[Overall Power Consumption] Peak: 31.6111, Dynamic: 18.1071
[DTM Trigger] CPU_MAX(THRES): 103.069(105.000), DRAM_MAX(THRES): 86.770(87.000)
	Current DTM method: 2
Here we try remapping!
-----and here we finish handling remapping results in cache controller! the Latency: 0
---invalid_cnt: 0

************recordStats once at 611220
[Warning] power scale is less than 1, please check!
[Overall Power Consumption] Peak: 33.7339, Dynamic: 20.693
[DTM Trigger] CPU_MAX(THRES): 106.624(105.000), DRAM_MAX(THRES): 87.266(87.000)
	Current DTM method: 2
[HOT!] CPU is too hot!
[SNIPER_STATS_MANAGER] Setting frequency for core 0 in DVFS domain 0 to 2128 MHz
[SNIPER_STATS_MANAGER] Setting frequency for core 1 in DVFS domain 1 to 2128 MHz
[SNIPER_STATS_MANAGER] Setting frequency for core 2 in DVFS domain 2 to 2128 MHz
[SNIPER_STATS_MANAGER] Setting frequency for core 3 in DVFS domain 3 to 2128 MHz
Here we try remapping!
-----and here we finish handling remapping results in cache controller! the Latency: 46
---invalid_cnt: 12288

************recordStats once at 612226
[Warning] power scale is less than 1, please check!
[Overall Power Consumption] Peak: 30.2558, Dynamic: 20.5759
[DTM Trigger] CPU_MAX(THRES): 106.295(105.000), DRAM_MAX(THRES): 87.837(87.000)
	Current DTM method: 2
[HOT!] CPU is too hot!
[SNIPER_STATS_MANAGER] Setting frequency for core 0 in DVFS domain 0 to 1596 MHz
[SNIPER_STATS_MANAGER] Setting frequency for core 1 in DVFS domain 1 to 1596 MHz
[SNIPER_STATS_MANAGER] Setting frequency for core 2 in DVFS domain 2 to 1596 MHz
[SNIPER_STATS_MANAGER] Setting frequency for core 3 in DVFS domain 3 to 1596 MHz
Here we try remapping!
-----and here we finish handling remapping results in cache controller! the Latency: 737
---invalid_cnt: 20480

************recordStats once at 613226
[Warning] power scale is less than 1, please check!
[Overall Power Consumption] Peak: 17.8852, Dynamic: 12.7434
[DTM Trigger] CPU_MAX(THRES): 100.060(105.000), DRAM_MAX(THRES): 88.239(87.000)
	Current DTM method: 2
[HOT!] DRAM is too hot!
[SNIPER_STATS_MANAGER] Setting frequency for core 0 in DVFS domain 0 to 1064 MHz
[SNIPER_STATS_MANAGER] Setting frequency for core 1 in DVFS domain 1 to 1064 MHz
[SNIPER_STATS_MANAGER] Setting frequency for core 2 in DVFS domain 2 to 1064 MHz
[SNIPER_STATS_MANAGER] Setting frequency for core 3 in DVFS domain 3 to 1064 MHz
Here we try remapping!
-----and here we finish handling remapping results in cache controller! the Latency: 349
---invalid_cnt: 8192

************recordStats once at 614217
[Warning] power scale is less than 1, please check!
[Overall Power Consumption] Peak: 10.8705, Dynamic: 7.80917
[DTM Trigger] CPU_MAX(THRES): 96.046(105.000), DRAM_MAX(THRES): 88.248(87.000)
	Current DTM method: 2
[HOT!] DRAM is too hot!
[SNIPER_STATS_MANAGER] Setting frequency for core 0 in DVFS domain 0 to 532 MHz
[SNIPER_STATS_MANAGER] Setting frequency for core 1 in DVFS domain 1 to 532 MHz
[SNIPER_STATS_MANAGER] Setting frequency for core 2 in DVFS domain 2 to 532 MHz
[SNIPER_STATS_MANAGER] Setting frequency for core 3 in DVFS domain 3 to 532 MHz
Here we try remapping!
-----and here we finish handling remapping results in cache controller! the Latency: 0
---invalid_cnt: 0

************recordStats once at 615226
[Warning] power scale is less than 1, please check!
[Overall Power Consumption] Peak: 6.54349, Dynamic: 5.84633
[DTM Trigger] CPU_MAX(THRES): 91.243(105.000), DRAM_MAX(THRES): 87.051(87.000)
	Current DTM method: 2
[HOT!] DRAM is too hot!
Here we try remapping!
-----and here we finish handling remapping results in cache controller! the Latency: 0
---invalid_cnt: 0

************recordStats once at 616196
[Warning] power scale is less than 1, please check!
[Overall Power Consumption] Peak: 5.28351, Dynamic: 4.15352
[DTM Trigger] CPU_MAX(THRES): 89.082(105.000), DRAM_MAX(THRES): 86.696(87.000)
	Current DTM method: 2
[SNIPER_STATS_MANAGER] Setting frequency for core 0 in DVFS domain 0 to 1064 MHz
[SNIPER_STATS_MANAGER] Setting frequency for core 1 in DVFS domain 1 to 1064 MHz
[SNIPER_STATS_MANAGER] Setting frequency for core 2 in DVFS domain 2 to 1064 MHz
[SNIPER_STATS_MANAGER] Setting frequency for core 3 in DVFS domain 3 to 1064 MHz
Here we try remapping!
-----and here we finish handling remapping results in cache controller! the Latency: 0
---invalid_cnt: 0

************recordStats once at 617226
[Warning] power scale is less than 1, please check!
[Overall Power Consumption] Peak: 7.96008, Dynamic: 4.66532
[DTM Trigger] CPU_MAX(THRES): 89.242(105.000), DRAM_MAX(THRES): 86.819(87.000)
	Current DTM method: 2
[SNIPER_STATS_MANAGER] Setting frequency for core 0 in DVFS domain 0 to 1596 MHz
[SNIPER_STATS_MANAGER] Setting frequency for core 1 in DVFS domain 1 to 1596 MHz
[SNIPER_STATS_MANAGER] Setting frequency for core 2 in DVFS domain 2 to 1596 MHz
[SNIPER_STATS_MANAGER] Setting frequency for core 3 in DVFS domain 3 to 1596 MHz
Here we try remapping!
-----and here we finish handling remapping results in cache controller! the Latency: 0
---invalid_cnt: 0

************recordStats once at 618226
[Warning] power scale is less than 1, please check!
[Overall Power Consumption] Peak: 13.8925, Dynamic: 8.06742
[DTM Trigger] CPU_MAX(THRES): 91.025(105.000), DRAM_MAX(THRES): 86.524(87.000)
	Current DTM method: 2
[SNIPER_STATS_MANAGER] Setting frequency for core 0 in DVFS domain 0 to 2128 MHz
[SNIPER_STATS_MANAGER] Setting frequency for core 1 in DVFS domain 1 to 2128 MHz
[SNIPER_STATS_MANAGER] Setting frequency for core 2 in DVFS domain 2 to 2128 MHz
[SNIPER_STATS_MANAGER] Setting frequency for core 3 in DVFS domain 3 to 2128 MHz
Here we try remapping!
-----and here we finish handling remapping results in cache controller! the Latency: 0
---invalid_cnt: 0

************recordStats once at 619226
[Warning] power scale is less than 1, please check!
[Overall Power Consumption] Peak: 25.2465, Dynamic: 14.5192
[DTM Trigger] CPU_MAX(THRES): 97.320(105.000), DRAM_MAX(THRES): 86.445(87.000)
	Current DTM method: 2
[SNIPER_STATS_MANAGER] Setting frequency for core 0 in DVFS domain 0 to 2660 MHz
[SNIPER_STATS_MANAGER] Setting frequency for core 1 in DVFS domain 1 to 2660 MHz
[SNIPER_STATS_MANAGER] Setting frequency for core 2 in DVFS domain 2 to 2660 MHz
[SNIPER_STATS_MANAGER] Setting frequency for core 3 in DVFS domain 3 to 2660 MHz
Here we try remapping!
-----and here we finish handling remapping results in cache controller! the Latency: 0
---invalid_cnt: 0

************recordStats once at 620225
[Warning] power scale is less than 1, please check!
[Overall Power Consumption] Peak: 31.3507, Dynamic: 17.8
[DTM Trigger] CPU_MAX(THRES): 103.037(105.000), DRAM_MAX(THRES): 86.701(87.000)
	Current DTM method: 2
Here we try remapping!
-----and here we finish handling remapping results in cache controller! the Latency: 0
---invalid_cnt: 0

************recordStats once at 621227
[Warning] power scale is less than 1, please check!
[Overall Power Consumption] Peak: 33.7614, Dynamic: 20.7753
[DTM Trigger] CPU_MAX(THRES): 106.625(105.000), DRAM_MAX(THRES): 87.196(87.000)
	Current DTM method: 2
[HOT!] CPU is too hot!
[SNIPER_STATS_MANAGER] Setting frequency for core 0 in DVFS domain 0 to 2128 MHz
[SNIPER_STATS_MANAGER] Setting frequency for core 1 in DVFS domain 1 to 2128 MHz
[SNIPER_STATS_MANAGER] Setting frequency for core 2 in DVFS domain 2 to 2128 MHz
[SNIPER_STATS_MANAGER] Setting frequency for core 3 in DVFS domain 3 to 2128 MHz
Here we try remapping!
-----and here we finish handling remapping results in cache controller! the Latency: 47
---invalid_cnt: 12288

************recordStats once at 622226
[Warning] power scale is less than 1, please check!
[Overall Power Consumption] Peak: 30.5247, Dynamic: 20.8452
[DTM Trigger] CPU_MAX(THRES): 106.433(105.000), DRAM_MAX(THRES): 87.779(87.000)
	Current DTM method: 2
[HOT!] CPU is too hot!
[SNIPER_STATS_MANAGER] Setting frequency for core 0 in DVFS domain 0 to 1596 MHz
[SNIPER_STATS_MANAGER] Setting frequency for core 1 in DVFS domain 1 to 1596 MHz
[SNIPER_STATS_MANAGER] Setting frequency for core 2 in DVFS domain 2 to 1596 MHz
[SNIPER_STATS_MANAGER] Setting frequency for core 3 in DVFS domain 3 to 1596 MHz
Here we try remapping!
-----and here we finish handling remapping results in cache controller! the Latency: 82
---invalid_cnt: 18432

************recordStats once at 623210
[Warning] power scale is less than 1, please check!
[Overall Power Consumption] Peak: 17.8756, Dynamic: 12.7344
[DTM Trigger] CPU_MAX(THRES): 100.344(105.000), DRAM_MAX(THRES): 88.199(87.000)
	Current DTM method: 2
[HOT!] DRAM is too hot!
[SNIPER_STATS_MANAGER] Setting frequency for core 0 in DVFS domain 0 to 1064 MHz
[SNIPER_STATS_MANAGER] Setting frequency for core 1 in DVFS domain 1 to 1064 MHz
[SNIPER_STATS_MANAGER] Setting frequency for core 2 in DVFS domain 2 to 1064 MHz
[SNIPER_STATS_MANAGER] Setting frequency for core 3 in DVFS domain 3 to 1064 MHz
Here we try remapping!
-----and here we finish handling remapping results in cache controller! the Latency: 30
---invalid_cnt: 6144

************recordStats once at 624220
[Warning] power scale is less than 1, please check!
[Overall Power Consumption] Peak: 12.257, Dynamic: 9.19041
[DTM Trigger] CPU_MAX(THRES): 95.895(105.000), DRAM_MAX(THRES): 88.224(87.000)
	Current DTM method: 2
[HOT!] DRAM is too hot!
[SNIPER_STATS_MANAGER] Setting frequency for core 0 in DVFS domain 0 to 532 MHz
[SNIPER_STATS_MANAGER] Setting frequency for core 1 in DVFS domain 1 to 532 MHz
[SNIPER_STATS_MANAGER] Setting frequency for core 2 in DVFS domain 2 to 532 MHz
[SNIPER_STATS_MANAGER] Setting frequency for core 3 in DVFS domain 3 to 532 MHz
Here we try remapping!
-----and here we finish handling remapping results in cache controller! the Latency: 0
---invalid_cnt: 0

************recordStats once at 625198
[Warning] power scale is less than 1, please check!
[Overall Power Consumption] Peak: 6.85706, Dynamic: 6.31928
[DTM Trigger] CPU_MAX(THRES): 91.251(105.000), DRAM_MAX(THRES): 87.311(87.000)
	Current DTM method: 2
[HOT!] DRAM is too hot!
Here we try remapping!
-----and here we finish handling remapping results in cache controller! the Latency: 0
---invalid_cnt: 0

************recordStats once at 626132
[Warning] power scale is less than 1, please check!
[Overall Power Consumption] Peak: 5.14301, Dynamic: 4.07872
[DTM Trigger] CPU_MAX(THRES): 89.101(105.000), DRAM_MAX(THRES): 86.373(87.000)
	Current DTM method: 2
[SNIPER_STATS_MANAGER] Setting frequency for core 0 in DVFS domain 0 to 1064 MHz
[SNIPER_STATS_MANAGER] Setting frequency for core 1 in DVFS domain 1 to 1064 MHz
[SNIPER_STATS_MANAGER] Setting frequency for core 2 in DVFS domain 2 to 1064 MHz
[SNIPER_STATS_MANAGER] Setting frequency for core 3 in DVFS domain 3 to 1064 MHz
Here we try remapping!
-----and here we finish handling remapping results in cache controller! the Latency: 0
---invalid_cnt: 0

************recordStats once at 627226
[Warning] power scale is less than 1, please check!
[Overall Power Consumption] Peak: 8.03995, Dynamic: 4.72213
[DTM Trigger] CPU_MAX(THRES): 89.327(105.000), DRAM_MAX(THRES): 86.775(87.000)
	Current DTM method: 2
[SNIPER_STATS_MANAGER] Setting frequency for core 0 in DVFS domain 0 to 1596 MHz
[SNIPER_STATS_MANAGER] Setting frequency for core 1 in DVFS domain 1 to 1596 MHz
[SNIPER_STATS_MANAGER] Setting frequency for core 2 in DVFS domain 2 to 1596 MHz
[SNIPER_STATS_MANAGER] Setting frequency for core 3 in DVFS domain 3 to 1596 MHz
Here we try remapping!
-----and here we finish handling remapping results in cache controller! the Latency: 0
---invalid_cnt: 0

************recordStats once at 628226
[Warning] power scale is less than 1, please check!
[Overall Power Consumption] Peak: 13.8635, Dynamic: 8.03907
[DTM Trigger] CPU_MAX(THRES): 91.022(105.000), DRAM_MAX(THRES): 86.528(87.000)
	Current DTM method: 2
[SNIPER_STATS_MANAGER] Setting frequency for core 0 in DVFS domain 0 to 2128 MHz
[SNIPER_STATS_MANAGER] Setting frequency for core 1 in DVFS domain 1 to 2128 MHz
[SNIPER_STATS_MANAGER] Setting frequency for core 2 in DVFS domain 2 to 2128 MHz
[SNIPER_STATS_MANAGER] Setting frequency for core 3 in DVFS domain 3 to 2128 MHz
Here we try remapping!
-----and here we finish handling remapping results in cache controller! the Latency: 0
---invalid_cnt: 0

************recordStats once at 629225
[Warning] power scale is less than 1, please check!
[Overall Power Consumption] Peak: 25.3316, Dynamic: 14.6409
[DTM Trigger] CPU_MAX(THRES): 97.479(105.000), DRAM_MAX(THRES): 86.465(87.000)
	Current DTM method: 2
[SNIPER_STATS_MANAGER] Setting frequency for core 0 in DVFS domain 0 to 2660 MHz
[SNIPER_STATS_MANAGER] Setting frequency for core 1 in DVFS domain 1 to 2660 MHz
[SNIPER_STATS_MANAGER] Setting frequency for core 2 in DVFS domain 2 to 2660 MHz
[SNIPER_STATS_MANAGER] Setting frequency for core 3 in DVFS domain 3 to 2660 MHz
Here we try remapping!
-----and here we finish handling remapping results in cache controller! the Latency: 0
---invalid_cnt: 0

************recordStats once at 630215
[Warning] power scale is less than 1, please check!
[Overall Power Consumption] Peak: 31.1395, Dynamic: 17.5322
[DTM Trigger] CPU_MAX(THRES): 102.852(105.000), DRAM_MAX(THRES): 86.727(87.000)
	Current DTM method: 2
Here we try remapping!
-----and here we finish handling remapping results in cache controller! the Latency: 0
---invalid_cnt: 0

************recordStats once at 631227
[Warning] power scale is less than 1, please check!
[Overall Power Consumption] Peak: 33.7596, Dynamic: 20.7681
[DTM Trigger] CPU_MAX(THRES): 106.790(105.000), DRAM_MAX(THRES): 87.220(87.000)
	Current DTM method: 2
[HOT!] CPU is too hot!
[SNIPER_STATS_MANAGER] Setting frequency for core 0 in DVFS domain 0 to 2128 MHz
[SNIPER_STATS_MANAGER] Setting frequency for core 1 in DVFS domain 1 to 2128 MHz
[SNIPER_STATS_MANAGER] Setting frequency for core 2 in DVFS domain 2 to 2128 MHz
[SNIPER_STATS_MANAGER] Setting frequency for core 3 in DVFS domain 3 to 2128 MHz
Here we try remapping!
-----and here we finish handling remapping results in cache controller! the Latency: 47
---invalid_cnt: 12288

************recordStats once at 632221
[Warning] power scale is less than 1, please check!
[Overall Power Consumption] Peak: 30.4244, Dynamic: 20.6925
[DTM Trigger] CPU_MAX(THRES): 106.366(105.000), DRAM_MAX(THRES): 87.809(87.000)
	Current DTM method: 2
[HOT!] CPU is too hot!
[SNIPER_STATS_MANAGER] Setting frequency for core 0 in DVFS domain 0 to 1596 MHz
[SNIPER_STATS_MANAGER] Setting frequency for core 1 in DVFS domain 1 to 1596 MHz
[SNIPER_STATS_MANAGER] Setting frequency for core 2 in DVFS domain 2 to 1596 MHz
[SNIPER_STATS_MANAGER] Setting frequency for core 3 in DVFS domain 3 to 1596 MHz
Here we try remapping!
-----and here we finish handling remapping results in cache controller! the Latency: 92
---invalid_cnt: 20480

************recordStats once at 633187
[Warning] power scale is less than 1, please check!
[Overall Power Consumption] Peak: 17.9763, Dynamic: 12.8722
[DTM Trigger] CPU_MAX(THRES): 100.381(105.000), DRAM_MAX(THRES): 88.225(87.000)
	Current DTM method: 2
[HOT!] DRAM is too hot!
[SNIPER_STATS_MANAGER] Setting frequency for core 0 in DVFS domain 0 to 1064 MHz
[SNIPER_STATS_MANAGER] Setting frequency for core 1 in DVFS domain 1 to 1064 MHz
[SNIPER_STATS_MANAGER] Setting frequency for core 2 in DVFS domain 2 to 1064 MHz
[SNIPER_STATS_MANAGER] Setting frequency for core 3 in DVFS domain 3 to 1064 MHz
Here we try remapping!
-----and here we finish handling remapping results in cache controller! the Latency: 162
---invalid_cnt: 10240

************recordStats once at 634220
[Warning] power scale is less than 1, please check!
[Overall Power Consumption] Peak: 12.4668, Dynamic: 9.17965
[DTM Trigger] CPU_MAX(THRES): 95.977(105.000), DRAM_MAX(THRES): 88.259(87.000)
	Current DTM method: 2
[HOT!] DRAM is too hot!
[SNIPER_STATS_MANAGER] Setting frequency for core 0 in DVFS domain 0 to 532 MHz
[SNIPER_STATS_MANAGER] Setting frequency for core 1 in DVFS domain 1 to 532 MHz
[SNIPER_STATS_MANAGER] Setting frequency for core 2 in DVFS domain 2 to 532 MHz
[SNIPER_STATS_MANAGER] Setting frequency for core 3 in DVFS domain 3 to 532 MHz
Here we try remapping!
-----and here we finish handling remapping results in cache controller! the Latency: 0
---invalid_cnt: 0

************recordStats once at 635114
[Warning] power scale is less than 1, please check!
[Overall Power Consumption] Peak: 6.7942, Dynamic: 6.06804
[DTM Trigger] CPU_MAX(THRES): 91.456(105.000), DRAM_MAX(THRES): 87.043(87.000)
	Current DTM method: 2
[HOT!] DRAM is too hot!
Here we try remapping!
-----and here we finish handling remapping results in cache controller! the Latency: 0
---invalid_cnt: 0

************recordStats once at 636226
[Warning] power scale is less than 1, please check!
[Overall Power Consumption] Peak: 5.21169, Dynamic: 4.1174
[DTM Trigger] CPU_MAX(THRES): 89.203(105.000), DRAM_MAX(THRES): 86.177(87.000)
	Current DTM method: 2
[SNIPER_STATS_MANAGER] Setting frequency for core 0 in DVFS domain 0 to 1064 MHz
[SNIPER_STATS_MANAGER] Setting frequency for core 1 in DVFS domain 1 to 1064 MHz
[SNIPER_STATS_MANAGER] Setting frequency for core 2 in DVFS domain 2 to 1064 MHz
[SNIPER_STATS_MANAGER] Setting frequency for core 3 in DVFS domain 3 to 1064 MHz
Here we try remapping!
-----and here we finish handling remapping results in cache controller! the Latency: 0
---invalid_cnt: 0

************recordStats once at 637220
[Warning] power scale is less than 1, please check!
[Overall Power Consumption] Peak: 8.10554, Dynamic: 4.75886
[DTM Trigger] CPU_MAX(THRES): 89.389(105.000), DRAM_MAX(THRES): 86.779(87.000)
	Current DTM method: 2
[SNIPER_STATS_MANAGER] Setting frequency for core 0 in DVFS domain 0 to 1596 MHz
[SNIPER_STATS_MANAGER] Setting frequency for core 1 in DVFS domain 1 to 1596 MHz
[SNIPER_STATS_MANAGER] Setting frequency for core 2 in DVFS domain 2 to 1596 MHz
[SNIPER_STATS_MANAGER] Setting frequency for core 3 in DVFS domain 3 to 1596 MHz
Here we try remapping!
-----and here we finish handling remapping results in cache controller! the Latency: 0
---invalid_cnt: 0

************recordStats once at 638226
[Warning] power scale is less than 1, please check!
[Overall Power Consumption] Peak: 13.7235, Dynamic: 7.94482
[DTM Trigger] CPU_MAX(THRES): 91.030(105.000), DRAM_MAX(THRES): 86.560(87.000)
	Current DTM method: 2
[SNIPER_STATS_MANAGER] Setting frequency for core 0 in DVFS domain 0 to 2128 MHz
[SNIPER_STATS_MANAGER] Setting frequency for core 1 in DVFS domain 1 to 2128 MHz
[SNIPER_STATS_MANAGER] Setting frequency for core 2 in DVFS domain 2 to 2128 MHz
[SNIPER_STATS_MANAGER] Setting frequency for core 3 in DVFS domain 3 to 2128 MHz
Here we try remapping!
-----and here we finish handling remapping results in cache controller! the Latency: 0
---invalid_cnt: 0

************recordStats once at 639224
[Warning] power scale is less than 1, please check!
[Overall Power Consumption] Peak: 25.2689, Dynamic: 14.5546
[DTM Trigger] CPU_MAX(THRES): 97.122(105.000), DRAM_MAX(THRES): 86.509(87.000)
	Current DTM method: 2
[SNIPER_STATS_MANAGER] Setting frequency for core 0 in DVFS domain 0 to 2660 MHz
[SNIPER_STATS_MANAGER] Setting frequency for core 1 in DVFS domain 1 to 2660 MHz
[SNIPER_STATS_MANAGER] Setting frequency for core 2 in DVFS domain 2 to 2660 MHz
[SNIPER_STATS_MANAGER] Setting frequency for core 3 in DVFS domain 3 to 2660 MHz
Here we try remapping!
-----and here we finish handling remapping results in cache controller! the Latency: 0
---invalid_cnt: 0

************recordStats once at 640227
[Warning] power scale is less than 1, please check!
[Overall Power Consumption] Peak: 31.0038, Dynamic: 17.3423
[DTM Trigger] CPU_MAX(THRES): 102.461(105.000), DRAM_MAX(THRES): 86.790(87.000)
	Current DTM method: 2
Here we try remapping!
-----and here we finish handling remapping results in cache controller! the Latency: 0
---invalid_cnt: 0

************recordStats once at 641207
[Warning] power scale is less than 1, please check!
[Overall Power Consumption] Peak: 33.7472, Dynamic: 20.658
[DTM Trigger] CPU_MAX(THRES): 106.386(105.000), DRAM_MAX(THRES): 87.292(87.000)
	Current DTM method: 2
[HOT!] CPU is too hot!
[SNIPER_STATS_MANAGER] Setting frequency for core 0 in DVFS domain 0 to 2128 MHz
[SNIPER_STATS_MANAGER] Setting frequency for core 1 in DVFS domain 1 to 2128 MHz
[SNIPER_STATS_MANAGER] Setting frequency for core 2 in DVFS domain 2 to 2128 MHz
[SNIPER_STATS_MANAGER] Setting frequency for core 3 in DVFS domain 3 to 2128 MHz
Here we try remapping!
-----and here we finish handling remapping results in cache controller! the Latency: 47
---invalid_cnt: 12288

************recordStats once at 642226
[Warning] power scale is less than 1, please check!
[Overall Power Consumption] Peak: 29.9975, Dynamic: 20.3404
[DTM Trigger] CPU_MAX(THRES): 106.098(105.000), DRAM_MAX(THRES): 87.873(87.000)
	Current DTM method: 2
[HOT!] CPU is too hot!
[SNIPER_STATS_MANAGER] Setting frequency for core 0 in DVFS domain 0 to 1596 MHz
[SNIPER_STATS_MANAGER] Setting frequency for core 1 in DVFS domain 1 to 1596 MHz
[SNIPER_STATS_MANAGER] Setting frequency for core 2 in DVFS domain 2 to 1596 MHz
[SNIPER_STATS_MANAGER] Setting frequency for core 3 in DVFS domain 3 to 1596 MHz
Here we try remapping!
-----and here we finish handling remapping results in cache controller! the Latency: 101
---invalid_cnt: 22528

************recordStats once at 643226
[Warning] power scale is less than 1, please check!
[Overall Power Consumption] Peak: 17.9296, Dynamic: 12.7476
[DTM Trigger] CPU_MAX(THRES): 100.289(105.000), DRAM_MAX(THRES): 88.269(87.000)
	Current DTM method: 2
[HOT!] DRAM is too hot!
[SNIPER_STATS_MANAGER] Setting frequency for core 0 in DVFS domain 0 to 1064 MHz
[SNIPER_STATS_MANAGER] Setting frequency for core 1 in DVFS domain 1 to 1064 MHz
[SNIPER_STATS_MANAGER] Setting frequency for core 2 in DVFS domain 2 to 1064 MHz
[SNIPER_STATS_MANAGER] Setting frequency for core 3 in DVFS domain 3 to 1064 MHz
Here we try remapping!
-----and here we finish handling remapping results in cache controller! the Latency: 149
---invalid_cnt: 10240

************recordStats once at 644226
[Warning] power scale is less than 1, please check!
[Overall Power Consumption] Peak: 12.0959, Dynamic: 9.22963
[DTM Trigger] CPU_MAX(THRES): 95.752(105.000), DRAM_MAX(THRES): 88.293(87.000)
	Current DTM method: 2
[HOT!] DRAM is too hot!
[SNIPER_STATS_MANAGER] Setting frequency for core 0 in DVFS domain 0 to 532 MHz
[SNIPER_STATS_MANAGER] Setting frequency for core 1 in DVFS domain 1 to 532 MHz
[SNIPER_STATS_MANAGER] Setting frequency for core 2 in DVFS domain 2 to 532 MHz
[SNIPER_STATS_MANAGER] Setting frequency for core 3 in DVFS domain 3 to 532 MHz
Here we try remapping!
-----and here we finish handling remapping results in cache controller! the Latency: 0
---invalid_cnt: 0

************recordStats once at 645199
[Warning] power scale is less than 1, please check!
[Overall Power Consumption] Peak: 6.77865, Dynamic: 6.10205
[DTM Trigger] CPU_MAX(THRES): 91.288(105.000), DRAM_MAX(THRES): 87.157(87.000)
	Current DTM method: 2
[HOT!] DRAM is too hot!
Here we try remapping!
-----and here we finish handling remapping results in cache controller! the Latency: 0
---invalid_cnt: 0

************recordStats once at 646219
[Warning] power scale is less than 1, please check!
[Overall Power Consumption] Peak: 5.25714, Dynamic: 4.13629
[DTM Trigger] CPU_MAX(THRES): 89.158(105.000), DRAM_MAX(THRES): 86.519(87.000)
	Current DTM method: 2
[SNIPER_STATS_MANAGER] Setting frequency for core 0 in DVFS domain 0 to 1064 MHz
[SNIPER_STATS_MANAGER] Setting frequency for core 1 in DVFS domain 1 to 1064 MHz
[SNIPER_STATS_MANAGER] Setting frequency for core 2 in DVFS domain 2 to 1064 MHz
[SNIPER_STATS_MANAGER] Setting frequency for core 3 in DVFS domain 3 to 1064 MHz
Here we try remapping!
-----and here we finish handling remapping results in cache controller! the Latency: 0
---invalid_cnt: 0

************recordStats once at 647219
[Warning] power scale is less than 1, please check!
[Overall Power Consumption] Peak: 7.94742, Dynamic: 4.65655
[DTM Trigger] CPU_MAX(THRES): 89.254(105.000), DRAM_MAX(THRES): 86.852(87.000)
	Current DTM method: 2
[SNIPER_STATS_MANAGER] Setting frequency for core 0 in DVFS domain 0 to 1596 MHz
[SNIPER_STATS_MANAGER] Setting frequency for core 1 in DVFS domain 1 to 1596 MHz
[SNIPER_STATS_MANAGER] Setting frequency for core 2 in DVFS domain 2 to 1596 MHz
[SNIPER_STATS_MANAGER] Setting frequency for core 3 in DVFS domain 3 to 1596 MHz
Here we try remapping!
-----and here we finish handling remapping results in cache controller! the Latency: 0
---invalid_cnt: 0

************recordStats once at 648227
[Warning] power scale is less than 1, please check!
[Overall Power Consumption] Peak: 13.8381, Dynamic: 8.00957
[DTM Trigger] CPU_MAX(THRES): 91.183(105.000), DRAM_MAX(THRES): 86.595(87.000)
	Current DTM method: 2
[SNIPER_STATS_MANAGER] Setting frequency for core 0 in DVFS domain 0 to 2128 MHz
[SNIPER_STATS_MANAGER] Setting frequency for core 1 in DVFS domain 1 to 2128 MHz
[SNIPER_STATS_MANAGER] Setting frequency for core 2 in DVFS domain 2 to 2128 MHz
[SNIPER_STATS_MANAGER] Setting frequency for core 3 in DVFS domain 3 to 2128 MHz
Here we try remapping!
-----and here we finish handling remapping results in cache controller! the Latency: 0
---invalid_cnt: 0

************recordStats once at 649226
[Warning] power scale is less than 1, please check!
[Overall Power Consumption] Peak: 25.2445, Dynamic: 14.5188
[DTM Trigger] CPU_MAX(THRES): 97.313(105.000), DRAM_MAX(THRES): 86.540(87.000)
	Current DTM method: 2
[SNIPER_STATS_MANAGER] Setting frequency for core 0 in DVFS domain 0 to 2660 MHz
[SNIPER_STATS_MANAGER] Setting frequency for core 1 in DVFS domain 1 to 2660 MHz
[SNIPER_STATS_MANAGER] Setting frequency for core 2 in DVFS domain 2 to 2660 MHz
[SNIPER_STATS_MANAGER] Setting frequency for core 3 in DVFS domain 3 to 2660 MHz
Here we try remapping!
-----and here we finish handling remapping results in cache controller! the Latency: 0
---invalid_cnt: 0

************recordStats once at 650227
[Warning] power scale is less than 1, please check!
[Overall Power Consumption] Peak: 26.1341, Dynamic: 12.949
[DTM Trigger] CPU_MAX(THRES): 103.681(105.000), DRAM_MAX(THRES): 86.666(87.000)
	Current DTM method: 2
Here we try remapping!
-----and here we finish handling remapping results in cache controller! the Latency: 0
---invalid_cnt: 0

************recordStats once at 651227
[Warning] power scale is less than 1, please check!
[Overall Power Consumption] Peak: 26.5132, Dynamic: 11.9732
[DTM Trigger] CPU_MAX(THRES): 101.979(105.000), DRAM_MAX(THRES): 87.641(87.000)
	Current DTM method: 2
[HOT!] DRAM is too hot!
[SNIPER_STATS_MANAGER] Setting frequency for core 0 in DVFS domain 0 to 2128 MHz
[SNIPER_STATS_MANAGER] Setting frequency for core 1 in DVFS domain 1 to 2128 MHz
[SNIPER_STATS_MANAGER] Setting frequency for core 2 in DVFS domain 2 to 2128 MHz
[SNIPER_STATS_MANAGER] Setting frequency for core 3 in DVFS domain 3 to 2128 MHz
Here we try remapping!
-----and here we finish handling remapping results in cache controller! the Latency: 0
---invalid_cnt: 0

************recordStats once at 652227
[Warning] power scale is less than 1, please check!
[Overall Power Consumption] Peak: 25.7818, Dynamic: 14.0925
[DTM Trigger] CPU_MAX(THRES): 97.716(105.000), DRAM_MAX(THRES): 88.893(87.000)
	Current DTM method: 2
[HOT!] DRAM is too hot!
[SNIPER_STATS_MANAGER] Setting frequency for core 0 in DVFS domain 0 to 1596 MHz
[SNIPER_STATS_MANAGER] Setting frequency for core 1 in DVFS domain 1 to 1596 MHz
[SNIPER_STATS_MANAGER] Setting frequency for core 2 in DVFS domain 2 to 1596 MHz
[SNIPER_STATS_MANAGER] Setting frequency for core 3 in DVFS domain 3 to 1596 MHz
Here we try remapping!
-----and here we finish handling remapping results in cache controller! the Latency: 67
---invalid_cnt: 2048
[SNIPER] Disabling performance models
[SNIPER] Leaving ROI after 8894.30 seconds

************recordStats once at 653031

************recordStats once at 653031
[Warning] power scale is less than 1, please check!
[Overall Power Consumption] Peak: 15.9889, Dynamic: 10.071
[DTM Trigger] CPU_MAX(THRES): 93.612(105.000), DRAM_MAX(THRES): 89.733(87.000)
	Current DTM method: 2
[HOT!] DRAM is too hot!
[SNIPER_STATS_MANAGER] Setting frequency for core 0 in DVFS domain 0 to 1064 MHz
[SNIPER_STATS_MANAGER] Setting frequency for core 1 in DVFS domain 1 to 1064 MHz
[SNIPER_STATS_MANAGER] Setting frequency for core 2 in DVFS domain 2 to 1064 MHz
[SNIPER_STATS_MANAGER] Setting frequency for core 3 in DVFS domain 3 to 1064 MHz
Here we try remapping!
[Warning] power scale is less than 1, please check!
[Overall Power Consumption] Peak: 11.1305, Dynamic: 8.4031
[DTM Trigger] CPU_MAX(THRES): 90.536(105.000), DRAM_MAX(THRES): 84.933(87.000)
	Current DTM method: 2
[SNIPER_STATS_MANAGER] Setting frequency for core 0 in DVFS domain 0 to 1596 MHz
[SNIPER_STATS_MANAGER] Setting frequency for core 1 in DVFS domain 1 to 1596 MHz
[SNIPER_STATS_MANAGER] Setting frequency for core 2 in DVFS domain 2 to 1596 MHz
[SNIPER_STATS_MANAGER] Setting frequency for core 3 in DVFS domain 3 to 1596 MHz
Here we try remapping!
[SNIPER] Simulated 2294.4M instructions, 1042.2M cycles, 2.20 IPC
[SNIPER] Simulation speed 257.6 KIPS (64.4 KIPS / target core - 15525.1ns/instr)
[SNIPER] Sampling: executed 18.00% of simulated time in detailed mode
[SNIPER] Setting instrumentation mode to FAST_FORWARD
[HOOKS] Leaving ROI

                 PROCESS STATISTICS
            Computation      Transpose     Transpose
 Proc          Time            Time        Fraction
    0         280622930     -1174422291      -4.18505

                 TIMING INFORMATION
Start time                        :       2113702880
Initialization finish time        :        325122763
Overall finish time               :        605745693
Total time with initialization    :      -1507957187
Total time without initialization :        280622930
Overall transpose time            :      -1174422291
Overall transpose fraction        :         -4.18505


************recordStats once at 653031
[Warning] power scale is less than 1, please check!
[Overall Power Consumption] Peak: 11.1305, Dynamic: 8.4031
[DTM Trigger] CPU_MAX(THRES): 89.190(105.000), DRAM_MAX(THRES): 83.520(87.000)
	Current DTM method: 2
[SNIPER_STATS_MANAGER] Setting frequency for core 0 in DVFS domain 0 to 2128 MHz
[SNIPER_STATS_MANAGER] Setting frequency for core 1 in DVFS domain 1 to 2128 MHz
[SNIPER_STATS_MANAGER] Setting frequency for core 2 in DVFS domain 2 to 2128 MHz
[SNIPER_STATS_MANAGER] Setting frequency for core 3 in DVFS domain 3 to 2128 MHz
Here we try remapping!

 ***** [DRAM_CACHE_Result] *****

*** DRAM Total Access: 18955687, page miss: 120020, block misses: 704074, miss: 824094, miss rate: 0.0434748
*** DRAM Total Access In ROI: 12809916, miss: 492033, miss rate: 0.0384103
*** DRAM Remap Times: 260096 invalid times, 413340 total invalid_blocks, 0 migrate times, 0 total migrate blocks.
*** DRAM Statistics: 2005238077 reads, 585925292 writes, 1237300049 row hits, 136134836 ACT time, 136134836 PRE time, 53557977 RD time, 14509440 WR time.

 ***** [DRAM_CACHE_Result] *****

[RAMULATOR OUTPUT]

**Total Ticks: 722981554

**Ramulator Active Cycles: 4.11547e+08

**DRAM Cycles: 7.22982e+08

**Maximum Bandwidth: 0

Number of Incoming Requests: 3.76477e+07

**Serving Request**
Channel_0: serving reads(23877821), serving writes(7074944).
Channel_1: serving reads(0), serving writes(0).
Channel_2: serving reads(0), serving writes(0).
Channel_3: serving reads(0), serving writes(0).
Channel_4: serving reads(0), serving writes(0).
Channel_5: serving reads(0), serving writes(0).
Channel_6: serving reads(0), serving writes(0).
Channel_7: serving reads(0), serving writes(0).
Channel_8: serving reads(0), serving writes(0).
Channel_9: serving reads(0), serving writes(0).
Channel_10: serving reads(0), serving writes(0).
Channel_11: serving reads(0), serving writes(0).
Channel_12: serving reads(0), serving writes(0).
Channel_13: serving reads(0), serving writes(0).
Channel_14: serving reads(0), serving writes(0).
Channel_15: serving reads(0), serving writes(0).
Channel_16: serving reads(0), serving writes(0).
Channel_17: serving reads(0), serving writes(0).
Channel_18: serving reads(0), serving writes(0).
Channel_19: serving reads(0), serving writes(0).
Channel_20: serving reads(0), serving writes(0).
Channel_21: serving reads(0), serving writes(0).
Channel_22: serving reads(0), serving writes(0).
Channel_23: serving reads(0), serving writes(0).
Channel_24: serving reads(0), serving writes(0).
Channel_25: serving reads(0), serving writes(0).
Channel_26: serving reads(0), serving writes(0).
Channel_27: serving reads(0), serving writes(0).
Channel_28: serving reads(0), serving writes(0).
Channel_29: serving reads(0), serving writes(0).
Channel_30: serving reads(0), serving writes(0).
Channel_31: serving reads(0), serving writes(0).
[RAMULATOR OUTPUT]
----[REMAP OUTPUT]---
*****HotAccess: 0
*****CoolAccess: 37334619
*****RemapAccess: 313060
---------------------

 ***** [REF/AC_Result] *****
{Summary}: 34816305 Hot Accesses, 10370367 Cool Accesses.

 ***** [REF/AC_Result] *****
                     Power     Energy    Energy %
  core-core         5.57 W     0.68  J     19.86%
  core-ifetch       0.74 W     0.09  J      2.64%
  core-alu          0.74 W     0.09  J      2.63%
  core-int          0.95 W     0.12  J      3.38%
  core-fp           1.46 W     0.18  J      5.20%
  core-mem          0.60 W     0.07  J      2.13%
  core-other        0.28 W     0.03  J      1.00%
  icache            0.40 W     0.05  J      1.41%
  dcache            2.16 W     0.27  J      7.71%
  dram             14.78 W     1.81  J     52.73%
  other             0.37 W     0.04  J      1.31%

  core             10.33 W     1.27  J     36.84%
  cache             2.56 W     0.31  J      9.12%
  total            28.02 W     3.44  J    100.00%
Warning: Unable to run gnuplot to create cpi stack graphs.  Maybe gnuplot is not installed?
[SNIPER] End
[SNIPER] Elapsed time: 11412.62 seconds
[SNIPER] Running McPAT
                                     | Core 0     | Core 1     | Core 2     | Core 3    
  Instructions                       |  573617111 |  573607008 |  573607091 |  573605874
  Cycles                             |  326661973 |  326661973 |  326661973 |  326661973
  IPC                                |       1.76 |       1.76 |       1.76 |       1.76
  Time (ns)                          |  122805253 |  122805253 |  122805253 |  122805253
  Idle time (ns)                     |    6374771 |     384373 |    1692305 |    1232388
  Idle time (%)                      |       5.2% |       0.3% |       1.4% |       1.0%
Branch predictor stats               |            |            |            |           
  num correct                        |   48911979 |   48909860 |   48909862 |   48909722
  num incorrect                      |     407942 |     408810 |     408815 |     408802
  misprediction rate                 |      0.83% |      0.83% |      0.83% |      0.83%
  mpki                               |       0.71 |       0.71 |       0.71 |       0.71
TLB Summary                          |            |            |            |           
  I-TLB                              |            |            |            |           
    num accesses                     |   78658961 |   78660667 |   78663739 |   78666679
    num misses                       |          5 |         29 |         31 |         31
    miss rate                        |      0.00% |      0.00% |      0.00% |      0.00%
    mpki                             |       0.00 |       0.00 |       0.00 |       0.00
  D-TLB                              |            |            |            |           
    num accesses                     |  142376439 |  142372468 |  142372492 |  142372033
    num misses                       |    3175003 |    3175129 |    3175009 |    3174997
    miss rate                        |      2.23% |      2.23% |      2.23% |      2.23%
    mpki                             |       5.54 |       5.54 |       5.54 |       5.54
  L2 TLB                             |            |            |            |           
    num accesses                     |    3175008 |    3175158 |    3175040 |    3175028
    num misses                       |    3101030 |    3101065 |    3101070 |    3101068
    miss rate                        |     97.67% |     97.67% |     97.67% |     97.67%
    mpki                             |       5.41 |       5.41 |       5.41 |       5.41
Cache Summary                        |            |            |            |           
  Cache L1-I                         |            |            |            |           
    num cache accesses               |   78658961 |   78660667 |   78663739 |   78666679
    num cache misses                 |       3021 |       3581 |       3413 |       3842
    miss rate                        |      0.00% |      0.00% |      0.00% |      0.00%
    mpki                             |       0.01 |       0.01 |       0.01 |       0.01
  Cache L1-D                         |            |            |            |           
    num cache accesses               |  142376570 |  142372557 |  142372581 |  142372129
    num cache misses                 |    7471415 |    7454884 |    7454901 |    7454891
    miss rate                        |      5.25% |      5.24% |      5.24% |      5.24%
    mpki                             |      13.03 |      13.00 |      13.00 |      13.00
  Cache L2                           |            |            |            |           
    num cache accesses               |    7997454 |    7981458 |    7981309 |    7981723
    num cache misses                 |    2369740 |    2370245 |    2370094 |    2370133
    miss rate                        |     29.63% |     29.70% |     29.70% |     29.69%
    mpki                             |       4.13 |       4.13 |       4.13 |       4.13
DRAM summary                         |            |            |            |           
  num dram accesses                  |   14710381 |          0 |          0 |          0
  average dram access latency (ns)   |      10.47 |        inf |        inf |        inf
  average dram queueing delay        |       0.00 |       0.00 |       0.00 |       0.00
  average dram bandwidth utilization |      0.00% |      0.00% |      0.00% |      0.00%
Coherency Traffic                    |            |            |            |           
  num loads from dram                |    1575311 |    1575154 |    1575287 |    1575620
  num loads from dram cache          |          0 |          0 |          0 |          0
  num loads from remote cache        |       2818 |       2926 |       2799 |       2460
[SPLASH] [----------    End of output    ----------]
[SPLASH] Done.
copy HotSpot and ramulator files to /scratch/miz087/results/hpca_final/7-24_cache_dram_remap1g_t87_splash2_fft_large
