[Benchmarks] set sniper output to rundir:  /scratch/miz087/results/hpca_final/7-24_cache_dram_t88_splash2_fft_large
/scratch/miz087/results/hpca_final/7-24_cache_dram_t88_splash2_fft_large
[SPLASH] Benchmarks to run: fft

[SPLASH] [========== Running benchmark fft ==========]
[SPLASH] Setting up run directory: /scratch/miz087/results/hpca_final/7-24_cache_dram_t88_splash2_fft_large
[SPLASH] Running 'SNIPER_APP_LD_PRELOAD=$LD_PRELOAD; unset LD_PRELOAD; /home_masters/miz087/workplace/micro_exp/run-sniper -n 4 -m 'localhost' -d '/scratch/miz087/results/hpca_final/7-24_cache_dram_t88_splash2_fft_large' -sthermalstats --power -c cache_dram -g --perf_model/thermal/dram_temp_thres=88 -s stop-by-icount:5000000000 --roi --curdir=/home_masters/miz087/workplace/micro_exp/benchmarks  --  /home_masters/miz087/workplace/micro_exp/benchmarks/splash2/splash2/codes/kernels/fft/FFT -m22 -p4':
[SPLASH] [---------- Beginning of output ----------]
[SNIPER] Start
----------BEGIN_INIT_STATS_MANAGER------------
----------END_INIT_STATS_MANAGER------------
[DvfsManager] Core 0 at 2.66 GHz (global clock 2.66 GHz)
[DvfsManager] Core 1 at 2.66 GHz (global clock 2.66 GHz)
[DvfsManager] Core 2 at 2.66 GHz (global clock 2.66 GHz)
[DvfsManager] Core 3 at 2.66 GHz (global clock 2.66 GHz)
Normal Cache Total set: 524288
now initialize a stacked dram unison cache
Executing Python script /scratch/miz087/results/hpca_final/7-24_cache_dram_t88_splash2_fft_large/sim.scripts.py
[STOPBYICOUNT] Waiting for application ROI
[STOPBYICOUNT] Then stopping after simulating at least 5000000000 instructions in detail
[SNIPER] --------------------------------------------------------------------------------
[SNIPER] Sniper using Pin frontend
[SNIPER] Running pre-ROI region in  CACHE_ONLY mode
[SNIPER] Running application ROI in DETAILED mode
[SNIPER] Running post-ROI region in FAST_FORWARD mode
[SNIPER] --------------------------------------------------------------------------------

************recordStats once at 0
[Warning] power scale is less than 1, please check!
[Overall Power Consumption] Peak: 0, Dynamic: 0
[Warning] the power of processor is too small, we skip the temperature calculation!

FFT with Blocking Transpose
   4194304 Complex Doubles
   4 Processors
   65536 Cache lines
   16 Byte line size
   4096 Bytes per page

[HOOKS] Entering ROI
[SNIPER] Enabling performance models

************recordStats once at 530325
[Warning] power scale is less than 1, please check!
[Overall Power Consumption] Peak: 0, Dynamic: 0
[Warning] the power of processor is too small, we skip the temperature calculation!
[STOPBYICOUNT] Application ROI started, now simulating 5000000000 in detail

************recordStats once at 530325
[Warning] power scale is less than 1, please check!
[Overall Power Consumption] Peak: 0, Dynamic: 0
[Warning] the power of processor is too small, we skip the temperature calculation!
[SNIPER] Setting instrumentation mode to DETAILED

************recordStats once at 531226
[Warning] power scale is less than 1, please check!
[Overall Power Consumption] Peak: 0, Dynamic: 0
[Warning] the power of processor is too small, we skip the temperature calculation!

************recordStats once at 532227
[Warning] power scale is less than 1, please check!
[Overall Power Consumption] Peak: 27.6389, Dynamic: 12.4184
*[Hotspot] begin initialization!
[DTM Trigger] CPU_MAX(THRES): 71.246(105.000), DRAM_MAX(THRES): 66.727(88.000)
	Current DTM method: 2
Here we try remapping!
-----and here we finish handling remapping results in cache controller! the Latency: 0
---invalid_cnt: 0

************recordStats once at 533226
[Warning] power scale is less than 1, please check!
[Overall Power Consumption] Peak: 29.0131, Dynamic: 13.5303
[DTM Trigger] CPU_MAX(THRES): 77.131(105.000), DRAM_MAX(THRES): 70.254(88.000)
	Current DTM method: 2
Here we try remapping!
-----and here we finish handling remapping results in cache controller! the Latency: 0
---invalid_cnt: 0

************recordStats once at 534226
[Warning] power scale is less than 1, please check!
[Overall Power Consumption] Peak: 29.1493, Dynamic: 13.6926
[DTM Trigger] CPU_MAX(THRES): 80.490(105.000), DRAM_MAX(THRES): 72.979(88.000)
	Current DTM method: 2
Here we try remapping!
-----and here we finish handling remapping results in cache controller! the Latency: 0
---invalid_cnt: 0

************recordStats once at 535226
[Warning] power scale is less than 1, please check!
[Overall Power Consumption] Peak: 32.9518, Dynamic: 18.0137
[DTM Trigger] CPU_MAX(THRES): 87.764(105.000), DRAM_MAX(THRES): 74.346(88.000)
	Current DTM method: 2
Here we try remapping!
-----and here we finish handling remapping results in cache controller! the Latency: 0
---invalid_cnt: 0

************recordStats once at 536226
[Warning] power scale is less than 1, please check!
[Overall Power Consumption] Peak: 33.7251, Dynamic: 20.0034
[DTM Trigger] CPU_MAX(THRES): 90.193(105.000), DRAM_MAX(THRES): 75.345(88.000)
	Current DTM method: 2
Here we try remapping!
-----and here we finish handling remapping results in cache controller! the Latency: 0
---invalid_cnt: 0

************recordStats once at 537226
[Warning] power scale is less than 1, please check!
[Overall Power Consumption] Peak: 33.7465, Dynamic: 20.0917
[DTM Trigger] CPU_MAX(THRES): 92.542(105.000), DRAM_MAX(THRES): 76.542(88.000)
	Current DTM method: 2
Here we try remapping!
-----and here we finish handling remapping results in cache controller! the Latency: 0
---invalid_cnt: 0

************recordStats once at 538226
[Warning] power scale is less than 1, please check!
[Overall Power Consumption] Peak: 33.8285, Dynamic: 20.1418
[DTM Trigger] CPU_MAX(THRES): 94.777(105.000), DRAM_MAX(THRES): 77.769(88.000)
	Current DTM method: 2
Here we try remapping!
-----and here we finish handling remapping results in cache controller! the Latency: 0
---invalid_cnt: 0

************recordStats once at 539226
[Warning] power scale is less than 1, please check!
[Overall Power Consumption] Peak: 33.7372, Dynamic: 20.0841
[DTM Trigger] CPU_MAX(THRES): 96.718(105.000), DRAM_MAX(THRES): 78.960(88.000)
	Current DTM method: 2
Here we try remapping!
-----and here we finish handling remapping results in cache controller! the Latency: 0
---invalid_cnt: 0

************recordStats once at 540226
[Warning] power scale is less than 1, please check!
[Overall Power Consumption] Peak: 33.7675, Dynamic: 20.0637
[DTM Trigger] CPU_MAX(THRES): 98.335(105.000), DRAM_MAX(THRES): 80.090(88.000)
	Current DTM method: 2
Here we try remapping!
-----and here we finish handling remapping results in cache controller! the Latency: 0
---invalid_cnt: 0

************recordStats once at 541226
[Warning] power scale is less than 1, please check!
[Overall Power Consumption] Peak: 33.7213, Dynamic: 20.0743
[DTM Trigger] CPU_MAX(THRES): 99.794(105.000), DRAM_MAX(THRES): 81.156(88.000)
	Current DTM method: 2
Here we try remapping!
-----and here we finish handling remapping results in cache controller! the Latency: 0
---invalid_cnt: 0

************recordStats once at 542226
[Warning] power scale is less than 1, please check!
[Overall Power Consumption] Peak: 33.7441, Dynamic: 20.0878
[DTM Trigger] CPU_MAX(THRES): 101.240(105.000), DRAM_MAX(THRES): 82.151(88.000)
	Current DTM method: 2
Here we try remapping!
-----and here we finish handling remapping results in cache controller! the Latency: 0
---invalid_cnt: 0

************recordStats once at 543223
[Warning] power scale is less than 1, please check!
[Overall Power Consumption] Peak: 33.7922, Dynamic: 20.109
[DTM Trigger] CPU_MAX(THRES): 102.242(105.000), DRAM_MAX(THRES): 83.075(88.000)
	Current DTM method: 2
Here we try remapping!
-----and here we finish handling remapping results in cache controller! the Latency: 0
---invalid_cnt: 0

************recordStats once at 544226
[Warning] power scale is less than 1, please check!
[Overall Power Consumption] Peak: 33.7215, Dynamic: 20.0822
[DTM Trigger] CPU_MAX(THRES): 103.468(105.000), DRAM_MAX(THRES): 83.933(88.000)
	Current DTM method: 2
Here we try remapping!
-----and here we finish handling remapping results in cache controller! the Latency: 0
---invalid_cnt: 0

************recordStats once at 545224
[Warning] power scale is less than 1, please check!
[Overall Power Consumption] Peak: 33.7707, Dynamic: 20.0929
[DTM Trigger] CPU_MAX(THRES): 104.360(105.000), DRAM_MAX(THRES): 84.720(88.000)
	Current DTM method: 2
Here we try remapping!
-----and here we finish handling remapping results in cache controller! the Latency: 0
---invalid_cnt: 0

************recordStats once at 546226
[Warning] power scale is less than 1, please check!
[Overall Power Consumption] Peak: 33.5735, Dynamic: 19.9164
[DTM Trigger] CPU_MAX(THRES): 105.281(105.000), DRAM_MAX(THRES): 85.447(88.000)
	Current DTM method: 2
[HOT!] CPU is too hot!
[SNIPER_STATS_MANAGER] Setting frequency for core 0 in DVFS domain 0 to 2128 MHz
[SNIPER_STATS_MANAGER] Setting frequency for core 1 in DVFS domain 1 to 2128 MHz
[SNIPER_STATS_MANAGER] Setting frequency for core 2 in DVFS domain 2 to 2128 MHz
[SNIPER_STATS_MANAGER] Setting frequency for core 3 in DVFS domain 3 to 2128 MHz
Here we try remapping!
-----and here we finish handling remapping results in cache controller! the Latency: 0
---invalid_cnt: 0

************recordStats once at 547226
[Warning] power scale is less than 1, please check!
[Overall Power Consumption] Peak: 30.3949, Dynamic: 20.0264
[DTM Trigger] CPU_MAX(THRES): 104.329(105.000), DRAM_MAX(THRES): 86.098(88.000)
	Current DTM method: 2
[SNIPER_STATS_MANAGER] Setting frequency for core 0 in DVFS domain 0 to 2660 MHz
[SNIPER_STATS_MANAGER] Setting frequency for core 1 in DVFS domain 1 to 2660 MHz
[SNIPER_STATS_MANAGER] Setting frequency for core 2 in DVFS domain 2 to 2660 MHz
[SNIPER_STATS_MANAGER] Setting frequency for core 3 in DVFS domain 3 to 2660 MHz
Here we try remapping!
-----and here we finish handling remapping results in cache controller! the Latency: 0
---invalid_cnt: 0

************recordStats once at 548226
[Warning] power scale is less than 1, please check!
[Overall Power Consumption] Peak: 31.2251, Dynamic: 17.1244
[DTM Trigger] CPU_MAX(THRES): 104.799(105.000), DRAM_MAX(THRES): 86.698(88.000)
	Current DTM method: 2
Here we try remapping!
-----and here we finish handling remapping results in cache controller! the Latency: 0
---invalid_cnt: 0

************recordStats once at 549226
[Warning] power scale is less than 1, please check!
[Overall Power Consumption] Peak: 33.5515, Dynamic: 19.9061
[DTM Trigger] CPU_MAX(THRES): 106.988(105.000), DRAM_MAX(THRES): 87.194(88.000)
	Current DTM method: 2
[HOT!] CPU is too hot!
[SNIPER_STATS_MANAGER] Setting frequency for core 0 in DVFS domain 0 to 2128 MHz
[SNIPER_STATS_MANAGER] Setting frequency for core 1 in DVFS domain 1 to 2128 MHz
[SNIPER_STATS_MANAGER] Setting frequency for core 2 in DVFS domain 2 to 2128 MHz
[SNIPER_STATS_MANAGER] Setting frequency for core 3 in DVFS domain 3 to 2128 MHz
Here we try remapping!
-----and here we finish handling remapping results in cache controller! the Latency: 0
---invalid_cnt: 0

************recordStats once at 550226
[Warning] power scale is less than 1, please check!
[Overall Power Consumption] Peak: 30.3026, Dynamic: 19.947
[DTM Trigger] CPU_MAX(THRES): 106.294(105.000), DRAM_MAX(THRES): 87.685(88.000)
	Current DTM method: 2
[HOT!] CPU is too hot!
[SNIPER_STATS_MANAGER] Setting frequency for core 0 in DVFS domain 0 to 1596 MHz
[SNIPER_STATS_MANAGER] Setting frequency for core 1 in DVFS domain 1 to 1596 MHz
[SNIPER_STATS_MANAGER] Setting frequency for core 2 in DVFS domain 2 to 1596 MHz
[SNIPER_STATS_MANAGER] Setting frequency for core 3 in DVFS domain 3 to 1596 MHz
Here we try remapping!
-----and here we finish handling remapping results in cache controller! the Latency: 0
---invalid_cnt: 0

************recordStats once at 551226
[Warning] power scale is less than 1, please check!
[Overall Power Consumption] Peak: 17.9672, Dynamic: 12.4084
[DTM Trigger] CPU_MAX(THRES): 99.995(105.000), DRAM_MAX(THRES): 88.000(88.000)
	Current DTM method: 2
[HOT!] DRAM is too hot!
[SNIPER_STATS_MANAGER] Setting frequency for core 0 in DVFS domain 0 to 1064 MHz
[SNIPER_STATS_MANAGER] Setting frequency for core 1 in DVFS domain 1 to 1064 MHz
[SNIPER_STATS_MANAGER] Setting frequency for core 2 in DVFS domain 2 to 1064 MHz
[SNIPER_STATS_MANAGER] Setting frequency for core 3 in DVFS domain 3 to 1064 MHz
Here we try remapping!
-----and here we finish handling remapping results in cache controller! the Latency: 0
---invalid_cnt: 0

************recordStats once at 552226
[Warning] power scale is less than 1, please check!
[Overall Power Consumption] Peak: 12.5188, Dynamic: 9.16893
[DTM Trigger] CPU_MAX(THRES): 95.390(105.000), DRAM_MAX(THRES): 87.956(88.000)
	Current DTM method: 2
[SNIPER_STATS_MANAGER] Setting frequency for core 0 in DVFS domain 0 to 1596 MHz
[SNIPER_STATS_MANAGER] Setting frequency for core 1 in DVFS domain 1 to 1596 MHz
[SNIPER_STATS_MANAGER] Setting frequency for core 2 in DVFS domain 2 to 1596 MHz
[SNIPER_STATS_MANAGER] Setting frequency for core 3 in DVFS domain 3 to 1596 MHz
Here we try remapping!
-----and here we finish handling remapping results in cache controller! the Latency: 0
---invalid_cnt: 0

************recordStats once at 553224
[Warning] power scale is less than 1, please check!
[Overall Power Consumption] Peak: 14.1143, Dynamic: 8.12406
[DTM Trigger] CPU_MAX(THRES): 94.217(105.000), DRAM_MAX(THRES): 87.664(88.000)
	Current DTM method: 2
[SNIPER_STATS_MANAGER] Setting frequency for core 0 in DVFS domain 0 to 2128 MHz
[SNIPER_STATS_MANAGER] Setting frequency for core 1 in DVFS domain 1 to 2128 MHz
[SNIPER_STATS_MANAGER] Setting frequency for core 2 in DVFS domain 2 to 2128 MHz
[SNIPER_STATS_MANAGER] Setting frequency for core 3 in DVFS domain 3 to 2128 MHz
Here we try remapping!
-----and here we finish handling remapping results in cache controller! the Latency: 0
---invalid_cnt: 0

************recordStats once at 554226
[Warning] power scale is less than 1, please check!
[Overall Power Consumption] Peak: 25.3575, Dynamic: 14.3272
[DTM Trigger] CPU_MAX(THRES): 99.028(105.000), DRAM_MAX(THRES): 87.453(88.000)
	Current DTM method: 2
[SNIPER_STATS_MANAGER] Setting frequency for core 0 in DVFS domain 0 to 2660 MHz
[SNIPER_STATS_MANAGER] Setting frequency for core 1 in DVFS domain 1 to 2660 MHz
[SNIPER_STATS_MANAGER] Setting frequency for core 2 in DVFS domain 2 to 2660 MHz
[SNIPER_STATS_MANAGER] Setting frequency for core 3 in DVFS domain 3 to 2660 MHz
Here we try remapping!
-----and here we finish handling remapping results in cache controller! the Latency: 0
---invalid_cnt: 0

************recordStats once at 555201
[Warning] power scale is less than 1, please check!
[Overall Power Consumption] Peak: 31.3098, Dynamic: 17.1772
[DTM Trigger] CPU_MAX(THRES): 103.683(105.000), DRAM_MAX(THRES): 87.566(88.000)
	Current DTM method: 2
Here we try remapping!
-----and here we finish handling remapping results in cache controller! the Latency: 0
---invalid_cnt: 0

************recordStats once at 556217
[Warning] power scale is less than 1, please check!
[Overall Power Consumption] Peak: 33.5262, Dynamic: 19.8502
[DTM Trigger] CPU_MAX(THRES): 106.769(105.000), DRAM_MAX(THRES): 87.920(88.000)
	Current DTM method: 2
[HOT!] CPU is too hot!
[SNIPER_STATS_MANAGER] Setting frequency for core 0 in DVFS domain 0 to 2128 MHz
[SNIPER_STATS_MANAGER] Setting frequency for core 1 in DVFS domain 1 to 2128 MHz
[SNIPER_STATS_MANAGER] Setting frequency for core 2 in DVFS domain 2 to 2128 MHz
[SNIPER_STATS_MANAGER] Setting frequency for core 3 in DVFS domain 3 to 2128 MHz
Here we try remapping!
-----and here we finish handling remapping results in cache controller! the Latency: 0
---invalid_cnt: 0

************recordStats once at 557226
[Warning] power scale is less than 1, please check!
[Overall Power Consumption] Peak: 30.2379, Dynamic: 19.9411
[DTM Trigger] CPU_MAX(THRES): 106.369(105.000), DRAM_MAX(THRES): 88.365(88.000)
	Current DTM method: 2
[HOT!] CPU is too hot!
[SNIPER_STATS_MANAGER] Setting frequency for core 0 in DVFS domain 0 to 1596 MHz
[SNIPER_STATS_MANAGER] Setting frequency for core 1 in DVFS domain 1 to 1596 MHz
[SNIPER_STATS_MANAGER] Setting frequency for core 2 in DVFS domain 2 to 1596 MHz
[SNIPER_STATS_MANAGER] Setting frequency for core 3 in DVFS domain 3 to 1596 MHz
Here we try remapping!
-----and here we finish handling remapping results in cache controller! the Latency: 0
---invalid_cnt: 0

************recordStats once at 558220
[Warning] power scale is less than 1, please check!
[Overall Power Consumption] Peak: 17.9856, Dynamic: 12.3659
[DTM Trigger] CPU_MAX(THRES): 100.415(105.000), DRAM_MAX(THRES): 88.641(88.000)
	Current DTM method: 2
[HOT!] DRAM is too hot!
[SNIPER_STATS_MANAGER] Setting frequency for core 0 in DVFS domain 0 to 1064 MHz
[SNIPER_STATS_MANAGER] Setting frequency for core 1 in DVFS domain 1 to 1064 MHz
[SNIPER_STATS_MANAGER] Setting frequency for core 2 in DVFS domain 2 to 1064 MHz
[SNIPER_STATS_MANAGER] Setting frequency for core 3 in DVFS domain 3 to 1064 MHz
Here we try remapping!
-----and here we finish handling remapping results in cache controller! the Latency: 0
---invalid_cnt: 0

************recordStats once at 559216
[Warning] power scale is less than 1, please check!
[Overall Power Consumption] Peak: 12.2368, Dynamic: 9.09028
[DTM Trigger] CPU_MAX(THRES): 95.742(105.000), DRAM_MAX(THRES): 88.572(88.000)
	Current DTM method: 2
[HOT!] DRAM is too hot!
[SNIPER_STATS_MANAGER] Setting frequency for core 0 in DVFS domain 0 to 532 MHz
[SNIPER_STATS_MANAGER] Setting frequency for core 1 in DVFS domain 1 to 532 MHz
[SNIPER_STATS_MANAGER] Setting frequency for core 2 in DVFS domain 2 to 532 MHz
[SNIPER_STATS_MANAGER] Setting frequency for core 3 in DVFS domain 3 to 532 MHz
Here we try remapping!
-----and here we finish handling remapping results in cache controller! the Latency: 0
---invalid_cnt: 0

************recordStats once at 560177
[Warning] power scale is less than 1, please check!
[Overall Power Consumption] Peak: 7.04114, Dynamic: 6.4597
[DTM Trigger] CPU_MAX(THRES): 91.510(105.000), DRAM_MAX(THRES): 87.927(88.000)
	Current DTM method: 2
[SNIPER_STATS_MANAGER] Setting frequency for core 0 in DVFS domain 0 to 1064 MHz
[SNIPER_STATS_MANAGER] Setting frequency for core 1 in DVFS domain 1 to 1064 MHz
[SNIPER_STATS_MANAGER] Setting frequency for core 2 in DVFS domain 2 to 1064 MHz
[SNIPER_STATS_MANAGER] Setting frequency for core 3 in DVFS domain 3 to 1064 MHz
Here we try remapping!
-----and here we finish handling remapping results in cache controller! the Latency: 0
---invalid_cnt: 0

************recordStats once at 561201
[Warning] power scale is less than 1, please check!
[Overall Power Consumption] Peak: 8.17272, Dynamic: 4.77683
[DTM Trigger] CPU_MAX(THRES): 90.732(105.000), DRAM_MAX(THRES): 87.657(88.000)
	Current DTM method: 2
[SNIPER_STATS_MANAGER] Setting frequency for core 0 in DVFS domain 0 to 1596 MHz
[SNIPER_STATS_MANAGER] Setting frequency for core 1 in DVFS domain 1 to 1596 MHz
[SNIPER_STATS_MANAGER] Setting frequency for core 2 in DVFS domain 2 to 1596 MHz
[SNIPER_STATS_MANAGER] Setting frequency for core 3 in DVFS domain 3 to 1596 MHz
Here we try remapping!
-----and here we finish handling remapping results in cache controller! the Latency: 0
---invalid_cnt: 0

************recordStats once at 562226
[Warning] power scale is less than 1, please check!
[Overall Power Consumption] Peak: 14.2103, Dynamic: 8.19259
[DTM Trigger] CPU_MAX(THRES): 92.048(105.000), DRAM_MAX(THRES): 87.201(88.000)
	Current DTM method: 2
[SNIPER_STATS_MANAGER] Setting frequency for core 0 in DVFS domain 0 to 2128 MHz
[SNIPER_STATS_MANAGER] Setting frequency for core 1 in DVFS domain 1 to 2128 MHz
[SNIPER_STATS_MANAGER] Setting frequency for core 2 in DVFS domain 2 to 2128 MHz
[SNIPER_STATS_MANAGER] Setting frequency for core 3 in DVFS domain 3 to 2128 MHz
Here we try remapping!
-----and here we finish handling remapping results in cache controller! the Latency: 0
---invalid_cnt: 0

************recordStats once at 563226
[Warning] power scale is less than 1, please check!
[Overall Power Consumption] Peak: 25.5206, Dynamic: 14.4066
[DTM Trigger] CPU_MAX(THRES): 97.687(105.000), DRAM_MAX(THRES): 87.003(88.000)
	Current DTM method: 2
[SNIPER_STATS_MANAGER] Setting frequency for core 0 in DVFS domain 0 to 2660 MHz
[SNIPER_STATS_MANAGER] Setting frequency for core 1 in DVFS domain 1 to 2660 MHz
[SNIPER_STATS_MANAGER] Setting frequency for core 2 in DVFS domain 2 to 2660 MHz
[SNIPER_STATS_MANAGER] Setting frequency for core 3 in DVFS domain 3 to 2660 MHz
Here we try remapping!
-----and here we finish handling remapping results in cache controller! the Latency: 0
---invalid_cnt: 0

************recordStats once at 564226
[Warning] power scale is less than 1, please check!
[Overall Power Consumption] Peak: 31.053, Dynamic: 16.9749
[DTM Trigger] CPU_MAX(THRES): 102.759(105.000), DRAM_MAX(THRES): 87.182(88.000)
	Current DTM method: 2
Here we try remapping!
-----and here we finish handling remapping results in cache controller! the Latency: 0
---invalid_cnt: 0

************recordStats once at 565226
[Warning] power scale is less than 1, please check!
[Overall Power Consumption] Peak: 33.6236, Dynamic: 19.938
[DTM Trigger] CPU_MAX(THRES): 106.292(105.000), DRAM_MAX(THRES): 87.592(88.000)
	Current DTM method: 2
[HOT!] CPU is too hot!
[SNIPER_STATS_MANAGER] Setting frequency for core 0 in DVFS domain 0 to 2128 MHz
[SNIPER_STATS_MANAGER] Setting frequency for core 1 in DVFS domain 1 to 2128 MHz
[SNIPER_STATS_MANAGER] Setting frequency for core 2 in DVFS domain 2 to 2128 MHz
[SNIPER_STATS_MANAGER] Setting frequency for core 3 in DVFS domain 3 to 2128 MHz
Here we try remapping!
-----and here we finish handling remapping results in cache controller! the Latency: 0
---invalid_cnt: 0

************recordStats once at 566226
[Warning] power scale is less than 1, please check!
[Overall Power Consumption] Peak: 30.4748, Dynamic: 20.1542
[DTM Trigger] CPU_MAX(THRES): 106.007(105.000), DRAM_MAX(THRES): 88.082(88.000)
	Current DTM method: 2
[HOT!] CPU is too hot!
[SNIPER_STATS_MANAGER] Setting frequency for core 0 in DVFS domain 0 to 1596 MHz
[SNIPER_STATS_MANAGER] Setting frequency for core 1 in DVFS domain 1 to 1596 MHz
[SNIPER_STATS_MANAGER] Setting frequency for core 2 in DVFS domain 2 to 1596 MHz
[SNIPER_STATS_MANAGER] Setting frequency for core 3 in DVFS domain 3 to 1596 MHz
Here we try remapping!
-----and here we finish handling remapping results in cache controller! the Latency: 0
---invalid_cnt: 0

************recordStats once at 567226
[Warning] power scale is less than 1, please check!
[Overall Power Consumption] Peak: 17.9955, Dynamic: 12.4283
[DTM Trigger] CPU_MAX(THRES): 100.108(105.000), DRAM_MAX(THRES): 88.409(88.000)
	Current DTM method: 2
[HOT!] DRAM is too hot!
[SNIPER_STATS_MANAGER] Setting frequency for core 0 in DVFS domain 0 to 1064 MHz
[SNIPER_STATS_MANAGER] Setting frequency for core 1 in DVFS domain 1 to 1064 MHz
[SNIPER_STATS_MANAGER] Setting frequency for core 2 in DVFS domain 2 to 1064 MHz
[SNIPER_STATS_MANAGER] Setting frequency for core 3 in DVFS domain 3 to 1064 MHz
Here we try remapping!
-----and here we finish handling remapping results in cache controller! the Latency: 0
---invalid_cnt: 0

************recordStats once at 568225
[Warning] power scale is less than 1, please check!
[Overall Power Consumption] Peak: 12.2638, Dynamic: 9.11897
[DTM Trigger] CPU_MAX(THRES): 95.460(105.000), DRAM_MAX(THRES): 88.380(88.000)
	Current DTM method: 2
[HOT!] DRAM is too hot!
[SNIPER_STATS_MANAGER] Setting frequency for core 0 in DVFS domain 0 to 532 MHz
[SNIPER_STATS_MANAGER] Setting frequency for core 1 in DVFS domain 1 to 532 MHz
[SNIPER_STATS_MANAGER] Setting frequency for core 2 in DVFS domain 2 to 532 MHz
[SNIPER_STATS_MANAGER] Setting frequency for core 3 in DVFS domain 3 to 532 MHz
Here we try remapping!
-----and here we finish handling remapping results in cache controller! the Latency: 0
---invalid_cnt: 0

************recordStats once at 569182
[Warning] power scale is less than 1, please check!
[Overall Power Consumption] Peak: 7.05628, Dynamic: 6.47942
[DTM Trigger] CPU_MAX(THRES): 91.276(105.000), DRAM_MAX(THRES): 87.815(88.000)
	Current DTM method: 2
[SNIPER_STATS_MANAGER] Setting frequency for core 0 in DVFS domain 0 to 1064 MHz
[SNIPER_STATS_MANAGER] Setting frequency for core 1 in DVFS domain 1 to 1064 MHz
[SNIPER_STATS_MANAGER] Setting frequency for core 2 in DVFS domain 2 to 1064 MHz
[SNIPER_STATS_MANAGER] Setting frequency for core 3 in DVFS domain 3 to 1064 MHz
Here we try remapping!
-----and here we finish handling remapping results in cache controller! the Latency: 0
---invalid_cnt: 0

************recordStats once at 570200
[Warning] power scale is less than 1, please check!
[Overall Power Consumption] Peak: 8.13263, Dynamic: 4.75025
[DTM Trigger] CPU_MAX(THRES): 90.533(105.000), DRAM_MAX(THRES): 87.511(88.000)
	Current DTM method: 2
[SNIPER_STATS_MANAGER] Setting frequency for core 0 in DVFS domain 0 to 1596 MHz
[SNIPER_STATS_MANAGER] Setting frequency for core 1 in DVFS domain 1 to 1596 MHz
[SNIPER_STATS_MANAGER] Setting frequency for core 2 in DVFS domain 2 to 1596 MHz
[SNIPER_STATS_MANAGER] Setting frequency for core 3 in DVFS domain 3 to 1596 MHz
Here we try remapping!
-----and here we finish handling remapping results in cache controller! the Latency: 0
---invalid_cnt: 0

************recordStats once at 571226
[Warning] power scale is less than 1, please check!
[Overall Power Consumption] Peak: 14.1713, Dynamic: 8.16644
[DTM Trigger] CPU_MAX(THRES): 91.928(105.000), DRAM_MAX(THRES): 87.085(88.000)
	Current DTM method: 2
[SNIPER_STATS_MANAGER] Setting frequency for core 0 in DVFS domain 0 to 2128 MHz
[SNIPER_STATS_MANAGER] Setting frequency for core 1 in DVFS domain 1 to 2128 MHz
[SNIPER_STATS_MANAGER] Setting frequency for core 2 in DVFS domain 2 to 2128 MHz
[SNIPER_STATS_MANAGER] Setting frequency for core 3 in DVFS domain 3 to 2128 MHz
Here we try remapping!
-----and here we finish handling remapping results in cache controller! the Latency: 0
---invalid_cnt: 0

************recordStats once at 572224
[Warning] power scale is less than 1, please check!
[Overall Power Consumption] Peak: 25.4853, Dynamic: 14.3831
[DTM Trigger] CPU_MAX(THRES): 97.545(105.000), DRAM_MAX(THRES): 86.915(88.000)
	Current DTM method: 2
[SNIPER_STATS_MANAGER] Setting frequency for core 0 in DVFS domain 0 to 2660 MHz
[SNIPER_STATS_MANAGER] Setting frequency for core 1 in DVFS domain 1 to 2660 MHz
[SNIPER_STATS_MANAGER] Setting frequency for core 2 in DVFS domain 2 to 2660 MHz
[SNIPER_STATS_MANAGER] Setting frequency for core 3 in DVFS domain 3 to 2660 MHz
Here we try remapping!
-----and here we finish handling remapping results in cache controller! the Latency: 0
---invalid_cnt: 0

************recordStats once at 573224
[Warning] power scale is less than 1, please check!
[Overall Power Consumption] Peak: 31.158, Dynamic: 17.0692
[DTM Trigger] CPU_MAX(THRES): 102.799(105.000), DRAM_MAX(THRES): 87.118(88.000)
	Current DTM method: 2
Here we try remapping!
-----and here we finish handling remapping results in cache controller! the Latency: 0
---invalid_cnt: 0

************recordStats once at 574226
[Warning] power scale is less than 1, please check!
[Overall Power Consumption] Peak: 33.6967, Dynamic: 20.0042
[DTM Trigger] CPU_MAX(THRES): 106.128(105.000), DRAM_MAX(THRES): 87.560(88.000)
	Current DTM method: 2
[HOT!] CPU is too hot!
[SNIPER_STATS_MANAGER] Setting frequency for core 0 in DVFS domain 0 to 2128 MHz
[SNIPER_STATS_MANAGER] Setting frequency for core 1 in DVFS domain 1 to 2128 MHz
[SNIPER_STATS_MANAGER] Setting frequency for core 2 in DVFS domain 2 to 2128 MHz
[SNIPER_STATS_MANAGER] Setting frequency for core 3 in DVFS domain 3 to 2128 MHz
Here we try remapping!
-----and here we finish handling remapping results in cache controller! the Latency: 0
---invalid_cnt: 0

************recordStats once at 575226
[Warning] power scale is less than 1, please check!
[Overall Power Consumption] Peak: 30.3513, Dynamic: 20.0501
[DTM Trigger] CPU_MAX(THRES): 106.048(105.000), DRAM_MAX(THRES): 88.068(88.000)
	Current DTM method: 2
[HOT!] CPU is too hot!
[SNIPER_STATS_MANAGER] Setting frequency for core 0 in DVFS domain 0 to 1596 MHz
[SNIPER_STATS_MANAGER] Setting frequency for core 1 in DVFS domain 1 to 1596 MHz
[SNIPER_STATS_MANAGER] Setting frequency for core 2 in DVFS domain 2 to 1596 MHz
[SNIPER_STATS_MANAGER] Setting frequency for core 3 in DVFS domain 3 to 1596 MHz
Here we try remapping!
-----and here we finish handling remapping results in cache controller! the Latency: 0
---invalid_cnt: 0

************recordStats once at 576226
[Warning] power scale is less than 1, please check!
[Overall Power Consumption] Peak: 17.9903, Dynamic: 12.4314
[DTM Trigger] CPU_MAX(THRES): 100.018(105.000), DRAM_MAX(THRES): 88.406(88.000)
	Current DTM method: 2
[HOT!] DRAM is too hot!
[SNIPER_STATS_MANAGER] Setting frequency for core 0 in DVFS domain 0 to 1064 MHz
[SNIPER_STATS_MANAGER] Setting frequency for core 1 in DVFS domain 1 to 1064 MHz
[SNIPER_STATS_MANAGER] Setting frequency for core 2 in DVFS domain 2 to 1064 MHz
[SNIPER_STATS_MANAGER] Setting frequency for core 3 in DVFS domain 3 to 1064 MHz
Here we try remapping!
-----and here we finish handling remapping results in cache controller! the Latency: 0
---invalid_cnt: 0

************recordStats once at 577226
[Warning] power scale is less than 1, please check!
[Overall Power Consumption] Peak: 12.2661, Dynamic: 9.1285
[DTM Trigger] CPU_MAX(THRES): 95.436(105.000), DRAM_MAX(THRES): 88.389(88.000)
	Current DTM method: 2
[HOT!] DRAM is too hot!
[SNIPER_STATS_MANAGER] Setting frequency for core 0 in DVFS domain 0 to 532 MHz
[SNIPER_STATS_MANAGER] Setting frequency for core 1 in DVFS domain 1 to 532 MHz
[SNIPER_STATS_MANAGER] Setting frequency for core 2 in DVFS domain 2 to 532 MHz
[SNIPER_STATS_MANAGER] Setting frequency for core 3 in DVFS domain 3 to 532 MHz
Here we try remapping!
-----and here we finish handling remapping results in cache controller! the Latency: 0
---invalid_cnt: 0

************recordStats once at 578226
[Warning] power scale is less than 1, please check!
[Overall Power Consumption] Peak: 7.05701, Dynamic: 6.50725
[DTM Trigger] CPU_MAX(THRES): 91.262(105.000), DRAM_MAX(THRES): 87.954(88.000)
	Current DTM method: 2
[SNIPER_STATS_MANAGER] Setting frequency for core 0 in DVFS domain 0 to 1064 MHz
[SNIPER_STATS_MANAGER] Setting frequency for core 1 in DVFS domain 1 to 1064 MHz
[SNIPER_STATS_MANAGER] Setting frequency for core 2 in DVFS domain 2 to 1064 MHz
[SNIPER_STATS_MANAGER] Setting frequency for core 3 in DVFS domain 3 to 1064 MHz
Here we try remapping!
-----and here we finish handling remapping results in cache controller! the Latency: 0
---invalid_cnt: 0

************recordStats once at 579226
[Warning] power scale is less than 1, please check!
[Overall Power Consumption] Peak: 8.14993, Dynamic: 4.76172
[DTM Trigger] CPU_MAX(THRES): 90.550(105.000), DRAM_MAX(THRES): 87.578(88.000)
	Current DTM method: 2
[SNIPER_STATS_MANAGER] Setting frequency for core 0 in DVFS domain 0 to 1596 MHz
[SNIPER_STATS_MANAGER] Setting frequency for core 1 in DVFS domain 1 to 1596 MHz
[SNIPER_STATS_MANAGER] Setting frequency for core 2 in DVFS domain 2 to 1596 MHz
[SNIPER_STATS_MANAGER] Setting frequency for core 3 in DVFS domain 3 to 1596 MHz
Here we try remapping!
-----and here we finish handling remapping results in cache controller! the Latency: 0
---invalid_cnt: 0

************recordStats once at 580226
[Warning] power scale is less than 1, please check!
[Overall Power Consumption] Peak: 14.1614, Dynamic: 8.16906
[DTM Trigger] CPU_MAX(THRES): 91.957(105.000), DRAM_MAX(THRES): 87.154(88.000)
	Current DTM method: 2
[SNIPER_STATS_MANAGER] Setting frequency for core 0 in DVFS domain 0 to 2128 MHz
[SNIPER_STATS_MANAGER] Setting frequency for core 1 in DVFS domain 1 to 2128 MHz
[SNIPER_STATS_MANAGER] Setting frequency for core 2 in DVFS domain 2 to 2128 MHz
[SNIPER_STATS_MANAGER] Setting frequency for core 3 in DVFS domain 3 to 2128 MHz
Here we try remapping!
-----and here we finish handling remapping results in cache controller! the Latency: 0
---invalid_cnt: 0

************recordStats once at 581210
[Warning] power scale is less than 1, please check!
[Overall Power Consumption] Peak: 25.439, Dynamic: 14.3444
[DTM Trigger] CPU_MAX(THRES): 97.622(105.000), DRAM_MAX(THRES): 86.982(88.000)
	Current DTM method: 2
[SNIPER_STATS_MANAGER] Setting frequency for core 0 in DVFS domain 0 to 2660 MHz
[SNIPER_STATS_MANAGER] Setting frequency for core 1 in DVFS domain 1 to 2660 MHz
[SNIPER_STATS_MANAGER] Setting frequency for core 2 in DVFS domain 2 to 2660 MHz
[SNIPER_STATS_MANAGER] Setting frequency for core 3 in DVFS domain 3 to 2660 MHz
Here we try remapping!
-----and here we finish handling remapping results in cache controller! the Latency: 0
---invalid_cnt: 0

************recordStats once at 582223
[Warning] power scale is less than 1, please check!
[Overall Power Consumption] Peak: 31.1895, Dynamic: 17.1156
[DTM Trigger] CPU_MAX(THRES): 102.939(105.000), DRAM_MAX(THRES): 87.184(88.000)
	Current DTM method: 2
Here we try remapping!
-----and here we finish handling remapping results in cache controller! the Latency: 0
---invalid_cnt: 0

************recordStats once at 583222
[Warning] power scale is less than 1, please check!
[Overall Power Consumption] Peak: 30.3307, Dynamic: 16.7397
[DTM Trigger] CPU_MAX(THRES): 107.647(105.000), DRAM_MAX(THRES): 87.491(88.000)
	Current DTM method: 2
[HOT!] CPU is too hot!
[SNIPER_STATS_MANAGER] Setting frequency for core 0 in DVFS domain 0 to 2128 MHz
[SNIPER_STATS_MANAGER] Setting frequency for core 1 in DVFS domain 1 to 2128 MHz
[SNIPER_STATS_MANAGER] Setting frequency for core 2 in DVFS domain 2 to 2128 MHz
[SNIPER_STATS_MANAGER] Setting frequency for core 3 in DVFS domain 3 to 2128 MHz
Here we try remapping!
-----and here we finish handling remapping results in cache controller! the Latency: 0
---invalid_cnt: 0

************recordStats once at 584226
[Warning] power scale is less than 1, please check!
[Overall Power Consumption] Peak: 25.6741, Dynamic: 15.9671
[DTM Trigger] CPU_MAX(THRES): 107.472(105.000), DRAM_MAX(THRES): 87.514(88.000)
	Current DTM method: 2
[HOT!] CPU is too hot!
[SNIPER_STATS_MANAGER] Setting frequency for core 0 in DVFS domain 0 to 1596 MHz
[SNIPER_STATS_MANAGER] Setting frequency for core 1 in DVFS domain 1 to 1596 MHz
[SNIPER_STATS_MANAGER] Setting frequency for core 2 in DVFS domain 2 to 1596 MHz
[SNIPER_STATS_MANAGER] Setting frequency for core 3 in DVFS domain 3 to 1596 MHz
Here we try remapping!
-----and here we finish handling remapping results in cache controller! the Latency: 0
---invalid_cnt: 0

************recordStats once at 585226
[Warning] power scale is less than 1, please check!
[Overall Power Consumption] Peak: 15.6725, Dynamic: 8.92153
[DTM Trigger] CPU_MAX(THRES): 98.489(105.000), DRAM_MAX(THRES): 87.764(88.000)
	Current DTM method: 2
[SNIPER_STATS_MANAGER] Setting frequency for core 0 in DVFS domain 0 to 2128 MHz
[SNIPER_STATS_MANAGER] Setting frequency for core 1 in DVFS domain 1 to 2128 MHz
[SNIPER_STATS_MANAGER] Setting frequency for core 2 in DVFS domain 2 to 2128 MHz
[SNIPER_STATS_MANAGER] Setting frequency for core 3 in DVFS domain 3 to 2128 MHz
Here we try remapping!
-----and here we finish handling remapping results in cache controller! the Latency: 0
---invalid_cnt: 0

************recordStats once at 586227
[Warning] power scale is less than 1, please check!
[Overall Power Consumption] Peak: 24.0796, Dynamic: 11.8051
[DTM Trigger] CPU_MAX(THRES): 96.447(105.000), DRAM_MAX(THRES): 88.569(88.000)
	Current DTM method: 2
[HOT!] DRAM is too hot!
[SNIPER_STATS_MANAGER] Setting frequency for core 0 in DVFS domain 0 to 1596 MHz
[SNIPER_STATS_MANAGER] Setting frequency for core 1 in DVFS domain 1 to 1596 MHz
[SNIPER_STATS_MANAGER] Setting frequency for core 2 in DVFS domain 2 to 1596 MHz
[SNIPER_STATS_MANAGER] Setting frequency for core 3 in DVFS domain 3 to 1596 MHz
Here we try remapping!
-----and here we finish handling remapping results in cache controller! the Latency: 0
---invalid_cnt: 0

************recordStats once at 587226
[Warning] power scale is less than 1, please check!
[Overall Power Consumption] Peak: 16.1674, Dynamic: 10.324
[DTM Trigger] CPU_MAX(THRES): 93.546(105.000), DRAM_MAX(THRES): 89.496(88.000)
	Current DTM method: 2
[HOT!] DRAM is too hot!
[SNIPER_STATS_MANAGER] Setting frequency for core 0 in DVFS domain 0 to 1064 MHz
[SNIPER_STATS_MANAGER] Setting frequency for core 1 in DVFS domain 1 to 1064 MHz
[SNIPER_STATS_MANAGER] Setting frequency for core 2 in DVFS domain 2 to 1064 MHz
[SNIPER_STATS_MANAGER] Setting frequency for core 3 in DVFS domain 3 to 1064 MHz
Here we try remapping!
-----and here we finish handling remapping results in cache controller! the Latency: 0
---invalid_cnt: 0

************recordStats once at 588200
[Warning] power scale is less than 1, please check!
[Overall Power Consumption] Peak: 11.5423, Dynamic: 9.1384
[DTM Trigger] CPU_MAX(THRES): 91.018(105.000), DRAM_MAX(THRES): 89.910(88.000)
	Current DTM method: 2
[HOT!] DRAM is too hot!
[SNIPER_STATS_MANAGER] Setting frequency for core 0 in DVFS domain 0 to 532 MHz
[SNIPER_STATS_MANAGER] Setting frequency for core 1 in DVFS domain 1 to 532 MHz
[SNIPER_STATS_MANAGER] Setting frequency for core 2 in DVFS domain 2 to 532 MHz
[SNIPER_STATS_MANAGER] Setting frequency for core 3 in DVFS domain 3 to 532 MHz
Here we try remapping!
-----and here we finish handling remapping results in cache controller! the Latency: 0
---invalid_cnt: 0

************recordStats once at 589179
[Warning] power scale is less than 1, please check!
[Overall Power Consumption] Peak: 7.83705, Dynamic: 8.69824
[DTM Trigger] CPU_MAX(THRES): 88.295(105.000), DRAM_MAX(THRES): 87.000(88.000)
	Current DTM method: 2
[SNIPER_STATS_MANAGER] Setting frequency for core 0 in DVFS domain 0 to 1064 MHz
[SNIPER_STATS_MANAGER] Setting frequency for core 1 in DVFS domain 1 to 1064 MHz
[SNIPER_STATS_MANAGER] Setting frequency for core 2 in DVFS domain 2 to 1064 MHz
[SNIPER_STATS_MANAGER] Setting frequency for core 3 in DVFS domain 3 to 1064 MHz
Here we try remapping!
-----and here we finish handling remapping results in cache controller! the Latency: 0
---invalid_cnt: 0

************recordStats once at 590226
[Warning] power scale is less than 1, please check!
[Overall Power Consumption] Peak: 7.98753, Dynamic: 4.71232
[DTM Trigger] CPU_MAX(THRES): 89.076(105.000), DRAM_MAX(THRES): 87.657(88.000)
	Current DTM method: 2
[SNIPER_STATS_MANAGER] Setting frequency for core 0 in DVFS domain 0 to 1596 MHz
[SNIPER_STATS_MANAGER] Setting frequency for core 1 in DVFS domain 1 to 1596 MHz
[SNIPER_STATS_MANAGER] Setting frequency for core 2 in DVFS domain 2 to 1596 MHz
[SNIPER_STATS_MANAGER] Setting frequency for core 3 in DVFS domain 3 to 1596 MHz
Here we try remapping!
-----and here we finish handling remapping results in cache controller! the Latency: 0
---invalid_cnt: 0

************recordStats once at 591226
[Warning] power scale is less than 1, please check!
[Overall Power Consumption] Peak: 13.8781, Dynamic: 8.06354
[DTM Trigger] CPU_MAX(THRES): 90.832(105.000), DRAM_MAX(THRES): 87.035(88.000)
	Current DTM method: 2
[SNIPER_STATS_MANAGER] Setting frequency for core 0 in DVFS domain 0 to 2128 MHz
[SNIPER_STATS_MANAGER] Setting frequency for core 1 in DVFS domain 1 to 2128 MHz
[SNIPER_STATS_MANAGER] Setting frequency for core 2 in DVFS domain 2 to 2128 MHz
[SNIPER_STATS_MANAGER] Setting frequency for core 3 in DVFS domain 3 to 2128 MHz
Here we try remapping!
-----and here we finish handling remapping results in cache controller! the Latency: 0
---invalid_cnt: 0

************recordStats once at 592226
[Warning] power scale is less than 1, please check!
[Overall Power Consumption] Peak: 25.3911, Dynamic: 14.7226
[DTM Trigger] CPU_MAX(THRES): 97.359(105.000), DRAM_MAX(THRES): 86.740(88.000)
	Current DTM method: 2
[SNIPER_STATS_MANAGER] Setting frequency for core 0 in DVFS domain 0 to 2660 MHz
[SNIPER_STATS_MANAGER] Setting frequency for core 1 in DVFS domain 1 to 2660 MHz
[SNIPER_STATS_MANAGER] Setting frequency for core 2 in DVFS domain 2 to 2660 MHz
[SNIPER_STATS_MANAGER] Setting frequency for core 3 in DVFS domain 3 to 2660 MHz
Here we try remapping!
-----and here we finish handling remapping results in cache controller! the Latency: 0
---invalid_cnt: 0

************recordStats once at 593223
[Warning] power scale is less than 1, please check!
[Overall Power Consumption] Peak: 31.467, Dynamic: 17.8828
[DTM Trigger] CPU_MAX(THRES): 102.818(105.000), DRAM_MAX(THRES): 86.872(88.000)
	Current DTM method: 2
Here we try remapping!
-----and here we finish handling remapping results in cache controller! the Latency: 0
---invalid_cnt: 0

************recordStats once at 594226
[Warning] power scale is less than 1, please check!
[Overall Power Consumption] Peak: 33.9473, Dynamic: 20.9911
[DTM Trigger] CPU_MAX(THRES): 106.529(105.000), DRAM_MAX(THRES): 87.298(88.000)
	Current DTM method: 2
[HOT!] CPU is too hot!
[SNIPER_STATS_MANAGER] Setting frequency for core 0 in DVFS domain 0 to 2128 MHz
[SNIPER_STATS_MANAGER] Setting frequency for core 1 in DVFS domain 1 to 2128 MHz
[SNIPER_STATS_MANAGER] Setting frequency for core 2 in DVFS domain 2 to 2128 MHz
[SNIPER_STATS_MANAGER] Setting frequency for core 3 in DVFS domain 3 to 2128 MHz
Here we try remapping!
-----and here we finish handling remapping results in cache controller! the Latency: 0
---invalid_cnt: 0

************recordStats once at 595226
[Warning] power scale is less than 1, please check!
[Overall Power Consumption] Peak: 30.6087, Dynamic: 20.9973
[DTM Trigger] CPU_MAX(THRES): 106.235(105.000), DRAM_MAX(THRES): 87.817(88.000)
	Current DTM method: 2
[HOT!] CPU is too hot!
[SNIPER_STATS_MANAGER] Setting frequency for core 0 in DVFS domain 0 to 1596 MHz
[SNIPER_STATS_MANAGER] Setting frequency for core 1 in DVFS domain 1 to 1596 MHz
[SNIPER_STATS_MANAGER] Setting frequency for core 2 in DVFS domain 2 to 1596 MHz
[SNIPER_STATS_MANAGER] Setting frequency for core 3 in DVFS domain 3 to 1596 MHz
Here we try remapping!
-----and here we finish handling remapping results in cache controller! the Latency: 0
---invalid_cnt: 0

************recordStats once at 596226
[Warning] power scale is less than 1, please check!
[Overall Power Consumption] Peak: 17.8407, Dynamic: 12.6807
[DTM Trigger] CPU_MAX(THRES): 100.218(105.000), DRAM_MAX(THRES): 88.183(88.000)
	Current DTM method: 2
[HOT!] DRAM is too hot!
[SNIPER_STATS_MANAGER] Setting frequency for core 0 in DVFS domain 0 to 1064 MHz
[SNIPER_STATS_MANAGER] Setting frequency for core 1 in DVFS domain 1 to 1064 MHz
[SNIPER_STATS_MANAGER] Setting frequency for core 2 in DVFS domain 2 to 1064 MHz
[SNIPER_STATS_MANAGER] Setting frequency for core 3 in DVFS domain 3 to 1064 MHz
Here we try remapping!
-----and here we finish handling remapping results in cache controller! the Latency: 0
---invalid_cnt: 0

************recordStats once at 597226
[Warning] power scale is less than 1, please check!
[Overall Power Consumption] Peak: 12.3221, Dynamic: 9.2614
[DTM Trigger] CPU_MAX(THRES): 95.578(105.000), DRAM_MAX(THRES): 88.188(88.000)
	Current DTM method: 2
[HOT!] DRAM is too hot!
[SNIPER_STATS_MANAGER] Setting frequency for core 0 in DVFS domain 0 to 532 MHz
[SNIPER_STATS_MANAGER] Setting frequency for core 1 in DVFS domain 1 to 532 MHz
[SNIPER_STATS_MANAGER] Setting frequency for core 2 in DVFS domain 2 to 532 MHz
[SNIPER_STATS_MANAGER] Setting frequency for core 3 in DVFS domain 3 to 532 MHz
Here we try remapping!
-----and here we finish handling remapping results in cache controller! the Latency: 0
---invalid_cnt: 0

************recordStats once at 598226
[Warning] power scale is less than 1, please check!
[Overall Power Consumption] Peak: 6.84547, Dynamic: 6.30446
[DTM Trigger] CPU_MAX(THRES): 91.277(105.000), DRAM_MAX(THRES): 87.217(88.000)
	Current DTM method: 2
[SNIPER_STATS_MANAGER] Setting frequency for core 0 in DVFS domain 0 to 1064 MHz
[SNIPER_STATS_MANAGER] Setting frequency for core 1 in DVFS domain 1 to 1064 MHz
[SNIPER_STATS_MANAGER] Setting frequency for core 2 in DVFS domain 2 to 1064 MHz
[SNIPER_STATS_MANAGER] Setting frequency for core 3 in DVFS domain 3 to 1064 MHz
Here we try remapping!
-----and here we finish handling remapping results in cache controller! the Latency: 0
---invalid_cnt: 0

************recordStats once at 599226
[Warning] power scale is less than 1, please check!
[Overall Power Consumption] Peak: 8.04237, Dynamic: 4.71318
[DTM Trigger] CPU_MAX(THRES): 90.381(105.000), DRAM_MAX(THRES): 87.337(88.000)
	Current DTM method: 2
[SNIPER_STATS_MANAGER] Setting frequency for core 0 in DVFS domain 0 to 1596 MHz
[SNIPER_STATS_MANAGER] Setting frequency for core 1 in DVFS domain 1 to 1596 MHz
[SNIPER_STATS_MANAGER] Setting frequency for core 2 in DVFS domain 2 to 1596 MHz
[SNIPER_STATS_MANAGER] Setting frequency for core 3 in DVFS domain 3 to 1596 MHz
Here we try remapping!
-----and here we finish handling remapping results in cache controller! the Latency: 0
---invalid_cnt: 0

************recordStats once at 600226
[Warning] power scale is less than 1, please check!
[Overall Power Consumption] Peak: 13.8031, Dynamic: 8.01755
[DTM Trigger] CPU_MAX(THRES): 91.957(105.000), DRAM_MAX(THRES): 87.000(88.000)
	Current DTM method: 2
[SNIPER_STATS_MANAGER] Setting frequency for core 0 in DVFS domain 0 to 2128 MHz
[SNIPER_STATS_MANAGER] Setting frequency for core 1 in DVFS domain 1 to 2128 MHz
[SNIPER_STATS_MANAGER] Setting frequency for core 2 in DVFS domain 2 to 2128 MHz
[SNIPER_STATS_MANAGER] Setting frequency for core 3 in DVFS domain 3 to 2128 MHz
Here we try remapping!
-----and here we finish handling remapping results in cache controller! the Latency: 0
---invalid_cnt: 0

************recordStats once at 601199
[Warning] power scale is less than 1, please check!
[Overall Power Consumption] Peak: 25.4619, Dynamic: 14.7832
[DTM Trigger] CPU_MAX(THRES): 98.021(105.000), DRAM_MAX(THRES): 86.867(88.000)
	Current DTM method: 2
[SNIPER_STATS_MANAGER] Setting frequency for core 0 in DVFS domain 0 to 2660 MHz
[SNIPER_STATS_MANAGER] Setting frequency for core 1 in DVFS domain 1 to 2660 MHz
[SNIPER_STATS_MANAGER] Setting frequency for core 2 in DVFS domain 2 to 2660 MHz
[SNIPER_STATS_MANAGER] Setting frequency for core 3 in DVFS domain 3 to 2660 MHz
Here we try remapping!
-----and here we finish handling remapping results in cache controller! the Latency: 0
---invalid_cnt: 0

************recordStats once at 602226
[Warning] power scale is less than 1, please check!
[Overall Power Consumption] Peak: 31.3957, Dynamic: 17.8705
[DTM Trigger] CPU_MAX(THRES): 103.438(105.000), DRAM_MAX(THRES): 87.084(88.000)
	Current DTM method: 2
Here we try remapping!
-----and here we finish handling remapping results in cache controller! the Latency: 0
---invalid_cnt: 0

************recordStats once at 603223
[Warning] power scale is less than 1, please check!
[Overall Power Consumption] Peak: 33.9747, Dynamic: 20.9278
[DTM Trigger] CPU_MAX(THRES): 107.271(105.000), DRAM_MAX(THRES): 87.541(88.000)
	Current DTM method: 2
[HOT!] CPU is too hot!
[SNIPER_STATS_MANAGER] Setting frequency for core 0 in DVFS domain 0 to 2128 MHz
[SNIPER_STATS_MANAGER] Setting frequency for core 1 in DVFS domain 1 to 2128 MHz
[SNIPER_STATS_MANAGER] Setting frequency for core 2 in DVFS domain 2 to 2128 MHz
[SNIPER_STATS_MANAGER] Setting frequency for core 3 in DVFS domain 3 to 2128 MHz
Here we try remapping!
-----and here we finish handling remapping results in cache controller! the Latency: 0
---invalid_cnt: 0

************recordStats once at 604221
[Warning] power scale is less than 1, please check!
[Overall Power Consumption] Peak: 30.4147, Dynamic: 20.7781
[DTM Trigger] CPU_MAX(THRES): 106.901(105.000), DRAM_MAX(THRES): 88.076(88.000)
	Current DTM method: 2
[HOT!] CPU is too hot!
[SNIPER_STATS_MANAGER] Setting frequency for core 0 in DVFS domain 0 to 1596 MHz
[SNIPER_STATS_MANAGER] Setting frequency for core 1 in DVFS domain 1 to 1596 MHz
[SNIPER_STATS_MANAGER] Setting frequency for core 2 in DVFS domain 2 to 1596 MHz
[SNIPER_STATS_MANAGER] Setting frequency for core 3 in DVFS domain 3 to 1596 MHz
Here we try remapping!
-----and here we finish handling remapping results in cache controller! the Latency: 0
---invalid_cnt: 0

************recordStats once at 605226
[Warning] power scale is less than 1, please check!
[Overall Power Consumption] Peak: 18.1678, Dynamic: 13.0767
[DTM Trigger] CPU_MAX(THRES): 100.782(105.000), DRAM_MAX(THRES): 88.439(88.000)
	Current DTM method: 2
[HOT!] DRAM is too hot!
[SNIPER_STATS_MANAGER] Setting frequency for core 0 in DVFS domain 0 to 1064 MHz
[SNIPER_STATS_MANAGER] Setting frequency for core 1 in DVFS domain 1 to 1064 MHz
[SNIPER_STATS_MANAGER] Setting frequency for core 2 in DVFS domain 2 to 1064 MHz
[SNIPER_STATS_MANAGER] Setting frequency for core 3 in DVFS domain 3 to 1064 MHz
Here we try remapping!
-----and here we finish handling remapping results in cache controller! the Latency: 0
---invalid_cnt: 0

************recordStats once at 606222
[Warning] power scale is less than 1, please check!
[Overall Power Consumption] Peak: 12.6323, Dynamic: 9.45704
[DTM Trigger] CPU_MAX(THRES): 96.274(105.000), DRAM_MAX(THRES): 88.464(88.000)
	Current DTM method: 2
[HOT!] DRAM is too hot!
[SNIPER_STATS_MANAGER] Setting frequency for core 0 in DVFS domain 0 to 532 MHz
[SNIPER_STATS_MANAGER] Setting frequency for core 1 in DVFS domain 1 to 532 MHz
[SNIPER_STATS_MANAGER] Setting frequency for core 2 in DVFS domain 2 to 532 MHz
[SNIPER_STATS_MANAGER] Setting frequency for core 3 in DVFS domain 3 to 532 MHz
Here we try remapping!
-----and here we finish handling remapping results in cache controller! the Latency: 0
---invalid_cnt: 0

************recordStats once at 607214
[Warning] power scale is less than 1, please check!
[Overall Power Consumption] Peak: 6.84426, Dynamic: 6.29031
[DTM Trigger] CPU_MAX(THRES): 91.645(105.000), DRAM_MAX(THRES): 87.248(88.000)
	Current DTM method: 2
[SNIPER_STATS_MANAGER] Setting frequency for core 0 in DVFS domain 0 to 1064 MHz
[SNIPER_STATS_MANAGER] Setting frequency for core 1 in DVFS domain 1 to 1064 MHz
[SNIPER_STATS_MANAGER] Setting frequency for core 2 in DVFS domain 2 to 1064 MHz
[SNIPER_STATS_MANAGER] Setting frequency for core 3 in DVFS domain 3 to 1064 MHz
Here we try remapping!
-----and here we finish handling remapping results in cache controller! the Latency: 0
---invalid_cnt: 0

************recordStats once at 608223
[Warning] power scale is less than 1, please check!
[Overall Power Consumption] Peak: 8.05813, Dynamic: 4.73108
[DTM Trigger] CPU_MAX(THRES): 90.866(105.000), DRAM_MAX(THRES): 87.596(88.000)
	Current DTM method: 2
[SNIPER_STATS_MANAGER] Setting frequency for core 0 in DVFS domain 0 to 1596 MHz
[SNIPER_STATS_MANAGER] Setting frequency for core 1 in DVFS domain 1 to 1596 MHz
[SNIPER_STATS_MANAGER] Setting frequency for core 2 in DVFS domain 2 to 1596 MHz
[SNIPER_STATS_MANAGER] Setting frequency for core 3 in DVFS domain 3 to 1596 MHz
Here we try remapping!
-----and here we finish handling remapping results in cache controller! the Latency: 0
---invalid_cnt: 0

************recordStats once at 609226
[Warning] power scale is less than 1, please check!
[Overall Power Consumption] Peak: 13.8367, Dynamic: 8.03836
[DTM Trigger] CPU_MAX(THRES): 92.205(105.000), DRAM_MAX(THRES): 87.262(88.000)
	Current DTM method: 2
[SNIPER_STATS_MANAGER] Setting frequency for core 0 in DVFS domain 0 to 2128 MHz
[SNIPER_STATS_MANAGER] Setting frequency for core 1 in DVFS domain 1 to 2128 MHz
[SNIPER_STATS_MANAGER] Setting frequency for core 2 in DVFS domain 2 to 2128 MHz
[SNIPER_STATS_MANAGER] Setting frequency for core 3 in DVFS domain 3 to 2128 MHz
Here we try remapping!
-----and here we finish handling remapping results in cache controller! the Latency: 0
---invalid_cnt: 0

************recordStats once at 610226
[Warning] power scale is less than 1, please check!
[Overall Power Consumption] Peak: 25.4309, Dynamic: 14.722
[DTM Trigger] CPU_MAX(THRES): 98.439(105.000), DRAM_MAX(THRES): 87.117(88.000)
	Current DTM method: 2
[SNIPER_STATS_MANAGER] Setting frequency for core 0 in DVFS domain 0 to 2660 MHz
[SNIPER_STATS_MANAGER] Setting frequency for core 1 in DVFS domain 1 to 2660 MHz
[SNIPER_STATS_MANAGER] Setting frequency for core 2 in DVFS domain 2 to 2660 MHz
[SNIPER_STATS_MANAGER] Setting frequency for core 3 in DVFS domain 3 to 2660 MHz
Here we try remapping!
-----and here we finish handling remapping results in cache controller! the Latency: 0
---invalid_cnt: 0

************recordStats once at 611226
[Warning] power scale is less than 1, please check!
[Overall Power Consumption] Peak: 31.4499, Dynamic: 17.9082
[DTM Trigger] CPU_MAX(THRES): 103.867(105.000), DRAM_MAX(THRES): 87.319(88.000)
	Current DTM method: 2
Here we try remapping!
-----and here we finish handling remapping results in cache controller! the Latency: 0
---invalid_cnt: 0

************recordStats once at 612226
[Warning] power scale is less than 1, please check!
[Overall Power Consumption] Peak: 33.769, Dynamic: 20.7568
[DTM Trigger] CPU_MAX(THRES): 107.241(105.000), DRAM_MAX(THRES): 87.761(88.000)
	Current DTM method: 2
[HOT!] CPU is too hot!
[SNIPER_STATS_MANAGER] Setting frequency for core 0 in DVFS domain 0 to 2128 MHz
[SNIPER_STATS_MANAGER] Setting frequency for core 1 in DVFS domain 1 to 2128 MHz
[SNIPER_STATS_MANAGER] Setting frequency for core 2 in DVFS domain 2 to 2128 MHz
[SNIPER_STATS_MANAGER] Setting frequency for core 3 in DVFS domain 3 to 2128 MHz
Here we try remapping!
-----and here we finish handling remapping results in cache controller! the Latency: 0
---invalid_cnt: 0

************recordStats once at 613216
[Warning] power scale is less than 1, please check!
[Overall Power Consumption] Peak: 30.4223, Dynamic: 20.7071
[DTM Trigger] CPU_MAX(THRES): 107.013(105.000), DRAM_MAX(THRES): 88.285(88.000)
	Current DTM method: 2
[HOT!] CPU is too hot!
[SNIPER_STATS_MANAGER] Setting frequency for core 0 in DVFS domain 0 to 1596 MHz
[SNIPER_STATS_MANAGER] Setting frequency for core 1 in DVFS domain 1 to 1596 MHz
[SNIPER_STATS_MANAGER] Setting frequency for core 2 in DVFS domain 2 to 1596 MHz
[SNIPER_STATS_MANAGER] Setting frequency for core 3 in DVFS domain 3 to 1596 MHz
Here we try remapping!
-----and here we finish handling remapping results in cache controller! the Latency: 0
---invalid_cnt: 0

************recordStats once at 614221
[Warning] power scale is less than 1, please check!
[Overall Power Consumption] Peak: 17.8642, Dynamic: 12.7401
[DTM Trigger] CPU_MAX(THRES): 101.157(105.000), DRAM_MAX(THRES): 88.637(88.000)
	Current DTM method: 2
[HOT!] DRAM is too hot!
[SNIPER_STATS_MANAGER] Setting frequency for core 0 in DVFS domain 0 to 1064 MHz
[SNIPER_STATS_MANAGER] Setting frequency for core 1 in DVFS domain 1 to 1064 MHz
[SNIPER_STATS_MANAGER] Setting frequency for core 2 in DVFS domain 2 to 1064 MHz
[SNIPER_STATS_MANAGER] Setting frequency for core 3 in DVFS domain 3 to 1064 MHz
Here we try remapping!
-----and here we finish handling remapping results in cache controller! the Latency: 0
---invalid_cnt: 0

************recordStats once at 615226
[Warning] power scale is less than 1, please check!
[Overall Power Consumption] Peak: 12.6094, Dynamic: 9.36725
[DTM Trigger] CPU_MAX(THRES): 96.481(105.000), DRAM_MAX(THRES): 88.638(88.000)
	Current DTM method: 2
[HOT!] DRAM is too hot!
[SNIPER_STATS_MANAGER] Setting frequency for core 0 in DVFS domain 0 to 532 MHz
[SNIPER_STATS_MANAGER] Setting frequency for core 1 in DVFS domain 1 to 532 MHz
[SNIPER_STATS_MANAGER] Setting frequency for core 2 in DVFS domain 2 to 532 MHz
[SNIPER_STATS_MANAGER] Setting frequency for core 3 in DVFS domain 3 to 532 MHz
Here we try remapping!
-----and here we finish handling remapping results in cache controller! the Latency: 0
---invalid_cnt: 0

************recordStats once at 616195
[Warning] power scale is less than 1, please check!
[Overall Power Consumption] Peak: 6.85797, Dynamic: 6.3627
[DTM Trigger] CPU_MAX(THRES): 91.907(105.000), DRAM_MAX(THRES): 87.659(88.000)
	Current DTM method: 2
[SNIPER_STATS_MANAGER] Setting frequency for core 0 in DVFS domain 0 to 1064 MHz
[SNIPER_STATS_MANAGER] Setting frequency for core 1 in DVFS domain 1 to 1064 MHz
[SNIPER_STATS_MANAGER] Setting frequency for core 2 in DVFS domain 2 to 1064 MHz
[SNIPER_STATS_MANAGER] Setting frequency for core 3 in DVFS domain 3 to 1064 MHz
Here we try remapping!
-----and here we finish handling remapping results in cache controller! the Latency: 0
---invalid_cnt: 0

************recordStats once at 617226
[Warning] power scale is less than 1, please check!
[Overall Power Consumption] Peak: 7.92234, Dynamic: 4.63973
[DTM Trigger] CPU_MAX(THRES): 90.985(105.000), DRAM_MAX(THRES): 87.795(88.000)
	Current DTM method: 2
[SNIPER_STATS_MANAGER] Setting frequency for core 0 in DVFS domain 0 to 1596 MHz
[SNIPER_STATS_MANAGER] Setting frequency for core 1 in DVFS domain 1 to 1596 MHz
[SNIPER_STATS_MANAGER] Setting frequency for core 2 in DVFS domain 2 to 1596 MHz
[SNIPER_STATS_MANAGER] Setting frequency for core 3 in DVFS domain 3 to 1596 MHz
Here we try remapping!
-----and here we finish handling remapping results in cache controller! the Latency: 0
---invalid_cnt: 0

************recordStats once at 618212
[Warning] power scale is less than 1, please check!
[Overall Power Consumption] Peak: 14.001, Dynamic: 8.15533
[DTM Trigger] CPU_MAX(THRES): 92.420(105.000), DRAM_MAX(THRES): 87.424(88.000)
	Current DTM method: 2
[SNIPER_STATS_MANAGER] Setting frequency for core 0 in DVFS domain 0 to 2128 MHz
[SNIPER_STATS_MANAGER] Setting frequency for core 1 in DVFS domain 1 to 2128 MHz
[SNIPER_STATS_MANAGER] Setting frequency for core 2 in DVFS domain 2 to 2128 MHz
[SNIPER_STATS_MANAGER] Setting frequency for core 3 in DVFS domain 3 to 2128 MHz
Here we try remapping!
-----and here we finish handling remapping results in cache controller! the Latency: 0
---invalid_cnt: 0

************recordStats once at 619226
[Warning] power scale is less than 1, please check!
[Overall Power Consumption] Peak: 25.1097, Dynamic: 14.4576
[DTM Trigger] CPU_MAX(THRES): 98.411(105.000), DRAM_MAX(THRES): 87.268(88.000)
	Current DTM method: 2
[SNIPER_STATS_MANAGER] Setting frequency for core 0 in DVFS domain 0 to 2660 MHz
[SNIPER_STATS_MANAGER] Setting frequency for core 1 in DVFS domain 1 to 2660 MHz
[SNIPER_STATS_MANAGER] Setting frequency for core 2 in DVFS domain 2 to 2660 MHz
[SNIPER_STATS_MANAGER] Setting frequency for core 3 in DVFS domain 3 to 2660 MHz
Here we try remapping!
-----and here we finish handling remapping results in cache controller! the Latency: 0
---invalid_cnt: 0

************recordStats once at 620221
[Warning] power scale is less than 1, please check!
[Overall Power Consumption] Peak: 31.6057, Dynamic: 18.0442
[DTM Trigger] CPU_MAX(THRES): 103.819(105.000), DRAM_MAX(THRES): 87.456(88.000)
	Current DTM method: 2
Here we try remapping!
-----and here we finish handling remapping results in cache controller! the Latency: 0
---invalid_cnt: 0

************recordStats once at 621226
[Warning] power scale is less than 1, please check!
[Overall Power Consumption] Peak: 33.665, Dynamic: 20.673
[DTM Trigger] CPU_MAX(THRES): 107.293(105.000), DRAM_MAX(THRES): 87.907(88.000)
	Current DTM method: 2
[HOT!] CPU is too hot!
[SNIPER_STATS_MANAGER] Setting frequency for core 0 in DVFS domain 0 to 2128 MHz
[SNIPER_STATS_MANAGER] Setting frequency for core 1 in DVFS domain 1 to 2128 MHz
[SNIPER_STATS_MANAGER] Setting frequency for core 2 in DVFS domain 2 to 2128 MHz
[SNIPER_STATS_MANAGER] Setting frequency for core 3 in DVFS domain 3 to 2128 MHz
Here we try remapping!
-----and here we finish handling remapping results in cache controller! the Latency: 0
---invalid_cnt: 0

************recordStats once at 622226
[Warning] power scale is less than 1, please check!
[Overall Power Consumption] Peak: 30.7828, Dynamic: 21.1092
[DTM Trigger] CPU_MAX(THRES): 107.580(105.000), DRAM_MAX(THRES): 88.431(88.000)
	Current DTM method: 2
[HOT!] CPU is too hot!
[SNIPER_STATS_MANAGER] Setting frequency for core 0 in DVFS domain 0 to 1596 MHz
[SNIPER_STATS_MANAGER] Setting frequency for core 1 in DVFS domain 1 to 1596 MHz
[SNIPER_STATS_MANAGER] Setting frequency for core 2 in DVFS domain 2 to 1596 MHz
[SNIPER_STATS_MANAGER] Setting frequency for core 3 in DVFS domain 3 to 1596 MHz
Here we try remapping!
-----and here we finish handling remapping results in cache controller! the Latency: 0
---invalid_cnt: 0

************recordStats once at 623222
[Warning] power scale is less than 1, please check!
[Overall Power Consumption] Peak: 18.0799, Dynamic: 12.9913
[DTM Trigger] CPU_MAX(THRES): 101.190(105.000), DRAM_MAX(THRES): 88.779(88.000)
	Current DTM method: 2
[HOT!] DRAM is too hot!
[SNIPER_STATS_MANAGER] Setting frequency for core 0 in DVFS domain 0 to 1064 MHz
[SNIPER_STATS_MANAGER] Setting frequency for core 1 in DVFS domain 1 to 1064 MHz
[SNIPER_STATS_MANAGER] Setting frequency for core 2 in DVFS domain 2 to 1064 MHz
[SNIPER_STATS_MANAGER] Setting frequency for core 3 in DVFS domain 3 to 1064 MHz
Here we try remapping!
-----and here we finish handling remapping results in cache controller! the Latency: 0
---invalid_cnt: 0

************recordStats once at 624226
[Warning] power scale is less than 1, please check!
[Overall Power Consumption] Peak: 12.3384, Dynamic: 9.30748
[DTM Trigger] CPU_MAX(THRES): 96.367(105.000), DRAM_MAX(THRES): 88.799(88.000)
	Current DTM method: 2
[HOT!] DRAM is too hot!
[SNIPER_STATS_MANAGER] Setting frequency for core 0 in DVFS domain 0 to 532 MHz
[SNIPER_STATS_MANAGER] Setting frequency for core 1 in DVFS domain 1 to 532 MHz
[SNIPER_STATS_MANAGER] Setting frequency for core 2 in DVFS domain 2 to 532 MHz
[SNIPER_STATS_MANAGER] Setting frequency for core 3 in DVFS domain 3 to 532 MHz
Here we try remapping!
-----and here we finish handling remapping results in cache controller! the Latency: 0
---invalid_cnt: 0

************recordStats once at 625193
[Warning] power scale is less than 1, please check!
[Overall Power Consumption] Peak: 6.859, Dynamic: 6.36419
[DTM Trigger] CPU_MAX(THRES): 91.937(105.000), DRAM_MAX(THRES): 87.821(88.000)
	Current DTM method: 2
[SNIPER_STATS_MANAGER] Setting frequency for core 0 in DVFS domain 0 to 1064 MHz
[SNIPER_STATS_MANAGER] Setting frequency for core 1 in DVFS domain 1 to 1064 MHz
[SNIPER_STATS_MANAGER] Setting frequency for core 2 in DVFS domain 2 to 1064 MHz
[SNIPER_STATS_MANAGER] Setting frequency for core 3 in DVFS domain 3 to 1064 MHz
Here we try remapping!
-----and here we finish handling remapping results in cache controller! the Latency: 0
---invalid_cnt: 0

************recordStats once at 626222
[Warning] power scale is less than 1, please check!
[Overall Power Consumption] Peak: 7.96126, Dynamic: 4.66525
[DTM Trigger] CPU_MAX(THRES): 91.047(105.000), DRAM_MAX(THRES): 87.931(88.000)
	Current DTM method: 2
[SNIPER_STATS_MANAGER] Setting frequency for core 0 in DVFS domain 0 to 1596 MHz
[SNIPER_STATS_MANAGER] Setting frequency for core 1 in DVFS domain 1 to 1596 MHz
[SNIPER_STATS_MANAGER] Setting frequency for core 2 in DVFS domain 2 to 1596 MHz
[SNIPER_STATS_MANAGER] Setting frequency for core 3 in DVFS domain 3 to 1596 MHz
Here we try remapping!
-----and here we finish handling remapping results in cache controller! the Latency: 0
---invalid_cnt: 0

************recordStats once at 627226
[Warning] power scale is less than 1, please check!
[Overall Power Consumption] Peak: 13.9614, Dynamic: 8.14762
[DTM Trigger] CPU_MAX(THRES): 92.553(105.000), DRAM_MAX(THRES): 87.567(88.000)
	Current DTM method: 2
[SNIPER_STATS_MANAGER] Setting frequency for core 0 in DVFS domain 0 to 2128 MHz
[SNIPER_STATS_MANAGER] Setting frequency for core 1 in DVFS domain 1 to 2128 MHz
[SNIPER_STATS_MANAGER] Setting frequency for core 2 in DVFS domain 2 to 2128 MHz
[SNIPER_STATS_MANAGER] Setting frequency for core 3 in DVFS domain 3 to 2128 MHz
Here we try remapping!
-----and here we finish handling remapping results in cache controller! the Latency: 0
---invalid_cnt: 0

************recordStats once at 628226
[Warning] power scale is less than 1, please check!
[Overall Power Consumption] Peak: 25.4205, Dynamic: 14.7541
[DTM Trigger] CPU_MAX(THRES): 98.544(105.000), DRAM_MAX(THRES): 87.400(88.000)
	Current DTM method: 2
[SNIPER_STATS_MANAGER] Setting frequency for core 0 in DVFS domain 0 to 2660 MHz
[SNIPER_STATS_MANAGER] Setting frequency for core 1 in DVFS domain 1 to 2660 MHz
[SNIPER_STATS_MANAGER] Setting frequency for core 2 in DVFS domain 2 to 2660 MHz
[SNIPER_STATS_MANAGER] Setting frequency for core 3 in DVFS domain 3 to 2660 MHz
Here we try remapping!
-----and here we finish handling remapping results in cache controller! the Latency: 0
---invalid_cnt: 0

************recordStats once at 629226
[Warning] power scale is less than 1, please check!
[Overall Power Consumption] Peak: 31.3241, Dynamic: 17.7292
[DTM Trigger] CPU_MAX(THRES): 104.036(105.000), DRAM_MAX(THRES): 87.587(88.000)
	Current DTM method: 2
Here we try remapping!
-----and here we finish handling remapping results in cache controller! the Latency: 0
---invalid_cnt: 0

************recordStats once at 630226
[Warning] power scale is less than 1, please check!
[Overall Power Consumption] Peak: 33.7267, Dynamic: 20.7301
[DTM Trigger] CPU_MAX(THRES): 107.486(105.000), DRAM_MAX(THRES): 88.015(88.000)
	Current DTM method: 2
[HOT!] CPU is too hot!
[SNIPER_STATS_MANAGER] Setting frequency for core 0 in DVFS domain 0 to 2128 MHz
[SNIPER_STATS_MANAGER] Setting frequency for core 1 in DVFS domain 1 to 2128 MHz
[SNIPER_STATS_MANAGER] Setting frequency for core 2 in DVFS domain 2 to 2128 MHz
[SNIPER_STATS_MANAGER] Setting frequency for core 3 in DVFS domain 3 to 2128 MHz
Here we try remapping!
-----and here we finish handling remapping results in cache controller! the Latency: 0
---invalid_cnt: 0

************recordStats once at 631226
[Warning] power scale is less than 1, please check!
[Overall Power Consumption] Peak: 30.3734, Dynamic: 20.6454
[DTM Trigger] CPU_MAX(THRES): 107.523(105.000), DRAM_MAX(THRES): 88.527(88.000)
	Current DTM method: 2
[HOT!] CPU is too hot!
[SNIPER_STATS_MANAGER] Setting frequency for core 0 in DVFS domain 0 to 1596 MHz
[SNIPER_STATS_MANAGER] Setting frequency for core 1 in DVFS domain 1 to 1596 MHz
[SNIPER_STATS_MANAGER] Setting frequency for core 2 in DVFS domain 2 to 1596 MHz
[SNIPER_STATS_MANAGER] Setting frequency for core 3 in DVFS domain 3 to 1596 MHz
Here we try remapping!
-----and here we finish handling remapping results in cache controller! the Latency: 0
---invalid_cnt: 0

************recordStats once at 632205
[Warning] power scale is less than 1, please check!
[Overall Power Consumption] Peak: 17.9506, Dynamic: 12.8365
[DTM Trigger] CPU_MAX(THRES): 101.200(105.000), DRAM_MAX(THRES): 88.877(88.000)
	Current DTM method: 2
[HOT!] DRAM is too hot!
[SNIPER_STATS_MANAGER] Setting frequency for core 0 in DVFS domain 0 to 1064 MHz
[SNIPER_STATS_MANAGER] Setting frequency for core 1 in DVFS domain 1 to 1064 MHz
[SNIPER_STATS_MANAGER] Setting frequency for core 2 in DVFS domain 2 to 1064 MHz
[SNIPER_STATS_MANAGER] Setting frequency for core 3 in DVFS domain 3 to 1064 MHz
Here we try remapping!
-----and here we finish handling remapping results in cache controller! the Latency: 0
---invalid_cnt: 0

************recordStats once at 633226
[Warning] power scale is less than 1, please check!
[Overall Power Consumption] Peak: 12.3757, Dynamic: 9.36075
[DTM Trigger] CPU_MAX(THRES): 96.524(105.000), DRAM_MAX(THRES): 88.882(88.000)
	Current DTM method: 2
[HOT!] DRAM is too hot!
[SNIPER_STATS_MANAGER] Setting frequency for core 0 in DVFS domain 0 to 532 MHz
[SNIPER_STATS_MANAGER] Setting frequency for core 1 in DVFS domain 1 to 532 MHz
[SNIPER_STATS_MANAGER] Setting frequency for core 2 in DVFS domain 2 to 532 MHz
[SNIPER_STATS_MANAGER] Setting frequency for core 3 in DVFS domain 3 to 532 MHz
Here we try remapping!
-----and here we finish handling remapping results in cache controller! the Latency: 0
---invalid_cnt: 0

************recordStats once at 634205
[Warning] power scale is less than 1, please check!
[Overall Power Consumption] Peak: 6.86462, Dynamic: 6.35856
[DTM Trigger] CPU_MAX(THRES): 92.096(105.000), DRAM_MAX(THRES): 87.761(88.000)
	Current DTM method: 2
[SNIPER_STATS_MANAGER] Setting frequency for core 0 in DVFS domain 0 to 1064 MHz
[SNIPER_STATS_MANAGER] Setting frequency for core 1 in DVFS domain 1 to 1064 MHz
[SNIPER_STATS_MANAGER] Setting frequency for core 2 in DVFS domain 2 to 1064 MHz
[SNIPER_STATS_MANAGER] Setting frequency for core 3 in DVFS domain 3 to 1064 MHz
Here we try remapping!
-----and here we finish handling remapping results in cache controller! the Latency: 0
---invalid_cnt: 0

************recordStats once at 635226
[Warning] power scale is less than 1, please check!
[Overall Power Consumption] Peak: 7.97326, Dynamic: 4.6759
[DTM Trigger] CPU_MAX(THRES): 91.140(105.000), DRAM_MAX(THRES): 87.977(88.000)
	Current DTM method: 2
[SNIPER_STATS_MANAGER] Setting frequency for core 0 in DVFS domain 0 to 1596 MHz
[SNIPER_STATS_MANAGER] Setting frequency for core 1 in DVFS domain 1 to 1596 MHz
[SNIPER_STATS_MANAGER] Setting frequency for core 2 in DVFS domain 2 to 1596 MHz
[SNIPER_STATS_MANAGER] Setting frequency for core 3 in DVFS domain 3 to 1596 MHz
Here we try remapping!
-----and here we finish handling remapping results in cache controller! the Latency: 0
---invalid_cnt: 0

************recordStats once at 636205
[Warning] power scale is less than 1, please check!
[Overall Power Consumption] Peak: 13.9463, Dynamic: 8.1098
[DTM Trigger] CPU_MAX(THRES): 92.665(105.000), DRAM_MAX(THRES): 87.626(88.000)
	Current DTM method: 2
[SNIPER_STATS_MANAGER] Setting frequency for core 0 in DVFS domain 0 to 2128 MHz
[SNIPER_STATS_MANAGER] Setting frequency for core 1 in DVFS domain 1 to 2128 MHz
[SNIPER_STATS_MANAGER] Setting frequency for core 2 in DVFS domain 2 to 2128 MHz
[SNIPER_STATS_MANAGER] Setting frequency for core 3 in DVFS domain 3 to 2128 MHz
Here we try remapping!
-----and here we finish handling remapping results in cache controller! the Latency: 0
---invalid_cnt: 0

************recordStats once at 637223
[Warning] power scale is less than 1, please check!
[Overall Power Consumption] Peak: 25.1452, Dynamic: 14.4945
[DTM Trigger] CPU_MAX(THRES): 98.610(105.000), DRAM_MAX(THRES): 87.455(88.000)
	Current DTM method: 2
[SNIPER_STATS_MANAGER] Setting frequency for core 0 in DVFS domain 0 to 2660 MHz
[SNIPER_STATS_MANAGER] Setting frequency for core 1 in DVFS domain 1 to 2660 MHz
[SNIPER_STATS_MANAGER] Setting frequency for core 2 in DVFS domain 2 to 2660 MHz
[SNIPER_STATS_MANAGER] Setting frequency for core 3 in DVFS domain 3 to 2660 MHz
Here we try remapping!
-----and here we finish handling remapping results in cache controller! the Latency: 0
---invalid_cnt: 0

************recordStats once at 638226
[Warning] power scale is less than 1, please check!
[Overall Power Consumption] Peak: 31.4641, Dynamic: 17.8754
[DTM Trigger] CPU_MAX(THRES): 103.907(105.000), DRAM_MAX(THRES): 87.636(88.000)
	Current DTM method: 2
Here we try remapping!
-----and here we finish handling remapping results in cache controller! the Latency: 0
---invalid_cnt: 0

************recordStats once at 639226
[Warning] power scale is less than 1, please check!
[Overall Power Consumption] Peak: 34.0181, Dynamic: 21.0233
[DTM Trigger] CPU_MAX(THRES): 107.764(105.000), DRAM_MAX(THRES): 88.062(88.000)
	Current DTM method: 2
[HOT!] CPU is too hot!
[SNIPER_STATS_MANAGER] Setting frequency for core 0 in DVFS domain 0 to 2128 MHz
[SNIPER_STATS_MANAGER] Setting frequency for core 1 in DVFS domain 1 to 2128 MHz
[SNIPER_STATS_MANAGER] Setting frequency for core 2 in DVFS domain 2 to 2128 MHz
[SNIPER_STATS_MANAGER] Setting frequency for core 3 in DVFS domain 3 to 2128 MHz
Here we try remapping!
-----and here we finish handling remapping results in cache controller! the Latency: 0
---invalid_cnt: 0

************recordStats once at 640226
[Warning] power scale is less than 1, please check!
[Overall Power Consumption] Peak: 29.347, Dynamic: 18.3159
[DTM Trigger] CPU_MAX(THRES): 107.498(105.000), DRAM_MAX(THRES): 88.625(88.000)
	Current DTM method: 2
[HOT!] CPU is too hot!
[SNIPER_STATS_MANAGER] Setting frequency for core 0 in DVFS domain 0 to 1596 MHz
[SNIPER_STATS_MANAGER] Setting frequency for core 1 in DVFS domain 1 to 1596 MHz
[SNIPER_STATS_MANAGER] Setting frequency for core 2 in DVFS domain 2 to 1596 MHz
[SNIPER_STATS_MANAGER] Setting frequency for core 3 in DVFS domain 3 to 1596 MHz
Here we try remapping!
-----and here we finish handling remapping results in cache controller! the Latency: 0
---invalid_cnt: 0

************recordStats once at 641226
[Warning] power scale is less than 1, please check!
[Overall Power Consumption] Peak: 16.0757, Dynamic: 10.2562
[DTM Trigger] CPU_MAX(THRES): 96.428(105.000), DRAM_MAX(THRES): 90.039(88.000)
	Current DTM method: 2
[HOT!] DRAM is too hot!
[SNIPER_STATS_MANAGER] Setting frequency for core 0 in DVFS domain 0 to 1064 MHz
[SNIPER_STATS_MANAGER] Setting frequency for core 1 in DVFS domain 1 to 1064 MHz
[SNIPER_STATS_MANAGER] Setting frequency for core 2 in DVFS domain 2 to 1064 MHz
[SNIPER_STATS_MANAGER] Setting frequency for core 3 in DVFS domain 3 to 1064 MHz
Here we try remapping!
-----and here we finish handling remapping results in cache controller! the Latency: 0
---invalid_cnt: 0

************recordStats once at 642226
[Warning] power scale is less than 1, please check!
[Overall Power Consumption] Peak: 11.5793, Dynamic: 9.21888
[DTM Trigger] CPU_MAX(THRES): 92.172(105.000), DRAM_MAX(THRES): 90.698(88.000)
	Current DTM method: 2
[HOT!] DRAM is too hot!
[SNIPER_STATS_MANAGER] Setting frequency for core 0 in DVFS domain 0 to 532 MHz
[SNIPER_STATS_MANAGER] Setting frequency for core 1 in DVFS domain 1 to 532 MHz
[SNIPER_STATS_MANAGER] Setting frequency for core 2 in DVFS domain 2 to 532 MHz
[SNIPER_STATS_MANAGER] Setting frequency for core 3 in DVFS domain 3 to 532 MHz
Here we try remapping!
-----and here we finish handling remapping results in cache controller! the Latency: 0
---invalid_cnt: 0

************recordStats once at 643226
[Warning] power scale is less than 1, please check!
[Overall Power Consumption] Peak: 7.08813, Dynamic: 9.54747
[DTM Trigger] CPU_MAX(THRES): 89.710(105.000), DRAM_MAX(THRES): 90.675(88.000)
	Current DTM method: 2
[HOT!] DRAM is too hot!
Here we try remapping!
-----and here we finish handling remapping results in cache controller! the Latency: 0
---invalid_cnt: 0
[SNIPER] Disabling performance models
[SNIPER] Leaving ROI after 6826.27 seconds

************recordStats once at 644010

************recordStats once at 644010
[Warning] power scale is less than 1, please check!
[Overall Power Consumption] Peak: 6.79751, Dynamic: 6.87623
[DTM Trigger] CPU_MAX(THRES): 88.848(105.000), DRAM_MAX(THRES): 90.170(88.000)
	Current DTM method: 2
[HOT!] DRAM is too hot!
Here we try remapping!
[Warning] power scale is less than 1, please check!
[Overall Power Consumption] Peak: 6.62464, Dynamic: 6.47662
[DTM Trigger] CPU_MAX(THRES): 87.134(105.000), DRAM_MAX(THRES): 84.684(88.000)
	Current DTM method: 2
[SNIPER_STATS_MANAGER] Setting frequency for core 0 in DVFS domain 0 to 1064 MHz
[SNIPER_STATS_MANAGER] Setting frequency for core 1 in DVFS domain 1 to 1064 MHz
[SNIPER_STATS_MANAGER] Setting frequency for core 2 in DVFS domain 2 to 1064 MHz
[SNIPER_STATS_MANAGER] Setting frequency for core 3 in DVFS domain 3 to 1064 MHz
Here we try remapping!
[SNIPER] Simulated 2294.4M instructions, 685.2M cycles, 3.35 IPC
[SNIPER] Simulation speed 335.6 KIPS (83.9 KIPS / target core - 11919.6ns/instr)
[SNIPER] Sampling: executed 17.22% of simulated time in detailed mode
[SNIPER] Setting instrumentation mode to FAST_FORWARD
[HOOKS] Leaving ROI

                 PROCESS STATISTICS
            Computation      Transpose     Transpose
 Proc          Time            Time        Fraction
    0        -1780947145     -1764462793       0.99074

                 TIMING INFORMATION
Start time                        :       2052981754
Initialization finish time        :       -259393689
Overall finish time               :      -2040340834
Total time with initialization    :        201644708
Total time without initialization :      -1780947145
Overall transpose time            :      -1764462793
Overall transpose fraction        :          0.99074


************recordStats once at 644010
[Warning] power scale is less than 1, please check!
[Overall Power Consumption] Peak: 6.62464, Dynamic: 6.47662
[DTM Trigger] CPU_MAX(THRES): 86.120(105.000), DRAM_MAX(THRES): 82.902(88.000)
	Current DTM method: 2
[SNIPER_STATS_MANAGER] Setting frequency for core 0 in DVFS domain 0 to 1596 MHz
[SNIPER_STATS_MANAGER] Setting frequency for core 1 in DVFS domain 1 to 1596 MHz
[SNIPER_STATS_MANAGER] Setting frequency for core 2 in DVFS domain 2 to 1596 MHz
[SNIPER_STATS_MANAGER] Setting frequency for core 3 in DVFS domain 3 to 1596 MHz
Here we try remapping!

 ***** [DRAM_CACHE_Result] *****

*** DRAM Total Access: 18956420, page miss: 102000, block misses: 662780, miss: 764780, miss rate: 0.0403441
*** DRAM Total Access In ROI: 12827074, miss: 433177, miss rate: 0.0337705
*** DRAM Remap Times: 0 invalid times, 0 total invalid_blocks, 0 migrate times, 0 total migrate blocks.
*** DRAM Statistics: 1851814253 reads, 545772836 writes, 1137095541 row hits, 126300206 ACT time, 126300206 PRE time, 49629267 RD time, 13520835 WR time.

 ***** [DRAM_CACHE_Result] *****

[RAMULATOR OUTPUT]

**Total Ticks: 717843385

**Ramulator Active Cycles: 4.08344e+08

**DRAM Cycles: 7.17843e+08

**Maximum Bandwidth: 0

Number of Incoming Requests: 3.73521e+07

**Serving Request**
Channel_0: serving reads(23598063), serving writes(7081988).
Channel_1: serving reads(0), serving writes(0).
Channel_2: serving reads(0), serving writes(0).
Channel_3: serving reads(0), serving writes(0).
Channel_4: serving reads(0), serving writes(0).
Channel_5: serving reads(0), serving writes(0).
Channel_6: serving reads(0), serving writes(0).
Channel_7: serving reads(0), serving writes(0).
Channel_8: serving reads(0), serving writes(0).
Channel_9: serving reads(0), serving writes(0).
Channel_10: serving reads(0), serving writes(0).
Channel_11: serving reads(0), serving writes(0).
Channel_12: serving reads(0), serving writes(0).
Channel_13: serving reads(0), serving writes(0).
Channel_14: serving reads(0), serving writes(0).
Channel_15: serving reads(0), serving writes(0).
Channel_16: serving reads(0), serving writes(0).
Channel_17: serving reads(0), serving writes(0).
Channel_18: serving reads(0), serving writes(0).
Channel_19: serving reads(0), serving writes(0).
Channel_20: serving reads(0), serving writes(0).
Channel_21: serving reads(0), serving writes(0).
Channel_22: serving reads(0), serving writes(0).
Channel_23: serving reads(0), serving writes(0).
Channel_24: serving reads(0), serving writes(0).
Channel_25: serving reads(0), serving writes(0).
Channel_26: serving reads(0), serving writes(0).
Channel_27: serving reads(0), serving writes(0).
Channel_28: serving reads(0), serving writes(0).
Channel_29: serving reads(0), serving writes(0).
Channel_30: serving reads(0), serving writes(0).
Channel_31: serving reads(0), serving writes(0).
[RAMULATOR OUTPUT]
----[REMAP OUTPUT]---
*****HotAccess: 1121548
*****CoolAccess: 36230512
*****RemapAccess: 0
---------------------

 ***** [REF/AC_Result] *****
{Summary}: 34474211 Hot Accesses, 10412701 Cool Accesses.

 ***** [REF/AC_Result] *****
                     Power     Energy    Energy %
  core-core         6.00 W     0.68  J     20.21%
  core-ifetch       0.79 W     0.09  J      2.67%
  core-alu          0.75 W     0.09  J      2.53%
  core-int          1.00 W     0.11  J      3.35%
  core-fp           1.50 W     0.17  J      5.06%
  core-mem          0.64 W     0.07  J      2.16%
  icache            0.42 W     0.05  J      1.42%
  dcache            2.32 W     0.26  J      7.82%
  dram             15.61 W     1.78  J     52.55%
  other             0.66 W     0.08  J      2.24%

  core             10.68 W     1.22  J     35.97%
  cache             2.74 W     0.31  J      9.24%
  total            29.71 W     3.38  J    100.00%
Warning: Unable to run gnuplot to create cpi stack graphs.  Maybe gnuplot is not installed?
[SNIPER] End
[SNIPER] Elapsed time: 8821.15 seconds
[SNIPER] Running McPAT
                                     | Core 0     | Core 1     | Core 2     | Core 3    
  Instructions                       |  573617451 |  573607832 |  573609147 |  573606333
  Cycles                             |  302668507 |  302668507 |  302668507 |  302668507
  IPC                                |       1.90 |       1.90 |       1.90 |       1.90
  Time (ns)                          |  113785153 |  113785153 |  113785153 |  113785153
  Idle time (ns)                     |    3474870 |     304421 |     626019 |     705621
  Idle time (%)                      |       3.1% |       0.3% |       0.6% |       0.6%
Branch predictor stats               |            |            |            |           
  num correct                        |   48912001 |   48909939 |   48910125 |   48909785
  num incorrect                      |     407965 |     408813 |     408829 |     408799
  misprediction rate                 |      0.83% |      0.83% |      0.83% |      0.83%
  mpki                               |       0.71 |       0.71 |       0.71 |       0.71
TLB Summary                          |            |            |            |           
  I-TLB                              |            |            |            |           
    num accesses                     |   78659017 |   78660757 |   78667056 |   78663653
    num misses                       |          5 |         30 |         31 |         29
    miss rate                        |      0.00% |      0.00% |      0.00% |      0.00%
    mpki                             |       0.00 |       0.00 |       0.00 |       0.00
  D-TLB                              |            |            |            |           
    num accesses                     |  142376583 |  142372790 |  142373304 |  142372213
    num misses                       |    3175138 |    3175004 |    3175002 |    3174995
    miss rate                        |      2.23% |      2.23% |      2.23% |      2.23%
    mpki                             |       5.54 |       5.54 |       5.54 |       5.54
  L2 TLB                             |            |            |            |           
    num accesses                     |    3175143 |    3175034 |    3175033 |    3175024
    num misses                       |    3101034 |    3101071 |    3101070 |    3101063
    miss rate                        |     97.67% |     97.67% |     97.67% |     97.67%
    mpki                             |       5.41 |       5.41 |       5.41 |       5.41
Cache Summary                        |            |            |            |           
  Cache L1-I                         |            |            |            |           
    num cache accesses               |   78659017 |   78660757 |   78667056 |   78663653
    num cache misses                 |       3019 |       3595 |       3851 |       3404
    miss rate                        |      0.00% |      0.00% |      0.00% |      0.00%
    mpki                             |       0.01 |       0.01 |       0.01 |       0.01
  Cache L1-D                         |            |            |            |           
    num cache accesses               |  142376727 |  142372868 |  142373403 |  142372318
    num cache misses                 |    7471676 |    7454915 |    7454935 |    7454891
    miss rate                        |      5.25% |      5.24% |      5.24% |      5.24%
    mpki                             |      13.03 |      13.00 |      13.00 |      13.00
  Cache L2                           |            |            |            |           
    num cache accesses               |    7997716 |    7981508 |    7981781 |    7981282
    num cache misses                 |    2369756 |    2370296 |    2370180 |    2370070
    miss rate                        |     29.63% |     29.70% |     29.69% |     29.70%
    mpki                             |       4.13 |       4.13 |       4.13 |       4.13
DRAM summary                         |            |            |            |           
  num dram accesses                  |   14710490 |          0 |          0 |          0
  average dram access latency (ns)   |       9.60 |        inf |        inf |        inf
  average dram queueing delay        |       0.00 |       0.00 |       0.00 |       0.00
  average dram bandwidth utilization |      0.00% |      0.00% |      0.00% |      0.00%
Coherency Traffic                    |            |            |            |           
  num loads from dram                |    1575244 |    1575242 |    1576235 |    1574769
  num loads from dram cache          |          0 |          0 |          0 |          0
  num loads from remote cache        |       2890 |       2866 |       1876 |       3295
[SPLASH] [----------    End of output    ----------]
[SPLASH] Done.
copy HotSpot and ramulator files to /scratch/miz087/results/hpca_final/7-24_cache_dram_t88_splash2_fft_large
