[Benchmarks] set sniper output to rundir:  /scratch/miz087/results/hpca_final/7-24_cache_dram_t87_splash2_radix_large
/scratch/miz087/results/hpca_final/7-24_cache_dram_t87_splash2_radix_large
[SPLASH] Benchmarks to run: radix

[SPLASH] [========== Running benchmark radix ==========]
[SPLASH] Setting up run directory: /scratch/miz087/results/hpca_final/7-24_cache_dram_t87_splash2_radix_large
[SPLASH] Running 'SNIPER_APP_LD_PRELOAD=$LD_PRELOAD; unset LD_PRELOAD; /home_masters/miz087/workplace/micro_exp/run-sniper -n 4 -m 'localhost' -d '/scratch/miz087/results/hpca_final/7-24_cache_dram_t87_splash2_radix_large' -sthermalstats --power -c cache_dram -g --perf_model/thermal/dram_temp_thres=87 -s stop-by-icount:5000000000 --roi --curdir=/home_masters/miz087/workplace/micro_exp/benchmarks  --  /home_masters/miz087/workplace/micro_exp/benchmarks/splash2/splash2/codes/kernels/radix/RADIX -n1048576 -p4':
[SPLASH] [---------- Beginning of output ----------]
[SNIPER] Start
----------BEGIN_INIT_STATS_MANAGER------------
----------END_INIT_STATS_MANAGER------------
[DvfsManager] Core 0 at 2.66 GHz (global clock 2.66 GHz)
[DvfsManager] Core 1 at 2.66 GHz (global clock 2.66 GHz)
[DvfsManager] Core 2 at 2.66 GHz (global clock 2.66 GHz)
[DvfsManager] Core 3 at 2.66 GHz (global clock 2.66 GHz)
Normal Cache Total set: 524288
now initialize a stacked dram unison cache
Executing Python script /scratch/miz087/results/hpca_final/7-24_cache_dram_t87_splash2_radix_large/sim.scripts.py
[STOPBYICOUNT] Waiting for application ROI
[STOPBYICOUNT] Then stopping after simulating at least 5000000000 instructions in detail
[SNIPER] --------------------------------------------------------------------------------
[SNIPER] Sniper using Pin frontend
[SNIPER] Running pre-ROI region in  CACHE_ONLY mode
[SNIPER] Running application ROI in DETAILED mode
[SNIPER] Running post-ROI region in FAST_FORWARD mode
[SNIPER] --------------------------------------------------------------------------------

************recordStats once at 0
[Warning] power scale is less than 1, please check!
[Overall Power Consumption] Peak: 0, Dynamic: 0
[Warning] the power of processor is too small, we skip the temperature calculation!

Integer Radix Sort
     1048576 Keys
     4 Processors
     Radix = 1024
     Max key = 524288

[HOOKS] Entering ROI
[SNIPER] Enabling performance models
[STOPBYICOUNT] Application ROI started, now simulating 5000000000 in detail

************recordStats once at 77
[Warning] power scale is less than 1, please check!
[Overall Power Consumption] Peak: 0, Dynamic: 0
[Warning] the power of processor is too small, we skip the temperature calculation!
[SNIPER] Setting instrumentation mode to DETAILED

************recordStats once at 998
[Warning] power scale is less than 1, please check!
[Overall Power Consumption] Peak: 0, Dynamic: 0
[Warning] the power of processor is too small, we skip the temperature calculation!

************recordStats once at 2000
[Warning] power scale is less than 1, please check!
[Overall Power Consumption] Peak: 0, Dynamic: 0
[Warning] the power of processor is too small, we skip the temperature calculation!

************recordStats once at 2999
[Warning] power scale is less than 1, please check!
[Overall Power Consumption] Peak: 16.957, Dynamic: 5.70081
*[Hotspot] begin initialization!
[DTM Trigger] CPU_MAX(THRES): 70.895(105.000), DRAM_MAX(THRES): 62.451(87.000)
	Current DTM method: 2
Here we try remapping!
-----and here we finish handling remapping results in cache controller! the Latency: 0
---invalid_cnt: 0

************recordStats once at 3998
[Warning] power scale is less than 1, please check!
[Overall Power Consumption] Peak: 16.9569, Dynamic: 5.7008
[DTM Trigger] CPU_MAX(THRES): 74.408(105.000), DRAM_MAX(THRES): 64.803(87.000)
	Current DTM method: 2
Here we try remapping!
-----and here we finish handling remapping results in cache controller! the Latency: 0
---invalid_cnt: 0

************recordStats once at 5000
[Warning] power scale is less than 1, please check!
[Overall Power Consumption] Peak: 16.9569, Dynamic: 5.70079
[DTM Trigger] CPU_MAX(THRES): 76.674(105.000), DRAM_MAX(THRES): 66.621(87.000)
	Current DTM method: 2
Here we try remapping!
-----and here we finish handling remapping results in cache controller! the Latency: 0
---invalid_cnt: 0

************recordStats once at 5999
[Warning] power scale is less than 1, please check!
[Overall Power Consumption] Peak: 16.957, Dynamic: 5.70085
[DTM Trigger] CPU_MAX(THRES): 78.483(105.000), DRAM_MAX(THRES): 68.109(87.000)
	Current DTM method: 2
Here we try remapping!
-----and here we finish handling remapping results in cache controller! the Latency: 0
---invalid_cnt: 0

************recordStats once at 6999
[Warning] power scale is less than 1, please check!
[Overall Power Consumption] Peak: 16.957, Dynamic: 5.70078
[DTM Trigger] CPU_MAX(THRES): 80.054(105.000), DRAM_MAX(THRES): 69.396(87.000)
	Current DTM method: 2
Here we try remapping!
-----and here we finish handling remapping results in cache controller! the Latency: 0
---invalid_cnt: 0

************recordStats once at 7999
[Warning] power scale is less than 1, please check!
[Overall Power Consumption] Peak: 16.957, Dynamic: 5.7008
[DTM Trigger] CPU_MAX(THRES): 81.457(105.000), DRAM_MAX(THRES): 70.542(87.000)
	Current DTM method: 2
Here we try remapping!
-----and here we finish handling remapping results in cache controller! the Latency: 0
---invalid_cnt: 0

************recordStats once at 9000
[Warning] power scale is less than 1, please check!
[Overall Power Consumption] Peak: 16.958, Dynamic: 5.70097
[DTM Trigger] CPU_MAX(THRES): 82.721(105.000), DRAM_MAX(THRES): 71.573(87.000)
	Current DTM method: 2
Here we try remapping!
-----and here we finish handling remapping results in cache controller! the Latency: 0
---invalid_cnt: 0

************recordStats once at 9999
[Warning] power scale is less than 1, please check!
[Overall Power Consumption] Peak: 16.9602, Dynamic: 5.70097
[DTM Trigger] CPU_MAX(THRES): 83.868(105.000), DRAM_MAX(THRES): 72.506(87.000)
	Current DTM method: 2
Here we try remapping!
-----and here we finish handling remapping results in cache controller! the Latency: 0
---invalid_cnt: 0

************recordStats once at 11000
[Warning] power scale is less than 1, please check!
[Overall Power Consumption] Peak: 16.9677, Dynamic: 5.70209
[DTM Trigger] CPU_MAX(THRES): 84.913(105.000), DRAM_MAX(THRES): 73.355(87.000)
	Current DTM method: 2
Here we try remapping!
-----and here we finish handling remapping results in cache controller! the Latency: 0
---invalid_cnt: 0

************recordStats once at 12000
[Warning] power scale is less than 1, please check!
[Overall Power Consumption] Peak: 16.9697, Dynamic: 5.70226
[DTM Trigger] CPU_MAX(THRES): 85.864(105.000), DRAM_MAX(THRES): 74.129(87.000)
	Current DTM method: 2
Here we try remapping!
-----and here we finish handling remapping results in cache controller! the Latency: 0
---invalid_cnt: 0

************recordStats once at 12999
[Warning] power scale is less than 1, please check!
[Overall Power Consumption] Peak: 16.9698, Dynamic: 5.70231
[DTM Trigger] CPU_MAX(THRES): 86.732(105.000), DRAM_MAX(THRES): 74.836(87.000)
	Current DTM method: 2
Here we try remapping!
-----and here we finish handling remapping results in cache controller! the Latency: 0
---invalid_cnt: 0

************recordStats once at 14000
[Warning] power scale is less than 1, please check!
[Overall Power Consumption] Peak: 16.9696, Dynamic: 5.70226
[DTM Trigger] CPU_MAX(THRES): 87.526(105.000), DRAM_MAX(THRES): 75.483(87.000)
	Current DTM method: 2
Here we try remapping!
-----and here we finish handling remapping results in cache controller! the Latency: 0
---invalid_cnt: 0

************recordStats once at 14999
[Warning] power scale is less than 1, please check!
[Overall Power Consumption] Peak: 16.9697, Dynamic: 5.70229
[DTM Trigger] CPU_MAX(THRES): 88.252(105.000), DRAM_MAX(THRES): 76.075(87.000)
	Current DTM method: 2
Here we try remapping!
-----and here we finish handling remapping results in cache controller! the Latency: 0
---invalid_cnt: 0

************recordStats once at 15999
[Warning] power scale is less than 1, please check!
[Overall Power Consumption] Peak: 16.9697, Dynamic: 5.70229
[DTM Trigger] CPU_MAX(THRES): 88.916(105.000), DRAM_MAX(THRES): 76.618(87.000)
	Current DTM method: 2
Here we try remapping!
-----and here we finish handling remapping results in cache controller! the Latency: 0
---invalid_cnt: 0

************recordStats once at 17000
[Warning] power scale is less than 1, please check!
[Overall Power Consumption] Peak: 16.9697, Dynamic: 5.70228
[DTM Trigger] CPU_MAX(THRES): 89.526(105.000), DRAM_MAX(THRES): 77.116(87.000)
	Current DTM method: 2
Here we try remapping!
-----and here we finish handling remapping results in cache controller! the Latency: 0
---invalid_cnt: 0

************recordStats once at 18000
[Warning] power scale is less than 1, please check!
[Overall Power Consumption] Peak: 16.9697, Dynamic: 5.70228
[DTM Trigger] CPU_MAX(THRES): 90.085(105.000), DRAM_MAX(THRES): 77.573(87.000)
	Current DTM method: 2
Here we try remapping!
-----and here we finish handling remapping results in cache controller! the Latency: 0
---invalid_cnt: 0

************recordStats once at 18999
[Warning] power scale is less than 1, please check!
[Overall Power Consumption] Peak: 16.9694, Dynamic: 5.70194
[DTM Trigger] CPU_MAX(THRES): 90.597(105.000), DRAM_MAX(THRES): 77.993(87.000)
	Current DTM method: 2
Here we try remapping!
-----and here we finish handling remapping results in cache controller! the Latency: 0
---invalid_cnt: 0

************recordStats once at 19999
[Warning] power scale is less than 1, please check!
[Overall Power Consumption] Peak: 16.9698, Dynamic: 5.70231
[DTM Trigger] CPU_MAX(THRES): 91.068(105.000), DRAM_MAX(THRES): 78.378(87.000)
	Current DTM method: 2
Here we try remapping!
-----and here we finish handling remapping results in cache controller! the Latency: 0
---invalid_cnt: 0

************recordStats once at 20999
[Warning] power scale is less than 1, please check!
[Overall Power Consumption] Peak: 16.9697, Dynamic: 5.70227
[DTM Trigger] CPU_MAX(THRES): 91.501(105.000), DRAM_MAX(THRES): 78.733(87.000)
	Current DTM method: 2
Here we try remapping!
-----and here we finish handling remapping results in cache controller! the Latency: 0
---invalid_cnt: 0

************recordStats once at 21999
[Warning] power scale is less than 1, please check!
[Overall Power Consumption] Peak: 16.9697, Dynamic: 5.70227
[DTM Trigger] CPU_MAX(THRES): 91.899(105.000), DRAM_MAX(THRES): 79.060(87.000)
	Current DTM method: 2
Here we try remapping!
-----and here we finish handling remapping results in cache controller! the Latency: 0
---invalid_cnt: 0

************recordStats once at 22999
[Warning] power scale is less than 1, please check!
[Overall Power Consumption] Peak: 16.9698, Dynamic: 5.70233
[DTM Trigger] CPU_MAX(THRES): 92.264(105.000), DRAM_MAX(THRES): 79.360(87.000)
	Current DTM method: 2
Here we try remapping!
-----and here we finish handling remapping results in cache controller! the Latency: 0
---invalid_cnt: 0

************recordStats once at 23999
[Warning] power scale is less than 1, please check!
[Overall Power Consumption] Peak: 16.9696, Dynamic: 5.70226
[DTM Trigger] CPU_MAX(THRES): 92.601(105.000), DRAM_MAX(THRES): 79.637(87.000)
	Current DTM method: 2
Here we try remapping!
-----and here we finish handling remapping results in cache controller! the Latency: 0
---invalid_cnt: 0

************recordStats once at 24999
[Warning] power scale is less than 1, please check!
[Overall Power Consumption] Peak: 16.9697, Dynamic: 5.70229
[DTM Trigger] CPU_MAX(THRES): 92.911(105.000), DRAM_MAX(THRES): 79.893(87.000)
	Current DTM method: 2
Here we try remapping!
-----and here we finish handling remapping results in cache controller! the Latency: 0
---invalid_cnt: 0

************recordStats once at 25999
[Warning] power scale is less than 1, please check!
[Overall Power Consumption] Peak: 16.9697, Dynamic: 5.70228
[DTM Trigger] CPU_MAX(THRES): 93.196(105.000), DRAM_MAX(THRES): 80.128(87.000)
	Current DTM method: 2
Here we try remapping!
-----and here we finish handling remapping results in cache controller! the Latency: 0
---invalid_cnt: 0

************recordStats once at 27000
[Warning] power scale is less than 1, please check!
[Overall Power Consumption] Peak: 16.9697, Dynamic: 5.70228
[DTM Trigger] CPU_MAX(THRES): 93.459(105.000), DRAM_MAX(THRES): 80.346(87.000)
	Current DTM method: 2
Here we try remapping!
-----and here we finish handling remapping results in cache controller! the Latency: 0
---invalid_cnt: 0

************recordStats once at 27999
[Warning] power scale is less than 1, please check!
[Overall Power Consumption] Peak: 16.9695, Dynamic: 5.70198
[DTM Trigger] CPU_MAX(THRES): 93.702(105.000), DRAM_MAX(THRES): 80.547(87.000)
	Current DTM method: 2
Here we try remapping!
-----and here we finish handling remapping results in cache controller! the Latency: 0
---invalid_cnt: 0

************recordStats once at 28999
[Warning] power scale is less than 1, please check!
[Overall Power Consumption] Peak: 16.9697, Dynamic: 5.70227
[DTM Trigger] CPU_MAX(THRES): 93.926(105.000), DRAM_MAX(THRES): 80.733(87.000)
	Current DTM method: 2
Here we try remapping!
-----and here we finish handling remapping results in cache controller! the Latency: 0
---invalid_cnt: 0

************recordStats once at 30000
[Warning] power scale is less than 1, please check!
[Overall Power Consumption] Peak: 16.9697, Dynamic: 5.70229
[DTM Trigger] CPU_MAX(THRES): 94.133(105.000), DRAM_MAX(THRES): 80.905(87.000)
	Current DTM method: 2
Here we try remapping!
-----and here we finish handling remapping results in cache controller! the Latency: 0
---invalid_cnt: 0

************recordStats once at 30999
[Warning] power scale is less than 1, please check!
[Overall Power Consumption] Peak: 16.9697, Dynamic: 5.70228
[DTM Trigger] CPU_MAX(THRES): 94.325(105.000), DRAM_MAX(THRES): 81.064(87.000)
	Current DTM method: 2
Here we try remapping!
-----and here we finish handling remapping results in cache controller! the Latency: 0
---invalid_cnt: 0

************recordStats once at 31999
[Warning] power scale is less than 1, please check!
[Overall Power Consumption] Peak: 16.9697, Dynamic: 5.70228
[DTM Trigger] CPU_MAX(THRES): 94.502(105.000), DRAM_MAX(THRES): 81.212(87.000)
	Current DTM method: 2
Here we try remapping!
-----and here we finish handling remapping results in cache controller! the Latency: 0
---invalid_cnt: 0

************recordStats once at 33000
[Warning] power scale is less than 1, please check!
[Overall Power Consumption] Peak: 16.9697, Dynamic: 5.70229
[DTM Trigger] CPU_MAX(THRES): 94.666(105.000), DRAM_MAX(THRES): 81.349(87.000)
	Current DTM method: 2
Here we try remapping!
-----and here we finish handling remapping results in cache controller! the Latency: 0
---invalid_cnt: 0

************recordStats once at 33999
[Warning] power scale is less than 1, please check!
[Overall Power Consumption] Peak: 16.9697, Dynamic: 5.70228
[DTM Trigger] CPU_MAX(THRES): 94.818(105.000), DRAM_MAX(THRES): 81.477(87.000)
	Current DTM method: 2
Here we try remapping!
-----and here we finish handling remapping results in cache controller! the Latency: 0
---invalid_cnt: 0

************recordStats once at 34999
[Warning] power scale is less than 1, please check!
[Overall Power Consumption] Peak: 16.9697, Dynamic: 5.70229
[DTM Trigger] CPU_MAX(THRES): 94.960(105.000), DRAM_MAX(THRES): 81.595(87.000)
	Current DTM method: 2
Here we try remapping!
-----and here we finish handling remapping results in cache controller! the Latency: 0
---invalid_cnt: 0

************recordStats once at 35999
[Warning] power scale is less than 1, please check!
[Overall Power Consumption] Peak: 16.9697, Dynamic: 5.70226
[DTM Trigger] CPU_MAX(THRES): 95.091(105.000), DRAM_MAX(THRES): 81.705(87.000)
	Current DTM method: 2
Here we try remapping!
-----and here we finish handling remapping results in cache controller! the Latency: 0
---invalid_cnt: 0

************recordStats once at 37000
[Warning] power scale is less than 1, please check!
[Overall Power Consumption] Peak: 16.9694, Dynamic: 5.70198
[DTM Trigger] CPU_MAX(THRES): 95.213(105.000), DRAM_MAX(THRES): 83.256(87.000)
	Current DTM method: 2
Here we try remapping!
-----and here we finish handling remapping results in cache controller! the Latency: 0
---invalid_cnt: 0

************recordStats once at 38000
[Warning] power scale is less than 1, please check!
[Overall Power Consumption] Peak: 23.1598, Dynamic: 8.78852
[DTM Trigger] CPU_MAX(THRES): 94.382(105.000), DRAM_MAX(THRES): 84.076(87.000)
	Current DTM method: 2
Here we try remapping!
-----and here we finish handling remapping results in cache controller! the Latency: 0
---invalid_cnt: 0

************recordStats once at 39000
[Warning] power scale is less than 1, please check!
[Overall Power Consumption] Peak: 28.624, Dynamic: 12.486
[DTM Trigger] CPU_MAX(THRES): 95.932(105.000), DRAM_MAX(THRES): 85.061(87.000)
	Current DTM method: 2
Here we try remapping!
-----and here we finish handling remapping results in cache controller! the Latency: 0
---invalid_cnt: 0
[SNIPER] Disabling performance models
[SNIPER] Leaving ROI after 915.53 seconds

************recordStats once at 39851

************recordStats once at 39851
[Warning] power scale is less than 1, please check!
[Overall Power Consumption] Peak: 27.6182, Dynamic: 11.5611
[DTM Trigger] CPU_MAX(THRES): 97.824(105.000), DRAM_MAX(THRES): 85.816(87.000)
	Current DTM method: 2
Here we try remapping!
[Warning] power scale is less than 1, please check!
[Overall Power Consumption] Peak: 28.6855, Dynamic: 12.2799
[DTM Trigger] CPU_MAX(THRES): 98.808(105.000), DRAM_MAX(THRES): 83.546(87.000)
	Current DTM method: 2
Here we try remapping!
[SNIPER] Simulated 171.3M instructions, 106.0M cycles, 1.62 IPC
[SNIPER] Simulation speed 181.2 KIPS (45.3 KIPS / target core - 22079.6ns/instr)
[SNIPER] Sampling: executed 99.80% of simulated time in detailed mode
[SNIPER] Setting instrumentation mode to FAST_FORWARD
[HOOKS] Leaving ROI

                 PROCESS STATISTICS
               Total            Rank            Sort
 Proc          Time             Time            Time
    0      289158201        71635518       160703892

                 TIMING INFORMATION
Start time                        :       2053025375
Initialization finish time        :      -1616183195
Overall finish time               :      -1327024994
Total time with initialization    :        914916927
Total time without initialization :        289158201


************recordStats once at 39851
[Warning] power scale is less than 1, please check!
[Overall Power Consumption] Peak: 28.6855, Dynamic: 12.2799
[DTM Trigger] CPU_MAX(THRES): 99.497(105.000), DRAM_MAX(THRES): 84.063(87.000)
	Current DTM method: 2
Here we try remapping!

 ***** [DRAM_CACHE_Result] *****

*** DRAM Total Access: 702124, page miss: 4656, block misses: 35048, miss: 39704, miss rate: 0.0565484
*** DRAM Total Access In ROI: 691932, miss: 37643, miss rate: 0.0544027
*** DRAM Remap Times: 0 invalid times, 0 total invalid_blocks, 0 migrate times, 0 total migrate blocks.
*** DRAM Statistics: 8430106 reads, 1604365 writes, 4922560 row hits, 545595 ACT time, 545595 PRE time, 235512 RD time, 37285 WR time.

 ***** [DRAM_CACHE_Result] *****

[RAMULATOR OUTPUT]

**Total Ticks: 35973127

**Ramulator Active Cycles: 1.72755e+07

**DRAM Cycles: 3.59731e+07

**Maximum Bandwidth: 0

Number of Incoming Requests: 1.37386e+06

**Serving Request**
Channel_0: serving reads(1102254), serving writes(200812).
Channel_1: serving reads(0), serving writes(0).
Channel_2: serving reads(0), serving writes(0).
Channel_3: serving reads(0), serving writes(0).
Channel_4: serving reads(0), serving writes(0).
Channel_5: serving reads(0), serving writes(0).
Channel_6: serving reads(0), serving writes(0).
Channel_7: serving reads(0), serving writes(0).
Channel_8: serving reads(0), serving writes(0).
Channel_9: serving reads(0), serving writes(0).
Channel_10: serving reads(0), serving writes(0).
Channel_11: serving reads(0), serving writes(0).
Channel_12: serving reads(0), serving writes(0).
Channel_13: serving reads(0), serving writes(0).
Channel_14: serving reads(0), serving writes(0).
Channel_15: serving reads(0), serving writes(0).
Channel_16: serving reads(0), serving writes(0).
Channel_17: serving reads(0), serving writes(0).
Channel_18: serving reads(0), serving writes(0).
Channel_19: serving reads(0), serving writes(0).
Channel_20: serving reads(0), serving writes(0).
Channel_21: serving reads(0), serving writes(0).
Channel_22: serving reads(0), serving writes(0).
Channel_23: serving reads(0), serving writes(0).
Channel_24: serving reads(0), serving writes(0).
Channel_25: serving reads(0), serving writes(0).
Channel_26: serving reads(0), serving writes(0).
Channel_27: serving reads(0), serving writes(0).
Channel_28: serving reads(0), serving writes(0).
Channel_29: serving reads(0), serving writes(0).
Channel_30: serving reads(0), serving writes(0).
Channel_31: serving reads(0), serving writes(0).
[RAMULATOR OUTPUT]
----[REMAP OUTPUT]---
*****HotAccess: 1486
*****CoolAccess: 1372370
*****RemapAccess: 0
---------------------

 ***** [REF/AC_Result] *****
{Summary}: 670595 Hot Accesses, 1953190 Cool Accesses.

 ***** [REF/AC_Result] *****
                     Power     Energy    Energy %
  core-core         1.49 W     0.06  J     13.84%
  core-ifetch       0.22 W     8.95 mJ      2.09%
  core-alu          0.70 W     0.03  J      6.48%
  core-int          0.45 W     0.02  J      4.19%
  core-fp           1.15 W     0.05  J     10.72%
  core-other        0.25 W     0.01  J      2.36%
  dcache            0.34 W     0.01  J      3.16%
  l2                0.18 W     7.26 mJ      1.69%
  dram              5.78 W     0.23  J     53.62%
  other             0.20 W     7.89 mJ      1.84%

  core              4.27 W     0.17  J     39.68%
  cache             0.52 W     0.02  J      4.86%
  total            10.77 W     0.43  J    100.00%
Warning: Unable to run gnuplot to create cpi stack graphs.  Maybe gnuplot is not installed?
[SNIPER] End
[SNIPER] Elapsed time: 963.52 seconds
[SNIPER] Running McPAT
                                     | Core 0     | Core 1     | Core 2     | Core 3    
  Instructions                       |   42803363 |   42815225 |   42807324 |   42827525
  Cycles                             |  106003888 |  106003888 |  106003888 |  106003888
  IPC                                |       0.40 |       0.40 |       0.40 |       0.40
  Time (ns)                          |   39851086 |   39851086 |   39851086 |   39851086
  Idle time (ns)                     |    1379853 |     120595 |     138659 |     139178
  Idle time (%)                      |       3.5% |       0.3% |       0.3% |       0.3%
Branch predictor stats               |            |            |            |           
  num correct                        |    1322166 |    1323772 |    1323038 |    1325670
  num incorrect                      |        376 |        251 |        243 |        267
  misprediction rate                 |      0.03% |      0.02% |      0.02% |      0.02%
  mpki                               |       0.01 |       0.01 |       0.01 |       0.01
TLB Summary                          |            |            |            |           
  I-TLB                              |            |            |            |           
    num accesses                     |    2637340 |    2637109 |    2635872 |    2637028
    num misses                       |          6 |         29 |         29 |         29
    miss rate                        |      0.00% |      0.00% |      0.00% |      0.00%
    mpki                             |       0.00 |       0.00 |       0.00 |       0.00
  D-TLB                              |            |            |            |           
    num accesses                     |    4750049 |    4757457 |    4753729 |    4764226
    num misses                       |     450462 |     450485 |     450749 |     451093
    miss rate                        |      9.48% |      9.47% |      9.48% |      9.47%
    mpki                             |      10.52 |      10.52 |      10.53 |      10.53
  L2 TLB                             |            |            |            |           
    num accesses                     |     450468 |     450514 |     450778 |     451122
    num misses                       |     194605 |     196890 |     198760 |     196635
    miss rate                        |     43.20% |     43.70% |     44.09% |     43.59%
    mpki                             |       4.55 |       4.60 |       4.64 |       4.59
Cache Summary                        |            |            |            |           
  Cache L1-I                         |            |            |            |           
    num cache accesses               |    2637340 |    2637109 |    2635872 |    2637028
    num cache misses                 |        622 |        533 |        531 |        588
    miss rate                        |      0.02% |      0.02% |      0.02% |      0.02%
    mpki                             |       0.01 |       0.01 |       0.01 |       0.01
  Cache L1-D                         |            |            |            |           
    num cache accesses               |    4750269 |    4757621 |    4753867 |    4764394
    num cache misses                 |     304539 |     305944 |     307610 |     306514
    miss rate                        |      6.41% |      6.43% |      6.47% |      6.43%
    mpki                             |       7.11 |       7.15 |       7.19 |       7.16
  Cache L2                           |            |            |            |           
    num cache accesses               |     306972 |     309221 |     311338 |     309152
    num cache misses                 |     123021 |     123677 |     124035 |     123634
    miss rate                        |     40.08% |     40.00% |     39.84% |     39.99%
    mpki                             |       2.87 |       2.89 |       2.90 |       2.89
DRAM summary                         |            |            |            |           
  num dram accesses                  |     698173 |          0 |          0 |          0
  average dram access latency (ns)   |      13.55 |        inf |        inf |        inf
  average dram queueing delay        |       0.00 |       0.00 |       0.00 |       0.00
  average dram bandwidth utilization |      0.00% |      0.00% |      0.00% |      0.00%
Coherency Traffic                    |            |            |            |           
  num loads from dram                |      66832 |      66859 |      66957 |      66984
  num loads from dram cache          |          0 |          0 |          0 |          0
  num loads from remote cache        |       1114 |       2301 |       2469 |       1705
[SPLASH] [----------    End of output    ----------]
[SPLASH] Done.
copy HotSpot and ramulator files to /scratch/miz087/results/hpca_final/7-24_cache_dram_t87_splash2_radix_large
