[Benchmarks] set sniper output to rundir:  /scratch/miz087/results/hpca_final/7-22_cache_cpu_t103_splash2_fft_large
/scratch/miz087/results/hpca_final/7-22_cache_cpu_t103_splash2_fft_large
[SPLASH] Benchmarks to run: fft

[SPLASH] [========== Running benchmark fft ==========]
[SPLASH] Setting up run directory: /scratch/miz087/results/hpca_final/7-22_cache_cpu_t103_splash2_fft_large
[SPLASH] Running 'SNIPER_APP_LD_PRELOAD=$LD_PRELOAD; unset LD_PRELOAD; /home_masters/miz087/workplace/micro_exp/run-sniper -n 4 -m 'localhost' -d '/scratch/miz087/results/hpca_final/7-22_cache_cpu_t103_splash2_fft_large' -sthermalstats --power -c cache_cpu -g --perf_model/thermal/cpu_temp_thres=103 -s stop-by-icount:5000000000 --roi --curdir=/home_masters/miz087/workplace/micro_exp/benchmarks  --  /home_masters/miz087/workplace/micro_exp/benchmarks/splash2/splash2/codes/kernels/fft/FFT -m22 -p4':
[SPLASH] [---------- Beginning of output ----------]
[SNIPER] Start
----------BEGIN_INIT_STATS_MANAGER------------
----------END_INIT_STATS_MANAGER------------
[DvfsManager] Core 0 at 2.66 GHz (global clock 2.66 GHz)
[DvfsManager] Core 1 at 2.66 GHz (global clock 2.66 GHz)
[DvfsManager] Core 2 at 2.66 GHz (global clock 2.66 GHz)
[DvfsManager] Core 3 at 2.66 GHz (global clock 2.66 GHz)
Normal Cache Total set: 524288
now initialize a stacked dram unison cache
Executing Python script /scratch/miz087/results/hpca_final/7-22_cache_cpu_t103_splash2_fft_large/sim.scripts.py
[STOPBYICOUNT] Waiting for application ROI
[STOPBYICOUNT] Then stopping after simulating at least 5000000000 instructions in detail
[SNIPER] --------------------------------------------------------------------------------
[SNIPER] Sniper using Pin frontend
[SNIPER] Running pre-ROI region in  CACHE_ONLY mode
[SNIPER] Running application ROI in DETAILED mode
[SNIPER] Running post-ROI region in FAST_FORWARD mode
[SNIPER] --------------------------------------------------------------------------------

************recordStats once at 0
[Warning] power scale is less than 1, please check!
[Overall Power Consumption] Peak: 0, Dynamic: 0
[Warning] the power of processor is too small, we skip the temperature calculation!

FFT with Blocking Transpose
   4194304 Complex Doubles
   4 Processors
   65536 Cache lines
   16 Byte line size
   4096 Bytes per page

[HOOKS] Entering ROI
[SNIPER] Enabling performance models

************recordStats once at 530325
[Warning] power scale is less than 1, please check!
[Overall Power Consumption] Peak: 0, Dynamic: 0
[Warning] the power of processor is too small, we skip the temperature calculation!
[STOPBYICOUNT] Application ROI started, now simulating 5000000000 in detail

************recordStats once at 530325
[Warning] power scale is less than 1, please check!
[Overall Power Consumption] Peak: 0, Dynamic: 0
[Warning] the power of processor is too small, we skip the temperature calculation!
[SNIPER] Setting instrumentation mode to DETAILED

************recordStats once at 531227
[Warning] power scale is less than 1, please check!
[Overall Power Consumption] Peak: 0, Dynamic: 0
[Warning] the power of processor is too small, we skip the temperature calculation!

************recordStats once at 532227
[Warning] power scale is less than 1, please check!
[Overall Power Consumption] Peak: 27.733, Dynamic: 12.4887
*[Hotspot] begin initialization!
[DTM Trigger] CPU_MAX(THRES): 71.260(103.000), DRAM_MAX(THRES): 66.733(85.000)
	Current DTM method: 1
Here we try remapping!
-----and here we finish handling remapping results in cache controller! the Latency: 0
---invalid_cnt: 0

************recordStats once at 533226
[Warning] power scale is less than 1, please check!
[Overall Power Consumption] Peak: 29.1524, Dynamic: 13.638
[DTM Trigger] CPU_MAX(THRES): 77.188(103.000), DRAM_MAX(THRES): 70.268(85.000)
	Current DTM method: 1
Here we try remapping!
-----and here we finish handling remapping results in cache controller! the Latency: 0
---invalid_cnt: 0

************recordStats once at 534226
[Warning] power scale is less than 1, please check!
[Overall Power Consumption] Peak: 29.2057, Dynamic: 13.72
[DTM Trigger] CPU_MAX(THRES): 80.369(103.000), DRAM_MAX(THRES): 72.991(85.000)
	Current DTM method: 1
Here we try remapping!
-----and here we finish handling remapping results in cache controller! the Latency: 0
---invalid_cnt: 0

************recordStats once at 535226
[Warning] power scale is less than 1, please check!
[Overall Power Consumption] Peak: 33.1302, Dynamic: 18.1664
[DTM Trigger] CPU_MAX(THRES): 87.572(103.000), DRAM_MAX(THRES): 74.328(85.000)
	Current DTM method: 1
Here we try remapping!
-----and here we finish handling remapping results in cache controller! the Latency: 0
---invalid_cnt: 0

************recordStats once at 536226
[Warning] power scale is less than 1, please check!
[Overall Power Consumption] Peak: 33.7659, Dynamic: 20.1006
[DTM Trigger] CPU_MAX(THRES): 90.130(103.000), DRAM_MAX(THRES): 75.329(85.000)
	Current DTM method: 1
Here we try remapping!
-----and here we finish handling remapping results in cache controller! the Latency: 0
---invalid_cnt: 0

************recordStats once at 537226
[Warning] power scale is less than 1, please check!
[Overall Power Consumption] Peak: 33.6731, Dynamic: 20.0082
[DTM Trigger] CPU_MAX(THRES): 92.534(103.000), DRAM_MAX(THRES): 76.528(85.000)
	Current DTM method: 1
Here we try remapping!
-----and here we finish handling remapping results in cache controller! the Latency: 0
---invalid_cnt: 0

************recordStats once at 538222
[Warning] power scale is less than 1, please check!
[Overall Power Consumption] Peak: 33.8312, Dynamic: 20.1639
[DTM Trigger] CPU_MAX(THRES): 94.848(103.000), DRAM_MAX(THRES): 77.760(85.000)
	Current DTM method: 1
Here we try remapping!
-----and here we finish handling remapping results in cache controller! the Latency: 0
---invalid_cnt: 0

************recordStats once at 539226
[Warning] power scale is less than 1, please check!
[Overall Power Consumption] Peak: 33.6763, Dynamic: 20.033
[DTM Trigger] CPU_MAX(THRES): 96.726(103.000), DRAM_MAX(THRES): 78.955(85.000)
	Current DTM method: 1
Here we try remapping!
-----and here we finish handling remapping results in cache controller! the Latency: 0
---invalid_cnt: 0

************recordStats once at 540220
[Warning] power scale is less than 1, please check!
[Overall Power Consumption] Peak: 33.826, Dynamic: 20.1495
[DTM Trigger] CPU_MAX(THRES): 98.427(103.000), DRAM_MAX(THRES): 80.088(85.000)
	Current DTM method: 1
Here we try remapping!
-----and here we finish handling remapping results in cache controller! the Latency: 0
---invalid_cnt: 0

************recordStats once at 541220
[Warning] power scale is less than 1, please check!
[Overall Power Consumption] Peak: 33.708, Dynamic: 20.057
[DTM Trigger] CPU_MAX(THRES): 99.799(103.000), DRAM_MAX(THRES): 81.155(85.000)
	Current DTM method: 1
Here we try remapping!
-----and here we finish handling remapping results in cache controller! the Latency: 0
---invalid_cnt: 0

************recordStats once at 542215
[Warning] power scale is less than 1, please check!
[Overall Power Consumption] Peak: 33.8035, Dynamic: 20.1418
[DTM Trigger] CPU_MAX(THRES): 101.236(103.000), DRAM_MAX(THRES): 82.150(85.000)
	Current DTM method: 1
Here we try remapping!
-----and here we finish handling remapping results in cache controller! the Latency: 0
---invalid_cnt: 0

************recordStats once at 543221
[Warning] power scale is less than 1, please check!
[Overall Power Consumption] Peak: 33.7519, Dynamic: 20.0695
[DTM Trigger] CPU_MAX(THRES): 102.351(103.000), DRAM_MAX(THRES): 83.075(85.000)
	Current DTM method: 1
Here we try remapping!
-----and here we finish handling remapping results in cache controller! the Latency: 0
---invalid_cnt: 0

************recordStats once at 544226
[Warning] power scale is less than 1, please check!
[Overall Power Consumption] Peak: 33.7375, Dynamic: 20.0612
[DTM Trigger] CPU_MAX(THRES): 103.393(103.000), DRAM_MAX(THRES): 83.932(85.000)
	Current DTM method: 1
[HOT!] CPU is too hot!
[SNIPER_STATS_MANAGER] Setting frequency for core 0 in DVFS domain 0 to 2128 MHz
[SNIPER_STATS_MANAGER] Setting frequency for core 1 in DVFS domain 1 to 2128 MHz
[SNIPER_STATS_MANAGER] Setting frequency for core 2 in DVFS domain 2 to 2128 MHz
[SNIPER_STATS_MANAGER] Setting frequency for core 3 in DVFS domain 3 to 2128 MHz
Here we try remapping!
-----and here we finish handling remapping results in cache controller! the Latency: 0
---invalid_cnt: 0

************recordStats once at 545226
[Warning] power scale is less than 1, please check!
[Overall Power Consumption] Peak: 30.4754, Dynamic: 20.1594
[DTM Trigger] CPU_MAX(THRES): 102.725(103.000), DRAM_MAX(THRES): 84.704(85.000)
	Current DTM method: 1
[SNIPER_STATS_MANAGER] Setting frequency for core 0 in DVFS domain 0 to 2660 MHz
[SNIPER_STATS_MANAGER] Setting frequency for core 1 in DVFS domain 1 to 2660 MHz
[SNIPER_STATS_MANAGER] Setting frequency for core 2 in DVFS domain 2 to 2660 MHz
[SNIPER_STATS_MANAGER] Setting frequency for core 3 in DVFS domain 3 to 2660 MHz
Here we try remapping!
-----and here we finish handling remapping results in cache controller! the Latency: 0
---invalid_cnt: 0

************recordStats once at 546226
[Warning] power scale is less than 1, please check!
[Overall Power Consumption] Peak: 31.298, Dynamic: 17.1939
[DTM Trigger] CPU_MAX(THRES): 103.227(103.000), DRAM_MAX(THRES): 85.338(85.000)
	Current DTM method: 1
[HOT!] CPU is too hot!
[SNIPER_STATS_MANAGER] Setting frequency for core 0 in DVFS domain 0 to 2128 MHz
[SNIPER_STATS_MANAGER] Setting frequency for core 1 in DVFS domain 1 to 2128 MHz
[SNIPER_STATS_MANAGER] Setting frequency for core 2 in DVFS domain 2 to 2128 MHz
[SNIPER_STATS_MANAGER] Setting frequency for core 3 in DVFS domain 3 to 2128 MHz
Here we try remapping!
-----and here we finish handling remapping results in cache controller! the Latency: 0
---invalid_cnt: 0

************recordStats once at 547226
[Warning] power scale is less than 1, please check!
[Overall Power Consumption] Peak: 30.3006, Dynamic: 20.013
[DTM Trigger] CPU_MAX(THRES): 103.770(103.000), DRAM_MAX(THRES): 85.909(85.000)
	Current DTM method: 1
[HOT!] CPU is too hot!
[SNIPER_STATS_MANAGER] Setting frequency for core 0 in DVFS domain 0 to 1596 MHz
[SNIPER_STATS_MANAGER] Setting frequency for core 1 in DVFS domain 1 to 1596 MHz
[SNIPER_STATS_MANAGER] Setting frequency for core 2 in DVFS domain 2 to 1596 MHz
[SNIPER_STATS_MANAGER] Setting frequency for core 3 in DVFS domain 3 to 1596 MHz
Here we try remapping!
-----and here we finish handling remapping results in cache controller! the Latency: 0
---invalid_cnt: 0

************recordStats once at 548226
[Warning] power scale is less than 1, please check!
[Overall Power Consumption] Peak: 17.9197, Dynamic: 12.4063
[DTM Trigger] CPU_MAX(THRES): 97.839(103.000), DRAM_MAX(THRES): 86.404(85.000)
	Current DTM method: 1
[SNIPER_STATS_MANAGER] Setting frequency for core 0 in DVFS domain 0 to 2128 MHz
[SNIPER_STATS_MANAGER] Setting frequency for core 1 in DVFS domain 1 to 2128 MHz
[SNIPER_STATS_MANAGER] Setting frequency for core 2 in DVFS domain 2 to 2128 MHz
[SNIPER_STATS_MANAGER] Setting frequency for core 3 in DVFS domain 3 to 2128 MHz
Here we try remapping!
-----and here we finish handling remapping results in cache controller! the Latency: 0
---invalid_cnt: 0

************recordStats once at 549221
[Warning] power scale is less than 1, please check!
[Overall Power Consumption] Peak: 25.5255, Dynamic: 14.4129
[DTM Trigger] CPU_MAX(THRES): 99.521(103.000), DRAM_MAX(THRES): 86.570(85.000)
	Current DTM method: 1
[SNIPER_STATS_MANAGER] Setting frequency for core 0 in DVFS domain 0 to 2660 MHz
[SNIPER_STATS_MANAGER] Setting frequency for core 1 in DVFS domain 1 to 2660 MHz
[SNIPER_STATS_MANAGER] Setting frequency for core 2 in DVFS domain 2 to 2660 MHz
[SNIPER_STATS_MANAGER] Setting frequency for core 3 in DVFS domain 3 to 2660 MHz
Here we try remapping!
-----and here we finish handling remapping results in cache controller! the Latency: 0
---invalid_cnt: 0

************recordStats once at 550226
[Warning] power scale is less than 1, please check!
[Overall Power Consumption] Peak: 31.1338, Dynamic: 17.0774
[DTM Trigger] CPU_MAX(THRES): 103.238(103.000), DRAM_MAX(THRES): 86.821(85.000)
	Current DTM method: 1
[HOT!] CPU is too hot!
[SNIPER_STATS_MANAGER] Setting frequency for core 0 in DVFS domain 0 to 2128 MHz
[SNIPER_STATS_MANAGER] Setting frequency for core 1 in DVFS domain 1 to 2128 MHz
[SNIPER_STATS_MANAGER] Setting frequency for core 2 in DVFS domain 2 to 2128 MHz
[SNIPER_STATS_MANAGER] Setting frequency for core 3 in DVFS domain 3 to 2128 MHz
Here we try remapping!
-----and here we finish handling remapping results in cache controller! the Latency: 0
---invalid_cnt: 0

************recordStats once at 551226
[Warning] power scale is less than 1, please check!
[Overall Power Consumption] Peak: 30.3894, Dynamic: 20.0719
[DTM Trigger] CPU_MAX(THRES): 104.649(103.000), DRAM_MAX(THRES): 87.222(85.000)
	Current DTM method: 1
[HOT!] CPU is too hot!
[SNIPER_STATS_MANAGER] Setting frequency for core 0 in DVFS domain 0 to 1596 MHz
[SNIPER_STATS_MANAGER] Setting frequency for core 1 in DVFS domain 1 to 1596 MHz
[SNIPER_STATS_MANAGER] Setting frequency for core 2 in DVFS domain 2 to 1596 MHz
[SNIPER_STATS_MANAGER] Setting frequency for core 3 in DVFS domain 3 to 1596 MHz
Here we try remapping!
-----and here we finish handling remapping results in cache controller! the Latency: 0
---invalid_cnt: 0

************recordStats once at 552226
[Warning] power scale is less than 1, please check!
[Overall Power Consumption] Peak: 17.9769, Dynamic: 12.4016
[DTM Trigger] CPU_MAX(THRES): 99.084(103.000), DRAM_MAX(THRES): 87.546(85.000)
	Current DTM method: 1
[SNIPER_STATS_MANAGER] Setting frequency for core 0 in DVFS domain 0 to 2128 MHz
[SNIPER_STATS_MANAGER] Setting frequency for core 1 in DVFS domain 1 to 2128 MHz
[SNIPER_STATS_MANAGER] Setting frequency for core 2 in DVFS domain 2 to 2128 MHz
[SNIPER_STATS_MANAGER] Setting frequency for core 3 in DVFS domain 3 to 2128 MHz
Here we try remapping!
-----and here we finish handling remapping results in cache controller! the Latency: 0
---invalid_cnt: 0

************recordStats once at 553226
[Warning] power scale is less than 1, please check!
[Overall Power Consumption] Peak: 25.3629, Dynamic: 14.3425
[DTM Trigger] CPU_MAX(THRES): 100.450(103.000), DRAM_MAX(THRES): 87.618(85.000)
	Current DTM method: 1
[SNIPER_STATS_MANAGER] Setting frequency for core 0 in DVFS domain 0 to 2660 MHz
[SNIPER_STATS_MANAGER] Setting frequency for core 1 in DVFS domain 1 to 2660 MHz
[SNIPER_STATS_MANAGER] Setting frequency for core 2 in DVFS domain 2 to 2660 MHz
[SNIPER_STATS_MANAGER] Setting frequency for core 3 in DVFS domain 3 to 2660 MHz
Here we try remapping!
-----and here we finish handling remapping results in cache controller! the Latency: 0
---invalid_cnt: 0

************recordStats once at 554226
[Warning] power scale is less than 1, please check!
[Overall Power Consumption] Peak: 31.3035, Dynamic: 17.1511
[DTM Trigger] CPU_MAX(THRES): 104.529(103.000), DRAM_MAX(THRES): 87.784(85.000)
	Current DTM method: 1
[HOT!] CPU is too hot!
[SNIPER_STATS_MANAGER] Setting frequency for core 0 in DVFS domain 0 to 2128 MHz
[SNIPER_STATS_MANAGER] Setting frequency for core 1 in DVFS domain 1 to 2128 MHz
[SNIPER_STATS_MANAGER] Setting frequency for core 2 in DVFS domain 2 to 2128 MHz
[SNIPER_STATS_MANAGER] Setting frequency for core 3 in DVFS domain 3 to 2128 MHz
Here we try remapping!
-----and here we finish handling remapping results in cache controller! the Latency: 0
---invalid_cnt: 0

************recordStats once at 555226
[Warning] power scale is less than 1, please check!
[Overall Power Consumption] Peak: 30.423, Dynamic: 20.113
[DTM Trigger] CPU_MAX(THRES): 105.728(103.000), DRAM_MAX(THRES): 88.111(85.000)
	Current DTM method: 1
[HOT!] CPU is too hot!
[SNIPER_STATS_MANAGER] Setting frequency for core 0 in DVFS domain 0 to 1596 MHz
[SNIPER_STATS_MANAGER] Setting frequency for core 1 in DVFS domain 1 to 1596 MHz
[SNIPER_STATS_MANAGER] Setting frequency for core 2 in DVFS domain 2 to 1596 MHz
[SNIPER_STATS_MANAGER] Setting frequency for core 3 in DVFS domain 3 to 1596 MHz
Here we try remapping!
-----and here we finish handling remapping results in cache controller! the Latency: 0
---invalid_cnt: 0

************recordStats once at 556226
[Warning] power scale is less than 1, please check!
[Overall Power Consumption] Peak: 17.9728, Dynamic: 12.4466
[DTM Trigger] CPU_MAX(THRES): 99.997(103.000), DRAM_MAX(THRES): 88.363(85.000)
	Current DTM method: 1
[SNIPER_STATS_MANAGER] Setting frequency for core 0 in DVFS domain 0 to 2128 MHz
[SNIPER_STATS_MANAGER] Setting frequency for core 1 in DVFS domain 1 to 2128 MHz
[SNIPER_STATS_MANAGER] Setting frequency for core 2 in DVFS domain 2 to 2128 MHz
[SNIPER_STATS_MANAGER] Setting frequency for core 3 in DVFS domain 3 to 2128 MHz
Here we try remapping!
-----and here we finish handling remapping results in cache controller! the Latency: 0
---invalid_cnt: 0

************recordStats once at 557226
[Warning] power scale is less than 1, please check!
[Overall Power Consumption] Peak: 25.385, Dynamic: 14.2839
[DTM Trigger] CPU_MAX(THRES): 101.458(103.000), DRAM_MAX(THRES): 88.389(85.000)
	Current DTM method: 1
[SNIPER_STATS_MANAGER] Setting frequency for core 0 in DVFS domain 0 to 2660 MHz
[SNIPER_STATS_MANAGER] Setting frequency for core 1 in DVFS domain 1 to 2660 MHz
[SNIPER_STATS_MANAGER] Setting frequency for core 2 in DVFS domain 2 to 2660 MHz
[SNIPER_STATS_MANAGER] Setting frequency for core 3 in DVFS domain 3 to 2660 MHz
Here we try remapping!
-----and here we finish handling remapping results in cache controller! the Latency: 0
---invalid_cnt: 0

************recordStats once at 558226
[Warning] power scale is less than 1, please check!
[Overall Power Consumption] Peak: 31.1443, Dynamic: 17.0795
[DTM Trigger] CPU_MAX(THRES): 105.157(103.000), DRAM_MAX(THRES): 88.511(85.000)
	Current DTM method: 1
[HOT!] CPU is too hot!
[SNIPER_STATS_MANAGER] Setting frequency for core 0 in DVFS domain 0 to 2128 MHz
[SNIPER_STATS_MANAGER] Setting frequency for core 1 in DVFS domain 1 to 2128 MHz
[SNIPER_STATS_MANAGER] Setting frequency for core 2 in DVFS domain 2 to 2128 MHz
[SNIPER_STATS_MANAGER] Setting frequency for core 3 in DVFS domain 3 to 2128 MHz
Here we try remapping!
-----and here we finish handling remapping results in cache controller! the Latency: 0
---invalid_cnt: 0

************recordStats once at 559226
[Warning] power scale is less than 1, please check!
[Overall Power Consumption] Peak: 30.3012, Dynamic: 20.0189
[DTM Trigger] CPU_MAX(THRES): 106.454(103.000), DRAM_MAX(THRES): 88.792(85.000)
	Current DTM method: 1
[HOT!] CPU is too hot!
[SNIPER_STATS_MANAGER] Setting frequency for core 0 in DVFS domain 0 to 1596 MHz
[SNIPER_STATS_MANAGER] Setting frequency for core 1 in DVFS domain 1 to 1596 MHz
[SNIPER_STATS_MANAGER] Setting frequency for core 2 in DVFS domain 2 to 1596 MHz
[SNIPER_STATS_MANAGER] Setting frequency for core 3 in DVFS domain 3 to 1596 MHz
Here we try remapping!
-----and here we finish handling remapping results in cache controller! the Latency: 0
---invalid_cnt: 0

************recordStats once at 560207
[Warning] power scale is less than 1, please check!
[Overall Power Consumption] Peak: 17.9142, Dynamic: 12.3396
[DTM Trigger] CPU_MAX(THRES): 100.770(103.000), DRAM_MAX(THRES): 89.019(85.000)
	Current DTM method: 1
[SNIPER_STATS_MANAGER] Setting frequency for core 0 in DVFS domain 0 to 2128 MHz
[SNIPER_STATS_MANAGER] Setting frequency for core 1 in DVFS domain 1 to 2128 MHz
[SNIPER_STATS_MANAGER] Setting frequency for core 2 in DVFS domain 2 to 2128 MHz
[SNIPER_STATS_MANAGER] Setting frequency for core 3 in DVFS domain 3 to 2128 MHz
Here we try remapping!
-----and here we finish handling remapping results in cache controller! the Latency: 0
---invalid_cnt: 0

************recordStats once at 561226
[Warning] power scale is less than 1, please check!
[Overall Power Consumption] Peak: 25.3692, Dynamic: 14.3211
[DTM Trigger] CPU_MAX(THRES): 101.980(103.000), DRAM_MAX(THRES): 89.002(85.000)
	Current DTM method: 1
[SNIPER_STATS_MANAGER] Setting frequency for core 0 in DVFS domain 0 to 2660 MHz
[SNIPER_STATS_MANAGER] Setting frequency for core 1 in DVFS domain 1 to 2660 MHz
[SNIPER_STATS_MANAGER] Setting frequency for core 2 in DVFS domain 2 to 2660 MHz
[SNIPER_STATS_MANAGER] Setting frequency for core 3 in DVFS domain 3 to 2660 MHz
Here we try remapping!
-----and here we finish handling remapping results in cache controller! the Latency: 0
---invalid_cnt: 0

************recordStats once at 562226
[Warning] power scale is less than 1, please check!
[Overall Power Consumption] Peak: 31.2507, Dynamic: 17.1242
[DTM Trigger] CPU_MAX(THRES): 106.099(103.000), DRAM_MAX(THRES): 89.090(85.000)
	Current DTM method: 1
[HOT!] CPU is too hot!
[SNIPER_STATS_MANAGER] Setting frequency for core 0 in DVFS domain 0 to 2128 MHz
[SNIPER_STATS_MANAGER] Setting frequency for core 1 in DVFS domain 1 to 2128 MHz
[SNIPER_STATS_MANAGER] Setting frequency for core 2 in DVFS domain 2 to 2128 MHz
[SNIPER_STATS_MANAGER] Setting frequency for core 3 in DVFS domain 3 to 2128 MHz
Here we try remapping!
-----and here we finish handling remapping results in cache controller! the Latency: 0
---invalid_cnt: 0

************recordStats once at 563226
[Warning] power scale is less than 1, please check!
[Overall Power Consumption] Peak: 30.4719, Dynamic: 20.1466
[DTM Trigger] CPU_MAX(THRES): 107.185(103.000), DRAM_MAX(THRES): 89.347(85.000)
	Current DTM method: 1
[HOT!] CPU is too hot!
[SNIPER_STATS_MANAGER] Setting frequency for core 0 in DVFS domain 0 to 1596 MHz
[SNIPER_STATS_MANAGER] Setting frequency for core 1 in DVFS domain 1 to 1596 MHz
[SNIPER_STATS_MANAGER] Setting frequency for core 2 in DVFS domain 2 to 1596 MHz
[SNIPER_STATS_MANAGER] Setting frequency for core 3 in DVFS domain 3 to 1596 MHz
Here we try remapping!
-----and here we finish handling remapping results in cache controller! the Latency: 0
---invalid_cnt: 0

************recordStats once at 564227
[Warning] power scale is less than 1, please check!
[Overall Power Consumption] Peak: 17.9293, Dynamic: 12.39
[DTM Trigger] CPU_MAX(THRES): 101.293(103.000), DRAM_MAX(THRES): 89.538(85.000)
	Current DTM method: 1
[SNIPER_STATS_MANAGER] Setting frequency for core 0 in DVFS domain 0 to 2128 MHz
[SNIPER_STATS_MANAGER] Setting frequency for core 1 in DVFS domain 1 to 2128 MHz
[SNIPER_STATS_MANAGER] Setting frequency for core 2 in DVFS domain 2 to 2128 MHz
[SNIPER_STATS_MANAGER] Setting frequency for core 3 in DVFS domain 3 to 2128 MHz
Here we try remapping!
-----and here we finish handling remapping results in cache controller! the Latency: 0
---invalid_cnt: 0

************recordStats once at 565226
[Warning] power scale is less than 1, please check!
[Overall Power Consumption] Peak: 25.4003, Dynamic: 14.3187
[DTM Trigger] CPU_MAX(THRES): 102.753(103.000), DRAM_MAX(THRES): 89.489(85.000)
	Current DTM method: 1
[SNIPER_STATS_MANAGER] Setting frequency for core 0 in DVFS domain 0 to 2660 MHz
[SNIPER_STATS_MANAGER] Setting frequency for core 1 in DVFS domain 1 to 2660 MHz
[SNIPER_STATS_MANAGER] Setting frequency for core 2 in DVFS domain 2 to 2660 MHz
[SNIPER_STATS_MANAGER] Setting frequency for core 3 in DVFS domain 3 to 2660 MHz
Here we try remapping!
-----and here we finish handling remapping results in cache controller! the Latency: 0
---invalid_cnt: 0

************recordStats once at 566226
[Warning] power scale is less than 1, please check!
[Overall Power Consumption] Peak: 31.2035, Dynamic: 17.1311
[DTM Trigger] CPU_MAX(THRES): 106.392(103.000), DRAM_MAX(THRES): 89.545(85.000)
	Current DTM method: 1
[HOT!] CPU is too hot!
[SNIPER_STATS_MANAGER] Setting frequency for core 0 in DVFS domain 0 to 2128 MHz
[SNIPER_STATS_MANAGER] Setting frequency for core 1 in DVFS domain 1 to 2128 MHz
[SNIPER_STATS_MANAGER] Setting frequency for core 2 in DVFS domain 2 to 2128 MHz
[SNIPER_STATS_MANAGER] Setting frequency for core 3 in DVFS domain 3 to 2128 MHz
Here we try remapping!
-----and here we finish handling remapping results in cache controller! the Latency: 0
---invalid_cnt: 0

************recordStats once at 567226
[Warning] power scale is less than 1, please check!
[Overall Power Consumption] Peak: 30.3204, Dynamic: 20.0325
[DTM Trigger] CPU_MAX(THRES): 107.512(103.000), DRAM_MAX(THRES): 89.764(85.000)
	Current DTM method: 1
[HOT!] CPU is too hot!
[SNIPER_STATS_MANAGER] Setting frequency for core 0 in DVFS domain 0 to 1596 MHz
[SNIPER_STATS_MANAGER] Setting frequency for core 1 in DVFS domain 1 to 1596 MHz
[SNIPER_STATS_MANAGER] Setting frequency for core 2 in DVFS domain 2 to 1596 MHz
[SNIPER_STATS_MANAGER] Setting frequency for core 3 in DVFS domain 3 to 1596 MHz
Here we try remapping!
-----and here we finish handling remapping results in cache controller! the Latency: 0
---invalid_cnt: 0

************recordStats once at 568218
[Warning] power scale is less than 1, please check!
[Overall Power Consumption] Peak: 17.9201, Dynamic: 12.3575
[DTM Trigger] CPU_MAX(THRES): 101.887(103.000), DRAM_MAX(THRES): 89.923(85.000)
	Current DTM method: 1
[SNIPER_STATS_MANAGER] Setting frequency for core 0 in DVFS domain 0 to 2128 MHz
[SNIPER_STATS_MANAGER] Setting frequency for core 1 in DVFS domain 1 to 2128 MHz
[SNIPER_STATS_MANAGER] Setting frequency for core 2 in DVFS domain 2 to 2128 MHz
[SNIPER_STATS_MANAGER] Setting frequency for core 3 in DVFS domain 3 to 2128 MHz
Here we try remapping!
-----and here we finish handling remapping results in cache controller! the Latency: 0
---invalid_cnt: 0

************recordStats once at 569226
[Warning] power scale is less than 1, please check!
[Overall Power Consumption] Peak: 25.4042, Dynamic: 14.3421
[DTM Trigger] CPU_MAX(THRES): 103.000(103.000), DRAM_MAX(THRES): 89.848(85.000)
	Current DTM method: 1
[HOT!] CPU is too hot!
[SNIPER_STATS_MANAGER] Setting frequency for core 0 in DVFS domain 0 to 1596 MHz
[SNIPER_STATS_MANAGER] Setting frequency for core 1 in DVFS domain 1 to 1596 MHz
[SNIPER_STATS_MANAGER] Setting frequency for core 2 in DVFS domain 2 to 1596 MHz
[SNIPER_STATS_MANAGER] Setting frequency for core 3 in DVFS domain 3 to 1596 MHz
Here we try remapping!
-----and here we finish handling remapping results in cache controller! the Latency: 0
---invalid_cnt: 0

************recordStats once at 570215
[Warning] power scale is less than 1, please check!
[Overall Power Consumption] Peak: 17.9368, Dynamic: 12.3662
[DTM Trigger] CPU_MAX(THRES): 100.584(103.000), DRAM_MAX(THRES): 89.812(85.000)
	Current DTM method: 1
[SNIPER_STATS_MANAGER] Setting frequency for core 0 in DVFS domain 0 to 2128 MHz
[SNIPER_STATS_MANAGER] Setting frequency for core 1 in DVFS domain 1 to 2128 MHz
[SNIPER_STATS_MANAGER] Setting frequency for core 2 in DVFS domain 2 to 2128 MHz
[SNIPER_STATS_MANAGER] Setting frequency for core 3 in DVFS domain 3 to 2128 MHz
Here we try remapping!
-----and here we finish handling remapping results in cache controller! the Latency: 0
---invalid_cnt: 0

************recordStats once at 571226
[Warning] power scale is less than 1, please check!
[Overall Power Consumption] Peak: 25.3242, Dynamic: 14.2691
[DTM Trigger] CPU_MAX(THRES): 102.394(103.000), DRAM_MAX(THRES): 89.699(85.000)
	Current DTM method: 1
[SNIPER_STATS_MANAGER] Setting frequency for core 0 in DVFS domain 0 to 2660 MHz
[SNIPER_STATS_MANAGER] Setting frequency for core 1 in DVFS domain 1 to 2660 MHz
[SNIPER_STATS_MANAGER] Setting frequency for core 2 in DVFS domain 2 to 2660 MHz
[SNIPER_STATS_MANAGER] Setting frequency for core 3 in DVFS domain 3 to 2660 MHz
Here we try remapping!
-----and here we finish handling remapping results in cache controller! the Latency: 0
---invalid_cnt: 0

************recordStats once at 572226
[Warning] power scale is less than 1, please check!
[Overall Power Consumption] Peak: 31.3572, Dynamic: 17.2242
[DTM Trigger] CPU_MAX(THRES): 106.685(103.000), DRAM_MAX(THRES): 89.749(85.000)
	Current DTM method: 1
[HOT!] CPU is too hot!
[SNIPER_STATS_MANAGER] Setting frequency for core 0 in DVFS domain 0 to 2128 MHz
[SNIPER_STATS_MANAGER] Setting frequency for core 1 in DVFS domain 1 to 2128 MHz
[SNIPER_STATS_MANAGER] Setting frequency for core 2 in DVFS domain 2 to 2128 MHz
[SNIPER_STATS_MANAGER] Setting frequency for core 3 in DVFS domain 3 to 2128 MHz
Here we try remapping!
-----and here we finish handling remapping results in cache controller! the Latency: 0
---invalid_cnt: 0

************recordStats once at 573226
[Warning] power scale is less than 1, please check!
[Overall Power Consumption] Peak: 30.3187, Dynamic: 20.0079
[DTM Trigger] CPU_MAX(THRES): 107.786(103.000), DRAM_MAX(THRES): 89.978(85.000)
	Current DTM method: 1
[HOT!] CPU is too hot!
[SNIPER_STATS_MANAGER] Setting frequency for core 0 in DVFS domain 0 to 1596 MHz
[SNIPER_STATS_MANAGER] Setting frequency for core 1 in DVFS domain 1 to 1596 MHz
[SNIPER_STATS_MANAGER] Setting frequency for core 2 in DVFS domain 2 to 1596 MHz
[SNIPER_STATS_MANAGER] Setting frequency for core 3 in DVFS domain 3 to 1596 MHz
Here we try remapping!
-----and here we finish handling remapping results in cache controller! the Latency: 0
---invalid_cnt: 0

************recordStats once at 574226
[Warning] power scale is less than 1, please check!
[Overall Power Consumption] Peak: 17.9079, Dynamic: 12.3814
[DTM Trigger] CPU_MAX(THRES): 101.929(103.000), DRAM_MAX(THRES): 90.135(85.000)
	Current DTM method: 1
[SNIPER_STATS_MANAGER] Setting frequency for core 0 in DVFS domain 0 to 2128 MHz
[SNIPER_STATS_MANAGER] Setting frequency for core 1 in DVFS domain 1 to 2128 MHz
[SNIPER_STATS_MANAGER] Setting frequency for core 2 in DVFS domain 2 to 2128 MHz
[SNIPER_STATS_MANAGER] Setting frequency for core 3 in DVFS domain 3 to 2128 MHz
Here we try remapping!
-----and here we finish handling remapping results in cache controller! the Latency: 0
---invalid_cnt: 0

************recordStats once at 575226
[Warning] power scale is less than 1, please check!
[Overall Power Consumption] Peak: 25.4127, Dynamic: 14.3187
[DTM Trigger] CPU_MAX(THRES): 103.381(103.000), DRAM_MAX(THRES): 90.061(85.000)
	Current DTM method: 1
[HOT!] CPU is too hot!
[SNIPER_STATS_MANAGER] Setting frequency for core 0 in DVFS domain 0 to 1596 MHz
[SNIPER_STATS_MANAGER] Setting frequency for core 1 in DVFS domain 1 to 1596 MHz
[SNIPER_STATS_MANAGER] Setting frequency for core 2 in DVFS domain 2 to 1596 MHz
[SNIPER_STATS_MANAGER] Setting frequency for core 3 in DVFS domain 3 to 1596 MHz
Here we try remapping!
-----and here we finish handling remapping results in cache controller! the Latency: 0
---invalid_cnt: 0

************recordStats once at 576226
[Warning] power scale is less than 1, please check!
[Overall Power Consumption] Peak: 17.8951, Dynamic: 12.3785
[DTM Trigger] CPU_MAX(THRES): 100.648(103.000), DRAM_MAX(THRES): 90.019(85.000)
	Current DTM method: 1
[SNIPER_STATS_MANAGER] Setting frequency for core 0 in DVFS domain 0 to 2128 MHz
[SNIPER_STATS_MANAGER] Setting frequency for core 1 in DVFS domain 1 to 2128 MHz
[SNIPER_STATS_MANAGER] Setting frequency for core 2 in DVFS domain 2 to 2128 MHz
[SNIPER_STATS_MANAGER] Setting frequency for core 3 in DVFS domain 3 to 2128 MHz
Here we try remapping!
-----and here we finish handling remapping results in cache controller! the Latency: 0
---invalid_cnt: 0

************recordStats once at 577216
[Warning] power scale is less than 1, please check!
[Overall Power Consumption] Peak: 25.4226, Dynamic: 14.3324
[DTM Trigger] CPU_MAX(THRES): 102.752(103.000), DRAM_MAX(THRES): 89.903(85.000)
	Current DTM method: 1
[SNIPER_STATS_MANAGER] Setting frequency for core 0 in DVFS domain 0 to 2660 MHz
[SNIPER_STATS_MANAGER] Setting frequency for core 1 in DVFS domain 1 to 2660 MHz
[SNIPER_STATS_MANAGER] Setting frequency for core 2 in DVFS domain 2 to 2660 MHz
[SNIPER_STATS_MANAGER] Setting frequency for core 3 in DVFS domain 3 to 2660 MHz
Here we try remapping!
-----and here we finish handling remapping results in cache controller! the Latency: 0
---invalid_cnt: 0

************recordStats once at 578223
[Warning] power scale is less than 1, please check!
[Overall Power Consumption] Peak: 30.9101, Dynamic: 16.7144
[DTM Trigger] CPU_MAX(THRES): 106.889(103.000), DRAM_MAX(THRES): 89.943(85.000)
	Current DTM method: 1
[HOT!] CPU is too hot!
[SNIPER_STATS_MANAGER] Setting frequency for core 0 in DVFS domain 0 to 2128 MHz
[SNIPER_STATS_MANAGER] Setting frequency for core 1 in DVFS domain 1 to 2128 MHz
[SNIPER_STATS_MANAGER] Setting frequency for core 2 in DVFS domain 2 to 2128 MHz
[SNIPER_STATS_MANAGER] Setting frequency for core 3 in DVFS domain 3 to 2128 MHz
Here we try remapping!
-----and here we finish handling remapping results in cache controller! the Latency: 0
---invalid_cnt: 0

************recordStats once at 579226
[Warning] power scale is less than 1, please check!
[Overall Power Consumption] Peak: 25.6423, Dynamic: 15.9328
[DTM Trigger] CPU_MAX(THRES): 109.049(103.000), DRAM_MAX(THRES): 89.976(85.000)
	Current DTM method: 1
[HOT!] CPU is too hot!
[SNIPER_STATS_MANAGER] Setting frequency for core 0 in DVFS domain 0 to 1596 MHz
[SNIPER_STATS_MANAGER] Setting frequency for core 1 in DVFS domain 1 to 1596 MHz
[SNIPER_STATS_MANAGER] Setting frequency for core 2 in DVFS domain 2 to 1596 MHz
[SNIPER_STATS_MANAGER] Setting frequency for core 3 in DVFS domain 3 to 1596 MHz
Here we try remapping!
-----and here we finish handling remapping results in cache controller! the Latency: 0
---invalid_cnt: 0

************recordStats once at 580227
[Warning] power scale is less than 1, please check!
[Overall Power Consumption] Peak: 15.1491, Dynamic: 9.91204
[DTM Trigger] CPU_MAX(THRES): 103.133(103.000), DRAM_MAX(THRES): 89.640(85.000)
	Current DTM method: 1
[HOT!] CPU is too hot!
[SNIPER_STATS_MANAGER] Setting frequency for core 0 in DVFS domain 0 to 1064 MHz
[SNIPER_STATS_MANAGER] Setting frequency for core 1 in DVFS domain 1 to 1064 MHz
[SNIPER_STATS_MANAGER] Setting frequency for core 2 in DVFS domain 2 to 1064 MHz
[SNIPER_STATS_MANAGER] Setting frequency for core 3 in DVFS domain 3 to 1064 MHz
Here we try remapping!
-----and here we finish handling remapping results in cache controller! the Latency: 0
---invalid_cnt: 0

************recordStats once at 581226
[Warning] power scale is less than 1, please check!
[Overall Power Consumption] Peak: 11.7126, Dynamic: 8.00842
[DTM Trigger] CPU_MAX(THRES): 96.511(103.000), DRAM_MAX(THRES): 89.789(85.000)
	Current DTM method: 1
[SNIPER_STATS_MANAGER] Setting frequency for core 0 in DVFS domain 0 to 1596 MHz
[SNIPER_STATS_MANAGER] Setting frequency for core 1 in DVFS domain 1 to 1596 MHz
[SNIPER_STATS_MANAGER] Setting frequency for core 2 in DVFS domain 2 to 1596 MHz
[SNIPER_STATS_MANAGER] Setting frequency for core 3 in DVFS domain 3 to 1596 MHz
Here we try remapping!
-----and here we finish handling remapping results in cache controller! the Latency: 0
---invalid_cnt: 0

************recordStats once at 582227
[Warning] power scale is less than 1, please check!
[Overall Power Consumption] Peak: 14.9294, Dynamic: 8.42541
[DTM Trigger] CPU_MAX(THRES): 94.052(103.000), DRAM_MAX(THRES): 90.152(85.000)
	Current DTM method: 1
[SNIPER_STATS_MANAGER] Setting frequency for core 0 in DVFS domain 0 to 2128 MHz
[SNIPER_STATS_MANAGER] Setting frequency for core 1 in DVFS domain 1 to 2128 MHz
[SNIPER_STATS_MANAGER] Setting frequency for core 2 in DVFS domain 2 to 2128 MHz
[SNIPER_STATS_MANAGER] Setting frequency for core 3 in DVFS domain 3 to 2128 MHz
Here we try remapping!
-----and here we finish handling remapping results in cache controller! the Latency: 0
---invalid_cnt: 0

************recordStats once at 583227
[Warning] power scale is less than 1, please check!
[Overall Power Consumption] Peak: 24.1166, Dynamic: 11.8527
[DTM Trigger] CPU_MAX(THRES): 96.458(103.000), DRAM_MAX(THRES): 90.530(85.000)
	Current DTM method: 1
[SNIPER_STATS_MANAGER] Setting frequency for core 0 in DVFS domain 0 to 2660 MHz
[SNIPER_STATS_MANAGER] Setting frequency for core 1 in DVFS domain 1 to 2660 MHz
[SNIPER_STATS_MANAGER] Setting frequency for core 2 in DVFS domain 2 to 2660 MHz
[SNIPER_STATS_MANAGER] Setting frequency for core 3 in DVFS domain 3 to 2660 MHz
Here we try remapping!
-----and here we finish handling remapping results in cache controller! the Latency: 0
---invalid_cnt: 0

************recordStats once at 584226
[Warning] power scale is less than 1, please check!
[Overall Power Consumption] Peak: 28.0566, Dynamic: 12.7638
[DTM Trigger] CPU_MAX(THRES): 100.655(103.000), DRAM_MAX(THRES): 91.114(85.000)
	Current DTM method: 1
Here we try remapping!
-----and here we finish handling remapping results in cache controller! the Latency: 0
---invalid_cnt: 0

************recordStats once at 585226
[Warning] power scale is less than 1, please check!
[Overall Power Consumption] Peak: 33.1235, Dynamic: 18.3601
[DTM Trigger] CPU_MAX(THRES): 106.802(103.000), DRAM_MAX(THRES): 90.993(85.000)
	Current DTM method: 1
[HOT!] CPU is too hot!
[SNIPER_STATS_MANAGER] Setting frequency for core 0 in DVFS domain 0 to 2128 MHz
[SNIPER_STATS_MANAGER] Setting frequency for core 1 in DVFS domain 1 to 2128 MHz
[SNIPER_STATS_MANAGER] Setting frequency for core 2 in DVFS domain 2 to 2128 MHz
[SNIPER_STATS_MANAGER] Setting frequency for core 3 in DVFS domain 3 to 2128 MHz
Here we try remapping!
-----and here we finish handling remapping results in cache controller! the Latency: 0
---invalid_cnt: 0

************recordStats once at 586226
[Warning] power scale is less than 1, please check!
[Overall Power Consumption] Peak: 30.579, Dynamic: 20.9584
[DTM Trigger] CPU_MAX(THRES): 107.173(103.000), DRAM_MAX(THRES): 90.659(85.000)
	Current DTM method: 1
[HOT!] CPU is too hot!
[SNIPER_STATS_MANAGER] Setting frequency for core 0 in DVFS domain 0 to 1596 MHz
[SNIPER_STATS_MANAGER] Setting frequency for core 1 in DVFS domain 1 to 1596 MHz
[SNIPER_STATS_MANAGER] Setting frequency for core 2 in DVFS domain 2 to 1596 MHz
[SNIPER_STATS_MANAGER] Setting frequency for core 3 in DVFS domain 3 to 1596 MHz
Here we try remapping!
-----and here we finish handling remapping results in cache controller! the Latency: 0
---invalid_cnt: 0

************recordStats once at 587226
[Warning] power scale is less than 1, please check!
[Overall Power Consumption] Peak: 18.1001, Dynamic: 13.0153
[DTM Trigger] CPU_MAX(THRES): 101.772(103.000), DRAM_MAX(THRES): 90.467(85.000)
	Current DTM method: 1
[SNIPER_STATS_MANAGER] Setting frequency for core 0 in DVFS domain 0 to 2128 MHz
[SNIPER_STATS_MANAGER] Setting frequency for core 1 in DVFS domain 1 to 2128 MHz
[SNIPER_STATS_MANAGER] Setting frequency for core 2 in DVFS domain 2 to 2128 MHz
[SNIPER_STATS_MANAGER] Setting frequency for core 3 in DVFS domain 3 to 2128 MHz
Here we try remapping!
-----and here we finish handling remapping results in cache controller! the Latency: 0
---invalid_cnt: 0

************recordStats once at 588220
[Warning] power scale is less than 1, please check!
[Overall Power Consumption] Peak: 25.3426, Dynamic: 14.6333
[DTM Trigger] CPU_MAX(THRES): 103.411(103.000), DRAM_MAX(THRES): 90.187(85.000)
	Current DTM method: 1
[HOT!] CPU is too hot!
[SNIPER_STATS_MANAGER] Setting frequency for core 0 in DVFS domain 0 to 1596 MHz
[SNIPER_STATS_MANAGER] Setting frequency for core 1 in DVFS domain 1 to 1596 MHz
[SNIPER_STATS_MANAGER] Setting frequency for core 2 in DVFS domain 2 to 1596 MHz
[SNIPER_STATS_MANAGER] Setting frequency for core 3 in DVFS domain 3 to 1596 MHz
Here we try remapping!
-----and here we finish handling remapping results in cache controller! the Latency: 0
---invalid_cnt: 0

************recordStats once at 589226
[Warning] power scale is less than 1, please check!
[Overall Power Consumption] Peak: 17.6169, Dynamic: 12.4339
[DTM Trigger] CPU_MAX(THRES): 100.859(103.000), DRAM_MAX(THRES): 90.008(85.000)
	Current DTM method: 1
[SNIPER_STATS_MANAGER] Setting frequency for core 0 in DVFS domain 0 to 2128 MHz
[SNIPER_STATS_MANAGER] Setting frequency for core 1 in DVFS domain 1 to 2128 MHz
[SNIPER_STATS_MANAGER] Setting frequency for core 2 in DVFS domain 2 to 2128 MHz
[SNIPER_STATS_MANAGER] Setting frequency for core 3 in DVFS domain 3 to 2128 MHz
Here we try remapping!
-----and here we finish handling remapping results in cache controller! the Latency: 0
---invalid_cnt: 0

************recordStats once at 590220
[Warning] power scale is less than 1, please check!
[Overall Power Consumption] Peak: 25.2297, Dynamic: 14.5212
[DTM Trigger] CPU_MAX(THRES): 103.164(103.000), DRAM_MAX(THRES): 89.802(85.000)
	Current DTM method: 1
[HOT!] CPU is too hot!
[SNIPER_STATS_MANAGER] Setting frequency for core 0 in DVFS domain 0 to 1596 MHz
[SNIPER_STATS_MANAGER] Setting frequency for core 1 in DVFS domain 1 to 1596 MHz
[SNIPER_STATS_MANAGER] Setting frequency for core 2 in DVFS domain 2 to 1596 MHz
[SNIPER_STATS_MANAGER] Setting frequency for core 3 in DVFS domain 3 to 1596 MHz
Here we try remapping!
-----and here we finish handling remapping results in cache controller! the Latency: 0
---invalid_cnt: 0

************recordStats once at 591226
[Warning] power scale is less than 1, please check!
[Overall Power Consumption] Peak: 17.9016, Dynamic: 12.7783
[DTM Trigger] CPU_MAX(THRES): 100.763(103.000), DRAM_MAX(THRES): 89.709(85.000)
	Current DTM method: 1
[SNIPER_STATS_MANAGER] Setting frequency for core 0 in DVFS domain 0 to 2128 MHz
[SNIPER_STATS_MANAGER] Setting frequency for core 1 in DVFS domain 1 to 2128 MHz
[SNIPER_STATS_MANAGER] Setting frequency for core 2 in DVFS domain 2 to 2128 MHz
[SNIPER_STATS_MANAGER] Setting frequency for core 3 in DVFS domain 3 to 2128 MHz
Here we try remapping!
-----and here we finish handling remapping results in cache controller! the Latency: 0
---invalid_cnt: 0

************recordStats once at 592226
[Warning] power scale is less than 1, please check!
[Overall Power Consumption] Peak: 25.3501, Dynamic: 14.6547
[DTM Trigger] CPU_MAX(THRES): 102.874(103.000), DRAM_MAX(THRES): 89.599(85.000)
	Current DTM method: 1
[SNIPER_STATS_MANAGER] Setting frequency for core 0 in DVFS domain 0 to 2660 MHz
[SNIPER_STATS_MANAGER] Setting frequency for core 1 in DVFS domain 1 to 2660 MHz
[SNIPER_STATS_MANAGER] Setting frequency for core 2 in DVFS domain 2 to 2660 MHz
[SNIPER_STATS_MANAGER] Setting frequency for core 3 in DVFS domain 3 to 2660 MHz
Here we try remapping!
-----and here we finish handling remapping results in cache controller! the Latency: 0
---invalid_cnt: 0

************recordStats once at 593216
[Warning] power scale is less than 1, please check!
[Overall Power Consumption] Peak: 31.3894, Dynamic: 17.8288
[DTM Trigger] CPU_MAX(THRES): 107.329(103.000), DRAM_MAX(THRES): 89.673(85.000)
	Current DTM method: 1
[HOT!] CPU is too hot!
[SNIPER_STATS_MANAGER] Setting frequency for core 0 in DVFS domain 0 to 2128 MHz
[SNIPER_STATS_MANAGER] Setting frequency for core 1 in DVFS domain 1 to 2128 MHz
[SNIPER_STATS_MANAGER] Setting frequency for core 2 in DVFS domain 2 to 2128 MHz
[SNIPER_STATS_MANAGER] Setting frequency for core 3 in DVFS domain 3 to 2128 MHz
Here we try remapping!
-----and here we finish handling remapping results in cache controller! the Latency: 0
---invalid_cnt: 0

************recordStats once at 594217
[Warning] power scale is less than 1, please check!
[Overall Power Consumption] Peak: 30.5154, Dynamic: 20.8831
[DTM Trigger] CPU_MAX(THRES): 108.704(103.000), DRAM_MAX(THRES): 89.919(85.000)
	Current DTM method: 1
[HOT!] CPU is too hot!
[SNIPER_STATS_MANAGER] Setting frequency for core 0 in DVFS domain 0 to 1596 MHz
[SNIPER_STATS_MANAGER] Setting frequency for core 1 in DVFS domain 1 to 1596 MHz
[SNIPER_STATS_MANAGER] Setting frequency for core 2 in DVFS domain 2 to 1596 MHz
[SNIPER_STATS_MANAGER] Setting frequency for core 3 in DVFS domain 3 to 1596 MHz
Here we try remapping!
-----and here we finish handling remapping results in cache controller! the Latency: 0
---invalid_cnt: 0

************recordStats once at 595224
[Warning] power scale is less than 1, please check!
[Overall Power Consumption] Peak: 17.845, Dynamic: 12.6761
[DTM Trigger] CPU_MAX(THRES): 102.457(103.000), DRAM_MAX(THRES): 90.107(85.000)
	Current DTM method: 1
[SNIPER_STATS_MANAGER] Setting frequency for core 0 in DVFS domain 0 to 2128 MHz
[SNIPER_STATS_MANAGER] Setting frequency for core 1 in DVFS domain 1 to 2128 MHz
[SNIPER_STATS_MANAGER] Setting frequency for core 2 in DVFS domain 2 to 2128 MHz
[SNIPER_STATS_MANAGER] Setting frequency for core 3 in DVFS domain 3 to 2128 MHz
Here we try remapping!
-----and here we finish handling remapping results in cache controller! the Latency: 0
---invalid_cnt: 0

************recordStats once at 596225
[Warning] power scale is less than 1, please check!
[Overall Power Consumption] Peak: 25.387, Dynamic: 14.7059
[DTM Trigger] CPU_MAX(THRES): 103.835(103.000), DRAM_MAX(THRES): 90.070(85.000)
	Current DTM method: 1
[HOT!] CPU is too hot!
[SNIPER_STATS_MANAGER] Setting frequency for core 0 in DVFS domain 0 to 1596 MHz
[SNIPER_STATS_MANAGER] Setting frequency for core 1 in DVFS domain 1 to 1596 MHz
[SNIPER_STATS_MANAGER] Setting frequency for core 2 in DVFS domain 2 to 1596 MHz
[SNIPER_STATS_MANAGER] Setting frequency for core 3 in DVFS domain 3 to 1596 MHz
Here we try remapping!
-----and here we finish handling remapping results in cache controller! the Latency: 0
---invalid_cnt: 0

************recordStats once at 597226
[Warning] power scale is less than 1, please check!
[Overall Power Consumption] Peak: 17.9807, Dynamic: 12.8668
[DTM Trigger] CPU_MAX(THRES): 101.277(103.000), DRAM_MAX(THRES): 90.043(85.000)
	Current DTM method: 1
[SNIPER_STATS_MANAGER] Setting frequency for core 0 in DVFS domain 0 to 2128 MHz
[SNIPER_STATS_MANAGER] Setting frequency for core 1 in DVFS domain 1 to 2128 MHz
[SNIPER_STATS_MANAGER] Setting frequency for core 2 in DVFS domain 2 to 2128 MHz
[SNIPER_STATS_MANAGER] Setting frequency for core 3 in DVFS domain 3 to 2128 MHz
Here we try remapping!
-----and here we finish handling remapping results in cache controller! the Latency: 0
---invalid_cnt: 0

************recordStats once at 598226
[Warning] power scale is less than 1, please check!
[Overall Power Consumption] Peak: 25.4614, Dynamic: 14.752
[DTM Trigger] CPU_MAX(THRES): 103.561(103.000), DRAM_MAX(THRES): 89.946(85.000)
	Current DTM method: 1
[HOT!] CPU is too hot!
[SNIPER_STATS_MANAGER] Setting frequency for core 0 in DVFS domain 0 to 1596 MHz
[SNIPER_STATS_MANAGER] Setting frequency for core 1 in DVFS domain 1 to 1596 MHz
[SNIPER_STATS_MANAGER] Setting frequency for core 2 in DVFS domain 2 to 1596 MHz
[SNIPER_STATS_MANAGER] Setting frequency for core 3 in DVFS domain 3 to 1596 MHz
Here we try remapping!
-----and here we finish handling remapping results in cache controller! the Latency: 0
---invalid_cnt: 0

************recordStats once at 599226
[Warning] power scale is less than 1, please check!
[Overall Power Consumption] Peak: 17.8543, Dynamic: 12.7266
[DTM Trigger] CPU_MAX(THRES): 100.977(103.000), DRAM_MAX(THRES): 89.920(85.000)
	Current DTM method: 1
[SNIPER_STATS_MANAGER] Setting frequency for core 0 in DVFS domain 0 to 2128 MHz
[SNIPER_STATS_MANAGER] Setting frequency for core 1 in DVFS domain 1 to 2128 MHz
[SNIPER_STATS_MANAGER] Setting frequency for core 2 in DVFS domain 2 to 2128 MHz
[SNIPER_STATS_MANAGER] Setting frequency for core 3 in DVFS domain 3 to 2128 MHz
Here we try remapping!
-----and here we finish handling remapping results in cache controller! the Latency: 0
---invalid_cnt: 0

************recordStats once at 600226
[Warning] power scale is less than 1, please check!
[Overall Power Consumption] Peak: 25.3962, Dynamic: 14.7006
[DTM Trigger] CPU_MAX(THRES): 103.300(103.000), DRAM_MAX(THRES): 89.835(85.000)
	Current DTM method: 1
[HOT!] CPU is too hot!
[SNIPER_STATS_MANAGER] Setting frequency for core 0 in DVFS domain 0 to 1596 MHz
[SNIPER_STATS_MANAGER] Setting frequency for core 1 in DVFS domain 1 to 1596 MHz
[SNIPER_STATS_MANAGER] Setting frequency for core 2 in DVFS domain 2 to 1596 MHz
[SNIPER_STATS_MANAGER] Setting frequency for core 3 in DVFS domain 3 to 1596 MHz
Here we try remapping!
-----and here we finish handling remapping results in cache controller! the Latency: 0
---invalid_cnt: 0

************recordStats once at 601221
[Warning] power scale is less than 1, please check!
[Overall Power Consumption] Peak: 17.9818, Dynamic: 12.8585
[DTM Trigger] CPU_MAX(THRES): 100.827(103.000), DRAM_MAX(THRES): 89.826(85.000)
	Current DTM method: 1
[SNIPER_STATS_MANAGER] Setting frequency for core 0 in DVFS domain 0 to 2128 MHz
[SNIPER_STATS_MANAGER] Setting frequency for core 1 in DVFS domain 1 to 2128 MHz
[SNIPER_STATS_MANAGER] Setting frequency for core 2 in DVFS domain 2 to 2128 MHz
[SNIPER_STATS_MANAGER] Setting frequency for core 3 in DVFS domain 3 to 2128 MHz
Here we try remapping!
-----and here we finish handling remapping results in cache controller! the Latency: 0
---invalid_cnt: 0

************recordStats once at 602225
[Warning] power scale is less than 1, please check!
[Overall Power Consumption] Peak: 25.3064, Dynamic: 14.6252
[DTM Trigger] CPU_MAX(THRES): 103.254(103.000), DRAM_MAX(THRES): 89.752(85.000)
	Current DTM method: 1
[HOT!] CPU is too hot!
[SNIPER_STATS_MANAGER] Setting frequency for core 0 in DVFS domain 0 to 1596 MHz
[SNIPER_STATS_MANAGER] Setting frequency for core 1 in DVFS domain 1 to 1596 MHz
[SNIPER_STATS_MANAGER] Setting frequency for core 2 in DVFS domain 2 to 1596 MHz
[SNIPER_STATS_MANAGER] Setting frequency for core 3 in DVFS domain 3 to 1596 MHz
Here we try remapping!
-----and here we finish handling remapping results in cache controller! the Latency: 0
---invalid_cnt: 0

************recordStats once at 603226
[Warning] power scale is less than 1, please check!
[Overall Power Consumption] Peak: 17.9528, Dynamic: 12.823
[DTM Trigger] CPU_MAX(THRES): 100.617(103.000), DRAM_MAX(THRES): 89.752(85.000)
	Current DTM method: 1
[SNIPER_STATS_MANAGER] Setting frequency for core 0 in DVFS domain 0 to 2128 MHz
[SNIPER_STATS_MANAGER] Setting frequency for core 1 in DVFS domain 1 to 2128 MHz
[SNIPER_STATS_MANAGER] Setting frequency for core 2 in DVFS domain 2 to 2128 MHz
[SNIPER_STATS_MANAGER] Setting frequency for core 3 in DVFS domain 3 to 2128 MHz
Here we try remapping!
-----and here we finish handling remapping results in cache controller! the Latency: 0
---invalid_cnt: 0

************recordStats once at 604227
[Warning] power scale is less than 1, please check!
[Overall Power Consumption] Peak: 25.4558, Dynamic: 14.7718
[DTM Trigger] CPU_MAX(THRES): 103.021(103.000), DRAM_MAX(THRES): 89.693(85.000)
	Current DTM method: 1
[HOT!] CPU is too hot!
[SNIPER_STATS_MANAGER] Setting frequency for core 0 in DVFS domain 0 to 1596 MHz
[SNIPER_STATS_MANAGER] Setting frequency for core 1 in DVFS domain 1 to 1596 MHz
[SNIPER_STATS_MANAGER] Setting frequency for core 2 in DVFS domain 2 to 1596 MHz
[SNIPER_STATS_MANAGER] Setting frequency for core 3 in DVFS domain 3 to 1596 MHz
Here we try remapping!
-----and here we finish handling remapping results in cache controller! the Latency: 0
---invalid_cnt: 0

************recordStats once at 605227
[Warning] power scale is less than 1, please check!
[Overall Power Consumption] Peak: 18.0267, Dynamic: 12.9144
[DTM Trigger] CPU_MAX(THRES): 100.807(103.000), DRAM_MAX(THRES): 89.700(85.000)
	Current DTM method: 1
[SNIPER_STATS_MANAGER] Setting frequency for core 0 in DVFS domain 0 to 2128 MHz
[SNIPER_STATS_MANAGER] Setting frequency for core 1 in DVFS domain 1 to 2128 MHz
[SNIPER_STATS_MANAGER] Setting frequency for core 2 in DVFS domain 2 to 2128 MHz
[SNIPER_STATS_MANAGER] Setting frequency for core 3 in DVFS domain 3 to 2128 MHz
Here we try remapping!
-----and here we finish handling remapping results in cache controller! the Latency: 0
---invalid_cnt: 0

************recordStats once at 606223
[Warning] power scale is less than 1, please check!
[Overall Power Consumption] Peak: 25.1815, Dynamic: 14.4454
[DTM Trigger] CPU_MAX(THRES): 102.887(103.000), DRAM_MAX(THRES): 89.651(85.000)
	Current DTM method: 1
[SNIPER_STATS_MANAGER] Setting frequency for core 0 in DVFS domain 0 to 2660 MHz
[SNIPER_STATS_MANAGER] Setting frequency for core 1 in DVFS domain 1 to 2660 MHz
[SNIPER_STATS_MANAGER] Setting frequency for core 2 in DVFS domain 2 to 2660 MHz
[SNIPER_STATS_MANAGER] Setting frequency for core 3 in DVFS domain 3 to 2660 MHz
Here we try remapping!
-----and here we finish handling remapping results in cache controller! the Latency: 0
---invalid_cnt: 0

************recordStats once at 607227
[Warning] power scale is less than 1, please check!
[Overall Power Consumption] Peak: 31.2094, Dynamic: 17.6547
[DTM Trigger] CPU_MAX(THRES): 107.417(103.000), DRAM_MAX(THRES): 89.748(85.000)
	Current DTM method: 1
[HOT!] CPU is too hot!
[SNIPER_STATS_MANAGER] Setting frequency for core 0 in DVFS domain 0 to 2128 MHz
[SNIPER_STATS_MANAGER] Setting frequency for core 1 in DVFS domain 1 to 2128 MHz
[SNIPER_STATS_MANAGER] Setting frequency for core 2 in DVFS domain 2 to 2128 MHz
[SNIPER_STATS_MANAGER] Setting frequency for core 3 in DVFS domain 3 to 2128 MHz
Here we try remapping!
-----and here we finish handling remapping results in cache controller! the Latency: 0
---invalid_cnt: 0

************recordStats once at 608227
[Warning] power scale is less than 1, please check!
[Overall Power Consumption] Peak: 30.4098, Dynamic: 20.7087
[DTM Trigger] CPU_MAX(THRES): 108.352(103.000), DRAM_MAX(THRES): 90.008(85.000)
	Current DTM method: 1
[HOT!] CPU is too hot!
[SNIPER_STATS_MANAGER] Setting frequency for core 0 in DVFS domain 0 to 1596 MHz
[SNIPER_STATS_MANAGER] Setting frequency for core 1 in DVFS domain 1 to 1596 MHz
[SNIPER_STATS_MANAGER] Setting frequency for core 2 in DVFS domain 2 to 1596 MHz
[SNIPER_STATS_MANAGER] Setting frequency for core 3 in DVFS domain 3 to 1596 MHz
Here we try remapping!
-----and here we finish handling remapping results in cache controller! the Latency: 0
---invalid_cnt: 0

************recordStats once at 609226
[Warning] power scale is less than 1, please check!
[Overall Power Consumption] Peak: 17.975, Dynamic: 12.8643
[DTM Trigger] CPU_MAX(THRES): 102.827(103.000), DRAM_MAX(THRES): 90.216(85.000)
	Current DTM method: 1
[SNIPER_STATS_MANAGER] Setting frequency for core 0 in DVFS domain 0 to 2128 MHz
[SNIPER_STATS_MANAGER] Setting frequency for core 1 in DVFS domain 1 to 2128 MHz
[SNIPER_STATS_MANAGER] Setting frequency for core 2 in DVFS domain 2 to 2128 MHz
[SNIPER_STATS_MANAGER] Setting frequency for core 3 in DVFS domain 3 to 2128 MHz
Here we try remapping!
-----and here we finish handling remapping results in cache controller! the Latency: 0
---invalid_cnt: 0

************recordStats once at 610227
[Warning] power scale is less than 1, please check!
[Overall Power Consumption] Peak: 25.3845, Dynamic: 14.7168
[DTM Trigger] CPU_MAX(THRES): 104.032(103.000), DRAM_MAX(THRES): 90.185(85.000)
	Current DTM method: 1
[HOT!] CPU is too hot!
[SNIPER_STATS_MANAGER] Setting frequency for core 0 in DVFS domain 0 to 1596 MHz
[SNIPER_STATS_MANAGER] Setting frequency for core 1 in DVFS domain 1 to 1596 MHz
[SNIPER_STATS_MANAGER] Setting frequency for core 2 in DVFS domain 2 to 1596 MHz
[SNIPER_STATS_MANAGER] Setting frequency for core 3 in DVFS domain 3 to 1596 MHz
Here we try remapping!
-----and here we finish handling remapping results in cache controller! the Latency: 0
---invalid_cnt: 0

************recordStats once at 611206
[Warning] power scale is less than 1, please check!
[Overall Power Consumption] Peak: 17.7851, Dynamic: 12.6345
[DTM Trigger] CPU_MAX(THRES): 101.300(103.000), DRAM_MAX(THRES): 90.167(85.000)
	Current DTM method: 1
[SNIPER_STATS_MANAGER] Setting frequency for core 0 in DVFS domain 0 to 2128 MHz
[SNIPER_STATS_MANAGER] Setting frequency for core 1 in DVFS domain 1 to 2128 MHz
[SNIPER_STATS_MANAGER] Setting frequency for core 2 in DVFS domain 2 to 2128 MHz
[SNIPER_STATS_MANAGER] Setting frequency for core 3 in DVFS domain 3 to 2128 MHz
Here we try remapping!
-----and here we finish handling remapping results in cache controller! the Latency: 0
---invalid_cnt: 0

************recordStats once at 612226
[Warning] power scale is less than 1, please check!
[Overall Power Consumption] Peak: 25.3301, Dynamic: 14.6414
[DTM Trigger] CPU_MAX(THRES): 103.588(103.000), DRAM_MAX(THRES): 90.074(85.000)
	Current DTM method: 1
[HOT!] CPU is too hot!
[SNIPER_STATS_MANAGER] Setting frequency for core 0 in DVFS domain 0 to 1596 MHz
[SNIPER_STATS_MANAGER] Setting frequency for core 1 in DVFS domain 1 to 1596 MHz
[SNIPER_STATS_MANAGER] Setting frequency for core 2 in DVFS domain 2 to 1596 MHz
[SNIPER_STATS_MANAGER] Setting frequency for core 3 in DVFS domain 3 to 1596 MHz
Here we try remapping!
-----and here we finish handling remapping results in cache controller! the Latency: 0
---invalid_cnt: 0

************recordStats once at 613226
[Warning] power scale is less than 1, please check!
[Overall Power Consumption] Peak: 18.0523, Dynamic: 12.939
[DTM Trigger] CPU_MAX(THRES): 101.058(103.000), DRAM_MAX(THRES): 90.053(85.000)
	Current DTM method: 1
[SNIPER_STATS_MANAGER] Setting frequency for core 0 in DVFS domain 0 to 2128 MHz
[SNIPER_STATS_MANAGER] Setting frequency for core 1 in DVFS domain 1 to 2128 MHz
[SNIPER_STATS_MANAGER] Setting frequency for core 2 in DVFS domain 2 to 2128 MHz
[SNIPER_STATS_MANAGER] Setting frequency for core 3 in DVFS domain 3 to 2128 MHz
Here we try remapping!
-----and here we finish handling remapping results in cache controller! the Latency: 0
---invalid_cnt: 0

************recordStats once at 614226
[Warning] power scale is less than 1, please check!
[Overall Power Consumption] Peak: 25.4679, Dynamic: 14.7857
[DTM Trigger] CPU_MAX(THRES): 103.470(103.000), DRAM_MAX(THRES): 89.976(85.000)
	Current DTM method: 1
[HOT!] CPU is too hot!
[SNIPER_STATS_MANAGER] Setting frequency for core 0 in DVFS domain 0 to 1596 MHz
[SNIPER_STATS_MANAGER] Setting frequency for core 1 in DVFS domain 1 to 1596 MHz
[SNIPER_STATS_MANAGER] Setting frequency for core 2 in DVFS domain 2 to 1596 MHz
[SNIPER_STATS_MANAGER] Setting frequency for core 3 in DVFS domain 3 to 1596 MHz
Here we try remapping!
-----and here we finish handling remapping results in cache controller! the Latency: 0
---invalid_cnt: 0

************recordStats once at 615226
[Warning] power scale is less than 1, please check!
[Overall Power Consumption] Peak: 17.8908, Dynamic: 12.7562
[DTM Trigger] CPU_MAX(THRES): 100.896(103.000), DRAM_MAX(THRES): 89.970(85.000)
	Current DTM method: 1
[SNIPER_STATS_MANAGER] Setting frequency for core 0 in DVFS domain 0 to 2128 MHz
[SNIPER_STATS_MANAGER] Setting frequency for core 1 in DVFS domain 1 to 2128 MHz
[SNIPER_STATS_MANAGER] Setting frequency for core 2 in DVFS domain 2 to 2128 MHz
[SNIPER_STATS_MANAGER] Setting frequency for core 3 in DVFS domain 3 to 2128 MHz
Here we try remapping!
-----and here we finish handling remapping results in cache controller! the Latency: 0
---invalid_cnt: 0

************recordStats once at 616208
[Warning] power scale is less than 1, please check!
[Overall Power Consumption] Peak: 25.4187, Dynamic: 14.7203
[DTM Trigger] CPU_MAX(THRES): 103.325(103.000), DRAM_MAX(THRES): 89.896(85.000)
	Current DTM method: 1
[HOT!] CPU is too hot!
[SNIPER_STATS_MANAGER] Setting frequency for core 0 in DVFS domain 0 to 1596 MHz
[SNIPER_STATS_MANAGER] Setting frequency for core 1 in DVFS domain 1 to 1596 MHz
[SNIPER_STATS_MANAGER] Setting frequency for core 2 in DVFS domain 2 to 1596 MHz
[SNIPER_STATS_MANAGER] Setting frequency for core 3 in DVFS domain 3 to 1596 MHz
Here we try remapping!
-----and here we finish handling remapping results in cache controller! the Latency: 0
---invalid_cnt: 0

************recordStats once at 617226
[Warning] power scale is less than 1, please check!
[Overall Power Consumption] Peak: 17.9735, Dynamic: 12.869
[DTM Trigger] CPU_MAX(THRES): 101.028(103.000), DRAM_MAX(THRES): 89.894(85.000)
	Current DTM method: 1
[SNIPER_STATS_MANAGER] Setting frequency for core 0 in DVFS domain 0 to 2128 MHz
[SNIPER_STATS_MANAGER] Setting frequency for core 1 in DVFS domain 1 to 2128 MHz
[SNIPER_STATS_MANAGER] Setting frequency for core 2 in DVFS domain 2 to 2128 MHz
[SNIPER_STATS_MANAGER] Setting frequency for core 3 in DVFS domain 3 to 2128 MHz
Here we try remapping!
-----and here we finish handling remapping results in cache controller! the Latency: 0
---invalid_cnt: 0

************recordStats once at 618226
[Warning] power scale is less than 1, please check!
[Overall Power Consumption] Peak: 25.2847, Dynamic: 14.5584
[DTM Trigger] CPU_MAX(THRES): 103.221(103.000), DRAM_MAX(THRES): 89.829(85.000)
	Current DTM method: 1
[HOT!] CPU is too hot!
[SNIPER_STATS_MANAGER] Setting frequency for core 0 in DVFS domain 0 to 1596 MHz
[SNIPER_STATS_MANAGER] Setting frequency for core 1 in DVFS domain 1 to 1596 MHz
[SNIPER_STATS_MANAGER] Setting frequency for core 2 in DVFS domain 2 to 1596 MHz
[SNIPER_STATS_MANAGER] Setting frequency for core 3 in DVFS domain 3 to 1596 MHz
Here we try remapping!
-----and here we finish handling remapping results in cache controller! the Latency: 0
---invalid_cnt: 0

************recordStats once at 619226
[Warning] power scale is less than 1, please check!
[Overall Power Consumption] Peak: 18.0696, Dynamic: 12.9852
[DTM Trigger] CPU_MAX(THRES): 100.950(103.000), DRAM_MAX(THRES): 89.819(85.000)
	Current DTM method: 1
[SNIPER_STATS_MANAGER] Setting frequency for core 0 in DVFS domain 0 to 2128 MHz
[SNIPER_STATS_MANAGER] Setting frequency for core 1 in DVFS domain 1 to 2128 MHz
[SNIPER_STATS_MANAGER] Setting frequency for core 2 in DVFS domain 2 to 2128 MHz
[SNIPER_STATS_MANAGER] Setting frequency for core 3 in DVFS domain 3 to 2128 MHz
Here we try remapping!
-----and here we finish handling remapping results in cache controller! the Latency: 0
---invalid_cnt: 0

************recordStats once at 620226
[Warning] power scale is less than 1, please check!
[Overall Power Consumption] Peak: 25.4482, Dynamic: 14.7468
[DTM Trigger] CPU_MAX(THRES): 103.100(103.000), DRAM_MAX(THRES): 89.760(85.000)
	Current DTM method: 1
[HOT!] CPU is too hot!
[SNIPER_STATS_MANAGER] Setting frequency for core 0 in DVFS domain 0 to 1596 MHz
[SNIPER_STATS_MANAGER] Setting frequency for core 1 in DVFS domain 1 to 1596 MHz
[SNIPER_STATS_MANAGER] Setting frequency for core 2 in DVFS domain 2 to 1596 MHz
[SNIPER_STATS_MANAGER] Setting frequency for core 3 in DVFS domain 3 to 1596 MHz
Here we try remapping!
-----and here we finish handling remapping results in cache controller! the Latency: 0
---invalid_cnt: 0

************recordStats once at 621226
[Warning] power scale is less than 1, please check!
[Overall Power Consumption] Peak: 17.9326, Dynamic: 12.8097
[DTM Trigger] CPU_MAX(THRES): 100.697(103.000), DRAM_MAX(THRES): 89.773(85.000)
	Current DTM method: 1
[SNIPER_STATS_MANAGER] Setting frequency for core 0 in DVFS domain 0 to 2128 MHz
[SNIPER_STATS_MANAGER] Setting frequency for core 1 in DVFS domain 1 to 2128 MHz
[SNIPER_STATS_MANAGER] Setting frequency for core 2 in DVFS domain 2 to 2128 MHz
[SNIPER_STATS_MANAGER] Setting frequency for core 3 in DVFS domain 3 to 2128 MHz
Here we try remapping!
-----and here we finish handling remapping results in cache controller! the Latency: 0
---invalid_cnt: 0

************recordStats once at 622227
[Warning] power scale is less than 1, please check!
[Overall Power Consumption] Peak: 25.2733, Dynamic: 14.5402
[DTM Trigger] CPU_MAX(THRES): 103.335(103.000), DRAM_MAX(THRES): 89.729(85.000)
	Current DTM method: 1
[HOT!] CPU is too hot!
[SNIPER_STATS_MANAGER] Setting frequency for core 0 in DVFS domain 0 to 1596 MHz
[SNIPER_STATS_MANAGER] Setting frequency for core 1 in DVFS domain 1 to 1596 MHz
[SNIPER_STATS_MANAGER] Setting frequency for core 2 in DVFS domain 2 to 1596 MHz
[SNIPER_STATS_MANAGER] Setting frequency for core 3 in DVFS domain 3 to 1596 MHz
Here we try remapping!
-----and here we finish handling remapping results in cache controller! the Latency: 0
---invalid_cnt: 0

************recordStats once at 623220
[Warning] power scale is less than 1, please check!
[Overall Power Consumption] Peak: 17.8146, Dynamic: 12.7063
[DTM Trigger] CPU_MAX(THRES): 100.672(103.000), DRAM_MAX(THRES): 89.745(85.000)
	Current DTM method: 1
[SNIPER_STATS_MANAGER] Setting frequency for core 0 in DVFS domain 0 to 2128 MHz
[SNIPER_STATS_MANAGER] Setting frequency for core 1 in DVFS domain 1 to 2128 MHz
[SNIPER_STATS_MANAGER] Setting frequency for core 2 in DVFS domain 2 to 2128 MHz
[SNIPER_STATS_MANAGER] Setting frequency for core 3 in DVFS domain 3 to 2128 MHz
Here we try remapping!
-----and here we finish handling remapping results in cache controller! the Latency: 0
---invalid_cnt: 0

************recordStats once at 624226
[Warning] power scale is less than 1, please check!
[Overall Power Consumption] Peak: 25.268, Dynamic: 14.5122
[DTM Trigger] CPU_MAX(THRES): 103.053(103.000), DRAM_MAX(THRES): 89.701(85.000)
	Current DTM method: 1
[HOT!] CPU is too hot!
[SNIPER_STATS_MANAGER] Setting frequency for core 0 in DVFS domain 0 to 1596 MHz
[SNIPER_STATS_MANAGER] Setting frequency for core 1 in DVFS domain 1 to 1596 MHz
[SNIPER_STATS_MANAGER] Setting frequency for core 2 in DVFS domain 2 to 1596 MHz
[SNIPER_STATS_MANAGER] Setting frequency for core 3 in DVFS domain 3 to 1596 MHz
Here we try remapping!
-----and here we finish handling remapping results in cache controller! the Latency: 0
---invalid_cnt: 0

************recordStats once at 625223
[Warning] power scale is less than 1, please check!
[Overall Power Consumption] Peak: 17.8451, Dynamic: 12.7277
[DTM Trigger] CPU_MAX(THRES): 100.596(103.000), DRAM_MAX(THRES): 89.726(85.000)
	Current DTM method: 1
[SNIPER_STATS_MANAGER] Setting frequency for core 0 in DVFS domain 0 to 2128 MHz
[SNIPER_STATS_MANAGER] Setting frequency for core 1 in DVFS domain 1 to 2128 MHz
[SNIPER_STATS_MANAGER] Setting frequency for core 2 in DVFS domain 2 to 2128 MHz
[SNIPER_STATS_MANAGER] Setting frequency for core 3 in DVFS domain 3 to 2128 MHz
Here we try remapping!
-----and here we finish handling remapping results in cache controller! the Latency: 0
---invalid_cnt: 0

************recordStats once at 626226
[Warning] power scale is less than 1, please check!
[Overall Power Consumption] Peak: 25.3024, Dynamic: 14.6188
[DTM Trigger] CPU_MAX(THRES): 103.165(103.000), DRAM_MAX(THRES): 89.670(85.000)
	Current DTM method: 1
[HOT!] CPU is too hot!
[SNIPER_STATS_MANAGER] Setting frequency for core 0 in DVFS domain 0 to 1596 MHz
[SNIPER_STATS_MANAGER] Setting frequency for core 1 in DVFS domain 1 to 1596 MHz
[SNIPER_STATS_MANAGER] Setting frequency for core 2 in DVFS domain 2 to 1596 MHz
[SNIPER_STATS_MANAGER] Setting frequency for core 3 in DVFS domain 3 to 1596 MHz
Here we try remapping!
-----and here we finish handling remapping results in cache controller! the Latency: 0
---invalid_cnt: 0

************recordStats once at 627226
[Warning] power scale is less than 1, please check!
[Overall Power Consumption] Peak: 17.8885, Dynamic: 12.7347
[DTM Trigger] CPU_MAX(THRES): 100.482(103.000), DRAM_MAX(THRES): 89.671(85.000)
	Current DTM method: 1
[SNIPER_STATS_MANAGER] Setting frequency for core 0 in DVFS domain 0 to 2128 MHz
[SNIPER_STATS_MANAGER] Setting frequency for core 1 in DVFS domain 1 to 2128 MHz
[SNIPER_STATS_MANAGER] Setting frequency for core 2 in DVFS domain 2 to 2128 MHz
[SNIPER_STATS_MANAGER] Setting frequency for core 3 in DVFS domain 3 to 2128 MHz
Here we try remapping!
-----and here we finish handling remapping results in cache controller! the Latency: 0
---invalid_cnt: 0

************recordStats once at 628226
[Warning] power scale is less than 1, please check!
[Overall Power Consumption] Peak: 25.2006, Dynamic: 14.4645
[DTM Trigger] CPU_MAX(THRES): 103.052(103.000), DRAM_MAX(THRES): 89.629(85.000)
	Current DTM method: 1
[HOT!] CPU is too hot!
[SNIPER_STATS_MANAGER] Setting frequency for core 0 in DVFS domain 0 to 1596 MHz
[SNIPER_STATS_MANAGER] Setting frequency for core 1 in DVFS domain 1 to 1596 MHz
[SNIPER_STATS_MANAGER] Setting frequency for core 2 in DVFS domain 2 to 1596 MHz
[SNIPER_STATS_MANAGER] Setting frequency for core 3 in DVFS domain 3 to 1596 MHz
Here we try remapping!
-----and here we finish handling remapping results in cache controller! the Latency: 0
---invalid_cnt: 0

************recordStats once at 629224
[Warning] power scale is less than 1, please check!
[Overall Power Consumption] Peak: 17.8734, Dynamic: 12.7487
[DTM Trigger] CPU_MAX(THRES): 100.462(103.000), DRAM_MAX(THRES): 89.657(85.000)
	Current DTM method: 1
[SNIPER_STATS_MANAGER] Setting frequency for core 0 in DVFS domain 0 to 2128 MHz
[SNIPER_STATS_MANAGER] Setting frequency for core 1 in DVFS domain 1 to 2128 MHz
[SNIPER_STATS_MANAGER] Setting frequency for core 2 in DVFS domain 2 to 2128 MHz
[SNIPER_STATS_MANAGER] Setting frequency for core 3 in DVFS domain 3 to 2128 MHz
Here we try remapping!
-----and here we finish handling remapping results in cache controller! the Latency: 0
---invalid_cnt: 0

************recordStats once at 630227
[Warning] power scale is less than 1, please check!
[Overall Power Consumption] Peak: 24.1003, Dynamic: 13.1409
[DTM Trigger] CPU_MAX(THRES): 103.717(103.000), DRAM_MAX(THRES): 89.529(85.000)
	Current DTM method: 1
[HOT!] CPU is too hot!
[SNIPER_STATS_MANAGER] Setting frequency for core 0 in DVFS domain 0 to 1596 MHz
[SNIPER_STATS_MANAGER] Setting frequency for core 1 in DVFS domain 1 to 1596 MHz
[SNIPER_STATS_MANAGER] Setting frequency for core 2 in DVFS domain 2 to 1596 MHz
[SNIPER_STATS_MANAGER] Setting frequency for core 3 in DVFS domain 3 to 1596 MHz
Here we try remapping!
-----and here we finish handling remapping results in cache controller! the Latency: 0
---invalid_cnt: 0

************recordStats once at 631226
[Warning] power scale is less than 1, please check!
[Overall Power Consumption] Peak: 15.8721, Dynamic: 9.76164
[DTM Trigger] CPU_MAX(THRES): 95.793(103.000), DRAM_MAX(THRES): 90.507(85.000)
	Current DTM method: 1
[SNIPER_STATS_MANAGER] Setting frequency for core 0 in DVFS domain 0 to 2128 MHz
[SNIPER_STATS_MANAGER] Setting frequency for core 1 in DVFS domain 1 to 2128 MHz
[SNIPER_STATS_MANAGER] Setting frequency for core 2 in DVFS domain 2 to 2128 MHz
[SNIPER_STATS_MANAGER] Setting frequency for core 3 in DVFS domain 3 to 2128 MHz
Here we try remapping!
-----and here we finish handling remapping results in cache controller! the Latency: 0
---invalid_cnt: 0

************recordStats once at 632227
[Warning] power scale is less than 1, please check!
[Overall Power Consumption] Peak: 24.0823, Dynamic: 11.8286
[DTM Trigger] CPU_MAX(THRES): 97.311(103.000), DRAM_MAX(THRES): 91.075(85.000)
	Current DTM method: 1
[SNIPER_STATS_MANAGER] Setting frequency for core 0 in DVFS domain 0 to 2660 MHz
[SNIPER_STATS_MANAGER] Setting frequency for core 1 in DVFS domain 1 to 2660 MHz
[SNIPER_STATS_MANAGER] Setting frequency for core 2 in DVFS domain 2 to 2660 MHz
[SNIPER_STATS_MANAGER] Setting frequency for core 3 in DVFS domain 3 to 2660 MHz
Here we try remapping!
-----and here we finish handling remapping results in cache controller! the Latency: 0
---invalid_cnt: 0
[SNIPER] Disabling performance models
[SNIPER] Leaving ROI after 6762.24 seconds

************recordStats once at 632965

************recordStats once at 632965
[Warning] power scale is less than 1, please check!
[Overall Power Consumption] Peak: 27.8697, Dynamic: 12.6087
[DTM Trigger] CPU_MAX(THRES): 100.819(103.000), DRAM_MAX(THRES): 91.649(85.000)
	Current DTM method: 1
Here we try remapping!
[Warning] power scale is less than 1, please check!
[Overall Power Consumption] Peak: 27.7118, Dynamic: 12.5864
[DTM Trigger] CPU_MAX(THRES): 100.858(103.000), DRAM_MAX(THRES): 87.486(85.000)
	Current DTM method: 1
Here we try remapping!
[SNIPER] Simulated 2294.4M instructions, 1683.7M cycles, 1.36 IPC
[SNIPER] Simulation speed 338.5 KIPS (84.6 KIPS / target core - 11816.0ns/instr)
[SNIPER] Sampling: executed 15.70% of simulated time in detailed mode
[SNIPER] Setting instrumentation mode to FAST_FORWARD
[HOOKS] Leaving ROI

                 PROCESS STATISTICS
            Computation      Transpose     Transpose
 Proc          Time            Time        Fraction
    0        -1848089669     -1593571651       0.86228

                 TIMING INFORMATION
Start time                        :       -912217614
Initialization finish time        :       1483272397
Overall finish time               :       -364817272
Total time with initialization    :        547400342
Total time without initialization :      -1848089669
Overall transpose time            :      -1593571651
Overall transpose fraction        :          0.86228


************recordStats once at 632965
[Warning] power scale is less than 1, please check!
[Overall Power Consumption] Peak: 27.7118, Dynamic: 12.5864
[DTM Trigger] CPU_MAX(THRES): 101.492(103.000), DRAM_MAX(THRES): 87.190(85.000)
	Current DTM method: 1
Here we try remapping!

 ***** [DRAM_CACHE_Result] *****

*** DRAM Total Access: 18956746, page miss: 102004, block misses: 663153, miss: 765157, miss rate: 0.0403633
*** DRAM Total Access In ROI: 12809507, miss: 433195, miss rate: 0.0338182
*** DRAM Remap Times: 0 invalid times, 0 total invalid_blocks, 0 migrate times, 0 total migrate blocks.
*** DRAM Statistics: 1665565435 reads, 491284499 writes, 1022468879 row hits, 113467336 ACT time, 113467336 PRE time, 44606527 RD time, 12127140 WR time.

 ***** [DRAM_CACHE_Result] *****

[RAMULATOR OUTPUT]

**Total Ticks: 715197974

**Ramulator Active Cycles: 4.08231e+08

**DRAM Cycles: 7.15198e+08

**Maximum Bandwidth: 0

Number of Incoming Requests: 3.73523e+07

**Serving Request**
Channel_0: serving reads(23581021), serving writes(7082260).
Channel_1: serving reads(0), serving writes(0).
Channel_2: serving reads(0), serving writes(0).
Channel_3: serving reads(0), serving writes(0).
Channel_4: serving reads(0), serving writes(0).
Channel_5: serving reads(0), serving writes(0).
Channel_6: serving reads(0), serving writes(0).
Channel_7: serving reads(0), serving writes(0).
Channel_8: serving reads(0), serving writes(0).
Channel_9: serving reads(0), serving writes(0).
Channel_10: serving reads(0), serving writes(0).
Channel_11: serving reads(0), serving writes(0).
Channel_12: serving reads(0), serving writes(0).
Channel_13: serving reads(0), serving writes(0).
Channel_14: serving reads(0), serving writes(0).
Channel_15: serving reads(0), serving writes(0).
Channel_16: serving reads(0), serving writes(0).
Channel_17: serving reads(0), serving writes(0).
Channel_18: serving reads(0), serving writes(0).
Channel_19: serving reads(0), serving writes(0).
Channel_20: serving reads(0), serving writes(0).
Channel_21: serving reads(0), serving writes(0).
Channel_22: serving reads(0), serving writes(0).
Channel_23: serving reads(0), serving writes(0).
Channel_24: serving reads(0), serving writes(0).
Channel_25: serving reads(0), serving writes(0).
Channel_26: serving reads(0), serving writes(0).
Channel_27: serving reads(0), serving writes(0).
Channel_28: serving reads(0), serving writes(0).
Channel_29: serving reads(0), serving writes(0).
Channel_30: serving reads(0), serving writes(0).
Channel_31: serving reads(0), serving writes(0).
[RAMULATOR OUTPUT]
----[REMAP OUTPUT]---
*****HotAccess: 3343568
*****CoolAccess: 34008775
*****RemapAccess: 0
---------------------

 ***** [REF/AC_Result] *****
{Summary}: 34559332 Hot Accesses, 10343114 Cool Accesses.

 ***** [REF/AC_Result] *****
                     Power     Energy    Energy %
  core-core         6.64 W     0.68  J     20.65%
  core-ifetch       0.87 W     0.09  J      2.71%
  core-alu          0.77 W     0.08  J      2.39%
  core-int          1.07 W     0.11  J      3.32%
  core-fp           1.57 W     0.16  J      4.87%
  core-mem          0.71 W     0.07  J      2.20%
  icache            0.46 W     0.05  J      1.43%
  dcache            2.56 W     0.26  J      7.95%
  dram             16.83 W     1.73  J     52.33%
  other             0.69 W     0.07  J      2.15%

  core             11.62 W     1.19  J     36.13%
  cache             3.02 W     0.31  J      9.39%
  total            32.17 W     3.30  J    100.00%
Warning: Unable to run gnuplot to create cpi stack graphs.  Maybe gnuplot is not installed?
[SNIPER] End
[SNIPER] Elapsed time: 9179.10 seconds
[SNIPER] Running McPAT
                                     | Core 0     | Core 1     | Core 2     | Core 3    
  Instructions                       |  573617205 |  573607753 |  573607261 |  573608150
  Cycles                             |  273285615 |  273285615 |  273285615 |  273285615
  IPC                                |       2.10 |       2.10 |       2.10 |       2.10
  Time (ns)                          |  102738953 |  102738953 |  102738953 |  102738953
  Idle time (ns)                     |    3939062 |     298796 |     510590 |     539754
  Idle time (%)                      |       3.8% |       0.3% |       0.5% |       0.5%
Branch predictor stats               |            |            |            |           
  num correct                        |   48911964 |   48909931 |   48909901 |   48910033
  num incorrect                      |     407964 |     408817 |     408809 |     408806
  misprediction rate                 |      0.83% |      0.83% |      0.83% |      0.83%
  mpki                               |       0.71 |       0.71 |       0.71 |       0.71
TLB Summary                          |            |            |            |           
  I-TLB                              |            |            |            |           
    num accesses                     |   78658977 |   78660744 |   78663760 |   78666932
    num misses                       |          5 |         29 |         30 |         30
    miss rate                        |      0.00% |      0.00% |      0.00% |      0.00%
    mpki                             |       0.00 |       0.00 |       0.00 |       0.00
  D-TLB                              |            |            |            |           
    num accesses                     |  142376477 |  142372756 |  142372556 |  142372905
    num misses                       |    3175003 |    3175001 |    3175000 |    3175001
    miss rate                        |      2.23% |      2.23% |      2.23% |      2.23%
    mpki                             |       5.54 |       5.54 |       5.54 |       5.54
  L2 TLB                             |            |            |            |           
    num accesses                     |    3175008 |    3175030 |    3175030 |    3175031
    num misses                       |    3101034 |    3101070 |    3101070 |    3101071
    miss rate                        |     97.67% |     97.67% |     97.67% |     97.67%
    mpki                             |       5.41 |       5.41 |       5.41 |       5.41
Cache Summary                        |            |            |            |           
  Cache L1-I                         |            |            |            |           
    num cache accesses               |   78658977 |   78660744 |   78663760 |   78666932
    num cache misses                 |       3127 |       3396 |       3792 |       3880
    miss rate                        |      0.00% |      0.00% |      0.00% |      0.00%
    mpki                             |       0.01 |       0.01 |       0.01 |       0.01
  Cache L1-D                         |            |            |            |           
    num cache accesses               |  142376612 |  142372832 |  142372653 |  142373004
    num cache misses                 |    7472142 |    7454900 |    7454903 |    7454907
    miss rate                        |      5.25% |      5.24% |      5.24% |      5.24%
    mpki                             |      13.03 |      13.00 |      13.00 |      13.00
  Cache L2                           |            |            |            |           
    num cache accesses               |    7998307 |    7981289 |    7981691 |    7981785
    num cache misses                 |    2369871 |    2370080 |    2370479 |    2370189
    miss rate                        |     29.63% |     29.70% |     29.70% |     29.69%
    mpki                             |       4.13 |       4.13 |       4.13 |       4.13
DRAM summary                         |            |            |            |           
  num dram accesses                  |   14710954 |          0 |          0 |          0
  average dram access latency (ns)   |       9.70 |        inf |        inf |        inf
  average dram queueing delay        |       0.00 |       0.00 |       0.00 |       0.00
  average dram bandwidth utilization |      0.00% |      0.00% |      0.00% |      0.00%
Coherency Traffic                    |            |            |            |           
  num loads from dram                |    1575339 |    1575185 |    1575262 |    1575733
  num loads from dram cache          |          0 |          0 |          0 |          0
  num loads from remote cache        |       2809 |       2913 |       2826 |       2370
[SPLASH] [----------    End of output    ----------]
[SPLASH] Done.
copy HotSpot and ramulator files to /scratch/miz087/results/hpca_final/7-22_cache_cpu_t103_splash2_fft_large
