[Benchmarks] set sniper output to rundir:  /scratch/miz087/results/hpca_final/7-22_cache_cpu_remap0_t103_splash2_radix_large
/scratch/miz087/results/hpca_final/7-22_cache_cpu_remap0_t103_splash2_radix_large
[SPLASH] Benchmarks to run: radix

[SPLASH] [========== Running benchmark radix ==========]
[SPLASH] Setting up run directory: /scratch/miz087/results/hpca_final/7-22_cache_cpu_remap0_t103_splash2_radix_large
[SPLASH] Running 'SNIPER_APP_LD_PRELOAD=$LD_PRELOAD; unset LD_PRELOAD; /home_masters/miz087/workplace/micro_exp/run-sniper -n 4 -m 'localhost' -d '/scratch/miz087/results/hpca_final/7-22_cache_cpu_remap0_t103_splash2_radix_large' -sthermalstats --power -c cache_cpu_remap0 -g --perf_model/thermal/cpu_temp_thres=103 -s stop-by-icount:5000000000 --roi --curdir=/home_masters/miz087/workplace/micro_exp/benchmarks  --  /home_masters/miz087/workplace/micro_exp/benchmarks/splash2/splash2/codes/kernels/radix/RADIX -n1048576 -p4':
[SPLASH] [---------- Beginning of output ----------]
[SNIPER] Start
----------BEGIN_INIT_STATS_MANAGER------------
----------END_INIT_STATS_MANAGER------------
[DvfsManager] Core 0 at 2.66 GHz (global clock 2.66 GHz)
[DvfsManager] Core 1 at 2.66 GHz (global clock 2.66 GHz)
[DvfsManager] Core 2 at 2.66 GHz (global clock 2.66 GHz)
[DvfsManager] Core 3 at 2.66 GHz (global clock 2.66 GHz)
Normal Cache Total set: 524288
now initialize a stacked dram unison cache
Executing Python script /scratch/miz087/results/hpca_final/7-22_cache_cpu_remap0_t103_splash2_radix_large/sim.scripts.py
[STOPBYICOUNT] Waiting for application ROI
[STOPBYICOUNT] Then stopping after simulating at least 5000000000 instructions in detail
[SNIPER] --------------------------------------------------------------------------------
[SNIPER] Sniper using Pin frontend
[SNIPER] Running pre-ROI region in  CACHE_ONLY mode
[SNIPER] Running application ROI in DETAILED mode
[SNIPER] Running post-ROI region in FAST_FORWARD mode
[SNIPER] --------------------------------------------------------------------------------

************recordStats once at 0
[Warning] power scale is less than 1, please check!
[Overall Power Consumption] Peak: 0, Dynamic: 0
[Warning] the power of processor is too small, we skip the temperature calculation!

Integer Radix Sort
     1048576 Keys
     4 Processors
     Radix = 1024
     Max key = 524288

[HOOKS] Entering ROI
[SNIPER] Enabling performance models
[STOPBYICOUNT] Application ROI started, now simulating 5000000000 in detail

************recordStats once at 77
[Warning] power scale is less than 1, please check!
[Overall Power Consumption] Peak: 0, Dynamic: 0
[Warning] the power of processor is too small, we skip the temperature calculation!
[SNIPER] Setting instrumentation mode to DETAILED

************recordStats once at 998
[Warning] power scale is less than 1, please check!
[Overall Power Consumption] Peak: 0, Dynamic: 0
[Warning] the power of processor is too small, we skip the temperature calculation!

************recordStats once at 1999
[Warning] power scale is less than 1, please check!
[Overall Power Consumption] Peak: 0, Dynamic: 0
[Warning] the power of processor is too small, we skip the temperature calculation!

************recordStats once at 2999
[Warning] power scale is less than 1, please check!
[Overall Power Consumption] Peak: 16.957, Dynamic: 5.70081
*[Hotspot] begin initialization!
[DTM Trigger] CPU_MAX(THRES): 70.895(103.000), DRAM_MAX(THRES): 62.451(85.000)
	Current DTM method: 1
Here we try remapping!
-----and here we finish handling remapping results in cache controller! the Latency: 0
---invalid_cnt: 0

************recordStats once at 3998
[Warning] power scale is less than 1, please check!
[Overall Power Consumption] Peak: 16.957, Dynamic: 5.7008
[DTM Trigger] CPU_MAX(THRES): 74.408(103.000), DRAM_MAX(THRES): 64.803(85.000)
	Current DTM method: 1
Here we try remapping!
-----and here we finish handling remapping results in cache controller! the Latency: 0
---invalid_cnt: 0

************recordStats once at 4999
[Warning] power scale is less than 1, please check!
[Overall Power Consumption] Peak: 16.9569, Dynamic: 5.70079
[DTM Trigger] CPU_MAX(THRES): 76.674(103.000), DRAM_MAX(THRES): 66.621(85.000)
	Current DTM method: 1
Here we try remapping!
-----and here we finish handling remapping results in cache controller! the Latency: 0
---invalid_cnt: 0

************recordStats once at 5999
[Warning] power scale is less than 1, please check!
[Overall Power Consumption] Peak: 16.957, Dynamic: 5.70083
[DTM Trigger] CPU_MAX(THRES): 78.483(103.000), DRAM_MAX(THRES): 68.109(85.000)
	Current DTM method: 1
Here we try remapping!
-----and here we finish handling remapping results in cache controller! the Latency: 0
---invalid_cnt: 0

************recordStats once at 6998
[Warning] power scale is less than 1, please check!
[Overall Power Consumption] Peak: 16.9569, Dynamic: 5.70078
[DTM Trigger] CPU_MAX(THRES): 80.054(103.000), DRAM_MAX(THRES): 69.396(85.000)
	Current DTM method: 1
Here we try remapping!
-----and here we finish handling remapping results in cache controller! the Latency: 0
---invalid_cnt: 0

************recordStats once at 7999
[Warning] power scale is less than 1, please check!
[Overall Power Consumption] Peak: 16.9572, Dynamic: 5.70085
[DTM Trigger] CPU_MAX(THRES): 81.457(103.000), DRAM_MAX(THRES): 70.542(85.000)
	Current DTM method: 1
Here we try remapping!
-----and here we finish handling remapping results in cache controller! the Latency: 0
---invalid_cnt: 0

************recordStats once at 8999
[Warning] power scale is less than 1, please check!
[Overall Power Consumption] Peak: 16.9577, Dynamic: 5.70092
[DTM Trigger] CPU_MAX(THRES): 82.721(103.000), DRAM_MAX(THRES): 71.573(85.000)
	Current DTM method: 1
Here we try remapping!
-----and here we finish handling remapping results in cache controller! the Latency: 0
---invalid_cnt: 0

************recordStats once at 9999
[Warning] power scale is less than 1, please check!
[Overall Power Consumption] Peak: 16.9605, Dynamic: 5.70104
[DTM Trigger] CPU_MAX(THRES): 83.868(103.000), DRAM_MAX(THRES): 72.506(85.000)
	Current DTM method: 1
Here we try remapping!
-----and here we finish handling remapping results in cache controller! the Latency: 0
---invalid_cnt: 0

************recordStats once at 10999
[Warning] power scale is less than 1, please check!
[Overall Power Consumption] Peak: 16.9675, Dynamic: 5.70207
[DTM Trigger] CPU_MAX(THRES): 84.913(103.000), DRAM_MAX(THRES): 73.355(85.000)
	Current DTM method: 1
Here we try remapping!
-----and here we finish handling remapping results in cache controller! the Latency: 0
---invalid_cnt: 0

************recordStats once at 11999
[Warning] power scale is less than 1, please check!
[Overall Power Consumption] Peak: 16.9697, Dynamic: 5.70228
[DTM Trigger] CPU_MAX(THRES): 85.864(103.000), DRAM_MAX(THRES): 74.129(85.000)
	Current DTM method: 1
Here we try remapping!
-----and here we finish handling remapping results in cache controller! the Latency: 0
---invalid_cnt: 0

************recordStats once at 12999
[Warning] power scale is less than 1, please check!
[Overall Power Consumption] Peak: 16.9697, Dynamic: 5.70228
[DTM Trigger] CPU_MAX(THRES): 86.732(103.000), DRAM_MAX(THRES): 74.836(85.000)
	Current DTM method: 1
Here we try remapping!
-----and here we finish handling remapping results in cache controller! the Latency: 0
---invalid_cnt: 0

************recordStats once at 13999
[Warning] power scale is less than 1, please check!
[Overall Power Consumption] Peak: 16.9697, Dynamic: 5.70228
[DTM Trigger] CPU_MAX(THRES): 87.526(103.000), DRAM_MAX(THRES): 75.483(85.000)
	Current DTM method: 1
Here we try remapping!
-----and here we finish handling remapping results in cache controller! the Latency: 0
---invalid_cnt: 0

************recordStats once at 15000
[Warning] power scale is less than 1, please check!
[Overall Power Consumption] Peak: 16.9697, Dynamic: 5.70229
[DTM Trigger] CPU_MAX(THRES): 88.252(103.000), DRAM_MAX(THRES): 76.075(85.000)
	Current DTM method: 1
Here we try remapping!
-----and here we finish handling remapping results in cache controller! the Latency: 0
---invalid_cnt: 0

************recordStats once at 15999
[Warning] power scale is less than 1, please check!
[Overall Power Consumption] Peak: 16.9697, Dynamic: 5.70229
[DTM Trigger] CPU_MAX(THRES): 88.916(103.000), DRAM_MAX(THRES): 76.618(85.000)
	Current DTM method: 1
Here we try remapping!
-----and here we finish handling remapping results in cache controller! the Latency: 0
---invalid_cnt: 0

************recordStats once at 17000
[Warning] power scale is less than 1, please check!
[Overall Power Consumption] Peak: 16.9697, Dynamic: 5.70227
[DTM Trigger] CPU_MAX(THRES): 89.526(103.000), DRAM_MAX(THRES): 77.116(85.000)
	Current DTM method: 1
Here we try remapping!
-----and here we finish handling remapping results in cache controller! the Latency: 0
---invalid_cnt: 0

************recordStats once at 17999
[Warning] power scale is less than 1, please check!
[Overall Power Consumption] Peak: 16.9697, Dynamic: 5.70227
[DTM Trigger] CPU_MAX(THRES): 90.085(103.000), DRAM_MAX(THRES): 77.573(85.000)
	Current DTM method: 1
Here we try remapping!
-----and here we finish handling remapping results in cache controller! the Latency: 0
---invalid_cnt: 0

************recordStats once at 18999
[Warning] power scale is less than 1, please check!
[Overall Power Consumption] Peak: 16.9695, Dynamic: 5.70198
[DTM Trigger] CPU_MAX(THRES): 90.597(103.000), DRAM_MAX(THRES): 77.992(85.000)
	Current DTM method: 1
Here we try remapping!
-----and here we finish handling remapping results in cache controller! the Latency: 0
---invalid_cnt: 0

************recordStats once at 19998
[Warning] power scale is less than 1, please check!
[Overall Power Consumption] Peak: 16.9697, Dynamic: 5.70229
[DTM Trigger] CPU_MAX(THRES): 91.068(103.000), DRAM_MAX(THRES): 78.378(85.000)
	Current DTM method: 1
Here we try remapping!
-----and here we finish handling remapping results in cache controller! the Latency: 0
---invalid_cnt: 0

************recordStats once at 20999
[Warning] power scale is less than 1, please check!
[Overall Power Consumption] Peak: 16.9697, Dynamic: 5.70228
[DTM Trigger] CPU_MAX(THRES): 91.501(103.000), DRAM_MAX(THRES): 78.733(85.000)
	Current DTM method: 1
Here we try remapping!
-----and here we finish handling remapping results in cache controller! the Latency: 0
---invalid_cnt: 0

************recordStats once at 21999
[Warning] power scale is less than 1, please check!
[Overall Power Consumption] Peak: 16.9697, Dynamic: 5.70228
[DTM Trigger] CPU_MAX(THRES): 91.899(103.000), DRAM_MAX(THRES): 79.060(85.000)
	Current DTM method: 1
Here we try remapping!
-----and here we finish handling remapping results in cache controller! the Latency: 0
---invalid_cnt: 0

************recordStats once at 22998
[Warning] power scale is less than 1, please check!
[Overall Power Consumption] Peak: 16.9697, Dynamic: 5.7023
[DTM Trigger] CPU_MAX(THRES): 92.264(103.000), DRAM_MAX(THRES): 79.360(85.000)
	Current DTM method: 1
Here we try remapping!
-----and here we finish handling remapping results in cache controller! the Latency: 0
---invalid_cnt: 0

************recordStats once at 23999
[Warning] power scale is less than 1, please check!
[Overall Power Consumption] Peak: 16.9696, Dynamic: 5.70226
[DTM Trigger] CPU_MAX(THRES): 92.601(103.000), DRAM_MAX(THRES): 79.637(85.000)
	Current DTM method: 1
Here we try remapping!
-----and here we finish handling remapping results in cache controller! the Latency: 0
---invalid_cnt: 0

************recordStats once at 24999
[Warning] power scale is less than 1, please check!
[Overall Power Consumption] Peak: 16.9698, Dynamic: 5.70231
[DTM Trigger] CPU_MAX(THRES): 92.910(103.000), DRAM_MAX(THRES): 79.893(85.000)
	Current DTM method: 1
Here we try remapping!
-----and here we finish handling remapping results in cache controller! the Latency: 0
---invalid_cnt: 0

************recordStats once at 25998
[Warning] power scale is less than 1, please check!
[Overall Power Consumption] Peak: 16.9697, Dynamic: 5.70227
[DTM Trigger] CPU_MAX(THRES): 93.196(103.000), DRAM_MAX(THRES): 80.128(85.000)
	Current DTM method: 1
Here we try remapping!
-----and here we finish handling remapping results in cache controller! the Latency: 0
---invalid_cnt: 0

************recordStats once at 26999
[Warning] power scale is less than 1, please check!
[Overall Power Consumption] Peak: 16.9697, Dynamic: 5.70227
[DTM Trigger] CPU_MAX(THRES): 93.459(103.000), DRAM_MAX(THRES): 80.346(85.000)
	Current DTM method: 1
Here we try remapping!
-----and here we finish handling remapping results in cache controller! the Latency: 0
---invalid_cnt: 0

************recordStats once at 27999
[Warning] power scale is less than 1, please check!
[Overall Power Consumption] Peak: 16.9695, Dynamic: 5.702
[DTM Trigger] CPU_MAX(THRES): 93.702(103.000), DRAM_MAX(THRES): 80.547(85.000)
	Current DTM method: 1
Here we try remapping!
-----and here we finish handling remapping results in cache controller! the Latency: 0
---invalid_cnt: 0

************recordStats once at 28999
[Warning] power scale is less than 1, please check!
[Overall Power Consumption] Peak: 16.9697, Dynamic: 5.70227
[DTM Trigger] CPU_MAX(THRES): 93.926(103.000), DRAM_MAX(THRES): 80.733(85.000)
	Current DTM method: 1
Here we try remapping!
-----and here we finish handling remapping results in cache controller! the Latency: 0
---invalid_cnt: 0

************recordStats once at 30000
[Warning] power scale is less than 1, please check!
[Overall Power Consumption] Peak: 16.9697, Dynamic: 5.70228
[DTM Trigger] CPU_MAX(THRES): 94.133(103.000), DRAM_MAX(THRES): 80.905(85.000)
	Current DTM method: 1
Here we try remapping!
-----and here we finish handling remapping results in cache controller! the Latency: 0
---invalid_cnt: 0

************recordStats once at 31000
[Warning] power scale is less than 1, please check!
[Overall Power Consumption] Peak: 16.9697, Dynamic: 5.70229
[DTM Trigger] CPU_MAX(THRES): 94.325(103.000), DRAM_MAX(THRES): 81.065(85.000)
	Current DTM method: 1
Here we try remapping!
-----and here we finish handling remapping results in cache controller! the Latency: 0
---invalid_cnt: 0

************recordStats once at 31999
[Warning] power scale is less than 1, please check!
[Overall Power Consumption] Peak: 16.9697, Dynamic: 5.70229
[DTM Trigger] CPU_MAX(THRES): 94.502(103.000), DRAM_MAX(THRES): 81.212(85.000)
	Current DTM method: 1
Here we try remapping!
-----and here we finish handling remapping results in cache controller! the Latency: 0
---invalid_cnt: 0

************recordStats once at 33000
[Warning] power scale is less than 1, please check!
[Overall Power Consumption] Peak: 16.9697, Dynamic: 5.70228
[DTM Trigger] CPU_MAX(THRES): 94.666(103.000), DRAM_MAX(THRES): 81.349(85.000)
	Current DTM method: 1
Here we try remapping!
-----and here we finish handling remapping results in cache controller! the Latency: 0
---invalid_cnt: 0

************recordStats once at 34000
[Warning] power scale is less than 1, please check!
[Overall Power Consumption] Peak: 16.9697, Dynamic: 5.70228
[DTM Trigger] CPU_MAX(THRES): 94.818(103.000), DRAM_MAX(THRES): 81.477(85.000)
	Current DTM method: 1
Here we try remapping!
-----and here we finish handling remapping results in cache controller! the Latency: 0
---invalid_cnt: 0

************recordStats once at 34999
[Warning] power scale is less than 1, please check!
[Overall Power Consumption] Peak: 16.9697, Dynamic: 5.70228
[DTM Trigger] CPU_MAX(THRES): 94.960(103.000), DRAM_MAX(THRES): 81.595(85.000)
	Current DTM method: 1
Here we try remapping!
-----and here we finish handling remapping results in cache controller! the Latency: 0
---invalid_cnt: 0

************recordStats once at 36000
[Warning] power scale is less than 1, please check!
[Overall Power Consumption] Peak: 16.9697, Dynamic: 5.7023
[DTM Trigger] CPU_MAX(THRES): 95.091(103.000), DRAM_MAX(THRES): 81.705(85.000)
	Current DTM method: 1
Here we try remapping!
-----and here we finish handling remapping results in cache controller! the Latency: 0
---invalid_cnt: 0

************recordStats once at 37000
[Warning] power scale is less than 1, please check!
[Overall Power Consumption] Peak: 16.9694, Dynamic: 5.70194
[DTM Trigger] CPU_MAX(THRES): 95.212(103.000), DRAM_MAX(THRES): 83.255(85.000)
	Current DTM method: 1
Here we try remapping!
-----and here we finish handling remapping results in cache controller! the Latency: 0
---invalid_cnt: 0

************recordStats once at 38000
[Warning] power scale is less than 1, please check!
[Overall Power Consumption] Peak: 23.1517, Dynamic: 8.78425
[DTM Trigger] CPU_MAX(THRES): 94.373(103.000), DRAM_MAX(THRES): 84.076(85.000)
	Current DTM method: 1
Here we try remapping!
-----and here we finish handling remapping results in cache controller! the Latency: 0
---invalid_cnt: 0

************recordStats once at 39000
[Warning] power scale is less than 1, please check!
[Overall Power Consumption] Peak: 28.6335, Dynamic: 12.4993
[DTM Trigger] CPU_MAX(THRES): 95.912(103.000), DRAM_MAX(THRES): 85.060(85.000)
	Current DTM method: 1
Here we try remapping!
-----and here we finish handling remapping results in cache controller! the Latency: 9
---invalid_cnt: 2048
[SNIPER] Disabling performance models
[SNIPER] Leaving ROI after 1100.33 seconds

************recordStats once at 39840

************recordStats once at 39840
[Warning] power scale is less than 1, please check!
[Overall Power Consumption] Peak: 27.7813, Dynamic: 11.7124
[DTM Trigger] CPU_MAX(THRES): 97.921(103.000), DRAM_MAX(THRES): 85.821(85.000)
	Current DTM method: 1
Here we try remapping!
[Warning] power scale is less than 1, please check!
[Overall Power Consumption] Peak: 28.6254, Dynamic: 12.2056
[DTM Trigger] CPU_MAX(THRES): 98.831(103.000), DRAM_MAX(THRES): 83.557(85.000)
	Current DTM method: 1
Here we try remapping!
[SNIPER] Simulated 171.3M instructions, 106.0M cycles, 1.62 IPC
[SNIPER] Simulation speed 150.1 KIPS (37.5 KIPS / target core - 26657.2ns/instr)
[SNIPER] Sampling: executed 99.80% of simulated time in detailed mode
[SNIPER] Setting instrumentation mode to FAST_FORWARD
[HOOKS] Leaving ROI

                 PROCESS STATISTICS
               Total            Rank            Sort
 Proc          Time             Time            Time
    0      371839228        90395701       208848553

                 TIMING INFORMATION
Start time                        :      -1018282535
Initialization finish time        :       -290752805
Overall finish time               :         81086423
Total time with initialization    :       1099368958
Total time without initialization :        371839228


************recordStats once at 39840
[Warning] power scale is less than 1, please check!
[Overall Power Consumption] Peak: 28.6254, Dynamic: 12.2056
[DTM Trigger] CPU_MAX(THRES): 99.484(103.000), DRAM_MAX(THRES): 84.071(85.000)
	Current DTM method: 1
Here we try remapping!

 ***** [DRAM_CACHE_Result] *****

*** DRAM Total Access: 703200, page miss: 5405, block misses: 35027, miss: 40432, miss rate: 0.0574972
*** DRAM Total Access In ROI: 692988, miss: 38377, miss rate: 0.055379
*** DRAM Remap Times: 2048 invalid times, 527 total invalid_blocks, 0 migrate times, 0 total migrate blocks.
*** DRAM Statistics: 8451878 reads, 1607344 writes, 4907468 row hits, 547472 ACT time, 547472 PRE time, 235370 RD time, 38365 WR time.

 ***** [DRAM_CACHE_Result] *****

[RAMULATOR OUTPUT]

**Total Ticks: 36014510

**Ramulator Active Cycles: 1.73165e+07

**DRAM Cycles: 3.60145e+07

**Maximum Bandwidth: 0

Number of Incoming Requests: 1.37665e+06

**Serving Request**
Channel_0: serving reads(1105871), serving writes(201107).
Channel_1: serving reads(0), serving writes(0).
Channel_2: serving reads(0), serving writes(0).
Channel_3: serving reads(0), serving writes(0).
Channel_4: serving reads(0), serving writes(0).
Channel_5: serving reads(0), serving writes(0).
Channel_6: serving reads(0), serving writes(0).
Channel_7: serving reads(0), serving writes(0).
Channel_8: serving reads(0), serving writes(0).
Channel_9: serving reads(0), serving writes(0).
Channel_10: serving reads(0), serving writes(0).
Channel_11: serving reads(0), serving writes(0).
Channel_12: serving reads(0), serving writes(0).
Channel_13: serving reads(0), serving writes(0).
Channel_14: serving reads(0), serving writes(0).
Channel_15: serving reads(0), serving writes(0).
Channel_16: serving reads(0), serving writes(0).
Channel_17: serving reads(0), serving writes(0).
Channel_18: serving reads(0), serving writes(0).
Channel_19: serving reads(0), serving writes(0).
Channel_20: serving reads(0), serving writes(0).
Channel_21: serving reads(0), serving writes(0).
Channel_22: serving reads(0), serving writes(0).
Channel_23: serving reads(0), serving writes(0).
Channel_24: serving reads(0), serving writes(0).
Channel_25: serving reads(0), serving writes(0).
Channel_26: serving reads(0), serving writes(0).
Channel_27: serving reads(0), serving writes(0).
Channel_28: serving reads(0), serving writes(0).
Channel_29: serving reads(0), serving writes(0).
Channel_30: serving reads(0), serving writes(0).
Channel_31: serving reads(0), serving writes(0).
[RAMULATOR OUTPUT]
----[REMAP OUTPUT]---
*****HotAccess: 0
*****CoolAccess: 1374537
*****RemapAccess: 2116
---------------------

 ***** [REF/AC_Result] *****
{Summary}: 656308 Hot Accesses, 1973139 Cool Accesses.

 ***** [REF/AC_Result] *****
                     Power     Energy    Energy %
  core-core         1.49 W     0.06  J     13.84%
  core-ifetch       0.22 W     8.95 mJ      2.09%
  core-alu          0.70 W     0.03  J      6.48%
  core-int          0.45 W     0.02  J      4.19%
  core-fp           1.16 W     0.05  J     10.72%
  core-other        0.25 W     0.01  J      2.36%
  dcache            0.34 W     0.01  J      3.16%
  l2                0.18 W     7.26 mJ      1.69%
  dram              5.78 W     0.23  J     53.63%
  other             0.20 W     7.89 mJ      1.84%

  core              4.27 W     0.17  J     39.67%
  cache             0.52 W     0.02  J      4.86%
  total            10.77 W     0.43  J    100.00%
Warning: Unable to run gnuplot to create cpi stack graphs.  Maybe gnuplot is not installed?
[SNIPER] End
[SNIPER] Elapsed time: 1162.39 seconds
[SNIPER] Running McPAT
                                     | Core 0     | Core 1     | Core 2     | Core 3    
  Instructions                       |   42803258 |   42815903 |   42806699 |   42826501
  Cycles                             |  105973246 |  105973246 |  105973246 |  105973246
  IPC                                |       0.40 |       0.40 |       0.40 |       0.40
  Time (ns)                          |   39839566 |   39839566 |   39839566 |   39839566
  Idle time (ns)                     |    1369599 |     125136 |     131188 |     125993
  Idle time (%)                      |       3.4% |       0.3% |       0.3% |       0.3%
Branch predictor stats               |            |            |            |           
  num correct                        |    1322157 |    1323854 |    1322968 |    1325541
  num incorrect                      |        372 |        251 |        233 |        256
  misprediction rate                 |      0.03% |      0.02% |      0.02% |      0.02%
  mpki                               |       0.01 |       0.01 |       0.01 |       0.01
TLB Summary                          |            |            |            |           
  I-TLB                              |            |            |            |           
    num accesses                     |    2637319 |    2637177 |    2635813 |    2636896
    num misses                       |          6 |         29 |         29 |         29
    miss rate                        |      0.00% |      0.00% |      0.00% |      0.00%
    mpki                             |       0.00 |       0.00 |       0.00 |       0.00
  D-TLB                              |            |            |            |           
    num accesses                     |    4750002 |    4757741 |    4753464 |    4763797
    num misses                       |     450439 |     450500 |     450650 |     451117
    miss rate                        |      9.48% |      9.47% |      9.48% |      9.47%
    mpki                             |      10.52 |      10.52 |      10.53 |      10.53
  L2 TLB                             |            |            |            |           
    num accesses                     |     450445 |     450529 |     450679 |     451146
    num misses                       |     194644 |     196795 |     198774 |     196682
    miss rate                        |     43.21% |     43.68% |     44.11% |     43.60%
    mpki                             |       4.55 |       4.60 |       4.64 |       4.59
Cache Summary                        |            |            |            |           
  Cache L1-I                         |            |            |            |           
    num cache accesses               |    2637319 |    2637177 |    2635813 |    2636896
    num cache misses                 |        619 |        537 |        526 |        587
    miss rate                        |      0.02% |      0.02% |      0.02% |      0.02%
    mpki                             |       0.01 |       0.01 |       0.01 |       0.01
  Cache L1-D                         |            |            |            |           
    num cache accesses               |    4750219 |    4757898 |    4753613 |    4763956
    num cache misses                 |     304523 |     305998 |     307575 |     306555
    miss rate                        |      6.41% |      6.43% |      6.47% |      6.43%
    mpki                             |       7.11 |       7.15 |       7.19 |       7.16
  Cache L2                           |            |            |            |           
    num cache accesses               |     306963 |     309358 |     311236 |     309244
    num cache misses                 |     123139 |     123899 |     123867 |     123971
    miss rate                        |     40.12% |     40.05% |     39.80% |     40.09%
    mpki                             |       2.88 |       2.89 |       2.89 |       2.89
DRAM summary                         |            |            |            |           
  num dram accesses                  |     699250 |          0 |          0 |          0
  average dram access latency (ns)   |      13.66 |        inf |        inf |        inf
  average dram queueing delay        |       0.00 |       0.00 |       0.00 |       0.00
  average dram bandwidth utilization |      0.00% |      0.00% |      0.00% |      0.00%
Coherency Traffic                    |            |            |            |           
  num loads from dram                |      66835 |      66868 |      66933 |      67088
  num loads from dram cache          |          0 |          0 |          0 |          0
  num loads from remote cache        |       1098 |       2377 |       2433 |       1661
[SPLASH] [----------    End of output    ----------]
[SPLASH] Done.
copy HotSpot and ramulator files to /scratch/miz087/results/hpca_final/7-22_cache_cpu_remap0_t103_splash2_radix_large
