[Benchmarks] set sniper output to rundir:  /scratch/miz087/results/hpca_final/7-22_cache_cpu_t105_splash2_water.sp_large
/scratch/miz087/results/hpca_final/7-22_cache_cpu_t105_splash2_water.sp_large
[SPLASH] Benchmarks to run: water.sp

[SPLASH] [========== Running benchmark water.sp ==========]
[SPLASH] Setting up run directory: /scratch/miz087/results/hpca_final/7-22_cache_cpu_t105_splash2_water.sp_large
[SPLASH] Running 'SNIPER_APP_LD_PRELOAD=$LD_PRELOAD; unset LD_PRELOAD; /home_masters/miz087/workplace/micro_exp/run-sniper -n 4 -m 'localhost' -d '/scratch/miz087/results/hpca_final/7-22_cache_cpu_t105_splash2_water.sp_large' -sthermalstats --power -c cache_cpu -g --perf_model/thermal/cpu_temp_thres=105 -s stop-by-icount:5000000000 --roi --curdir=/home_masters/miz087/workplace/micro_exp/benchmarks  --  /home_masters/miz087/workplace/micro_exp/benchmarks/splash2/splash2/codes/apps/water-spatial/WATER-SPATIAL < input':
[SPLASH] [---------- Beginning of output ----------]
[SNIPER] Start
----------BEGIN_INIT_STATS_MANAGER------------
----------END_INIT_STATS_MANAGER------------
[DvfsManager] Core 0 at 2.66 GHz (global clock 2.66 GHz)
[DvfsManager] Core 1 at 2.66 GHz (global clock 2.66 GHz)
[DvfsManager] Core 2 at 2.66 GHz (global clock 2.66 GHz)
[DvfsManager] Core 3 at 2.66 GHz (global clock 2.66 GHz)
Normal Cache Total set: 524288
now initialize a stacked dram unison cache
Executing Python script /scratch/miz087/results/hpca_final/7-22_cache_cpu_t105_splash2_water.sp_large/sim.scripts.py
[STOPBYICOUNT] Waiting for application ROI
[STOPBYICOUNT] Then stopping after simulating at least 5000000000 instructions in detail
[SNIPER] --------------------------------------------------------------------------------
[SNIPER] Sniper using Pin frontend
[SNIPER] Running pre-ROI region in  CACHE_ONLY mode
[SNIPER] Running application ROI in DETAILED mode
[SNIPER] Running post-ROI region in FAST_FORWARD mode
[SNIPER] --------------------------------------------------------------------------------

************recordStats once at 0
[Warning] power scale is less than 1, please check!
[Overall Power Consumption] Peak: 0, Dynamic: 0
[Warning] the power of processor is too small, we skip the temperature calculation!
Using 4 procs on 3 steps of 2197 mols
Other parameters:
	TSTEP = 1.50e-16
	NORDER = 6
	NSAVE = -1
	NRST = 3000
	NPRINT = 3
	NFMC = 0
	CUTOFF = 6.212752

216 boxes with 4 processors


TEMPERATURE                =   298.00 K
DENSITY                    =  0.99800 G/C.C.
NUMBER OF MOLECULES        =     2197
NUMBER OF PROCESSORS       =        4
TIME STEP                  = 1.50e-01 SEC
ORDER USED TO SOLVE F=MA   =        6 
NO. OF TIME STEPS          =        3 
FREQUENCY OF DATA SAVING   =       -1 
FREQUENCY TO WRITE RST FILE=     3000 
xprocs = 1	yprocs = 2	zprocs = 2
x_inc = 6	 y_inc = 3	 z_inc = 3
x_left = 0	 y_left = 0	 z_left = 0
SPHERICAL CUTOFF RADIUS    =   6.2128 ANGSTROM

NS = 12.9999999999999876
BOXL =  40.382890
CUTOFF =   6.212752
BOX_LENGTH =   6.730482
BOX_PER_SIDE = 6
XS =   3.106376
ZERO = 1.55319
WCOS = 0.585882
WSIN = 0.756950
***** NEW RUN STARTING FROM REGULAR LATTICE *****
[HOOKS] Entering ROI
[SNIPER] Enabling performance models

************recordStats once at 6392
[Warning] power scale is less than 1, please check!
[Overall Power Consumption] Peak: 0, Dynamic: 0
[Warning] the power of processor is too small, we skip the temperature calculation!
[STOPBYICOUNT] Application ROI started, now simulating 5000000000 in detail

************recordStats once at 6392
[Warning] power scale is less than 1, please check!
[Overall Power Consumption] Peak: 0, Dynamic: 0
[Warning] the power of processor is too small, we skip the temperature calculation!
[SNIPER] Setting instrumentation mode to DETAILED

************recordStats once at 7300
[Warning] power scale is less than 1, please check!
[Overall Power Consumption] Peak: 0, Dynamic: 0
[Warning] the power of processor is too small, we skip the temperature calculation!

************recordStats once at 8299
[Warning] power scale is less than 1, please check!
[Overall Power Consumption] Peak: 28.5383, Dynamic: 12.6974
*[Hotspot] begin initialization!
[DTM Trigger] CPU_MAX(THRES): 72.018(105.000), DRAM_MAX(THRES): 63.061(85.000)
	Current DTM method: 1
Here we try remapping!
-----and here we finish handling remapping results in cache controller! the Latency: 0
---invalid_cnt: 0

************recordStats once at 9300
[Warning] power scale is less than 1, please check!
[Overall Power Consumption] Peak: 31.0623, Dynamic: 15.7676
[DTM Trigger] CPU_MAX(THRES): 78.566(105.000), DRAM_MAX(THRES): 65.705(85.000)
	Current DTM method: 1
Here we try remapping!
-----and here we finish handling remapping results in cache controller! the Latency: 0
---invalid_cnt: 0

************recordStats once at 10299
[Warning] power scale is less than 1, please check!
[Overall Power Consumption] Peak: 31.0007, Dynamic: 15.6777
[DTM Trigger] CPU_MAX(THRES): 82.108(105.000), DRAM_MAX(THRES): 68.352(85.000)
	Current DTM method: 1
Here we try remapping!
-----and here we finish handling remapping results in cache controller! the Latency: 0
---invalid_cnt: 0

************recordStats once at 11299
[Warning] power scale is less than 1, please check!
[Overall Power Consumption] Peak: 30.7428, Dynamic: 15.4176
[DTM Trigger] CPU_MAX(THRES): 84.201(105.000), DRAM_MAX(THRES): 70.393(85.000)
	Current DTM method: 1
Here we try remapping!
-----and here we finish handling remapping results in cache controller! the Latency: 0
---invalid_cnt: 0

************recordStats once at 12299
[Warning] power scale is less than 1, please check!
[Overall Power Consumption] Peak: 32.7347, Dynamic: 17.5055
[DTM Trigger] CPU_MAX(THRES): 87.364(105.000), DRAM_MAX(THRES): 72.246(85.000)
	Current DTM method: 1
Here we try remapping!
-----and here we finish handling remapping results in cache controller! the Latency: 0
---invalid_cnt: 0

************recordStats once at 13299
[Warning] power scale is less than 1, please check!
[Overall Power Consumption] Peak: 33.3395, Dynamic: 18.1234
[DTM Trigger] CPU_MAX(THRES): 91.284(105.000), DRAM_MAX(THRES): 74.144(85.000)
	Current DTM method: 1
Here we try remapping!
-----and here we finish handling remapping results in cache controller! the Latency: 0
---invalid_cnt: 0

************recordStats once at 14300
[Warning] power scale is less than 1, please check!
[Overall Power Consumption] Peak: 33.0353, Dynamic: 17.8137
[DTM Trigger] CPU_MAX(THRES): 93.373(105.000), DRAM_MAX(THRES): 75.879(85.000)
	Current DTM method: 1
Here we try remapping!
-----and here we finish handling remapping results in cache controller! the Latency: 0
---invalid_cnt: 0

************recordStats once at 15299
[Warning] power scale is less than 1, please check!
[Overall Power Consumption] Peak: 33.2741, Dynamic: 18.0752
[DTM Trigger] CPU_MAX(THRES): 94.827(105.000), DRAM_MAX(THRES): 77.320(85.000)
	Current DTM method: 1
Here we try remapping!
-----and here we finish handling remapping results in cache controller! the Latency: 0
---invalid_cnt: 0

************recordStats once at 16300
[Warning] power scale is less than 1, please check!
[Overall Power Consumption] Peak: 33.2923, Dynamic: 18.0788
[DTM Trigger] CPU_MAX(THRES): 97.307(105.000), DRAM_MAX(THRES): 78.660(85.000)
	Current DTM method: 1
Here we try remapping!
-----and here we finish handling remapping results in cache controller! the Latency: 0
---invalid_cnt: 0

************recordStats once at 17299
[Warning] power scale is less than 1, please check!
[Overall Power Consumption] Peak: 33.0989, Dynamic: 17.8832
[DTM Trigger] CPU_MAX(THRES): 98.686(105.000), DRAM_MAX(THRES): 79.907(85.000)
	Current DTM method: 1
Here we try remapping!
-----and here we finish handling remapping results in cache controller! the Latency: 0
---invalid_cnt: 0

************recordStats once at 18300
[Warning] power scale is less than 1, please check!
[Overall Power Consumption] Peak: 33.1969, Dynamic: 18.0233
[DTM Trigger] CPU_MAX(THRES): 99.471(105.000), DRAM_MAX(THRES): 80.938(85.000)
	Current DTM method: 1
Here we try remapping!
-----and here we finish handling remapping results in cache controller! the Latency: 0
---invalid_cnt: 0

************recordStats once at 19300
[Warning] power scale is less than 1, please check!
[Overall Power Consumption] Peak: 33.8451, Dynamic: 18.7218
[DTM Trigger] CPU_MAX(THRES): 101.182(105.000), DRAM_MAX(THRES): 81.896(85.000)
	Current DTM method: 1
Here we try remapping!
-----and here we finish handling remapping results in cache controller! the Latency: 0
---invalid_cnt: 0

************recordStats once at 20300
[Warning] power scale is less than 1, please check!
[Overall Power Consumption] Peak: 33.6085, Dynamic: 18.4644
[DTM Trigger] CPU_MAX(THRES): 102.263(105.000), DRAM_MAX(THRES): 82.820(85.000)
	Current DTM method: 1
Here we try remapping!
-----and here we finish handling remapping results in cache controller! the Latency: 0
---invalid_cnt: 0

************recordStats once at 21300
[Warning] power scale is less than 1, please check!
[Overall Power Consumption] Peak: 33.9951, Dynamic: 18.8641
[DTM Trigger] CPU_MAX(THRES): 103.461(105.000), DRAM_MAX(THRES): 83.672(85.000)
	Current DTM method: 1
Here we try remapping!
-----and here we finish handling remapping results in cache controller! the Latency: 0
---invalid_cnt: 0

************recordStats once at 22300
[Warning] power scale is less than 1, please check!
[Overall Power Consumption] Peak: 32.6878, Dynamic: 17.4876
[DTM Trigger] CPU_MAX(THRES): 104.437(105.000), DRAM_MAX(THRES): 84.456(85.000)
	Current DTM method: 1
Here we try remapping!
-----and here we finish handling remapping results in cache controller! the Latency: 0
---invalid_cnt: 0

************recordStats once at 23300
[Warning] power scale is less than 1, please check!
[Overall Power Consumption] Peak: 33.2298, Dynamic: 18.047
[DTM Trigger] CPU_MAX(THRES): 104.666(105.000), DRAM_MAX(THRES): 85.087(85.000)
	Current DTM method: 1
Here we try remapping!
-----and here we finish handling remapping results in cache controller! the Latency: 0
---invalid_cnt: 0

************recordStats once at 24300
[Warning] power scale is less than 1, please check!
[Overall Power Consumption] Peak: 33.0913, Dynamic: 17.868
[DTM Trigger] CPU_MAX(THRES): 105.978(105.000), DRAM_MAX(THRES): 85.707(85.000)
	Current DTM method: 1
[HOT!] CPU is too hot!
[SNIPER_STATS_MANAGER] Setting frequency for core 0 in DVFS domain 0 to 2128 MHz
[SNIPER_STATS_MANAGER] Setting frequency for core 1 in DVFS domain 1 to 2128 MHz
[SNIPER_STATS_MANAGER] Setting frequency for core 2 in DVFS domain 2 to 2128 MHz
[SNIPER_STATS_MANAGER] Setting frequency for core 3 in DVFS domain 3 to 2128 MHz
Here we try remapping!
-----and here we finish handling remapping results in cache controller! the Latency: 0
---invalid_cnt: 0

************recordStats once at 25300
[Warning] power scale is less than 1, please check!
[Overall Power Consumption] Peak: 24.2829, Dynamic: 13.9713
[DTM Trigger] CPU_MAX(THRES): 105.788(105.000), DRAM_MAX(THRES): 86.299(85.000)
	Current DTM method: 1
[HOT!] CPU is too hot!
[SNIPER_STATS_MANAGER] Setting frequency for core 0 in DVFS domain 0 to 1596 MHz
[SNIPER_STATS_MANAGER] Setting frequency for core 1 in DVFS domain 1 to 1596 MHz
[SNIPER_STATS_MANAGER] Setting frequency for core 2 in DVFS domain 2 to 1596 MHz
[SNIPER_STATS_MANAGER] Setting frequency for core 3 in DVFS domain 3 to 1596 MHz
Here we try remapping!
-----and here we finish handling remapping results in cache controller! the Latency: 0
---invalid_cnt: 0

************recordStats once at 26299
[Warning] power scale is less than 1, please check!
[Overall Power Consumption] Peak: 14.0681, Dynamic: 8.84612
[DTM Trigger] CPU_MAX(THRES): 98.919(105.000), DRAM_MAX(THRES): 85.951(85.000)
	Current DTM method: 1
[SNIPER_STATS_MANAGER] Setting frequency for core 0 in DVFS domain 0 to 2128 MHz
[SNIPER_STATS_MANAGER] Setting frequency for core 1 in DVFS domain 1 to 2128 MHz
[SNIPER_STATS_MANAGER] Setting frequency for core 2 in DVFS domain 2 to 2128 MHz
[SNIPER_STATS_MANAGER] Setting frequency for core 3 in DVFS domain 3 to 2128 MHz
Here we try remapping!
-----and here we finish handling remapping results in cache controller! the Latency: 0
---invalid_cnt: 0

************recordStats once at 27299
[Warning] power scale is less than 1, please check!
[Overall Power Consumption] Peak: 21.258, Dynamic: 10.4098
[DTM Trigger] CPU_MAX(THRES): 99.754(105.000), DRAM_MAX(THRES): 85.454(85.000)
	Current DTM method: 1
[SNIPER_STATS_MANAGER] Setting frequency for core 0 in DVFS domain 0 to 2660 MHz
[SNIPER_STATS_MANAGER] Setting frequency for core 1 in DVFS domain 1 to 2660 MHz
[SNIPER_STATS_MANAGER] Setting frequency for core 2 in DVFS domain 2 to 2660 MHz
[SNIPER_STATS_MANAGER] Setting frequency for core 3 in DVFS domain 3 to 2660 MHz
Here we try remapping!
-----and here we finish handling remapping results in cache controller! the Latency: 0
---invalid_cnt: 0

************recordStats once at 28299
[Warning] power scale is less than 1, please check!
[Overall Power Consumption] Peak: 25.4294, Dynamic: 11.5226
[DTM Trigger] CPU_MAX(THRES): 104.690(105.000), DRAM_MAX(THRES): 85.872(85.000)
	Current DTM method: 1
Here we try remapping!
-----and here we finish handling remapping results in cache controller! the Latency: 0
---invalid_cnt: 0

************recordStats once at 29275
[Warning] power scale is less than 1, please check!
[Overall Power Consumption] Peak: 18.2269, Dynamic: 7.42916
[DTM Trigger] CPU_MAX(THRES): 110.658(105.000), DRAM_MAX(THRES): 86.997(85.000)
	Current DTM method: 1
[HOT!] CPU is too hot!
[SNIPER_STATS_MANAGER] Setting frequency for core 0 in DVFS domain 0 to 2128 MHz
[SNIPER_STATS_MANAGER] Setting frequency for core 1 in DVFS domain 1 to 2128 MHz
[SNIPER_STATS_MANAGER] Setting frequency for core 2 in DVFS domain 2 to 2128 MHz
[SNIPER_STATS_MANAGER] Setting frequency for core 3 in DVFS domain 3 to 2128 MHz
Here we try remapping!
-----and here we finish handling remapping results in cache controller! the Latency: 0
---invalid_cnt: 0

************recordStats once at 30300
[Warning] power scale is less than 1, please check!
[Overall Power Consumption] Peak: 15.5779, Dynamic: 7.34938
[DTM Trigger] CPU_MAX(THRES): 109.301(105.000), DRAM_MAX(THRES): 87.681(85.000)
	Current DTM method: 1
[HOT!] CPU is too hot!
[SNIPER_STATS_MANAGER] Setting frequency for core 0 in DVFS domain 0 to 1596 MHz
[SNIPER_STATS_MANAGER] Setting frequency for core 1 in DVFS domain 1 to 1596 MHz
[SNIPER_STATS_MANAGER] Setting frequency for core 2 in DVFS domain 2 to 1596 MHz
[SNIPER_STATS_MANAGER] Setting frequency for core 3 in DVFS domain 3 to 1596 MHz
Here we try remapping!
-----and here we finish handling remapping results in cache controller! the Latency: 0
---invalid_cnt: 0

************recordStats once at 31299
[Warning] power scale is less than 1, please check!
[Overall Power Consumption] Peak: 11.3199, Dynamic: 5.62159
[DTM Trigger] CPU_MAX(THRES): 100.314(105.000), DRAM_MAX(THRES): 86.940(85.000)
	Current DTM method: 1
[SNIPER_STATS_MANAGER] Setting frequency for core 0 in DVFS domain 0 to 2128 MHz
[SNIPER_STATS_MANAGER] Setting frequency for core 1 in DVFS domain 1 to 2128 MHz
[SNIPER_STATS_MANAGER] Setting frequency for core 2 in DVFS domain 2 to 2128 MHz
[SNIPER_STATS_MANAGER] Setting frequency for core 3 in DVFS domain 3 to 2128 MHz
Here we try remapping!
-----and here we finish handling remapping results in cache controller! the Latency: 0
---invalid_cnt: 0

************recordStats once at 32299
[Warning] power scale is less than 1, please check!
[Overall Power Consumption] Peak: 22.133, Dynamic: 9.51957
[DTM Trigger] CPU_MAX(THRES): 98.877(105.000), DRAM_MAX(THRES): 85.737(85.000)
	Current DTM method: 1
[SNIPER_STATS_MANAGER] Setting frequency for core 0 in DVFS domain 0 to 2660 MHz
[SNIPER_STATS_MANAGER] Setting frequency for core 1 in DVFS domain 1 to 2660 MHz
[SNIPER_STATS_MANAGER] Setting frequency for core 2 in DVFS domain 2 to 2660 MHz
[SNIPER_STATS_MANAGER] Setting frequency for core 3 in DVFS domain 3 to 2660 MHz
Here we try remapping!
-----and here we finish handling remapping results in cache controller! the Latency: 0
---invalid_cnt: 0

************recordStats once at 33299
[Warning] power scale is less than 1, please check!
[Overall Power Consumption] Peak: 28.578, Dynamic: 13.1237
[DTM Trigger] CPU_MAX(THRES): 101.591(105.000), DRAM_MAX(THRES): 85.529(85.000)
	Current DTM method: 1
Here we try remapping!
-----and here we finish handling remapping results in cache controller! the Latency: 0
---invalid_cnt: 0

************recordStats once at 34299
[Warning] power scale is less than 1, please check!
[Overall Power Consumption] Peak: 30.7487, Dynamic: 15.415
[DTM Trigger] CPU_MAX(THRES): 102.530(105.000), DRAM_MAX(THRES): 85.847(85.000)
	Current DTM method: 1
Here we try remapping!
-----and here we finish handling remapping results in cache controller! the Latency: 0
---invalid_cnt: 0

************recordStats once at 35300
[Warning] power scale is less than 1, please check!
[Overall Power Consumption] Peak: 30.9329, Dynamic: 15.6003
[DTM Trigger] CPU_MAX(THRES): 103.380(105.000), DRAM_MAX(THRES): 86.177(85.000)
	Current DTM method: 1
Here we try remapping!
-----and here we finish handling remapping results in cache controller! the Latency: 0
---invalid_cnt: 0

************recordStats once at 36300
[Warning] power scale is less than 1, please check!
[Overall Power Consumption] Peak: 31.5349, Dynamic: 16.2531
[DTM Trigger] CPU_MAX(THRES): 103.428(105.000), DRAM_MAX(THRES): 86.467(85.000)
	Current DTM method: 1
Here we try remapping!
-----and here we finish handling remapping results in cache controller! the Latency: 0
---invalid_cnt: 0

************recordStats once at 37299
[Warning] power scale is less than 1, please check!
[Overall Power Consumption] Peak: 33.3539, Dynamic: 18.1391
[DTM Trigger] CPU_MAX(THRES): 106.383(105.000), DRAM_MAX(THRES): 86.996(85.000)
	Current DTM method: 1
[HOT!] CPU is too hot!
[SNIPER_STATS_MANAGER] Setting frequency for core 0 in DVFS domain 0 to 2128 MHz
[SNIPER_STATS_MANAGER] Setting frequency for core 1 in DVFS domain 1 to 2128 MHz
[SNIPER_STATS_MANAGER] Setting frequency for core 2 in DVFS domain 2 to 2128 MHz
[SNIPER_STATS_MANAGER] Setting frequency for core 3 in DVFS domain 3 to 2128 MHz
Here we try remapping!
-----and here we finish handling remapping results in cache controller! the Latency: 0
---invalid_cnt: 0

************recordStats once at 38300
[Warning] power scale is less than 1, please check!
[Overall Power Consumption] Peak: 29.2784, Dynamic: 17.964
[DTM Trigger] CPU_MAX(THRES): 105.836(105.000), DRAM_MAX(THRES): 87.482(85.000)
	Current DTM method: 1
[HOT!] CPU is too hot!
[SNIPER_STATS_MANAGER] Setting frequency for core 0 in DVFS domain 0 to 1596 MHz
[SNIPER_STATS_MANAGER] Setting frequency for core 1 in DVFS domain 1 to 1596 MHz
[SNIPER_STATS_MANAGER] Setting frequency for core 2 in DVFS domain 2 to 1596 MHz
[SNIPER_STATS_MANAGER] Setting frequency for core 3 in DVFS domain 3 to 1596 MHz
Here we try remapping!
-----and here we finish handling remapping results in cache controller! the Latency: 0
---invalid_cnt: 0

************recordStats once at 39300
[Warning] power scale is less than 1, please check!
[Overall Power Consumption] Peak: 16.5572, Dynamic: 10.6896
[DTM Trigger] CPU_MAX(THRES): 99.905(105.000), DRAM_MAX(THRES): 87.147(85.000)
	Current DTM method: 1
[SNIPER_STATS_MANAGER] Setting frequency for core 0 in DVFS domain 0 to 2128 MHz
[SNIPER_STATS_MANAGER] Setting frequency for core 1 in DVFS domain 1 to 2128 MHz
[SNIPER_STATS_MANAGER] Setting frequency for core 2 in DVFS domain 2 to 2128 MHz
[SNIPER_STATS_MANAGER] Setting frequency for core 3 in DVFS domain 3 to 2128 MHz
Here we try remapping!
-----and here we finish handling remapping results in cache controller! the Latency: 0
---invalid_cnt: 0

************recordStats once at 40299
[Warning] power scale is less than 1, please check!
[Overall Power Consumption] Peak: 24.7679, Dynamic: 12.7051
[DTM Trigger] CPU_MAX(THRES): 100.558(105.000), DRAM_MAX(THRES): 86.694(85.000)
	Current DTM method: 1
[SNIPER_STATS_MANAGER] Setting frequency for core 0 in DVFS domain 0 to 2660 MHz
[SNIPER_STATS_MANAGER] Setting frequency for core 1 in DVFS domain 1 to 2660 MHz
[SNIPER_STATS_MANAGER] Setting frequency for core 2 in DVFS domain 2 to 2660 MHz
[SNIPER_STATS_MANAGER] Setting frequency for core 3 in DVFS domain 3 to 2660 MHz
Here we try remapping!
-----and here we finish handling remapping results in cache controller! the Latency: 0
---invalid_cnt: 0

************recordStats once at 41300
[Warning] power scale is less than 1, please check!
[Overall Power Consumption] Peak: 30.7269, Dynamic: 15.36
[DTM Trigger] CPU_MAX(THRES): 104.820(105.000), DRAM_MAX(THRES): 87.040(85.000)
	Current DTM method: 1
Here we try remapping!
-----and here we finish handling remapping results in cache controller! the Latency: 0
---invalid_cnt: 0

************recordStats once at 42299
[Warning] power scale is less than 1, please check!
[Overall Power Consumption] Peak: 33.3309, Dynamic: 18.1194
[DTM Trigger] CPU_MAX(THRES): 107.762(105.000), DRAM_MAX(THRES): 87.826(85.000)
	Current DTM method: 1
[HOT!] CPU is too hot!
[SNIPER_STATS_MANAGER] Setting frequency for core 0 in DVFS domain 0 to 2128 MHz
[SNIPER_STATS_MANAGER] Setting frequency for core 1 in DVFS domain 1 to 2128 MHz
[SNIPER_STATS_MANAGER] Setting frequency for core 2 in DVFS domain 2 to 2128 MHz
[SNIPER_STATS_MANAGER] Setting frequency for core 3 in DVFS domain 3 to 2128 MHz
Here we try remapping!
-----and here we finish handling remapping results in cache controller! the Latency: 0
---invalid_cnt: 0

************recordStats once at 43299
[Warning] power scale is less than 1, please check!
[Overall Power Consumption] Peak: 29.1166, Dynamic: 17.8283
[DTM Trigger] CPU_MAX(THRES): 106.847(105.000), DRAM_MAX(THRES): 88.327(85.000)
	Current DTM method: 1
[HOT!] CPU is too hot!
[SNIPER_STATS_MANAGER] Setting frequency for core 0 in DVFS domain 0 to 1596 MHz
[SNIPER_STATS_MANAGER] Setting frequency for core 1 in DVFS domain 1 to 1596 MHz
[SNIPER_STATS_MANAGER] Setting frequency for core 2 in DVFS domain 2 to 1596 MHz
[SNIPER_STATS_MANAGER] Setting frequency for core 3 in DVFS domain 3 to 1596 MHz
Here we try remapping!
-----and here we finish handling remapping results in cache controller! the Latency: 0
---invalid_cnt: 0

************recordStats once at 44299
[Warning] power scale is less than 1, please check!
[Overall Power Consumption] Peak: 16.696, Dynamic: 11.2967
[DTM Trigger] CPU_MAX(THRES): 100.506(105.000), DRAM_MAX(THRES): 87.885(85.000)
	Current DTM method: 1
[SNIPER_STATS_MANAGER] Setting frequency for core 0 in DVFS domain 0 to 2128 MHz
[SNIPER_STATS_MANAGER] Setting frequency for core 1 in DVFS domain 1 to 2128 MHz
[SNIPER_STATS_MANAGER] Setting frequency for core 2 in DVFS domain 2 to 2128 MHz
[SNIPER_STATS_MANAGER] Setting frequency for core 3 in DVFS domain 3 to 2128 MHz
Here we try remapping!
-----and here we finish handling remapping results in cache controller! the Latency: 0
---invalid_cnt: 0

************recordStats once at 45300
[Warning] power scale is less than 1, please check!
[Overall Power Consumption] Peak: 24.5789, Dynamic: 12.5423
[DTM Trigger] CPU_MAX(THRES): 102.098(105.000), DRAM_MAX(THRES): 87.436(85.000)
	Current DTM method: 1
[SNIPER_STATS_MANAGER] Setting frequency for core 0 in DVFS domain 0 to 2660 MHz
[SNIPER_STATS_MANAGER] Setting frequency for core 1 in DVFS domain 1 to 2660 MHz
[SNIPER_STATS_MANAGER] Setting frequency for core 2 in DVFS domain 2 to 2660 MHz
[SNIPER_STATS_MANAGER] Setting frequency for core 3 in DVFS domain 3 to 2660 MHz
Here we try remapping!
-----and here we finish handling remapping results in cache controller! the Latency: 0
---invalid_cnt: 0

************recordStats once at 46300
[Warning] power scale is less than 1, please check!
[Overall Power Consumption] Peak: 31.1742, Dynamic: 15.8576
[DTM Trigger] CPU_MAX(THRES): 105.742(105.000), DRAM_MAX(THRES): 87.790(85.000)
	Current DTM method: 1
[HOT!] CPU is too hot!
[SNIPER_STATS_MANAGER] Setting frequency for core 0 in DVFS domain 0 to 2128 MHz
[SNIPER_STATS_MANAGER] Setting frequency for core 1 in DVFS domain 1 to 2128 MHz
[SNIPER_STATS_MANAGER] Setting frequency for core 2 in DVFS domain 2 to 2128 MHz
[SNIPER_STATS_MANAGER] Setting frequency for core 3 in DVFS domain 3 to 2128 MHz
Here we try remapping!
-----and here we finish handling remapping results in cache controller! the Latency: 0
---invalid_cnt: 0

************recordStats once at 47300
[Warning] power scale is less than 1, please check!
[Overall Power Consumption] Peak: 29.5024, Dynamic: 18.6415
[DTM Trigger] CPU_MAX(THRES): 106.459(105.000), DRAM_MAX(THRES): 88.295(85.000)
	Current DTM method: 1
[HOT!] CPU is too hot!
[SNIPER_STATS_MANAGER] Setting frequency for core 0 in DVFS domain 0 to 1596 MHz
[SNIPER_STATS_MANAGER] Setting frequency for core 1 in DVFS domain 1 to 1596 MHz
[SNIPER_STATS_MANAGER] Setting frequency for core 2 in DVFS domain 2 to 1596 MHz
[SNIPER_STATS_MANAGER] Setting frequency for core 3 in DVFS domain 3 to 1596 MHz
Here we try remapping!
-----and here we finish handling remapping results in cache controller! the Latency: 0
---invalid_cnt: 0

************recordStats once at 48300
[Warning] power scale is less than 1, please check!
[Overall Power Consumption] Peak: 16.538, Dynamic: 10.7089
[DTM Trigger] CPU_MAX(THRES): 101.032(105.000), DRAM_MAX(THRES): 88.036(85.000)
	Current DTM method: 1
[SNIPER_STATS_MANAGER] Setting frequency for core 0 in DVFS domain 0 to 2128 MHz
[SNIPER_STATS_MANAGER] Setting frequency for core 1 in DVFS domain 1 to 2128 MHz
[SNIPER_STATS_MANAGER] Setting frequency for core 2 in DVFS domain 2 to 2128 MHz
[SNIPER_STATS_MANAGER] Setting frequency for core 3 in DVFS domain 3 to 2128 MHz
Here we try remapping!
-----and here we finish handling remapping results in cache controller! the Latency: 0
---invalid_cnt: 0

************recordStats once at 49300
[Warning] power scale is less than 1, please check!
[Overall Power Consumption] Peak: 24.4203, Dynamic: 12.3651
[DTM Trigger] CPU_MAX(THRES): 102.351(105.000), DRAM_MAX(THRES): 87.677(85.000)
	Current DTM method: 1
[SNIPER_STATS_MANAGER] Setting frequency for core 0 in DVFS domain 0 to 2660 MHz
[SNIPER_STATS_MANAGER] Setting frequency for core 1 in DVFS domain 1 to 2660 MHz
[SNIPER_STATS_MANAGER] Setting frequency for core 2 in DVFS domain 2 to 2660 MHz
[SNIPER_STATS_MANAGER] Setting frequency for core 3 in DVFS domain 3 to 2660 MHz
Here we try remapping!
-----and here we finish handling remapping results in cache controller! the Latency: 0
---invalid_cnt: 0

************recordStats once at 50300
[Warning] power scale is less than 1, please check!
[Overall Power Consumption] Peak: 30.6657, Dynamic: 15.3075
[DTM Trigger] CPU_MAX(THRES): 105.339(105.000), DRAM_MAX(THRES): 87.955(85.000)
	Current DTM method: 1
[HOT!] CPU is too hot!
[SNIPER_STATS_MANAGER] Setting frequency for core 0 in DVFS domain 0 to 2128 MHz
[SNIPER_STATS_MANAGER] Setting frequency for core 1 in DVFS domain 1 to 2128 MHz
[SNIPER_STATS_MANAGER] Setting frequency for core 2 in DVFS domain 2 to 2128 MHz
[SNIPER_STATS_MANAGER] Setting frequency for core 3 in DVFS domain 3 to 2128 MHz
Here we try remapping!
-----and here we finish handling remapping results in cache controller! the Latency: 0
---invalid_cnt: 0

************recordStats once at 51299
[Warning] power scale is less than 1, please check!
[Overall Power Consumption] Peak: 28.3431, Dynamic: 17.1772
[DTM Trigger] CPU_MAX(THRES): 107.080(105.000), DRAM_MAX(THRES): 88.490(85.000)
	Current DTM method: 1
[HOT!] CPU is too hot!
[SNIPER_STATS_MANAGER] Setting frequency for core 0 in DVFS domain 0 to 1596 MHz
[SNIPER_STATS_MANAGER] Setting frequency for core 1 in DVFS domain 1 to 1596 MHz
[SNIPER_STATS_MANAGER] Setting frequency for core 2 in DVFS domain 2 to 1596 MHz
[SNIPER_STATS_MANAGER] Setting frequency for core 3 in DVFS domain 3 to 1596 MHz
Here we try remapping!
-----and here we finish handling remapping results in cache controller! the Latency: 0
---invalid_cnt: 0

************recordStats once at 52299
[Warning] power scale is less than 1, please check!
[Overall Power Consumption] Peak: 13.7982, Dynamic: 8.4265
[DTM Trigger] CPU_MAX(THRES): 101.829(105.000), DRAM_MAX(THRES): 88.325(85.000)
	Current DTM method: 1
[SNIPER_STATS_MANAGER] Setting frequency for core 0 in DVFS domain 0 to 2128 MHz
[SNIPER_STATS_MANAGER] Setting frequency for core 1 in DVFS domain 1 to 2128 MHz
[SNIPER_STATS_MANAGER] Setting frequency for core 2 in DVFS domain 2 to 2128 MHz
[SNIPER_STATS_MANAGER] Setting frequency for core 3 in DVFS domain 3 to 2128 MHz
Here we try remapping!
-----and here we finish handling remapping results in cache controller! the Latency: 0
---invalid_cnt: 0

************recordStats once at 53299
[Warning] power scale is less than 1, please check!
[Overall Power Consumption] Peak: 21.2353, Dynamic: 10.3932
[DTM Trigger] CPU_MAX(THRES): 103.075(105.000), DRAM_MAX(THRES): 87.977(85.000)
	Current DTM method: 1
[SNIPER_STATS_MANAGER] Setting frequency for core 0 in DVFS domain 0 to 2660 MHz
[SNIPER_STATS_MANAGER] Setting frequency for core 1 in DVFS domain 1 to 2660 MHz
[SNIPER_STATS_MANAGER] Setting frequency for core 2 in DVFS domain 2 to 2660 MHz
[SNIPER_STATS_MANAGER] Setting frequency for core 3 in DVFS domain 3 to 2660 MHz
Here we try remapping!
-----and here we finish handling remapping results in cache controller! the Latency: 0
---invalid_cnt: 0

************recordStats once at 54298
[Warning] power scale is less than 1, please check!
[Overall Power Consumption] Peak: 26.4098, Dynamic: 12.5369
[DTM Trigger] CPU_MAX(THRES): 106.798(105.000), DRAM_MAX(THRES): 88.295(85.000)
	Current DTM method: 1
[HOT!] CPU is too hot!
[SNIPER_STATS_MANAGER] Setting frequency for core 0 in DVFS domain 0 to 2128 MHz
[SNIPER_STATS_MANAGER] Setting frequency for core 1 in DVFS domain 1 to 2128 MHz
[SNIPER_STATS_MANAGER] Setting frequency for core 2 in DVFS domain 2 to 2128 MHz
[SNIPER_STATS_MANAGER] Setting frequency for core 3 in DVFS domain 3 to 2128 MHz
Here we try remapping!
-----and here we finish handling remapping results in cache controller! the Latency: 0
---invalid_cnt: 0

************recordStats once at 55299
[Warning] power scale is less than 1, please check!
[Overall Power Consumption] Peak: 23.6493, Dynamic: 13.1545
[DTM Trigger] CPU_MAX(THRES): 108.158(105.000), DRAM_MAX(THRES): 88.819(85.000)
	Current DTM method: 1
[HOT!] CPU is too hot!
[SNIPER_STATS_MANAGER] Setting frequency for core 0 in DVFS domain 0 to 1596 MHz
[SNIPER_STATS_MANAGER] Setting frequency for core 1 in DVFS domain 1 to 1596 MHz
[SNIPER_STATS_MANAGER] Setting frequency for core 2 in DVFS domain 2 to 1596 MHz
[SNIPER_STATS_MANAGER] Setting frequency for core 3 in DVFS domain 3 to 1596 MHz
Here we try remapping!
-----and here we finish handling remapping results in cache controller! the Latency: 0
---invalid_cnt: 0

************recordStats once at 56300
[Warning] power scale is less than 1, please check!
[Overall Power Consumption] Peak: 8.81611, Dynamic: 4.65741
[DTM Trigger] CPU_MAX(THRES): 102.802(105.000), DRAM_MAX(THRES): 88.547(85.000)
	Current DTM method: 1
[SNIPER_STATS_MANAGER] Setting frequency for core 0 in DVFS domain 0 to 2128 MHz
[SNIPER_STATS_MANAGER] Setting frequency for core 1 in DVFS domain 1 to 2128 MHz
[SNIPER_STATS_MANAGER] Setting frequency for core 2 in DVFS domain 2 to 2128 MHz
[SNIPER_STATS_MANAGER] Setting frequency for core 3 in DVFS domain 3 to 2128 MHz
Here we try remapping!
-----and here we finish handling remapping results in cache controller! the Latency: 0
---invalid_cnt: 0

************recordStats once at 57300
[Warning] power scale is less than 1, please check!
[Overall Power Consumption] Peak: 14.4861, Dynamic: 6.11274
[DTM Trigger] CPU_MAX(THRES): 104.653(105.000), DRAM_MAX(THRES): 88.141(85.000)
	Current DTM method: 1
[SNIPER_STATS_MANAGER] Setting frequency for core 0 in DVFS domain 0 to 2660 MHz
[SNIPER_STATS_MANAGER] Setting frequency for core 1 in DVFS domain 1 to 2660 MHz
[SNIPER_STATS_MANAGER] Setting frequency for core 2 in DVFS domain 2 to 2660 MHz
[SNIPER_STATS_MANAGER] Setting frequency for core 3 in DVFS domain 3 to 2660 MHz
Here we try remapping!
-----and here we finish handling remapping results in cache controller! the Latency: 0
---invalid_cnt: 0

************recordStats once at 58298
[Warning] power scale is less than 1, please check!
[Overall Power Consumption] Peak: 17.3968, Dynamic: 6.54418
[DTM Trigger] CPU_MAX(THRES): 109.007(105.000), DRAM_MAX(THRES): 88.496(85.000)
	Current DTM method: 1
[HOT!] CPU is too hot!
[SNIPER_STATS_MANAGER] Setting frequency for core 0 in DVFS domain 0 to 2128 MHz
[SNIPER_STATS_MANAGER] Setting frequency for core 1 in DVFS domain 1 to 2128 MHz
[SNIPER_STATS_MANAGER] Setting frequency for core 2 in DVFS domain 2 to 2128 MHz
[SNIPER_STATS_MANAGER] Setting frequency for core 3 in DVFS domain 3 to 2128 MHz
Here we try remapping!
-----and here we finish handling remapping results in cache controller! the Latency: 0
---invalid_cnt: 0

************recordStats once at 59299
[Warning] power scale is less than 1, please check!
[Overall Power Consumption] Peak: 23.1859, Dynamic: 10.137
[DTM Trigger] CPU_MAX(THRES): 105.377(105.000), DRAM_MAX(THRES): 88.514(85.000)
	Current DTM method: 1
[HOT!] CPU is too hot!
[SNIPER_STATS_MANAGER] Setting frequency for core 0 in DVFS domain 0 to 1596 MHz
[SNIPER_STATS_MANAGER] Setting frequency for core 1 in DVFS domain 1 to 1596 MHz
[SNIPER_STATS_MANAGER] Setting frequency for core 2 in DVFS domain 2 to 1596 MHz
[SNIPER_STATS_MANAGER] Setting frequency for core 3 in DVFS domain 3 to 1596 MHz
Here we try remapping!
-----and here we finish handling remapping results in cache controller! the Latency: 0
---invalid_cnt: 0

************recordStats once at 60300
[Warning] power scale is less than 1, please check!
[Overall Power Consumption] Peak: 15.4741, Dynamic: 9.13445
[DTM Trigger] CPU_MAX(THRES): 98.895(105.000), DRAM_MAX(THRES): 87.595(85.000)
	Current DTM method: 1
[SNIPER_STATS_MANAGER] Setting frequency for core 0 in DVFS domain 0 to 2128 MHz
[SNIPER_STATS_MANAGER] Setting frequency for core 1 in DVFS domain 1 to 2128 MHz
[SNIPER_STATS_MANAGER] Setting frequency for core 2 in DVFS domain 2 to 2128 MHz
[SNIPER_STATS_MANAGER] Setting frequency for core 3 in DVFS domain 3 to 2128 MHz
Here we try remapping!
-----and here we finish handling remapping results in cache controller! the Latency: 0
---invalid_cnt: 0

************recordStats once at 61300
[Warning] power scale is less than 1, please check!
[Overall Power Consumption] Peak: 22.9486, Dynamic: 10.8191
[DTM Trigger] CPU_MAX(THRES): 99.622(105.000), DRAM_MAX(THRES): 86.786(85.000)
	Current DTM method: 1
[SNIPER_STATS_MANAGER] Setting frequency for core 0 in DVFS domain 0 to 2660 MHz
[SNIPER_STATS_MANAGER] Setting frequency for core 1 in DVFS domain 1 to 2660 MHz
[SNIPER_STATS_MANAGER] Setting frequency for core 2 in DVFS domain 2 to 2660 MHz
[SNIPER_STATS_MANAGER] Setting frequency for core 3 in DVFS domain 3 to 2660 MHz
Here we try remapping!
-----and here we finish handling remapping results in cache controller! the Latency: 0
---invalid_cnt: 0

************recordStats once at 62300
[Warning] power scale is less than 1, please check!
[Overall Power Consumption] Peak: 28.6949, Dynamic: 13.2164
[DTM Trigger] CPU_MAX(THRES): 101.906(105.000), DRAM_MAX(THRES): 86.755(85.000)
	Current DTM method: 1
Here we try remapping!
-----and here we finish handling remapping results in cache controller! the Latency: 0
---invalid_cnt: 0

************recordStats once at 63300
[Warning] power scale is less than 1, please check!
[Overall Power Consumption] Peak: 30.7288, Dynamic: 15.3989
[DTM Trigger] CPU_MAX(THRES): 103.475(105.000), DRAM_MAX(THRES): 87.086(85.000)
	Current DTM method: 1
Here we try remapping!
-----and here we finish handling remapping results in cache controller! the Latency: 0
---invalid_cnt: 0

************recordStats once at 64300
[Warning] power scale is less than 1, please check!
[Overall Power Consumption] Peak: 32.1152, Dynamic: 16.8433
[DTM Trigger] CPU_MAX(THRES): 106.235(105.000), DRAM_MAX(THRES): 87.649(85.000)
	Current DTM method: 1
[HOT!] CPU is too hot!
[SNIPER_STATS_MANAGER] Setting frequency for core 0 in DVFS domain 0 to 2128 MHz
[SNIPER_STATS_MANAGER] Setting frequency for core 1 in DVFS domain 1 to 2128 MHz
[SNIPER_STATS_MANAGER] Setting frequency for core 2 in DVFS domain 2 to 2128 MHz
[SNIPER_STATS_MANAGER] Setting frequency for core 3 in DVFS domain 3 to 2128 MHz
Here we try remapping!
-----and here we finish handling remapping results in cache controller! the Latency: 0
---invalid_cnt: 0

************recordStats once at 65300
[Warning] power scale is less than 1, please check!
[Overall Power Consumption] Peak: 29.4206, Dynamic: 18.2238
[DTM Trigger] CPU_MAX(THRES): 106.206(105.000), DRAM_MAX(THRES): 88.118(85.000)
	Current DTM method: 1
[HOT!] CPU is too hot!
[SNIPER_STATS_MANAGER] Setting frequency for core 0 in DVFS domain 0 to 1596 MHz
[SNIPER_STATS_MANAGER] Setting frequency for core 1 in DVFS domain 1 to 1596 MHz
[SNIPER_STATS_MANAGER] Setting frequency for core 2 in DVFS domain 2 to 1596 MHz
[SNIPER_STATS_MANAGER] Setting frequency for core 3 in DVFS domain 3 to 1596 MHz
Here we try remapping!
-----and here we finish handling remapping results in cache controller! the Latency: 0
---invalid_cnt: 0

************recordStats once at 66300
[Warning] power scale is less than 1, please check!
[Overall Power Consumption] Peak: 16.7291, Dynamic: 11.2284
[DTM Trigger] CPU_MAX(THRES): 100.198(105.000), DRAM_MAX(THRES): 87.774(85.000)
	Current DTM method: 1
[SNIPER_STATS_MANAGER] Setting frequency for core 0 in DVFS domain 0 to 2128 MHz
[SNIPER_STATS_MANAGER] Setting frequency for core 1 in DVFS domain 1 to 2128 MHz
[SNIPER_STATS_MANAGER] Setting frequency for core 2 in DVFS domain 2 to 2128 MHz
[SNIPER_STATS_MANAGER] Setting frequency for core 3 in DVFS domain 3 to 2128 MHz
Here we try remapping!
-----and here we finish handling remapping results in cache controller! the Latency: 0
---invalid_cnt: 0

************recordStats once at 67299
[Warning] power scale is less than 1, please check!
[Overall Power Consumption] Peak: 24.5528, Dynamic: 12.499
[DTM Trigger] CPU_MAX(THRES): 101.168(105.000), DRAM_MAX(THRES): 87.336(85.000)
	Current DTM method: 1
[SNIPER_STATS_MANAGER] Setting frequency for core 0 in DVFS domain 0 to 2660 MHz
[SNIPER_STATS_MANAGER] Setting frequency for core 1 in DVFS domain 1 to 2660 MHz
[SNIPER_STATS_MANAGER] Setting frequency for core 2 in DVFS domain 2 to 2660 MHz
[SNIPER_STATS_MANAGER] Setting frequency for core 3 in DVFS domain 3 to 2660 MHz
Here we try remapping!
-----and here we finish handling remapping results in cache controller! the Latency: 0
---invalid_cnt: 0

************recordStats once at 68299
[Warning] power scale is less than 1, please check!
[Overall Power Consumption] Peak: 30.1421, Dynamic: 14.793
[DTM Trigger] CPU_MAX(THRES): 105.854(105.000), DRAM_MAX(THRES): 87.751(85.000)
	Current DTM method: 1
[HOT!] CPU is too hot!
[SNIPER_STATS_MANAGER] Setting frequency for core 0 in DVFS domain 0 to 2128 MHz
[SNIPER_STATS_MANAGER] Setting frequency for core 1 in DVFS domain 1 to 2128 MHz
[SNIPER_STATS_MANAGER] Setting frequency for core 2 in DVFS domain 2 to 2128 MHz
[SNIPER_STATS_MANAGER] Setting frequency for core 3 in DVFS domain 3 to 2128 MHz
Here we try remapping!
-----and here we finish handling remapping results in cache controller! the Latency: 0
---invalid_cnt: 0

************recordStats once at 69299
[Warning] power scale is less than 1, please check!
[Overall Power Consumption] Peak: 29.4575, Dynamic: 18.5841
[DTM Trigger] CPU_MAX(THRES): 106.543(105.000), DRAM_MAX(THRES): 88.349(85.000)
	Current DTM method: 1
[HOT!] CPU is too hot!
[SNIPER_STATS_MANAGER] Setting frequency for core 0 in DVFS domain 0 to 1596 MHz
[SNIPER_STATS_MANAGER] Setting frequency for core 1 in DVFS domain 1 to 1596 MHz
[SNIPER_STATS_MANAGER] Setting frequency for core 2 in DVFS domain 2 to 1596 MHz
[SNIPER_STATS_MANAGER] Setting frequency for core 3 in DVFS domain 3 to 1596 MHz
Here we try remapping!
-----and here we finish handling remapping results in cache controller! the Latency: 0
---invalid_cnt: 0

************recordStats once at 70300
[Warning] power scale is less than 1, please check!
[Overall Power Consumption] Peak: 16.8315, Dynamic: 11.6269
[DTM Trigger] CPU_MAX(THRES): 100.582(105.000), DRAM_MAX(THRES): 88.073(85.000)
	Current DTM method: 1
[SNIPER_STATS_MANAGER] Setting frequency for core 0 in DVFS domain 0 to 2128 MHz
[SNIPER_STATS_MANAGER] Setting frequency for core 1 in DVFS domain 1 to 2128 MHz
[SNIPER_STATS_MANAGER] Setting frequency for core 2 in DVFS domain 2 to 2128 MHz
[SNIPER_STATS_MANAGER] Setting frequency for core 3 in DVFS domain 3 to 2128 MHz
Here we try remapping!
-----and here we finish handling remapping results in cache controller! the Latency: 0
---invalid_cnt: 0

************recordStats once at 71299
[Warning] power scale is less than 1, please check!
[Overall Power Consumption] Peak: 24.6891, Dynamic: 12.6388
[DTM Trigger] CPU_MAX(THRES): 101.916(105.000), DRAM_MAX(THRES): 87.688(85.000)
	Current DTM method: 1
[SNIPER_STATS_MANAGER] Setting frequency for core 0 in DVFS domain 0 to 2660 MHz
[SNIPER_STATS_MANAGER] Setting frequency for core 1 in DVFS domain 1 to 2660 MHz
[SNIPER_STATS_MANAGER] Setting frequency for core 2 in DVFS domain 2 to 2660 MHz
[SNIPER_STATS_MANAGER] Setting frequency for core 3 in DVFS domain 3 to 2660 MHz
Here we try remapping!
-----and here we finish handling remapping results in cache controller! the Latency: 0
---invalid_cnt: 0

************recordStats once at 72299
[Warning] power scale is less than 1, please check!
[Overall Power Consumption] Peak: 31.0809, Dynamic: 15.7681
[DTM Trigger] CPU_MAX(THRES): 105.007(105.000), DRAM_MAX(THRES): 87.990(85.000)
	Current DTM method: 1
[HOT!] CPU is too hot!
[SNIPER_STATS_MANAGER] Setting frequency for core 0 in DVFS domain 0 to 2128 MHz
[SNIPER_STATS_MANAGER] Setting frequency for core 1 in DVFS domain 1 to 2128 MHz
[SNIPER_STATS_MANAGER] Setting frequency for core 2 in DVFS domain 2 to 2128 MHz
[SNIPER_STATS_MANAGER] Setting frequency for core 3 in DVFS domain 3 to 2128 MHz
Here we try remapping!
-----and here we finish handling remapping results in cache controller! the Latency: 0
---invalid_cnt: 0

************recordStats once at 73299
[Warning] power scale is less than 1, please check!
[Overall Power Consumption] Peak: 29.2965, Dynamic: 17.9435
[DTM Trigger] CPU_MAX(THRES): 106.807(105.000), DRAM_MAX(THRES): 88.533(85.000)
	Current DTM method: 1
[HOT!] CPU is too hot!
[SNIPER_STATS_MANAGER] Setting frequency for core 0 in DVFS domain 0 to 1596 MHz
[SNIPER_STATS_MANAGER] Setting frequency for core 1 in DVFS domain 1 to 1596 MHz
[SNIPER_STATS_MANAGER] Setting frequency for core 2 in DVFS domain 2 to 1596 MHz
[SNIPER_STATS_MANAGER] Setting frequency for core 3 in DVFS domain 3 to 1596 MHz
Here we try remapping!
-----and here we finish handling remapping results in cache controller! the Latency: 0
---invalid_cnt: 0

************recordStats once at 74299
[Warning] power scale is less than 1, please check!
[Overall Power Consumption] Peak: 16.6917, Dynamic: 11.0824
[DTM Trigger] CPU_MAX(THRES): 100.922(105.000), DRAM_MAX(THRES): 88.323(85.000)
	Current DTM method: 1
[SNIPER_STATS_MANAGER] Setting frequency for core 0 in DVFS domain 0 to 2128 MHz
[SNIPER_STATS_MANAGER] Setting frequency for core 1 in DVFS domain 1 to 2128 MHz
[SNIPER_STATS_MANAGER] Setting frequency for core 2 in DVFS domain 2 to 2128 MHz
[SNIPER_STATS_MANAGER] Setting frequency for core 3 in DVFS domain 3 to 2128 MHz
Here we try remapping!
-----and here we finish handling remapping results in cache controller! the Latency: 0
---invalid_cnt: 0

************recordStats once at 75300
[Warning] power scale is less than 1, please check!
[Overall Power Consumption] Peak: 24.6497, Dynamic: 12.5748
[DTM Trigger] CPU_MAX(THRES): 102.343(105.000), DRAM_MAX(THRES): 87.972(85.000)
	Current DTM method: 1
[SNIPER_STATS_MANAGER] Setting frequency for core 0 in DVFS domain 0 to 2660 MHz
[SNIPER_STATS_MANAGER] Setting frequency for core 1 in DVFS domain 1 to 2660 MHz
[SNIPER_STATS_MANAGER] Setting frequency for core 2 in DVFS domain 2 to 2660 MHz
[SNIPER_STATS_MANAGER] Setting frequency for core 3 in DVFS domain 3 to 2660 MHz
Here we try remapping!
-----and here we finish handling remapping results in cache controller! the Latency: 0
---invalid_cnt: 0

************recordStats once at 76300
[Warning] power scale is less than 1, please check!
[Overall Power Consumption] Peak: 30.8797, Dynamic: 15.5256
[DTM Trigger] CPU_MAX(THRES): 105.267(105.000), DRAM_MAX(THRES): 88.253(85.000)
	Current DTM method: 1
[HOT!] CPU is too hot!
[SNIPER_STATS_MANAGER] Setting frequency for core 0 in DVFS domain 0 to 2128 MHz
[SNIPER_STATS_MANAGER] Setting frequency for core 1 in DVFS domain 1 to 2128 MHz
[SNIPER_STATS_MANAGER] Setting frequency for core 2 in DVFS domain 2 to 2128 MHz
[SNIPER_STATS_MANAGER] Setting frequency for core 3 in DVFS domain 3 to 2128 MHz
Here we try remapping!
-----and here we finish handling remapping results in cache controller! the Latency: 0
---invalid_cnt: 0

************recordStats once at 77299
[Warning] power scale is less than 1, please check!
[Overall Power Consumption] Peak: 29.3944, Dynamic: 18.1643
[DTM Trigger] CPU_MAX(THRES): 106.636(105.000), DRAM_MAX(THRES): 88.741(85.000)
	Current DTM method: 1
[HOT!] CPU is too hot!
[SNIPER_STATS_MANAGER] Setting frequency for core 0 in DVFS domain 0 to 1596 MHz
[SNIPER_STATS_MANAGER] Setting frequency for core 1 in DVFS domain 1 to 1596 MHz
[SNIPER_STATS_MANAGER] Setting frequency for core 2 in DVFS domain 2 to 1596 MHz
[SNIPER_STATS_MANAGER] Setting frequency for core 3 in DVFS domain 3 to 1596 MHz
Here we try remapping!
-----and here we finish handling remapping results in cache controller! the Latency: 0
---invalid_cnt: 0

************recordStats once at 78299
[Warning] power scale is less than 1, please check!
[Overall Power Consumption] Peak: 16.4439, Dynamic: 10.5765
[DTM Trigger] CPU_MAX(THRES): 101.284(105.000), DRAM_MAX(THRES): 88.529(85.000)
	Current DTM method: 1
[SNIPER_STATS_MANAGER] Setting frequency for core 0 in DVFS domain 0 to 2128 MHz
[SNIPER_STATS_MANAGER] Setting frequency for core 1 in DVFS domain 1 to 2128 MHz
[SNIPER_STATS_MANAGER] Setting frequency for core 2 in DVFS domain 2 to 2128 MHz
[SNIPER_STATS_MANAGER] Setting frequency for core 3 in DVFS domain 3 to 2128 MHz
Here we try remapping!
-----and here we finish handling remapping results in cache controller! the Latency: 0
---invalid_cnt: 0

************recordStats once at 79299
[Warning] power scale is less than 1, please check!
[Overall Power Consumption] Peak: 24.1616, Dynamic: 12.0802
[DTM Trigger] CPU_MAX(THRES): 102.313(105.000), DRAM_MAX(THRES): 88.155(85.000)
	Current DTM method: 1
[SNIPER_STATS_MANAGER] Setting frequency for core 0 in DVFS domain 0 to 2660 MHz
[SNIPER_STATS_MANAGER] Setting frequency for core 1 in DVFS domain 1 to 2660 MHz
[SNIPER_STATS_MANAGER] Setting frequency for core 2 in DVFS domain 2 to 2660 MHz
[SNIPER_STATS_MANAGER] Setting frequency for core 3 in DVFS domain 3 to 2660 MHz
Here we try remapping!
-----and here we finish handling remapping results in cache controller! the Latency: 0
---invalid_cnt: 0

************recordStats once at 80300
[Warning] power scale is less than 1, please check!
[Overall Power Consumption] Peak: 30.8645, Dynamic: 15.5253
[DTM Trigger] CPU_MAX(THRES): 105.958(105.000), DRAM_MAX(THRES): 88.475(85.000)
	Current DTM method: 1
[HOT!] CPU is too hot!
[SNIPER_STATS_MANAGER] Setting frequency for core 0 in DVFS domain 0 to 2128 MHz
[SNIPER_STATS_MANAGER] Setting frequency for core 1 in DVFS domain 1 to 2128 MHz
[SNIPER_STATS_MANAGER] Setting frequency for core 2 in DVFS domain 2 to 2128 MHz
[SNIPER_STATS_MANAGER] Setting frequency for core 3 in DVFS domain 3 to 2128 MHz
Here we try remapping!
-----and here we finish handling remapping results in cache controller! the Latency: 0
---invalid_cnt: 0

************recordStats once at 81299
[Warning] power scale is less than 1, please check!
[Overall Power Consumption] Peak: 26.8708, Dynamic: 15.1903
[DTM Trigger] CPU_MAX(THRES): 107.305(105.000), DRAM_MAX(THRES): 89.021(85.000)
	Current DTM method: 1
[HOT!] CPU is too hot!
[SNIPER_STATS_MANAGER] Setting frequency for core 0 in DVFS domain 0 to 1596 MHz
[SNIPER_STATS_MANAGER] Setting frequency for core 1 in DVFS domain 1 to 1596 MHz
[SNIPER_STATS_MANAGER] Setting frequency for core 2 in DVFS domain 2 to 1596 MHz
[SNIPER_STATS_MANAGER] Setting frequency for core 3 in DVFS domain 3 to 1596 MHz
Here we try remapping!
-----and here we finish handling remapping results in cache controller! the Latency: 0
---invalid_cnt: 0

************recordStats once at 82298
[Warning] power scale is less than 1, please check!
[Overall Power Consumption] Peak: 13.9752, Dynamic: 8.62398
[DTM Trigger] CPU_MAX(THRES): 100.960(105.000), DRAM_MAX(THRES): 88.668(85.000)
	Current DTM method: 1
[SNIPER_STATS_MANAGER] Setting frequency for core 0 in DVFS domain 0 to 2128 MHz
[SNIPER_STATS_MANAGER] Setting frequency for core 1 in DVFS domain 1 to 2128 MHz
[SNIPER_STATS_MANAGER] Setting frequency for core 2 in DVFS domain 2 to 2128 MHz
[SNIPER_STATS_MANAGER] Setting frequency for core 3 in DVFS domain 3 to 2128 MHz
Here we try remapping!
-----and here we finish handling remapping results in cache controller! the Latency: 0
---invalid_cnt: 0

************recordStats once at 83275
[Warning] power scale is less than 1, please check!
[Overall Power Consumption] Peak: 18.0336, Dynamic: 8.25573
[DTM Trigger] CPU_MAX(THRES): 101.113(105.000), DRAM_MAX(THRES): 87.635(85.000)
	Current DTM method: 1
[SNIPER_STATS_MANAGER] Setting frequency for core 0 in DVFS domain 0 to 2660 MHz
[SNIPER_STATS_MANAGER] Setting frequency for core 1 in DVFS domain 1 to 2660 MHz
[SNIPER_STATS_MANAGER] Setting frequency for core 2 in DVFS domain 2 to 2660 MHz
[SNIPER_STATS_MANAGER] Setting frequency for core 3 in DVFS domain 3 to 2660 MHz
Here we try remapping!
-----and here we finish handling remapping results in cache controller! the Latency: 0
---invalid_cnt: 0

************recordStats once at 84299
[Warning] power scale is less than 1, please check!
[Overall Power Consumption] Peak: 18.89, Dynamic: 7.43551
[DTM Trigger] CPU_MAX(THRES): 106.781(105.000), DRAM_MAX(THRES): 87.723(85.000)
	Current DTM method: 1
[HOT!] CPU is too hot!
[SNIPER_STATS_MANAGER] Setting frequency for core 0 in DVFS domain 0 to 2128 MHz
[SNIPER_STATS_MANAGER] Setting frequency for core 1 in DVFS domain 1 to 2128 MHz
[SNIPER_STATS_MANAGER] Setting frequency for core 2 in DVFS domain 2 to 2128 MHz
[SNIPER_STATS_MANAGER] Setting frequency for core 3 in DVFS domain 3 to 2128 MHz
Here we try remapping!
-----and here we finish handling remapping results in cache controller! the Latency: 0
---invalid_cnt: 0

************recordStats once at 85299
[Warning] power scale is less than 1, please check!
[Overall Power Consumption] Peak: 15.5702, Dynamic: 7.34641
[DTM Trigger] CPU_MAX(THRES): 107.845(105.000), DRAM_MAX(THRES): 88.191(85.000)
	Current DTM method: 1
[HOT!] CPU is too hot!
[SNIPER_STATS_MANAGER] Setting frequency for core 0 in DVFS domain 0 to 1596 MHz
[SNIPER_STATS_MANAGER] Setting frequency for core 1 in DVFS domain 1 to 1596 MHz
[SNIPER_STATS_MANAGER] Setting frequency for core 2 in DVFS domain 2 to 1596 MHz
[SNIPER_STATS_MANAGER] Setting frequency for core 3 in DVFS domain 3 to 1596 MHz
Here we try remapping!
-----and here we finish handling remapping results in cache controller! the Latency: 0
---invalid_cnt: 0

************recordStats once at 86300
[Warning] power scale is less than 1, please check!
[Overall Power Consumption] Peak: 8.77035, Dynamic: 4.48204
[DTM Trigger] CPU_MAX(THRES): 100.416(105.000), DRAM_MAX(THRES): 88.615(85.000)
	Current DTM method: 1
[SNIPER_STATS_MANAGER] Setting frequency for core 0 in DVFS domain 0 to 2128 MHz
[SNIPER_STATS_MANAGER] Setting frequency for core 1 in DVFS domain 1 to 2128 MHz
[SNIPER_STATS_MANAGER] Setting frequency for core 2 in DVFS domain 2 to 2128 MHz
[SNIPER_STATS_MANAGER] Setting frequency for core 3 in DVFS domain 3 to 2128 MHz
Here we try remapping!
-----and here we finish handling remapping results in cache controller! the Latency: 0
---invalid_cnt: 0

************recordStats once at 87299
[Warning] power scale is less than 1, please check!
[Overall Power Consumption] Peak: 16.2034, Dynamic: 6.54726
[DTM Trigger] CPU_MAX(THRES): 101.008(105.000), DRAM_MAX(THRES): 88.766(85.000)
	Current DTM method: 1
[SNIPER_STATS_MANAGER] Setting frequency for core 0 in DVFS domain 0 to 2660 MHz
[SNIPER_STATS_MANAGER] Setting frequency for core 1 in DVFS domain 1 to 2660 MHz
[SNIPER_STATS_MANAGER] Setting frequency for core 2 in DVFS domain 2 to 2660 MHz
[SNIPER_STATS_MANAGER] Setting frequency for core 3 in DVFS domain 3 to 2660 MHz
Here we try remapping!
-----and here we finish handling remapping results in cache controller! the Latency: 0
---invalid_cnt: 0

************recordStats once at 88299
[Warning] power scale is less than 1, please check!
[Overall Power Consumption] Peak: 27.9138, Dynamic: 11.5669
[DTM Trigger] CPU_MAX(THRES): 101.415(105.000), DRAM_MAX(THRES): 86.859(85.000)
	Current DTM method: 1
Here we try remapping!
-----and here we finish handling remapping results in cache controller! the Latency: 0
---invalid_cnt: 0

************recordStats once at 89300
[Warning] power scale is less than 1, please check!
[Overall Power Consumption] Peak: 30.6391, Dynamic: 15.3153
[DTM Trigger] CPU_MAX(THRES): 103.930(105.000), DRAM_MAX(THRES): 86.983(85.000)
	Current DTM method: 1
Here we try remapping!
-----and here we finish handling remapping results in cache controller! the Latency: 0
---invalid_cnt: 0

************recordStats once at 90300
[Warning] power scale is less than 1, please check!
[Overall Power Consumption] Peak: 30.8412, Dynamic: 15.5011
[DTM Trigger] CPU_MAX(THRES): 104.362(105.000), DRAM_MAX(THRES): 87.295(85.000)
	Current DTM method: 1
Here we try remapping!
-----and here we finish handling remapping results in cache controller! the Latency: 0
---invalid_cnt: 0

************recordStats once at 91300
[Warning] power scale is less than 1, please check!
[Overall Power Consumption] Peak: 30.9229, Dynamic: 15.6073
[DTM Trigger] CPU_MAX(THRES): 105.131(105.000), DRAM_MAX(THRES): 87.819(85.000)
	Current DTM method: 1
[HOT!] CPU is too hot!
[SNIPER_STATS_MANAGER] Setting frequency for core 0 in DVFS domain 0 to 2128 MHz
[SNIPER_STATS_MANAGER] Setting frequency for core 1 in DVFS domain 1 to 2128 MHz
[SNIPER_STATS_MANAGER] Setting frequency for core 2 in DVFS domain 2 to 2128 MHz
[SNIPER_STATS_MANAGER] Setting frequency for core 3 in DVFS domain 3 to 2128 MHz
Here we try remapping!
-----and here we finish handling remapping results in cache controller! the Latency: 0
---invalid_cnt: 0

************recordStats once at 92300
[Warning] power scale is less than 1, please check!
[Overall Power Consumption] Peak: 28.7004, Dynamic: 16.9146
[DTM Trigger] CPU_MAX(THRES): 105.634(105.000), DRAM_MAX(THRES): 88.294(85.000)
	Current DTM method: 1
[HOT!] CPU is too hot!
[SNIPER_STATS_MANAGER] Setting frequency for core 0 in DVFS domain 0 to 1596 MHz
[SNIPER_STATS_MANAGER] Setting frequency for core 1 in DVFS domain 1 to 1596 MHz
[SNIPER_STATS_MANAGER] Setting frequency for core 2 in DVFS domain 2 to 1596 MHz
[SNIPER_STATS_MANAGER] Setting frequency for core 3 in DVFS domain 3 to 1596 MHz
Here we try remapping!
-----and here we finish handling remapping results in cache controller! the Latency: 0
---invalid_cnt: 0

************recordStats once at 93299
[Warning] power scale is less than 1, please check!
[Overall Power Consumption] Peak: 16.6875, Dynamic: 11.0924
[DTM Trigger] CPU_MAX(THRES): 100.629(105.000), DRAM_MAX(THRES): 88.089(85.000)
	Current DTM method: 1
[SNIPER_STATS_MANAGER] Setting frequency for core 0 in DVFS domain 0 to 2128 MHz
[SNIPER_STATS_MANAGER] Setting frequency for core 1 in DVFS domain 1 to 2128 MHz
[SNIPER_STATS_MANAGER] Setting frequency for core 2 in DVFS domain 2 to 2128 MHz
[SNIPER_STATS_MANAGER] Setting frequency for core 3 in DVFS domain 3 to 2128 MHz
Here we try remapping!
-----and here we finish handling remapping results in cache controller! the Latency: 0
---invalid_cnt: 0

************recordStats once at 94300
[Warning] power scale is less than 1, please check!
[Overall Power Consumption] Peak: 24.9448, Dynamic: 12.883
[DTM Trigger] CPU_MAX(THRES): 101.886(105.000), DRAM_MAX(THRES): 87.799(85.000)
	Current DTM method: 1
[SNIPER_STATS_MANAGER] Setting frequency for core 0 in DVFS domain 0 to 2660 MHz
[SNIPER_STATS_MANAGER] Setting frequency for core 1 in DVFS domain 1 to 2660 MHz
[SNIPER_STATS_MANAGER] Setting frequency for core 2 in DVFS domain 2 to 2660 MHz
[SNIPER_STATS_MANAGER] Setting frequency for core 3 in DVFS domain 3 to 2660 MHz
Here we try remapping!
-----and here we finish handling remapping results in cache controller! the Latency: 0
---invalid_cnt: 0

************recordStats once at 95299
[Warning] power scale is less than 1, please check!
[Overall Power Consumption] Peak: 30.8796, Dynamic: 15.5298
[DTM Trigger] CPU_MAX(THRES): 105.255(105.000), DRAM_MAX(THRES): 88.160(85.000)
	Current DTM method: 1
[HOT!] CPU is too hot!
[SNIPER_STATS_MANAGER] Setting frequency for core 0 in DVFS domain 0 to 2128 MHz
[SNIPER_STATS_MANAGER] Setting frequency for core 1 in DVFS domain 1 to 2128 MHz
[SNIPER_STATS_MANAGER] Setting frequency for core 2 in DVFS domain 2 to 2128 MHz
[SNIPER_STATS_MANAGER] Setting frequency for core 3 in DVFS domain 3 to 2128 MHz
Here we try remapping!
-----and here we finish handling remapping results in cache controller! the Latency: 0
---invalid_cnt: 0

************recordStats once at 96300
[Warning] power scale is less than 1, please check!
[Overall Power Consumption] Peak: 28.8076, Dynamic: 17.3915
[DTM Trigger] CPU_MAX(THRES): 107.437(105.000), DRAM_MAX(THRES): 88.803(85.000)
	Current DTM method: 1
[HOT!] CPU is too hot!
[SNIPER_STATS_MANAGER] Setting frequency for core 0 in DVFS domain 0 to 1596 MHz
[SNIPER_STATS_MANAGER] Setting frequency for core 1 in DVFS domain 1 to 1596 MHz
[SNIPER_STATS_MANAGER] Setting frequency for core 2 in DVFS domain 2 to 1596 MHz
[SNIPER_STATS_MANAGER] Setting frequency for core 3 in DVFS domain 3 to 1596 MHz
Here we try remapping!
-----and here we finish handling remapping results in cache controller! the Latency: 0
---invalid_cnt: 0

************recordStats once at 97299
[Warning] power scale is less than 1, please check!
[Overall Power Consumption] Peak: 16.7099, Dynamic: 11.3106
[DTM Trigger] CPU_MAX(THRES): 101.493(105.000), DRAM_MAX(THRES): 88.638(85.000)
	Current DTM method: 1
[SNIPER_STATS_MANAGER] Setting frequency for core 0 in DVFS domain 0 to 2128 MHz
[SNIPER_STATS_MANAGER] Setting frequency for core 1 in DVFS domain 1 to 2128 MHz
[SNIPER_STATS_MANAGER] Setting frequency for core 2 in DVFS domain 2 to 2128 MHz
[SNIPER_STATS_MANAGER] Setting frequency for core 3 in DVFS domain 3 to 2128 MHz
Here we try remapping!
-----and here we finish handling remapping results in cache controller! the Latency: 0
---invalid_cnt: 0

************recordStats once at 98300
[Warning] power scale is less than 1, please check!
[Overall Power Consumption] Peak: 25.1267, Dynamic: 13.1019
[DTM Trigger] CPU_MAX(THRES): 102.605(105.000), DRAM_MAX(THRES): 88.263(85.000)
	Current DTM method: 1
[SNIPER_STATS_MANAGER] Setting frequency for core 0 in DVFS domain 0 to 2660 MHz
[SNIPER_STATS_MANAGER] Setting frequency for core 1 in DVFS domain 1 to 2660 MHz
[SNIPER_STATS_MANAGER] Setting frequency for core 2 in DVFS domain 2 to 2660 MHz
[SNIPER_STATS_MANAGER] Setting frequency for core 3 in DVFS domain 3 to 2660 MHz
Here we try remapping!
-----and here we finish handling remapping results in cache controller! the Latency: 0
---invalid_cnt: 0

************recordStats once at 99300
[Warning] power scale is less than 1, please check!
[Overall Power Consumption] Peak: 31.0377, Dynamic: 15.7072
[DTM Trigger] CPU_MAX(THRES): 106.239(105.000), DRAM_MAX(THRES): 88.594(85.000)
	Current DTM method: 1
[HOT!] CPU is too hot!
[SNIPER_STATS_MANAGER] Setting frequency for core 0 in DVFS domain 0 to 2128 MHz
[SNIPER_STATS_MANAGER] Setting frequency for core 1 in DVFS domain 1 to 2128 MHz
[SNIPER_STATS_MANAGER] Setting frequency for core 2 in DVFS domain 2 to 2128 MHz
[SNIPER_STATS_MANAGER] Setting frequency for core 3 in DVFS domain 3 to 2128 MHz
Here we try remapping!
-----and here we finish handling remapping results in cache controller! the Latency: 0
---invalid_cnt: 0

************recordStats once at 100299
[Warning] power scale is less than 1, please check!
[Overall Power Consumption] Peak: 29.4873, Dynamic: 18.5611
[DTM Trigger] CPU_MAX(THRES): 106.677(105.000), DRAM_MAX(THRES): 89.064(85.000)
	Current DTM method: 1
[HOT!] CPU is too hot!
[SNIPER_STATS_MANAGER] Setting frequency for core 0 in DVFS domain 0 to 1596 MHz
[SNIPER_STATS_MANAGER] Setting frequency for core 1 in DVFS domain 1 to 1596 MHz
[SNIPER_STATS_MANAGER] Setting frequency for core 2 in DVFS domain 2 to 1596 MHz
[SNIPER_STATS_MANAGER] Setting frequency for core 3 in DVFS domain 3 to 1596 MHz
Here we try remapping!
-----and here we finish handling remapping results in cache controller! the Latency: 0
---invalid_cnt: 0

************recordStats once at 101300
[Warning] power scale is less than 1, please check!
[Overall Power Consumption] Peak: 16.6066, Dynamic: 10.873
[DTM Trigger] CPU_MAX(THRES): 101.658(105.000), DRAM_MAX(THRES): 88.800(85.000)
	Current DTM method: 1
[SNIPER_STATS_MANAGER] Setting frequency for core 0 in DVFS domain 0 to 2128 MHz
[SNIPER_STATS_MANAGER] Setting frequency for core 1 in DVFS domain 1 to 2128 MHz
[SNIPER_STATS_MANAGER] Setting frequency for core 2 in DVFS domain 2 to 2128 MHz
[SNIPER_STATS_MANAGER] Setting frequency for core 3 in DVFS domain 3 to 2128 MHz
Here we try remapping!
-----and here we finish handling remapping results in cache controller! the Latency: 0
---invalid_cnt: 0

************recordStats once at 102299
[Warning] power scale is less than 1, please check!
[Overall Power Consumption] Peak: 24.8163, Dynamic: 12.767
[DTM Trigger] CPU_MAX(THRES): 102.884(105.000), DRAM_MAX(THRES): 88.456(85.000)
	Current DTM method: 1
[SNIPER_STATS_MANAGER] Setting frequency for core 0 in DVFS domain 0 to 2660 MHz
[SNIPER_STATS_MANAGER] Setting frequency for core 1 in DVFS domain 1 to 2660 MHz
[SNIPER_STATS_MANAGER] Setting frequency for core 2 in DVFS domain 2 to 2660 MHz
[SNIPER_STATS_MANAGER] Setting frequency for core 3 in DVFS domain 3 to 2660 MHz
Here we try remapping!
-----and here we finish handling remapping results in cache controller! the Latency: 0
---invalid_cnt: 0

************recordStats once at 103299
[Warning] power scale is less than 1, please check!
[Overall Power Consumption] Peak: 30.7025, Dynamic: 15.3206
[DTM Trigger] CPU_MAX(THRES): 106.336(105.000), DRAM_MAX(THRES): 88.785(85.000)
	Current DTM method: 1
[HOT!] CPU is too hot!
[SNIPER_STATS_MANAGER] Setting frequency for core 0 in DVFS domain 0 to 2128 MHz
[SNIPER_STATS_MANAGER] Setting frequency for core 1 in DVFS domain 1 to 2128 MHz
[SNIPER_STATS_MANAGER] Setting frequency for core 2 in DVFS domain 2 to 2128 MHz
[SNIPER_STATS_MANAGER] Setting frequency for core 3 in DVFS domain 3 to 2128 MHz
Here we try remapping!
-----and here we finish handling remapping results in cache controller! the Latency: 0
---invalid_cnt: 0

************recordStats once at 104299
[Warning] power scale is less than 1, please check!
[Overall Power Consumption] Peak: 29.3758, Dynamic: 18.2015
[DTM Trigger] CPU_MAX(THRES): 106.863(105.000), DRAM_MAX(THRES): 89.234(85.000)
	Current DTM method: 1
[HOT!] CPU is too hot!
[SNIPER_STATS_MANAGER] Setting frequency for core 0 in DVFS domain 0 to 1596 MHz
[SNIPER_STATS_MANAGER] Setting frequency for core 1 in DVFS domain 1 to 1596 MHz
[SNIPER_STATS_MANAGER] Setting frequency for core 2 in DVFS domain 2 to 1596 MHz
[SNIPER_STATS_MANAGER] Setting frequency for core 3 in DVFS domain 3 to 1596 MHz
Here we try remapping!
-----and here we finish handling remapping results in cache controller! the Latency: 0
---invalid_cnt: 0

************recordStats once at 105300
[Warning] power scale is less than 1, please check!
[Overall Power Consumption] Peak: 16.7002, Dynamic: 11.0702
[DTM Trigger] CPU_MAX(THRES): 101.537(105.000), DRAM_MAX(THRES): 88.935(85.000)
	Current DTM method: 1
[SNIPER_STATS_MANAGER] Setting frequency for core 0 in DVFS domain 0 to 2128 MHz
[SNIPER_STATS_MANAGER] Setting frequency for core 1 in DVFS domain 1 to 2128 MHz
[SNIPER_STATS_MANAGER] Setting frequency for core 2 in DVFS domain 2 to 2128 MHz
[SNIPER_STATS_MANAGER] Setting frequency for core 3 in DVFS domain 3 to 2128 MHz
Here we try remapping!
-----and here we finish handling remapping results in cache controller! the Latency: 0
---invalid_cnt: 0

************recordStats once at 106300
[Warning] power scale is less than 1, please check!
[Overall Power Consumption] Peak: 24.1525, Dynamic: 12.0514
[DTM Trigger] CPU_MAX(THRES): 103.109(105.000), DRAM_MAX(THRES): 88.589(85.000)
	Current DTM method: 1
[SNIPER_STATS_MANAGER] Setting frequency for core 0 in DVFS domain 0 to 2660 MHz
[SNIPER_STATS_MANAGER] Setting frequency for core 1 in DVFS domain 1 to 2660 MHz
[SNIPER_STATS_MANAGER] Setting frequency for core 2 in DVFS domain 2 to 2660 MHz
[SNIPER_STATS_MANAGER] Setting frequency for core 3 in DVFS domain 3 to 2660 MHz
Here we try remapping!
-----and here we finish handling remapping results in cache controller! the Latency: 0
---invalid_cnt: 0

************recordStats once at 107299
[Warning] power scale is less than 1, please check!
[Overall Power Consumption] Peak: 30.086, Dynamic: 14.6965
[DTM Trigger] CPU_MAX(THRES): 106.318(105.000), DRAM_MAX(THRES): 88.901(85.000)
	Current DTM method: 1
[HOT!] CPU is too hot!
[SNIPER_STATS_MANAGER] Setting frequency for core 0 in DVFS domain 0 to 2128 MHz
[SNIPER_STATS_MANAGER] Setting frequency for core 1 in DVFS domain 1 to 2128 MHz
[SNIPER_STATS_MANAGER] Setting frequency for core 2 in DVFS domain 2 to 2128 MHz
[SNIPER_STATS_MANAGER] Setting frequency for core 3 in DVFS domain 3 to 2128 MHz
Here we try remapping!
-----and here we finish handling remapping results in cache controller! the Latency: 0
---invalid_cnt: 0

************recordStats once at 108299
[Warning] power scale is less than 1, please check!
[Overall Power Consumption] Peak: 29.4775, Dynamic: 18.3347
[DTM Trigger] CPU_MAX(THRES): 106.903(105.000), DRAM_MAX(THRES): 89.321(85.000)
	Current DTM method: 1
[HOT!] CPU is too hot!
[SNIPER_STATS_MANAGER] Setting frequency for core 0 in DVFS domain 0 to 1596 MHz
[SNIPER_STATS_MANAGER] Setting frequency for core 1 in DVFS domain 1 to 1596 MHz
[SNIPER_STATS_MANAGER] Setting frequency for core 2 in DVFS domain 2 to 1596 MHz
[SNIPER_STATS_MANAGER] Setting frequency for core 3 in DVFS domain 3 to 1596 MHz
Here we try remapping!
-----and here we finish handling remapping results in cache controller! the Latency: 0
---invalid_cnt: 0

************recordStats once at 109300
[Warning] power scale is less than 1, please check!
[Overall Power Consumption] Peak: 15.4271, Dynamic: 9.33795
[DTM Trigger] CPU_MAX(THRES): 102.006(105.000), DRAM_MAX(THRES): 89.063(85.000)
	Current DTM method: 1
[SNIPER_STATS_MANAGER] Setting frequency for core 0 in DVFS domain 0 to 2128 MHz
[SNIPER_STATS_MANAGER] Setting frequency for core 1 in DVFS domain 1 to 2128 MHz
[SNIPER_STATS_MANAGER] Setting frequency for core 2 in DVFS domain 2 to 2128 MHz
[SNIPER_STATS_MANAGER] Setting frequency for core 3 in DVFS domain 3 to 2128 MHz
Here we try remapping!
-----and here we finish handling remapping results in cache controller! the Latency: 0
---invalid_cnt: 0

************recordStats once at 110299
[Warning] power scale is less than 1, please check!
[Overall Power Consumption] Peak: 20.8871, Dynamic: 10.0455
[DTM Trigger] CPU_MAX(THRES): 102.678(105.000), DRAM_MAX(THRES): 88.640(85.000)
	Current DTM method: 1
[SNIPER_STATS_MANAGER] Setting frequency for core 0 in DVFS domain 0 to 2660 MHz
[SNIPER_STATS_MANAGER] Setting frequency for core 1 in DVFS domain 1 to 2660 MHz
[SNIPER_STATS_MANAGER] Setting frequency for core 2 in DVFS domain 2 to 2660 MHz
[SNIPER_STATS_MANAGER] Setting frequency for core 3 in DVFS domain 3 to 2660 MHz
Here we try remapping!
-----and here we finish handling remapping results in cache controller! the Latency: 0
---invalid_cnt: 0

************recordStats once at 111298
[Warning] power scale is less than 1, please check!
[Overall Power Consumption] Peak: 23.1179, Dynamic: 10.1451
[DTM Trigger] CPU_MAX(THRES): 105.160(105.000), DRAM_MAX(THRES): 88.205(85.000)
	Current DTM method: 1
[HOT!] CPU is too hot!
[SNIPER_STATS_MANAGER] Setting frequency for core 0 in DVFS domain 0 to 2128 MHz
[SNIPER_STATS_MANAGER] Setting frequency for core 1 in DVFS domain 1 to 2128 MHz
[SNIPER_STATS_MANAGER] Setting frequency for core 2 in DVFS domain 2 to 2128 MHz
[SNIPER_STATS_MANAGER] Setting frequency for core 3 in DVFS domain 3 to 2128 MHz
Here we try remapping!
-----and here we finish handling remapping results in cache controller! the Latency: 0
---invalid_cnt: 0

************recordStats once at 112299
[Warning] power scale is less than 1, please check!
[Overall Power Consumption] Peak: 18.2372, Dynamic: 8.8559
[DTM Trigger] CPU_MAX(THRES): 108.019(105.000), DRAM_MAX(THRES): 88.437(85.000)
	Current DTM method: 1
[HOT!] CPU is too hot!
[SNIPER_STATS_MANAGER] Setting frequency for core 0 in DVFS domain 0 to 1596 MHz
[SNIPER_STATS_MANAGER] Setting frequency for core 1 in DVFS domain 1 to 1596 MHz
[SNIPER_STATS_MANAGER] Setting frequency for core 2 in DVFS domain 2 to 1596 MHz
[SNIPER_STATS_MANAGER] Setting frequency for core 3 in DVFS domain 3 to 1596 MHz
Here we try remapping!
-----and here we finish handling remapping results in cache controller! the Latency: 0
---invalid_cnt: 0

************recordStats once at 113299
[Warning] power scale is less than 1, please check!
[Overall Power Consumption] Peak: 8.80081, Dynamic: 4.60981
[DTM Trigger] CPU_MAX(THRES): 101.173(105.000), DRAM_MAX(THRES): 88.177(85.000)
	Current DTM method: 1
[SNIPER_STATS_MANAGER] Setting frequency for core 0 in DVFS domain 0 to 2128 MHz
[SNIPER_STATS_MANAGER] Setting frequency for core 1 in DVFS domain 1 to 2128 MHz
[SNIPER_STATS_MANAGER] Setting frequency for core 2 in DVFS domain 2 to 2128 MHz
[SNIPER_STATS_MANAGER] Setting frequency for core 3 in DVFS domain 3 to 2128 MHz
Here we try remapping!
-----and here we finish handling remapping results in cache controller! the Latency: 0
---invalid_cnt: 0

************recordStats once at 114300
[Warning] power scale is less than 1, please check!
[Overall Power Consumption] Peak: 14.1527, Dynamic: 5.76853
[DTM Trigger] CPU_MAX(THRES): 101.742(105.000), DRAM_MAX(THRES): 89.159(85.000)
	Current DTM method: 1
[SNIPER_STATS_MANAGER] Setting frequency for core 0 in DVFS domain 0 to 2660 MHz
[SNIPER_STATS_MANAGER] Setting frequency for core 1 in DVFS domain 1 to 2660 MHz
[SNIPER_STATS_MANAGER] Setting frequency for core 2 in DVFS domain 2 to 2660 MHz
[SNIPER_STATS_MANAGER] Setting frequency for core 3 in DVFS domain 3 to 2660 MHz
Here we try remapping!
-----and here we finish handling remapping results in cache controller! the Latency: 0
---invalid_cnt: 0

************recordStats once at 115299
[Warning] power scale is less than 1, please check!
[Overall Power Consumption] Peak: 19.076, Dynamic: 7.10482
[DTM Trigger] CPU_MAX(THRES): 105.807(105.000), DRAM_MAX(THRES): 89.387(85.000)
	Current DTM method: 1
[HOT!] CPU is too hot!
[SNIPER_STATS_MANAGER] Setting frequency for core 0 in DVFS domain 0 to 2128 MHz
[SNIPER_STATS_MANAGER] Setting frequency for core 1 in DVFS domain 1 to 2128 MHz
[SNIPER_STATS_MANAGER] Setting frequency for core 2 in DVFS domain 2 to 2128 MHz
[SNIPER_STATS_MANAGER] Setting frequency for core 3 in DVFS domain 3 to 2128 MHz
Here we try remapping!
-----and here we finish handling remapping results in cache controller! the Latency: 0
---invalid_cnt: 0

************recordStats once at 116299
[Warning] power scale is less than 1, please check!
[Overall Power Consumption] Peak: 25.4445, Dynamic: 13.35
[DTM Trigger] CPU_MAX(THRES): 102.760(105.000), DRAM_MAX(THRES): 87.584(85.000)
	Current DTM method: 1
[SNIPER_STATS_MANAGER] Setting frequency for core 0 in DVFS domain 0 to 2660 MHz
[SNIPER_STATS_MANAGER] Setting frequency for core 1 in DVFS domain 1 to 2660 MHz
[SNIPER_STATS_MANAGER] Setting frequency for core 2 in DVFS domain 2 to 2660 MHz
[SNIPER_STATS_MANAGER] Setting frequency for core 3 in DVFS domain 3 to 2660 MHz
Here we try remapping!
-----and here we finish handling remapping results in cache controller! the Latency: 0
---invalid_cnt: 0

************recordStats once at 117299
[Warning] power scale is less than 1, please check!
[Overall Power Consumption] Peak: 28.3348, Dynamic: 13.0639
[DTM Trigger] CPU_MAX(THRES): 103.428(105.000), DRAM_MAX(THRES): 87.479(85.000)
	Current DTM method: 1
Here we try remapping!
-----and here we finish handling remapping results in cache controller! the Latency: 0
---invalid_cnt: 0

************recordStats once at 118299
[Warning] power scale is less than 1, please check!
[Overall Power Consumption] Peak: 30.6118, Dynamic: 15.5414
[DTM Trigger] CPU_MAX(THRES): 104.830(105.000), DRAM_MAX(THRES): 87.632(85.000)
	Current DTM method: 1
Here we try remapping!
-----and here we finish handling remapping results in cache controller! the Latency: 0
---invalid_cnt: 0

************recordStats once at 119300
[Warning] power scale is less than 1, please check!
[Overall Power Consumption] Peak: 31.3604, Dynamic: 16.3444
[DTM Trigger] CPU_MAX(THRES): 106.273(105.000), DRAM_MAX(THRES): 88.173(85.000)
	Current DTM method: 1
[HOT!] CPU is too hot!
[SNIPER_STATS_MANAGER] Setting frequency for core 0 in DVFS domain 0 to 2128 MHz
[SNIPER_STATS_MANAGER] Setting frequency for core 1 in DVFS domain 1 to 2128 MHz
[SNIPER_STATS_MANAGER] Setting frequency for core 2 in DVFS domain 2 to 2128 MHz
[SNIPER_STATS_MANAGER] Setting frequency for core 3 in DVFS domain 3 to 2128 MHz
Here we try remapping!
-----and here we finish handling remapping results in cache controller! the Latency: 0
---invalid_cnt: 0

************recordStats once at 120300
[Warning] power scale is less than 1, please check!
[Overall Power Consumption] Peak: 29.3657, Dynamic: 18.2576
[DTM Trigger] CPU_MAX(THRES): 107.229(105.000), DRAM_MAX(THRES): 88.809(85.000)
	Current DTM method: 1
[HOT!] CPU is too hot!
[SNIPER_STATS_MANAGER] Setting frequency for core 0 in DVFS domain 0 to 1596 MHz
[SNIPER_STATS_MANAGER] Setting frequency for core 1 in DVFS domain 1 to 1596 MHz
[SNIPER_STATS_MANAGER] Setting frequency for core 2 in DVFS domain 2 to 1596 MHz
[SNIPER_STATS_MANAGER] Setting frequency for core 3 in DVFS domain 3 to 1596 MHz
Here we try remapping!
-----and here we finish handling remapping results in cache controller! the Latency: 0
---invalid_cnt: 0

************recordStats once at 121299
[Warning] power scale is less than 1, please check!
[Overall Power Consumption] Peak: 16.7397, Dynamic: 11.3403
[DTM Trigger] CPU_MAX(THRES): 101.278(105.000), DRAM_MAX(THRES): 88.603(85.000)
	Current DTM method: 1
[SNIPER_STATS_MANAGER] Setting frequency for core 0 in DVFS domain 0 to 2128 MHz
[SNIPER_STATS_MANAGER] Setting frequency for core 1 in DVFS domain 1 to 2128 MHz
[SNIPER_STATS_MANAGER] Setting frequency for core 2 in DVFS domain 2 to 2128 MHz
[SNIPER_STATS_MANAGER] Setting frequency for core 3 in DVFS domain 3 to 2128 MHz
Here we try remapping!
-----and here we finish handling remapping results in cache controller! the Latency: 0
---invalid_cnt: 0

************recordStats once at 122299
[Warning] power scale is less than 1, please check!
[Overall Power Consumption] Peak: 24.7301, Dynamic: 12.8757
[DTM Trigger] CPU_MAX(THRES): 102.596(105.000), DRAM_MAX(THRES): 88.260(85.000)
	Current DTM method: 1
[SNIPER_STATS_MANAGER] Setting frequency for core 0 in DVFS domain 0 to 2660 MHz
[SNIPER_STATS_MANAGER] Setting frequency for core 1 in DVFS domain 1 to 2660 MHz
[SNIPER_STATS_MANAGER] Setting frequency for core 2 in DVFS domain 2 to 2660 MHz
[SNIPER_STATS_MANAGER] Setting frequency for core 3 in DVFS domain 3 to 2660 MHz
Here we try remapping!
-----and here we finish handling remapping results in cache controller! the Latency: 0
---invalid_cnt: 0

************recordStats once at 123299
[Warning] power scale is less than 1, please check!
[Overall Power Consumption] Peak: 29.9418, Dynamic: 14.8186
[DTM Trigger] CPU_MAX(THRES): 107.316(105.000), DRAM_MAX(THRES): 88.731(85.000)
	Current DTM method: 1
[HOT!] CPU is too hot!
[SNIPER_STATS_MANAGER] Setting frequency for core 0 in DVFS domain 0 to 2128 MHz
[SNIPER_STATS_MANAGER] Setting frequency for core 1 in DVFS domain 1 to 2128 MHz
[SNIPER_STATS_MANAGER] Setting frequency for core 2 in DVFS domain 2 to 2128 MHz
[SNIPER_STATS_MANAGER] Setting frequency for core 3 in DVFS domain 3 to 2128 MHz
Here we try remapping!
-----and here we finish handling remapping results in cache controller! the Latency: 0
---invalid_cnt: 0

************recordStats once at 124300
[Warning] power scale is less than 1, please check!
[Overall Power Consumption] Peak: 29.5215, Dynamic: 18.8742
[DTM Trigger] CPU_MAX(THRES): 107.841(105.000), DRAM_MAX(THRES): 89.325(85.000)
	Current DTM method: 1
[HOT!] CPU is too hot!
[SNIPER_STATS_MANAGER] Setting frequency for core 0 in DVFS domain 0 to 1596 MHz
[SNIPER_STATS_MANAGER] Setting frequency for core 1 in DVFS domain 1 to 1596 MHz
[SNIPER_STATS_MANAGER] Setting frequency for core 2 in DVFS domain 2 to 1596 MHz
[SNIPER_STATS_MANAGER] Setting frequency for core 3 in DVFS domain 3 to 1596 MHz
Here we try remapping!
-----and here we finish handling remapping results in cache controller! the Latency: 0
---invalid_cnt: 0

************recordStats once at 125300
[Warning] power scale is less than 1, please check!
[Overall Power Consumption] Peak: 16.7544, Dynamic: 11.4965
[DTM Trigger] CPU_MAX(THRES): 101.876(105.000), DRAM_MAX(THRES): 89.035(85.000)
	Current DTM method: 1
[SNIPER_STATS_MANAGER] Setting frequency for core 0 in DVFS domain 0 to 2128 MHz
[SNIPER_STATS_MANAGER] Setting frequency for core 1 in DVFS domain 1 to 2128 MHz
[SNIPER_STATS_MANAGER] Setting frequency for core 2 in DVFS domain 2 to 2128 MHz
[SNIPER_STATS_MANAGER] Setting frequency for core 3 in DVFS domain 3 to 2128 MHz
Here we try remapping!
-----and here we finish handling remapping results in cache controller! the Latency: 0
---invalid_cnt: 0

************recordStats once at 126299
[Warning] power scale is less than 1, please check!
[Overall Power Consumption] Peak: 25.0118, Dynamic: 13.1908
[DTM Trigger] CPU_MAX(THRES): 103.056(105.000), DRAM_MAX(THRES): 88.618(85.000)
	Current DTM method: 1
[SNIPER_STATS_MANAGER] Setting frequency for core 0 in DVFS domain 0 to 2660 MHz
[SNIPER_STATS_MANAGER] Setting frequency for core 1 in DVFS domain 1 to 2660 MHz
[SNIPER_STATS_MANAGER] Setting frequency for core 2 in DVFS domain 2 to 2660 MHz
[SNIPER_STATS_MANAGER] Setting frequency for core 3 in DVFS domain 3 to 2660 MHz
Here we try remapping!
-----and here we finish handling remapping results in cache controller! the Latency: 0
---invalid_cnt: 0

************recordStats once at 127300
[Warning] power scale is less than 1, please check!
[Overall Power Consumption] Peak: 30.3328, Dynamic: 15.2151
[DTM Trigger] CPU_MAX(THRES): 106.797(105.000), DRAM_MAX(THRES): 88.940(85.000)
	Current DTM method: 1
[HOT!] CPU is too hot!
[SNIPER_STATS_MANAGER] Setting frequency for core 0 in DVFS domain 0 to 2128 MHz
[SNIPER_STATS_MANAGER] Setting frequency for core 1 in DVFS domain 1 to 2128 MHz
[SNIPER_STATS_MANAGER] Setting frequency for core 2 in DVFS domain 2 to 2128 MHz
[SNIPER_STATS_MANAGER] Setting frequency for core 3 in DVFS domain 3 to 2128 MHz
Here we try remapping!
-----and here we finish handling remapping results in cache controller! the Latency: 0
---invalid_cnt: 0

************recordStats once at 128300
[Warning] power scale is less than 1, please check!
[Overall Power Consumption] Peak: 29.3323, Dynamic: 18.4449
[DTM Trigger] CPU_MAX(THRES): 107.766(105.000), DRAM_MAX(THRES): 89.445(85.000)
	Current DTM method: 1
[HOT!] CPU is too hot!
[SNIPER_STATS_MANAGER] Setting frequency for core 0 in DVFS domain 0 to 1596 MHz
[SNIPER_STATS_MANAGER] Setting frequency for core 1 in DVFS domain 1 to 1596 MHz
[SNIPER_STATS_MANAGER] Setting frequency for core 2 in DVFS domain 2 to 1596 MHz
[SNIPER_STATS_MANAGER] Setting frequency for core 3 in DVFS domain 3 to 1596 MHz
Here we try remapping!
-----and here we finish handling remapping results in cache controller! the Latency: 0
---invalid_cnt: 0

************recordStats once at 129299
[Warning] power scale is less than 1, please check!
[Overall Power Consumption] Peak: 16.7118, Dynamic: 11.2035
[DTM Trigger] CPU_MAX(THRES): 101.977(105.000), DRAM_MAX(THRES): 89.170(85.000)
	Current DTM method: 1
[SNIPER_STATS_MANAGER] Setting frequency for core 0 in DVFS domain 0 to 2128 MHz
[SNIPER_STATS_MANAGER] Setting frequency for core 1 in DVFS domain 1 to 2128 MHz
[SNIPER_STATS_MANAGER] Setting frequency for core 2 in DVFS domain 2 to 2128 MHz
[SNIPER_STATS_MANAGER] Setting frequency for core 3 in DVFS domain 3 to 2128 MHz
Here we try remapping!
-----and here we finish handling remapping results in cache controller! the Latency: 0
---invalid_cnt: 0

************recordStats once at 130300
[Warning] power scale is less than 1, please check!
[Overall Power Consumption] Peak: 24.7087, Dynamic: 12.8417
[DTM Trigger] CPU_MAX(THRES): 103.168(105.000), DRAM_MAX(THRES): 88.755(85.000)
	Current DTM method: 1
[SNIPER_STATS_MANAGER] Setting frequency for core 0 in DVFS domain 0 to 2660 MHz
[SNIPER_STATS_MANAGER] Setting frequency for core 1 in DVFS domain 1 to 2660 MHz
[SNIPER_STATS_MANAGER] Setting frequency for core 2 in DVFS domain 2 to 2660 MHz
[SNIPER_STATS_MANAGER] Setting frequency for core 3 in DVFS domain 3 to 2660 MHz
Here we try remapping!
-----and here we finish handling remapping results in cache controller! the Latency: 0
---invalid_cnt: 0

************recordStats once at 131299
[Warning] power scale is less than 1, please check!
[Overall Power Consumption] Peak: 30.7133, Dynamic: 15.5813
[DTM Trigger] CPU_MAX(THRES): 106.898(105.000), DRAM_MAX(THRES): 89.069(85.000)
	Current DTM method: 1
[HOT!] CPU is too hot!
[SNIPER_STATS_MANAGER] Setting frequency for core 0 in DVFS domain 0 to 2128 MHz
[SNIPER_STATS_MANAGER] Setting frequency for core 1 in DVFS domain 1 to 2128 MHz
[SNIPER_STATS_MANAGER] Setting frequency for core 2 in DVFS domain 2 to 2128 MHz
[SNIPER_STATS_MANAGER] Setting frequency for core 3 in DVFS domain 3 to 2128 MHz
Here we try remapping!
-----and here we finish handling remapping results in cache controller! the Latency: 0
---invalid_cnt: 0

************recordStats once at 132300
[Warning] power scale is less than 1, please check!
[Overall Power Consumption] Peak: 28.7913, Dynamic: 17.458
[DTM Trigger] CPU_MAX(THRES): 107.845(105.000), DRAM_MAX(THRES): 89.581(85.000)
	Current DTM method: 1
[HOT!] CPU is too hot!
[SNIPER_STATS_MANAGER] Setting frequency for core 0 in DVFS domain 0 to 1596 MHz
[SNIPER_STATS_MANAGER] Setting frequency for core 1 in DVFS domain 1 to 1596 MHz
[SNIPER_STATS_MANAGER] Setting frequency for core 2 in DVFS domain 2 to 1596 MHz
[SNIPER_STATS_MANAGER] Setting frequency for core 3 in DVFS domain 3 to 1596 MHz
Here we try remapping!
-----and here we finish handling remapping results in cache controller! the Latency: 0
---invalid_cnt: 0

************recordStats once at 133300
[Warning] power scale is less than 1, please check!
[Overall Power Consumption] Peak: 16.6867, Dynamic: 11.1626
[DTM Trigger] CPU_MAX(THRES): 102.127(105.000), DRAM_MAX(THRES): 89.282(85.000)
	Current DTM method: 1
[SNIPER_STATS_MANAGER] Setting frequency for core 0 in DVFS domain 0 to 2128 MHz
[SNIPER_STATS_MANAGER] Setting frequency for core 1 in DVFS domain 1 to 2128 MHz
[SNIPER_STATS_MANAGER] Setting frequency for core 2 in DVFS domain 2 to 2128 MHz
[SNIPER_STATS_MANAGER] Setting frequency for core 3 in DVFS domain 3 to 2128 MHz
Here we try remapping!
-----and here we finish handling remapping results in cache controller! the Latency: 0
---invalid_cnt: 0

************recordStats once at 134299
[Warning] power scale is less than 1, please check!
[Overall Power Consumption] Peak: 24.0279, Dynamic: 12.1456
[DTM Trigger] CPU_MAX(THRES): 103.084(105.000), DRAM_MAX(THRES): 88.843(85.000)
	Current DTM method: 1
[SNIPER_STATS_MANAGER] Setting frequency for core 0 in DVFS domain 0 to 2660 MHz
[SNIPER_STATS_MANAGER] Setting frequency for core 1 in DVFS domain 1 to 2660 MHz
[SNIPER_STATS_MANAGER] Setting frequency for core 2 in DVFS domain 2 to 2660 MHz
[SNIPER_STATS_MANAGER] Setting frequency for core 3 in DVFS domain 3 to 2660 MHz
Here we try remapping!
-----and here we finish handling remapping results in cache controller! the Latency: 0
---invalid_cnt: 0

************recordStats once at 135300
[Warning] power scale is less than 1, please check!
[Overall Power Consumption] Peak: 26.3957, Dynamic: 12.4071
[DTM Trigger] CPU_MAX(THRES): 106.639(105.000), DRAM_MAX(THRES): 89.126(85.000)
	Current DTM method: 1
[HOT!] CPU is too hot!
[SNIPER_STATS_MANAGER] Setting frequency for core 0 in DVFS domain 0 to 2128 MHz
[SNIPER_STATS_MANAGER] Setting frequency for core 1 in DVFS domain 1 to 2128 MHz
[SNIPER_STATS_MANAGER] Setting frequency for core 2 in DVFS domain 2 to 2128 MHz
[SNIPER_STATS_MANAGER] Setting frequency for core 3 in DVFS domain 3 to 2128 MHz
Here we try remapping!
-----and here we finish handling remapping results in cache controller! the Latency: 0
---invalid_cnt: 0

************recordStats once at 136298
[Warning] power scale is less than 1, please check!
[Overall Power Consumption] Peak: 21.4829, Dynamic: 11.6464
[DTM Trigger] CPU_MAX(THRES): 106.668(105.000), DRAM_MAX(THRES): 88.649(85.000)
	Current DTM method: 1
[HOT!] CPU is too hot!
[SNIPER_STATS_MANAGER] Setting frequency for core 0 in DVFS domain 0 to 1596 MHz
[SNIPER_STATS_MANAGER] Setting frequency for core 1 in DVFS domain 1 to 1596 MHz
[SNIPER_STATS_MANAGER] Setting frequency for core 2 in DVFS domain 2 to 1596 MHz
[SNIPER_STATS_MANAGER] Setting frequency for core 3 in DVFS domain 3 to 1596 MHz
Here we try remapping!
-----and here we finish handling remapping results in cache controller! the Latency: 0
---invalid_cnt: 0

************recordStats once at 137299
[Warning] power scale is less than 1, please check!
[Overall Power Consumption] Peak: 10.0127, Dynamic: 5.39853
[DTM Trigger] CPU_MAX(THRES): 101.654(105.000), DRAM_MAX(THRES): 88.273(85.000)
	Current DTM method: 1
[SNIPER_STATS_MANAGER] Setting frequency for core 0 in DVFS domain 0 to 2128 MHz
[SNIPER_STATS_MANAGER] Setting frequency for core 1 in DVFS domain 1 to 2128 MHz
[SNIPER_STATS_MANAGER] Setting frequency for core 2 in DVFS domain 2 to 2128 MHz
[SNIPER_STATS_MANAGER] Setting frequency for core 3 in DVFS domain 3 to 2128 MHz
Here we try remapping!
-----and here we finish handling remapping results in cache controller! the Latency: 0
---invalid_cnt: 0

************recordStats once at 138299
[Warning] power scale is less than 1, please check!
[Overall Power Consumption] Peak: 14.2785, Dynamic: 5.93737
[DTM Trigger] CPU_MAX(THRES): 102.807(105.000), DRAM_MAX(THRES): 87.972(85.000)
	Current DTM method: 1
[SNIPER_STATS_MANAGER] Setting frequency for core 0 in DVFS domain 0 to 2660 MHz
[SNIPER_STATS_MANAGER] Setting frequency for core 1 in DVFS domain 1 to 2660 MHz
[SNIPER_STATS_MANAGER] Setting frequency for core 2 in DVFS domain 2 to 2660 MHz
[SNIPER_STATS_MANAGER] Setting frequency for core 3 in DVFS domain 3 to 2660 MHz
Here we try remapping!
-----and here we finish handling remapping results in cache controller! the Latency: 0
---invalid_cnt: 0
CREATETIME = 216006
         3        1.56968      0.05533     10.52071     -2.12017 
           10.026        300.73784        -19.56982
[SNIPER] Disabling performance models
[SNIPER] Leaving ROI after 5762.67 seconds

************recordStats once at 138730

************recordStats once at 138730
[Warning] power scale is less than 1, please check!
[Overall Power Consumption] Peak: 17.3066, Dynamic: 6.50806
[DTM Trigger] CPU_MAX(THRES): 107.190(105.000), DRAM_MAX(THRES): 88.113(85.000)
	Current DTM method: 1
[HOT!] CPU is too hot!
[SNIPER_STATS_MANAGER] Setting frequency for core 0 in DVFS domain 0 to 2128 MHz
[SNIPER_STATS_MANAGER] Setting frequency for core 1 in DVFS domain 1 to 2128 MHz
[SNIPER_STATS_MANAGER] Setting frequency for core 2 in DVFS domain 2 to 2128 MHz
[SNIPER_STATS_MANAGER] Setting frequency for core 3 in DVFS domain 3 to 2128 MHz
Here we try remapping!
[Warning] power scale is less than 1, please check!
[Overall Power Consumption] Peak: 15.2657, Dynamic: 6.98069
[DTM Trigger] CPU_MAX(THRES): 107.175(105.000), DRAM_MAX(THRES): 88.368(85.000)
	Current DTM method: 1
[HOT!] CPU is too hot!
[SNIPER_STATS_MANAGER] Setting frequency for core 0 in DVFS domain 0 to 1596 MHz
[SNIPER_STATS_MANAGER] Setting frequency for core 1 in DVFS domain 1 to 1596 MHz
[SNIPER_STATS_MANAGER] Setting frequency for core 2 in DVFS domain 2 to 1596 MHz
[SNIPER_STATS_MANAGER] Setting frequency for core 3 in DVFS domain 3 to 1596 MHz
Here we try remapping!
[SNIPER] Simulated 2086.1M instructions, 221.4M cycles, 9.42 IPC
[SNIPER] Simulation speed 360.4 KIPS (90.1 KIPS / target core - 11099.6ns/instr)
[SNIPER] Sampling: executed 94.34% of simulated time in detailed mode
[SNIPER] Setting instrumentation mode to FAST_FORWARD
[HOOKS] Leaving ROI
COMPUTESTART (after initialization) = 485194340
COMPUTEEND = 1941531654
COMPUTETIME (after initialization) = 1456337314
Measured Time (2nd timestep onward) = 3513263212
Intramolecular time only (2nd timestep onward) = 144783873
Intermolecular time only (2nd timestep onward) = 3367999327
Other time (2nd timestep onward) = 480012

Exited Happily with XTT = 10.0255 (note: XTT value is garbage if NPRINT > NSTEP)

************recordStats once at 138730
[Warning] power scale is less than 1, please check!
[Overall Power Consumption] Peak: 15.2657, Dynamic: 6.98069
[DTM Trigger] CPU_MAX(THRES): 107.065(105.000), DRAM_MAX(THRES): 88.330(85.000)
	Current DTM method: 1
[HOT!] CPU is too hot!
[SNIPER_STATS_MANAGER] Setting frequency for core 0 in DVFS domain 0 to 1064 MHz
[SNIPER_STATS_MANAGER] Setting frequency for core 1 in DVFS domain 1 to 1064 MHz
[SNIPER_STATS_MANAGER] Setting frequency for core 2 in DVFS domain 2 to 1064 MHz
[SNIPER_STATS_MANAGER] Setting frequency for core 3 in DVFS domain 3 to 1064 MHz
Here we try remapping!

 ***** [DRAM_CACHE_Result] *****

*** DRAM Total Access: 1474890, page miss: 4602, block misses: 77154, miss: 81756, miss rate: 0.0554319
*** DRAM Total Access In ROI: 1344429, miss: 51578, miss rate: 0.0383642
*** DRAM Remap Times: 0 invalid times, 0 total invalid_blocks, 0 migrate times, 0 total migrate blocks.
*** DRAM Statistics: 191421468 reads, 16099303 writes, 123327957 row hits, 10048757 ACT time, 10048757 PRE time, 4555844 RD time, 468534 WR time.

 ***** [DRAM_CACHE_Result] *****

[RAMULATOR OUTPUT]

**Total Ticks: 97385160

**Ramulator Active Cycles: 3.3083e+07

**DRAM Cycles: 9.73852e+07

**Maximum Bandwidth: 0

Number of Incoming Requests: 2.87723e+06

**Serving Request**
Channel_0: serving reads(2557245), serving writes(195977).
Channel_1: serving reads(0), serving writes(0).
Channel_2: serving reads(0), serving writes(0).
Channel_3: serving reads(0), serving writes(0).
Channel_4: serving reads(0), serving writes(0).
Channel_5: serving reads(0), serving writes(0).
Channel_6: serving reads(0), serving writes(0).
Channel_7: serving reads(0), serving writes(0).
Channel_8: serving reads(0), serving writes(0).
Channel_9: serving reads(0), serving writes(0).
Channel_10: serving reads(0), serving writes(0).
Channel_11: serving reads(0), serving writes(0).
Channel_12: serving reads(0), serving writes(0).
Channel_13: serving reads(0), serving writes(0).
Channel_14: serving reads(0), serving writes(0).
Channel_15: serving reads(0), serving writes(0).
Channel_16: serving reads(0), serving writes(0).
Channel_17: serving reads(0), serving writes(0).
Channel_18: serving reads(0), serving writes(0).
Channel_19: serving reads(0), serving writes(0).
Channel_20: serving reads(0), serving writes(0).
Channel_21: serving reads(0), serving writes(0).
Channel_22: serving reads(0), serving writes(0).
Channel_23: serving reads(0), serving writes(0).
Channel_24: serving reads(0), serving writes(0).
Channel_25: serving reads(0), serving writes(0).
Channel_26: serving reads(0), serving writes(0).
Channel_27: serving reads(0), serving writes(0).
Channel_28: serving reads(0), serving writes(0).
Channel_29: serving reads(0), serving writes(0).
Channel_30: serving reads(0), serving writes(0).
Channel_31: serving reads(0), serving writes(0).
[RAMULATOR OUTPUT]
----[REMAP OUTPUT]---
*****HotAccess: 364351
*****CoolAccess: 2512877
*****RemapAccess: 0
---------------------

 ***** [REF/AC_Result] *****
{Summary}: 2951095 Hot Accesses, 1589136 Cool Accesses.

 ***** [REF/AC_Result] *****
                     Power     Energy    Energy %
  core-core         4.82 W     0.64  J     26.97%
  core-ifetch       0.65 W     0.09  J      3.63%
  core-alu          0.70 W     0.09  J      3.90%
  core-int          0.90 W     0.12  J      5.03%
  core-fp           1.36 W     0.18  J      7.59%
  core-mem          0.79 W     0.10  J      4.42%
  core-other        0.25 W     0.03  J      1.41%
  icache            0.31 W     0.04  J      1.75%
  dcache            2.75 W     0.36  J     15.41%
  l2                0.19 W     0.03  J      1.06%
  dram              5.13 W     0.68  J     28.73%
  other             0.02 W     2.76 mJ      0.12%

  core              9.46 W     1.25  J     52.95%
  cache             3.25 W     0.43  J     18.21%
  total            17.86 W     2.37  J    100.00%
Warning: Unable to run gnuplot to create cpi stack graphs.  Maybe gnuplot is not installed?
[SNIPER] End
[SNIPER] Elapsed time: 5828.77 seconds
[SNIPER] Running McPAT
                                     | Core 0     | Core 1     | Core 2     | Core 3    
  Instructions                       |  483781868 |  564990740 |  478577963 |  558786630
  Cycles                             |  352264854 |  352264854 |  352264854 |  352264854
  IPC                                |       1.37 |       1.60 |       1.36 |       1.59
  Time (ns)                          |  132430396 |  132430396 |  132430396 |  132430396
  Idle time (ns)                     |   25949744 |    6785781 |   25388194 |   13939297
  Idle time (%)                      |      19.6% |       5.1% |      19.2% |      10.5%
Branch predictor stats               |            |            |            |           
  num correct                        |   45121959 |   52935935 |   44735937 |   52813968
  num incorrect                      |     932590 |    1103871 |     941759 |     792942
  misprediction rate                 |      2.02% |      2.04% |      2.06% |      1.48%
  mpki                               |       1.93 |       1.95 |       1.97 |       1.42
TLB Summary                          |            |            |            |           
  I-TLB                              |            |            |            |           
    num accesses                     |   58461938 |   68822524 |   57969618 |   68198651
    num misses                       |         30 |         52 |         52 |         52
    miss rate                        |      0.00% |      0.00% |      0.00% |      0.00%
    mpki                             |       0.00 |       0.00 |       0.00 |       0.00
  D-TLB                              |            |            |            |           
    num accesses                     |  195167264 |  228241747 |  193071881 |  225701181
    num misses                       |     101860 |     121559 |     101691 |     113255
    miss rate                        |      0.05% |      0.05% |      0.05% |      0.05%
    mpki                             |       0.21 |       0.22 |       0.21 |       0.20
  L2 TLB                             |            |            |            |           
    num accesses                     |     101890 |     121611 |     101743 |     113307
    num misses                       |      52143 |      58634 |      51371 |      57267
    miss rate                        |     51.18% |     48.21% |     50.49% |     50.54%
    mpki                             |       0.11 |       0.10 |       0.11 |       0.10
Cache Summary                        |            |            |            |           
  Cache L1-I                         |            |            |            |           
    num cache accesses               |   58461938 |   68822524 |   57969618 |   68198651
    num cache misses                 |       4048 |       3715 |       3581 |       3712
    miss rate                        |      0.01% |      0.01% |      0.01% |      0.01%
    mpki                             |       0.01 |       0.01 |       0.01 |       0.01
  Cache L1-D                         |            |            |            |           
    num cache accesses               |  195168522 |  228242982 |  193073375 |  225702756
    num cache misses                 |    2861235 |    3275364 |    2724510 |    3173340
    miss rate                        |      1.47% |      1.44% |      1.41% |      1.41%
    mpki                             |       5.91 |       5.80 |       5.69 |       5.68
  Cache L2                           |            |            |            |           
    num cache accesses               |    2902813 |    3321572 |    2765152 |    3219130
    num cache misses                 |     315010 |     335578 |     309672 |     329803
    miss rate                        |     10.85% |     10.10% |     11.20% |     10.25%
    mpki                             |       0.65 |       0.59 |       0.65 |       0.59
DRAM summary                         |            |            |            |           
  num dram accesses                  |    1389383 |          0 |          0 |          0
  average dram access latency (ns)   |       6.28 |        inf |        inf |        inf
  average dram queueing delay        |       0.00 |       0.00 |       0.00 |       0.00
  average dram bandwidth utilization |      0.00% |      0.00% |      0.00% |      0.00%
Coherency Traffic                    |            |            |            |           
  num loads from dram                |     286384 |     306909 |     285388 |     301850
  num loads from dram cache          |          0 |          0 |          0 |          0
  num loads from remote cache        |      20414 |      20077 |      16294 |      19218
[SPLASH] [----------    End of output    ----------]
[SPLASH] Done.
copy HotSpot and ramulator files to /scratch/miz087/results/hpca_final/7-22_cache_cpu_t105_splash2_water.sp_large
