[Benchmarks] set sniper output to rundir:  /scratch/miz087/results/hpca_final/7-22_cache_cpu_t104_splash2_radix_large
/scratch/miz087/results/hpca_final/7-22_cache_cpu_t104_splash2_radix_large
[SPLASH] Benchmarks to run: radix

[SPLASH] [========== Running benchmark radix ==========]
[SPLASH] Setting up run directory: /scratch/miz087/results/hpca_final/7-22_cache_cpu_t104_splash2_radix_large
[SPLASH] Running 'SNIPER_APP_LD_PRELOAD=$LD_PRELOAD; unset LD_PRELOAD; /home_masters/miz087/workplace/micro_exp/run-sniper -n 4 -m 'localhost' -d '/scratch/miz087/results/hpca_final/7-22_cache_cpu_t104_splash2_radix_large' -sthermalstats --power -c cache_cpu -g --perf_model/thermal/cpu_temp_thres=104 -s stop-by-icount:5000000000 --roi --curdir=/home_masters/miz087/workplace/micro_exp/benchmarks  --  /home_masters/miz087/workplace/micro_exp/benchmarks/splash2/splash2/codes/kernels/radix/RADIX -n1048576 -p4':
[SPLASH] [---------- Beginning of output ----------]
[SNIPER] Start
----------BEGIN_INIT_STATS_MANAGER------------
----------END_INIT_STATS_MANAGER------------
[DvfsManager] Core 0 at 2.66 GHz (global clock 2.66 GHz)
[DvfsManager] Core 1 at 2.66 GHz (global clock 2.66 GHz)
[DvfsManager] Core 2 at 2.66 GHz (global clock 2.66 GHz)
[DvfsManager] Core 3 at 2.66 GHz (global clock 2.66 GHz)
Normal Cache Total set: 524288
now initialize a stacked dram unison cache
Executing Python script /scratch/miz087/results/hpca_final/7-22_cache_cpu_t104_splash2_radix_large/sim.scripts.py
[STOPBYICOUNT] Waiting for application ROI
[STOPBYICOUNT] Then stopping after simulating at least 5000000000 instructions in detail
[SNIPER] --------------------------------------------------------------------------------
[SNIPER] Sniper using Pin frontend
[SNIPER] Running pre-ROI region in  CACHE_ONLY mode
[SNIPER] Running application ROI in DETAILED mode
[SNIPER] Running post-ROI region in FAST_FORWARD mode
[SNIPER] --------------------------------------------------------------------------------

************recordStats once at 0
[Warning] power scale is less than 1, please check!
[Overall Power Consumption] Peak: 0, Dynamic: 0
[Warning] the power of processor is too small, we skip the temperature calculation!

Integer Radix Sort
     1048576 Keys
     4 Processors
     Radix = 1024
     Max key = 524288

[HOOKS] Entering ROI
[SNIPER] Enabling performance models
[STOPBYICOUNT] Application ROI started, now simulating 5000000000 in detail

************recordStats once at 77
[Warning] power scale is less than 1, please check!
[Overall Power Consumption] Peak: 0, Dynamic: 0
[Warning] the power of processor is too small, we skip the temperature calculation!
[SNIPER] Setting instrumentation mode to DETAILED

************recordStats once at 998
[Warning] power scale is less than 1, please check!
[Overall Power Consumption] Peak: 0, Dynamic: 0
[Warning] the power of processor is too small, we skip the temperature calculation!

************recordStats once at 1999
[Warning] power scale is less than 1, please check!
[Overall Power Consumption] Peak: 0, Dynamic: 0
[Warning] the power of processor is too small, we skip the temperature calculation!

************recordStats once at 2999
[Warning] power scale is less than 1, please check!
[Overall Power Consumption] Peak: 16.9569, Dynamic: 5.70079
*[Hotspot] begin initialization!
[DTM Trigger] CPU_MAX(THRES): 70.895(104.000), DRAM_MAX(THRES): 62.451(85.000)
	Current DTM method: 1
Here we try remapping!
-----and here we finish handling remapping results in cache controller! the Latency: 0
---invalid_cnt: 0

************recordStats once at 3999
[Warning] power scale is less than 1, please check!
[Overall Power Consumption] Peak: 16.957, Dynamic: 5.70081
[DTM Trigger] CPU_MAX(THRES): 74.408(104.000), DRAM_MAX(THRES): 64.803(85.000)
	Current DTM method: 1
Here we try remapping!
-----and here we finish handling remapping results in cache controller! the Latency: 0
---invalid_cnt: 0

************recordStats once at 4999
[Warning] power scale is less than 1, please check!
[Overall Power Consumption] Peak: 16.957, Dynamic: 5.70081
[DTM Trigger] CPU_MAX(THRES): 76.674(104.000), DRAM_MAX(THRES): 66.621(85.000)
	Current DTM method: 1
Here we try remapping!
-----and here we finish handling remapping results in cache controller! the Latency: 0
---invalid_cnt: 0

************recordStats once at 5999
[Warning] power scale is less than 1, please check!
[Overall Power Consumption] Peak: 16.9569, Dynamic: 5.7008
[DTM Trigger] CPU_MAX(THRES): 78.483(104.000), DRAM_MAX(THRES): 68.109(85.000)
	Current DTM method: 1
Here we try remapping!
-----and here we finish handling remapping results in cache controller! the Latency: 0
---invalid_cnt: 0

************recordStats once at 6999
[Warning] power scale is less than 1, please check!
[Overall Power Consumption] Peak: 16.957, Dynamic: 5.70081
[DTM Trigger] CPU_MAX(THRES): 80.054(104.000), DRAM_MAX(THRES): 69.396(85.000)
	Current DTM method: 1
Here we try remapping!
-----and here we finish handling remapping results in cache controller! the Latency: 0
---invalid_cnt: 0

************recordStats once at 8000
[Warning] power scale is less than 1, please check!
[Overall Power Consumption] Peak: 16.957, Dynamic: 5.7008
[DTM Trigger] CPU_MAX(THRES): 81.457(104.000), DRAM_MAX(THRES): 70.542(85.000)
	Current DTM method: 1
Here we try remapping!
-----and here we finish handling remapping results in cache controller! the Latency: 0
---invalid_cnt: 0

************recordStats once at 8999
[Warning] power scale is less than 1, please check!
[Overall Power Consumption] Peak: 16.9579, Dynamic: 5.70093
[DTM Trigger] CPU_MAX(THRES): 82.721(104.000), DRAM_MAX(THRES): 71.573(85.000)
	Current DTM method: 1
Here we try remapping!
-----and here we finish handling remapping results in cache controller! the Latency: 0
---invalid_cnt: 0

************recordStats once at 9999
[Warning] power scale is less than 1, please check!
[Overall Power Consumption] Peak: 16.9603, Dynamic: 5.70128
[DTM Trigger] CPU_MAX(THRES): 83.868(104.000), DRAM_MAX(THRES): 72.506(85.000)
	Current DTM method: 1
Here we try remapping!
-----and here we finish handling remapping results in cache controller! the Latency: 0
---invalid_cnt: 0

************recordStats once at 10998
[Warning] power scale is less than 1, please check!
[Overall Power Consumption] Peak: 16.9678, Dynamic: 5.70179
[DTM Trigger] CPU_MAX(THRES): 84.913(104.000), DRAM_MAX(THRES): 73.355(85.000)
	Current DTM method: 1
Here we try remapping!
-----and here we finish handling remapping results in cache controller! the Latency: 0
---invalid_cnt: 0

************recordStats once at 11999
[Warning] power scale is less than 1, please check!
[Overall Power Consumption] Peak: 16.9697, Dynamic: 5.7023
[DTM Trigger] CPU_MAX(THRES): 85.864(104.000), DRAM_MAX(THRES): 74.129(85.000)
	Current DTM method: 1
Here we try remapping!
-----and here we finish handling remapping results in cache controller! the Latency: 0
---invalid_cnt: 0

************recordStats once at 12999
[Warning] power scale is less than 1, please check!
[Overall Power Consumption] Peak: 16.9697, Dynamic: 5.70226
[DTM Trigger] CPU_MAX(THRES): 86.732(104.000), DRAM_MAX(THRES): 74.836(85.000)
	Current DTM method: 1
Here we try remapping!
-----and here we finish handling remapping results in cache controller! the Latency: 0
---invalid_cnt: 0

************recordStats once at 13998
[Warning] power scale is less than 1, please check!
[Overall Power Consumption] Peak: 16.9697, Dynamic: 5.70229
[DTM Trigger] CPU_MAX(THRES): 87.526(104.000), DRAM_MAX(THRES): 75.483(85.000)
	Current DTM method: 1
Here we try remapping!
-----and here we finish handling remapping results in cache controller! the Latency: 0
---invalid_cnt: 0

************recordStats once at 15000
[Warning] power scale is less than 1, please check!
[Overall Power Consumption] Peak: 16.9697, Dynamic: 5.70228
[DTM Trigger] CPU_MAX(THRES): 88.252(104.000), DRAM_MAX(THRES): 76.075(85.000)
	Current DTM method: 1
Here we try remapping!
-----and here we finish handling remapping results in cache controller! the Latency: 0
---invalid_cnt: 0

************recordStats once at 15999
[Warning] power scale is less than 1, please check!
[Overall Power Consumption] Peak: 16.9697, Dynamic: 5.70227
[DTM Trigger] CPU_MAX(THRES): 88.917(104.000), DRAM_MAX(THRES): 76.618(85.000)
	Current DTM method: 1
Here we try remapping!
-----and here we finish handling remapping results in cache controller! the Latency: 0
---invalid_cnt: 0

************recordStats once at 16998
[Warning] power scale is less than 1, please check!
[Overall Power Consumption] Peak: 16.9697, Dynamic: 5.7023
[DTM Trigger] CPU_MAX(THRES): 89.526(104.000), DRAM_MAX(THRES): 77.116(85.000)
	Current DTM method: 1
Here we try remapping!
-----and here we finish handling remapping results in cache controller! the Latency: 0
---invalid_cnt: 0

************recordStats once at 18000
[Warning] power scale is less than 1, please check!
[Overall Power Consumption] Peak: 16.9697, Dynamic: 5.70227
[DTM Trigger] CPU_MAX(THRES): 90.085(104.000), DRAM_MAX(THRES): 77.573(85.000)
	Current DTM method: 1
Here we try remapping!
-----and here we finish handling remapping results in cache controller! the Latency: 0
---invalid_cnt: 0

************recordStats once at 18999
[Warning] power scale is less than 1, please check!
[Overall Power Consumption] Peak: 16.9698, Dynamic: 5.7023
[DTM Trigger] CPU_MAX(THRES): 90.598(104.000), DRAM_MAX(THRES): 77.993(85.000)
	Current DTM method: 1
Here we try remapping!
-----and here we finish handling remapping results in cache controller! the Latency: 0
---invalid_cnt: 0

************recordStats once at 19999
[Warning] power scale is less than 1, please check!
[Overall Power Consumption] Peak: 16.9694, Dynamic: 5.70195
[DTM Trigger] CPU_MAX(THRES): 91.068(104.000), DRAM_MAX(THRES): 78.378(85.000)
	Current DTM method: 1
Here we try remapping!
-----and here we finish handling remapping results in cache controller! the Latency: 0
---invalid_cnt: 0

************recordStats once at 20999
[Warning] power scale is less than 1, please check!
[Overall Power Consumption] Peak: 16.9696, Dynamic: 5.70226
[DTM Trigger] CPU_MAX(THRES): 91.501(104.000), DRAM_MAX(THRES): 78.733(85.000)
	Current DTM method: 1
Here we try remapping!
-----and here we finish handling remapping results in cache controller! the Latency: 0
---invalid_cnt: 0

************recordStats once at 21999
[Warning] power scale is less than 1, please check!
[Overall Power Consumption] Peak: 16.9697, Dynamic: 5.70231
[DTM Trigger] CPU_MAX(THRES): 91.899(104.000), DRAM_MAX(THRES): 79.060(85.000)
	Current DTM method: 1
Here we try remapping!
-----and here we finish handling remapping results in cache controller! the Latency: 0
---invalid_cnt: 0

************recordStats once at 22999
[Warning] power scale is less than 1, please check!
[Overall Power Consumption] Peak: 16.9697, Dynamic: 5.70228
[DTM Trigger] CPU_MAX(THRES): 92.264(104.000), DRAM_MAX(THRES): 79.360(85.000)
	Current DTM method: 1
Here we try remapping!
-----and here we finish handling remapping results in cache controller! the Latency: 0
---invalid_cnt: 0

************recordStats once at 24000
[Warning] power scale is less than 1, please check!
[Overall Power Consumption] Peak: 16.9697, Dynamic: 5.70228
[DTM Trigger] CPU_MAX(THRES): 92.601(104.000), DRAM_MAX(THRES): 79.637(85.000)
	Current DTM method: 1
Here we try remapping!
-----and here we finish handling remapping results in cache controller! the Latency: 0
---invalid_cnt: 0

************recordStats once at 24999
[Warning] power scale is less than 1, please check!
[Overall Power Consumption] Peak: 16.9697, Dynamic: 5.70228
[DTM Trigger] CPU_MAX(THRES): 92.910(104.000), DRAM_MAX(THRES): 79.893(85.000)
	Current DTM method: 1
Here we try remapping!
-----and here we finish handling remapping results in cache controller! the Latency: 0
---invalid_cnt: 0

************recordStats once at 25999
[Warning] power scale is less than 1, please check!
[Overall Power Consumption] Peak: 16.9697, Dynamic: 5.70227
[DTM Trigger] CPU_MAX(THRES): 93.196(104.000), DRAM_MAX(THRES): 80.128(85.000)
	Current DTM method: 1
Here we try remapping!
-----and here we finish handling remapping results in cache controller! the Latency: 0
---invalid_cnt: 0

************recordStats once at 27000
[Warning] power scale is less than 1, please check!
[Overall Power Consumption] Peak: 16.9697, Dynamic: 5.70228
[DTM Trigger] CPU_MAX(THRES): 93.459(104.000), DRAM_MAX(THRES): 80.346(85.000)
	Current DTM method: 1
Here we try remapping!
-----and here we finish handling remapping results in cache controller! the Latency: 0
---invalid_cnt: 0

************recordStats once at 28000
[Warning] power scale is less than 1, please check!
[Overall Power Consumption] Peak: 16.9697, Dynamic: 5.70229
[DTM Trigger] CPU_MAX(THRES): 93.702(104.000), DRAM_MAX(THRES): 80.547(85.000)
	Current DTM method: 1
Here we try remapping!
-----and here we finish handling remapping results in cache controller! the Latency: 0
---invalid_cnt: 0

************recordStats once at 28999
[Warning] power scale is less than 1, please check!
[Overall Power Consumption] Peak: 16.9695, Dynamic: 5.70198
[DTM Trigger] CPU_MAX(THRES): 93.926(104.000), DRAM_MAX(THRES): 80.733(85.000)
	Current DTM method: 1
Here we try remapping!
-----and here we finish handling remapping results in cache controller! the Latency: 0
---invalid_cnt: 0

************recordStats once at 29998
[Warning] power scale is less than 1, please check!
[Overall Power Consumption] Peak: 16.9696, Dynamic: 5.70224
[DTM Trigger] CPU_MAX(THRES): 94.133(104.000), DRAM_MAX(THRES): 80.905(85.000)
	Current DTM method: 1
Here we try remapping!
-----and here we finish handling remapping results in cache controller! the Latency: 0
---invalid_cnt: 0

************recordStats once at 31000
[Warning] power scale is less than 1, please check!
[Overall Power Consumption] Peak: 16.9697, Dynamic: 5.7023
[DTM Trigger] CPU_MAX(THRES): 94.325(104.000), DRAM_MAX(THRES): 81.064(85.000)
	Current DTM method: 1
Here we try remapping!
-----and here we finish handling remapping results in cache controller! the Latency: 0
---invalid_cnt: 0

************recordStats once at 31999
[Warning] power scale is less than 1, please check!
[Overall Power Consumption] Peak: 16.9697, Dynamic: 5.70228
[DTM Trigger] CPU_MAX(THRES): 94.502(104.000), DRAM_MAX(THRES): 81.212(85.000)
	Current DTM method: 1
Here we try remapping!
-----and here we finish handling remapping results in cache controller! the Latency: 0
---invalid_cnt: 0

************recordStats once at 32998
[Warning] power scale is less than 1, please check!
[Overall Power Consumption] Peak: 16.9697, Dynamic: 5.70228
[DTM Trigger] CPU_MAX(THRES): 94.666(104.000), DRAM_MAX(THRES): 81.349(85.000)
	Current DTM method: 1
Here we try remapping!
-----and here we finish handling remapping results in cache controller! the Latency: 0
---invalid_cnt: 0

************recordStats once at 34000
[Warning] power scale is less than 1, please check!
[Overall Power Consumption] Peak: 16.9697, Dynamic: 5.7023
[DTM Trigger] CPU_MAX(THRES): 94.819(104.000), DRAM_MAX(THRES): 81.477(85.000)
	Current DTM method: 1
Here we try remapping!
-----and here we finish handling remapping results in cache controller! the Latency: 0
---invalid_cnt: 0

************recordStats once at 34999
[Warning] power scale is less than 1, please check!
[Overall Power Consumption] Peak: 16.9697, Dynamic: 5.70228
[DTM Trigger] CPU_MAX(THRES): 94.960(104.000), DRAM_MAX(THRES): 81.595(85.000)
	Current DTM method: 1
Here we try remapping!
-----and here we finish handling remapping results in cache controller! the Latency: 0
---invalid_cnt: 0

************recordStats once at 35998
[Warning] power scale is less than 1, please check!
[Overall Power Consumption] Peak: 16.9697, Dynamic: 5.70229
[DTM Trigger] CPU_MAX(THRES): 95.091(104.000), DRAM_MAX(THRES): 81.705(85.000)
	Current DTM method: 1
Here we try remapping!
-----and here we finish handling remapping results in cache controller! the Latency: 0
---invalid_cnt: 0

************recordStats once at 37000
[Warning] power scale is less than 1, please check!
[Overall Power Consumption] Peak: 16.9697, Dynamic: 5.70228
[DTM Trigger] CPU_MAX(THRES): 95.213(104.000), DRAM_MAX(THRES): 83.251(85.000)
	Current DTM method: 1
Here we try remapping!
-----and here we finish handling remapping results in cache controller! the Latency: 0
---invalid_cnt: 0

************recordStats once at 38000
[Warning] power scale is less than 1, please check!
[Overall Power Consumption] Peak: 23.1411, Dynamic: 8.77994
[DTM Trigger] CPU_MAX(THRES): 94.377(104.000), DRAM_MAX(THRES): 84.074(85.000)
	Current DTM method: 1
Here we try remapping!
-----and here we finish handling remapping results in cache controller! the Latency: 0
---invalid_cnt: 0

************recordStats once at 39001
[Warning] power scale is less than 1, please check!
[Overall Power Consumption] Peak: 28.6658, Dynamic: 12.54
[DTM Trigger] CPU_MAX(THRES): 95.990(104.000), DRAM_MAX(THRES): 85.059(85.000)
	Current DTM method: 1
Here we try remapping!
-----and here we finish handling remapping results in cache controller! the Latency: 0
---invalid_cnt: 0
[SNIPER] Disabling performance models
[SNIPER] Leaving ROI after 1120.76 seconds

************recordStats once at 39854

************recordStats once at 39854
[Warning] power scale is less than 1, please check!
[Overall Power Consumption] Peak: 27.5871, Dynamic: 11.5342
[DTM Trigger] CPU_MAX(THRES): 97.780(104.000), DRAM_MAX(THRES): 85.815(85.000)
	Current DTM method: 1
Here we try remapping!
[Warning] power scale is less than 1, please check!
[Overall Power Consumption] Peak: 28.6473, Dynamic: 12.233
[DTM Trigger] CPU_MAX(THRES): 98.858(104.000), DRAM_MAX(THRES): 83.545(85.000)
	Current DTM method: 1
Here we try remapping!
[SNIPER] Simulated 171.3M instructions, 106.0M cycles, 1.62 IPC
[SNIPER] Simulation speed 147.6 KIPS (36.9 KIPS / target core - 27094.0ns/instr)
[SNIPER] Sampling: executed 99.80% of simulated time in detailed mode
[SNIPER] Setting instrumentation mode to FAST_FORWARD
[HOOKS] Leaving ROI

                 PROCESS STATISTICS
               Total            Rank            Sort
 Proc          Time             Time            Time
    0      365875765        86872717       210671353

                 TIMING INFORMATION
Start time                        :        607214586
Initialization finish time        :       1361451598
Overall finish time               :       1727327363
Total time with initialization    :       1120112777
Total time without initialization :        365875765


************recordStats once at 39854
[Warning] power scale is less than 1, please check!
[Overall Power Consumption] Peak: 28.6473, Dynamic: 12.233
[DTM Trigger] CPU_MAX(THRES): 99.549(104.000), DRAM_MAX(THRES): 84.073(85.000)
	Current DTM method: 1
Here we try remapping!

 ***** [DRAM_CACHE_Result] *****

*** DRAM Total Access: 702190, page miss: 4657, block misses: 35059, miss: 39716, miss rate: 0.0565602
*** DRAM Total Access In ROI: 691981, miss: 37660, miss rate: 0.0544235
*** DRAM Remap Times: 0 invalid times, 0 total invalid_blocks, 0 migrate times, 0 total migrate blocks.
*** DRAM Statistics: 8435707 reads, 1605110 writes, 4850616 row hits, 545965 ACT time, 545965 PRE time, 233502 RD time, 39480 WR time.

 ***** [DRAM_CACHE_Result] *****

[RAMULATOR OUTPUT]

**Total Ticks: 35974769

**Ramulator Active Cycles: 1.72816e+07

**DRAM Cycles: 3.59748e+07

**Maximum Bandwidth: 0

Number of Incoming Requests: 1.37398e+06

**Serving Request**
Channel_0: serving reads(1103124), serving writes(200854).
Channel_1: serving reads(0), serving writes(0).
Channel_2: serving reads(0), serving writes(0).
Channel_3: serving reads(0), serving writes(0).
Channel_4: serving reads(0), serving writes(0).
Channel_5: serving reads(0), serving writes(0).
Channel_6: serving reads(0), serving writes(0).
Channel_7: serving reads(0), serving writes(0).
Channel_8: serving reads(0), serving writes(0).
Channel_9: serving reads(0), serving writes(0).
Channel_10: serving reads(0), serving writes(0).
Channel_11: serving reads(0), serving writes(0).
Channel_12: serving reads(0), serving writes(0).
Channel_13: serving reads(0), serving writes(0).
Channel_14: serving reads(0), serving writes(0).
Channel_15: serving reads(0), serving writes(0).
Channel_16: serving reads(0), serving writes(0).
Channel_17: serving reads(0), serving writes(0).
Channel_18: serving reads(0), serving writes(0).
Channel_19: serving reads(0), serving writes(0).
Channel_20: serving reads(0), serving writes(0).
Channel_21: serving reads(0), serving writes(0).
Channel_22: serving reads(0), serving writes(0).
Channel_23: serving reads(0), serving writes(0).
Channel_24: serving reads(0), serving writes(0).
Channel_25: serving reads(0), serving writes(0).
Channel_26: serving reads(0), serving writes(0).
Channel_27: serving reads(0), serving writes(0).
Channel_28: serving reads(0), serving writes(0).
Channel_29: serving reads(0), serving writes(0).
Channel_30: serving reads(0), serving writes(0).
Channel_31: serving reads(0), serving writes(0).
[RAMULATOR OUTPUT]
----[REMAP OUTPUT]---
*****HotAccess: 1425
*****CoolAccess: 1372553
*****RemapAccess: 0
---------------------

 ***** [REF/AC_Result] *****
{Summary}: 667948 Hot Accesses, 1960807 Cool Accesses.

 ***** [REF/AC_Result] *****
                     Power     Energy    Energy %
  core-core         1.49 W     0.06  J     13.84%
  core-ifetch       0.22 W     8.95 mJ      2.09%
  core-alu          0.70 W     0.03  J      6.48%
  core-int          0.45 W     0.02  J      4.19%
  core-fp           1.15 W     0.05  J     10.72%
  core-other        0.25 W     0.01  J      2.36%
  dcache            0.34 W     0.01  J      3.16%
  l2                0.18 W     7.26 mJ      1.69%
  dram              5.78 W     0.23  J     53.63%
  other             0.20 W     7.89 mJ      1.84%

  core              4.27 W     0.17  J     39.68%
  cache             0.52 W     0.02  J      4.86%
  total            10.77 W     0.43  J    100.00%
Warning: Unable to run gnuplot to create cpi stack graphs.  Maybe gnuplot is not installed?
[SNIPER] End
[SNIPER] Elapsed time: 1181.08 seconds
[SNIPER] Running McPAT
                                     | Core 0     | Core 1     | Core 2     | Core 3    
  Instructions                       |   42803331 |   42815940 |   42805747 |   42827158
  Cycles                             |  106010300 |  106010300 |  106010300 |  106010300
  IPC                                |       0.40 |       0.40 |       0.40 |       0.40
  Time (ns)                          |   39853496 |   39853496 |   39853496 |   39853496
  Idle time (ns)                     |    1379238 |     149202 |     130524 |     155414
  Idle time (%)                      |       3.5% |       0.4% |       0.3% |       0.4%
Branch predictor stats               |            |            |            |           
  num correct                        |    1322143 |    1323850 |    1322877 |    1325608
  num incorrect                      |        395 |        258 |        215 |        263
  misprediction rate                 |      0.03% |      0.02% |      0.02% |      0.02%
  mpki                               |       0.01 |       0.01 |       0.01 |       0.01
TLB Summary                          |            |            |            |           
  I-TLB                              |            |            |            |           
    num accesses                     |    2637332 |    2637181 |    2635728 |    2636979
    num misses                       |          5 |         29 |         29 |         29
    miss rate                        |      0.00% |      0.00% |      0.00% |      0.00%
    mpki                             |       0.00 |       0.00 |       0.00 |       0.00
  D-TLB                              |            |            |            |           
    num accesses                     |    4750036 |    4757756 |    4753138 |    4764087
    num misses                       |     450462 |     450486 |     450745 |     451093
    miss rate                        |      9.48% |      9.47% |      9.48% |      9.47%
    mpki                             |      10.52 |      10.52 |      10.53 |      10.53
  L2 TLB                             |            |            |            |           
    num accesses                     |     450467 |     450515 |     450774 |     451122
    num misses                       |     194603 |     196890 |     198760 |     196633
    miss rate                        |     43.20% |     43.70% |     44.09% |     43.59%
    mpki                             |       4.55 |       4.60 |       4.64 |       4.59
Cache Summary                        |            |            |            |           
  Cache L1-I                         |            |            |            |           
    num cache accesses               |    2637332 |    2637181 |    2635728 |    2636979
    num cache misses                 |        622 |        539 |        521 |        594
    miss rate                        |      0.02% |      0.02% |      0.02% |      0.02%
    mpki                             |       0.01 |       0.01 |       0.01 |       0.01
  Cache L1-D                         |            |            |            |           
    num cache accesses               |    4750257 |    4757915 |    4753288 |    4764241
    num cache misses                 |     304533 |     305923 |     307579 |     306482
    miss rate                        |      6.41% |      6.43% |      6.47% |      6.43%
    mpki                             |       7.11 |       7.15 |       7.19 |       7.16
  Cache L2                           |            |            |            |           
    num cache accesses               |     306955 |     309204 |     311258 |     309103
    num cache misses                 |     123016 |     123664 |     123992 |     123618
    miss rate                        |     40.08% |     39.99% |     39.84% |     39.99%
    mpki                             |       2.87 |       2.89 |       2.90 |       2.89
DRAM summary                         |            |            |            |           
  num dram accesses                  |     698271 |          0 |          0 |          0
  average dram access latency (ns)   |      13.53 |        inf |        inf |        inf
  average dram queueing delay        |       0.00 |       0.00 |       0.00 |       0.00
  average dram bandwidth utilization |      0.00% |      0.00% |      0.00% |      0.00%
Coherency Traffic                    |            |            |            |           
  num loads from dram                |      66824 |      66859 |      67020 |      66947
  num loads from dram cache          |          0 |          0 |          0 |          0
  num loads from remote cache        |       1111 |       2285 |       2372 |       1727
[SPLASH] [----------    End of output    ----------]
[SPLASH] Done.
copy HotSpot and ramulator files to /scratch/miz087/results/hpca_final/7-22_cache_cpu_t104_splash2_radix_large
