[SNIPER] Start
[SNIPER] --------------------------------------------------------------------------------
[SNIPER] Sniper using Pin frontend
[SNIPER] Running pre-ROI region in  CACHE_ONLY mode
[SNIPER] Running application ROI in DETAILED mode
[SNIPER] Running post-ROI region in FAST_FORWARD mode
[SNIPER] --------------------------------------------------------------------------------
Generate Time:       2.29739
Build Time:          1.80815
Graph has 2097152 nodes and 33554153 undirected edges for degree: 15
[SNIPER] Enabling performance models
[SNIPER] Setting instrumentation mode to DETAILED
[VertexProgram] Iteration: 0
We have checked 1 active verteces!
[VertexProgram] Iteration: 1
We have checked 30 active verteces!
[VertexProgram] Iteration: 2
We have checked 1012 active verteces!
[VertexProgram] Iteration: 3
We have checked 31871 active verteces!
[VertexProgram] Iteration: 4
We have checked 799280 active verteces!
[VertexProgram] Iteration: 5
We have checked 1909664 active verteces!
[VertexProgram] Iteration: 6
We have checked 1748003 active verteces!
[VertexProgram] Iteration: 7
We have checked 1576950 active verteces!
[VertexProgram] Iteration: 8
We have checked 1389294 active verteces!
[VertexProgram] Iteration: 9
We have checked 1196106 active verteces!
[VertexProgram] Iteration: 10
We have checked 1006011 active verteces!
[VertexProgram] Iteration: 11
We have checked 826234 active verteces!
[VertexProgram] Iteration: 12
We have checked 659725 active verteces!
[VertexProgram] Iteration: 13
We have checked 511976 active verteces!
[VertexProgram] Iteration: 14
We have checked 383384 active verteces!
[VertexProgram] Iteration: 15
We have checked 277083 active verteces!
[VertexProgram] Iteration: 16
We have checked 193086 active verteces!
[VertexProgram] Iteration: 17
We have checked 130655 active verteces!
[VertexProgram] Iteration: 18
We have checked 84467 active verteces!
[VertexProgram] Iteration: 19
We have checked 52536 active verteces!
[VertexProgram] Iteration: 20
We have checked 30838 active verteces!
[VertexProgram] Iteration: 21
We have checked 17220 active verteces!
[VertexProgram] Iteration: 22
We have checked 9218 active verteces!
[VertexProgram] Iteration: 23
We have checked 4609 active verteces!
[VertexProgram] Iteration: 24
We have checked 2225 active verteces!
[VertexProgram] Iteration: 25
We have checked 960 active verteces!
[VertexProgram] Iteration: 26
We have checked 380 active verteces!
[VertexProgram] Iteration: 27
We have checked 131 active verteces!
[VertexProgram] Iteration: 28
We have checked 36 active verteces!
[VertexProgram] Iteration: 29
We have checked 11 active verteces!
[VertexProgram] Iteration: 30
We have checked 4 active verteces!
[VertexProgram] Iteration: 31
[SNIPER] Disabling performance models
[SNIPER] Leaving ROI after 27210.50 seconds
[SNIPER] Simulated 24025.8M instructions, 34243.1M cycles, 0.70 IPC
[SNIPER] Simulation speed 883.0 KIPS (883.0 KIPS / target core - 1132.6ns/instr)
[SNIPER] Sampling: executed 44.01% of simulated time in detailed mode
[SNIPER] Setting instrumentation mode to FAST_FORWARD
We have checked 1 active verteces!
Trial Time:          6.47375
Average Time:        6.47375
                     Power     Energy    Energy %
  core-core         1.71 W     9.68  J      6.93%
  core-ifetch       0.53 W     3.00  J      2.15%
  core-alu          0.29 W     1.65  J      1.18%
  core-int          0.49 W     2.79  J      2.00%
  core-fp           0.74 W     4.21  J      3.01%
  core-mem          0.36 W     2.05  J      1.47%
  core-other        1.03 W     5.83  J      4.17%
  icache            0.37 W     2.08  J      1.49%
  dcache            0.99 W     5.59  J      4.00%
  l2                0.51 W     2.91  J      2.08%
  l3                3.66 W    20.72  J     14.84%
  dram             13.95 W    79.01  J     56.57%
  other             0.03 W     0.15  J      0.11%

  core              5.16 W    29.21  J     20.91%
  cache             5.53 W    31.30  J     22.41%
  total            24.65 W   139.67  J    100.00%
Warning: Unable to run gnuplot to create cpi stack graphs.  Maybe gnuplot is not installed?
[SNIPER] End
[SNIPER] Elapsed time: 42300.74 seconds
[SNIPER] Running McPAT
                                         | Core 0      
  Instructions                           |   9245560742
  Cycles                                 |  15069886013
  IPC                                    |         0.61
  Time (ns)                              |   5665370682
  Idle time (ns)                         |        82428
  Idle time (%)                          |         0.0%
  Bypass Reads                           |            0
  Bypass Writes                          |            0
  Bypass Read Data Size (bytes)          |            0
  Bypass Write Data Size (bytes)         |            0
  Memop Count                            |   2267393245
  Memop Average Latency (ns)             |        14.34
  Default Ins Number                     |   9245560742
  Average Default Ins Latency Cycles     |         1.63
  NonMem Ins Number                      |            0
  Average NonMem Ins Latency Cycles      |         0.00
  Mem Ins Number                         |            0
  Average Mem Ins Latency Cycles         |         0.00
  Wiered Memory Access Num               |            0
  Average Wiered Memory Access Cycles    |            0
  Number of Serialization Instructions   |            0
  Total Serialization Latency            |            0
  Total Hidden DCache Latency            |  68134924782
  Total ICache Overlapped                |   9813685216
  Total BPred Overlapped                 |    546869833
  Total DCache Overlapped                |   1357381202
  Outstanding Long Latency Instruction   |  76042002286
  Outstanding Long Latency Cycles        |  13315544764
  Number of Mem Fence Instructions       |        32770
  Total Mem Fence Latency                |            0
  Number of MemOps in Interval Timer     |   2267393191
  Total MemOps Latency in Interval Timer |         5.81
  Long Latency Load Num                  |     77987694
  Long Latency Load Latency              |       148.69
  Non Long Latency Load Num              |    248181309
  Non Long Latency Load Latency          |         4.00
  Store Num                              |    583843008
  Store Latency                          |         1.00
  Overlap Num                            |   1357381180
  Overlap Latency                        |        50.20
Branch predictor stats                   |             
  num correct                            |    574146294
  num incorrect                          |     34922539
  misprediction rate                     |        5.73%
  mpki                                   |         3.78
TLB Summary                              |             
  I-TLB                                  |             
    num accesses                         |    968388006
    num misses                           |            3
    miss rate                            |        0.00%
    mpki                                 |         0.00
  D-TLB                                  |             
    num accesses                         |   2267557132
    num misses                           |    417583820
    miss rate                            |       18.42%
    mpki                                 |        45.17
  L2 TLB                                 |             
    num accesses                         |    417583823
    num misses                           |    361907900
    miss rate                            |       86.67%
    mpki                                 |        39.14
Cache Summary                            |             
  Cache L1-I                             |             
    num cache accesses                   |    968388006
    num cache misses                     |       386217
    miss rate                            |        0.04%
    mpki                                 |         0.04
  Cache L1-D                             |             
    num cache accesses                   |   2267557142
    num cache misses                     |    519994783
    miss rate                            |       22.93%
    mpki                                 |        56.24
  Cache L2                               |             
    num cache accesses                   |    773581587
    num cache misses                     |    515776448
    miss rate                            |       66.67%
    mpki                                 |        55.79
  Cache L3                               |             
    num cache accesses                   |    768977036
    num cache misses                     |    358984781
    miss rate                            |       46.68%
    mpki                                 |        38.83
DRAM summary                             |             
  num dram accesses                      |    617306206
  average dram access latency (ns)       |        53.43
  average dram queueing delay            |         0.00
Coherency Traffic                        |             
  num loads from dram                    |    353950553
  num loads from dram cache              |            0
  num loads from remote cache            |            0
