[SNIPER] Start
[SNIPER] --------------------------------------------------------------------------------
[SNIPER] Sniper using Pin frontend
[SNIPER] Running pre-ROI region in  CACHE_ONLY mode
[SNIPER] Running application ROI in DETAILED mode
[SNIPER] Running post-ROI region in FAST_FORWARD mode
[SNIPER] --------------------------------------------------------------------------------
Read Time:           67.79584
Build Time:          3.07344
Graph has 4206290 nodes and 101311614 directed edges for degree: 24
[SNIPER] Enabling performance models
[SNIPER] Setting instrumentation mode to DETAILED
[VertexProgram] Iteration: 0
We have checked 1 active verteces!
[VertexProgram] Iteration: 1
We have checked 24 active verteces!
[VertexProgram] Iteration: 2
We have checked 1907 active verteces!
[VertexProgram] Iteration: 3
We have checked 53566 active verteces!
[VertexProgram] Iteration: 4
We have checked 791566 active verteces!
[VertexProgram] Iteration: 5
We have checked 2778435 active verteces!
[VertexProgram] Iteration: 6
We have checked 3442250 active verteces!
[VertexProgram] Iteration: 7
We have checked 3347285 active verteces!
[VertexProgram] Iteration: 8
We have checked 3037013 active verteces!
[VertexProgram] Iteration: 9
We have checked 2569025 active verteces!
[VertexProgram] Iteration: 10
We have checked 1967763 active verteces!
[VertexProgram] Iteration: 11
We have checked 1342311 active verteces!
[VertexProgram] Iteration: 12
We have checked 803773 active verteces!
[VertexProgram] Iteration: 13
We have checked 425019 active verteces!
[VertexProgram] Iteration: 14
We have checked 190616 active verteces!
[VertexProgram] Iteration: 15
We have checked 74675 active verteces!
[VertexProgram] Iteration: 16
We have checked 28357 active verteces!
[VertexProgram] Iteration: 17
We have checked 8784 active verteces!
[VertexProgram] Iteration: 18
We have checked 3120 active verteces!
[VertexProgram] Iteration: 19
We have checked 1189 active verteces!
[VertexProgram] Iteration: 20
We have checked 656 active verteces!
[VertexProgram] Iteration: 21
We have checked 414 active verteces!
[VertexProgram] Iteration: 22
We have checked 357 active verteces!
[VertexProgram] Iteration: 23
We have checked 315 active verteces!
[VertexProgram] Iteration: 24
We have checked 286 active verteces!
[VertexProgram] Iteration: 25
We have checked 237 active verteces!
[VertexProgram] Iteration: 26
We have checked 209 active verteces!
[VertexProgram] Iteration: 27
We have checked 177 active verteces!
[VertexProgram] Iteration: 28
We have checked 155 active verteces!
[VertexProgram] Iteration: 29
We have checked 127 active verteces!
[VertexProgram] Iteration: 30
We have checked 114 active verteces!
[VertexProgram] Iteration: 31
We have checked 97 active verteces!
[VertexProgram] Iteration: 32
We have checked 84 active verteces!
[VertexProgram] Iteration: 33
We have checked 77 active verteces!
[VertexProgram] Iteration: 34
We have checked 67 active verteces!
[VertexProgram] Iteration: 35
We have checked 63 active verteces!
[VertexProgram] Iteration: 36
We have checked 55 active verteces!
[VertexProgram] Iteration: 37
We have checked 52 active verteces!
[VertexProgram] Iteration: 38
We have checked 47 active verteces!
[VertexProgram] Iteration: 39
We have checked 44 active verteces!
[VertexProgram] Iteration: 40
We have checked 41 active verteces!
[VertexProgram] Iteration: 41
We have checked 39 active verteces!
[VertexProgram] Iteration: 42
We have checked 37 active verteces!
[VertexProgram] Iteration: 43
We have checked 34 active verteces!
[VertexProgram] Iteration: 44
We have checked 30 active verteces!
[VertexProgram] Iteration: 45
We have checked 25 active verteces!
[VertexProgram] Iteration: 46
We have checked 21 active verteces!
[VertexProgram] Iteration: 47
We have checked 18 active verteces!
[VertexProgram] Iteration: 48
We have checked 15 active verteces!
[VertexProgram] Iteration: 49
We have checked 12 active verteces!
[VertexProgram] Iteration: 50
We have checked 9 active verteces!
[VertexProgram] Iteration: 51
We have checked 8 active verteces!
[VertexProgram] Iteration: 52
We have checked 7 active verteces!
[VertexProgram] Iteration: 53
We have checked 5 active verteces!
[VertexProgram] Iteration: 54
We have checked 4 active verteces!
[VertexProgram] Iteration: 55
We have checked 2 active verteces!
[VertexProgram] Iteration: 56
[SNIPER] Disabling performance models
[SNIPER] Leaving ROI after 16383.22 seconds
[SNIPER] Simulated 32538.7M instructions, 233360.8M cycles, 0.14 IPC
[SNIPER] Simulation speed 1986.1 KIPS (1986.1 KIPS / target core - 503.5ns/instr)
[SNIPER] Sampling: executed 10.15% of simulated time in detailed mode
[SNIPER] Setting instrumentation mode to FAST_FORWARD
We have checked 1 active verteces!
Trial Time:          10.22317
Average Time:        10.22317
                     Power     Energy    Energy %
  core-core         1.86 W    16.54  J     14.29%
  core-ifetch       0.56 W     4.99  J      4.31%
  core-alu          0.29 W     2.59  J      2.24%
  core-int          0.51 W     4.57  J      3.95%
  core-fp           0.74 W     6.61  J      5.71%
  core-mem          0.33 W     2.91  J      2.52%
  core-other        0.86 W     7.65  J      6.61%
  icache            0.43 W     3.81  J      3.29%
  dcache            0.75 W     6.71  J      5.80%
  l2                0.42 W     3.75  J      3.24%
  dram              6.23 W    55.42  J     47.90%
  other             0.02 W     0.14  J      0.12%

  core              5.15 W    45.87  J     39.65%
  cache             1.60 W    14.27  J     12.33%
  total            13.00 W   115.70  J    100.00%
Warning: Unable to run gnuplot to create cpi stack graphs.  Maybe gnuplot is not installed?
[SNIPER] End
[SNIPER] Elapsed time: 86620.88 seconds
[SNIPER] Running McPAT
                                         | Core 0      
  Instructions                           |  15822257306
  Cycles                                 |  23676211019
  IPC                                    |         0.67
  Time (ns)                              |   8900831211
  Idle time (ns)                         |         9603
  Idle time (%)                          |         0.0%
  Bypass Reads                           |   1044776868
  Bypass Writes                          |    522388434
  Bypass Read Data Size (bytes)          |   6268661208
  Bypass Write Data Size (bytes)         |   4179107472
  Memop Count                            |   4564081902
  Memop Average Latency (ns)             |         3.85
  Default Ins Number                     |  15822257306
  Average Default Ins Latency Cycles     |         1.50
  NonMem Ins Number                      |            0
  Average NonMem Ins Latency Cycles      |         0.00
  Mem Ins Number                         |            0
  Average Mem Ins Latency Cycles         |         0.00
  Wiered Memory Access Num               |            0
  Average Wiered Memory Access Cycles    |            0
  Number of Serialization Instructions   |            0
  Total Serialization Latency            |            0
  Total Hidden DCache Latency            |  16768484656
  Total ICache Overlapped                |  12516665721
  Total BPred Overlapped                 |    635568434
  Total DCache Overlapped                |   1244947428
  Outstanding Long Latency Instruction   |  28850701410
  Outstanding Long Latency Cycles        |  17684905287
  Number of Mem Fence Instructions       |        32769
  Total Mem Fence Latency                |            0
  Number of MemOps in Interval Timer     |   4564081847
  Total MemOps Latency in Interval Timer |         5.45
  Long Latency Load Num                  |     99303993
  Long Latency Load Latency              |       166.75
  Non Long Latency Load Num              |   2154246430
  Non Long Latency Load Latency          |         3.37
  Store Num                              |   1065584011
  Store Latency                          |         1.00
  Overlap Num                            |   1244947413
  Overlap Latency                        |        13.47
Branch predictor stats                   |             
  num correct                            |   1598823574
  num incorrect                          |     50795958
  misprediction rate                     |        3.08%
  mpki                                   |         3.21
TLB Summary                              |             
  I-TLB                                  |             
    num accesses                         |   2109680083
    num misses                           |            4
    miss rate                            |        0.00%
    mpki                                 |         0.00
  D-TLB                                  |             
    num accesses                         |   2997266892
    num misses                           |      4183479
    miss rate                            |        0.14%
    mpki                                 |         0.26
  L2 TLB                                 |             
    num accesses                         |      4183483
    num misses                           |      4172001
    miss rate                            |       99.73%
    mpki                                 |         0.26
Cache Summary                            |             
  Cache L1-I                             |             
    num cache accesses                   |   2109680083
    num cache misses                     |       152087
    miss rate                            |        0.01%
    mpki                                 |         0.01
  Cache L1-D                             |             
    num cache accesses                   |   2997266902
    num cache misses                     |    189500249
    miss rate                            |        6.32%
    mpki                                 |        11.98
  Cache L2                               |             
    num cache accesses                   |    194553390
    num cache misses                     |    189637042
    miss rate                            |       97.47%
    mpki                                 |        11.99
DRAM summary                             |             
  num dram accesses                      |    210898307
  average dram access latency (ns)       |        53.43
  average dram queueing delay            |         0.00
Coherency Traffic                        |             
  num loads from dram                    |    173127419
  num loads from dram cache              |            0
  num loads from remote cache            |            0
