[SNIPER] Start
[SNIPER] --------------------------------------------------------------------------------
[SNIPER] Sniper using Pin frontend
[SNIPER] Running pre-ROI region in  CACHE_ONLY mode
[SNIPER] Running application ROI in DETAILED mode
[SNIPER] Running post-ROI region in FAST_FORWARD mode
[SNIPER] --------------------------------------------------------------------------------
Read Time:           67.79584
Build Time:          3.07344
Graph has 4206290 nodes and 101311614 directed edges for degree: 24
[SNIPER] Enabling performance models
[SNIPER] Setting instrumentation mode to DETAILED
[VertexProgram] Iteration: 0
We have checked 1 active verteces!
[VertexProgram] Iteration: 1
We have checked 24 active verteces!
[VertexProgram] Iteration: 2
We have checked 1907 active verteces!
[VertexProgram] Iteration: 3
We have checked 53566 active verteces!
[VertexProgram] Iteration: 4
We have checked 791566 active verteces!
[VertexProgram] Iteration: 5
We have checked 2778435 active verteces!
[VertexProgram] Iteration: 6
We have checked 3442250 active verteces!
[VertexProgram] Iteration: 7
We have checked 3347285 active verteces!
[VertexProgram] Iteration: 8
We have checked 3037013 active verteces!
[VertexProgram] Iteration: 9
We have checked 2569025 active verteces!
[VertexProgram] Iteration: 10
We have checked 1967763 active verteces!
[VertexProgram] Iteration: 11
We have checked 1342311 active verteces!
[VertexProgram] Iteration: 12
We have checked 803773 active verteces!
[VertexProgram] Iteration: 13
We have checked 425019 active verteces!
[VertexProgram] Iteration: 14
We have checked 190616 active verteces!
[VertexProgram] Iteration: 15
We have checked 74675 active verteces!
[VertexProgram] Iteration: 16
We have checked 28357 active verteces!
[VertexProgram] Iteration: 17
We have checked 8784 active verteces!
[VertexProgram] Iteration: 18
We have checked 3120 active verteces!
[VertexProgram] Iteration: 19
We have checked 1189 active verteces!
[VertexProgram] Iteration: 20
We have checked 656 active verteces!
[VertexProgram] Iteration: 21
We have checked 414 active verteces!
[VertexProgram] Iteration: 22
We have checked 357 active verteces!
[VertexProgram] Iteration: 23
We have checked 315 active verteces!
[VertexProgram] Iteration: 24
We have checked 286 active verteces!
[VertexProgram] Iteration: 25
We have checked 237 active verteces!
[VertexProgram] Iteration: 26
We have checked 209 active verteces!
[VertexProgram] Iteration: 27
We have checked 177 active verteces!
[VertexProgram] Iteration: 28
We have checked 155 active verteces!
[VertexProgram] Iteration: 29
We have checked 127 active verteces!
[VertexProgram] Iteration: 30
We have checked 114 active verteces!
[VertexProgram] Iteration: 31
We have checked 97 active verteces!
[VertexProgram] Iteration: 32
We have checked 84 active verteces!
[VertexProgram] Iteration: 33
We have checked 77 active verteces!
[VertexProgram] Iteration: 34
We have checked 67 active verteces!
[VertexProgram] Iteration: 35
We have checked 63 active verteces!
[VertexProgram] Iteration: 36
We have checked 55 active verteces!
[VertexProgram] Iteration: 37
We have checked 52 active verteces!
[VertexProgram] Iteration: 38
We have checked 47 active verteces!
[VertexProgram] Iteration: 39
We have checked 44 active verteces!
[VertexProgram] Iteration: 40
We have checked 41 active verteces!
[VertexProgram] Iteration: 41
We have checked 39 active verteces!
[VertexProgram] Iteration: 42
We have checked 37 active verteces!
[VertexProgram] Iteration: 43
We have checked 34 active verteces!
[VertexProgram] Iteration: 44
We have checked 30 active verteces!
[VertexProgram] Iteration: 45
We have checked 25 active verteces!
[VertexProgram] Iteration: 46
We have checked 21 active verteces!
[VertexProgram] Iteration: 47
We have checked 18 active verteces!
[VertexProgram] Iteration: 48
We have checked 15 active verteces!
[VertexProgram] Iteration: 49
We have checked 12 active verteces!
[VertexProgram] Iteration: 50
We have checked 9 active verteces!
[VertexProgram] Iteration: 51
We have checked 8 active verteces!
[VertexProgram] Iteration: 52
We have checked 7 active verteces!
[VertexProgram] Iteration: 53
We have checked 5 active verteces!
[VertexProgram] Iteration: 54
We have checked 4 active verteces!
[VertexProgram] Iteration: 55
We have checked 2 active verteces!
[VertexProgram] Iteration: 56
[SNIPER] Disabling performance models
[SNIPER] Leaving ROI after 11883.17 seconds
[SNIPER] Simulated 32538.7M instructions, 217465.9M cycles, 0.15 IPC
[SNIPER] Simulation speed 2738.2 KIPS (2738.2 KIPS / target core - 365.2ns/instr)
[SNIPER] Sampling: executed 3.58% of simulated time in detailed mode
[SNIPER] Setting instrumentation mode to FAST_FORWARD
We have checked 1 active verteces!
Trial Time:          4.24767
Average Time:        4.24767
                     Power     Energy    Energy %
  core-core         5.32 W    15.57  J     28.64%
  core-ifetch       1.20 W     3.52  J      6.47%
  core-alu          0.29 W     0.85  J      1.57%
  core-int          0.99 W     2.90  J      5.34%
  core-fp           0.74 W     2.17  J      4.00%
  core-mem          1.18 W     3.45  J      6.34%
  core-other        0.86 W     2.52  J      4.63%
  icache            0.87 W     2.55  J      4.69%
  dcache            2.44 W     7.15  J     13.14%
  l2                0.42 W     1.22  J      2.24%
  dram              4.25 W    12.44  J     22.87%
  other             0.02 W     0.04  J      0.08%

  core             10.59 W    30.98  J     56.97%
  cache             3.73 W    10.91  J     20.07%
  total            18.59 W    54.38  J    100.00%
Warning: Unable to run gnuplot to create cpi stack graphs.  Maybe gnuplot is not installed?
[SNIPER] End
[SNIPER] Elapsed time: 61567.71 seconds
[SNIPER] Running McPAT
                                         | Core 0      
  Instructions                           |  15822257307
  Cycles                                 |   7781358941
  IPC                                    |         2.03
  Time (ns)                              |   2925322911
  Idle time (ns)                         |         9551
  Idle time (%)                          |         0.0%
  Bypass Reads                           |            0
  Bypass Writes                          |            0
  Bypass Read Data Size (bytes)          |            0
  Bypass Write Data Size (bytes)         |            0
  Memop Count                            |   4564081902
  Memop Average Latency (ns)             |         1.75
  Default Ins Number                     |  15822257307
  Average Default Ins Latency Cycles     |         0.49
  NonMem Ins Number                      |            0
  Average NonMem Ins Latency Cycles      |         0.00
  Mem Ins Number                         |            0
  Average Mem Ins Latency Cycles         |         0.00
  Wiered Memory Access Num               |            0
  Average Wiered Memory Access Cycles    |            0
  Number of Serialization Instructions   |            0
  Total Serialization Latency            |            0
  Total Hidden DCache Latency            |   4848961088
  Total ICache Overlapped                |   4600519234
  Total BPred Overlapped                 |    394118317
  Total DCache Overlapped                |    725839258
  Outstanding Long Latency Instruction   |   3447980506
  Outstanding Long Latency Cycles        |   1630677158
  Number of Mem Fence Instructions       |        32769
  Total Mem Fence Latency                |            0
  Number of MemOps in Interval Timer     |   4564081847
  Total MemOps Latency in Interval Timer |         2.91
  Long Latency Load Num                  |     36562479
  Long Latency Load Latency              |        34.00
  Non Long Latency Load Num              |   2736096099
  Non Long Latency Load Latency          |         4.01
  Store Num                              |   1065584011
  Store Latency                          |         1.00
  Overlap Num                            |    725839258
  Overlap Latency                        |         6.68
Branch predictor stats                   |             
  num correct                            |   1598823574
  num incorrect                          |     50795958
  misprediction rate                     |        3.08%
  mpki                                   |         3.21
TLB Summary                              |             
  I-TLB                                  |             
    num accesses                         |   2109680083
    num misses                           |            4
    miss rate                            |        0.00%
    mpki                                 |         0.00
  D-TLB                                  |             
    num accesses                         |   4564432194
    num misses                           |    181166783
    miss rate                            |        3.97%
    mpki                                 |        11.45
  L2 TLB                                 |             
    num accesses                         |    181166787
    num misses                           |    101666636
    miss rate                            |       56.12%
    mpki                                 |         6.43
Cache Summary                            |             
  Cache L1-I                             |             
    num cache accesses                   |   2109680083
    num cache misses                     |           52
    miss rate                            |        0.00%
    mpki                                 |         0.00
  Cache L1-D                             |             
    num cache accesses                   |   4564432204
    num cache misses                     |            0
    miss rate                            |        0.00%
    mpki                                 |         0.00
  Cache L2                               |             
    num cache accesses                   |           52
    num cache misses                     |            0
    miss rate                            |        0.00%
    mpki                                 |         0.00
DRAM summary                             |             
  num dram accesses                      |            0
  average dram access latency (ns)       |          inf
  average dram queueing delay            |         0.00
Coherency Traffic                        |             
  num loads from dram                    |            0
  num loads from dram cache              |            0
  num loads from remote cache            |            0
