[SNIPER] Start
[SNIPER] --------------------------------------------------------------------------------
[SNIPER] Sniper using Pin frontend
[SNIPER] Running pre-ROI region in  CACHE_ONLY mode
[SNIPER] Running application ROI in DETAILED mode
[SNIPER] Running post-ROI region in FAST_FORWARD mode
[SNIPER] --------------------------------------------------------------------------------
Read Time:           63.38507
Build Time:          3.09861
Graph has 41651705 nodes and 91975156 directed edges for degree: 2
[SNIPER] Enabling performance models
[SNIPER] Setting instrumentation mode to DETAILED
[VertexProgram] Iteration: 0
We have checked 1 active verteces!
[VertexProgram] Iteration: 1
We have checked 9 active verteces!
[VertexProgram] Iteration: 2
We have checked 30 active verteces!
[VertexProgram] Iteration: 3
We have checked 53 active verteces!
[VertexProgram] Iteration: 4
We have checked 680 active verteces!
[VertexProgram] Iteration: 5
We have checked 2104 active verteces!
[VertexProgram] Iteration: 6
We have checked 13905 active verteces!
[VertexProgram] Iteration: 7
We have checked 80288 active verteces!
[VertexProgram] Iteration: 8
We have checked 467164 active verteces!
[VertexProgram] Iteration: 9
We have checked 1002777 active verteces!
[VertexProgram] Iteration: 10
We have checked 1288039 active verteces!
[VertexProgram] Iteration: 11
We have checked 1060702 active verteces!
[VertexProgram] Iteration: 12
We have checked 785670 active verteces!
[VertexProgram] Iteration: 13
We have checked 529719 active verteces!
[VertexProgram] Iteration: 14
We have checked 321787 active verteces!
[VertexProgram] Iteration: 15
We have checked 189375 active verteces!
[VertexProgram] Iteration: 16
We have checked 107178 active verteces!
[VertexProgram] Iteration: 17
We have checked 61613 active verteces!
[VertexProgram] Iteration: 18
We have checked 33576 active verteces!
[VertexProgram] Iteration: 19
We have checked 18272 active verteces!
[VertexProgram] Iteration: 20
We have checked 10199 active verteces!
[VertexProgram] Iteration: 21
We have checked 5511 active verteces!
[VertexProgram] Iteration: 22
We have checked 3202 active verteces!
[VertexProgram] Iteration: 23
We have checked 1872 active verteces!
[VertexProgram] Iteration: 24
We have checked 1086 active verteces!
[VertexProgram] Iteration: 25
We have checked 603 active verteces!
[VertexProgram] Iteration: 26
We have checked 303 active verteces!
[VertexProgram] Iteration: 27
We have checked 152 active verteces!
[VertexProgram] Iteration: 28
We have checked 68 active verteces!
[VertexProgram] Iteration: 29
We have checked 39 active verteces!
[VertexProgram] Iteration: 30
We have checked 19 active verteces!
[VertexProgram] Iteration: 31
We have checked 24 active verteces!
[VertexProgram] Iteration: 32
We have checked 17 active verteces!
[VertexProgram] Iteration: 33
[SNIPER] Disabling performance models
[SNIPER] Leaving ROI after 25501.83 seconds
[SNIPER] Simulated 17709.8M instructions, 216399.9M cycles, 0.08 IPC
[SNIPER] Simulation speed 694.5 KIPS (694.5 KIPS / target core - 1440.0ns/instr)
[SNIPER] Sampling: executed 11.18% of simulated time in detailed mode
[SNIPER] Setting instrumentation mode to FAST_FORWARD
We have checked 5 active verteces!
Trial Time:          9.48686
Average Time:        9.48686
                     Power     Energy    Energy %
  core-core         1.99 W    18.09  J     10.14%
  core-ifetch       0.60 W     5.43  J      3.04%
  core-alu          0.29 W     2.65  J      1.49%
  core-int          0.52 W     4.77  J      2.68%
  core-fp           0.74 W     6.76  J      3.79%
  core-mem          0.66 W     5.97  J      3.35%
  core-other        1.03 W     9.36  J      5.25%
  icache            0.65 W     5.88  J      3.29%
  dcache            1.39 W    12.65  J      7.09%
  l2                0.42 W     3.83  J      2.15%
  l3                3.38 W    30.78  J     17.25%
  dram              7.92 W    72.02  J     40.36%
  other             0.03 W     0.24  J      0.13%

  core              5.83 W    53.04  J     29.72%
  cache             5.84 W    53.14  J     29.78%
  total            19.62 W   178.43  J    100.00%
Warning: Unable to run gnuplot to create cpi stack graphs.  Maybe gnuplot is not installed?
[SNIPER] End
[SNIPER] Elapsed time: 84214.21 seconds
[SNIPER] Running McPAT
                                         | Core 0      
  Instructions                           |  17514603796
  Cycles                                 |  24193913457
  IPC                                    |         0.72
  Time (ns)                              |   9095456187
  Idle time (ns)                         |        61304
  Idle time (%)                          |         0.0%
  Bypass Reads                           |            0
  Bypass Writes                          |            0
  Bypass Read Data Size (bytes)          |            0
  Bypass Write Data Size (bytes)         |            0
  Memop Count                            |   7248795862
  Memop Average Latency (ns)             |         5.02
  Default Ins Number                     |  17514603796
  Average Default Ins Latency Cycles     |         1.38
  NonMem Ins Number                      |            0
  Average NonMem Ins Latency Cycles      |         0.00
  Mem Ins Number                         |            0
  Average Mem Ins Latency Cycles         |         0.00
  Wiered Memory Access Num               |            0
  Average Wiered Memory Access Cycles    |            0
  Number of Serialization Instructions   |            0
  Total Serialization Latency            |            0
  Total Hidden DCache Latency            |  61330097611
  Total ICache Overlapped                |  11767991730
  Total BPred Overlapped                 |   1029046991
  Total DCache Overlapped                |   2765542019
  Outstanding Long Latency Instruction   |  68027819989
  Outstanding Long Latency Cycles        |  18990480969
  Number of Mem Fence Instructions       |        32770
  Total Mem Fence Latency                |            0
  Number of MemOps in Interval Timer     |   7248795815
  Total MemOps Latency in Interval Timer |         4.11
  Long Latency Load Num                  |     94078295
  Long Latency Load Latency              |       176.38
  Non Long Latency Load Num              |   2939048086
  Non Long Latency Load Latency          |         4.00
  Store Num                              |   1450127441
  Store Latency                          |         1.00
  Overlap Num                            |   2765541993
  Overlap Latency                        |        22.18
Branch predictor stats                   |             
  num correct                            |   2889467314
  num incorrect                          |     22641749
  misprediction rate                     |        0.78%
  mpki                                   |         1.29
TLB Summary                              |             
  I-TLB                                  |             
    num accesses                         |   4319042592
    num misses                           |            0
    miss rate                            |        0.00%
    mpki                                 |         0.00
  D-TLB                                  |             
    num accesses                         |   7248959717
    num misses                           |     33250260
    miss rate                            |        0.46%
    mpki                                 |         1.90
  L2 TLB                                 |             
    num accesses                         |     33250260
    num misses                           |     31148127
    miss rate                            |       93.68%
    mpki                                 |         1.78
Cache Summary                            |             
  Cache L1-I                             |             
    num cache accesses                   |   4319042592
    num cache misses                     |       292209
    miss rate                            |        0.01%
    mpki                                 |         0.02
  Cache L1-D                             |             
    num cache accesses                   |   7248959727
    num cache misses                     |    393969394
    miss rate                            |        5.43%
    mpki                                 |        22.49
  Cache L2                               |             
    num cache accesses                   |    405144490
    num cache misses                     |    393138989
    miss rate                            |       97.04%
    mpki                                 |        22.45
  Cache L3                               |             
    num cache accesses                   |    404021876
    num cache misses                     |    387909116
    miss rate                            |       96.01%
    mpki                                 |        22.15
DRAM summary                             |             
  num dram accesses                      |    405081212
  average dram access latency (ns)       |        53.43
  average dram queueing delay            |         0.00
Coherency Traffic                        |             
  num loads from dram                    |    382265484
  num loads from dram cache              |            0
  num loads from remote cache            |            0
