[SNIPER] Start
[SNIPER] --------------------------------------------------------------------------------
[SNIPER] Sniper using Pin frontend
[SNIPER] Running pre-ROI region in  CACHE_ONLY mode
[SNIPER] Running application ROI in DETAILED mode
[SNIPER] Running post-ROI region in FAST_FORWARD mode
[SNIPER] --------------------------------------------------------------------------------
Read Time:           53.08501
Build Time:          2.20477
Graph has 5363261 nodes and 77991514 directed edges for degree: 14
[SNIPER] Enabling performance models
[SNIPER] Setting instrumentation mode to DETAILED
[VertexProgram] Iteration: 0
We have checked 1 active verteces!
[VertexProgram] Iteration: 1
We have checked 1 active verteces!
[VertexProgram] Iteration: 2
We have checked 20 active verteces!
[VertexProgram] Iteration: 3
We have checked 258 active verteces!
[VertexProgram] Iteration: 4
We have checked 4085 active verteces!
[VertexProgram] Iteration: 5
We have checked 146599 active verteces!
[VertexProgram] Iteration: 6
We have checked 1494058 active verteces!
[VertexProgram] Iteration: 7
We have checked 2302973 active verteces!
[VertexProgram] Iteration: 8
We have checked 740667 active verteces!
[VertexProgram] Iteration: 9
We have checked 106490 active verteces!
[VertexProgram] Iteration: 10
We have checked 16595 active verteces!
[VertexProgram] Iteration: 11
We have checked 3104 active verteces!
[VertexProgram] Iteration: 12
We have checked 871 active verteces!
[VertexProgram] Iteration: 13
We have checked 137 active verteces!
[VertexProgram] Iteration: 14
We have checked 26 active verteces!
[VertexProgram] Iteration: 15
We have checked 9 active verteces!
[VertexProgram] Iteration: 16
We have checked 2 active verteces!
[VertexProgram] Iteration: 17
We have checked 2 active verteces!
[VertexProgram] Iteration: 18
We have checked 2 active verteces!
[VertexProgram] Iteration: 19
We have checked 2 active verteces!
[VertexProgram] Iteration: 20
We have checked 2 active verteces!
[VertexProgram] Iteration: 21
We have checked 2 active verteces!
[VertexProgram] Iteration: 22
We have checked 2 active verteces!
[VertexProgram] Iteration: 23
We have checked 2 active verteces!
[VertexProgram] Iteration: 24
We have checked 2 active verteces!
[VertexProgram] Iteration: 25
We have checked 2 active verteces!
[VertexProgram] Iteration: 26
We have checked 2 active verteces!
[VertexProgram] Iteration: 27
We have checked 2 active verteces!
[VertexProgram] Iteration: 28
We have checked 2 active verteces!
[VertexProgram] Iteration: 29
We have checked 2 active verteces!
[VertexProgram] Iteration: 30
We have checked 2 active verteces!
[VertexProgram] Iteration: 31
We have checked 2 active verteces!
[VertexProgram] Iteration: 32
We have checked 2 active verteces!
[VertexProgram] Iteration: 33
We have checked 2 active verteces!
[VertexProgram] Iteration: 34
We have checked 2 active verteces!
[VertexProgram] Iteration: 35
We have checked 2 active verteces!
[VertexProgram] Iteration: 36
We have checked 2 active verteces!
[VertexProgram] Iteration: 37
We have checked 2 active verteces!
[VertexProgram] Iteration: 38
We have checked 2 active verteces!
[VertexProgram] Iteration: 39
We have checked 2 active verteces!
[VertexProgram] Iteration: 40
We have checked 2 active verteces!
[VertexProgram] Iteration: 41
We have checked 2 active verteces!
[VertexProgram] Iteration: 42
We have checked 2 active verteces!
[VertexProgram] Iteration: 43
[SNIPER] Disabling performance models
[SNIPER] Leaving ROI after 5731.84 seconds
[SNIPER] Simulated 4532.5M instructions, 162219.7M cycles, 0.03 IPC
[SNIPER] Simulation speed 790.8 KIPS (790.8 KIPS / target core - 1264.6ns/instr)
[SNIPER] Sampling: executed 4.18% of simulated time in detailed mode
[SNIPER] Setting instrumentation mode to FAST_FORWARD
We have checked 1 active verteces!
Trial Time:          2.60113
Average Time:        2.60113
                     Power     Energy    Energy %
  core-core         1.65 W     4.20  J      9.07%
  core-ifetch       0.53 W     1.35  J      2.92%
  core-alu          0.29 W     0.74  J      1.60%
  core-int          0.48 W     1.22  J      2.64%
  core-fp           0.74 W     1.89  J      4.09%
  core-mem          0.51 W     1.29  J      2.78%
  core-other        1.03 W     2.63  J      5.66%
  icache            0.52 W     1.33  J      2.88%
  dcache            1.12 W     2.86  J      6.16%
  l2                0.43 W     1.10  J      2.36%
  l3                3.41 W     8.69  J     18.76%
  dram              7.44 W    18.97  J     40.93%
  other             0.03 W     0.07  J      0.14%

  core              5.23 W    13.33  J     28.77%
  cache             5.48 W    13.98  J     30.16%
  total            18.17 W    46.35  J    100.00%
Warning: Unable to run gnuplot to create cpi stack graphs.  Maybe gnuplot is not installed?
[SNIPER] End
[SNIPER] Elapsed time: 48960.96 seconds
[SNIPER] Running McPAT
                                         | Core 0      
  Instructions                           |   3993817960
  Cycles                                 |   6785056200
  IPC                                    |         0.59
  Time (ns)                              |   2550773008
  Idle time (ns)                         |        56786
  Idle time (%)                          |         0.0%
  Bypass Reads                           |            0
  Bypass Writes                          |            0
  Bypass Read Data Size (bytes)          |            0
  Bypass Write Data Size (bytes)         |            0
  Memop Count                            |   1509686956
  Memop Average Latency (ns)             |         5.46
  Default Ins Number                     |   3993817960
  Average Default Ins Latency Cycles     |         1.70
  NonMem Ins Number                      |            0
  Average NonMem Ins Latency Cycles      |         0.00
  Mem Ins Number                         |            0
  Average Mem Ins Latency Cycles         |         0.00
  Wiered Memory Access Num               |            0
  Average Wiered Memory Access Cycles    |            0
  Number of Serialization Instructions   |            0
  Total Serialization Latency            |            0
  Total Hidden DCache Latency            |  13422572685
  Total ICache Overlapped                |   3068212715
  Total BPred Overlapped                 |    268442505
  Total DCache Overlapped                |    619791189
  Outstanding Long Latency Instruction   |  15202810029
  Outstanding Long Latency Cycles        |   5048869160
  Number of Mem Fence Instructions       |        90115
  Total Mem Fence Latency                |            0
  Number of MemOps in Interval Timer     |   1509686909
  Total MemOps Latency in Interval Timer |         4.39
  Long Latency Load Num                  |     24473976
  Long Latency Load Latency              |       163.35
  Non Long Latency Load Num              |    581749819
  Non Long Latency Load Latency          |         4.03
  Store Num                              |    283671939
  Store Latency                          |         1.00
  Overlap Num                            |    619791175
  Overlap Latency                        |        21.66
Branch predictor stats                   |             
  num correct                            |    615263338
  num incorrect                          |     30022509
  misprediction rate                     |        4.65%
  mpki                                   |         7.52
TLB Summary                              |             
  I-TLB                                  |             
    num accesses                         |    868156584
    num misses                           |            0
    miss rate                            |        0.00%
    mpki                                 |         0.00
  D-TLB                                  |             
    num accesses                         |   1509867179
    num misses                           |     29098014
    miss rate                            |        1.93%
    mpki                                 |         7.29
  L2 TLB                                 |             
    num accesses                         |     29098014
    num misses                           |     20197281
    miss rate                            |       69.41%
    mpki                                 |         5.06
Cache Summary                            |             
  Cache L1-I                             |             
    num cache accesses                   |    868156584
    num cache misses                     |        80543
    miss rate                            |        0.01%
    mpki                                 |         0.02
  Cache L1-D                             |             
    num cache accesses                   |   1509867189
    num cache misses                     |    109932432
    miss rate                            |        7.28%
    mpki                                 |        27.53
  Cache L2                               |             
    num cache accesses                   |    116508050
    num cache misses                     |    101030649
    miss rate                            |       86.72%
    mpki                                 |        25.30
  Cache L3                               |             
    num cache accesses                   |    107525724
    num cache misses                     |     86290020
    miss rate                            |       80.25%
    mpki                                 |        21.61
DRAM summary                             |             
  num dram accesses                      |     97220290
  average dram access latency (ns)       |        53.43
  average dram queueing delay            |         0.00
Coherency Traffic                        |             
  num loads from dram                    |     82903311
  num loads from dram cache              |            0
  num loads from remote cache            |            0
