[SNIPER] Start
[SNIPER] --------------------------------------------------------------------------------
[SNIPER] Sniper using Pin frontend
[SNIPER] Running pre-ROI region in  CACHE_ONLY mode
[SNIPER] Running application ROI in DETAILED mode
[SNIPER] Running post-ROI region in FAST_FORWARD mode
[SNIPER] --------------------------------------------------------------------------------
Read Time:           63.65887
Build Time:          3.35794
Graph has 41651705 nodes and 91975156 directed edges for degree: 2
[SNIPER] Enabling performance models
[SNIPER] Setting instrumentation mode to DETAILED
[VertexProgram] Iteration: 0
We have checked 1 active verteces!
[VertexProgram] Iteration: 1
We have checked 9 active verteces!
[VertexProgram] Iteration: 2
We have checked 30 active verteces!
[VertexProgram] Iteration: 3
We have checked 53 active verteces!
[VertexProgram] Iteration: 4
We have checked 684 active verteces!
[VertexProgram] Iteration: 5
We have checked 2161 active verteces!
[VertexProgram] Iteration: 6
We have checked 14041 active verteces!
[VertexProgram] Iteration: 7
We have checked 82753 active verteces!
[VertexProgram] Iteration: 8
We have checked 508371 active verteces!
[VertexProgram] Iteration: 9
We have checked 1383055 active verteces!
[VertexProgram] Iteration: 10
We have checked 2493462 active verteces!
[VertexProgram] Iteration: 11
We have checked 3371970 active verteces!
[VertexProgram] Iteration: 12
We have checked 3935495 active verteces!
[VertexProgram] Iteration: 13
We have checked 4185016 active verteces!
[VertexProgram] Iteration: 14
We have checked 4132830 active verteces!
[VertexProgram] Iteration: 15
We have checked 3862118 active verteces!
[VertexProgram] Iteration: 16
We have checked 3488939 active verteces!
[VertexProgram] Iteration: 17
We have checked 3021161 active verteces!
[VertexProgram] Iteration: 18
We have checked 2548512 active verteces!
[VertexProgram] Iteration: 19
We have checked 2074809 active verteces!
[VertexProgram] Iteration: 20
We have checked 1640349 active verteces!
[VertexProgram] Iteration: 21
We have checked 1260008 active verteces!
[VertexProgram] Iteration: 22
We have checked 949905 active verteces!
[VertexProgram] Iteration: 23
We have checked 690098 active verteces!
[VertexProgram] Iteration: 24
We have checked 493238 active verteces!
[VertexProgram] Iteration: 25
We have checked 340813 active verteces!
[VertexProgram] Iteration: 26
We have checked 231143 active verteces!
[VertexProgram] Iteration: 27
We have checked 153299 active verteces!
[VertexProgram] Iteration: 28
We have checked 99700 active verteces!
[VertexProgram] Iteration: 29
We have checked 63948 active verteces!
[VertexProgram] Iteration: 30
We have checked 39759 active verteces!
[VertexProgram] Iteration: 31
We have checked 24290 active verteces!
[VertexProgram] Iteration: 32
We have checked 14925 active verteces!
[VertexProgram] Iteration: 33
We have checked 8823 active verteces!
[VertexProgram] Iteration: 34
We have checked 5299 active verteces!
[VertexProgram] Iteration: 35
We have checked 3024 active verteces!
[VertexProgram] Iteration: 36
We have checked 1757 active verteces!
[VertexProgram] Iteration: 37
We have checked 1196 active verteces!
[VertexProgram] Iteration: 38
We have checked 613 active verteces!
[VertexProgram] Iteration: 39
We have checked 249 active verteces!
[VertexProgram] Iteration: 40
We have checked 150 active verteces!
[VertexProgram] Iteration: 41
We have checked 96 active verteces!
[VertexProgram] Iteration: 42
We have checked 59 active verteces!
[VertexProgram] Iteration: 43
We have checked 31 active verteces!
[VertexProgram] Iteration: 44
We have checked 10 active verteces!
[VertexProgram] Iteration: 45
We have checked 4 active verteces!
[VertexProgram] Iteration: 46
[SNIPER] Disabling performance models
[SNIPER] Leaving ROI after 18446710784.00 seconds
[SNIPER] Simulated 40804.5M instructions, 267561.4M cycles, 0.15 IPC
[SNIPER] Simulation speed 0.0 KIPS (0.0 KIPS / target core - 452075136.8ns/instr)
[SNIPER] Sampling: executed 25.04% of simulated time in detailed mode
[SNIPER] Setting instrumentation mode to FAST_FORWARD
We have checked 1 active verteces!
Trial Time:          26.90110
Average Time:        26.90110
                     Power     Energy    Energy %
  core-core         1.47 W    37.01  J      8.04%
  core-ifetch       0.49 W    12.40  J      2.69%
  core-alu          0.29 W     7.34  J      1.59%
  core-int          0.46 W    11.53  J      2.50%
  core-fp           0.74 W    18.71  J      4.06%
  core-mem          0.49 W    12.26  J      2.66%
  core-other        1.03 W    25.92  J      5.63%
  icache            0.38 W     9.51  J      2.07%
  dcache            1.15 W    28.84  J      6.26%
  l2                0.44 W    11.06  J      2.40%
  l3                3.43 W    86.29  J     18.74%
  dram              7.90 W   198.91  J     43.20%
  other             0.03 W     0.65  J      0.14%

  core              4.97 W   125.16  J     27.18%
  cache             5.39 W   135.70  J     29.47%
  total            18.28 W   460.43  J    100.00%
Warning: Unable to run gnuplot to create cpi stack graphs.  Maybe gnuplot is not installed?
[SNIPER] End
[SNIPER] Elapsed time: 116514.56 seconds
[SNIPER] Running McPAT
                                         | Core 0       
  Instructions                           |   34601410686
  Cycles                                 |   66994963857
  IPC                                    |          0.52
  Time (ns)                              |   25186076638
  Idle time (ns)                         |         88700
  Idle time (%)                          |          0.0%
  Bypass Reads                           |             0
  Bypass Writes                          |             0
  Bypass Read Data Size (bytes)          |             0
  Bypass Write Data Size (bytes)         |             0
  Memop Count                            |   15092214429
  Memop Average Latency (ns)             |          5.09
  Default Ins Number                     |   34601410686
  Average Default Ins Latency Cycles     |          1.94
  NonMem Ins Number                      |             0
  Average NonMem Ins Latency Cycles      |          0.00
  Mem Ins Number                         |             0
  Average Mem Ins Latency Cycles         |          0.00
  Wiered Memory Access Num               |             0
  Average Wiered Memory Access Cycles    |             0
  Number of Serialization Instructions   |             0
  Total Serialization Latency            |             0
  Total Hidden DCache Latency            |  105365158247
  Total ICache Overlapped                |   36161719946
  Total BPred Overlapped                 |    2409667878
  Total DCache Overlapped                |    8504493780
  Outstanding Long Latency Instruction   |  123716448187
  Outstanding Long Latency Cycles        |   51447593210
  Number of Mem Fence Instructions       |         90115
  Total Mem Fence Latency                |             0
  Number of MemOps in Interval Timer     |   15092214374
  Total MemOps Latency in Interval Timer |          4.19
  Long Latency Load Num                  |     288548150
  Long Latency Load Latency              |        175.71
  Non Long Latency Load Num              |    2065616224
  Non Long Latency Load Latency          |          4.00
  Store Num                              |    4233556239
  Store Latency                          |          1.00
  Overlap Num                            |    8504493761
  Overlap Latency                        |         12.39
Branch predictor stats                   |              
  num correct                            |    4402675688
  num incorrect                          |      88403428
  misprediction rate                     |         1.97%
  mpki                                   |          2.55
TLB Summary                              |              
  I-TLB                                  |              
    num accesses                         |    4591197988
    num misses                           |             4
    miss rate                            |         0.00%
    mpki                                 |          0.00
  D-TLB                                  |              
    num accesses                         |   15092513511
    num misses                           |     153320421
    miss rate                            |         1.02%
    mpki                                 |          4.43
  L2 TLB                                 |              
    num accesses                         |     153320425
    num misses                           |     138614697
    miss rate                            |        90.41%
    mpki                                 |          4.01
Cache Summary                            |              
  Cache L1-I                             |              
    num cache accesses                   |    4591197988
    num cache misses                     |        514316
    miss rate                            |         0.01%
    mpki                                 |          0.01
  Cache L1-D                             |              
    num cache accesses                   |   15092513521
    num cache misses                     |     838546621
    miss rate                            |         5.56%
    mpki                                 |         24.23
  Cache L2                               |              
    num cache accesses                   |     980446808
    num cache misses                     |     832480073
    miss rate                            |        84.91%
    mpki                                 |         24.06
  Cache L3                               |              
    num cache accesses                   |     973865948
    num cache misses                     |     801513278
    miss rate                            |        82.30%
    mpki                                 |         23.16
DRAM summary                             |              
  num dram accesses                      |    1067979417
  average dram access latency (ns)       |         53.43
  average dram queueing delay            |          0.00
Coherency Traffic                        |              
  num loads from dram                    |     676487594
  num loads from dram cache              |             0
  num loads from remote cache            |             0
