[SNIPER] Start
[SNIPER] --------------------------------------------------------------------------------
[SNIPER] Sniper using Pin frontend
[SNIPER] Running pre-ROI region in  CACHE_ONLY mode
[SNIPER] Running application ROI in DETAILED mode
[SNIPER] Running post-ROI region in FAST_FORWARD mode
[SNIPER] --------------------------------------------------------------------------------
Read Time:           63.65887
Build Time:          3.35794
Graph has 41651705 nodes and 91975156 directed edges for degree: 2
[SNIPER] Enabling performance models
[SNIPER] Setting instrumentation mode to DETAILED
[VertexProgram] Iteration: 0
We have checked 1 active verteces!
[VertexProgram] Iteration: 1
We have checked 9 active verteces!
[VertexProgram] Iteration: 2
We have checked 30 active verteces!
[VertexProgram] Iteration: 3
We have checked 53 active verteces!
[VertexProgram] Iteration: 4
We have checked 684 active verteces!
[VertexProgram] Iteration: 5
We have checked 2161 active verteces!
[VertexProgram] Iteration: 6
We have checked 14041 active verteces!
[VertexProgram] Iteration: 7
We have checked 82753 active verteces!
[VertexProgram] Iteration: 8
We have checked 508371 active verteces!
[VertexProgram] Iteration: 9
We have checked 1383055 active verteces!
[VertexProgram] Iteration: 10
We have checked 2493462 active verteces!
[VertexProgram] Iteration: 11
We have checked 3371970 active verteces!
[VertexProgram] Iteration: 12
We have checked 3935495 active verteces!
[VertexProgram] Iteration: 13
We have checked 4185016 active verteces!
[VertexProgram] Iteration: 14
We have checked 4132830 active verteces!
[VertexProgram] Iteration: 15
We have checked 3862118 active verteces!
[VertexProgram] Iteration: 16
We have checked 3488939 active verteces!
[VertexProgram] Iteration: 17
We have checked 3021161 active verteces!
[VertexProgram] Iteration: 18
We have checked 2548512 active verteces!
[VertexProgram] Iteration: 19
We have checked 2074809 active verteces!
[VertexProgram] Iteration: 20
We have checked 1640349 active verteces!
[VertexProgram] Iteration: 21
We have checked 1260008 active verteces!
[VertexProgram] Iteration: 22
We have checked 949905 active verteces!
[VertexProgram] Iteration: 23
We have checked 690098 active verteces!
[VertexProgram] Iteration: 24
We have checked 493238 active verteces!
[VertexProgram] Iteration: 25
We have checked 340813 active verteces!
[VertexProgram] Iteration: 26
We have checked 231143 active verteces!
[VertexProgram] Iteration: 27
We have checked 153299 active verteces!
[VertexProgram] Iteration: 28
We have checked 99700 active verteces!
[VertexProgram] Iteration: 29
We have checked 63948 active verteces!
[VertexProgram] Iteration: 30
We have checked 39759 active verteces!
[VertexProgram] Iteration: 31
We have checked 24290 active verteces!
[VertexProgram] Iteration: 32
We have checked 14925 active verteces!
[VertexProgram] Iteration: 33
We have checked 8823 active verteces!
[VertexProgram] Iteration: 34
We have checked 5299 active verteces!
[VertexProgram] Iteration: 35
We have checked 3024 active verteces!
[VertexProgram] Iteration: 36
We have checked 1757 active verteces!
[VertexProgram] Iteration: 37
We have checked 1196 active verteces!
[VertexProgram] Iteration: 38
We have checked 613 active verteces!
[VertexProgram] Iteration: 39
We have checked 249 active verteces!
[VertexProgram] Iteration: 40
We have checked 150 active verteces!
[VertexProgram] Iteration: 41
We have checked 96 active verteces!
[VertexProgram] Iteration: 42
We have checked 59 active verteces!
[VertexProgram] Iteration: 43
We have checked 31 active verteces!
[VertexProgram] Iteration: 44
We have checked 10 active verteces!
[VertexProgram] Iteration: 45
We have checked 4 active verteces!
[VertexProgram] Iteration: 46
[SNIPER] Disabling performance models
[SNIPER] Leaving ROI after 18446708736.00 seconds
[SNIPER] Simulated 40804.6M instructions, 265351.2M cycles, 0.15 IPC
[SNIPER] Simulation speed 0.0 KIPS (0.0 KIPS / target core - 452074451.3ns/instr)
[SNIPER] Sampling: executed 24.41% of simulated time in detailed mode
[SNIPER] Setting instrumentation mode to FAST_FORWARD
We have checked 1 active verteces!
Trial Time:          26.07021
Average Time:        26.07021
                     Power     Energy    Energy %
  core-core         1.51 W    36.88  J     10.00%
  core-ifetch       0.50 W    12.20  J      3.31%
  core-alu          0.29 W     7.10  J      1.92%
  core-int          0.46 W    11.30  J      3.06%
  core-fp           0.74 W    18.09  J      4.91%
  core-mem          0.50 W    12.19  J      3.31%
  core-other        0.86 W    20.94  J      5.68%
  icache            0.38 W     9.34  J      2.53%
  dcache            1.18 W    28.71  J      7.79%
  l2                0.44 W    10.77  J      2.92%
  dram              8.25 W   200.89  J     54.47%
  other             0.02 W     0.37  J      0.10%

  core              4.87 W   118.69  J     32.19%
  cache             2.00 W    48.82  J     13.24%
  total            15.14 W   368.78  J    100.00%
Warning: Unable to run gnuplot to create cpi stack graphs.  Maybe gnuplot is not installed?
[SNIPER] End
[SNIPER] Elapsed time: 110981.70 seconds
[SNIPER] Running McPAT
                                         | Core 0       
  Instructions                           |   34601468014
  Cycles                                 |   64784795925
  IPC                                    |          0.53
  Time (ns)                              |   24355186438
  Idle time (ns)                         |         88730
  Idle time (%)                          |          0.0%
  Bypass Reads                           |             0
  Bypass Writes                          |             0
  Bypass Read Data Size (bytes)          |             0
  Bypass Write Data Size (bytes)         |             0
  Memop Count                            |   15092329117
  Memop Average Latency (ns)             |          4.95
  Default Ins Number                     |   34601468014
  Average Default Ins Latency Cycles     |          1.87
  NonMem Ins Number                      |             0
  Average NonMem Ins Latency Cycles      |          0.00
  Mem Ins Number                         |             0
  Average Mem Ins Latency Cycles         |          0.00
  Wiered Memory Access Num               |             0
  Average Wiered Memory Access Cycles    |             0
  Number of Serialization Instructions   |             0
  Total Serialization Latency            |             0
  Total Hidden DCache Latency            |  104475459486
  Total ICache Overlapped                |   36155926717
  Total BPred Overlapped                 |    2409415795
  Total DCache Overlapped                |    8504639520
  Outstanding Long Latency Instruction   |  120710785072
  Outstanding Long Latency Cycles        |   49302265211
  Number of Mem Fence Instructions       |         32769
  Total Mem Fence Latency                |             0
  Number of MemOps in Interval Timer     |   15092329062
  Total MemOps Latency in Interval Timer |          4.05
  Long Latency Load Num                  |     288502163
  Long Latency Load Latency              |        168.41
  Non Long Latency Load Num              |    2065631159
  Non Long Latency Load Latency          |          4.00
  Store Num                              |    4233556239
  Store Latency                          |          1.00
  Overlap Num                            |    8504639501
  Overlap Latency                        |         12.28
Branch predictor stats                   |              
  num correct                            |    4402675689
  num incorrect                          |      88403423
  misprediction rate                     |         1.97%
  mpki                                   |          2.55
TLB Summary                              |              
  I-TLB                                  |              
    num accesses                         |    4591197992
    num misses                           |             4
    miss rate                            |         0.00%
    mpki                                 |          0.00
  D-TLB                                  |              
    num accesses                         |   15092693735
    num misses                           |     153323933
    miss rate                            |         1.02%
    mpki                                 |          4.43
  L2 TLB                                 |              
    num accesses                         |     153323937
    num misses                           |     138609600
    miss rate                            |        90.40%
    mpki                                 |          4.01
Cache Summary                            |              
  Cache L1-I                             |              
    num cache accesses                   |    4591197992
    num cache misses                     |        512904
    miss rate                            |         0.01%
    mpki                                 |          0.01
  Cache L1-D                             |              
    num cache accesses                   |   15092693745
    num cache misses                     |     838542273
    miss rate                            |         5.56%
    mpki                                 |         24.23
  Cache L2                               |              
    num cache accesses                   |    1010603396
    num cache misses                     |     832474106
    miss rate                            |        82.37%
    mpki                                 |         24.06
DRAM summary                             |              
  num dram accesses                      |    1129021701
  average dram access latency (ns)       |         53.43
  average dram queueing delay            |          0.00
Coherency Traffic                        |              
  num loads from dram                    |     706970130
  num loads from dram cache              |             0
  num loads from remote cache            |             0
