[Benchmarks] set sniper output to rundir:  /scratch/miz087/results/hpca_final/7-31-fft_cache_cpu_remap1g_cs32_splash2_fft_large
/scratch/miz087/results/hpca_final/7-31-fft_cache_cpu_remap1g_cs32_splash2_fft_large
[SPLASH] Benchmarks to run: fft

[SPLASH] [========== Running benchmark fft ==========]
[SPLASH] Setting up run directory: /scratch/miz087/results/hpca_final/7-31-fft_cache_cpu_remap1g_cs32_splash2_fft_large
[SPLASH] Running 'SNIPER_APP_LD_PRELOAD=$LD_PRELOAD; unset LD_PRELOAD; /home_masters/miz087/workplace/micro_exp/run-sniper -n 4 -m 'localhost' -d '/scratch/miz087/results/hpca_final/7-31-fft_cache_cpu_remap1g_cs32_splash2_fft_large' -sthermalstats --power -c cache_cpu_remap1g -g --perf_model/dram_cache/cache_size=32 -s stop-by-icount:5000000000 --roi --curdir=/home_masters/miz087/workplace/micro_exp/benchmarks  --  /home_masters/miz087/workplace/micro_exp/benchmarks/splash2/splash2/codes/kernels/fft/FFT -m22 -p4':
[SPLASH] [---------- Beginning of output ----------]
[SNIPER] Start
----------BEGIN_INIT_STATS_MANAGER------------
----------END_INIT_STATS_MANAGER------------
[DvfsManager] Core 0 at 2.66 GHz (global clock 2.66 GHz)
[DvfsManager] Core 1 at 2.66 GHz (global clock 2.66 GHz)
[DvfsManager] Core 2 at 2.66 GHz (global clock 2.66 GHz)
[DvfsManager] Core 3 at 2.66 GHz (global clock 2.66 GHz)
Normal Cache Total set: 4096
now initialize a stacked dram unison cache
Executing Python script /scratch/miz087/results/hpca_final/7-31-fft_cache_cpu_remap1g_cs32_splash2_fft_large/sim.scripts.py
[STOPBYICOUNT] Waiting for application ROI
[STOPBYICOUNT] Then stopping after simulating at least 5000000000 instructions in detail
[SNIPER] --------------------------------------------------------------------------------
[SNIPER] Sniper using Pin frontend
[SNIPER] Running pre-ROI region in  CACHE_ONLY mode
[SNIPER] Running application ROI in DETAILED mode
[SNIPER] Running post-ROI region in FAST_FORWARD mode
[SNIPER] --------------------------------------------------------------------------------

************recordStats once at 0
[Warning] power scale is less than 1, please check!
[Overall Power Consumption] Peak: 0, Dynamic: 0
[Warning] the power of processor is too small, we skip the temperature calculation!

FFT with Blocking Transpose
   4194304 Complex Doubles
   4 Processors
   65536 Cache lines
   16 Byte line size
   4096 Bytes per page

[HOOKS] Entering ROI
[SNIPER] Enabling performance models

************recordStats once at 530325
[Warning] power scale is less than 1, please check!
[Overall Power Consumption] Peak: 0, Dynamic: 0
[Warning] the power of processor is too small, we skip the temperature calculation!
[STOPBYICOUNT] Application ROI started, now simulating 5000000000 in detail

************recordStats once at 530325
[Warning] power scale is less than 1, please check!
[Overall Power Consumption] Peak: 0, Dynamic: 0
[Warning] the power of processor is too small, we skip the temperature calculation!
[SNIPER] Setting instrumentation mode to DETAILED

************recordStats once at 531226
[Warning] power scale is less than 1, please check!
[Overall Power Consumption] Peak: 0, Dynamic: 0
[Warning] the power of processor is too small, we skip the temperature calculation!

************recordStats once at 532226
[Warning] power scale is less than 1, please check!
[Overall Power Consumption] Peak: 28.8988, Dynamic: 13.4343
*[Hotspot] begin initialization!
[DTM Trigger] CPU_MAX(THRES): 72.169(105.000), DRAM_MAX(THRES): 70.860(85.000)
	Current DTM method: 1
Here we try remapping!
-----and here we finish handling remapping results in cache controller! the Latency: 0
---invalid_cnt: 0

************recordStats once at 533226
[Warning] power scale is less than 1, please check!
[Overall Power Consumption] Peak: 30.1879, Dynamic: 14.8158
[DTM Trigger] CPU_MAX(THRES): 78.761(105.000), DRAM_MAX(THRES): 76.253(85.000)
	Current DTM method: 1
Here we try remapping!
-----and here we finish handling remapping results in cache controller! the Latency: 0
---invalid_cnt: 0

************recordStats once at 534226
[Warning] power scale is less than 1, please check!
[Overall Power Consumption] Peak: 30.4703, Dynamic: 15.2322
[DTM Trigger] CPU_MAX(THRES): 81.209(105.000), DRAM_MAX(THRES): 76.875(85.000)
	Current DTM method: 1
Here we try remapping!
-----and here we finish handling remapping results in cache controller! the Latency: 0
---invalid_cnt: 0

************recordStats once at 535226
[Warning] power scale is less than 1, please check!
[Overall Power Consumption] Peak: 33.2972, Dynamic: 19.1016
[DTM Trigger] CPU_MAX(THRES): 87.374(105.000), DRAM_MAX(THRES): 76.395(85.000)
	Current DTM method: 1
Here we try remapping!
-----and here we finish handling remapping results in cache controller! the Latency: 0
---invalid_cnt: 0

************recordStats once at 536226
[Warning] power scale is less than 1, please check!
[Overall Power Consumption] Peak: 33.0508, Dynamic: 19.286
[DTM Trigger] CPU_MAX(THRES): 90.225(105.000), DRAM_MAX(THRES): 76.599(85.000)
	Current DTM method: 1
Here we try remapping!
-----and here we finish handling remapping results in cache controller! the Latency: 0
---invalid_cnt: 0

************recordStats once at 537221
[Warning] power scale is less than 1, please check!
[Overall Power Consumption] Peak: 33.4026, Dynamic: 19.6323
[DTM Trigger] CPU_MAX(THRES): 92.682(105.000), DRAM_MAX(THRES): 77.658(85.000)
	Current DTM method: 1
Here we try remapping!
-----and here we finish handling remapping results in cache controller! the Latency: 0
---invalid_cnt: 0

************recordStats once at 538208
[Warning] power scale is less than 1, please check!
[Overall Power Consumption] Peak: 33.3705, Dynamic: 19.65
[DTM Trigger] CPU_MAX(THRES): 94.904(105.000), DRAM_MAX(THRES): 78.663(85.000)
	Current DTM method: 1
Here we try remapping!
-----and here we finish handling remapping results in cache controller! the Latency: 0
---invalid_cnt: 0

************recordStats once at 539226
[Warning] power scale is less than 1, please check!
[Overall Power Consumption] Peak: 33.3718, Dynamic: 19.6633
[DTM Trigger] CPU_MAX(THRES): 96.548(105.000), DRAM_MAX(THRES): 79.666(85.000)
	Current DTM method: 1
Here we try remapping!
-----and here we finish handling remapping results in cache controller! the Latency: 0
---invalid_cnt: 0

************recordStats once at 540226
[Warning] power scale is less than 1, please check!
[Overall Power Consumption] Peak: 33.4167, Dynamic: 19.6563
[DTM Trigger] CPU_MAX(THRES): 98.291(105.000), DRAM_MAX(THRES): 80.958(85.000)
	Current DTM method: 1
Here we try remapping!
-----and here we finish handling remapping results in cache controller! the Latency: 0
---invalid_cnt: 0

************recordStats once at 541222
[Warning] power scale is less than 1, please check!
[Overall Power Consumption] Peak: 33.4984, Dynamic: 19.7248
[DTM Trigger] CPU_MAX(THRES): 99.801(105.000), DRAM_MAX(THRES): 82.025(85.000)
	Current DTM method: 1
Here we try remapping!
-----and here we finish handling remapping results in cache controller! the Latency: 0
---invalid_cnt: 0

************recordStats once at 542226
[Warning] power scale is less than 1, please check!
[Overall Power Consumption] Peak: 33.0284, Dynamic: 19.3385
[DTM Trigger] CPU_MAX(THRES): 100.927(105.000), DRAM_MAX(THRES): 83.006(85.000)
	Current DTM method: 1
Here we try remapping!
-----and here we finish handling remapping results in cache controller! the Latency: 0
---invalid_cnt: 0

************recordStats once at 543226
[Warning] power scale is less than 1, please check!
[Overall Power Consumption] Peak: 33.5372, Dynamic: 19.7378
[DTM Trigger] CPU_MAX(THRES): 102.204(105.000), DRAM_MAX(THRES): 83.815(85.000)
	Current DTM method: 1
Here we try remapping!
-----and here we finish handling remapping results in cache controller! the Latency: 0
---invalid_cnt: 0

************recordStats once at 544219
[Warning] power scale is less than 1, please check!
[Overall Power Consumption] Peak: 33.44, Dynamic: 19.7209
[DTM Trigger] CPU_MAX(THRES): 103.381(105.000), DRAM_MAX(THRES): 84.565(85.000)
	Current DTM method: 1
Here we try remapping!
-----and here we finish handling remapping results in cache controller! the Latency: 0
---invalid_cnt: 0

************recordStats once at 545217
[Warning] power scale is less than 1, please check!
[Overall Power Consumption] Peak: 33.3603, Dynamic: 19.6706
[DTM Trigger] CPU_MAX(THRES): 104.374(105.000), DRAM_MAX(THRES): 85.332(85.000)
	Current DTM method: 1
Here we try remapping!
-----and here we finish handling remapping results in cache controller! the Latency: 7
---invalid_cnt: 48

************recordStats once at 546226
[Warning] power scale is less than 1, please check!
[Overall Power Consumption] Peak: 33.2597, Dynamic: 19.5224
[DTM Trigger] CPU_MAX(THRES): 104.979(105.000), DRAM_MAX(THRES): 86.088(85.000)
	Current DTM method: 1
Here we try remapping!
-----and here we finish handling remapping results in cache controller! the Latency: 2
---invalid_cnt: 16

************recordStats once at 547226
[Warning] power scale is less than 1, please check!
[Overall Power Consumption] Peak: 33.3809, Dynamic: 19.5957
[DTM Trigger] CPU_MAX(THRES): 106.070(105.000), DRAM_MAX(THRES): 86.626(85.000)
	Current DTM method: 1
[HOT!] CPU is too hot!
[SNIPER_STATS_MANAGER] Setting frequency for core 0 in DVFS domain 0 to 2128 MHz
[SNIPER_STATS_MANAGER] Setting frequency for core 1 in DVFS domain 1 to 2128 MHz
[SNIPER_STATS_MANAGER] Setting frequency for core 2 in DVFS domain 2 to 2128 MHz
[SNIPER_STATS_MANAGER] Setting frequency for core 3 in DVFS domain 3 to 2128 MHz
Here we try remapping!
-----and here we finish handling remapping results in cache controller! the Latency: 5
---invalid_cnt: 48

************recordStats once at 548226
[Warning] power scale is less than 1, please check!
[Overall Power Consumption] Peak: 30.1487, Dynamic: 19.8339
[DTM Trigger] CPU_MAX(THRES): 105.130(105.000), DRAM_MAX(THRES): 86.907(85.000)
	Current DTM method: 1
[HOT!] CPU is too hot!
[SNIPER_STATS_MANAGER] Setting frequency for core 0 in DVFS domain 0 to 1596 MHz
[SNIPER_STATS_MANAGER] Setting frequency for core 1 in DVFS domain 1 to 1596 MHz
[SNIPER_STATS_MANAGER] Setting frequency for core 2 in DVFS domain 2 to 1596 MHz
[SNIPER_STATS_MANAGER] Setting frequency for core 3 in DVFS domain 3 to 1596 MHz
Here we try remapping!
-----and here we finish handling remapping results in cache controller! the Latency: 13
---invalid_cnt: 96

************recordStats once at 549220
[Warning] power scale is less than 1, please check!
[Overall Power Consumption] Peak: 17.6562, Dynamic: 12.0701
[DTM Trigger] CPU_MAX(THRES): 98.906(105.000), DRAM_MAX(THRES): 86.443(85.000)
	Current DTM method: 1
[SNIPER_STATS_MANAGER] Setting frequency for core 0 in DVFS domain 0 to 2128 MHz
[SNIPER_STATS_MANAGER] Setting frequency for core 1 in DVFS domain 1 to 2128 MHz
[SNIPER_STATS_MANAGER] Setting frequency for core 2 in DVFS domain 2 to 2128 MHz
[SNIPER_STATS_MANAGER] Setting frequency for core 3 in DVFS domain 3 to 2128 MHz
Here we try remapping!
-----and here we finish handling remapping results in cache controller! the Latency: 0
---invalid_cnt: 0

************recordStats once at 550226
[Warning] power scale is less than 1, please check!
[Overall Power Consumption] Peak: 25.1745, Dynamic: 14.1045
[DTM Trigger] CPU_MAX(THRES): 100.208(105.000), DRAM_MAX(THRES): 86.774(85.000)
	Current DTM method: 1
[SNIPER_STATS_MANAGER] Setting frequency for core 0 in DVFS domain 0 to 2660 MHz
[SNIPER_STATS_MANAGER] Setting frequency for core 1 in DVFS domain 1 to 2660 MHz
[SNIPER_STATS_MANAGER] Setting frequency for core 2 in DVFS domain 2 to 2660 MHz
[SNIPER_STATS_MANAGER] Setting frequency for core 3 in DVFS domain 3 to 2660 MHz
Here we try remapping!
-----and here we finish handling remapping results in cache controller! the Latency: 0
---invalid_cnt: 0

************recordStats once at 551226
[Warning] power scale is less than 1, please check!
[Overall Power Consumption] Peak: 31.1948, Dynamic: 17.0236
[DTM Trigger] CPU_MAX(THRES): 104.195(105.000), DRAM_MAX(THRES): 87.714(85.000)
	Current DTM method: 1
Here we try remapping!
-----and here we finish handling remapping results in cache controller! the Latency: 0
---invalid_cnt: 0

************recordStats once at 552226
[Warning] power scale is less than 1, please check!
[Overall Power Consumption] Peak: 33.0763, Dynamic: 19.3011
[DTM Trigger] CPU_MAX(THRES): 106.751(105.000), DRAM_MAX(THRES): 88.229(85.000)
	Current DTM method: 1
[HOT!] CPU is too hot!
[SNIPER_STATS_MANAGER] Setting frequency for core 0 in DVFS domain 0 to 2128 MHz
[SNIPER_STATS_MANAGER] Setting frequency for core 1 in DVFS domain 1 to 2128 MHz
[SNIPER_STATS_MANAGER] Setting frequency for core 2 in DVFS domain 2 to 2128 MHz
[SNIPER_STATS_MANAGER] Setting frequency for core 3 in DVFS domain 3 to 2128 MHz
Here we try remapping!
-----and here we finish handling remapping results in cache controller! the Latency: 14
---invalid_cnt: 112

************recordStats once at 553226
[Warning] power scale is less than 1, please check!
[Overall Power Consumption] Peak: 30.1273, Dynamic: 19.7441
[DTM Trigger] CPU_MAX(THRES): 106.470(105.000), DRAM_MAX(THRES): 88.318(85.000)
	Current DTM method: 1
[HOT!] CPU is too hot!
[SNIPER_STATS_MANAGER] Setting frequency for core 0 in DVFS domain 0 to 1596 MHz
[SNIPER_STATS_MANAGER] Setting frequency for core 1 in DVFS domain 1 to 1596 MHz
[SNIPER_STATS_MANAGER] Setting frequency for core 2 in DVFS domain 2 to 1596 MHz
[SNIPER_STATS_MANAGER] Setting frequency for core 3 in DVFS domain 3 to 1596 MHz
Here we try remapping!
-----and here we finish handling remapping results in cache controller! the Latency: 27
---invalid_cnt: 176

************recordStats once at 554226
[Warning] power scale is less than 1, please check!
[Overall Power Consumption] Peak: 17.5255, Dynamic: 11.9841
[DTM Trigger] CPU_MAX(THRES): 100.318(105.000), DRAM_MAX(THRES): 87.731(85.000)
	Current DTM method: 1
[SNIPER_STATS_MANAGER] Setting frequency for core 0 in DVFS domain 0 to 2128 MHz
[SNIPER_STATS_MANAGER] Setting frequency for core 1 in DVFS domain 1 to 2128 MHz
[SNIPER_STATS_MANAGER] Setting frequency for core 2 in DVFS domain 2 to 2128 MHz
[SNIPER_STATS_MANAGER] Setting frequency for core 3 in DVFS domain 3 to 2128 MHz
Here we try remapping!
-----and here we finish handling remapping results in cache controller! the Latency: 1
---invalid_cnt: 16

************recordStats once at 555226
[Warning] power scale is less than 1, please check!
[Overall Power Consumption] Peak: 25.1555, Dynamic: 14.0394
[DTM Trigger] CPU_MAX(THRES): 101.704(105.000), DRAM_MAX(THRES): 87.965(85.000)
	Current DTM method: 1
[SNIPER_STATS_MANAGER] Setting frequency for core 0 in DVFS domain 0 to 2660 MHz
[SNIPER_STATS_MANAGER] Setting frequency for core 1 in DVFS domain 1 to 2660 MHz
[SNIPER_STATS_MANAGER] Setting frequency for core 2 in DVFS domain 2 to 2660 MHz
[SNIPER_STATS_MANAGER] Setting frequency for core 3 in DVFS domain 3 to 2660 MHz
Here we try remapping!
-----and here we finish handling remapping results in cache controller! the Latency: 0
---invalid_cnt: 0

************recordStats once at 556225
[Warning] power scale is less than 1, please check!
[Overall Power Consumption] Peak: 31.0903, Dynamic: 16.8797
[DTM Trigger] CPU_MAX(THRES): 105.555(105.000), DRAM_MAX(THRES): 88.682(85.000)
	Current DTM method: 1
[HOT!] CPU is too hot!
[SNIPER_STATS_MANAGER] Setting frequency for core 0 in DVFS domain 0 to 2128 MHz
[SNIPER_STATS_MANAGER] Setting frequency for core 1 in DVFS domain 1 to 2128 MHz
[SNIPER_STATS_MANAGER] Setting frequency for core 2 in DVFS domain 2 to 2128 MHz
[SNIPER_STATS_MANAGER] Setting frequency for core 3 in DVFS domain 3 to 2128 MHz
Here we try remapping!
-----and here we finish handling remapping results in cache controller! the Latency: 0
---invalid_cnt: 0

************recordStats once at 557226
[Warning] power scale is less than 1, please check!
[Overall Power Consumption] Peak: 29.704, Dynamic: 19.401
[DTM Trigger] CPU_MAX(THRES): 106.304(105.000), DRAM_MAX(THRES): 88.560(85.000)
	Current DTM method: 1
[HOT!] CPU is too hot!
[SNIPER_STATS_MANAGER] Setting frequency for core 0 in DVFS domain 0 to 1596 MHz
[SNIPER_STATS_MANAGER] Setting frequency for core 1 in DVFS domain 1 to 1596 MHz
[SNIPER_STATS_MANAGER] Setting frequency for core 2 in DVFS domain 2 to 1596 MHz
[SNIPER_STATS_MANAGER] Setting frequency for core 3 in DVFS domain 3 to 1596 MHz
Here we try remapping!
-----and here we finish handling remapping results in cache controller! the Latency: 4
---invalid_cnt: 32

************recordStats once at 558226
[Warning] power scale is less than 1, please check!
[Overall Power Consumption] Peak: 17.9027, Dynamic: 12.283
[DTM Trigger] CPU_MAX(THRES): 100.862(105.000), DRAM_MAX(THRES): 88.265(85.000)
	Current DTM method: 1
[SNIPER_STATS_MANAGER] Setting frequency for core 0 in DVFS domain 0 to 2128 MHz
[SNIPER_STATS_MANAGER] Setting frequency for core 1 in DVFS domain 1 to 2128 MHz
[SNIPER_STATS_MANAGER] Setting frequency for core 2 in DVFS domain 2 to 2128 MHz
[SNIPER_STATS_MANAGER] Setting frequency for core 3 in DVFS domain 3 to 2128 MHz
Here we try remapping!
-----and here we finish handling remapping results in cache controller! the Latency: 2
---invalid_cnt: 16

************recordStats once at 559217
[Warning] power scale is less than 1, please check!
[Overall Power Consumption] Peak: 25.0967, Dynamic: 13.9908
[DTM Trigger] CPU_MAX(THRES): 102.069(105.000), DRAM_MAX(THRES): 88.577(85.000)
	Current DTM method: 1
[SNIPER_STATS_MANAGER] Setting frequency for core 0 in DVFS domain 0 to 2660 MHz
[SNIPER_STATS_MANAGER] Setting frequency for core 1 in DVFS domain 1 to 2660 MHz
[SNIPER_STATS_MANAGER] Setting frequency for core 2 in DVFS domain 2 to 2660 MHz
[SNIPER_STATS_MANAGER] Setting frequency for core 3 in DVFS domain 3 to 2660 MHz
Here we try remapping!
-----and here we finish handling remapping results in cache controller! the Latency: 0
---invalid_cnt: 0

************recordStats once at 560226
[Warning] power scale is less than 1, please check!
[Overall Power Consumption] Peak: 30.7164, Dynamic: 16.5972
[DTM Trigger] CPU_MAX(THRES): 105.730(105.000), DRAM_MAX(THRES): 89.074(85.000)
	Current DTM method: 1
[HOT!] CPU is too hot!
[SNIPER_STATS_MANAGER] Setting frequency for core 0 in DVFS domain 0 to 2128 MHz
[SNIPER_STATS_MANAGER] Setting frequency for core 1 in DVFS domain 1 to 2128 MHz
[SNIPER_STATS_MANAGER] Setting frequency for core 2 in DVFS domain 2 to 2128 MHz
[SNIPER_STATS_MANAGER] Setting frequency for core 3 in DVFS domain 3 to 2128 MHz
Here we try remapping!
-----and here we finish handling remapping results in cache controller! the Latency: 3
---invalid_cnt: 32

************recordStats once at 561225
[Warning] power scale is less than 1, please check!
[Overall Power Consumption] Peak: 30.2463, Dynamic: 19.8594
[DTM Trigger] CPU_MAX(THRES): 107.091(105.000), DRAM_MAX(THRES): 89.216(85.000)
	Current DTM method: 1
[HOT!] CPU is too hot!
[SNIPER_STATS_MANAGER] Setting frequency for core 0 in DVFS domain 0 to 1596 MHz
[SNIPER_STATS_MANAGER] Setting frequency for core 1 in DVFS domain 1 to 1596 MHz
[SNIPER_STATS_MANAGER] Setting frequency for core 2 in DVFS domain 2 to 1596 MHz
[SNIPER_STATS_MANAGER] Setting frequency for core 3 in DVFS domain 3 to 1596 MHz
Here we try remapping!
-----and here we finish handling remapping results in cache controller! the Latency: 12
---invalid_cnt: 96

************recordStats once at 562223
[Warning] power scale is less than 1, please check!
[Overall Power Consumption] Peak: 17.5648, Dynamic: 12.0213
[DTM Trigger] CPU_MAX(THRES): 101.223(105.000), DRAM_MAX(THRES): 88.629(85.000)
	Current DTM method: 1
[SNIPER_STATS_MANAGER] Setting frequency for core 0 in DVFS domain 0 to 2128 MHz
[SNIPER_STATS_MANAGER] Setting frequency for core 1 in DVFS domain 1 to 2128 MHz
[SNIPER_STATS_MANAGER] Setting frequency for core 2 in DVFS domain 2 to 2128 MHz
[SNIPER_STATS_MANAGER] Setting frequency for core 3 in DVFS domain 3 to 2128 MHz
Here we try remapping!
-----and here we finish handling remapping results in cache controller! the Latency: 2
---invalid_cnt: 16

************recordStats once at 563226
[Warning] power scale is less than 1, please check!
[Overall Power Consumption] Peak: 25.1163, Dynamic: 13.9953
[DTM Trigger] CPU_MAX(THRES): 102.582(105.000), DRAM_MAX(THRES): 88.826(85.000)
	Current DTM method: 1
[SNIPER_STATS_MANAGER] Setting frequency for core 0 in DVFS domain 0 to 2660 MHz
[SNIPER_STATS_MANAGER] Setting frequency for core 1 in DVFS domain 1 to 2660 MHz
[SNIPER_STATS_MANAGER] Setting frequency for core 2 in DVFS domain 2 to 2660 MHz
[SNIPER_STATS_MANAGER] Setting frequency for core 3 in DVFS domain 3 to 2660 MHz
Here we try remapping!
-----and here we finish handling remapping results in cache controller! the Latency: 0
---invalid_cnt: 0

************recordStats once at 564226
[Warning] power scale is less than 1, please check!
[Overall Power Consumption] Peak: 31.0108, Dynamic: 16.8477
[DTM Trigger] CPU_MAX(THRES): 106.406(105.000), DRAM_MAX(THRES): 89.896(85.000)
	Current DTM method: 1
[HOT!] CPU is too hot!
[SNIPER_STATS_MANAGER] Setting frequency for core 0 in DVFS domain 0 to 2128 MHz
[SNIPER_STATS_MANAGER] Setting frequency for core 1 in DVFS domain 1 to 2128 MHz
[SNIPER_STATS_MANAGER] Setting frequency for core 2 in DVFS domain 2 to 2128 MHz
[SNIPER_STATS_MANAGER] Setting frequency for core 3 in DVFS domain 3 to 2128 MHz
Here we try remapping!
-----and here we finish handling remapping results in cache controller! the Latency: 10
---invalid_cnt: 64

************recordStats once at 565205
[Warning] power scale is less than 1, please check!
[Overall Power Consumption] Peak: 29.9243, Dynamic: 19.5149
[DTM Trigger] CPU_MAX(THRES): 107.355(105.000), DRAM_MAX(THRES): 89.652(85.000)
	Current DTM method: 1
[HOT!] CPU is too hot!
[SNIPER_STATS_MANAGER] Setting frequency for core 0 in DVFS domain 0 to 1596 MHz
[SNIPER_STATS_MANAGER] Setting frequency for core 1 in DVFS domain 1 to 1596 MHz
[SNIPER_STATS_MANAGER] Setting frequency for core 2 in DVFS domain 2 to 1596 MHz
[SNIPER_STATS_MANAGER] Setting frequency for core 3 in DVFS domain 3 to 1596 MHz
Here we try remapping!
-----and here we finish handling remapping results in cache controller! the Latency: 25
---invalid_cnt: 160

************recordStats once at 566218
[Warning] power scale is less than 1, please check!
[Overall Power Consumption] Peak: 17.6737, Dynamic: 12.1357
[DTM Trigger] CPU_MAX(THRES): 101.761(105.000), DRAM_MAX(THRES): 88.950(85.000)
	Current DTM method: 1
[SNIPER_STATS_MANAGER] Setting frequency for core 0 in DVFS domain 0 to 2128 MHz
[SNIPER_STATS_MANAGER] Setting frequency for core 1 in DVFS domain 1 to 2128 MHz
[SNIPER_STATS_MANAGER] Setting frequency for core 2 in DVFS domain 2 to 2128 MHz
[SNIPER_STATS_MANAGER] Setting frequency for core 3 in DVFS domain 3 to 2128 MHz
Here we try remapping!
-----and here we finish handling remapping results in cache controller! the Latency: 2
---invalid_cnt: 16

************recordStats once at 567226
[Warning] power scale is less than 1, please check!
[Overall Power Consumption] Peak: 25.109, Dynamic: 13.9833
[DTM Trigger] CPU_MAX(THRES): 103.030(105.000), DRAM_MAX(THRES): 89.157(85.000)
	Current DTM method: 1
[SNIPER_STATS_MANAGER] Setting frequency for core 0 in DVFS domain 0 to 2660 MHz
[SNIPER_STATS_MANAGER] Setting frequency for core 1 in DVFS domain 1 to 2660 MHz
[SNIPER_STATS_MANAGER] Setting frequency for core 2 in DVFS domain 2 to 2660 MHz
[SNIPER_STATS_MANAGER] Setting frequency for core 3 in DVFS domain 3 to 2660 MHz
Here we try remapping!
-----and here we finish handling remapping results in cache controller! the Latency: 0
---invalid_cnt: 0

************recordStats once at 568226
[Warning] power scale is less than 1, please check!
[Overall Power Consumption] Peak: 30.9011, Dynamic: 16.7114
[DTM Trigger] CPU_MAX(THRES): 106.643(105.000), DRAM_MAX(THRES): 89.707(85.000)
	Current DTM method: 1
[HOT!] CPU is too hot!
[SNIPER_STATS_MANAGER] Setting frequency for core 0 in DVFS domain 0 to 2128 MHz
[SNIPER_STATS_MANAGER] Setting frequency for core 1 in DVFS domain 1 to 2128 MHz
[SNIPER_STATS_MANAGER] Setting frequency for core 2 in DVFS domain 2 to 2128 MHz
[SNIPER_STATS_MANAGER] Setting frequency for core 3 in DVFS domain 3 to 2128 MHz
Here we try remapping!
-----and here we finish handling remapping results in cache controller! the Latency: 2
---invalid_cnt: 16

************recordStats once at 569226
[Warning] power scale is less than 1, please check!
[Overall Power Consumption] Peak: 29.9058, Dynamic: 19.5603
[DTM Trigger] CPU_MAX(THRES): 107.698(105.000), DRAM_MAX(THRES): 89.682(85.000)
	Current DTM method: 1
[HOT!] CPU is too hot!
[SNIPER_STATS_MANAGER] Setting frequency for core 0 in DVFS domain 0 to 1596 MHz
[SNIPER_STATS_MANAGER] Setting frequency for core 1 in DVFS domain 1 to 1596 MHz
[SNIPER_STATS_MANAGER] Setting frequency for core 2 in DVFS domain 2 to 1596 MHz
[SNIPER_STATS_MANAGER] Setting frequency for core 3 in DVFS domain 3 to 1596 MHz
Here we try remapping!
-----and here we finish handling remapping results in cache controller! the Latency: 7
---invalid_cnt: 48

************recordStats once at 570226
[Warning] power scale is less than 1, please check!
[Overall Power Consumption] Peak: 17.733, Dynamic: 12.1159
[DTM Trigger] CPU_MAX(THRES): 102.119(105.000), DRAM_MAX(THRES): 89.085(85.000)
	Current DTM method: 1
[SNIPER_STATS_MANAGER] Setting frequency for core 0 in DVFS domain 0 to 2128 MHz
[SNIPER_STATS_MANAGER] Setting frequency for core 1 in DVFS domain 1 to 2128 MHz
[SNIPER_STATS_MANAGER] Setting frequency for core 2 in DVFS domain 2 to 2128 MHz
[SNIPER_STATS_MANAGER] Setting frequency for core 3 in DVFS domain 3 to 2128 MHz
Here we try remapping!
-----and here we finish handling remapping results in cache controller! the Latency: 0
---invalid_cnt: 0

************recordStats once at 571214
[Warning] power scale is less than 1, please check!
[Overall Power Consumption] Peak: 25.1493, Dynamic: 14.0453
[DTM Trigger] CPU_MAX(THRES): 103.326(105.000), DRAM_MAX(THRES): 89.364(85.000)
	Current DTM method: 1
[SNIPER_STATS_MANAGER] Setting frequency for core 0 in DVFS domain 0 to 2660 MHz
[SNIPER_STATS_MANAGER] Setting frequency for core 1 in DVFS domain 1 to 2660 MHz
[SNIPER_STATS_MANAGER] Setting frequency for core 2 in DVFS domain 2 to 2660 MHz
[SNIPER_STATS_MANAGER] Setting frequency for core 3 in DVFS domain 3 to 2660 MHz
Here we try remapping!
-----and here we finish handling remapping results in cache controller! the Latency: 0
---invalid_cnt: 0

************recordStats once at 572226
[Warning] power scale is less than 1, please check!
[Overall Power Consumption] Peak: 30.7842, Dynamic: 16.6842
[DTM Trigger] CPU_MAX(THRES): 107.166(105.000), DRAM_MAX(THRES): 90.120(85.000)
	Current DTM method: 1
[HOT!] CPU is too hot!
[SNIPER_STATS_MANAGER] Setting frequency for core 0 in DVFS domain 0 to 2128 MHz
[SNIPER_STATS_MANAGER] Setting frequency for core 1 in DVFS domain 1 to 2128 MHz
[SNIPER_STATS_MANAGER] Setting frequency for core 2 in DVFS domain 2 to 2128 MHz
[SNIPER_STATS_MANAGER] Setting frequency for core 3 in DVFS domain 3 to 2128 MHz
Here we try remapping!
-----and here we finish handling remapping results in cache controller! the Latency: 3
---invalid_cnt: 32

************recordStats once at 573225
[Warning] power scale is less than 1, please check!
[Overall Power Consumption] Peak: 30.0569, Dynamic: 19.6518
[DTM Trigger] CPU_MAX(THRES): 108.232(105.000), DRAM_MAX(THRES): 89.991(85.000)
	Current DTM method: 1
[HOT!] CPU is too hot!
[SNIPER_STATS_MANAGER] Setting frequency for core 0 in DVFS domain 0 to 1596 MHz
[SNIPER_STATS_MANAGER] Setting frequency for core 1 in DVFS domain 1 to 1596 MHz
[SNIPER_STATS_MANAGER] Setting frequency for core 2 in DVFS domain 2 to 1596 MHz
[SNIPER_STATS_MANAGER] Setting frequency for core 3 in DVFS domain 3 to 1596 MHz
Here we try remapping!
-----and here we finish handling remapping results in cache controller! the Latency: 3
---invalid_cnt: 32

************recordStats once at 574222
[Warning] power scale is less than 1, please check!
[Overall Power Consumption] Peak: 17.6094, Dynamic: 12.0654
[DTM Trigger] CPU_MAX(THRES): 102.406(105.000), DRAM_MAX(THRES): 89.411(85.000)
	Current DTM method: 1
[SNIPER_STATS_MANAGER] Setting frequency for core 0 in DVFS domain 0 to 2128 MHz
[SNIPER_STATS_MANAGER] Setting frequency for core 1 in DVFS domain 1 to 2128 MHz
[SNIPER_STATS_MANAGER] Setting frequency for core 2 in DVFS domain 2 to 2128 MHz
[SNIPER_STATS_MANAGER] Setting frequency for core 3 in DVFS domain 3 to 2128 MHz
Here we try remapping!
-----and here we finish handling remapping results in cache controller! the Latency: 0
---invalid_cnt: 0

************recordStats once at 575226
[Warning] power scale is less than 1, please check!
[Overall Power Consumption] Peak: 25.2252, Dynamic: 14.1264
[DTM Trigger] CPU_MAX(THRES): 103.715(105.000), DRAM_MAX(THRES): 89.634(85.000)
	Current DTM method: 1
[SNIPER_STATS_MANAGER] Setting frequency for core 0 in DVFS domain 0 to 2660 MHz
[SNIPER_STATS_MANAGER] Setting frequency for core 1 in DVFS domain 1 to 2660 MHz
[SNIPER_STATS_MANAGER] Setting frequency for core 2 in DVFS domain 2 to 2660 MHz
[SNIPER_STATS_MANAGER] Setting frequency for core 3 in DVFS domain 3 to 2660 MHz
Here we try remapping!
-----and here we finish handling remapping results in cache controller! the Latency: 0
---invalid_cnt: 0

************recordStats once at 576226
[Warning] power scale is less than 1, please check!
[Overall Power Consumption] Peak: 31.1199, Dynamic: 16.914
[DTM Trigger] CPU_MAX(THRES): 107.603(105.000), DRAM_MAX(THRES): 90.238(85.000)
	Current DTM method: 1
[HOT!] CPU is too hot!
[SNIPER_STATS_MANAGER] Setting frequency for core 0 in DVFS domain 0 to 2128 MHz
[SNIPER_STATS_MANAGER] Setting frequency for core 1 in DVFS domain 1 to 2128 MHz
[SNIPER_STATS_MANAGER] Setting frequency for core 2 in DVFS domain 2 to 2128 MHz
[SNIPER_STATS_MANAGER] Setting frequency for core 3 in DVFS domain 3 to 2128 MHz
Here we try remapping!
-----and here we finish handling remapping results in cache controller! the Latency: 0
---invalid_cnt: 0

************recordStats once at 577226
[Warning] power scale is less than 1, please check!
[Overall Power Consumption] Peak: 29.7439, Dynamic: 19.3842
[DTM Trigger] CPU_MAX(THRES): 108.399(105.000), DRAM_MAX(THRES): 89.913(85.000)
	Current DTM method: 1
[HOT!] CPU is too hot!
[SNIPER_STATS_MANAGER] Setting frequency for core 0 in DVFS domain 0 to 1596 MHz
[SNIPER_STATS_MANAGER] Setting frequency for core 1 in DVFS domain 1 to 1596 MHz
[SNIPER_STATS_MANAGER] Setting frequency for core 2 in DVFS domain 2 to 1596 MHz
[SNIPER_STATS_MANAGER] Setting frequency for core 3 in DVFS domain 3 to 1596 MHz
Here we try remapping!
-----and here we finish handling remapping results in cache controller! the Latency: 0
---invalid_cnt: 0

************recordStats once at 578226
[Warning] power scale is less than 1, please check!
[Overall Power Consumption] Peak: 17.2161, Dynamic: 11.5291
[DTM Trigger] CPU_MAX(THRES): 102.902(105.000), DRAM_MAX(THRES): 88.987(85.000)
	Current DTM method: 1
[SNIPER_STATS_MANAGER] Setting frequency for core 0 in DVFS domain 0 to 2128 MHz
[SNIPER_STATS_MANAGER] Setting frequency for core 1 in DVFS domain 1 to 2128 MHz
[SNIPER_STATS_MANAGER] Setting frequency for core 2 in DVFS domain 2 to 2128 MHz
[SNIPER_STATS_MANAGER] Setting frequency for core 3 in DVFS domain 3 to 2128 MHz
Here we try remapping!
-----and here we finish handling remapping results in cache controller! the Latency: 0
---invalid_cnt: 0

************recordStats once at 579226
[Warning] power scale is less than 1, please check!
[Overall Power Consumption] Peak: 21.6533, Dynamic: 11.3843
[DTM Trigger] CPU_MAX(THRES): 104.785(105.000), DRAM_MAX(THRES): 88.729(85.000)
	Current DTM method: 1
[SNIPER_STATS_MANAGER] Setting frequency for core 0 in DVFS domain 0 to 2660 MHz
[SNIPER_STATS_MANAGER] Setting frequency for core 1 in DVFS domain 1 to 2660 MHz
[SNIPER_STATS_MANAGER] Setting frequency for core 2 in DVFS domain 2 to 2660 MHz
[SNIPER_STATS_MANAGER] Setting frequency for core 3 in DVFS domain 3 to 2660 MHz
Here we try remapping!
-----and here we finish handling remapping results in cache controller! the Latency: 0
---invalid_cnt: 0

************recordStats once at 580226
[Warning] power scale is less than 1, please check!
[Overall Power Consumption] Peak: 26.4978, Dynamic: 13.3612
[DTM Trigger] CPU_MAX(THRES): 108.873(105.000), DRAM_MAX(THRES): 94.175(85.000)
	Current DTM method: 1
[HOT!] CPU is too hot!
[SNIPER_STATS_MANAGER] Setting frequency for core 0 in DVFS domain 0 to 2128 MHz
[SNIPER_STATS_MANAGER] Setting frequency for core 1 in DVFS domain 1 to 2128 MHz
[SNIPER_STATS_MANAGER] Setting frequency for core 2 in DVFS domain 2 to 2128 MHz
[SNIPER_STATS_MANAGER] Setting frequency for core 3 in DVFS domain 3 to 2128 MHz
Here we try remapping!
-----and here we finish handling remapping results in cache controller! the Latency: 0
---invalid_cnt: 16

************recordStats once at 581226
[Warning] power scale is less than 1, please check!
[Overall Power Consumption] Peak: 25.7457, Dynamic: 13.7877
[DTM Trigger] CPU_MAX(THRES): 105.484(105.000), DRAM_MAX(THRES): 96.692(85.000)
	Current DTM method: 1
[HOT!] CPU is too hot!
[SNIPER_STATS_MANAGER] Setting frequency for core 0 in DVFS domain 0 to 1596 MHz
[SNIPER_STATS_MANAGER] Setting frequency for core 1 in DVFS domain 1 to 1596 MHz
[SNIPER_STATS_MANAGER] Setting frequency for core 2 in DVFS domain 2 to 1596 MHz
[SNIPER_STATS_MANAGER] Setting frequency for core 3 in DVFS domain 3 to 1596 MHz
Here we try remapping!
-----and here we finish handling remapping results in cache controller! the Latency: 0
---invalid_cnt: 0

************recordStats once at 582226
[Warning] power scale is less than 1, please check!
[Overall Power Consumption] Peak: 16.56, Dynamic: 10.8894
[DTM Trigger] CPU_MAX(THRES): 97.161(105.000), DRAM_MAX(THRES): 98.630(85.000)
	Current DTM method: 1
[SNIPER_STATS_MANAGER] Setting frequency for core 0 in DVFS domain 0 to 2128 MHz
[SNIPER_STATS_MANAGER] Setting frequency for core 1 in DVFS domain 1 to 2128 MHz
[SNIPER_STATS_MANAGER] Setting frequency for core 2 in DVFS domain 2 to 2128 MHz
[SNIPER_STATS_MANAGER] Setting frequency for core 3 in DVFS domain 3 to 2128 MHz
Here we try remapping!
-----and here we finish handling remapping results in cache controller! the Latency: 2
---invalid_cnt: 48

************recordStats once at 583226
[Warning] power scale is less than 1, please check!
[Overall Power Consumption] Peak: 25.0887, Dynamic: 12.9698
[DTM Trigger] CPU_MAX(THRES): 103.267(105.000), DRAM_MAX(THRES): 99.918(85.000)
	Current DTM method: 1
[SNIPER_STATS_MANAGER] Setting frequency for core 0 in DVFS domain 0 to 2660 MHz
[SNIPER_STATS_MANAGER] Setting frequency for core 1 in DVFS domain 1 to 2660 MHz
[SNIPER_STATS_MANAGER] Setting frequency for core 2 in DVFS domain 2 to 2660 MHz
[SNIPER_STATS_MANAGER] Setting frequency for core 3 in DVFS domain 3 to 2660 MHz
Here we try remapping!
-----and here we finish handling remapping results in cache controller! the Latency: 0
---invalid_cnt: 32

************recordStats once at 584226
[Warning] power scale is less than 1, please check!
[Overall Power Consumption] Peak: 29.1985, Dynamic: 14.0326
[DTM Trigger] CPU_MAX(THRES): 106.851(105.000), DRAM_MAX(THRES): 94.950(85.000)
	Current DTM method: 1
[HOT!] CPU is too hot!
[SNIPER_STATS_MANAGER] Setting frequency for core 0 in DVFS domain 0 to 2128 MHz
[SNIPER_STATS_MANAGER] Setting frequency for core 1 in DVFS domain 1 to 2128 MHz
[SNIPER_STATS_MANAGER] Setting frequency for core 2 in DVFS domain 2 to 2128 MHz
[SNIPER_STATS_MANAGER] Setting frequency for core 3 in DVFS domain 3 to 2128 MHz
Here we try remapping!
-----and here we finish handling remapping results in cache controller! the Latency: 0
---invalid_cnt: 0

************recordStats once at 585206
[Warning] power scale is less than 1, please check!
[Overall Power Consumption] Peak: 30.2239, Dynamic: 20.6281
[DTM Trigger] CPU_MAX(THRES): 108.163(105.000), DRAM_MAX(THRES): 92.656(85.000)
	Current DTM method: 1
[HOT!] CPU is too hot!
[SNIPER_STATS_MANAGER] Setting frequency for core 0 in DVFS domain 0 to 1596 MHz
[SNIPER_STATS_MANAGER] Setting frequency for core 1 in DVFS domain 1 to 1596 MHz
[SNIPER_STATS_MANAGER] Setting frequency for core 2 in DVFS domain 2 to 1596 MHz
[SNIPER_STATS_MANAGER] Setting frequency for core 3 in DVFS domain 3 to 1596 MHz
Here we try remapping!
-----and here we finish handling remapping results in cache controller! the Latency: 0
---invalid_cnt: 0

************recordStats once at 586226
[Warning] power scale is less than 1, please check!
[Overall Power Consumption] Peak: 17.9852, Dynamic: 12.8629
[DTM Trigger] CPU_MAX(THRES): 102.228(105.000), DRAM_MAX(THRES): 91.076(85.000)
	Current DTM method: 1
[SNIPER_STATS_MANAGER] Setting frequency for core 0 in DVFS domain 0 to 2128 MHz
[SNIPER_STATS_MANAGER] Setting frequency for core 1 in DVFS domain 1 to 2128 MHz
[SNIPER_STATS_MANAGER] Setting frequency for core 2 in DVFS domain 2 to 2128 MHz
[SNIPER_STATS_MANAGER] Setting frequency for core 3 in DVFS domain 3 to 2128 MHz
Here we try remapping!
-----and here we finish handling remapping results in cache controller! the Latency: 0
---invalid_cnt: 0

************recordStats once at 587225
[Warning] power scale is less than 1, please check!
[Overall Power Consumption] Peak: 25.3661, Dynamic: 14.657
[DTM Trigger] CPU_MAX(THRES): 104.108(105.000), DRAM_MAX(THRES): 90.600(85.000)
	Current DTM method: 1
[SNIPER_STATS_MANAGER] Setting frequency for core 0 in DVFS domain 0 to 2660 MHz
[SNIPER_STATS_MANAGER] Setting frequency for core 1 in DVFS domain 1 to 2660 MHz
[SNIPER_STATS_MANAGER] Setting frequency for core 2 in DVFS domain 2 to 2660 MHz
[SNIPER_STATS_MANAGER] Setting frequency for core 3 in DVFS domain 3 to 2660 MHz
Here we try remapping!
-----and here we finish handling remapping results in cache controller! the Latency: 0
---invalid_cnt: 0

************recordStats once at 588217
[Warning] power scale is less than 1, please check!
[Overall Power Consumption] Peak: 31.394, Dynamic: 17.9114
[DTM Trigger] CPU_MAX(THRES): 108.343(105.000), DRAM_MAX(THRES): 90.952(85.000)
	Current DTM method: 1
[HOT!] CPU is too hot!
[SNIPER_STATS_MANAGER] Setting frequency for core 0 in DVFS domain 0 to 2128 MHz
[SNIPER_STATS_MANAGER] Setting frequency for core 1 in DVFS domain 1 to 2128 MHz
[SNIPER_STATS_MANAGER] Setting frequency for core 2 in DVFS domain 2 to 2128 MHz
[SNIPER_STATS_MANAGER] Setting frequency for core 3 in DVFS domain 3 to 2128 MHz
Here we try remapping!
-----and here we finish handling remapping results in cache controller! the Latency: 0
---invalid_cnt: 0

************recordStats once at 589226
[Warning] power scale is less than 1, please check!
[Overall Power Consumption] Peak: 30.7437, Dynamic: 21.0905
[DTM Trigger] CPU_MAX(THRES): 109.851(105.000), DRAM_MAX(THRES): 90.638(85.000)
	Current DTM method: 1
[HOT!] CPU is too hot!
[SNIPER_STATS_MANAGER] Setting frequency for core 0 in DVFS domain 0 to 1596 MHz
[SNIPER_STATS_MANAGER] Setting frequency for core 1 in DVFS domain 1 to 1596 MHz
[SNIPER_STATS_MANAGER] Setting frequency for core 2 in DVFS domain 2 to 1596 MHz
[SNIPER_STATS_MANAGER] Setting frequency for core 3 in DVFS domain 3 to 1596 MHz
Here we try remapping!
-----and here we finish handling remapping results in cache controller! the Latency: 0
---invalid_cnt: 0

************recordStats once at 590226
[Warning] power scale is less than 1, please check!
[Overall Power Consumption] Peak: 18.0375, Dynamic: 12.924
[DTM Trigger] CPU_MAX(THRES): 103.655(105.000), DRAM_MAX(THRES): 89.808(85.000)
	Current DTM method: 1
[SNIPER_STATS_MANAGER] Setting frequency for core 0 in DVFS domain 0 to 2128 MHz
[SNIPER_STATS_MANAGER] Setting frequency for core 1 in DVFS domain 1 to 2128 MHz
[SNIPER_STATS_MANAGER] Setting frequency for core 2 in DVFS domain 2 to 2128 MHz
[SNIPER_STATS_MANAGER] Setting frequency for core 3 in DVFS domain 3 to 2128 MHz
Here we try remapping!
-----and here we finish handling remapping results in cache controller! the Latency: 0
---invalid_cnt: 0

************recordStats once at 591219
[Warning] power scale is less than 1, please check!
[Overall Power Consumption] Peak: 25.4268, Dynamic: 14.7266
[DTM Trigger] CPU_MAX(THRES): 105.167(105.000), DRAM_MAX(THRES): 90.121(85.000)
	Current DTM method: 1
[HOT!] CPU is too hot!
[SNIPER_STATS_MANAGER] Setting frequency for core 0 in DVFS domain 0 to 1596 MHz
[SNIPER_STATS_MANAGER] Setting frequency for core 1 in DVFS domain 1 to 1596 MHz
[SNIPER_STATS_MANAGER] Setting frequency for core 2 in DVFS domain 2 to 1596 MHz
[SNIPER_STATS_MANAGER] Setting frequency for core 3 in DVFS domain 3 to 1596 MHz
Here we try remapping!
-----and here we finish handling remapping results in cache controller! the Latency: 0
---invalid_cnt: 0

************recordStats once at 592226
[Warning] power scale is less than 1, please check!
[Overall Power Consumption] Peak: 17.9846, Dynamic: 12.8768
[DTM Trigger] CPU_MAX(THRES): 102.244(105.000), DRAM_MAX(THRES): 89.404(85.000)
	Current DTM method: 1
[SNIPER_STATS_MANAGER] Setting frequency for core 0 in DVFS domain 0 to 2128 MHz
[SNIPER_STATS_MANAGER] Setting frequency for core 1 in DVFS domain 1 to 2128 MHz
[SNIPER_STATS_MANAGER] Setting frequency for core 2 in DVFS domain 2 to 2128 MHz
[SNIPER_STATS_MANAGER] Setting frequency for core 3 in DVFS domain 3 to 2128 MHz
Here we try remapping!
-----and here we finish handling remapping results in cache controller! the Latency: 0
---invalid_cnt: 0

************recordStats once at 593226
[Warning] power scale is less than 1, please check!
[Overall Power Consumption] Peak: 25.393, Dynamic: 14.7199
[DTM Trigger] CPU_MAX(THRES): 104.388(105.000), DRAM_MAX(THRES): 89.548(85.000)
	Current DTM method: 1
[SNIPER_STATS_MANAGER] Setting frequency for core 0 in DVFS domain 0 to 2660 MHz
[SNIPER_STATS_MANAGER] Setting frequency for core 1 in DVFS domain 1 to 2660 MHz
[SNIPER_STATS_MANAGER] Setting frequency for core 2 in DVFS domain 2 to 2660 MHz
[SNIPER_STATS_MANAGER] Setting frequency for core 3 in DVFS domain 3 to 2660 MHz
Here we try remapping!
-----and here we finish handling remapping results in cache controller! the Latency: 0
---invalid_cnt: 0

************recordStats once at 594226
[Warning] power scale is less than 1, please check!
[Overall Power Consumption] Peak: 31.568, Dynamic: 18.0184
[DTM Trigger] CPU_MAX(THRES): 108.534(105.000), DRAM_MAX(THRES): 90.248(85.000)
	Current DTM method: 1
[HOT!] CPU is too hot!
[SNIPER_STATS_MANAGER] Setting frequency for core 0 in DVFS domain 0 to 2128 MHz
[SNIPER_STATS_MANAGER] Setting frequency for core 1 in DVFS domain 1 to 2128 MHz
[SNIPER_STATS_MANAGER] Setting frequency for core 2 in DVFS domain 2 to 2128 MHz
[SNIPER_STATS_MANAGER] Setting frequency for core 3 in DVFS domain 3 to 2128 MHz
Here we try remapping!
-----and here we finish handling remapping results in cache controller! the Latency: 0
---invalid_cnt: 0

************recordStats once at 595222
[Warning] power scale is less than 1, please check!
[Overall Power Consumption] Peak: 30.6955, Dynamic: 21.0617
[DTM Trigger] CPU_MAX(THRES): 109.739(105.000), DRAM_MAX(THRES): 90.241(85.000)
	Current DTM method: 1
[HOT!] CPU is too hot!
[SNIPER_STATS_MANAGER] Setting frequency for core 0 in DVFS domain 0 to 1596 MHz
[SNIPER_STATS_MANAGER] Setting frequency for core 1 in DVFS domain 1 to 1596 MHz
[SNIPER_STATS_MANAGER] Setting frequency for core 2 in DVFS domain 2 to 1596 MHz
[SNIPER_STATS_MANAGER] Setting frequency for core 3 in DVFS domain 3 to 1596 MHz
Here we try remapping!
-----and here we finish handling remapping results in cache controller! the Latency: 0
---invalid_cnt: 0

************recordStats once at 596226
[Warning] power scale is less than 1, please check!
[Overall Power Consumption] Peak: 17.967, Dynamic: 12.8978
[DTM Trigger] CPU_MAX(THRES): 103.709(105.000), DRAM_MAX(THRES): 89.771(85.000)
	Current DTM method: 1
[SNIPER_STATS_MANAGER] Setting frequency for core 0 in DVFS domain 0 to 2128 MHz
[SNIPER_STATS_MANAGER] Setting frequency for core 1 in DVFS domain 1 to 2128 MHz
[SNIPER_STATS_MANAGER] Setting frequency for core 2 in DVFS domain 2 to 2128 MHz
[SNIPER_STATS_MANAGER] Setting frequency for core 3 in DVFS domain 3 to 2128 MHz
Here we try remapping!
-----and here we finish handling remapping results in cache controller! the Latency: 0
---invalid_cnt: 0

************recordStats once at 597226
[Warning] power scale is less than 1, please check!
[Overall Power Consumption] Peak: 25.3976, Dynamic: 14.7124
[DTM Trigger] CPU_MAX(THRES): 105.181(105.000), DRAM_MAX(THRES): 89.951(85.000)
	Current DTM method: 1
[HOT!] CPU is too hot!
[SNIPER_STATS_MANAGER] Setting frequency for core 0 in DVFS domain 0 to 1596 MHz
[SNIPER_STATS_MANAGER] Setting frequency for core 1 in DVFS domain 1 to 1596 MHz
[SNIPER_STATS_MANAGER] Setting frequency for core 2 in DVFS domain 2 to 1596 MHz
[SNIPER_STATS_MANAGER] Setting frequency for core 3 in DVFS domain 3 to 1596 MHz
Here we try remapping!
-----and here we finish handling remapping results in cache controller! the Latency: 0
---invalid_cnt: 0

************recordStats once at 598211
[Warning] power scale is less than 1, please check!
[Overall Power Consumption] Peak: 18.0871, Dynamic: 12.9404
[DTM Trigger] CPU_MAX(THRES): 102.278(105.000), DRAM_MAX(THRES): 89.454(85.000)
	Current DTM method: 1
[SNIPER_STATS_MANAGER] Setting frequency for core 0 in DVFS domain 0 to 2128 MHz
[SNIPER_STATS_MANAGER] Setting frequency for core 1 in DVFS domain 1 to 2128 MHz
[SNIPER_STATS_MANAGER] Setting frequency for core 2 in DVFS domain 2 to 2128 MHz
[SNIPER_STATS_MANAGER] Setting frequency for core 3 in DVFS domain 3 to 2128 MHz
Here we try remapping!
-----and here we finish handling remapping results in cache controller! the Latency: 0
---invalid_cnt: 0

************recordStats once at 599226
[Warning] power scale is less than 1, please check!
[Overall Power Consumption] Peak: 25.1852, Dynamic: 14.5547
[DTM Trigger] CPU_MAX(THRES): 104.489(105.000), DRAM_MAX(THRES): 89.699(85.000)
	Current DTM method: 1
[SNIPER_STATS_MANAGER] Setting frequency for core 0 in DVFS domain 0 to 2660 MHz
[SNIPER_STATS_MANAGER] Setting frequency for core 1 in DVFS domain 1 to 2660 MHz
[SNIPER_STATS_MANAGER] Setting frequency for core 2 in DVFS domain 2 to 2660 MHz
[SNIPER_STATS_MANAGER] Setting frequency for core 3 in DVFS domain 3 to 2660 MHz
Here we try remapping!
-----and here we finish handling remapping results in cache controller! the Latency: 0
---invalid_cnt: 0

************recordStats once at 600222
[Warning] power scale is less than 1, please check!
[Overall Power Consumption] Peak: 31.6174, Dynamic: 18.0386
[DTM Trigger] CPU_MAX(THRES): 108.652(105.000), DRAM_MAX(THRES): 90.347(85.000)
	Current DTM method: 1
[HOT!] CPU is too hot!
[SNIPER_STATS_MANAGER] Setting frequency for core 0 in DVFS domain 0 to 2128 MHz
[SNIPER_STATS_MANAGER] Setting frequency for core 1 in DVFS domain 1 to 2128 MHz
[SNIPER_STATS_MANAGER] Setting frequency for core 2 in DVFS domain 2 to 2128 MHz
[SNIPER_STATS_MANAGER] Setting frequency for core 3 in DVFS domain 3 to 2128 MHz
Here we try remapping!
-----and here we finish handling remapping results in cache controller! the Latency: 0
---invalid_cnt: 0

************recordStats once at 601208
[Warning] power scale is less than 1, please check!
[Overall Power Consumption] Peak: 30.7845, Dynamic: 21.2239
[DTM Trigger] CPU_MAX(THRES): 109.848(105.000), DRAM_MAX(THRES): 90.294(85.000)
	Current DTM method: 1
[HOT!] CPU is too hot!
[SNIPER_STATS_MANAGER] Setting frequency for core 0 in DVFS domain 0 to 1596 MHz
[SNIPER_STATS_MANAGER] Setting frequency for core 1 in DVFS domain 1 to 1596 MHz
[SNIPER_STATS_MANAGER] Setting frequency for core 2 in DVFS domain 2 to 1596 MHz
[SNIPER_STATS_MANAGER] Setting frequency for core 3 in DVFS domain 3 to 1596 MHz
Here we try remapping!
-----and here we finish handling remapping results in cache controller! the Latency: 0
---invalid_cnt: 0

************recordStats once at 602226
[Warning] power scale is less than 1, please check!
[Overall Power Consumption] Peak: 18.0669, Dynamic: 12.9906
[DTM Trigger] CPU_MAX(THRES): 103.890(105.000), DRAM_MAX(THRES): 89.730(85.000)
	Current DTM method: 1
[SNIPER_STATS_MANAGER] Setting frequency for core 0 in DVFS domain 0 to 2128 MHz
[SNIPER_STATS_MANAGER] Setting frequency for core 1 in DVFS domain 1 to 2128 MHz
[SNIPER_STATS_MANAGER] Setting frequency for core 2 in DVFS domain 2 to 2128 MHz
[SNIPER_STATS_MANAGER] Setting frequency for core 3 in DVFS domain 3 to 2128 MHz
Here we try remapping!
-----and here we finish handling remapping results in cache controller! the Latency: 0
---invalid_cnt: 0

************recordStats once at 603217
[Warning] power scale is less than 1, please check!
[Overall Power Consumption] Peak: 25.3614, Dynamic: 14.61
[DTM Trigger] CPU_MAX(THRES): 105.131(105.000), DRAM_MAX(THRES): 90.032(85.000)
	Current DTM method: 1
[HOT!] CPU is too hot!
[SNIPER_STATS_MANAGER] Setting frequency for core 0 in DVFS domain 0 to 1596 MHz
[SNIPER_STATS_MANAGER] Setting frequency for core 1 in DVFS domain 1 to 1596 MHz
[SNIPER_STATS_MANAGER] Setting frequency for core 2 in DVFS domain 2 to 1596 MHz
[SNIPER_STATS_MANAGER] Setting frequency for core 3 in DVFS domain 3 to 1596 MHz
Here we try remapping!
-----and here we finish handling remapping results in cache controller! the Latency: 0
---invalid_cnt: 0

************recordStats once at 604226
[Warning] power scale is less than 1, please check!
[Overall Power Consumption] Peak: 17.9295, Dynamic: 12.8349
[DTM Trigger] CPU_MAX(THRES): 102.385(105.000), DRAM_MAX(THRES): 89.458(85.000)
	Current DTM method: 1
[SNIPER_STATS_MANAGER] Setting frequency for core 0 in DVFS domain 0 to 2128 MHz
[SNIPER_STATS_MANAGER] Setting frequency for core 1 in DVFS domain 1 to 2128 MHz
[SNIPER_STATS_MANAGER] Setting frequency for core 2 in DVFS domain 2 to 2128 MHz
[SNIPER_STATS_MANAGER] Setting frequency for core 3 in DVFS domain 3 to 2128 MHz
Here we try remapping!
-----and here we finish handling remapping results in cache controller! the Latency: 0
---invalid_cnt: 0

************recordStats once at 605226
[Warning] power scale is less than 1, please check!
[Overall Power Consumption] Peak: 25.5333, Dynamic: 14.815
[DTM Trigger] CPU_MAX(THRES): 104.630(105.000), DRAM_MAX(THRES): 89.641(85.000)
	Current DTM method: 1
[SNIPER_STATS_MANAGER] Setting frequency for core 0 in DVFS domain 0 to 2660 MHz
[SNIPER_STATS_MANAGER] Setting frequency for core 1 in DVFS domain 1 to 2660 MHz
[SNIPER_STATS_MANAGER] Setting frequency for core 2 in DVFS domain 2 to 2660 MHz
[SNIPER_STATS_MANAGER] Setting frequency for core 3 in DVFS domain 3 to 2660 MHz
Here we try remapping!
-----and here we finish handling remapping results in cache controller! the Latency: 0
---invalid_cnt: 0

************recordStats once at 606218
[Warning] power scale is less than 1, please check!
[Overall Power Consumption] Peak: 31.1588, Dynamic: 17.6126
[DTM Trigger] CPU_MAX(THRES): 108.587(105.000), DRAM_MAX(THRES): 90.403(85.000)
	Current DTM method: 1
[HOT!] CPU is too hot!
[SNIPER_STATS_MANAGER] Setting frequency for core 0 in DVFS domain 0 to 2128 MHz
[SNIPER_STATS_MANAGER] Setting frequency for core 1 in DVFS domain 1 to 2128 MHz
[SNIPER_STATS_MANAGER] Setting frequency for core 2 in DVFS domain 2 to 2128 MHz
[SNIPER_STATS_MANAGER] Setting frequency for core 3 in DVFS domain 3 to 2128 MHz
Here we try remapping!
-----and here we finish handling remapping results in cache controller! the Latency: 2
---invalid_cnt: 16

************recordStats once at 607226
[Warning] power scale is less than 1, please check!
[Overall Power Consumption] Peak: 30.5541, Dynamic: 20.9575
[DTM Trigger] CPU_MAX(THRES): 109.947(105.000), DRAM_MAX(THRES): 90.263(85.000)
	Current DTM method: 1
[HOT!] CPU is too hot!
[SNIPER_STATS_MANAGER] Setting frequency for core 0 in DVFS domain 0 to 1596 MHz
[SNIPER_STATS_MANAGER] Setting frequency for core 1 in DVFS domain 1 to 1596 MHz
[SNIPER_STATS_MANAGER] Setting frequency for core 2 in DVFS domain 2 to 1596 MHz
[SNIPER_STATS_MANAGER] Setting frequency for core 3 in DVFS domain 3 to 1596 MHz
Here we try remapping!
-----and here we finish handling remapping results in cache controller! the Latency: 0
---invalid_cnt: 0

************recordStats once at 608226
[Warning] power scale is less than 1, please check!
[Overall Power Consumption] Peak: 18.0444, Dynamic: 12.8956
[DTM Trigger] CPU_MAX(THRES): 103.866(105.000), DRAM_MAX(THRES): 89.840(85.000)
	Current DTM method: 1
[SNIPER_STATS_MANAGER] Setting frequency for core 0 in DVFS domain 0 to 2128 MHz
[SNIPER_STATS_MANAGER] Setting frequency for core 1 in DVFS domain 1 to 2128 MHz
[SNIPER_STATS_MANAGER] Setting frequency for core 2 in DVFS domain 2 to 2128 MHz
[SNIPER_STATS_MANAGER] Setting frequency for core 3 in DVFS domain 3 to 2128 MHz
Here we try remapping!
-----and here we finish handling remapping results in cache controller! the Latency: 0
---invalid_cnt: 0

************recordStats once at 609226
[Warning] power scale is less than 1, please check!
[Overall Power Consumption] Peak: 25.2134, Dynamic: 14.494
[DTM Trigger] CPU_MAX(THRES): 105.159(105.000), DRAM_MAX(THRES): 90.015(85.000)
	Current DTM method: 1
[HOT!] CPU is too hot!
[SNIPER_STATS_MANAGER] Setting frequency for core 0 in DVFS domain 0 to 1596 MHz
[SNIPER_STATS_MANAGER] Setting frequency for core 1 in DVFS domain 1 to 1596 MHz
[SNIPER_STATS_MANAGER] Setting frequency for core 2 in DVFS domain 2 to 1596 MHz
[SNIPER_STATS_MANAGER] Setting frequency for core 3 in DVFS domain 3 to 1596 MHz
Here we try remapping!
-----and here we finish handling remapping results in cache controller! the Latency: 0
---invalid_cnt: 0

************recordStats once at 610226
[Warning] power scale is less than 1, please check!
[Overall Power Consumption] Peak: 17.9819, Dynamic: 12.8739
[DTM Trigger] CPU_MAX(THRES): 102.490(105.000), DRAM_MAX(THRES): 89.428(85.000)
	Current DTM method: 1
[SNIPER_STATS_MANAGER] Setting frequency for core 0 in DVFS domain 0 to 2128 MHz
[SNIPER_STATS_MANAGER] Setting frequency for core 1 in DVFS domain 1 to 2128 MHz
[SNIPER_STATS_MANAGER] Setting frequency for core 2 in DVFS domain 2 to 2128 MHz
[SNIPER_STATS_MANAGER] Setting frequency for core 3 in DVFS domain 3 to 2128 MHz
Here we try remapping!
-----and here we finish handling remapping results in cache controller! the Latency: 0
---invalid_cnt: 0

************recordStats once at 611226
[Warning] power scale is less than 1, please check!
[Overall Power Consumption] Peak: 25.273, Dynamic: 14.5597
[DTM Trigger] CPU_MAX(THRES): 104.453(105.000), DRAM_MAX(THRES): 89.703(85.000)
	Current DTM method: 1
[SNIPER_STATS_MANAGER] Setting frequency for core 0 in DVFS domain 0 to 2660 MHz
[SNIPER_STATS_MANAGER] Setting frequency for core 1 in DVFS domain 1 to 2660 MHz
[SNIPER_STATS_MANAGER] Setting frequency for core 2 in DVFS domain 2 to 2660 MHz
[SNIPER_STATS_MANAGER] Setting frequency for core 3 in DVFS domain 3 to 2660 MHz
Here we try remapping!
-----and here we finish handling remapping results in cache controller! the Latency: 0
---invalid_cnt: 0

************recordStats once at 612226
[Warning] power scale is less than 1, please check!
[Overall Power Consumption] Peak: 31.2592, Dynamic: 17.6831
[DTM Trigger] CPU_MAX(THRES): 108.564(105.000), DRAM_MAX(THRES): 90.365(85.000)
	Current DTM method: 1
[HOT!] CPU is too hot!
[SNIPER_STATS_MANAGER] Setting frequency for core 0 in DVFS domain 0 to 2128 MHz
[SNIPER_STATS_MANAGER] Setting frequency for core 1 in DVFS domain 1 to 2128 MHz
[SNIPER_STATS_MANAGER] Setting frequency for core 2 in DVFS domain 2 to 2128 MHz
[SNIPER_STATS_MANAGER] Setting frequency for core 3 in DVFS domain 3 to 2128 MHz
Here we try remapping!
-----and here we finish handling remapping results in cache controller! the Latency: 0
---invalid_cnt: 0

************recordStats once at 613217
[Warning] power scale is less than 1, please check!
[Overall Power Consumption] Peak: 30.5991, Dynamic: 20.9678
[DTM Trigger] CPU_MAX(THRES): 109.889(105.000), DRAM_MAX(THRES): 90.248(85.000)
	Current DTM method: 1
[HOT!] CPU is too hot!
[SNIPER_STATS_MANAGER] Setting frequency for core 0 in DVFS domain 0 to 1596 MHz
[SNIPER_STATS_MANAGER] Setting frequency for core 1 in DVFS domain 1 to 1596 MHz
[SNIPER_STATS_MANAGER] Setting frequency for core 2 in DVFS domain 2 to 1596 MHz
[SNIPER_STATS_MANAGER] Setting frequency for core 3 in DVFS domain 3 to 1596 MHz
Here we try remapping!
-----and here we finish handling remapping results in cache controller! the Latency: 0
---invalid_cnt: 0

************recordStats once at 614222
[Warning] power scale is less than 1, please check!
[Overall Power Consumption] Peak: 17.9612, Dynamic: 12.8408
[DTM Trigger] CPU_MAX(THRES): 103.924(105.000), DRAM_MAX(THRES): 89.814(85.000)
	Current DTM method: 1
[SNIPER_STATS_MANAGER] Setting frequency for core 0 in DVFS domain 0 to 2128 MHz
[SNIPER_STATS_MANAGER] Setting frequency for core 1 in DVFS domain 1 to 2128 MHz
[SNIPER_STATS_MANAGER] Setting frequency for core 2 in DVFS domain 2 to 2128 MHz
[SNIPER_STATS_MANAGER] Setting frequency for core 3 in DVFS domain 3 to 2128 MHz
Here we try remapping!
-----and here we finish handling remapping results in cache controller! the Latency: 0
---invalid_cnt: 0

************recordStats once at 615226
[Warning] power scale is less than 1, please check!
[Overall Power Consumption] Peak: 25.2685, Dynamic: 14.5393
[DTM Trigger] CPU_MAX(THRES): 105.126(105.000), DRAM_MAX(THRES): 89.957(85.000)
	Current DTM method: 1
[HOT!] CPU is too hot!
[SNIPER_STATS_MANAGER] Setting frequency for core 0 in DVFS domain 0 to 1596 MHz
[SNIPER_STATS_MANAGER] Setting frequency for core 1 in DVFS domain 1 to 1596 MHz
[SNIPER_STATS_MANAGER] Setting frequency for core 2 in DVFS domain 2 to 1596 MHz
[SNIPER_STATS_MANAGER] Setting frequency for core 3 in DVFS domain 3 to 1596 MHz
Here we try remapping!
-----and here we finish handling remapping results in cache controller! the Latency: 0
---invalid_cnt: 0

************recordStats once at 616206
[Warning] power scale is less than 1, please check!
[Overall Power Consumption] Peak: 17.8967, Dynamic: 12.7676
[DTM Trigger] CPU_MAX(THRES): 102.470(105.000), DRAM_MAX(THRES): 89.470(85.000)
	Current DTM method: 1
[SNIPER_STATS_MANAGER] Setting frequency for core 0 in DVFS domain 0 to 2128 MHz
[SNIPER_STATS_MANAGER] Setting frequency for core 1 in DVFS domain 1 to 2128 MHz
[SNIPER_STATS_MANAGER] Setting frequency for core 2 in DVFS domain 2 to 2128 MHz
[SNIPER_STATS_MANAGER] Setting frequency for core 3 in DVFS domain 3 to 2128 MHz
Here we try remapping!
-----and here we finish handling remapping results in cache controller! the Latency: 0
---invalid_cnt: 0

************recordStats once at 617226
[Warning] power scale is less than 1, please check!
[Overall Power Consumption] Peak: 25.2616, Dynamic: 14.5518
[DTM Trigger] CPU_MAX(THRES): 104.627(105.000), DRAM_MAX(THRES): 89.665(85.000)
	Current DTM method: 1
[SNIPER_STATS_MANAGER] Setting frequency for core 0 in DVFS domain 0 to 2660 MHz
[SNIPER_STATS_MANAGER] Setting frequency for core 1 in DVFS domain 1 to 2660 MHz
[SNIPER_STATS_MANAGER] Setting frequency for core 2 in DVFS domain 2 to 2660 MHz
[SNIPER_STATS_MANAGER] Setting frequency for core 3 in DVFS domain 3 to 2660 MHz
Here we try remapping!
-----and here we finish handling remapping results in cache controller! the Latency: 0
---invalid_cnt: 0

************recordStats once at 618226
[Warning] power scale is less than 1, please check!
[Overall Power Consumption] Peak: 31.2563, Dynamic: 17.6693
[DTM Trigger] CPU_MAX(THRES): 108.587(105.000), DRAM_MAX(THRES): 90.366(85.000)
	Current DTM method: 1
[HOT!] CPU is too hot!
[SNIPER_STATS_MANAGER] Setting frequency for core 0 in DVFS domain 0 to 2128 MHz
[SNIPER_STATS_MANAGER] Setting frequency for core 1 in DVFS domain 1 to 2128 MHz
[SNIPER_STATS_MANAGER] Setting frequency for core 2 in DVFS domain 2 to 2128 MHz
[SNIPER_STATS_MANAGER] Setting frequency for core 3 in DVFS domain 3 to 2128 MHz
Here we try remapping!
-----and here we finish handling remapping results in cache controller! the Latency: 0
---invalid_cnt: 0

************recordStats once at 619215
[Warning] power scale is less than 1, please check!
[Overall Power Consumption] Peak: 30.5794, Dynamic: 20.9425
[DTM Trigger] CPU_MAX(THRES): 109.975(105.000), DRAM_MAX(THRES): 90.358(85.000)
	Current DTM method: 1
[HOT!] CPU is too hot!
[SNIPER_STATS_MANAGER] Setting frequency for core 0 in DVFS domain 0 to 1596 MHz
[SNIPER_STATS_MANAGER] Setting frequency for core 1 in DVFS domain 1 to 1596 MHz
[SNIPER_STATS_MANAGER] Setting frequency for core 2 in DVFS domain 2 to 1596 MHz
[SNIPER_STATS_MANAGER] Setting frequency for core 3 in DVFS domain 3 to 1596 MHz
Here we try remapping!
-----and here we finish handling remapping results in cache controller! the Latency: 0
---invalid_cnt: 0

************recordStats once at 620222
[Warning] power scale is less than 1, please check!
[Overall Power Consumption] Peak: 17.9521, Dynamic: 12.8402
[DTM Trigger] CPU_MAX(THRES): 103.872(105.000), DRAM_MAX(THRES): 89.890(85.000)
	Current DTM method: 1
[SNIPER_STATS_MANAGER] Setting frequency for core 0 in DVFS domain 0 to 2128 MHz
[SNIPER_STATS_MANAGER] Setting frequency for core 1 in DVFS domain 1 to 2128 MHz
[SNIPER_STATS_MANAGER] Setting frequency for core 2 in DVFS domain 2 to 2128 MHz
[SNIPER_STATS_MANAGER] Setting frequency for core 3 in DVFS domain 3 to 2128 MHz
Here we try remapping!
-----and here we finish handling remapping results in cache controller! the Latency: 0
---invalid_cnt: 0

************recordStats once at 621226
[Warning] power scale is less than 1, please check!
[Overall Power Consumption] Peak: 25.3278, Dynamic: 14.6055
[DTM Trigger] CPU_MAX(THRES): 105.402(105.000), DRAM_MAX(THRES): 90.050(85.000)
	Current DTM method: 1
[HOT!] CPU is too hot!
[SNIPER_STATS_MANAGER] Setting frequency for core 0 in DVFS domain 0 to 1596 MHz
[SNIPER_STATS_MANAGER] Setting frequency for core 1 in DVFS domain 1 to 1596 MHz
[SNIPER_STATS_MANAGER] Setting frequency for core 2 in DVFS domain 2 to 1596 MHz
[SNIPER_STATS_MANAGER] Setting frequency for core 3 in DVFS domain 3 to 1596 MHz
Here we try remapping!
-----and here we finish handling remapping results in cache controller! the Latency: 0
---invalid_cnt: 0

************recordStats once at 622210
[Warning] power scale is less than 1, please check!
[Overall Power Consumption] Peak: 17.8943, Dynamic: 12.7618
[DTM Trigger] CPU_MAX(THRES): 102.545(105.000), DRAM_MAX(THRES): 89.592(85.000)
	Current DTM method: 1
[SNIPER_STATS_MANAGER] Setting frequency for core 0 in DVFS domain 0 to 2128 MHz
[SNIPER_STATS_MANAGER] Setting frequency for core 1 in DVFS domain 1 to 2128 MHz
[SNIPER_STATS_MANAGER] Setting frequency for core 2 in DVFS domain 2 to 2128 MHz
[SNIPER_STATS_MANAGER] Setting frequency for core 3 in DVFS domain 3 to 2128 MHz
Here we try remapping!
-----and here we finish handling remapping results in cache controller! the Latency: 0
---invalid_cnt: 0

************recordStats once at 623226
[Warning] power scale is less than 1, please check!
[Overall Power Consumption] Peak: 25.1863, Dynamic: 14.4853
[DTM Trigger] CPU_MAX(THRES): 104.459(105.000), DRAM_MAX(THRES): 89.720(85.000)
	Current DTM method: 1
[SNIPER_STATS_MANAGER] Setting frequency for core 0 in DVFS domain 0 to 2660 MHz
[SNIPER_STATS_MANAGER] Setting frequency for core 1 in DVFS domain 1 to 2660 MHz
[SNIPER_STATS_MANAGER] Setting frequency for core 2 in DVFS domain 2 to 2660 MHz
[SNIPER_STATS_MANAGER] Setting frequency for core 3 in DVFS domain 3 to 2660 MHz
Here we try remapping!
-----and here we finish handling remapping results in cache controller! the Latency: 0
---invalid_cnt: 0

************recordStats once at 624226
[Warning] power scale is less than 1, please check!
[Overall Power Consumption] Peak: 31.3671, Dynamic: 17.7895
[DTM Trigger] CPU_MAX(THRES): 108.702(105.000), DRAM_MAX(THRES): 90.353(85.000)
	Current DTM method: 1
[HOT!] CPU is too hot!
[SNIPER_STATS_MANAGER] Setting frequency for core 0 in DVFS domain 0 to 2128 MHz
[SNIPER_STATS_MANAGER] Setting frequency for core 1 in DVFS domain 1 to 2128 MHz
[SNIPER_STATS_MANAGER] Setting frequency for core 2 in DVFS domain 2 to 2128 MHz
[SNIPER_STATS_MANAGER] Setting frequency for core 3 in DVFS domain 3 to 2128 MHz
Here we try remapping!
-----and here we finish handling remapping results in cache controller! the Latency: 0
---invalid_cnt: 0

************recordStats once at 625208
[Warning] power scale is less than 1, please check!
[Overall Power Consumption] Peak: 30.4426, Dynamic: 20.7945
[DTM Trigger] CPU_MAX(THRES): 109.872(105.000), DRAM_MAX(THRES): 90.194(85.000)
	Current DTM method: 1
[HOT!] CPU is too hot!
[SNIPER_STATS_MANAGER] Setting frequency for core 0 in DVFS domain 0 to 1596 MHz
[SNIPER_STATS_MANAGER] Setting frequency for core 1 in DVFS domain 1 to 1596 MHz
[SNIPER_STATS_MANAGER] Setting frequency for core 2 in DVFS domain 2 to 1596 MHz
[SNIPER_STATS_MANAGER] Setting frequency for core 3 in DVFS domain 3 to 1596 MHz
Here we try remapping!
-----and here we finish handling remapping results in cache controller! the Latency: 0
---invalid_cnt: 0

************recordStats once at 626220
[Warning] power scale is less than 1, please check!
[Overall Power Consumption] Peak: 17.522, Dynamic: 12.2765
[DTM Trigger] CPU_MAX(THRES): 104.284(105.000), DRAM_MAX(THRES): 89.752(85.000)
	Current DTM method: 1
[SNIPER_STATS_MANAGER] Setting frequency for core 0 in DVFS domain 0 to 2128 MHz
[SNIPER_STATS_MANAGER] Setting frequency for core 1 in DVFS domain 1 to 2128 MHz
[SNIPER_STATS_MANAGER] Setting frequency for core 2 in DVFS domain 2 to 2128 MHz
[SNIPER_STATS_MANAGER] Setting frequency for core 3 in DVFS domain 3 to 2128 MHz
Here we try remapping!
-----and here we finish handling remapping results in cache controller! the Latency: 0
---invalid_cnt: 0

************recordStats once at 627226
[Warning] power scale is less than 1, please check!
[Overall Power Consumption] Peak: 21.7526, Dynamic: 11.8625
[DTM Trigger] CPU_MAX(THRES): 106.058(105.000), DRAM_MAX(THRES): 95.100(85.000)
	Current DTM method: 1
[HOT!] CPU is too hot!
[SNIPER_STATS_MANAGER] Setting frequency for core 0 in DVFS domain 0 to 1596 MHz
[SNIPER_STATS_MANAGER] Setting frequency for core 1 in DVFS domain 1 to 1596 MHz
[SNIPER_STATS_MANAGER] Setting frequency for core 2 in DVFS domain 2 to 1596 MHz
[SNIPER_STATS_MANAGER] Setting frequency for core 3 in DVFS domain 3 to 1596 MHz
Here we try remapping!
-----and here we finish handling remapping results in cache controller! the Latency: 2
---invalid_cnt: 16

************recordStats once at 628226
[Warning] power scale is less than 1, please check!
[Overall Power Consumption] Peak: 16.6707, Dynamic: 10.6205
[DTM Trigger] CPU_MAX(THRES): 98.556(105.000), DRAM_MAX(THRES): 97.841(85.000)
	Current DTM method: 1
[SNIPER_STATS_MANAGER] Setting frequency for core 0 in DVFS domain 0 to 2128 MHz
[SNIPER_STATS_MANAGER] Setting frequency for core 1 in DVFS domain 1 to 2128 MHz
[SNIPER_STATS_MANAGER] Setting frequency for core 2 in DVFS domain 2 to 2128 MHz
[SNIPER_STATS_MANAGER] Setting frequency for core 3 in DVFS domain 3 to 2128 MHz
Here we try remapping!
-----and here we finish handling remapping results in cache controller! the Latency: 5
---invalid_cnt: 48

************recordStats once at 629226
[Warning] power scale is less than 1, please check!
[Overall Power Consumption] Peak: 26.8804, Dynamic: 15.483
[DTM Trigger] CPU_MAX(THRES): 102.997(105.000), DRAM_MAX(THRES): 99.720(85.000)
	Current DTM method: 1
[SNIPER_STATS_MANAGER] Setting frequency for core 0 in DVFS domain 0 to 2660 MHz
[SNIPER_STATS_MANAGER] Setting frequency for core 1 in DVFS domain 1 to 2660 MHz
[SNIPER_STATS_MANAGER] Setting frequency for core 2 in DVFS domain 2 to 2660 MHz
[SNIPER_STATS_MANAGER] Setting frequency for core 3 in DVFS domain 3 to 2660 MHz
Here we try remapping!
-----and here we finish handling remapping results in cache controller! the Latency: 8
---invalid_cnt: 64
[SNIPER] Disabling performance models
[SNIPER] Leaving ROI after 6102.82 seconds

************recordStats once at 629581

************recordStats once at 629581
[Warning] power scale is less than 1, please check!
[Overall Power Consumption] Peak: 27.8686, Dynamic: 12.7035
[DTM Trigger] CPU_MAX(THRES): 102.569(105.000), DRAM_MAX(THRES): 100.948(85.000)
	Current DTM method: 1
Here we try remapping!
[Warning] power scale is less than 1, please check!
[Overall Power Consumption] Peak: 25.4313, Dynamic: 11.2712
[DTM Trigger] CPU_MAX(THRES): 103.660(105.000), DRAM_MAX(THRES): 93.528(85.000)
	Current DTM method: 1
Here we try remapping!
[SNIPER] Simulated 2294.4M instructions, 1674.7M cycles, 1.37 IPC
[SNIPER] Simulation speed 374.9 KIPS (93.7 KIPS / target core - 10670.2ns/instr)
[SNIPER] Sampling: executed 15.06% of simulated time in detailed mode
[SNIPER] Setting instrumentation mode to FAST_FORWARD
[HOOKS] Leaving ROI

                 PROCESS STATISTICS
            Computation      Transpose     Transpose
 Proc          Time            Time        Fraction
    0        1792210771     1940225354       1.08259

                 TIMING INFORMATION
Start time                        :       -828057846
Initialization finish time        :        963115743
Overall finish time               :      -1539640782
Total time with initialization    :       -711582936
Total time without initialization :       1792210771
Overall transpose time            :       1940225354
Overall transpose fraction        :          1.08259


************recordStats once at 629581
[Warning] power scale is less than 1, please check!
[Overall Power Consumption] Peak: 25.4313, Dynamic: 11.2712
[DTM Trigger] CPU_MAX(THRES): 104.294(105.000), DRAM_MAX(THRES): 89.877(85.000)
	Current DTM method: 1
Here we try remapping!

 ***** [DRAM_CACHE_Result] *****

*** DRAM Total Access: 18957041, page disabled: 0, page miss: 1794607, block misses: 1968896, miss: 3763503, miss rate: 0.198528
Block load on page miss: 12090603, Block write back on page miss: 6051847
*** DRAM Total Access In ROI: 12590106, miss: 3275001, miss rate: 0.260125
*** DRAM Remap Times: 1312 invalid times, 20248 total invalid_blocks, 0 migrate times, 0 total migrate blocks.
*** DRAM Statistics: 1966189004 reads, 426534319 writes, 1877012107 row hits, 99399448 ACT time, 99399448 PRE time, 86248553 RD time, 13150893 WR time.

 ***** [DRAM_CACHE_Result] *****

[RAMULATOR OUTPUT]

**Total Ticks: 674709166

**Ramulator Active Cycles: 3.26114e+08

**DRAM Cycles: 6.74709e+08

**Maximum Bandwidth: 0

Number of Incoming Requests: 3.62361e+07

**Serving Request**
Channel_0: serving reads(14831755), serving writes(2898182).
Channel_1: serving reads(15405474), serving writes(2993347).
Channel_2: serving reads(0), serving writes(0).
Channel_3: serving reads(0), serving writes(0).
Channel_4: serving reads(0), serving writes(0).
Channel_5: serving reads(0), serving writes(0).
Channel_6: serving reads(0), serving writes(0).
Channel_7: serving reads(0), serving writes(0).
Channel_8: serving reads(0), serving writes(0).
Channel_9: serving reads(0), serving writes(0).
Channel_10: serving reads(0), serving writes(0).
Channel_11: serving reads(0), serving writes(0).
Channel_12: serving reads(0), serving writes(0).
Channel_13: serving reads(0), serving writes(0).
Channel_14: serving reads(0), serving writes(0).
Channel_15: serving reads(0), serving writes(0).
Channel_16: serving reads(0), serving writes(0).
Channel_17: serving reads(0), serving writes(0).
Channel_18: serving reads(0), serving writes(0).
Channel_19: serving reads(0), serving writes(0).
Channel_20: serving reads(0), serving writes(0).
Channel_21: serving reads(0), serving writes(0).
Channel_22: serving reads(0), serving writes(0).
Channel_23: serving reads(0), serving writes(0).
Channel_24: serving reads(0), serving writes(0).
Channel_25: serving reads(0), serving writes(0).
Channel_26: serving reads(0), serving writes(0).
Channel_27: serving reads(0), serving writes(0).
Channel_28: serving reads(0), serving writes(0).
Channel_29: serving reads(0), serving writes(0).
Channel_30: serving reads(0), serving writes(0).
Channel_31: serving reads(0), serving writes(0).
[RAMULATOR OUTPUT]
----[REMAP OUTPUT]---
*****HotAccess: 0
*****CoolAccess: 36232460
*****RemapAccess: 3675
*****SingleDisableTime: 0
*****DoubleDisableTime: 0
*****RemapTime: 82
*****RecoveryTime: 15
---------------------

 ***** [REF/AC_Result] *****
{Summary}: 14033893 Hot Accesses, 28899084 Cool Accesses.

 ***** [REF/AC_Result] *****
                     Power     Energy    Energy %
  core-core         6.87 W     0.68  J     20.79%
  core-ifetch       0.90 W     0.09  J      2.72%
  core-alu          0.77 W     0.08  J      2.34%
  core-int          1.09 W     0.11  J      3.31%
  core-fp           1.59 W     0.16  J      4.81%
  core-mem          0.73 W     0.07  J      2.22%
  icache            0.47 W     0.05  J      1.44%
  dcache            2.64 W     0.26  J      8.00%
  dram             17.26 W     1.72  J     52.26%
  other             0.70 W     0.07  J      2.12%

  core             11.95 W     1.19  J     36.19%
  cache             3.12 W     0.31  J      9.43%
  total            33.03 W     3.28  J    100.00%
Warning: Unable to run gnuplot to create cpi stack graphs.  Maybe gnuplot is not installed?
[SNIPER] End
[SNIPER] Elapsed time: 7918.42 seconds
[SNIPER] Running McPAT
                                     | Core 0     | Core 1     | Core 2     | Core 3    
  Instructions                       |  573617190 |  573608014 |  573605328 |  573608084
  Cycles                             |  264282845 |  264282845 |  264282845 |  264282845
  IPC                                |       2.17 |       2.17 |       2.17 |       2.17
  Time (ns)                          |   99354453 |   99354453 |   99354453 |   99354453
  Idle time (ns)                     |    5306050 |     311526 |     640416 |     738279
  Idle time (%)                      |       5.3% |       0.3% |       0.6% |       0.7%
Branch predictor stats               |            |            |            |           
  num correct                        |   48911951 |   48909961 |   48909640 |   48909990
  num incorrect                      |     407975 |     408827 |     408803 |     408822
  misprediction rate                 |      0.83% |      0.83% |      0.83% |      0.83%
  mpki                               |       0.71 |       0.71 |       0.71 |       0.71
TLB Summary                          |            |            |            |           
  I-TLB                              |            |            |            |           
    num accesses                     |   78658970 |   78660782 |   78663546 |   78666932
    num misses                       |          7 |         29 |         30 |         30
    miss rate                        |      0.00% |      0.00% |      0.00% |      0.00%
    mpki                             |       0.00 |       0.00 |       0.00 |       0.00
  D-TLB                              |            |            |            |           
    num accesses                     |  142376465 |  142372859 |  142371784 |  142372885
    num misses                       |    3175129 |    3175000 |    3174993 |    3174998
    miss rate                        |      2.23% |      2.23% |      2.23% |      2.23%
    mpki                             |       5.54 |       5.54 |       5.54 |       5.54
  L2 TLB                             |            |            |            |           
    num accesses                     |    3175136 |    3175029 |    3175023 |    3175028
    num misses                       |    3101035 |    3101067 |    3101062 |    3101068
    miss rate                        |     97.67% |     97.67% |     97.67% |     97.67%
    mpki                             |       5.41 |       5.41 |       5.41 |       5.41
Cache Summary                        |            |            |            |           
  Cache L1-I                         |            |            |            |           
    num cache accesses               |   78658970 |   78660782 |   78663546 |   78666932
    num cache misses                 |       3354 |       3181 |       3889 |       3841
    miss rate                        |      0.00% |      0.00% |      0.00% |      0.00%
    mpki                             |       0.01 |       0.01 |       0.01 |       0.01
  Cache L1-D                         |            |            |            |           
    num cache accesses               |  142376601 |  142372947 |  142371885 |  142372979
    num cache misses                 |    7470548 |    7454907 |    7454895 |    7454927
    miss rate                        |      5.25% |      5.24% |      5.24% |      5.24%
    mpki                             |      13.02 |      13.00 |      13.00 |      13.00
  Cache L2                           |            |            |            |           
    num cache accesses               |    7996933 |    7981081 |    7981779 |    7981765
    num cache misses                 |    2370092 |    2369864 |    2370560 |    2370162
    miss rate                        |     29.64% |     29.69% |     29.70% |     29.69%
    mpki                             |       4.13 |       4.13 |       4.13 |       4.13
DRAM summary                         |            |            |            |           
  num dram accesses                  |   14711069 |          0 |          0 |          0
  average dram access latency (ns)   |      17.22 |        inf |        inf |        inf
  average dram queueing delay        |       0.00 |       0.00 |       0.00 |       0.00
  average dram bandwidth utilization |      0.00% |      0.00% |      0.00% |      0.00%
Coherency Traffic                    |            |            |            |           
  num loads from dram                |    1574538 |    1575186 |    1575253 |    1576567
  num loads from dram cache          |          0 |          0 |          0 |          0
  num loads from remote cache        |       3599 |       2907 |       2815 |       1537
[SPLASH] [----------    End of output    ----------]
[SPLASH] Done.
copy HotSpot and ramulator files to /scratch/miz087/results/hpca_final/7-31-fft_cache_cpu_remap1g_cs32_splash2_fft_large
