[Benchmarks] set sniper output to rundir:  /scratch/miz087/results/hpca_final/7-31-fft_cache_cpu_remap1g_cs512_splash2_fft_large
/scratch/miz087/results/hpca_final/7-31-fft_cache_cpu_remap1g_cs512_splash2_fft_large
[SPLASH] Benchmarks to run: fft

[SPLASH] [========== Running benchmark fft ==========]
[SPLASH] Setting up run directory: /scratch/miz087/results/hpca_final/7-31-fft_cache_cpu_remap1g_cs512_splash2_fft_large
[SPLASH] Running 'SNIPER_APP_LD_PRELOAD=$LD_PRELOAD; unset LD_PRELOAD; /home_masters/miz087/workplace/micro_exp/run-sniper -n 4 -m 'localhost' -d '/scratch/miz087/results/hpca_final/7-31-fft_cache_cpu_remap1g_cs512_splash2_fft_large' -sthermalstats --power -c cache_cpu_remap1g -g --perf_model/dram_cache/cache_size=512 -s stop-by-icount:5000000000 --roi --curdir=/home_masters/miz087/workplace/micro_exp/benchmarks  --  /home_masters/miz087/workplace/micro_exp/benchmarks/splash2/splash2/codes/kernels/fft/FFT -m22 -p4':
[SPLASH] [---------- Beginning of output ----------]
[SNIPER] Start
----------BEGIN_INIT_STATS_MANAGER------------
----------END_INIT_STATS_MANAGER------------
[DvfsManager] Core 0 at 2.66 GHz (global clock 2.66 GHz)
[DvfsManager] Core 1 at 2.66 GHz (global clock 2.66 GHz)
[DvfsManager] Core 2 at 2.66 GHz (global clock 2.66 GHz)
[DvfsManager] Core 3 at 2.66 GHz (global clock 2.66 GHz)
Normal Cache Total set: 65536
now initialize a stacked dram unison cache
Executing Python script /scratch/miz087/results/hpca_final/7-31-fft_cache_cpu_remap1g_cs512_splash2_fft_large/sim.scripts.py
[STOPBYICOUNT] Waiting for application ROI
[STOPBYICOUNT] Then stopping after simulating at least 5000000000 instructions in detail
[SNIPER] --------------------------------------------------------------------------------
[SNIPER] Sniper using Pin frontend
[SNIPER] Running pre-ROI region in  CACHE_ONLY mode
[SNIPER] Running application ROI in DETAILED mode
[SNIPER] Running post-ROI region in FAST_FORWARD mode
[SNIPER] --------------------------------------------------------------------------------

************recordStats once at 0
[Warning] power scale is less than 1, please check!
[Overall Power Consumption] Peak: 0, Dynamic: 0
[Warning] the power of processor is too small, we skip the temperature calculation!

FFT with Blocking Transpose
   4194304 Complex Doubles
   4 Processors
   65536 Cache lines
   16 Byte line size
   4096 Bytes per page

[HOOKS] Entering ROI
[SNIPER] Enabling performance models

************recordStats once at 530325
[Warning] power scale is less than 1, please check!
[Overall Power Consumption] Peak: 0, Dynamic: 0
[Warning] the power of processor is too small, we skip the temperature calculation!
[STOPBYICOUNT] Application ROI started, now simulating 5000000000 in detail

************recordStats once at 530325
[Warning] power scale is less than 1, please check!
[Overall Power Consumption] Peak: 0, Dynamic: 0
[Warning] the power of processor is too small, we skip the temperature calculation!
[SNIPER] Setting instrumentation mode to DETAILED

************recordStats once at 531226
[Warning] power scale is less than 1, please check!
[Overall Power Consumption] Peak: 0, Dynamic: 0
[Warning] the power of processor is too small, we skip the temperature calculation!

************recordStats once at 532226
[Warning] power scale is less than 1, please check!
[Overall Power Consumption] Peak: 28.6125, Dynamic: 13.2153
*[Hotspot] begin initialization!
[DTM Trigger] CPU_MAX(THRES): 72.077(105.000), DRAM_MAX(THRES): 66.812(85.000)
	Current DTM method: 1
Here we try remapping!
-----and here we finish handling remapping results in cache controller! the Latency: 0
---invalid_cnt: 0

************recordStats once at 533226
[Warning] power scale is less than 1, please check!
[Overall Power Consumption] Peak: 29.8502, Dynamic: 14.3641
[DTM Trigger] CPU_MAX(THRES): 78.203(105.000), DRAM_MAX(THRES): 70.433(85.000)
	Current DTM method: 1
Here we try remapping!
-----and here we finish handling remapping results in cache controller! the Latency: 0
---invalid_cnt: 0

************recordStats once at 534226
[Warning] power scale is less than 1, please check!
[Overall Power Consumption] Peak: 30.1808, Dynamic: 14.8546
[DTM Trigger] CPU_MAX(THRES): 80.877(105.000), DRAM_MAX(THRES): 73.082(85.000)
	Current DTM method: 1
Here we try remapping!
-----and here we finish handling remapping results in cache controller! the Latency: 0
---invalid_cnt: 0

************recordStats once at 535226
[Warning] power scale is less than 1, please check!
[Overall Power Consumption] Peak: 34.124, Dynamic: 19.2362
[DTM Trigger] CPU_MAX(THRES): 88.025(105.000), DRAM_MAX(THRES): 74.280(85.000)
	Current DTM method: 1
Here we try remapping!
-----and here we finish handling remapping results in cache controller! the Latency: 0
---invalid_cnt: 0

************recordStats once at 536226
[Warning] power scale is less than 1, please check!
[Overall Power Consumption] Peak: 33.6693, Dynamic: 20.0243
[DTM Trigger] CPU_MAX(THRES): 90.224(105.000), DRAM_MAX(THRES): 75.377(85.000)
	Current DTM method: 1
Here we try remapping!
-----and here we finish handling remapping results in cache controller! the Latency: 0
---invalid_cnt: 0

************recordStats once at 537221
[Warning] power scale is less than 1, please check!
[Overall Power Consumption] Peak: 33.5962, Dynamic: 19.8958
[DTM Trigger] CPU_MAX(THRES): 92.584(105.000), DRAM_MAX(THRES): 76.606(85.000)
	Current DTM method: 1
Here we try remapping!
-----and here we finish handling remapping results in cache controller! the Latency: 0
---invalid_cnt: 0

************recordStats once at 538226
[Warning] power scale is less than 1, please check!
[Overall Power Consumption] Peak: 33.5114, Dynamic: 19.8326
[DTM Trigger] CPU_MAX(THRES): 94.754(105.000), DRAM_MAX(THRES): 77.840(85.000)
	Current DTM method: 1
Here we try remapping!
-----and here we finish handling remapping results in cache controller! the Latency: 0
---invalid_cnt: 0

************recordStats once at 539226
[Warning] power scale is less than 1, please check!
[Overall Power Consumption] Peak: 33.7736, Dynamic: 20.0376
[DTM Trigger] CPU_MAX(THRES): 96.583(105.000), DRAM_MAX(THRES): 79.027(85.000)
	Current DTM method: 1
Here we try remapping!
-----and here we finish handling remapping results in cache controller! the Latency: 0
---invalid_cnt: 0

************recordStats once at 540226
[Warning] power scale is less than 1, please check!
[Overall Power Consumption] Peak: 33.6361, Dynamic: 19.9424
[DTM Trigger] CPU_MAX(THRES): 98.310(105.000), DRAM_MAX(THRES): 80.159(85.000)
	Current DTM method: 1
Here we try remapping!
-----and here we finish handling remapping results in cache controller! the Latency: 0
---invalid_cnt: 0

************recordStats once at 541226
[Warning] power scale is less than 1, please check!
[Overall Power Consumption] Peak: 33.8, Dynamic: 20.0927
[DTM Trigger] CPU_MAX(THRES): 99.700(105.000), DRAM_MAX(THRES): 81.217(85.000)
	Current DTM method: 1
Here we try remapping!
-----and here we finish handling remapping results in cache controller! the Latency: 0
---invalid_cnt: 0

************recordStats once at 542226
[Warning] power scale is less than 1, please check!
[Overall Power Consumption] Peak: 33.6337, Dynamic: 19.9946
[DTM Trigger] CPU_MAX(THRES): 101.115(105.000), DRAM_MAX(THRES): 82.208(85.000)
	Current DTM method: 1
Here we try remapping!
-----and here we finish handling remapping results in cache controller! the Latency: 0
---invalid_cnt: 0

************recordStats once at 543220
[Warning] power scale is less than 1, please check!
[Overall Power Consumption] Peak: 33.6852, Dynamic: 20.0005
[DTM Trigger] CPU_MAX(THRES): 102.196(105.000), DRAM_MAX(THRES): 83.125(85.000)
	Current DTM method: 1
Here we try remapping!
-----and here we finish handling remapping results in cache controller! the Latency: 0
---invalid_cnt: 0

************recordStats once at 544222
[Warning] power scale is less than 1, please check!
[Overall Power Consumption] Peak: 33.5181, Dynamic: 19.8652
[DTM Trigger] CPU_MAX(THRES): 103.276(105.000), DRAM_MAX(THRES): 83.975(85.000)
	Current DTM method: 1
Here we try remapping!
-----and here we finish handling remapping results in cache controller! the Latency: 0
---invalid_cnt: 0

************recordStats once at 545226
[Warning] power scale is less than 1, please check!
[Overall Power Consumption] Peak: 33.6764, Dynamic: 19.9611
[DTM Trigger] CPU_MAX(THRES): 104.157(105.000), DRAM_MAX(THRES): 84.752(85.000)
	Current DTM method: 1
Here we try remapping!
-----and here we finish handling remapping results in cache controller! the Latency: 0
---invalid_cnt: 0

************recordStats once at 546226
[Warning] power scale is less than 1, please check!
[Overall Power Consumption] Peak: 33.6525, Dynamic: 19.9207
[DTM Trigger] CPU_MAX(THRES): 105.199(105.000), DRAM_MAX(THRES): 85.472(85.000)
	Current DTM method: 1
[HOT!] CPU is too hot!
[SNIPER_STATS_MANAGER] Setting frequency for core 0 in DVFS domain 0 to 2128 MHz
[SNIPER_STATS_MANAGER] Setting frequency for core 1 in DVFS domain 1 to 2128 MHz
[SNIPER_STATS_MANAGER] Setting frequency for core 2 in DVFS domain 2 to 2128 MHz
[SNIPER_STATS_MANAGER] Setting frequency for core 3 in DVFS domain 3 to 2128 MHz
Here we try remapping!
-----and here we finish handling remapping results in cache controller! the Latency: 55
---invalid_cnt: 256

************recordStats once at 547226
[Warning] power scale is less than 1, please check!
[Overall Power Consumption] Peak: 30.3204, Dynamic: 20.0082
[DTM Trigger] CPU_MAX(THRES): 104.362(105.000), DRAM_MAX(THRES): 86.112(85.000)
	Current DTM method: 1
[SNIPER_STATS_MANAGER] Setting frequency for core 0 in DVFS domain 0 to 2660 MHz
[SNIPER_STATS_MANAGER] Setting frequency for core 1 in DVFS domain 1 to 2660 MHz
[SNIPER_STATS_MANAGER] Setting frequency for core 2 in DVFS domain 2 to 2660 MHz
[SNIPER_STATS_MANAGER] Setting frequency for core 3 in DVFS domain 3 to 2660 MHz
Here we try remapping!
-----and here we finish handling remapping results in cache controller! the Latency: 107
---invalid_cnt: 512

************recordStats once at 548226
[Warning] power scale is less than 1, please check!
[Overall Power Consumption] Peak: 30.9289, Dynamic: 16.8393
[DTM Trigger] CPU_MAX(THRES): 104.607(105.000), DRAM_MAX(THRES): 86.706(85.000)
	Current DTM method: 1
Here we try remapping!
-----and here we finish handling remapping results in cache controller! the Latency: 0
---invalid_cnt: 0

************recordStats once at 549226
[Warning] power scale is less than 1, please check!
[Overall Power Consumption] Peak: 33.1359, Dynamic: 19.3661
[DTM Trigger] CPU_MAX(THRES): 106.768(105.000), DRAM_MAX(THRES): 87.212(85.000)
	Current DTM method: 1
[HOT!] CPU is too hot!
[SNIPER_STATS_MANAGER] Setting frequency for core 0 in DVFS domain 0 to 2128 MHz
[SNIPER_STATS_MANAGER] Setting frequency for core 1 in DVFS domain 1 to 2128 MHz
[SNIPER_STATS_MANAGER] Setting frequency for core 2 in DVFS domain 2 to 2128 MHz
[SNIPER_STATS_MANAGER] Setting frequency for core 3 in DVFS domain 3 to 2128 MHz
Here we try remapping!
-----and here we finish handling remapping results in cache controller! the Latency: 213
---invalid_cnt: 1024

************recordStats once at 550226
[Warning] power scale is less than 1, please check!
[Overall Power Consumption] Peak: 30.2466, Dynamic: 19.9459
[DTM Trigger] CPU_MAX(THRES): 105.919(105.000), DRAM_MAX(THRES): 87.717(85.000)
	Current DTM method: 1
[HOT!] CPU is too hot!
[SNIPER_STATS_MANAGER] Setting frequency for core 0 in DVFS domain 0 to 1596 MHz
[SNIPER_STATS_MANAGER] Setting frequency for core 1 in DVFS domain 1 to 1596 MHz
[SNIPER_STATS_MANAGER] Setting frequency for core 2 in DVFS domain 2 to 1596 MHz
[SNIPER_STATS_MANAGER] Setting frequency for core 3 in DVFS domain 3 to 1596 MHz
Here we try remapping!
-----and here we finish handling remapping results in cache controller! the Latency: 320
---invalid_cnt: 1536

************recordStats once at 551221
[Warning] power scale is less than 1, please check!
[Overall Power Consumption] Peak: 17.4464, Dynamic: 11.8203
[DTM Trigger] CPU_MAX(THRES): 99.919(105.000), DRAM_MAX(THRES): 88.014(85.000)
	Current DTM method: 1
[SNIPER_STATS_MANAGER] Setting frequency for core 0 in DVFS domain 0 to 2128 MHz
[SNIPER_STATS_MANAGER] Setting frequency for core 1 in DVFS domain 1 to 2128 MHz
[SNIPER_STATS_MANAGER] Setting frequency for core 2 in DVFS domain 2 to 2128 MHz
[SNIPER_STATS_MANAGER] Setting frequency for core 3 in DVFS domain 3 to 2128 MHz
Here we try remapping!
-----and here we finish handling remapping results in cache controller! the Latency: 0
---invalid_cnt: 0

************recordStats once at 552226
[Warning] power scale is less than 1, please check!
[Overall Power Consumption] Peak: 24.4796, Dynamic: 13.3286
[DTM Trigger] CPU_MAX(THRES): 100.824(105.000), DRAM_MAX(THRES): 88.054(85.000)
	Current DTM method: 1
[SNIPER_STATS_MANAGER] Setting frequency for core 0 in DVFS domain 0 to 2660 MHz
[SNIPER_STATS_MANAGER] Setting frequency for core 1 in DVFS domain 1 to 2660 MHz
[SNIPER_STATS_MANAGER] Setting frequency for core 2 in DVFS domain 2 to 2660 MHz
[SNIPER_STATS_MANAGER] Setting frequency for core 3 in DVFS domain 3 to 2660 MHz
Here we try remapping!
-----and here we finish handling remapping results in cache controller! the Latency: 0
---invalid_cnt: 0

************recordStats once at 553226
[Warning] power scale is less than 1, please check!
[Overall Power Consumption] Peak: 31.3476, Dynamic: 17.1918
[DTM Trigger] CPU_MAX(THRES): 104.728(105.000), DRAM_MAX(THRES): 88.154(85.000)
	Current DTM method: 1
Here we try remapping!
-----and here we finish handling remapping results in cache controller! the Latency: 51
---invalid_cnt: 256

************recordStats once at 554223
[Warning] power scale is less than 1, please check!
[Overall Power Consumption] Peak: 33.6599, Dynamic: 19.9928
[DTM Trigger] CPU_MAX(THRES): 107.580(105.000), DRAM_MAX(THRES): 88.457(85.000)
	Current DTM method: 1
[HOT!] CPU is too hot!
[SNIPER_STATS_MANAGER] Setting frequency for core 0 in DVFS domain 0 to 2128 MHz
[SNIPER_STATS_MANAGER] Setting frequency for core 1 in DVFS domain 1 to 2128 MHz
[SNIPER_STATS_MANAGER] Setting frequency for core 2 in DVFS domain 2 to 2128 MHz
[SNIPER_STATS_MANAGER] Setting frequency for core 3 in DVFS domain 3 to 2128 MHz
Here we try remapping!
-----and here we finish handling remapping results in cache controller! the Latency: 771
---invalid_cnt: 3584

************recordStats once at 555226
[Warning] power scale is less than 1, please check!
[Overall Power Consumption] Peak: 30.0223, Dynamic: 19.7105
[DTM Trigger] CPU_MAX(THRES): 107.009(105.000), DRAM_MAX(THRES): 88.854(85.000)
	Current DTM method: 1
[HOT!] CPU is too hot!
[SNIPER_STATS_MANAGER] Setting frequency for core 0 in DVFS domain 0 to 1596 MHz
[SNIPER_STATS_MANAGER] Setting frequency for core 1 in DVFS domain 1 to 1596 MHz
[SNIPER_STATS_MANAGER] Setting frequency for core 2 in DVFS domain 2 to 1596 MHz
[SNIPER_STATS_MANAGER] Setting frequency for core 3 in DVFS domain 3 to 1596 MHz
Here we try remapping!
-----and here we finish handling remapping results in cache controller! the Latency: 166
---invalid_cnt: 768

************recordStats once at 556226
[Warning] power scale is less than 1, please check!
[Overall Power Consumption] Peak: 16.0452, Dynamic: 10.4378
[DTM Trigger] CPU_MAX(THRES): 101.467(105.000), DRAM_MAX(THRES): 89.093(85.000)
	Current DTM method: 1
[SNIPER_STATS_MANAGER] Setting frequency for core 0 in DVFS domain 0 to 2128 MHz
[SNIPER_STATS_MANAGER] Setting frequency for core 1 in DVFS domain 1 to 2128 MHz
[SNIPER_STATS_MANAGER] Setting frequency for core 2 in DVFS domain 2 to 2128 MHz
[SNIPER_STATS_MANAGER] Setting frequency for core 3 in DVFS domain 3 to 2128 MHz
Here we try remapping!
-----and here we finish handling remapping results in cache controller! the Latency: 55
---invalid_cnt: 256

************recordStats once at 557226
[Warning] power scale is less than 1, please check!
[Overall Power Consumption] Peak: 24.801, Dynamic: 13.6934
[DTM Trigger] CPU_MAX(THRES): 102.429(105.000), DRAM_MAX(THRES): 89.092(85.000)
	Current DTM method: 1
[SNIPER_STATS_MANAGER] Setting frequency for core 0 in DVFS domain 0 to 2660 MHz
[SNIPER_STATS_MANAGER] Setting frequency for core 1 in DVFS domain 1 to 2660 MHz
[SNIPER_STATS_MANAGER] Setting frequency for core 2 in DVFS domain 2 to 2660 MHz
[SNIPER_STATS_MANAGER] Setting frequency for core 3 in DVFS domain 3 to 2660 MHz
Here we try remapping!
-----and here we finish handling remapping results in cache controller! the Latency: 0
---invalid_cnt: 0

************recordStats once at 558226
[Warning] power scale is less than 1, please check!
[Overall Power Consumption] Peak: 31.0564, Dynamic: 16.9121
[DTM Trigger] CPU_MAX(THRES): 106.212(105.000), DRAM_MAX(THRES): 89.138(85.000)
	Current DTM method: 1
[HOT!] CPU is too hot!
[SNIPER_STATS_MANAGER] Setting frequency for core 0 in DVFS domain 0 to 2128 MHz
[SNIPER_STATS_MANAGER] Setting frequency for core 1 in DVFS domain 1 to 2128 MHz
[SNIPER_STATS_MANAGER] Setting frequency for core 2 in DVFS domain 2 to 2128 MHz
[SNIPER_STATS_MANAGER] Setting frequency for core 3 in DVFS domain 3 to 2128 MHz
Here we try remapping!
-----and here we finish handling remapping results in cache controller! the Latency: 0
---invalid_cnt: 0

************recordStats once at 559226
[Warning] power scale is less than 1, please check!
[Overall Power Consumption] Peak: 30.2689, Dynamic: 19.9454
[DTM Trigger] CPU_MAX(THRES): 106.955(105.000), DRAM_MAX(THRES): 89.344(85.000)
	Current DTM method: 1
[HOT!] CPU is too hot!
[SNIPER_STATS_MANAGER] Setting frequency for core 0 in DVFS domain 0 to 1596 MHz
[SNIPER_STATS_MANAGER] Setting frequency for core 1 in DVFS domain 1 to 1596 MHz
[SNIPER_STATS_MANAGER] Setting frequency for core 2 in DVFS domain 2 to 1596 MHz
[SNIPER_STATS_MANAGER] Setting frequency for core 3 in DVFS domain 3 to 1596 MHz
Here we try remapping!
-----and here we finish handling remapping results in cache controller! the Latency: 230
---invalid_cnt: 1024

************recordStats once at 560226
[Warning] power scale is less than 1, please check!
[Overall Power Consumption] Peak: 17.8262, Dynamic: 12.2686
[DTM Trigger] CPU_MAX(THRES): 101.276(105.000), DRAM_MAX(THRES): 89.507(85.000)
	Current DTM method: 1
[SNIPER_STATS_MANAGER] Setting frequency for core 0 in DVFS domain 0 to 2128 MHz
[SNIPER_STATS_MANAGER] Setting frequency for core 1 in DVFS domain 1 to 2128 MHz
[SNIPER_STATS_MANAGER] Setting frequency for core 2 in DVFS domain 2 to 2128 MHz
[SNIPER_STATS_MANAGER] Setting frequency for core 3 in DVFS domain 3 to 2128 MHz
Here we try remapping!
-----and here we finish handling remapping results in cache controller! the Latency: 59
---invalid_cnt: 256

************recordStats once at 561226
[Warning] power scale is less than 1, please check!
[Overall Power Consumption] Peak: 24.984, Dynamic: 13.8513
[DTM Trigger] CPU_MAX(THRES): 102.573(105.000), DRAM_MAX(THRES): 89.439(85.000)
	Current DTM method: 1
[SNIPER_STATS_MANAGER] Setting frequency for core 0 in DVFS domain 0 to 2660 MHz
[SNIPER_STATS_MANAGER] Setting frequency for core 1 in DVFS domain 1 to 2660 MHz
[SNIPER_STATS_MANAGER] Setting frequency for core 2 in DVFS domain 2 to 2660 MHz
[SNIPER_STATS_MANAGER] Setting frequency for core 3 in DVFS domain 3 to 2660 MHz
Here we try remapping!
-----and here we finish handling remapping results in cache controller! the Latency: 0
---invalid_cnt: 0

************recordStats once at 562226
[Warning] power scale is less than 1, please check!
[Overall Power Consumption] Peak: 30.9302, Dynamic: 16.7625
[DTM Trigger] CPU_MAX(THRES): 106.218(105.000), DRAM_MAX(THRES): 89.480(85.000)
	Current DTM method: 1
[HOT!] CPU is too hot!
[SNIPER_STATS_MANAGER] Setting frequency for core 0 in DVFS domain 0 to 2128 MHz
[SNIPER_STATS_MANAGER] Setting frequency for core 1 in DVFS domain 1 to 2128 MHz
[SNIPER_STATS_MANAGER] Setting frequency for core 2 in DVFS domain 2 to 2128 MHz
[SNIPER_STATS_MANAGER] Setting frequency for core 3 in DVFS domain 3 to 2128 MHz
Here we try remapping!
-----and here we finish handling remapping results in cache controller! the Latency: 0
---invalid_cnt: 0

************recordStats once at 563226
[Warning] power scale is less than 1, please check!
[Overall Power Consumption] Peak: 30.2682, Dynamic: 19.9525
[DTM Trigger] CPU_MAX(THRES): 107.324(105.000), DRAM_MAX(THRES): 89.669(85.000)
	Current DTM method: 1
[HOT!] CPU is too hot!
[SNIPER_STATS_MANAGER] Setting frequency for core 0 in DVFS domain 0 to 1596 MHz
[SNIPER_STATS_MANAGER] Setting frequency for core 1 in DVFS domain 1 to 1596 MHz
[SNIPER_STATS_MANAGER] Setting frequency for core 2 in DVFS domain 2 to 1596 MHz
[SNIPER_STATS_MANAGER] Setting frequency for core 3 in DVFS domain 3 to 1596 MHz
Here we try remapping!
-----and here we finish handling remapping results in cache controller! the Latency: 650
---invalid_cnt: 2816

************recordStats once at 564189
[Warning] power scale is less than 1, please check!
[Overall Power Consumption] Peak: 17.7801, Dynamic: 12.2514
[DTM Trigger] CPU_MAX(THRES): 101.646(105.000), DRAM_MAX(THRES): 89.814(85.000)
	Current DTM method: 1
[SNIPER_STATS_MANAGER] Setting frequency for core 0 in DVFS domain 0 to 2128 MHz
[SNIPER_STATS_MANAGER] Setting frequency for core 1 in DVFS domain 1 to 2128 MHz
[SNIPER_STATS_MANAGER] Setting frequency for core 2 in DVFS domain 2 to 2128 MHz
[SNIPER_STATS_MANAGER] Setting frequency for core 3 in DVFS domain 3 to 2128 MHz
Here we try remapping!
-----and here we finish handling remapping results in cache controller! the Latency: 122
---invalid_cnt: 512

************recordStats once at 565226
[Warning] power scale is less than 1, please check!
[Overall Power Consumption] Peak: 23.5065, Dynamic: 12.576
[DTM Trigger] CPU_MAX(THRES): 103.367(105.000), DRAM_MAX(THRES): 89.737(85.000)
	Current DTM method: 1
[SNIPER_STATS_MANAGER] Setting frequency for core 0 in DVFS domain 0 to 2660 MHz
[SNIPER_STATS_MANAGER] Setting frequency for core 1 in DVFS domain 1 to 2660 MHz
[SNIPER_STATS_MANAGER] Setting frequency for core 2 in DVFS domain 2 to 2660 MHz
[SNIPER_STATS_MANAGER] Setting frequency for core 3 in DVFS domain 3 to 2660 MHz
Here we try remapping!
-----and here we finish handling remapping results in cache controller! the Latency: 0
---invalid_cnt: 0

************recordStats once at 566226
[Warning] power scale is less than 1, please check!
[Overall Power Consumption] Peak: 30.8029, Dynamic: 16.5794
[DTM Trigger] CPU_MAX(THRES): 106.812(105.000), DRAM_MAX(THRES): 89.810(85.000)
	Current DTM method: 1
[HOT!] CPU is too hot!
[SNIPER_STATS_MANAGER] Setting frequency for core 0 in DVFS domain 0 to 2128 MHz
[SNIPER_STATS_MANAGER] Setting frequency for core 1 in DVFS domain 1 to 2128 MHz
[SNIPER_STATS_MANAGER] Setting frequency for core 2 in DVFS domain 2 to 2128 MHz
[SNIPER_STATS_MANAGER] Setting frequency for core 3 in DVFS domain 3 to 2128 MHz
Here we try remapping!
-----and here we finish handling remapping results in cache controller! the Latency: 62
---invalid_cnt: 256

************recordStats once at 567226
[Warning] power scale is less than 1, please check!
[Overall Power Consumption] Peak: 30.3576, Dynamic: 20.0218
[DTM Trigger] CPU_MAX(THRES): 107.763(105.000), DRAM_MAX(THRES): 90.031(85.000)
	Current DTM method: 1
[HOT!] CPU is too hot!
[SNIPER_STATS_MANAGER] Setting frequency for core 0 in DVFS domain 0 to 1596 MHz
[SNIPER_STATS_MANAGER] Setting frequency for core 1 in DVFS domain 1 to 1596 MHz
[SNIPER_STATS_MANAGER] Setting frequency for core 2 in DVFS domain 2 to 1596 MHz
[SNIPER_STATS_MANAGER] Setting frequency for core 3 in DVFS domain 3 to 1596 MHz
Here we try remapping!
-----and here we finish handling remapping results in cache controller! the Latency: 372
---invalid_cnt: 1536

************recordStats once at 568211
[Warning] power scale is less than 1, please check!
[Overall Power Consumption] Peak: 17.7148, Dynamic: 12.1912
[DTM Trigger] CPU_MAX(THRES): 101.883(105.000), DRAM_MAX(THRES): 90.174(85.000)
	Current DTM method: 1
[SNIPER_STATS_MANAGER] Setting frequency for core 0 in DVFS domain 0 to 2128 MHz
[SNIPER_STATS_MANAGER] Setting frequency for core 1 in DVFS domain 1 to 2128 MHz
[SNIPER_STATS_MANAGER] Setting frequency for core 2 in DVFS domain 2 to 2128 MHz
[SNIPER_STATS_MANAGER] Setting frequency for core 3 in DVFS domain 3 to 2128 MHz
Here we try remapping!
-----and here we finish handling remapping results in cache controller! the Latency: 63
---invalid_cnt: 256

************recordStats once at 569226
[Warning] power scale is less than 1, please check!
[Overall Power Consumption] Peak: 24.4454, Dynamic: 13.1937
[DTM Trigger] CPU_MAX(THRES): 103.708(105.000), DRAM_MAX(THRES): 90.026(85.000)
	Current DTM method: 1
[SNIPER_STATS_MANAGER] Setting frequency for core 0 in DVFS domain 0 to 2660 MHz
[SNIPER_STATS_MANAGER] Setting frequency for core 1 in DVFS domain 1 to 2660 MHz
[SNIPER_STATS_MANAGER] Setting frequency for core 2 in DVFS domain 2 to 2660 MHz
[SNIPER_STATS_MANAGER] Setting frequency for core 3 in DVFS domain 3 to 2660 MHz
Here we try remapping!
-----and here we finish handling remapping results in cache controller! the Latency: 0
---invalid_cnt: 0

************recordStats once at 570226
[Warning] power scale is less than 1, please check!
[Overall Power Consumption] Peak: 31.0087, Dynamic: 16.8201
[DTM Trigger] CPU_MAX(THRES): 107.154(105.000), DRAM_MAX(THRES): 89.953(85.000)
	Current DTM method: 1
[HOT!] CPU is too hot!
[SNIPER_STATS_MANAGER] Setting frequency for core 0 in DVFS domain 0 to 2128 MHz
[SNIPER_STATS_MANAGER] Setting frequency for core 1 in DVFS domain 1 to 2128 MHz
[SNIPER_STATS_MANAGER] Setting frequency for core 2 in DVFS domain 2 to 2128 MHz
[SNIPER_STATS_MANAGER] Setting frequency for core 3 in DVFS domain 3 to 2128 MHz
Here we try remapping!
-----and here we finish handling remapping results in cache controller! the Latency: 0
---invalid_cnt: 0

************recordStats once at 571226
[Warning] power scale is less than 1, please check!
[Overall Power Consumption] Peak: 30.2945, Dynamic: 19.974
[DTM Trigger] CPU_MAX(THRES): 108.126(105.000), DRAM_MAX(THRES): 90.116(85.000)
	Current DTM method: 1
[HOT!] CPU is too hot!
[SNIPER_STATS_MANAGER] Setting frequency for core 0 in DVFS domain 0 to 1596 MHz
[SNIPER_STATS_MANAGER] Setting frequency for core 1 in DVFS domain 1 to 1596 MHz
[SNIPER_STATS_MANAGER] Setting frequency for core 2 in DVFS domain 2 to 1596 MHz
[SNIPER_STATS_MANAGER] Setting frequency for core 3 in DVFS domain 3 to 1596 MHz
Here we try remapping!
-----and here we finish handling remapping results in cache controller! the Latency: 190
---invalid_cnt: 768

************recordStats once at 572193
[Warning] power scale is less than 1, please check!
[Overall Power Consumption] Peak: 17.8152, Dynamic: 12.2599
[DTM Trigger] CPU_MAX(THRES): 102.130(105.000), DRAM_MAX(THRES): 90.275(85.000)
	Current DTM method: 1
[SNIPER_STATS_MANAGER] Setting frequency for core 0 in DVFS domain 0 to 2128 MHz
[SNIPER_STATS_MANAGER] Setting frequency for core 1 in DVFS domain 1 to 2128 MHz
[SNIPER_STATS_MANAGER] Setting frequency for core 2 in DVFS domain 2 to 2128 MHz
[SNIPER_STATS_MANAGER] Setting frequency for core 3 in DVFS domain 3 to 2128 MHz
Here we try remapping!
-----and here we finish handling remapping results in cache controller! the Latency: 0
---invalid_cnt: 0

************recordStats once at 573226
[Warning] power scale is less than 1, please check!
[Overall Power Consumption] Peak: 24.8289, Dynamic: 13.7068
[DTM Trigger] CPU_MAX(THRES): 103.650(105.000), DRAM_MAX(THRES): 90.215(85.000)
	Current DTM method: 1
[SNIPER_STATS_MANAGER] Setting frequency for core 0 in DVFS domain 0 to 2660 MHz
[SNIPER_STATS_MANAGER] Setting frequency for core 1 in DVFS domain 1 to 2660 MHz
[SNIPER_STATS_MANAGER] Setting frequency for core 2 in DVFS domain 2 to 2660 MHz
[SNIPER_STATS_MANAGER] Setting frequency for core 3 in DVFS domain 3 to 2660 MHz
Here we try remapping!
-----and here we finish handling remapping results in cache controller! the Latency: 0
---invalid_cnt: 0

************recordStats once at 574226
[Warning] power scale is less than 1, please check!
[Overall Power Consumption] Peak: 31.1833, Dynamic: 16.9952
[DTM Trigger] CPU_MAX(THRES): 107.336(105.000), DRAM_MAX(THRES): 90.249(85.000)
	Current DTM method: 1
[HOT!] CPU is too hot!
[SNIPER_STATS_MANAGER] Setting frequency for core 0 in DVFS domain 0 to 2128 MHz
[SNIPER_STATS_MANAGER] Setting frequency for core 1 in DVFS domain 1 to 2128 MHz
[SNIPER_STATS_MANAGER] Setting frequency for core 2 in DVFS domain 2 to 2128 MHz
[SNIPER_STATS_MANAGER] Setting frequency for core 3 in DVFS domain 3 to 2128 MHz
Here we try remapping!
-----and here we finish handling remapping results in cache controller! the Latency: 0
---invalid_cnt: 0

************recordStats once at 575224
[Warning] power scale is less than 1, please check!
[Overall Power Consumption] Peak: 30.2438, Dynamic: 19.9319
[DTM Trigger] CPU_MAX(THRES): 108.455(105.000), DRAM_MAX(THRES): 90.456(85.000)
	Current DTM method: 1
[HOT!] CPU is too hot!
[SNIPER_STATS_MANAGER] Setting frequency for core 0 in DVFS domain 0 to 1596 MHz
[SNIPER_STATS_MANAGER] Setting frequency for core 1 in DVFS domain 1 to 1596 MHz
[SNIPER_STATS_MANAGER] Setting frequency for core 2 in DVFS domain 2 to 1596 MHz
[SNIPER_STATS_MANAGER] Setting frequency for core 3 in DVFS domain 3 to 1596 MHz
Here we try remapping!
-----and here we finish handling remapping results in cache controller! the Latency: 195
---invalid_cnt: 768

************recordStats once at 576205
[Warning] power scale is less than 1, please check!
[Overall Power Consumption] Peak: 17.7016, Dynamic: 12.1822
[DTM Trigger] CPU_MAX(THRES): 102.430(105.000), DRAM_MAX(THRES): 90.599(85.000)
	Current DTM method: 1
[SNIPER_STATS_MANAGER] Setting frequency for core 0 in DVFS domain 0 to 2128 MHz
[SNIPER_STATS_MANAGER] Setting frequency for core 1 in DVFS domain 1 to 2128 MHz
[SNIPER_STATS_MANAGER] Setting frequency for core 2 in DVFS domain 2 to 2128 MHz
[SNIPER_STATS_MANAGER] Setting frequency for core 3 in DVFS domain 3 to 2128 MHz
Here we try remapping!
-----and here we finish handling remapping results in cache controller! the Latency: 0
---invalid_cnt: 0

************recordStats once at 577226
[Warning] power scale is less than 1, please check!
[Overall Power Consumption] Peak: 24.8457, Dynamic: 13.6809
[DTM Trigger] CPU_MAX(THRES): 103.973(105.000), DRAM_MAX(THRES): 90.479(85.000)
	Current DTM method: 1
[SNIPER_STATS_MANAGER] Setting frequency for core 0 in DVFS domain 0 to 2660 MHz
[SNIPER_STATS_MANAGER] Setting frequency for core 1 in DVFS domain 1 to 2660 MHz
[SNIPER_STATS_MANAGER] Setting frequency for core 2 in DVFS domain 2 to 2660 MHz
[SNIPER_STATS_MANAGER] Setting frequency for core 3 in DVFS domain 3 to 2660 MHz
Here we try remapping!
-----and here we finish handling remapping results in cache controller! the Latency: 0
---invalid_cnt: 0

************recordStats once at 578226
[Warning] power scale is less than 1, please check!
[Overall Power Consumption] Peak: 27.8505, Dynamic: 14.1807
[DTM Trigger] CPU_MAX(THRES): 108.790(105.000), DRAM_MAX(THRES): 90.321(85.000)
	Current DTM method: 1
[HOT!] CPU is too hot!
[SNIPER_STATS_MANAGER] Setting frequency for core 0 in DVFS domain 0 to 2128 MHz
[SNIPER_STATS_MANAGER] Setting frequency for core 1 in DVFS domain 1 to 2128 MHz
[SNIPER_STATS_MANAGER] Setting frequency for core 2 in DVFS domain 2 to 2128 MHz
[SNIPER_STATS_MANAGER] Setting frequency for core 3 in DVFS domain 3 to 2128 MHz
Here we try remapping!
-----and here we finish handling remapping results in cache controller! the Latency: 0
---invalid_cnt: 0

************recordStats once at 579218
[Warning] power scale is less than 1, please check!
[Overall Power Consumption] Peak: 25.5625, Dynamic: 15.837
[DTM Trigger] CPU_MAX(THRES): 109.982(105.000), DRAM_MAX(THRES): 90.049(85.000)
	Current DTM method: 1
[HOT!] CPU is too hot!
[SNIPER_STATS_MANAGER] Setting frequency for core 0 in DVFS domain 0 to 1596 MHz
[SNIPER_STATS_MANAGER] Setting frequency for core 1 in DVFS domain 1 to 1596 MHz
[SNIPER_STATS_MANAGER] Setting frequency for core 2 in DVFS domain 2 to 1596 MHz
[SNIPER_STATS_MANAGER] Setting frequency for core 3 in DVFS domain 3 to 1596 MHz
Here we try remapping!
-----and here we finish handling remapping results in cache controller! the Latency: 0
---invalid_cnt: 0

************recordStats once at 580226
[Warning] power scale is less than 1, please check!
[Overall Power Consumption] Peak: 14.7657, Dynamic: 9.50777
[DTM Trigger] CPU_MAX(THRES): 103.552(105.000), DRAM_MAX(THRES): 89.606(85.000)
	Current DTM method: 1
[SNIPER_STATS_MANAGER] Setting frequency for core 0 in DVFS domain 0 to 2128 MHz
[SNIPER_STATS_MANAGER] Setting frequency for core 1 in DVFS domain 1 to 2128 MHz
[SNIPER_STATS_MANAGER] Setting frequency for core 2 in DVFS domain 2 to 2128 MHz
[SNIPER_STATS_MANAGER] Setting frequency for core 3 in DVFS domain 3 to 2128 MHz
Here we try remapping!
-----and here we finish handling remapping results in cache controller! the Latency: 0
---invalid_cnt: 0

************recordStats once at 581226
[Warning] power scale is less than 1, please check!
[Overall Power Consumption] Peak: 19.0344, Dynamic: 8.22007
[DTM Trigger] CPU_MAX(THRES): 105.523(105.000), DRAM_MAX(THRES): 89.595(85.000)
	Current DTM method: 1
[HOT!] CPU is too hot!
[SNIPER_STATS_MANAGER] Setting frequency for core 0 in DVFS domain 0 to 1596 MHz
[SNIPER_STATS_MANAGER] Setting frequency for core 1 in DVFS domain 1 to 1596 MHz
[SNIPER_STATS_MANAGER] Setting frequency for core 2 in DVFS domain 2 to 1596 MHz
[SNIPER_STATS_MANAGER] Setting frequency for core 3 in DVFS domain 3 to 1596 MHz
Here we try remapping!
-----and here we finish handling remapping results in cache controller! the Latency: 0
---invalid_cnt: 0

************recordStats once at 582226
[Warning] power scale is less than 1, please check!
[Overall Power Consumption] Peak: 16.4786, Dynamic: 10.7951
[DTM Trigger] CPU_MAX(THRES): 97.109(105.000), DRAM_MAX(THRES): 90.561(85.000)
	Current DTM method: 1
[SNIPER_STATS_MANAGER] Setting frequency for core 0 in DVFS domain 0 to 2128 MHz
[SNIPER_STATS_MANAGER] Setting frequency for core 1 in DVFS domain 1 to 2128 MHz
[SNIPER_STATS_MANAGER] Setting frequency for core 2 in DVFS domain 2 to 2128 MHz
[SNIPER_STATS_MANAGER] Setting frequency for core 3 in DVFS domain 3 to 2128 MHz
Here we try remapping!
-----and here we finish handling remapping results in cache controller! the Latency: 0
---invalid_cnt: 0

************recordStats once at 583226
[Warning] power scale is less than 1, please check!
[Overall Power Consumption] Peak: 24.5049, Dynamic: 12.2744
[DTM Trigger] CPU_MAX(THRES): 98.558(105.000), DRAM_MAX(THRES): 91.148(85.000)
	Current DTM method: 1
[SNIPER_STATS_MANAGER] Setting frequency for core 0 in DVFS domain 0 to 2660 MHz
[SNIPER_STATS_MANAGER] Setting frequency for core 1 in DVFS domain 1 to 2660 MHz
[SNIPER_STATS_MANAGER] Setting frequency for core 2 in DVFS domain 2 to 2660 MHz
[SNIPER_STATS_MANAGER] Setting frequency for core 3 in DVFS domain 3 to 2660 MHz
Here we try remapping!
-----and here we finish handling remapping results in cache controller! the Latency: 0
---invalid_cnt: 0

************recordStats once at 584226
[Warning] power scale is less than 1, please check!
[Overall Power Consumption] Peak: 28.6269, Dynamic: 13.3563
[DTM Trigger] CPU_MAX(THRES): 100.774(105.000), DRAM_MAX(THRES): 91.641(85.000)
	Current DTM method: 1
Here we try remapping!
-----and here we finish handling remapping results in cache controller! the Latency: 0
---invalid_cnt: 0

************recordStats once at 585226
[Warning] power scale is less than 1, please check!
[Overall Power Consumption] Peak: 34.3978, Dynamic: 19.8564
[DTM Trigger] CPU_MAX(THRES): 109.230(105.000), DRAM_MAX(THRES): 91.278(85.000)
	Current DTM method: 1
[HOT!] CPU is too hot!
[SNIPER_STATS_MANAGER] Setting frequency for core 0 in DVFS domain 0 to 2128 MHz
[SNIPER_STATS_MANAGER] Setting frequency for core 1 in DVFS domain 1 to 2128 MHz
[SNIPER_STATS_MANAGER] Setting frequency for core 2 in DVFS domain 2 to 2128 MHz
[SNIPER_STATS_MANAGER] Setting frequency for core 3 in DVFS domain 3 to 2128 MHz
Here we try remapping!
-----and here we finish handling remapping results in cache controller! the Latency: 26
---invalid_cnt: 512

************recordStats once at 586226
[Warning] power scale is less than 1, please check!
[Overall Power Consumption] Peak: 30.8624, Dynamic: 21.2753
[DTM Trigger] CPU_MAX(THRES): 108.366(105.000), DRAM_MAX(THRES): 91.031(85.000)
	Current DTM method: 1
[HOT!] CPU is too hot!
[SNIPER_STATS_MANAGER] Setting frequency for core 0 in DVFS domain 0 to 1596 MHz
[SNIPER_STATS_MANAGER] Setting frequency for core 1 in DVFS domain 1 to 1596 MHz
[SNIPER_STATS_MANAGER] Setting frequency for core 2 in DVFS domain 2 to 1596 MHz
[SNIPER_STATS_MANAGER] Setting frequency for core 3 in DVFS domain 3 to 1596 MHz
Here we try remapping!
-----and here we finish handling remapping results in cache controller! the Latency: 22
---invalid_cnt: 512

************recordStats once at 587215
[Warning] power scale is less than 1, please check!
[Overall Power Consumption] Peak: 18.0064, Dynamic: 12.8723
[DTM Trigger] CPU_MAX(THRES): 102.460(105.000), DRAM_MAX(THRES): 90.919(85.000)
	Current DTM method: 1
[SNIPER_STATS_MANAGER] Setting frequency for core 0 in DVFS domain 0 to 2128 MHz
[SNIPER_STATS_MANAGER] Setting frequency for core 1 in DVFS domain 1 to 2128 MHz
[SNIPER_STATS_MANAGER] Setting frequency for core 2 in DVFS domain 2 to 2128 MHz
[SNIPER_STATS_MANAGER] Setting frequency for core 3 in DVFS domain 3 to 2128 MHz
Here we try remapping!
-----and here we finish handling remapping results in cache controller! the Latency: 0
---invalid_cnt: 0

************recordStats once at 588226
[Warning] power scale is less than 1, please check!
[Overall Power Consumption] Peak: 25.3233, Dynamic: 14.6568
[DTM Trigger] CPU_MAX(THRES): 103.981(105.000), DRAM_MAX(THRES): 90.670(85.000)
	Current DTM method: 1
[SNIPER_STATS_MANAGER] Setting frequency for core 0 in DVFS domain 0 to 2660 MHz
[SNIPER_STATS_MANAGER] Setting frequency for core 1 in DVFS domain 1 to 2660 MHz
[SNIPER_STATS_MANAGER] Setting frequency for core 2 in DVFS domain 2 to 2660 MHz
[SNIPER_STATS_MANAGER] Setting frequency for core 3 in DVFS domain 3 to 2660 MHz
Here we try remapping!
-----and here we finish handling remapping results in cache controller! the Latency: 0
---invalid_cnt: 0

************recordStats once at 589216
[Warning] power scale is less than 1, please check!
[Overall Power Consumption] Peak: 31.4393, Dynamic: 17.9123
[DTM Trigger] CPU_MAX(THRES): 108.161(105.000), DRAM_MAX(THRES): 90.579(85.000)
	Current DTM method: 1
[HOT!] CPU is too hot!
[SNIPER_STATS_MANAGER] Setting frequency for core 0 in DVFS domain 0 to 2128 MHz
[SNIPER_STATS_MANAGER] Setting frequency for core 1 in DVFS domain 1 to 2128 MHz
[SNIPER_STATS_MANAGER] Setting frequency for core 2 in DVFS domain 2 to 2128 MHz
[SNIPER_STATS_MANAGER] Setting frequency for core 3 in DVFS domain 3 to 2128 MHz
Here we try remapping!
-----and here we finish handling remapping results in cache controller! the Latency: 0
---invalid_cnt: 0

************recordStats once at 590205
[Warning] power scale is less than 1, please check!
[Overall Power Consumption] Peak: 30.6617, Dynamic: 21.0883
[DTM Trigger] CPU_MAX(THRES): 109.341(105.000), DRAM_MAX(THRES): 90.699(85.000)
	Current DTM method: 1
[HOT!] CPU is too hot!
[SNIPER_STATS_MANAGER] Setting frequency for core 0 in DVFS domain 0 to 1596 MHz
[SNIPER_STATS_MANAGER] Setting frequency for core 1 in DVFS domain 1 to 1596 MHz
[SNIPER_STATS_MANAGER] Setting frequency for core 2 in DVFS domain 2 to 1596 MHz
[SNIPER_STATS_MANAGER] Setting frequency for core 3 in DVFS domain 3 to 1596 MHz
Here we try remapping!
-----and here we finish handling remapping results in cache controller! the Latency: 0
---invalid_cnt: 0

************recordStats once at 591226
[Warning] power scale is less than 1, please check!
[Overall Power Consumption] Peak: 18.0219, Dynamic: 12.9114
[DTM Trigger] CPU_MAX(THRES): 103.155(105.000), DRAM_MAX(THRES): 90.799(85.000)
	Current DTM method: 1
[SNIPER_STATS_MANAGER] Setting frequency for core 0 in DVFS domain 0 to 2128 MHz
[SNIPER_STATS_MANAGER] Setting frequency for core 1 in DVFS domain 1 to 2128 MHz
[SNIPER_STATS_MANAGER] Setting frequency for core 2 in DVFS domain 2 to 2128 MHz
[SNIPER_STATS_MANAGER] Setting frequency for core 3 in DVFS domain 3 to 2128 MHz
Here we try remapping!
-----and here we finish handling remapping results in cache controller! the Latency: 0
---invalid_cnt: 0

************recordStats once at 592226
[Warning] power scale is less than 1, please check!
[Overall Power Consumption] Peak: 25.4617, Dynamic: 14.7244
[DTM Trigger] CPU_MAX(THRES): 104.632(105.000), DRAM_MAX(THRES): 90.692(85.000)
	Current DTM method: 1
[SNIPER_STATS_MANAGER] Setting frequency for core 0 in DVFS domain 0 to 2660 MHz
[SNIPER_STATS_MANAGER] Setting frequency for core 1 in DVFS domain 1 to 2660 MHz
[SNIPER_STATS_MANAGER] Setting frequency for core 2 in DVFS domain 2 to 2660 MHz
[SNIPER_STATS_MANAGER] Setting frequency for core 3 in DVFS domain 3 to 2660 MHz
Here we try remapping!
-----and here we finish handling remapping results in cache controller! the Latency: 0
---invalid_cnt: 0

************recordStats once at 593226
[Warning] power scale is less than 1, please check!
[Overall Power Consumption] Peak: 31.4804, Dynamic: 17.9673
[DTM Trigger] CPU_MAX(THRES): 108.425(105.000), DRAM_MAX(THRES): 90.692(85.000)
	Current DTM method: 1
[HOT!] CPU is too hot!
[SNIPER_STATS_MANAGER] Setting frequency for core 0 in DVFS domain 0 to 2128 MHz
[SNIPER_STATS_MANAGER] Setting frequency for core 1 in DVFS domain 1 to 2128 MHz
[SNIPER_STATS_MANAGER] Setting frequency for core 2 in DVFS domain 2 to 2128 MHz
[SNIPER_STATS_MANAGER] Setting frequency for core 3 in DVFS domain 3 to 2128 MHz
Here we try remapping!
-----and here we finish handling remapping results in cache controller! the Latency: 0
---invalid_cnt: 0

************recordStats once at 594226
[Warning] power scale is less than 1, please check!
[Overall Power Consumption] Peak: 30.7677, Dynamic: 21.1459
[DTM Trigger] CPU_MAX(THRES): 109.705(105.000), DRAM_MAX(THRES): 90.863(85.000)
	Current DTM method: 1
[HOT!] CPU is too hot!
[SNIPER_STATS_MANAGER] Setting frequency for core 0 in DVFS domain 0 to 1596 MHz
[SNIPER_STATS_MANAGER] Setting frequency for core 1 in DVFS domain 1 to 1596 MHz
[SNIPER_STATS_MANAGER] Setting frequency for core 2 in DVFS domain 2 to 1596 MHz
[SNIPER_STATS_MANAGER] Setting frequency for core 3 in DVFS domain 3 to 1596 MHz
Here we try remapping!
-----and here we finish handling remapping results in cache controller! the Latency: 0
---invalid_cnt: 0

************recordStats once at 595224
[Warning] power scale is less than 1, please check!
[Overall Power Consumption] Peak: 17.9429, Dynamic: 12.8224
[DTM Trigger] CPU_MAX(THRES): 103.718(105.000), DRAM_MAX(THRES): 91.001(85.000)
	Current DTM method: 1
[SNIPER_STATS_MANAGER] Setting frequency for core 0 in DVFS domain 0 to 2128 MHz
[SNIPER_STATS_MANAGER] Setting frequency for core 1 in DVFS domain 1 to 2128 MHz
[SNIPER_STATS_MANAGER] Setting frequency for core 2 in DVFS domain 2 to 2128 MHz
[SNIPER_STATS_MANAGER] Setting frequency for core 3 in DVFS domain 3 to 2128 MHz
Here we try remapping!
-----and here we finish handling remapping results in cache controller! the Latency: 0
---invalid_cnt: 0

************recordStats once at 596223
[Warning] power scale is less than 1, please check!
[Overall Power Consumption] Peak: 25.2707, Dynamic: 14.5911
[DTM Trigger] CPU_MAX(THRES): 104.669(105.000), DRAM_MAX(THRES): 90.896(85.000)
	Current DTM method: 1
[SNIPER_STATS_MANAGER] Setting frequency for core 0 in DVFS domain 0 to 2660 MHz
[SNIPER_STATS_MANAGER] Setting frequency for core 1 in DVFS domain 1 to 2660 MHz
[SNIPER_STATS_MANAGER] Setting frequency for core 2 in DVFS domain 2 to 2660 MHz
[SNIPER_STATS_MANAGER] Setting frequency for core 3 in DVFS domain 3 to 2660 MHz
Here we try remapping!
-----and here we finish handling remapping results in cache controller! the Latency: 0
---invalid_cnt: 0

************recordStats once at 597226
[Warning] power scale is less than 1, please check!
[Overall Power Consumption] Peak: 31.2507, Dynamic: 17.7136
[DTM Trigger] CPU_MAX(THRES): 108.462(105.000), DRAM_MAX(THRES): 90.899(85.000)
	Current DTM method: 1
[HOT!] CPU is too hot!
[SNIPER_STATS_MANAGER] Setting frequency for core 0 in DVFS domain 0 to 2128 MHz
[SNIPER_STATS_MANAGER] Setting frequency for core 1 in DVFS domain 1 to 2128 MHz
[SNIPER_STATS_MANAGER] Setting frequency for core 2 in DVFS domain 2 to 2128 MHz
[SNIPER_STATS_MANAGER] Setting frequency for core 3 in DVFS domain 3 to 2128 MHz
Here we try remapping!
-----and here we finish handling remapping results in cache controller! the Latency: 0
---invalid_cnt: 0

************recordStats once at 598226
[Warning] power scale is less than 1, please check!
[Overall Power Consumption] Peak: 30.7752, Dynamic: 21.1132
[DTM Trigger] CPU_MAX(THRES): 109.948(105.000), DRAM_MAX(THRES): 91.073(85.000)
	Current DTM method: 1
[HOT!] CPU is too hot!
[SNIPER_STATS_MANAGER] Setting frequency for core 0 in DVFS domain 0 to 1596 MHz
[SNIPER_STATS_MANAGER] Setting frequency for core 1 in DVFS domain 1 to 1596 MHz
[SNIPER_STATS_MANAGER] Setting frequency for core 2 in DVFS domain 2 to 1596 MHz
[SNIPER_STATS_MANAGER] Setting frequency for core 3 in DVFS domain 3 to 1596 MHz
Here we try remapping!
-----and here we finish handling remapping results in cache controller! the Latency: 0
---invalid_cnt: 0

************recordStats once at 599224
[Warning] power scale is less than 1, please check!
[Overall Power Consumption] Peak: 18.0169, Dynamic: 12.9112
[DTM Trigger] CPU_MAX(THRES): 103.877(105.000), DRAM_MAX(THRES): 91.200(85.000)
	Current DTM method: 1
[SNIPER_STATS_MANAGER] Setting frequency for core 0 in DVFS domain 0 to 2128 MHz
[SNIPER_STATS_MANAGER] Setting frequency for core 1 in DVFS domain 1 to 2128 MHz
[SNIPER_STATS_MANAGER] Setting frequency for core 2 in DVFS domain 2 to 2128 MHz
[SNIPER_STATS_MANAGER] Setting frequency for core 3 in DVFS domain 3 to 2128 MHz
Here we try remapping!
-----and here we finish handling remapping results in cache controller! the Latency: 0
---invalid_cnt: 0

************recordStats once at 600223
[Warning] power scale is less than 1, please check!
[Overall Power Consumption] Peak: 25.2201, Dynamic: 14.5443
[DTM Trigger] CPU_MAX(THRES): 104.901(105.000), DRAM_MAX(THRES): 91.085(85.000)
	Current DTM method: 1
[SNIPER_STATS_MANAGER] Setting frequency for core 0 in DVFS domain 0 to 2660 MHz
[SNIPER_STATS_MANAGER] Setting frequency for core 1 in DVFS domain 1 to 2660 MHz
[SNIPER_STATS_MANAGER] Setting frequency for core 2 in DVFS domain 2 to 2660 MHz
[SNIPER_STATS_MANAGER] Setting frequency for core 3 in DVFS domain 3 to 2660 MHz
Here we try remapping!
-----and here we finish handling remapping results in cache controller! the Latency: 0
---invalid_cnt: 0

************recordStats once at 601226
[Warning] power scale is less than 1, please check!
[Overall Power Consumption] Peak: 31.1481, Dynamic: 17.5777
[DTM Trigger] CPU_MAX(THRES): 108.641(105.000), DRAM_MAX(THRES): 91.074(85.000)
	Current DTM method: 1
[HOT!] CPU is too hot!
[SNIPER_STATS_MANAGER] Setting frequency for core 0 in DVFS domain 0 to 2128 MHz
[SNIPER_STATS_MANAGER] Setting frequency for core 1 in DVFS domain 1 to 2128 MHz
[SNIPER_STATS_MANAGER] Setting frequency for core 2 in DVFS domain 2 to 2128 MHz
[SNIPER_STATS_MANAGER] Setting frequency for core 3 in DVFS domain 3 to 2128 MHz
Here we try remapping!
-----and here we finish handling remapping results in cache controller! the Latency: 0
---invalid_cnt: 0

************recordStats once at 602226
[Warning] power scale is less than 1, please check!
[Overall Power Consumption] Peak: 30.6811, Dynamic: 20.98
[DTM Trigger] CPU_MAX(THRES): 109.891(105.000), DRAM_MAX(THRES): 91.225(85.000)
	Current DTM method: 1
[HOT!] CPU is too hot!
[SNIPER_STATS_MANAGER] Setting frequency for core 0 in DVFS domain 0 to 1596 MHz
[SNIPER_STATS_MANAGER] Setting frequency for core 1 in DVFS domain 1 to 1596 MHz
[SNIPER_STATS_MANAGER] Setting frequency for core 2 in DVFS domain 2 to 1596 MHz
[SNIPER_STATS_MANAGER] Setting frequency for core 3 in DVFS domain 3 to 1596 MHz
Here we try remapping!
-----and here we finish handling remapping results in cache controller! the Latency: 0
---invalid_cnt: 0

************recordStats once at 603225
[Warning] power scale is less than 1, please check!
[Overall Power Consumption] Peak: 17.9871, Dynamic: 12.8777
[DTM Trigger] CPU_MAX(THRES): 103.902(105.000), DRAM_MAX(THRES): 91.327(85.000)
	Current DTM method: 1
[SNIPER_STATS_MANAGER] Setting frequency for core 0 in DVFS domain 0 to 2128 MHz
[SNIPER_STATS_MANAGER] Setting frequency for core 1 in DVFS domain 1 to 2128 MHz
[SNIPER_STATS_MANAGER] Setting frequency for core 2 in DVFS domain 2 to 2128 MHz
[SNIPER_STATS_MANAGER] Setting frequency for core 3 in DVFS domain 3 to 2128 MHz
Here we try remapping!
-----and here we finish handling remapping results in cache controller! the Latency: 0
---invalid_cnt: 0

************recordStats once at 604226
[Warning] power scale is less than 1, please check!
[Overall Power Consumption] Peak: 25.2022, Dynamic: 14.5329
[DTM Trigger] CPU_MAX(THRES): 105.428(105.000), DRAM_MAX(THRES): 91.210(85.000)
	Current DTM method: 1
[HOT!] CPU is too hot!
[SNIPER_STATS_MANAGER] Setting frequency for core 0 in DVFS domain 0 to 1596 MHz
[SNIPER_STATS_MANAGER] Setting frequency for core 1 in DVFS domain 1 to 1596 MHz
[SNIPER_STATS_MANAGER] Setting frequency for core 2 in DVFS domain 2 to 1596 MHz
[SNIPER_STATS_MANAGER] Setting frequency for core 3 in DVFS domain 3 to 1596 MHz
Here we try remapping!
-----and here we finish handling remapping results in cache controller! the Latency: 0
---invalid_cnt: 0

************recordStats once at 605226
[Warning] power scale is less than 1, please check!
[Overall Power Consumption] Peak: 18.1109, Dynamic: 12.9827
[DTM Trigger] CPU_MAX(THRES): 102.542(105.000), DRAM_MAX(THRES): 91.099(85.000)
	Current DTM method: 1
[SNIPER_STATS_MANAGER] Setting frequency for core 0 in DVFS domain 0 to 2128 MHz
[SNIPER_STATS_MANAGER] Setting frequency for core 1 in DVFS domain 1 to 2128 MHz
[SNIPER_STATS_MANAGER] Setting frequency for core 2 in DVFS domain 2 to 2128 MHz
[SNIPER_STATS_MANAGER] Setting frequency for core 3 in DVFS domain 3 to 2128 MHz
Here we try remapping!
-----and here we finish handling remapping results in cache controller! the Latency: 0
---invalid_cnt: 0

************recordStats once at 606226
[Warning] power scale is less than 1, please check!
[Overall Power Consumption] Peak: 25.2942, Dynamic: 14.6008
[DTM Trigger] CPU_MAX(THRES): 104.679(105.000), DRAM_MAX(THRES): 90.925(85.000)
	Current DTM method: 1
[SNIPER_STATS_MANAGER] Setting frequency for core 0 in DVFS domain 0 to 2660 MHz
[SNIPER_STATS_MANAGER] Setting frequency for core 1 in DVFS domain 1 to 2660 MHz
[SNIPER_STATS_MANAGER] Setting frequency for core 2 in DVFS domain 2 to 2660 MHz
[SNIPER_STATS_MANAGER] Setting frequency for core 3 in DVFS domain 3 to 2660 MHz
Here we try remapping!
-----and here we finish handling remapping results in cache controller! the Latency: 0
---invalid_cnt: 0

************recordStats once at 607226
[Warning] power scale is less than 1, please check!
[Overall Power Consumption] Peak: 31.4102, Dynamic: 17.8163
[DTM Trigger] CPU_MAX(THRES): 108.418(105.000), DRAM_MAX(THRES): 90.911(85.000)
	Current DTM method: 1
[HOT!] CPU is too hot!
[SNIPER_STATS_MANAGER] Setting frequency for core 0 in DVFS domain 0 to 2128 MHz
[SNIPER_STATS_MANAGER] Setting frequency for core 1 in DVFS domain 1 to 2128 MHz
[SNIPER_STATS_MANAGER] Setting frequency for core 2 in DVFS domain 2 to 2128 MHz
[SNIPER_STATS_MANAGER] Setting frequency for core 3 in DVFS domain 3 to 2128 MHz
Here we try remapping!
-----and here we finish handling remapping results in cache controller! the Latency: 0
---invalid_cnt: 0

************recordStats once at 608226
[Warning] power scale is less than 1, please check!
[Overall Power Consumption] Peak: 30.3726, Dynamic: 20.7301
[DTM Trigger] CPU_MAX(THRES): 109.822(105.000), DRAM_MAX(THRES): 91.089(85.000)
	Current DTM method: 1
[HOT!] CPU is too hot!
[SNIPER_STATS_MANAGER] Setting frequency for core 0 in DVFS domain 0 to 1596 MHz
[SNIPER_STATS_MANAGER] Setting frequency for core 1 in DVFS domain 1 to 1596 MHz
[SNIPER_STATS_MANAGER] Setting frequency for core 2 in DVFS domain 2 to 1596 MHz
[SNIPER_STATS_MANAGER] Setting frequency for core 3 in DVFS domain 3 to 1596 MHz
Here we try remapping!
-----and here we finish handling remapping results in cache controller! the Latency: 0
---invalid_cnt: 0

************recordStats once at 609226
[Warning] power scale is less than 1, please check!
[Overall Power Consumption] Peak: 17.934, Dynamic: 12.8052
[DTM Trigger] CPU_MAX(THRES): 103.809(105.000), DRAM_MAX(THRES): 91.220(85.000)
	Current DTM method: 1
[SNIPER_STATS_MANAGER] Setting frequency for core 0 in DVFS domain 0 to 2128 MHz
[SNIPER_STATS_MANAGER] Setting frequency for core 1 in DVFS domain 1 to 2128 MHz
[SNIPER_STATS_MANAGER] Setting frequency for core 2 in DVFS domain 2 to 2128 MHz
[SNIPER_STATS_MANAGER] Setting frequency for core 3 in DVFS domain 3 to 2128 MHz
Here we try remapping!
-----and here we finish handling remapping results in cache controller! the Latency: 0
---invalid_cnt: 0

************recordStats once at 610218
[Warning] power scale is less than 1, please check!
[Overall Power Consumption] Peak: 25.2226, Dynamic: 14.529
[DTM Trigger] CPU_MAX(THRES): 105.305(105.000), DRAM_MAX(THRES): 91.112(85.000)
	Current DTM method: 1
[HOT!] CPU is too hot!
[SNIPER_STATS_MANAGER] Setting frequency for core 0 in DVFS domain 0 to 1596 MHz
[SNIPER_STATS_MANAGER] Setting frequency for core 1 in DVFS domain 1 to 1596 MHz
[SNIPER_STATS_MANAGER] Setting frequency for core 2 in DVFS domain 2 to 1596 MHz
[SNIPER_STATS_MANAGER] Setting frequency for core 3 in DVFS domain 3 to 1596 MHz
Here we try remapping!
-----and here we finish handling remapping results in cache controller! the Latency: 0
---invalid_cnt: 0

************recordStats once at 611219
[Warning] power scale is less than 1, please check!
[Overall Power Consumption] Peak: 17.965, Dynamic: 12.8393
[DTM Trigger] CPU_MAX(THRES): 102.362(105.000), DRAM_MAX(THRES): 91.008(85.000)
	Current DTM method: 1
[SNIPER_STATS_MANAGER] Setting frequency for core 0 in DVFS domain 0 to 2128 MHz
[SNIPER_STATS_MANAGER] Setting frequency for core 1 in DVFS domain 1 to 2128 MHz
[SNIPER_STATS_MANAGER] Setting frequency for core 2 in DVFS domain 2 to 2128 MHz
[SNIPER_STATS_MANAGER] Setting frequency for core 3 in DVFS domain 3 to 2128 MHz
Here we try remapping!
-----and here we finish handling remapping results in cache controller! the Latency: 0
---invalid_cnt: 0

************recordStats once at 612226
[Warning] power scale is less than 1, please check!
[Overall Power Consumption] Peak: 25.2792, Dynamic: 14.5992
[DTM Trigger] CPU_MAX(THRES): 104.379(105.000), DRAM_MAX(THRES): 90.848(85.000)
	Current DTM method: 1
[SNIPER_STATS_MANAGER] Setting frequency for core 0 in DVFS domain 0 to 2660 MHz
[SNIPER_STATS_MANAGER] Setting frequency for core 1 in DVFS domain 1 to 2660 MHz
[SNIPER_STATS_MANAGER] Setting frequency for core 2 in DVFS domain 2 to 2660 MHz
[SNIPER_STATS_MANAGER] Setting frequency for core 3 in DVFS domain 3 to 2660 MHz
Here we try remapping!
-----and here we finish handling remapping results in cache controller! the Latency: 0
---invalid_cnt: 0

************recordStats once at 613226
[Warning] power scale is less than 1, please check!
[Overall Power Consumption] Peak: 31.4173, Dynamic: 17.8484
[DTM Trigger] CPU_MAX(THRES): 108.584(105.000), DRAM_MAX(THRES): 90.856(85.000)
	Current DTM method: 1
[HOT!] CPU is too hot!
[SNIPER_STATS_MANAGER] Setting frequency for core 0 in DVFS domain 0 to 2128 MHz
[SNIPER_STATS_MANAGER] Setting frequency for core 1 in DVFS domain 1 to 2128 MHz
[SNIPER_STATS_MANAGER] Setting frequency for core 2 in DVFS domain 2 to 2128 MHz
[SNIPER_STATS_MANAGER] Setting frequency for core 3 in DVFS domain 3 to 2128 MHz
Here we try remapping!
-----and here we finish handling remapping results in cache controller! the Latency: 0
---invalid_cnt: 0

************recordStats once at 614226
[Warning] power scale is less than 1, please check!
[Overall Power Consumption] Peak: 30.5766, Dynamic: 20.9304
[DTM Trigger] CPU_MAX(THRES): 109.901(105.000), DRAM_MAX(THRES): 91.057(85.000)
	Current DTM method: 1
[HOT!] CPU is too hot!
[SNIPER_STATS_MANAGER] Setting frequency for core 0 in DVFS domain 0 to 1596 MHz
[SNIPER_STATS_MANAGER] Setting frequency for core 1 in DVFS domain 1 to 1596 MHz
[SNIPER_STATS_MANAGER] Setting frequency for core 2 in DVFS domain 2 to 1596 MHz
[SNIPER_STATS_MANAGER] Setting frequency for core 3 in DVFS domain 3 to 1596 MHz
Here we try remapping!
-----and here we finish handling remapping results in cache controller! the Latency: 0
---invalid_cnt: 0

************recordStats once at 615226
[Warning] power scale is less than 1, please check!
[Overall Power Consumption] Peak: 17.9968, Dynamic: 12.8946
[DTM Trigger] CPU_MAX(THRES): 103.800(105.000), DRAM_MAX(THRES): 91.198(85.000)
	Current DTM method: 1
[SNIPER_STATS_MANAGER] Setting frequency for core 0 in DVFS domain 0 to 2128 MHz
[SNIPER_STATS_MANAGER] Setting frequency for core 1 in DVFS domain 1 to 2128 MHz
[SNIPER_STATS_MANAGER] Setting frequency for core 2 in DVFS domain 2 to 2128 MHz
[SNIPER_STATS_MANAGER] Setting frequency for core 3 in DVFS domain 3 to 2128 MHz
Here we try remapping!
-----and here we finish handling remapping results in cache controller! the Latency: 0
---invalid_cnt: 0

************recordStats once at 616226
[Warning] power scale is less than 1, please check!
[Overall Power Consumption] Peak: 25.402, Dynamic: 14.6795
[DTM Trigger] CPU_MAX(THRES): 105.202(105.000), DRAM_MAX(THRES): 91.099(85.000)
	Current DTM method: 1
[HOT!] CPU is too hot!
[SNIPER_STATS_MANAGER] Setting frequency for core 0 in DVFS domain 0 to 1596 MHz
[SNIPER_STATS_MANAGER] Setting frequency for core 1 in DVFS domain 1 to 1596 MHz
[SNIPER_STATS_MANAGER] Setting frequency for core 2 in DVFS domain 2 to 1596 MHz
[SNIPER_STATS_MANAGER] Setting frequency for core 3 in DVFS domain 3 to 1596 MHz
Here we try remapping!
-----and here we finish handling remapping results in cache controller! the Latency: 0
---invalid_cnt: 0

************recordStats once at 617211
[Warning] power scale is less than 1, please check!
[Overall Power Consumption] Peak: 17.971, Dynamic: 12.8456
[DTM Trigger] CPU_MAX(THRES): 102.399(105.000), DRAM_MAX(THRES): 91.012(85.000)
	Current DTM method: 1
[SNIPER_STATS_MANAGER] Setting frequency for core 0 in DVFS domain 0 to 2128 MHz
[SNIPER_STATS_MANAGER] Setting frequency for core 1 in DVFS domain 1 to 2128 MHz
[SNIPER_STATS_MANAGER] Setting frequency for core 2 in DVFS domain 2 to 2128 MHz
[SNIPER_STATS_MANAGER] Setting frequency for core 3 in DVFS domain 3 to 2128 MHz
Here we try remapping!
-----and here we finish handling remapping results in cache controller! the Latency: 0
---invalid_cnt: 0

************recordStats once at 618226
[Warning] power scale is less than 1, please check!
[Overall Power Consumption] Peak: 25.2151, Dynamic: 14.5483
[DTM Trigger] CPU_MAX(THRES): 104.554(105.000), DRAM_MAX(THRES): 90.856(85.000)
	Current DTM method: 1
[SNIPER_STATS_MANAGER] Setting frequency for core 0 in DVFS domain 0 to 2660 MHz
[SNIPER_STATS_MANAGER] Setting frequency for core 1 in DVFS domain 1 to 2660 MHz
[SNIPER_STATS_MANAGER] Setting frequency for core 2 in DVFS domain 2 to 2660 MHz
[SNIPER_STATS_MANAGER] Setting frequency for core 3 in DVFS domain 3 to 2660 MHz
Here we try remapping!
-----and here we finish handling remapping results in cache controller! the Latency: 0
---invalid_cnt: 0

************recordStats once at 619226
[Warning] power scale is less than 1, please check!
[Overall Power Consumption] Peak: 31.3992, Dynamic: 17.824
[DTM Trigger] CPU_MAX(THRES): 108.516(105.000), DRAM_MAX(THRES): 90.864(85.000)
	Current DTM method: 1
[HOT!] CPU is too hot!
[SNIPER_STATS_MANAGER] Setting frequency for core 0 in DVFS domain 0 to 2128 MHz
[SNIPER_STATS_MANAGER] Setting frequency for core 1 in DVFS domain 1 to 2128 MHz
[SNIPER_STATS_MANAGER] Setting frequency for core 2 in DVFS domain 2 to 2128 MHz
[SNIPER_STATS_MANAGER] Setting frequency for core 3 in DVFS domain 3 to 2128 MHz
Here we try remapping!
-----and here we finish handling remapping results in cache controller! the Latency: 0
---invalid_cnt: 0

************recordStats once at 620216
[Warning] power scale is less than 1, please check!
[Overall Power Consumption] Peak: 30.5231, Dynamic: 20.9224
[DTM Trigger] CPU_MAX(THRES): 109.903(105.000), DRAM_MAX(THRES): 91.054(85.000)
	Current DTM method: 1
[HOT!] CPU is too hot!
[SNIPER_STATS_MANAGER] Setting frequency for core 0 in DVFS domain 0 to 1596 MHz
[SNIPER_STATS_MANAGER] Setting frequency for core 1 in DVFS domain 1 to 1596 MHz
[SNIPER_STATS_MANAGER] Setting frequency for core 2 in DVFS domain 2 to 1596 MHz
[SNIPER_STATS_MANAGER] Setting frequency for core 3 in DVFS domain 3 to 1596 MHz
Here we try remapping!
-----and here we finish handling remapping results in cache controller! the Latency: 0
---invalid_cnt: 0

************recordStats once at 621226
[Warning] power scale is less than 1, please check!
[Overall Power Consumption] Peak: 17.9442, Dynamic: 12.7973
[DTM Trigger] CPU_MAX(THRES): 103.820(105.000), DRAM_MAX(THRES): 91.191(85.000)
	Current DTM method: 1
[SNIPER_STATS_MANAGER] Setting frequency for core 0 in DVFS domain 0 to 2128 MHz
[SNIPER_STATS_MANAGER] Setting frequency for core 1 in DVFS domain 1 to 2128 MHz
[SNIPER_STATS_MANAGER] Setting frequency for core 2 in DVFS domain 2 to 2128 MHz
[SNIPER_STATS_MANAGER] Setting frequency for core 3 in DVFS domain 3 to 2128 MHz
Here we try remapping!
-----and here we finish handling remapping results in cache controller! the Latency: 0
---invalid_cnt: 0

************recordStats once at 622226
[Warning] power scale is less than 1, please check!
[Overall Power Consumption] Peak: 25.3331, Dynamic: 14.6042
[DTM Trigger] CPU_MAX(THRES): 105.255(105.000), DRAM_MAX(THRES): 91.109(85.000)
	Current DTM method: 1
[HOT!] CPU is too hot!
[SNIPER_STATS_MANAGER] Setting frequency for core 0 in DVFS domain 0 to 1596 MHz
[SNIPER_STATS_MANAGER] Setting frequency for core 1 in DVFS domain 1 to 1596 MHz
[SNIPER_STATS_MANAGER] Setting frequency for core 2 in DVFS domain 2 to 1596 MHz
[SNIPER_STATS_MANAGER] Setting frequency for core 3 in DVFS domain 3 to 1596 MHz
Here we try remapping!
-----and here we finish handling remapping results in cache controller! the Latency: 0
---invalid_cnt: 0

************recordStats once at 623207
[Warning] power scale is less than 1, please check!
[Overall Power Consumption] Peak: 18.0028, Dynamic: 12.883
[DTM Trigger] CPU_MAX(THRES): 102.526(105.000), DRAM_MAX(THRES): 91.023(85.000)
	Current DTM method: 1
[SNIPER_STATS_MANAGER] Setting frequency for core 0 in DVFS domain 0 to 2128 MHz
[SNIPER_STATS_MANAGER] Setting frequency for core 1 in DVFS domain 1 to 2128 MHz
[SNIPER_STATS_MANAGER] Setting frequency for core 2 in DVFS domain 2 to 2128 MHz
[SNIPER_STATS_MANAGER] Setting frequency for core 3 in DVFS domain 3 to 2128 MHz
Here we try remapping!
-----and here we finish handling remapping results in cache controller! the Latency: 0
---invalid_cnt: 0

************recordStats once at 624226
[Warning] power scale is less than 1, please check!
[Overall Power Consumption] Peak: 25.1338, Dynamic: 14.474
[DTM Trigger] CPU_MAX(THRES): 104.404(105.000), DRAM_MAX(THRES): 90.874(85.000)
	Current DTM method: 1
[SNIPER_STATS_MANAGER] Setting frequency for core 0 in DVFS domain 0 to 2660 MHz
[SNIPER_STATS_MANAGER] Setting frequency for core 1 in DVFS domain 1 to 2660 MHz
[SNIPER_STATS_MANAGER] Setting frequency for core 2 in DVFS domain 2 to 2660 MHz
[SNIPER_STATS_MANAGER] Setting frequency for core 3 in DVFS domain 3 to 2660 MHz
Here we try remapping!
-----and here we finish handling remapping results in cache controller! the Latency: 0
---invalid_cnt: 0

************recordStats once at 625225
[Warning] power scale is less than 1, please check!
[Overall Power Consumption] Peak: 31.4248, Dynamic: 17.8494
[DTM Trigger] CPU_MAX(THRES): 108.621(105.000), DRAM_MAX(THRES): 90.885(85.000)
	Current DTM method: 1
[HOT!] CPU is too hot!
[SNIPER_STATS_MANAGER] Setting frequency for core 0 in DVFS domain 0 to 2128 MHz
[SNIPER_STATS_MANAGER] Setting frequency for core 1 in DVFS domain 1 to 2128 MHz
[SNIPER_STATS_MANAGER] Setting frequency for core 2 in DVFS domain 2 to 2128 MHz
[SNIPER_STATS_MANAGER] Setting frequency for core 3 in DVFS domain 3 to 2128 MHz
Here we try remapping!
-----and here we finish handling remapping results in cache controller! the Latency: 0
---invalid_cnt: 0

************recordStats once at 626175
[Warning] power scale is less than 1, please check!
[Overall Power Consumption] Peak: 28.8335, Dynamic: 18.7617
[DTM Trigger] CPU_MAX(THRES): 110.782(105.000), DRAM_MAX(THRES): 91.011(85.000)
	Current DTM method: 1
[HOT!] CPU is too hot!
[SNIPER_STATS_MANAGER] Setting frequency for core 0 in DVFS domain 0 to 1596 MHz
[SNIPER_STATS_MANAGER] Setting frequency for core 1 in DVFS domain 1 to 1596 MHz
[SNIPER_STATS_MANAGER] Setting frequency for core 2 in DVFS domain 2 to 1596 MHz
[SNIPER_STATS_MANAGER] Setting frequency for core 3 in DVFS domain 3 to 1596 MHz
Here we try remapping!
-----and here we finish handling remapping results in cache controller! the Latency: 0
---invalid_cnt: 0

************recordStats once at 627226
[Warning] power scale is less than 1, please check!
[Overall Power Consumption] Peak: 12.5794, Dynamic: 7.30313
[DTM Trigger] CPU_MAX(THRES): 106.353(105.000), DRAM_MAX(THRES): 90.899(85.000)
	Current DTM method: 1
[HOT!] CPU is too hot!
[SNIPER_STATS_MANAGER] Setting frequency for core 0 in DVFS domain 0 to 1064 MHz
[SNIPER_STATS_MANAGER] Setting frequency for core 1 in DVFS domain 1 to 1064 MHz
[SNIPER_STATS_MANAGER] Setting frequency for core 2 in DVFS domain 2 to 1064 MHz
[SNIPER_STATS_MANAGER] Setting frequency for core 3 in DVFS domain 3 to 1064 MHz
Here we try remapping!
-----and here we finish handling remapping results in cache controller! the Latency: 0
---invalid_cnt: 0

************recordStats once at 628226
[Warning] power scale is less than 1, please check!
[Overall Power Consumption] Peak: 11.8748, Dynamic: 10.6648
[DTM Trigger] CPU_MAX(THRES): 96.476(105.000), DRAM_MAX(THRES): 91.781(85.000)
	Current DTM method: 1
[SNIPER_STATS_MANAGER] Setting frequency for core 0 in DVFS domain 0 to 1596 MHz
[SNIPER_STATS_MANAGER] Setting frequency for core 1 in DVFS domain 1 to 1596 MHz
[SNIPER_STATS_MANAGER] Setting frequency for core 2 in DVFS domain 2 to 1596 MHz
[SNIPER_STATS_MANAGER] Setting frequency for core 3 in DVFS domain 3 to 1596 MHz
Here we try remapping!
-----and here we finish handling remapping results in cache controller! the Latency: 0
---invalid_cnt: 0

************recordStats once at 629226
[Warning] power scale is less than 1, please check!
[Overall Power Consumption] Peak: 15.5268, Dynamic: 9.36889
[DTM Trigger] CPU_MAX(THRES): 94.817(105.000), DRAM_MAX(THRES): 91.984(85.000)
	Current DTM method: 1
[SNIPER_STATS_MANAGER] Setting frequency for core 0 in DVFS domain 0 to 2128 MHz
[SNIPER_STATS_MANAGER] Setting frequency for core 1 in DVFS domain 1 to 2128 MHz
[SNIPER_STATS_MANAGER] Setting frequency for core 2 in DVFS domain 2 to 2128 MHz
[SNIPER_STATS_MANAGER] Setting frequency for core 3 in DVFS domain 3 to 2128 MHz
Here we try remapping!
-----and here we finish handling remapping results in cache controller! the Latency: 0
---invalid_cnt: 0
[SNIPER] Disabling performance models
[SNIPER] Leaving ROI after 7136.94 seconds

************recordStats once at 629920

************recordStats once at 629920
[Warning] power scale is less than 1, please check!
[Overall Power Consumption] Peak: 24.8331, Dynamic: 12.6776
[DTM Trigger] CPU_MAX(THRES): 99.792(105.000), DRAM_MAX(THRES): 92.195(85.000)
	Current DTM method: 1
[SNIPER_STATS_MANAGER] Setting frequency for core 0 in DVFS domain 0 to 2660 MHz
[SNIPER_STATS_MANAGER] Setting frequency for core 1 in DVFS domain 1 to 2660 MHz
[SNIPER_STATS_MANAGER] Setting frequency for core 2 in DVFS domain 2 to 2660 MHz
[SNIPER_STATS_MANAGER] Setting frequency for core 3 in DVFS domain 3 to 2660 MHz
Here we try remapping!
[Warning] power scale is less than 1, please check!
[Overall Power Consumption] Peak: 25.5251, Dynamic: 11.1677
[DTM Trigger] CPU_MAX(THRES): 100.001(105.000), DRAM_MAX(THRES): 87.456(85.000)
	Current DTM method: 1
Here we try remapping!
[SNIPER] Simulated 2294.4M instructions, 1675.6M cycles, 1.37 IPC
[SNIPER] Simulation speed 320.6 KIPS (80.2 KIPS / target core - 12475.7ns/instr)
[SNIPER] Sampling: executed 15.04% of simulated time in detailed mode
[SNIPER] Setting instrumentation mode to FAST_FORWARD
[HOOKS] Leaving ROI

                 PROCESS STATISTICS
            Computation      Transpose     Transpose
 Proc          Time            Time        Fraction
    0        -1470274280     -1505718286       1.02411

                 TIMING INFORMATION
Start time                        :        267344261
Initialization finish time        :       1998333964
Overall finish time               :        528059684
Total time with initialization    :        260715423
Total time without initialization :      -1470274280
Overall transpose time            :      -1505718286
Overall transpose fraction        :          1.02411


************recordStats once at 629920
[Warning] power scale is less than 1, please check!
[Overall Power Consumption] Peak: 25.5251, Dynamic: 11.1677
[DTM Trigger] CPU_MAX(THRES): 101.147(105.000), DRAM_MAX(THRES): 87.181(85.000)
	Current DTM method: 1
Here we try remapping!

 ***** [DRAM_CACHE_Result] *****

*** DRAM Total Access: 18956311, page disabled: 0, page miss: 594014, block misses: 860925, miss: 1454939, miss rate: 0.0767522
Block load on page miss: 7166531, Block write back on page miss: 5037894
*** DRAM Total Access In ROI: 12657497, miss: 1150612, miss rate: 0.0909036
*** DRAM Remap Times: 17408 invalid times, 426970 total invalid_blocks, 0 migrate times, 0 total migrate blocks.
*** DRAM Statistics: 1620374655 reads, 474717515 writes, 999489323 row hits, 109831212 ACT time, 109831212 PRE time, 43166311 RD time, 11749294 WR time.

 ***** [DRAM_CACHE_Result] *****

[RAMULATOR OUTPUT]

**Total Ticks: 711904482

**Ramulator Active Cycles: 4.06392e+08

**DRAM Cycles: 7.11904e+08

**Maximum Bandwidth: 0

Number of Incoming Requests: 3.72359e+07

**Serving Request**
Channel_0: serving reads(24012320), serving writes(6855677).
Channel_1: serving reads(0), serving writes(0).
Channel_2: serving reads(0), serving writes(0).
Channel_3: serving reads(0), serving writes(0).
Channel_4: serving reads(0), serving writes(0).
Channel_5: serving reads(0), serving writes(0).
Channel_6: serving reads(0), serving writes(0).
Channel_7: serving reads(0), serving writes(0).
Channel_8: serving reads(0), serving writes(0).
Channel_9: serving reads(0), serving writes(0).
Channel_10: serving reads(0), serving writes(0).
Channel_11: serving reads(0), serving writes(0).
Channel_12: serving reads(0), serving writes(0).
Channel_13: serving reads(0), serving writes(0).
Channel_14: serving reads(0), serving writes(0).
Channel_15: serving reads(0), serving writes(0).
Channel_16: serving reads(0), serving writes(0).
Channel_17: serving reads(0), serving writes(0).
Channel_18: serving reads(0), serving writes(0).
Channel_19: serving reads(0), serving writes(0).
Channel_20: serving reads(0), serving writes(0).
Channel_21: serving reads(0), serving writes(0).
Channel_22: serving reads(0), serving writes(0).
Channel_23: serving reads(0), serving writes(0).
Channel_24: serving reads(0), serving writes(0).
Channel_25: serving reads(0), serving writes(0).
Channel_26: serving reads(0), serving writes(0).
Channel_27: serving reads(0), serving writes(0).
Channel_28: serving reads(0), serving writes(0).
Channel_29: serving reads(0), serving writes(0).
Channel_30: serving reads(0), serving writes(0).
Channel_31: serving reads(0), serving writes(0).
[RAMULATOR OUTPUT]
----[REMAP OUTPUT]---
*****HotAccess: 0
*****CoolAccess: 37164218
*****RemapAccess: 71687
*****SingleDisableTime: 0
*****DoubleDisableTime: 0
*****RemapTime: 68
*****RecoveryTime: 4
---------------------

 ***** [REF/AC_Result] *****
{Summary}: 34300831 Hot Accesses, 10248187 Cool Accesses.

 ***** [REF/AC_Result] *****
                     Power     Energy    Energy %
  core-core         6.84 W     0.68  J     20.77%
  core-ifetch       0.89 W     0.09  J      2.72%
  core-alu          0.77 W     0.08  J      2.35%
  core-int          1.09 W     0.11  J      3.31%
  core-fp           1.59 W     0.16  J      4.82%
  core-mem          0.73 W     0.07  J      2.22%
  icache            0.47 W     0.05  J      1.44%
  dcache            2.63 W     0.26  J      7.99%
  dram             17.22 W     1.72  J     52.27%
  other             0.70 W     0.07  J      2.12%

  core             11.92 W     1.19  J     36.18%
  cache             3.11 W     0.31  J      9.43%
  total            32.94 W     3.28  J    100.00%
Warning: Unable to run gnuplot to create cpi stack graphs.  Maybe gnuplot is not installed?
[SNIPER] End
[SNIPER] Elapsed time: 8892.60 seconds
[SNIPER] Running McPAT
                                     | Core 0     | Core 1     | Core 2     | Core 3    
  Instructions                       |  573615330 |  573606866 |  573605344 |  573608730
  Cycles                             |  265185915 |  265185915 |  265185915 |  265185915
  IPC                                |       2.16 |       2.16 |       2.16 |       2.16
  Time (ns)                          |   99693953 |   99693953 |   99693953 |   99693953
  Idle time (ns)                     |    5829787 |    1696556 |    1620934 |     318783
  Idle time (%)                      |       5.8% |       1.7% |       1.6% |       0.3%
Branch predictor stats               |            |            |            |           
  num correct                        |   48911759 |   48909823 |   48909685 |   48910042
  num incorrect                      |     407948 |     408818 |     408779 |     408819
  misprediction rate                 |      0.83% |      0.83% |      0.83% |      0.83%
  mpki                               |       0.71 |       0.71 |       0.71 |       0.71
TLB Summary                          |            |            |            |           
  I-TLB                              |            |            |            |           
    num accesses                     |   78658783 |   78666785 |   78663546 |   78660829
    num misses                       |          5 |         30 |         29 |         30
    miss rate                        |      0.00% |      0.00% |      0.00% |      0.00%
    mpki                             |       0.00 |       0.00 |       0.00 |       0.00
  D-TLB                              |            |            |            |           
    num accesses                     |  142375797 |  142372389 |  142371835 |  142373081
    num misses                       |    3174992 |    3174995 |    3174995 |    3175005
    miss rate                        |      2.23% |      2.23% |      2.23% |      2.23%
    mpki                             |       5.54 |       5.54 |       5.54 |       5.54
  L2 TLB                             |            |            |            |           
    num accesses                     |    3174997 |    3175025 |    3175024 |    3175035
    num misses                       |    3101033 |    3101064 |    3101064 |    3101070
    miss rate                        |     97.67% |     97.67% |     97.67% |     97.67%
    mpki                             |       5.41 |       5.41 |       5.41 |       5.41
Cache Summary                        |            |            |            |           
  Cache L1-I                         |            |            |            |           
    num cache accesses               |   78658783 |   78666785 |   78663546 |   78660829
    num cache misses                 |       3018 |       3850 |       3397 |       3593
    miss rate                        |      0.00% |      0.00% |      0.00% |      0.00%
    mpki                             |       0.01 |       0.01 |       0.01 |       0.01
  Cache L1-D                         |            |            |            |           
    num cache accesses               |  142375937 |  142372478 |  142371939 |  142373155
    num cache misses                 |    7471350 |    7454905 |    7454875 |    7454903
    miss rate                        |      5.25% |      5.24% |      5.24% |      5.24%
    mpki                             |      13.03 |      13.00 |      13.00 |      13.00
  Cache L2                           |            |            |            |           
    num cache accesses               |    7997389 |    7981750 |    7981264 |    7981493
    num cache misses                 |    2369736 |    2370153 |    2370050 |    2370281
    miss rate                        |     29.63% |     29.69% |     29.70% |     29.70%
    mpki                             |       4.13 |       4.13 |       4.13 |       4.13
DRAM summary                         |            |            |            |           
  num dram accesses                  |   14710332 |          0 |          0 |          0
  average dram access latency (ns)   |      10.89 |        inf |        inf |        inf
  average dram queueing delay        |       0.00 |       0.00 |       0.00 |       0.00
  average dram bandwidth utilization |      0.00% |      0.00% |      0.00% |      0.00%
Coherency Traffic                    |            |            |            |           
  num loads from dram                |    1574794 |    1576598 |    1574669 |    1575265
  num loads from dram cache          |          0 |          0 |          0 |          0
  num loads from remote cache        |       3328 |       1493 |       3391 |       2839
[SPLASH] [----------    End of output    ----------]
[SPLASH] Done.
copy HotSpot and ramulator files to /scratch/miz087/results/hpca_final/7-31-fft_cache_cpu_remap1g_cs512_splash2_fft_large
