[Benchmarks] set sniper output to rundir:  /scratch/miz087/results/hpca_final/7-31-fft_cache_cpu_remap1l_cs256_splash2_fft_large
/scratch/miz087/results/hpca_final/7-31-fft_cache_cpu_remap1l_cs256_splash2_fft_large
[SPLASH] Benchmarks to run: fft

[SPLASH] [========== Running benchmark fft ==========]
[SPLASH] Setting up run directory: /scratch/miz087/results/hpca_final/7-31-fft_cache_cpu_remap1l_cs256_splash2_fft_large
[SPLASH] Running 'SNIPER_APP_LD_PRELOAD=$LD_PRELOAD; unset LD_PRELOAD; /home_masters/miz087/workplace/micro_exp/run-sniper -n 4 -m 'localhost' -d '/scratch/miz087/results/hpca_final/7-31-fft_cache_cpu_remap1l_cs256_splash2_fft_large' -sthermalstats --power -c cache_cpu_remap1l -g --perf_model/dram_cache/cache_size=256 -s stop-by-icount:5000000000 --roi --curdir=/home_masters/miz087/workplace/micro_exp/benchmarks  --  /home_masters/miz087/workplace/micro_exp/benchmarks/splash2/splash2/codes/kernels/fft/FFT -m22 -p4':
[SPLASH] [---------- Beginning of output ----------]
[SNIPER] Start
----------BEGIN_INIT_STATS_MANAGER------------
----------END_INIT_STATS_MANAGER------------
[DvfsManager] Core 0 at 2.66 GHz (global clock 2.66 GHz)
[DvfsManager] Core 1 at 2.66 GHz (global clock 2.66 GHz)
[DvfsManager] Core 2 at 2.66 GHz (global clock 2.66 GHz)
[DvfsManager] Core 3 at 2.66 GHz (global clock 2.66 GHz)
Normal Cache Total set: 32768
now initialize a stacked dram unison cache
Executing Python script /scratch/miz087/results/hpca_final/7-31-fft_cache_cpu_remap1l_cs256_splash2_fft_large/sim.scripts.py
[STOPBYICOUNT] Waiting for application ROI
[STOPBYICOUNT] Then stopping after simulating at least 5000000000 instructions in detail
[SNIPER] --------------------------------------------------------------------------------
[SNIPER] Sniper using Pin frontend
[SNIPER] Running pre-ROI region in  CACHE_ONLY mode
[SNIPER] Running application ROI in DETAILED mode
[SNIPER] Running post-ROI region in FAST_FORWARD mode
[SNIPER] --------------------------------------------------------------------------------

************recordStats once at 0
[Warning] power scale is less than 1, please check!
[Overall Power Consumption] Peak: 0, Dynamic: 0
[Warning] the power of processor is too small, we skip the temperature calculation!

FFT with Blocking Transpose
   4194304 Complex Doubles
   4 Processors
   65536 Cache lines
   16 Byte line size
   4096 Bytes per page

[HOOKS] Entering ROI
[SNIPER] Enabling performance models

************recordStats once at 530325
[Warning] power scale is less than 1, please check!
[Overall Power Consumption] Peak: 0, Dynamic: 0
[Warning] the power of processor is too small, we skip the temperature calculation!
[STOPBYICOUNT] Application ROI started, now simulating 5000000000 in detail

************recordStats once at 530325
[Warning] power scale is less than 1, please check!
[Overall Power Consumption] Peak: 0, Dynamic: 0
[Warning] the power of processor is too small, we skip the temperature calculation!
[SNIPER] Setting instrumentation mode to DETAILED

************recordStats once at 531226
[Warning] power scale is less than 1, please check!
[Overall Power Consumption] Peak: 0, Dynamic: 0
[Warning] the power of processor is too small, we skip the temperature calculation!

************recordStats once at 532226
[Warning] power scale is less than 1, please check!
[Overall Power Consumption] Peak: 29.4365, Dynamic: 13.872
*[Hotspot] begin initialization!
[DTM Trigger] CPU_MAX(THRES): 72.593(105.000), DRAM_MAX(THRES): 67.705(85.000)
	Current DTM method: 1
Here we try remapping!
-----and here we finish handling remapping results in cache controller! the Latency: 0
---invalid_cnt: 0

************recordStats once at 533226
[Warning] power scale is less than 1, please check!
[Overall Power Consumption] Peak: 30.502, Dynamic: 15.2296
[DTM Trigger] CPU_MAX(THRES): 78.919(105.000), DRAM_MAX(THRES): 71.826(85.000)
	Current DTM method: 1
Here we try remapping!
-----and here we finish handling remapping results in cache controller! the Latency: 0
---invalid_cnt: 0

************recordStats once at 534225
[Warning] power scale is less than 1, please check!
[Overall Power Consumption] Peak: 31.0625, Dynamic: 16.0187
[DTM Trigger] CPU_MAX(THRES): 82.529(105.000), DRAM_MAX(THRES): 74.593(85.000)
	Current DTM method: 1
Here we try remapping!
-----and here we finish handling remapping results in cache controller! the Latency: 0
---invalid_cnt: 0

************recordStats once at 535226
[Warning] power scale is less than 1, please check!
[Overall Power Consumption] Peak: 33.4028, Dynamic: 19.7422
[DTM Trigger] CPU_MAX(THRES): 87.668(105.000), DRAM_MAX(THRES): 75.761(85.000)
	Current DTM method: 1
Here we try remapping!
-----and here we finish handling remapping results in cache controller! the Latency: 0
---invalid_cnt: 0

************recordStats once at 536226
[Warning] power scale is less than 1, please check!
[Overall Power Consumption] Peak: 33.714, Dynamic: 19.9724
[DTM Trigger] CPU_MAX(THRES): 90.424(105.000), DRAM_MAX(THRES): 76.981(85.000)
	Current DTM method: 1
Here we try remapping!
-----and here we finish handling remapping results in cache controller! the Latency: 0
---invalid_cnt: 0

************recordStats once at 537226
[Warning] power scale is less than 1, please check!
[Overall Power Consumption] Peak: 33.5925, Dynamic: 19.8961
[DTM Trigger] CPU_MAX(THRES): 92.893(105.000), DRAM_MAX(THRES): 78.290(85.000)
	Current DTM method: 1
Here we try remapping!
-----and here we finish handling remapping results in cache controller! the Latency: 0
---invalid_cnt: 0

************recordStats once at 538226
[Warning] power scale is less than 1, please check!
[Overall Power Consumption] Peak: 33.7559, Dynamic: 20.0611
[DTM Trigger] CPU_MAX(THRES): 95.010(105.000), DRAM_MAX(THRES): 79.568(85.000)
	Current DTM method: 1
Here we try remapping!
-----and here we finish handling remapping results in cache controller! the Latency: 0
---invalid_cnt: 0

************recordStats once at 539226
[Warning] power scale is less than 1, please check!
[Overall Power Consumption] Peak: 33.4957, Dynamic: 19.8292
[DTM Trigger] CPU_MAX(THRES): 96.872(105.000), DRAM_MAX(THRES): 80.791(85.000)
	Current DTM method: 1
Here we try remapping!
-----and here we finish handling remapping results in cache controller! the Latency: 0
---invalid_cnt: 0

************recordStats once at 540226
[Warning] power scale is less than 1, please check!
[Overall Power Consumption] Peak: 33.792, Dynamic: 20.0954
[DTM Trigger] CPU_MAX(THRES): 98.489(105.000), DRAM_MAX(THRES): 81.940(85.000)
	Current DTM method: 1
Here we try remapping!
-----and here we finish handling remapping results in cache controller! the Latency: 0
---invalid_cnt: 0

************recordStats once at 541226
[Warning] power scale is less than 1, please check!
[Overall Power Consumption] Peak: 33.6221, Dynamic: 19.9493
[DTM Trigger] CPU_MAX(THRES): 99.890(105.000), DRAM_MAX(THRES): 83.016(85.000)
	Current DTM method: 1
Here we try remapping!
-----and here we finish handling remapping results in cache controller! the Latency: 0
---invalid_cnt: 0

************recordStats once at 542226
[Warning] power scale is less than 1, please check!
[Overall Power Consumption] Peak: 33.7808, Dynamic: 20.0895
[DTM Trigger] CPU_MAX(THRES): 101.172(105.000), DRAM_MAX(THRES): 84.012(85.000)
	Current DTM method: 1
Here we try remapping!
-----and here we finish handling remapping results in cache controller! the Latency: 0
---invalid_cnt: 0

************recordStats once at 543226
[Warning] power scale is less than 1, please check!
[Overall Power Consumption] Peak: 33.5975, Dynamic: 19.9557
[DTM Trigger] CPU_MAX(THRES): 102.334(105.000), DRAM_MAX(THRES): 84.938(85.000)
	Current DTM method: 1
Here we try remapping!
-----and here we finish handling remapping results in cache controller! the Latency: 0
---invalid_cnt: 0

************recordStats once at 544220
[Warning] power scale is less than 1, please check!
[Overall Power Consumption] Peak: 33.7144, Dynamic: 20.0167
[DTM Trigger] CPU_MAX(THRES): 103.426(105.000), DRAM_MAX(THRES): 85.786(85.000)
	Current DTM method: 1
Here we try remapping!
-----and here we finish handling remapping results in cache controller! the Latency: 18
---invalid_cnt: 128

************recordStats once at 545226
[Warning] power scale is less than 1, please check!
[Overall Power Consumption] Peak: 33.5789, Dynamic: 19.9252
[DTM Trigger] CPU_MAX(THRES): 104.454(105.000), DRAM_MAX(THRES): 86.573(85.000)
	Current DTM method: 1
Here we try remapping!
-----and here we finish handling remapping results in cache controller! the Latency: 17
---invalid_cnt: 128

************recordStats once at 546226
[Warning] power scale is less than 1, please check!
[Overall Power Consumption] Peak: 33.7559, Dynamic: 20.0042
[DTM Trigger] CPU_MAX(THRES): 105.390(105.000), DRAM_MAX(THRES): 87.375(85.000)
	Current DTM method: 1
[HOT!] CPU is too hot!
[SNIPER_STATS_MANAGER] Setting frequency for core 0 in DVFS domain 0 to 2128 MHz
[SNIPER_STATS_MANAGER] Setting frequency for core 1 in DVFS domain 1 to 2128 MHz
[SNIPER_STATS_MANAGER] Setting frequency for core 2 in DVFS domain 2 to 2128 MHz
[SNIPER_STATS_MANAGER] Setting frequency for core 3 in DVFS domain 3 to 2128 MHz
Here we try remapping!
-----and here we finish handling remapping results in cache controller! the Latency: 0
---invalid_cnt: 0

************recordStats once at 547226
[Warning] power scale is less than 1, please check!
[Overall Power Consumption] Peak: 30.2755, Dynamic: 19.9596
[DTM Trigger] CPU_MAX(THRES): 104.521(105.000), DRAM_MAX(THRES): 88.060(85.000)
	Current DTM method: 1
[SNIPER_STATS_MANAGER] Setting frequency for core 0 in DVFS domain 0 to 2660 MHz
[SNIPER_STATS_MANAGER] Setting frequency for core 1 in DVFS domain 1 to 2660 MHz
[SNIPER_STATS_MANAGER] Setting frequency for core 2 in DVFS domain 2 to 2660 MHz
[SNIPER_STATS_MANAGER] Setting frequency for core 3 in DVFS domain 3 to 2660 MHz
Here we try remapping!
-----and here we finish handling remapping results in cache controller! the Latency: 31
---invalid_cnt: 256

************recordStats once at 548214
[Warning] power scale is less than 1, please check!
[Overall Power Consumption] Peak: 31.2268, Dynamic: 17.132
[DTM Trigger] CPU_MAX(THRES): 104.913(105.000), DRAM_MAX(THRES): 88.582(85.000)
	Current DTM method: 1
Here we try remapping!
-----and here we finish handling remapping results in cache controller! the Latency: 15
---invalid_cnt: 128

************recordStats once at 549226
[Warning] power scale is less than 1, please check!
[Overall Power Consumption] Peak: 33.4462, Dynamic: 19.7868
[DTM Trigger] CPU_MAX(THRES): 106.934(105.000), DRAM_MAX(THRES): 89.063(85.000)
	Current DTM method: 1
[HOT!] CPU is too hot!
[SNIPER_STATS_MANAGER] Setting frequency for core 0 in DVFS domain 0 to 2128 MHz
[SNIPER_STATS_MANAGER] Setting frequency for core 1 in DVFS domain 1 to 2128 MHz
[SNIPER_STATS_MANAGER] Setting frequency for core 2 in DVFS domain 2 to 2128 MHz
[SNIPER_STATS_MANAGER] Setting frequency for core 3 in DVFS domain 3 to 2128 MHz
Here we try remapping!
-----and here we finish handling remapping results in cache controller! the Latency: 77
---invalid_cnt: 640

************recordStats once at 550226
[Warning] power scale is less than 1, please check!
[Overall Power Consumption] Peak: 30.3102, Dynamic: 19.9684
[DTM Trigger] CPU_MAX(THRES): 106.053(105.000), DRAM_MAX(THRES): 89.556(85.000)
	Current DTM method: 1
[HOT!] CPU is too hot!
[SNIPER_STATS_MANAGER] Setting frequency for core 0 in DVFS domain 0 to 1596 MHz
[SNIPER_STATS_MANAGER] Setting frequency for core 1 in DVFS domain 1 to 1596 MHz
[SNIPER_STATS_MANAGER] Setting frequency for core 2 in DVFS domain 2 to 1596 MHz
[SNIPER_STATS_MANAGER] Setting frequency for core 3 in DVFS domain 3 to 1596 MHz
Here we try remapping!
-----and here we finish handling remapping results in cache controller! the Latency: 115
---invalid_cnt: 896

************recordStats once at 551226
[Warning] power scale is less than 1, please check!
[Overall Power Consumption] Peak: 17.809, Dynamic: 12.2041
[DTM Trigger] CPU_MAX(THRES): 100.059(105.000), DRAM_MAX(THRES): 89.879(85.000)
	Current DTM method: 1
[SNIPER_STATS_MANAGER] Setting frequency for core 0 in DVFS domain 0 to 2128 MHz
[SNIPER_STATS_MANAGER] Setting frequency for core 1 in DVFS domain 1 to 2128 MHz
[SNIPER_STATS_MANAGER] Setting frequency for core 2 in DVFS domain 2 to 2128 MHz
[SNIPER_STATS_MANAGER] Setting frequency for core 3 in DVFS domain 3 to 2128 MHz
Here we try remapping!
-----and here we finish handling remapping results in cache controller! the Latency: 18
---invalid_cnt: 128

************recordStats once at 552220
[Warning] power scale is less than 1, please check!
[Overall Power Consumption] Peak: 25.1708, Dynamic: 14.093
[DTM Trigger] CPU_MAX(THRES): 101.238(105.000), DRAM_MAX(THRES): 89.902(85.000)
	Current DTM method: 1
[SNIPER_STATS_MANAGER] Setting frequency for core 0 in DVFS domain 0 to 2660 MHz
[SNIPER_STATS_MANAGER] Setting frequency for core 1 in DVFS domain 1 to 2660 MHz
[SNIPER_STATS_MANAGER] Setting frequency for core 2 in DVFS domain 2 to 2660 MHz
[SNIPER_STATS_MANAGER] Setting frequency for core 3 in DVFS domain 3 to 2660 MHz
Here we try remapping!
-----and here we finish handling remapping results in cache controller! the Latency: 0
---invalid_cnt: 0

************recordStats once at 553225
[Warning] power scale is less than 1, please check!
[Overall Power Consumption] Peak: 31.0572, Dynamic: 16.9427
[DTM Trigger] CPU_MAX(THRES): 105.024(105.000), DRAM_MAX(THRES): 90.042(85.000)
	Current DTM method: 1
[HOT!] CPU is too hot!
[SNIPER_STATS_MANAGER] Setting frequency for core 0 in DVFS domain 0 to 2128 MHz
[SNIPER_STATS_MANAGER] Setting frequency for core 1 in DVFS domain 1 to 2128 MHz
[SNIPER_STATS_MANAGER] Setting frequency for core 2 in DVFS domain 2 to 2128 MHz
[SNIPER_STATS_MANAGER] Setting frequency for core 3 in DVFS domain 3 to 2128 MHz
Here we try remapping!
-----and here we finish handling remapping results in cache controller! the Latency: 0
---invalid_cnt: 0

************recordStats once at 554226
[Warning] power scale is less than 1, please check!
[Overall Power Consumption] Peak: 30.3729, Dynamic: 20.0415
[DTM Trigger] CPU_MAX(THRES): 106.201(105.000), DRAM_MAX(THRES): 90.347(85.000)
	Current DTM method: 1
[HOT!] CPU is too hot!
[SNIPER_STATS_MANAGER] Setting frequency for core 0 in DVFS domain 0 to 1596 MHz
[SNIPER_STATS_MANAGER] Setting frequency for core 1 in DVFS domain 1 to 1596 MHz
[SNIPER_STATS_MANAGER] Setting frequency for core 2 in DVFS domain 2 to 1596 MHz
[SNIPER_STATS_MANAGER] Setting frequency for core 3 in DVFS domain 3 to 1596 MHz
Here we try remapping!
-----and here we finish handling remapping results in cache controller! the Latency: 186
---invalid_cnt: 1408

************recordStats once at 555226
[Warning] power scale is less than 1, please check!
[Overall Power Consumption] Peak: 17.9565, Dynamic: 12.4252
[DTM Trigger] CPU_MAX(THRES): 100.525(105.000), DRAM_MAX(THRES): 90.580(85.000)
	Current DTM method: 1
[SNIPER_STATS_MANAGER] Setting frequency for core 0 in DVFS domain 0 to 2128 MHz
[SNIPER_STATS_MANAGER] Setting frequency for core 1 in DVFS domain 1 to 2128 MHz
[SNIPER_STATS_MANAGER] Setting frequency for core 2 in DVFS domain 2 to 2128 MHz
[SNIPER_STATS_MANAGER] Setting frequency for core 3 in DVFS domain 3 to 2128 MHz
Here we try remapping!
-----and here we finish handling remapping results in cache controller! the Latency: 17
---invalid_cnt: 128

************recordStats once at 556226
[Warning] power scale is less than 1, please check!
[Overall Power Consumption] Peak: 24.7886, Dynamic: 13.64
[DTM Trigger] CPU_MAX(THRES): 101.820(105.000), DRAM_MAX(THRES): 90.568(85.000)
	Current DTM method: 1
[SNIPER_STATS_MANAGER] Setting frequency for core 0 in DVFS domain 0 to 2660 MHz
[SNIPER_STATS_MANAGER] Setting frequency for core 1 in DVFS domain 1 to 2660 MHz
[SNIPER_STATS_MANAGER] Setting frequency for core 2 in DVFS domain 2 to 2660 MHz
[SNIPER_STATS_MANAGER] Setting frequency for core 3 in DVFS domain 3 to 2660 MHz
Here we try remapping!
-----and here we finish handling remapping results in cache controller! the Latency: 0
---invalid_cnt: 0

************recordStats once at 557226
[Warning] power scale is less than 1, please check!
[Overall Power Consumption] Peak: 31.0073, Dynamic: 16.9006
[DTM Trigger] CPU_MAX(THRES): 105.422(105.000), DRAM_MAX(THRES): 90.661(85.000)
	Current DTM method: 1
[HOT!] CPU is too hot!
[SNIPER_STATS_MANAGER] Setting frequency for core 0 in DVFS domain 0 to 2128 MHz
[SNIPER_STATS_MANAGER] Setting frequency for core 1 in DVFS domain 1 to 2128 MHz
[SNIPER_STATS_MANAGER] Setting frequency for core 2 in DVFS domain 2 to 2128 MHz
[SNIPER_STATS_MANAGER] Setting frequency for core 3 in DVFS domain 3 to 2128 MHz
Here we try remapping!
-----and here we finish handling remapping results in cache controller! the Latency: 15
---invalid_cnt: 128

************recordStats once at 558210
[Warning] power scale is less than 1, please check!
[Overall Power Consumption] Peak: 30.3368, Dynamic: 19.9602
[DTM Trigger] CPU_MAX(THRES): 106.591(105.000), DRAM_MAX(THRES): 90.922(85.000)
	Current DTM method: 1
[HOT!] CPU is too hot!
[SNIPER_STATS_MANAGER] Setting frequency for core 0 in DVFS domain 0 to 1596 MHz
[SNIPER_STATS_MANAGER] Setting frequency for core 1 in DVFS domain 1 to 1596 MHz
[SNIPER_STATS_MANAGER] Setting frequency for core 2 in DVFS domain 2 to 1596 MHz
[SNIPER_STATS_MANAGER] Setting frequency for core 3 in DVFS domain 3 to 1596 MHz
Here we try remapping!
-----and here we finish handling remapping results in cache controller! the Latency: 50
---invalid_cnt: 384

************recordStats once at 559226
[Warning] power scale is less than 1, please check!
[Overall Power Consumption] Peak: 17.7827, Dynamic: 12.2446
[DTM Trigger] CPU_MAX(THRES): 100.911(105.000), DRAM_MAX(THRES): 91.122(85.000)
	Current DTM method: 1
[SNIPER_STATS_MANAGER] Setting frequency for core 0 in DVFS domain 0 to 2128 MHz
[SNIPER_STATS_MANAGER] Setting frequency for core 1 in DVFS domain 1 to 2128 MHz
[SNIPER_STATS_MANAGER] Setting frequency for core 2 in DVFS domain 2 to 2128 MHz
[SNIPER_STATS_MANAGER] Setting frequency for core 3 in DVFS domain 3 to 2128 MHz
Here we try remapping!
-----and here we finish handling remapping results in cache controller! the Latency: 17
---invalid_cnt: 128

************recordStats once at 560226
[Warning] power scale is less than 1, please check!
[Overall Power Consumption] Peak: 25.0713, Dynamic: 13.9799
[DTM Trigger] CPU_MAX(THRES): 102.281(105.000), DRAM_MAX(THRES): 91.067(85.000)
	Current DTM method: 1
[SNIPER_STATS_MANAGER] Setting frequency for core 0 in DVFS domain 0 to 2660 MHz
[SNIPER_STATS_MANAGER] Setting frequency for core 1 in DVFS domain 1 to 2660 MHz
[SNIPER_STATS_MANAGER] Setting frequency for core 2 in DVFS domain 2 to 2660 MHz
[SNIPER_STATS_MANAGER] Setting frequency for core 3 in DVFS domain 3 to 2660 MHz
Here we try remapping!
-----and here we finish handling remapping results in cache controller! the Latency: 0
---invalid_cnt: 0

************recordStats once at 561226
[Warning] power scale is less than 1, please check!
[Overall Power Consumption] Peak: 31.0879, Dynamic: 16.9162
[DTM Trigger] CPU_MAX(THRES): 106.163(105.000), DRAM_MAX(THRES): 91.121(85.000)
	Current DTM method: 1
[HOT!] CPU is too hot!
[SNIPER_STATS_MANAGER] Setting frequency for core 0 in DVFS domain 0 to 2128 MHz
[SNIPER_STATS_MANAGER] Setting frequency for core 1 in DVFS domain 1 to 2128 MHz
[SNIPER_STATS_MANAGER] Setting frequency for core 2 in DVFS domain 2 to 2128 MHz
[SNIPER_STATS_MANAGER] Setting frequency for core 3 in DVFS domain 3 to 2128 MHz
Here we try remapping!
-----and here we finish handling remapping results in cache controller! the Latency: 16
---invalid_cnt: 128

************recordStats once at 562226
[Warning] power scale is less than 1, please check!
[Overall Power Consumption] Peak: 30.0648, Dynamic: 19.735
[DTM Trigger] CPU_MAX(THRES): 107.089(105.000), DRAM_MAX(THRES): 91.343(85.000)
	Current DTM method: 1
[HOT!] CPU is too hot!
[SNIPER_STATS_MANAGER] Setting frequency for core 0 in DVFS domain 0 to 1596 MHz
[SNIPER_STATS_MANAGER] Setting frequency for core 1 in DVFS domain 1 to 1596 MHz
[SNIPER_STATS_MANAGER] Setting frequency for core 2 in DVFS domain 2 to 1596 MHz
[SNIPER_STATS_MANAGER] Setting frequency for core 3 in DVFS domain 3 to 1596 MHz
Here we try remapping!
-----and here we finish handling remapping results in cache controller! the Latency: 122
---invalid_cnt: 896

************recordStats once at 563226
[Warning] power scale is less than 1, please check!
[Overall Power Consumption] Peak: 17.8019, Dynamic: 12.2037
[DTM Trigger] CPU_MAX(THRES): 101.493(105.000), DRAM_MAX(THRES): 91.516(85.000)
	Current DTM method: 1
[SNIPER_STATS_MANAGER] Setting frequency for core 0 in DVFS domain 0 to 2128 MHz
[SNIPER_STATS_MANAGER] Setting frequency for core 1 in DVFS domain 1 to 2128 MHz
[SNIPER_STATS_MANAGER] Setting frequency for core 2 in DVFS domain 2 to 2128 MHz
[SNIPER_STATS_MANAGER] Setting frequency for core 3 in DVFS domain 3 to 2128 MHz
Here we try remapping!
-----and here we finish handling remapping results in cache controller! the Latency: 0
---invalid_cnt: 0

************recordStats once at 564226
[Warning] power scale is less than 1, please check!
[Overall Power Consumption] Peak: 24.8667, Dynamic: 13.7521
[DTM Trigger] CPU_MAX(THRES): 102.690(105.000), DRAM_MAX(THRES): 91.440(85.000)
	Current DTM method: 1
[SNIPER_STATS_MANAGER] Setting frequency for core 0 in DVFS domain 0 to 2660 MHz
[SNIPER_STATS_MANAGER] Setting frequency for core 1 in DVFS domain 1 to 2660 MHz
[SNIPER_STATS_MANAGER] Setting frequency for core 2 in DVFS domain 2 to 2660 MHz
[SNIPER_STATS_MANAGER] Setting frequency for core 3 in DVFS domain 3 to 2660 MHz
Here we try remapping!
-----and here we finish handling remapping results in cache controller! the Latency: 0
---invalid_cnt: 0

************recordStats once at 565220
[Warning] power scale is less than 1, please check!
[Overall Power Consumption] Peak: 31.0536, Dynamic: 16.9587
[DTM Trigger] CPU_MAX(THRES): 106.560(105.000), DRAM_MAX(THRES): 91.473(85.000)
	Current DTM method: 1
[HOT!] CPU is too hot!
[SNIPER_STATS_MANAGER] Setting frequency for core 0 in DVFS domain 0 to 2128 MHz
[SNIPER_STATS_MANAGER] Setting frequency for core 1 in DVFS domain 1 to 2128 MHz
[SNIPER_STATS_MANAGER] Setting frequency for core 2 in DVFS domain 2 to 2128 MHz
[SNIPER_STATS_MANAGER] Setting frequency for core 3 in DVFS domain 3 to 2128 MHz
Here we try remapping!
-----and here we finish handling remapping results in cache controller! the Latency: 39
---invalid_cnt: 256

************recordStats once at 566220
[Warning] power scale is less than 1, please check!
[Overall Power Consumption] Peak: 29.9463, Dynamic: 19.5689
[DTM Trigger] CPU_MAX(THRES): 107.395(105.000), DRAM_MAX(THRES): 91.688(85.000)
	Current DTM method: 1
[HOT!] CPU is too hot!
[SNIPER_STATS_MANAGER] Setting frequency for core 0 in DVFS domain 0 to 1596 MHz
[SNIPER_STATS_MANAGER] Setting frequency for core 1 in DVFS domain 1 to 1596 MHz
[SNIPER_STATS_MANAGER] Setting frequency for core 2 in DVFS domain 2 to 1596 MHz
[SNIPER_STATS_MANAGER] Setting frequency for core 3 in DVFS domain 3 to 1596 MHz
Here we try remapping!
-----and here we finish handling remapping results in cache controller! the Latency: 196
---invalid_cnt: 1408

************recordStats once at 567226
[Warning] power scale is less than 1, please check!
[Overall Power Consumption] Peak: 17.5791, Dynamic: 12.0109
[DTM Trigger] CPU_MAX(THRES): 101.711(105.000), DRAM_MAX(THRES): 91.835(85.000)
	Current DTM method: 1
[SNIPER_STATS_MANAGER] Setting frequency for core 0 in DVFS domain 0 to 2128 MHz
[SNIPER_STATS_MANAGER] Setting frequency for core 1 in DVFS domain 1 to 2128 MHz
[SNIPER_STATS_MANAGER] Setting frequency for core 2 in DVFS domain 2 to 2128 MHz
[SNIPER_STATS_MANAGER] Setting frequency for core 3 in DVFS domain 3 to 2128 MHz
Here we try remapping!
-----and here we finish handling remapping results in cache controller! the Latency: 36
---invalid_cnt: 256

************recordStats once at 568226
[Warning] power scale is less than 1, please check!
[Overall Power Consumption] Peak: 24.788, Dynamic: 13.5754
[DTM Trigger] CPU_MAX(THRES): 103.242(105.000), DRAM_MAX(THRES): 91.737(85.000)
	Current DTM method: 1
[SNIPER_STATS_MANAGER] Setting frequency for core 0 in DVFS domain 0 to 2660 MHz
[SNIPER_STATS_MANAGER] Setting frequency for core 1 in DVFS domain 1 to 2660 MHz
[SNIPER_STATS_MANAGER] Setting frequency for core 2 in DVFS domain 2 to 2660 MHz
[SNIPER_STATS_MANAGER] Setting frequency for core 3 in DVFS domain 3 to 2660 MHz
Here we try remapping!
-----and here we finish handling remapping results in cache controller! the Latency: 0
---invalid_cnt: 0

************recordStats once at 569226
[Warning] power scale is less than 1, please check!
[Overall Power Consumption] Peak: 30.749, Dynamic: 16.5614
[DTM Trigger] CPU_MAX(THRES): 106.815(105.000), DRAM_MAX(THRES): 91.774(85.000)
	Current DTM method: 1
[HOT!] CPU is too hot!
[SNIPER_STATS_MANAGER] Setting frequency for core 0 in DVFS domain 0 to 2128 MHz
[SNIPER_STATS_MANAGER] Setting frequency for core 1 in DVFS domain 1 to 2128 MHz
[SNIPER_STATS_MANAGER] Setting frequency for core 2 in DVFS domain 2 to 2128 MHz
[SNIPER_STATS_MANAGER] Setting frequency for core 3 in DVFS domain 3 to 2128 MHz
Here we try remapping!
-----and here we finish handling remapping results in cache controller! the Latency: 0
---invalid_cnt: 0

************recordStats once at 570226
[Warning] power scale is less than 1, please check!
[Overall Power Consumption] Peak: 29.6839, Dynamic: 19.2336
[DTM Trigger] CPU_MAX(THRES): 107.680(105.000), DRAM_MAX(THRES): 91.979(85.000)
	Current DTM method: 1
[HOT!] CPU is too hot!
[SNIPER_STATS_MANAGER] Setting frequency for core 0 in DVFS domain 0 to 1596 MHz
[SNIPER_STATS_MANAGER] Setting frequency for core 1 in DVFS domain 1 to 1596 MHz
[SNIPER_STATS_MANAGER] Setting frequency for core 2 in DVFS domain 2 to 1596 MHz
[SNIPER_STATS_MANAGER] Setting frequency for core 3 in DVFS domain 3 to 1596 MHz
Here we try remapping!
-----and here we finish handling remapping results in cache controller! the Latency: 18
---invalid_cnt: 128

************recordStats once at 571226
[Warning] power scale is less than 1, please check!
[Overall Power Consumption] Peak: 17.4616, Dynamic: 11.8866
[DTM Trigger] CPU_MAX(THRES): 101.784(105.000), DRAM_MAX(THRES): 92.113(85.000)
	Current DTM method: 1
[SNIPER_STATS_MANAGER] Setting frequency for core 0 in DVFS domain 0 to 2128 MHz
[SNIPER_STATS_MANAGER] Setting frequency for core 1 in DVFS domain 1 to 2128 MHz
[SNIPER_STATS_MANAGER] Setting frequency for core 2 in DVFS domain 2 to 2128 MHz
[SNIPER_STATS_MANAGER] Setting frequency for core 3 in DVFS domain 3 to 2128 MHz
Here we try remapping!
-----and here we finish handling remapping results in cache controller! the Latency: 16
---invalid_cnt: 128

************recordStats once at 572223
[Warning] power scale is less than 1, please check!
[Overall Power Consumption] Peak: 25.1288, Dynamic: 13.9806
[DTM Trigger] CPU_MAX(THRES): 103.241(105.000), DRAM_MAX(THRES): 92.012(85.000)
	Current DTM method: 1
[SNIPER_STATS_MANAGER] Setting frequency for core 0 in DVFS domain 0 to 2660 MHz
[SNIPER_STATS_MANAGER] Setting frequency for core 1 in DVFS domain 1 to 2660 MHz
[SNIPER_STATS_MANAGER] Setting frequency for core 2 in DVFS domain 2 to 2660 MHz
[SNIPER_STATS_MANAGER] Setting frequency for core 3 in DVFS domain 3 to 2660 MHz
Here we try remapping!
-----and here we finish handling remapping results in cache controller! the Latency: 0
---invalid_cnt: 0

************recordStats once at 573226
[Warning] power scale is less than 1, please check!
[Overall Power Consumption] Peak: 30.4939, Dynamic: 16.333
[DTM Trigger] CPU_MAX(THRES): 106.844(105.000), DRAM_MAX(THRES): 92.024(85.000)
	Current DTM method: 1
[HOT!] CPU is too hot!
[SNIPER_STATS_MANAGER] Setting frequency for core 0 in DVFS domain 0 to 2128 MHz
[SNIPER_STATS_MANAGER] Setting frequency for core 1 in DVFS domain 1 to 2128 MHz
[SNIPER_STATS_MANAGER] Setting frequency for core 2 in DVFS domain 2 to 2128 MHz
[SNIPER_STATS_MANAGER] Setting frequency for core 3 in DVFS domain 3 to 2128 MHz
Here we try remapping!
-----and here we finish handling remapping results in cache controller! the Latency: 0
---invalid_cnt: 0

************recordStats once at 574226
[Warning] power scale is less than 1, please check!
[Overall Power Consumption] Peak: 29.9353, Dynamic: 19.5677
[DTM Trigger] CPU_MAX(THRES): 107.976(105.000), DRAM_MAX(THRES): 92.191(85.000)
	Current DTM method: 1
[HOT!] CPU is too hot!
[SNIPER_STATS_MANAGER] Setting frequency for core 0 in DVFS domain 0 to 1596 MHz
[SNIPER_STATS_MANAGER] Setting frequency for core 1 in DVFS domain 1 to 1596 MHz
[SNIPER_STATS_MANAGER] Setting frequency for core 2 in DVFS domain 2 to 1596 MHz
[SNIPER_STATS_MANAGER] Setting frequency for core 3 in DVFS domain 3 to 1596 MHz
Here we try remapping!
-----and here we finish handling remapping results in cache controller! the Latency: 55
---invalid_cnt: 384

************recordStats once at 575226
[Warning] power scale is less than 1, please check!
[Overall Power Consumption] Peak: 17.6774, Dynamic: 12.0302
[DTM Trigger] CPU_MAX(THRES): 102.213(105.000), DRAM_MAX(THRES): 92.319(85.000)
	Current DTM method: 1
[SNIPER_STATS_MANAGER] Setting frequency for core 0 in DVFS domain 0 to 2128 MHz
[SNIPER_STATS_MANAGER] Setting frequency for core 1 in DVFS domain 1 to 2128 MHz
[SNIPER_STATS_MANAGER] Setting frequency for core 2 in DVFS domain 2 to 2128 MHz
[SNIPER_STATS_MANAGER] Setting frequency for core 3 in DVFS domain 3 to 2128 MHz
Here we try remapping!
-----and here we finish handling remapping results in cache controller! the Latency: 0
---invalid_cnt: 0

************recordStats once at 576226
[Warning] power scale is less than 1, please check!
[Overall Power Consumption] Peak: 24.6652, Dynamic: 13.5363
[DTM Trigger] CPU_MAX(THRES): 103.567(105.000), DRAM_MAX(THRES): 92.219(85.000)
	Current DTM method: 1
[SNIPER_STATS_MANAGER] Setting frequency for core 0 in DVFS domain 0 to 2660 MHz
[SNIPER_STATS_MANAGER] Setting frequency for core 1 in DVFS domain 1 to 2660 MHz
[SNIPER_STATS_MANAGER] Setting frequency for core 2 in DVFS domain 2 to 2660 MHz
[SNIPER_STATS_MANAGER] Setting frequency for core 3 in DVFS domain 3 to 2660 MHz
Here we try remapping!
-----and here we finish handling remapping results in cache controller! the Latency: 0
---invalid_cnt: 0

************recordStats once at 577226
[Warning] power scale is less than 1, please check!
[Overall Power Consumption] Peak: 30.7973, Dynamic: 16.601
[DTM Trigger] CPU_MAX(THRES): 107.108(105.000), DRAM_MAX(THRES): 92.224(85.000)
	Current DTM method: 1
[HOT!] CPU is too hot!
[SNIPER_STATS_MANAGER] Setting frequency for core 0 in DVFS domain 0 to 2128 MHz
[SNIPER_STATS_MANAGER] Setting frequency for core 1 in DVFS domain 1 to 2128 MHz
[SNIPER_STATS_MANAGER] Setting frequency for core 2 in DVFS domain 2 to 2128 MHz
[SNIPER_STATS_MANAGER] Setting frequency for core 3 in DVFS domain 3 to 2128 MHz
Here we try remapping!
-----and here we finish handling remapping results in cache controller! the Latency: 0
---invalid_cnt: 0

************recordStats once at 578226
[Warning] power scale is less than 1, please check!
[Overall Power Consumption] Peak: 25.6074, Dynamic: 15.5644
[DTM Trigger] CPU_MAX(THRES): 109.167(105.000), DRAM_MAX(THRES): 92.259(85.000)
	Current DTM method: 1
[HOT!] CPU is too hot!
[SNIPER_STATS_MANAGER] Setting frequency for core 0 in DVFS domain 0 to 1596 MHz
[SNIPER_STATS_MANAGER] Setting frequency for core 1 in DVFS domain 1 to 1596 MHz
[SNIPER_STATS_MANAGER] Setting frequency for core 2 in DVFS domain 2 to 1596 MHz
[SNIPER_STATS_MANAGER] Setting frequency for core 3 in DVFS domain 3 to 1596 MHz
Here we try remapping!
-----and here we finish handling remapping results in cache controller! the Latency: 18
---invalid_cnt: 128

************recordStats once at 579226
[Warning] power scale is less than 1, please check!
[Overall Power Consumption] Peak: 14.7178, Dynamic: 9.45899
[DTM Trigger] CPU_MAX(THRES): 103.042(105.000), DRAM_MAX(THRES): 91.977(85.000)
	Current DTM method: 1
[SNIPER_STATS_MANAGER] Setting frequency for core 0 in DVFS domain 0 to 2128 MHz
[SNIPER_STATS_MANAGER] Setting frequency for core 1 in DVFS domain 1 to 2128 MHz
[SNIPER_STATS_MANAGER] Setting frequency for core 2 in DVFS domain 2 to 2128 MHz
[SNIPER_STATS_MANAGER] Setting frequency for core 3 in DVFS domain 3 to 2128 MHz
Here we try remapping!
-----and here we finish handling remapping results in cache controller! the Latency: 0
---invalid_cnt: 0

************recordStats once at 580226
[Warning] power scale is less than 1, please check!
[Overall Power Consumption] Peak: 21.2384, Dynamic: 10.9018
[DTM Trigger] CPU_MAX(THRES): 104.778(105.000), DRAM_MAX(THRES): 91.412(85.000)
	Current DTM method: 1
[SNIPER_STATS_MANAGER] Setting frequency for core 0 in DVFS domain 0 to 2660 MHz
[SNIPER_STATS_MANAGER] Setting frequency for core 1 in DVFS domain 1 to 2660 MHz
[SNIPER_STATS_MANAGER] Setting frequency for core 2 in DVFS domain 2 to 2660 MHz
[SNIPER_STATS_MANAGER] Setting frequency for core 3 in DVFS domain 3 to 2660 MHz
Here we try remapping!
-----and here we finish handling remapping results in cache controller! the Latency: 0
---invalid_cnt: 0

************recordStats once at 581226
[Warning] power scale is less than 1, please check!
[Overall Power Consumption] Peak: 26.6042, Dynamic: 11.6076
[DTM Trigger] CPU_MAX(THRES): 103.539(105.000), DRAM_MAX(THRES): 91.847(85.000)
	Current DTM method: 1
Here we try remapping!
-----and here we finish handling remapping results in cache controller! the Latency: 0
---invalid_cnt: 0

************recordStats once at 582226
[Warning] power scale is less than 1, please check!
[Overall Power Consumption] Peak: 29.2556, Dynamic: 13.7535
[DTM Trigger] CPU_MAX(THRES): 102.262(105.000), DRAM_MAX(THRES): 92.971(85.000)
	Current DTM method: 1
Here we try remapping!
-----and here we finish handling remapping results in cache controller! the Latency: 0
---invalid_cnt: 0

************recordStats once at 583213
[Warning] power scale is less than 1, please check!
[Overall Power Consumption] Peak: 28.9197, Dynamic: 13.4371
[DTM Trigger] CPU_MAX(THRES): 103.953(105.000), DRAM_MAX(THRES): 94.011(85.000)
	Current DTM method: 1
Here we try remapping!
-----and here we finish handling remapping results in cache controller! the Latency: 0
---invalid_cnt: 0

************recordStats once at 584219
[Warning] power scale is less than 1, please check!
[Overall Power Consumption] Peak: 31.3418, Dynamic: 16.3011
[DTM Trigger] CPU_MAX(THRES): 108.350(105.000), DRAM_MAX(THRES): 94.137(85.000)
	Current DTM method: 1
[HOT!] CPU is too hot!
[SNIPER_STATS_MANAGER] Setting frequency for core 0 in DVFS domain 0 to 2128 MHz
[SNIPER_STATS_MANAGER] Setting frequency for core 1 in DVFS domain 1 to 2128 MHz
[SNIPER_STATS_MANAGER] Setting frequency for core 2 in DVFS domain 2 to 2128 MHz
[SNIPER_STATS_MANAGER] Setting frequency for core 3 in DVFS domain 3 to 2128 MHz
Here we try remapping!
-----and here we finish handling remapping results in cache controller! the Latency: 17
---invalid_cnt: 128

************recordStats once at 585226
[Warning] power scale is less than 1, please check!
[Overall Power Consumption] Peak: 30.4132, Dynamic: 20.7621
[DTM Trigger] CPU_MAX(THRES): 108.189(105.000), DRAM_MAX(THRES): 93.645(85.000)
	Current DTM method: 1
[HOT!] CPU is too hot!
[SNIPER_STATS_MANAGER] Setting frequency for core 0 in DVFS domain 0 to 1596 MHz
[SNIPER_STATS_MANAGER] Setting frequency for core 1 in DVFS domain 1 to 1596 MHz
[SNIPER_STATS_MANAGER] Setting frequency for core 2 in DVFS domain 2 to 1596 MHz
[SNIPER_STATS_MANAGER] Setting frequency for core 3 in DVFS domain 3 to 1596 MHz
Here we try remapping!
-----and here we finish handling remapping results in cache controller! the Latency: 0
---invalid_cnt: 0

************recordStats once at 586219
[Warning] power scale is less than 1, please check!
[Overall Power Consumption] Peak: 17.8061, Dynamic: 12.6427
[DTM Trigger] CPU_MAX(THRES): 102.972(105.000), DRAM_MAX(THRES): 93.329(85.000)
	Current DTM method: 1
[SNIPER_STATS_MANAGER] Setting frequency for core 0 in DVFS domain 0 to 2128 MHz
[SNIPER_STATS_MANAGER] Setting frequency for core 1 in DVFS domain 1 to 2128 MHz
[SNIPER_STATS_MANAGER] Setting frequency for core 2 in DVFS domain 2 to 2128 MHz
[SNIPER_STATS_MANAGER] Setting frequency for core 3 in DVFS domain 3 to 2128 MHz
Here we try remapping!
-----and here we finish handling remapping results in cache controller! the Latency: 0
---invalid_cnt: 0

************recordStats once at 587207
[Warning] power scale is less than 1, please check!
[Overall Power Consumption] Peak: 25.1019, Dynamic: 14.3423
[DTM Trigger] CPU_MAX(THRES): 104.332(105.000), DRAM_MAX(THRES): 92.976(85.000)
	Current DTM method: 1
[SNIPER_STATS_MANAGER] Setting frequency for core 0 in DVFS domain 0 to 2660 MHz
[SNIPER_STATS_MANAGER] Setting frequency for core 1 in DVFS domain 1 to 2660 MHz
[SNIPER_STATS_MANAGER] Setting frequency for core 2 in DVFS domain 2 to 2660 MHz
[SNIPER_STATS_MANAGER] Setting frequency for core 3 in DVFS domain 3 to 2660 MHz
Here we try remapping!
-----and here we finish handling remapping results in cache controller! the Latency: 0
---invalid_cnt: 0

************recordStats once at 588226
[Warning] power scale is less than 1, please check!
[Overall Power Consumption] Peak: 31.1015, Dynamic: 17.5261
[DTM Trigger] CPU_MAX(THRES): 108.337(105.000), DRAM_MAX(THRES): 92.809(85.000)
	Current DTM method: 1
[HOT!] CPU is too hot!
[SNIPER_STATS_MANAGER] Setting frequency for core 0 in DVFS domain 0 to 2128 MHz
[SNIPER_STATS_MANAGER] Setting frequency for core 1 in DVFS domain 1 to 2128 MHz
[SNIPER_STATS_MANAGER] Setting frequency for core 2 in DVFS domain 2 to 2128 MHz
[SNIPER_STATS_MANAGER] Setting frequency for core 3 in DVFS domain 3 to 2128 MHz
Here we try remapping!
-----and here we finish handling remapping results in cache controller! the Latency: 0
---invalid_cnt: 0

************recordStats once at 589226
[Warning] power scale is less than 1, please check!
[Overall Power Consumption] Peak: 30.2586, Dynamic: 20.5349
[DTM Trigger] CPU_MAX(THRES): 109.734(105.000), DRAM_MAX(THRES): 92.863(85.000)
	Current DTM method: 1
[HOT!] CPU is too hot!
[SNIPER_STATS_MANAGER] Setting frequency for core 0 in DVFS domain 0 to 1596 MHz
[SNIPER_STATS_MANAGER] Setting frequency for core 1 in DVFS domain 1 to 1596 MHz
[SNIPER_STATS_MANAGER] Setting frequency for core 2 in DVFS domain 2 to 1596 MHz
[SNIPER_STATS_MANAGER] Setting frequency for core 3 in DVFS domain 3 to 1596 MHz
Here we try remapping!
-----and here we finish handling remapping results in cache controller! the Latency: 0
---invalid_cnt: 0

************recordStats once at 590226
[Warning] power scale is less than 1, please check!
[Overall Power Consumption] Peak: 17.8762, Dynamic: 12.7106
[DTM Trigger] CPU_MAX(THRES): 103.849(105.000), DRAM_MAX(THRES): 92.902(85.000)
	Current DTM method: 1
[SNIPER_STATS_MANAGER] Setting frequency for core 0 in DVFS domain 0 to 2128 MHz
[SNIPER_STATS_MANAGER] Setting frequency for core 1 in DVFS domain 1 to 2128 MHz
[SNIPER_STATS_MANAGER] Setting frequency for core 2 in DVFS domain 2 to 2128 MHz
[SNIPER_STATS_MANAGER] Setting frequency for core 3 in DVFS domain 3 to 2128 MHz
Here we try remapping!
-----and here we finish handling remapping results in cache controller! the Latency: 0
---invalid_cnt: 0

************recordStats once at 591225
[Warning] power scale is less than 1, please check!
[Overall Power Consumption] Peak: 25.0332, Dynamic: 14.3179
[DTM Trigger] CPU_MAX(THRES): 104.841(105.000), DRAM_MAX(THRES): 92.734(85.000)
	Current DTM method: 1
[SNIPER_STATS_MANAGER] Setting frequency for core 0 in DVFS domain 0 to 2660 MHz
[SNIPER_STATS_MANAGER] Setting frequency for core 1 in DVFS domain 1 to 2660 MHz
[SNIPER_STATS_MANAGER] Setting frequency for core 2 in DVFS domain 2 to 2660 MHz
[SNIPER_STATS_MANAGER] Setting frequency for core 3 in DVFS domain 3 to 2660 MHz
Here we try remapping!
-----and here we finish handling remapping results in cache controller! the Latency: 0
---invalid_cnt: 0

************recordStats once at 592226
[Warning] power scale is less than 1, please check!
[Overall Power Consumption] Peak: 31.0763, Dynamic: 17.4657
[DTM Trigger] CPU_MAX(THRES): 108.705(105.000), DRAM_MAX(THRES): 92.698(85.000)
	Current DTM method: 1
[HOT!] CPU is too hot!
[SNIPER_STATS_MANAGER] Setting frequency for core 0 in DVFS domain 0 to 2128 MHz
[SNIPER_STATS_MANAGER] Setting frequency for core 1 in DVFS domain 1 to 2128 MHz
[SNIPER_STATS_MANAGER] Setting frequency for core 2 in DVFS domain 2 to 2128 MHz
[SNIPER_STATS_MANAGER] Setting frequency for core 3 in DVFS domain 3 to 2128 MHz
Here we try remapping!
-----and here we finish handling remapping results in cache controller! the Latency: 0
---invalid_cnt: 0

************recordStats once at 593220
[Warning] power scale is less than 1, please check!
[Overall Power Consumption] Peak: 30.3486, Dynamic: 20.617
[DTM Trigger] CPU_MAX(THRES): 109.963(105.000), DRAM_MAX(THRES): 92.843(85.000)
	Current DTM method: 1
[HOT!] CPU is too hot!
[SNIPER_STATS_MANAGER] Setting frequency for core 0 in DVFS domain 0 to 1596 MHz
[SNIPER_STATS_MANAGER] Setting frequency for core 1 in DVFS domain 1 to 1596 MHz
[SNIPER_STATS_MANAGER] Setting frequency for core 2 in DVFS domain 2 to 1596 MHz
[SNIPER_STATS_MANAGER] Setting frequency for core 3 in DVFS domain 3 to 1596 MHz
Here we try remapping!
-----and here we finish handling remapping results in cache controller! the Latency: 0
---invalid_cnt: 0

************recordStats once at 594223
[Warning] power scale is less than 1, please check!
[Overall Power Consumption] Peak: 17.7069, Dynamic: 12.5866
[DTM Trigger] CPU_MAX(THRES): 103.852(105.000), DRAM_MAX(THRES): 92.945(85.000)
	Current DTM method: 1
[SNIPER_STATS_MANAGER] Setting frequency for core 0 in DVFS domain 0 to 2128 MHz
[SNIPER_STATS_MANAGER] Setting frequency for core 1 in DVFS domain 1 to 2128 MHz
[SNIPER_STATS_MANAGER] Setting frequency for core 2 in DVFS domain 2 to 2128 MHz
[SNIPER_STATS_MANAGER] Setting frequency for core 3 in DVFS domain 3 to 2128 MHz
Here we try remapping!
-----and here we finish handling remapping results in cache controller! the Latency: 0
---invalid_cnt: 0

************recordStats once at 595226
[Warning] power scale is less than 1, please check!
[Overall Power Consumption] Peak: 25.148, Dynamic: 14.3997
[DTM Trigger] CPU_MAX(THRES): 105.299(105.000), DRAM_MAX(THRES): 92.806(85.000)
	Current DTM method: 1
[HOT!] CPU is too hot!
[SNIPER_STATS_MANAGER] Setting frequency for core 0 in DVFS domain 0 to 1596 MHz
[SNIPER_STATS_MANAGER] Setting frequency for core 1 in DVFS domain 1 to 1596 MHz
[SNIPER_STATS_MANAGER] Setting frequency for core 2 in DVFS domain 2 to 1596 MHz
[SNIPER_STATS_MANAGER] Setting frequency for core 3 in DVFS domain 3 to 1596 MHz
Here we try remapping!
-----and here we finish handling remapping results in cache controller! the Latency: 0
---invalid_cnt: 0

************recordStats once at 596226
[Warning] power scale is less than 1, please check!
[Overall Power Consumption] Peak: 17.7915, Dynamic: 12.6217
[DTM Trigger] CPU_MAX(THRES): 102.373(105.000), DRAM_MAX(THRES): 92.703(85.000)
	Current DTM method: 1
[SNIPER_STATS_MANAGER] Setting frequency for core 0 in DVFS domain 0 to 2128 MHz
[SNIPER_STATS_MANAGER] Setting frequency for core 1 in DVFS domain 1 to 2128 MHz
[SNIPER_STATS_MANAGER] Setting frequency for core 2 in DVFS domain 2 to 2128 MHz
[SNIPER_STATS_MANAGER] Setting frequency for core 3 in DVFS domain 3 to 2128 MHz
Here we try remapping!
-----and here we finish handling remapping results in cache controller! the Latency: 0
---invalid_cnt: 0

************recordStats once at 597226
[Warning] power scale is less than 1, please check!
[Overall Power Consumption] Peak: 25.1256, Dynamic: 14.408
[DTM Trigger] CPU_MAX(THRES): 104.661(105.000), DRAM_MAX(THRES): 92.528(85.000)
	Current DTM method: 1
[SNIPER_STATS_MANAGER] Setting frequency for core 0 in DVFS domain 0 to 2660 MHz
[SNIPER_STATS_MANAGER] Setting frequency for core 1 in DVFS domain 1 to 2660 MHz
[SNIPER_STATS_MANAGER] Setting frequency for core 2 in DVFS domain 2 to 2660 MHz
[SNIPER_STATS_MANAGER] Setting frequency for core 3 in DVFS domain 3 to 2660 MHz
Here we try remapping!
-----and here we finish handling remapping results in cache controller! the Latency: 0
---invalid_cnt: 0

************recordStats once at 598226
[Warning] power scale is less than 1, please check!
[Overall Power Consumption] Peak: 31.2288, Dynamic: 17.6237
[DTM Trigger] CPU_MAX(THRES): 108.795(105.000), DRAM_MAX(THRES): 92.509(85.000)
	Current DTM method: 1
[HOT!] CPU is too hot!
[SNIPER_STATS_MANAGER] Setting frequency for core 0 in DVFS domain 0 to 2128 MHz
[SNIPER_STATS_MANAGER] Setting frequency for core 1 in DVFS domain 1 to 2128 MHz
[SNIPER_STATS_MANAGER] Setting frequency for core 2 in DVFS domain 2 to 2128 MHz
[SNIPER_STATS_MANAGER] Setting frequency for core 3 in DVFS domain 3 to 2128 MHz
Here we try remapping!
-----and here we finish handling remapping results in cache controller! the Latency: 0
---invalid_cnt: 0

************recordStats once at 599226
[Warning] power scale is less than 1, please check!
[Overall Power Consumption] Peak: 30.3332, Dynamic: 20.6243
[DTM Trigger] CPU_MAX(THRES): 109.722(105.000), DRAM_MAX(THRES): 92.684(85.000)
	Current DTM method: 1
[HOT!] CPU is too hot!
[SNIPER_STATS_MANAGER] Setting frequency for core 0 in DVFS domain 0 to 1596 MHz
[SNIPER_STATS_MANAGER] Setting frequency for core 1 in DVFS domain 1 to 1596 MHz
[SNIPER_STATS_MANAGER] Setting frequency for core 2 in DVFS domain 2 to 1596 MHz
[SNIPER_STATS_MANAGER] Setting frequency for core 3 in DVFS domain 3 to 1596 MHz
Here we try remapping!
-----and here we finish handling remapping results in cache controller! the Latency: 0
---invalid_cnt: 0

************recordStats once at 600225
[Warning] power scale is less than 1, please check!
[Overall Power Consumption] Peak: 17.7747, Dynamic: 12.615
[DTM Trigger] CPU_MAX(THRES): 103.677(105.000), DRAM_MAX(THRES): 92.816(85.000)
	Current DTM method: 1
[SNIPER_STATS_MANAGER] Setting frequency for core 0 in DVFS domain 0 to 2128 MHz
[SNIPER_STATS_MANAGER] Setting frequency for core 1 in DVFS domain 1 to 2128 MHz
[SNIPER_STATS_MANAGER] Setting frequency for core 2 in DVFS domain 2 to 2128 MHz
[SNIPER_STATS_MANAGER] Setting frequency for core 3 in DVFS domain 3 to 2128 MHz
Here we try remapping!
-----and here we finish handling remapping results in cache controller! the Latency: 0
---invalid_cnt: 0

************recordStats once at 601221
[Warning] power scale is less than 1, please check!
[Overall Power Consumption] Peak: 25.062, Dynamic: 14.307
[DTM Trigger] CPU_MAX(THRES): 105.050(105.000), DRAM_MAX(THRES): 92.718(85.000)
	Current DTM method: 1
[HOT!] CPU is too hot!
[SNIPER_STATS_MANAGER] Setting frequency for core 0 in DVFS domain 0 to 1596 MHz
[SNIPER_STATS_MANAGER] Setting frequency for core 1 in DVFS domain 1 to 1596 MHz
[SNIPER_STATS_MANAGER] Setting frequency for core 2 in DVFS domain 2 to 1596 MHz
[SNIPER_STATS_MANAGER] Setting frequency for core 3 in DVFS domain 3 to 1596 MHz
Here we try remapping!
-----and here we finish handling remapping results in cache controller! the Latency: 0
---invalid_cnt: 0

************recordStats once at 602196
[Warning] power scale is less than 1, please check!
[Overall Power Consumption] Peak: 17.6983, Dynamic: 12.568
[DTM Trigger] CPU_MAX(THRES): 102.217(105.000), DRAM_MAX(THRES): 92.621(85.000)
	Current DTM method: 1
[SNIPER_STATS_MANAGER] Setting frequency for core 0 in DVFS domain 0 to 2128 MHz
[SNIPER_STATS_MANAGER] Setting frequency for core 1 in DVFS domain 1 to 2128 MHz
[SNIPER_STATS_MANAGER] Setting frequency for core 2 in DVFS domain 2 to 2128 MHz
[SNIPER_STATS_MANAGER] Setting frequency for core 3 in DVFS domain 3 to 2128 MHz
Here we try remapping!
-----and here we finish handling remapping results in cache controller! the Latency: 0
---invalid_cnt: 0

************recordStats once at 603208
[Warning] power scale is less than 1, please check!
[Overall Power Consumption] Peak: 25.0283, Dynamic: 14.3176
[DTM Trigger] CPU_MAX(THRES): 104.207(105.000), DRAM_MAX(THRES): 92.452(85.000)
	Current DTM method: 1
[SNIPER_STATS_MANAGER] Setting frequency for core 0 in DVFS domain 0 to 2660 MHz
[SNIPER_STATS_MANAGER] Setting frequency for core 1 in DVFS domain 1 to 2660 MHz
[SNIPER_STATS_MANAGER] Setting frequency for core 2 in DVFS domain 2 to 2660 MHz
[SNIPER_STATS_MANAGER] Setting frequency for core 3 in DVFS domain 3 to 2660 MHz
Here we try remapping!
-----and here we finish handling remapping results in cache controller! the Latency: 0
---invalid_cnt: 0

************recordStats once at 604223
[Warning] power scale is less than 1, please check!
[Overall Power Consumption] Peak: 31.0426, Dynamic: 17.4136
[DTM Trigger] CPU_MAX(THRES): 108.251(105.000), DRAM_MAX(THRES): 92.459(85.000)
	Current DTM method: 1
[HOT!] CPU is too hot!
[SNIPER_STATS_MANAGER] Setting frequency for core 0 in DVFS domain 0 to 2128 MHz
[SNIPER_STATS_MANAGER] Setting frequency for core 1 in DVFS domain 1 to 2128 MHz
[SNIPER_STATS_MANAGER] Setting frequency for core 2 in DVFS domain 2 to 2128 MHz
[SNIPER_STATS_MANAGER] Setting frequency for core 3 in DVFS domain 3 to 2128 MHz
Here we try remapping!
-----and here we finish handling remapping results in cache controller! the Latency: 0
---invalid_cnt: 0

************recordStats once at 605226
[Warning] power scale is less than 1, please check!
[Overall Power Consumption] Peak: 30.3164, Dynamic: 20.541
[DTM Trigger] CPU_MAX(THRES): 109.543(105.000), DRAM_MAX(THRES): 92.652(85.000)
	Current DTM method: 1
[HOT!] CPU is too hot!
[SNIPER_STATS_MANAGER] Setting frequency for core 0 in DVFS domain 0 to 1596 MHz
[SNIPER_STATS_MANAGER] Setting frequency for core 1 in DVFS domain 1 to 1596 MHz
[SNIPER_STATS_MANAGER] Setting frequency for core 2 in DVFS domain 2 to 1596 MHz
[SNIPER_STATS_MANAGER] Setting frequency for core 3 in DVFS domain 3 to 1596 MHz
Here we try remapping!
-----and here we finish handling remapping results in cache controller! the Latency: 0
---invalid_cnt: 0

************recordStats once at 606226
[Warning] power scale is less than 1, please check!
[Overall Power Consumption] Peak: 17.6918, Dynamic: 12.5693
[DTM Trigger] CPU_MAX(THRES): 103.665(105.000), DRAM_MAX(THRES): 92.781(85.000)
	Current DTM method: 1
[SNIPER_STATS_MANAGER] Setting frequency for core 0 in DVFS domain 0 to 2128 MHz
[SNIPER_STATS_MANAGER] Setting frequency for core 1 in DVFS domain 1 to 2128 MHz
[SNIPER_STATS_MANAGER] Setting frequency for core 2 in DVFS domain 2 to 2128 MHz
[SNIPER_STATS_MANAGER] Setting frequency for core 3 in DVFS domain 3 to 2128 MHz
Here we try remapping!
-----and here we finish handling remapping results in cache controller! the Latency: 0
---invalid_cnt: 0

************recordStats once at 607226
[Warning] power scale is less than 1, please check!
[Overall Power Consumption] Peak: 25.2427, Dynamic: 14.4659
[DTM Trigger] CPU_MAX(THRES): 105.013(105.000), DRAM_MAX(THRES): 92.684(85.000)
	Current DTM method: 1
[HOT!] CPU is too hot!
[SNIPER_STATS_MANAGER] Setting frequency for core 0 in DVFS domain 0 to 1596 MHz
[SNIPER_STATS_MANAGER] Setting frequency for core 1 in DVFS domain 1 to 1596 MHz
[SNIPER_STATS_MANAGER] Setting frequency for core 2 in DVFS domain 2 to 1596 MHz
[SNIPER_STATS_MANAGER] Setting frequency for core 3 in DVFS domain 3 to 1596 MHz
Here we try remapping!
-----and here we finish handling remapping results in cache controller! the Latency: 0
---invalid_cnt: 0

************recordStats once at 608226
[Warning] power scale is less than 1, please check!
[Overall Power Consumption] Peak: 17.7728, Dynamic: 12.6117
[DTM Trigger] CPU_MAX(THRES): 102.126(105.000), DRAM_MAX(THRES): 92.605(85.000)
	Current DTM method: 1
[SNIPER_STATS_MANAGER] Setting frequency for core 0 in DVFS domain 0 to 2128 MHz
[SNIPER_STATS_MANAGER] Setting frequency for core 1 in DVFS domain 1 to 2128 MHz
[SNIPER_STATS_MANAGER] Setting frequency for core 2 in DVFS domain 2 to 2128 MHz
[SNIPER_STATS_MANAGER] Setting frequency for core 3 in DVFS domain 3 to 2128 MHz
Here we try remapping!
-----and here we finish handling remapping results in cache controller! the Latency: 0
---invalid_cnt: 0

************recordStats once at 609226
[Warning] power scale is less than 1, please check!
[Overall Power Consumption] Peak: 25.0759, Dynamic: 14.3159
[DTM Trigger] CPU_MAX(THRES): 104.522(105.000), DRAM_MAX(THRES): 92.464(85.000)
	Current DTM method: 1
[SNIPER_STATS_MANAGER] Setting frequency for core 0 in DVFS domain 0 to 2660 MHz
[SNIPER_STATS_MANAGER] Setting frequency for core 1 in DVFS domain 1 to 2660 MHz
[SNIPER_STATS_MANAGER] Setting frequency for core 2 in DVFS domain 2 to 2660 MHz
[SNIPER_STATS_MANAGER] Setting frequency for core 3 in DVFS domain 3 to 2660 MHz
Here we try remapping!
-----and here we finish handling remapping results in cache controller! the Latency: 0
---invalid_cnt: 0

************recordStats once at 610226
[Warning] power scale is less than 1, please check!
[Overall Power Consumption] Peak: 30.9867, Dynamic: 17.4036
[DTM Trigger] CPU_MAX(THRES): 108.277(105.000), DRAM_MAX(THRES): 92.464(85.000)
	Current DTM method: 1
[HOT!] CPU is too hot!
[SNIPER_STATS_MANAGER] Setting frequency for core 0 in DVFS domain 0 to 2128 MHz
[SNIPER_STATS_MANAGER] Setting frequency for core 1 in DVFS domain 1 to 2128 MHz
[SNIPER_STATS_MANAGER] Setting frequency for core 2 in DVFS domain 2 to 2128 MHz
[SNIPER_STATS_MANAGER] Setting frequency for core 3 in DVFS domain 3 to 2128 MHz
Here we try remapping!
-----and here we finish handling remapping results in cache controller! the Latency: 0
---invalid_cnt: 0

************recordStats once at 611226
[Warning] power scale is less than 1, please check!
[Overall Power Consumption] Peak: 30.3226, Dynamic: 20.58
[DTM Trigger] CPU_MAX(THRES): 109.500(105.000), DRAM_MAX(THRES): 92.657(85.000)
	Current DTM method: 1
[HOT!] CPU is too hot!
[SNIPER_STATS_MANAGER] Setting frequency for core 0 in DVFS domain 0 to 1596 MHz
[SNIPER_STATS_MANAGER] Setting frequency for core 1 in DVFS domain 1 to 1596 MHz
[SNIPER_STATS_MANAGER] Setting frequency for core 2 in DVFS domain 2 to 1596 MHz
[SNIPER_STATS_MANAGER] Setting frequency for core 3 in DVFS domain 3 to 1596 MHz
Here we try remapping!
-----and here we finish handling remapping results in cache controller! the Latency: 0
---invalid_cnt: 0

************recordStats once at 612226
[Warning] power scale is less than 1, please check!
[Overall Power Consumption] Peak: 17.7236, Dynamic: 12.5658
[DTM Trigger] CPU_MAX(THRES): 103.462(105.000), DRAM_MAX(THRES): 92.800(85.000)
	Current DTM method: 1
[SNIPER_STATS_MANAGER] Setting frequency for core 0 in DVFS domain 0 to 2128 MHz
[SNIPER_STATS_MANAGER] Setting frequency for core 1 in DVFS domain 1 to 2128 MHz
[SNIPER_STATS_MANAGER] Setting frequency for core 2 in DVFS domain 2 to 2128 MHz
[SNIPER_STATS_MANAGER] Setting frequency for core 3 in DVFS domain 3 to 2128 MHz
Here we try remapping!
-----and here we finish handling remapping results in cache controller! the Latency: 0
---invalid_cnt: 0

************recordStats once at 613217
[Warning] power scale is less than 1, please check!
[Overall Power Consumption] Peak: 25.1114, Dynamic: 14.3423
[DTM Trigger] CPU_MAX(THRES): 105.224(105.000), DRAM_MAX(THRES): 92.713(85.000)
	Current DTM method: 1
[HOT!] CPU is too hot!
[SNIPER_STATS_MANAGER] Setting frequency for core 0 in DVFS domain 0 to 1596 MHz
[SNIPER_STATS_MANAGER] Setting frequency for core 1 in DVFS domain 1 to 1596 MHz
[SNIPER_STATS_MANAGER] Setting frequency for core 2 in DVFS domain 2 to 1596 MHz
[SNIPER_STATS_MANAGER] Setting frequency for core 3 in DVFS domain 3 to 1596 MHz
Here we try remapping!
-----and here we finish handling remapping results in cache controller! the Latency: 0
---invalid_cnt: 0

************recordStats once at 614226
[Warning] power scale is less than 1, please check!
[Overall Power Consumption] Peak: 17.7139, Dynamic: 12.6058
[DTM Trigger] CPU_MAX(THRES): 102.256(105.000), DRAM_MAX(THRES): 92.626(85.000)
	Current DTM method: 1
[SNIPER_STATS_MANAGER] Setting frequency for core 0 in DVFS domain 0 to 2128 MHz
[SNIPER_STATS_MANAGER] Setting frequency for core 1 in DVFS domain 1 to 2128 MHz
[SNIPER_STATS_MANAGER] Setting frequency for core 2 in DVFS domain 2 to 2128 MHz
[SNIPER_STATS_MANAGER] Setting frequency for core 3 in DVFS domain 3 to 2128 MHz
Here we try remapping!
-----and here we finish handling remapping results in cache controller! the Latency: 0
---invalid_cnt: 0

************recordStats once at 615221
[Warning] power scale is less than 1, please check!
[Overall Power Consumption] Peak: 25.1062, Dynamic: 14.3805
[DTM Trigger] CPU_MAX(THRES): 104.177(105.000), DRAM_MAX(THRES): 92.473(85.000)
	Current DTM method: 1
[SNIPER_STATS_MANAGER] Setting frequency for core 0 in DVFS domain 0 to 2660 MHz
[SNIPER_STATS_MANAGER] Setting frequency for core 1 in DVFS domain 1 to 2660 MHz
[SNIPER_STATS_MANAGER] Setting frequency for core 2 in DVFS domain 2 to 2660 MHz
[SNIPER_STATS_MANAGER] Setting frequency for core 3 in DVFS domain 3 to 2660 MHz
Here we try remapping!
-----and here we finish handling remapping results in cache controller! the Latency: 0
---invalid_cnt: 0

************recordStats once at 616225
[Warning] power scale is less than 1, please check!
[Overall Power Consumption] Peak: 31.0426, Dynamic: 17.4325
[DTM Trigger] CPU_MAX(THRES): 108.309(105.000), DRAM_MAX(THRES): 92.484(85.000)
	Current DTM method: 1
[HOT!] CPU is too hot!
[SNIPER_STATS_MANAGER] Setting frequency for core 0 in DVFS domain 0 to 2128 MHz
[SNIPER_STATS_MANAGER] Setting frequency for core 1 in DVFS domain 1 to 2128 MHz
[SNIPER_STATS_MANAGER] Setting frequency for core 2 in DVFS domain 2 to 2128 MHz
[SNIPER_STATS_MANAGER] Setting frequency for core 3 in DVFS domain 3 to 2128 MHz
Here we try remapping!
-----and here we finish handling remapping results in cache controller! the Latency: 0
---invalid_cnt: 0

************recordStats once at 617226
[Warning] power scale is less than 1, please check!
[Overall Power Consumption] Peak: 30.2604, Dynamic: 20.4874
[DTM Trigger] CPU_MAX(THRES): 109.699(105.000), DRAM_MAX(THRES): 92.693(85.000)
	Current DTM method: 1
[HOT!] CPU is too hot!
[SNIPER_STATS_MANAGER] Setting frequency for core 0 in DVFS domain 0 to 1596 MHz
[SNIPER_STATS_MANAGER] Setting frequency for core 1 in DVFS domain 1 to 1596 MHz
[SNIPER_STATS_MANAGER] Setting frequency for core 2 in DVFS domain 2 to 1596 MHz
[SNIPER_STATS_MANAGER] Setting frequency for core 3 in DVFS domain 3 to 1596 MHz
Here we try remapping!
-----and here we finish handling remapping results in cache controller! the Latency: 0
---invalid_cnt: 0

************recordStats once at 618222
[Warning] power scale is less than 1, please check!
[Overall Power Consumption] Peak: 17.7699, Dynamic: 12.6204
[DTM Trigger] CPU_MAX(THRES): 103.700(105.000), DRAM_MAX(THRES): 92.848(85.000)
	Current DTM method: 1
[SNIPER_STATS_MANAGER] Setting frequency for core 0 in DVFS domain 0 to 2128 MHz
[SNIPER_STATS_MANAGER] Setting frequency for core 1 in DVFS domain 1 to 2128 MHz
[SNIPER_STATS_MANAGER] Setting frequency for core 2 in DVFS domain 2 to 2128 MHz
[SNIPER_STATS_MANAGER] Setting frequency for core 3 in DVFS domain 3 to 2128 MHz
Here we try remapping!
-----and here we finish handling remapping results in cache controller! the Latency: 0
---invalid_cnt: 0

************recordStats once at 619224
[Warning] power scale is less than 1, please check!
[Overall Power Consumption] Peak: 25.103, Dynamic: 14.4123
[DTM Trigger] CPU_MAX(THRES): 104.979(105.000), DRAM_MAX(THRES): 92.746(85.000)
	Current DTM method: 1
[SNIPER_STATS_MANAGER] Setting frequency for core 0 in DVFS domain 0 to 2660 MHz
[SNIPER_STATS_MANAGER] Setting frequency for core 1 in DVFS domain 1 to 2660 MHz
[SNIPER_STATS_MANAGER] Setting frequency for core 2 in DVFS domain 2 to 2660 MHz
[SNIPER_STATS_MANAGER] Setting frequency for core 3 in DVFS domain 3 to 2660 MHz
Here we try remapping!
-----and here we finish handling remapping results in cache controller! the Latency: 0
---invalid_cnt: 0

************recordStats once at 620226
[Warning] power scale is less than 1, please check!
[Overall Power Consumption] Peak: 31.0372, Dynamic: 17.3959
[DTM Trigger] CPU_MAX(THRES): 108.903(105.000), DRAM_MAX(THRES): 92.752(85.000)
	Current DTM method: 1
[HOT!] CPU is too hot!
[SNIPER_STATS_MANAGER] Setting frequency for core 0 in DVFS domain 0 to 2128 MHz
[SNIPER_STATS_MANAGER] Setting frequency for core 1 in DVFS domain 1 to 2128 MHz
[SNIPER_STATS_MANAGER] Setting frequency for core 2 in DVFS domain 2 to 2128 MHz
[SNIPER_STATS_MANAGER] Setting frequency for core 3 in DVFS domain 3 to 2128 MHz
Here we try remapping!
-----and here we finish handling remapping results in cache controller! the Latency: 0
---invalid_cnt: 0

************recordStats once at 621226
[Warning] power scale is less than 1, please check!
[Overall Power Consumption] Peak: 30.2005, Dynamic: 20.4699
[DTM Trigger] CPU_MAX(THRES): 109.847(105.000), DRAM_MAX(THRES): 92.924(85.000)
	Current DTM method: 1
[HOT!] CPU is too hot!
[SNIPER_STATS_MANAGER] Setting frequency for core 0 in DVFS domain 0 to 1596 MHz
[SNIPER_STATS_MANAGER] Setting frequency for core 1 in DVFS domain 1 to 1596 MHz
[SNIPER_STATS_MANAGER] Setting frequency for core 2 in DVFS domain 2 to 1596 MHz
[SNIPER_STATS_MANAGER] Setting frequency for core 3 in DVFS domain 3 to 1596 MHz
Here we try remapping!
-----and here we finish handling remapping results in cache controller! the Latency: 0
---invalid_cnt: 0

************recordStats once at 622221
[Warning] power scale is less than 1, please check!
[Overall Power Consumption] Peak: 17.8611, Dynamic: 12.6975
[DTM Trigger] CPU_MAX(THRES): 104.234(105.000), DRAM_MAX(THRES): 93.062(85.000)
	Current DTM method: 1
[SNIPER_STATS_MANAGER] Setting frequency for core 0 in DVFS domain 0 to 2128 MHz
[SNIPER_STATS_MANAGER] Setting frequency for core 1 in DVFS domain 1 to 2128 MHz
[SNIPER_STATS_MANAGER] Setting frequency for core 2 in DVFS domain 2 to 2128 MHz
[SNIPER_STATS_MANAGER] Setting frequency for core 3 in DVFS domain 3 to 2128 MHz
Here we try remapping!
-----and here we finish handling remapping results in cache controller! the Latency: 0
---invalid_cnt: 0

************recordStats once at 623223
[Warning] power scale is less than 1, please check!
[Overall Power Consumption] Peak: 25.0632, Dynamic: 14.3504
[DTM Trigger] CPU_MAX(THRES): 105.134(105.000), DRAM_MAX(THRES): 92.945(85.000)
	Current DTM method: 1
[HOT!] CPU is too hot!
[SNIPER_STATS_MANAGER] Setting frequency for core 0 in DVFS domain 0 to 1596 MHz
[SNIPER_STATS_MANAGER] Setting frequency for core 1 in DVFS domain 1 to 1596 MHz
[SNIPER_STATS_MANAGER] Setting frequency for core 2 in DVFS domain 2 to 1596 MHz
[SNIPER_STATS_MANAGER] Setting frequency for core 3 in DVFS domain 3 to 1596 MHz
Here we try remapping!
-----and here we finish handling remapping results in cache controller! the Latency: 0
---invalid_cnt: 0

************recordStats once at 624218
[Warning] power scale is less than 1, please check!
[Overall Power Consumption] Peak: 17.7453, Dynamic: 12.5826
[DTM Trigger] CPU_MAX(THRES): 102.474(105.000), DRAM_MAX(THRES): 92.842(85.000)
	Current DTM method: 1
[SNIPER_STATS_MANAGER] Setting frequency for core 0 in DVFS domain 0 to 2128 MHz
[SNIPER_STATS_MANAGER] Setting frequency for core 1 in DVFS domain 1 to 2128 MHz
[SNIPER_STATS_MANAGER] Setting frequency for core 2 in DVFS domain 2 to 2128 MHz
[SNIPER_STATS_MANAGER] Setting frequency for core 3 in DVFS domain 3 to 2128 MHz
Here we try remapping!
-----and here we finish handling remapping results in cache controller! the Latency: 0
---invalid_cnt: 0

************recordStats once at 625220
[Warning] power scale is less than 1, please check!
[Overall Power Consumption] Peak: 25.1526, Dynamic: 14.4298
[DTM Trigger] CPU_MAX(THRES): 104.885(105.000), DRAM_MAX(THRES): 92.695(85.000)
	Current DTM method: 1
[SNIPER_STATS_MANAGER] Setting frequency for core 0 in DVFS domain 0 to 2660 MHz
[SNIPER_STATS_MANAGER] Setting frequency for core 1 in DVFS domain 1 to 2660 MHz
[SNIPER_STATS_MANAGER] Setting frequency for core 2 in DVFS domain 2 to 2660 MHz
[SNIPER_STATS_MANAGER] Setting frequency for core 3 in DVFS domain 3 to 2660 MHz
Here we try remapping!
-----and here we finish handling remapping results in cache controller! the Latency: 0
---invalid_cnt: 0

************recordStats once at 626211
[Warning] power scale is less than 1, please check!
[Overall Power Consumption] Peak: 31.1621, Dynamic: 17.5516
[DTM Trigger] CPU_MAX(THRES): 108.645(105.000), DRAM_MAX(THRES): 92.685(85.000)
	Current DTM method: 1
[HOT!] CPU is too hot!
[SNIPER_STATS_MANAGER] Setting frequency for core 0 in DVFS domain 0 to 2128 MHz
[SNIPER_STATS_MANAGER] Setting frequency for core 1 in DVFS domain 1 to 2128 MHz
[SNIPER_STATS_MANAGER] Setting frequency for core 2 in DVFS domain 2 to 2128 MHz
[SNIPER_STATS_MANAGER] Setting frequency for core 3 in DVFS domain 3 to 2128 MHz
Here we try remapping!
-----and here we finish handling remapping results in cache controller! the Latency: 0
---invalid_cnt: 0

************recordStats once at 627226
[Warning] power scale is less than 1, please check!
[Overall Power Consumption] Peak: 29.262, Dynamic: 19.3245
[DTM Trigger] CPU_MAX(THRES): 110.232(105.000), DRAM_MAX(THRES): 92.866(85.000)
	Current DTM method: 1
[HOT!] CPU is too hot!
[SNIPER_STATS_MANAGER] Setting frequency for core 0 in DVFS domain 0 to 1596 MHz
[SNIPER_STATS_MANAGER] Setting frequency for core 1 in DVFS domain 1 to 1596 MHz
[SNIPER_STATS_MANAGER] Setting frequency for core 2 in DVFS domain 2 to 1596 MHz
[SNIPER_STATS_MANAGER] Setting frequency for core 3 in DVFS domain 3 to 1596 MHz
Here we try remapping!
-----and here we finish handling remapping results in cache controller! the Latency: 0
---invalid_cnt: 0

************recordStats once at 628226
[Warning] power scale is less than 1, please check!
[Overall Power Consumption] Peak: 12.6519, Dynamic: 6.35526
[DTM Trigger] CPU_MAX(THRES): 103.787(105.000), DRAM_MAX(THRES): 93.218(85.000)
	Current DTM method: 1
[SNIPER_STATS_MANAGER] Setting frequency for core 0 in DVFS domain 0 to 2128 MHz
[SNIPER_STATS_MANAGER] Setting frequency for core 1 in DVFS domain 1 to 2128 MHz
[SNIPER_STATS_MANAGER] Setting frequency for core 2 in DVFS domain 2 to 2128 MHz
[SNIPER_STATS_MANAGER] Setting frequency for core 3 in DVFS domain 3 to 2128 MHz
Here we try remapping!
-----and here we finish handling remapping results in cache controller! the Latency: 0
---invalid_cnt: 0

************recordStats once at 629226
[Warning] power scale is less than 1, please check!
[Overall Power Consumption] Peak: 25.543, Dynamic: 13.6776
[DTM Trigger] CPU_MAX(THRES): 100.600(105.000), DRAM_MAX(THRES): 94.093(85.000)
	Current DTM method: 1
[SNIPER_STATS_MANAGER] Setting frequency for core 0 in DVFS domain 0 to 2660 MHz
[SNIPER_STATS_MANAGER] Setting frequency for core 1 in DVFS domain 1 to 2660 MHz
[SNIPER_STATS_MANAGER] Setting frequency for core 2 in DVFS domain 2 to 2660 MHz
[SNIPER_STATS_MANAGER] Setting frequency for core 3 in DVFS domain 3 to 2660 MHz
Here we try remapping!
-----and here we finish handling remapping results in cache controller! the Latency: 0
---invalid_cnt: 0

************recordStats once at 630226
[Warning] power scale is less than 1, please check!
[Overall Power Consumption] Peak: 28.5266, Dynamic: 13.1808
[DTM Trigger] CPU_MAX(THRES): 104.509(105.000), DRAM_MAX(THRES): 94.860(85.000)
	Current DTM method: 1
Here we try remapping!
-----and here we finish handling remapping results in cache controller! the Latency: 19
---invalid_cnt: 128
[SNIPER] Disabling performance models
[SNIPER] Leaving ROI after 6770.26 seconds

************recordStats once at 630448

************recordStats once at 630448
[Warning] power scale is less than 1, please check!
[Overall Power Consumption] Peak: 27.6325, Dynamic: 12.5412
[DTM Trigger] CPU_MAX(THRES): 102.524(105.000), DRAM_MAX(THRES): 95.357(85.000)
	Current DTM method: 1
Here we try remapping!
[Warning] power scale is less than 1, please check!
[Overall Power Consumption] Peak: 22.9002, Dynamic: 9.38828
[DTM Trigger] CPU_MAX(THRES): 102.739(105.000), DRAM_MAX(THRES): 89.635(85.000)
	Current DTM method: 1
Here we try remapping!
[SNIPER] Simulated 2294.4M instructions, 1677.0M cycles, 1.37 IPC
[SNIPER] Simulation speed 338.0 KIPS (84.5 KIPS / target core - 11832.8ns/instr)
[SNIPER] Sampling: executed 15.20% of simulated time in detailed mode
[SNIPER] Setting instrumentation mode to FAST_FORWARD
[HOOKS] Leaving ROI

                 PROCESS STATISTICS
            Computation      Transpose     Transpose
 Proc          Time            Time        Fraction
    0        -1837940272     2124832003      -1.15609

                 TIMING INFORMATION
Start time                        :        297326537
Initialization finish time        :      -2138507874
Overall finish time               :        318519150
Total time with initialization    :         21192613
Total time without initialization :      -1837940272
Overall transpose time            :       2124832003
Overall transpose fraction        :         -1.15609


************recordStats once at 630448
[Warning] power scale is less than 1, please check!
[Overall Power Consumption] Peak: 22.9002, Dynamic: 9.38828
[DTM Trigger] CPU_MAX(THRES): 102.738(105.000), DRAM_MAX(THRES): 88.521(85.000)
	Current DTM method: 1
Here we try remapping!

 ***** [DRAM_CACHE_Result] *****

*** DRAM Total Access: 18955865, page disabled: 1294349, page miss: 509632, block misses: 2059258, miss: 2568890, miss rate: 0.13552
Block load on page miss: 8950396, Block write back on page miss: 5822915
*** DRAM Total Access In ROI: 12501577, miss: 2293909, miss rate: 0.18349
*** DRAM Remap Times: 8448 invalid times, 129570 total invalid_blocks, 0 migrate times, 0 total migrate blocks.
*** DRAM Statistics: 1767081382 reads, 466785811 writes, 1189946803 row hits, 101230032 ACT time, 101230032 PRE time, 80801937 RD time, 20428095 WR time.

 ***** [DRAM_CACHE_Result] *****

[RAMULATOR OUTPUT]

**Total Ticks: 658854430

**Ramulator Active Cycles: 3.63012e+08

**DRAM Cycles: 6.58854e+08

**Maximum Bandwidth: 0

Number of Incoming Requests: 3.4655e+07

**Serving Request**
Channel_0: serving reads(25274296), serving writes(6463776).
Channel_1: serving reads(0), serving writes(0).
Channel_2: serving reads(0), serving writes(0).
Channel_3: serving reads(0), serving writes(0).
Channel_4: serving reads(0), serving writes(0).
Channel_5: serving reads(0), serving writes(0).
Channel_6: serving reads(0), serving writes(0).
Channel_7: serving reads(0), serving writes(0).
Channel_8: serving reads(0), serving writes(0).
Channel_9: serving reads(0), serving writes(0).
Channel_10: serving reads(0), serving writes(0).
Channel_11: serving reads(0), serving writes(0).
Channel_12: serving reads(0), serving writes(0).
Channel_13: serving reads(0), serving writes(0).
Channel_14: serving reads(0), serving writes(0).
Channel_15: serving reads(0), serving writes(0).
Channel_16: serving reads(0), serving writes(0).
Channel_17: serving reads(0), serving writes(0).
Channel_18: serving reads(0), serving writes(0).
Channel_19: serving reads(0), serving writes(0).
Channel_20: serving reads(0), serving writes(0).
Channel_21: serving reads(0), serving writes(0).
Channel_22: serving reads(0), serving writes(0).
Channel_23: serving reads(0), serving writes(0).
Channel_24: serving reads(0), serving writes(0).
Channel_25: serving reads(0), serving writes(0).
Channel_26: serving reads(0), serving writes(0).
Channel_27: serving reads(0), serving writes(0).
Channel_28: serving reads(0), serving writes(0).
Channel_29: serving reads(0), serving writes(0).
Channel_30: serving reads(0), serving writes(0).
Channel_31: serving reads(0), serving writes(0).
[RAMULATOR OUTPUT]
----[REMAP OUTPUT]---
*****HotAccess: 0
*****CoolAccess: 34630676
*****RemapAccess: 24331
*****SingleDisableTime: 30
*****DoubleDisableTime: 4
*****RemapTime: 32
*****RecoveryTime: 2
---------------------

 ***** [REF/AC_Result] *****
{Summary}: 35427951 Hot Accesses, 11529645 Cool Accesses.

 ***** [REF/AC_Result] *****
                     Power     Energy    Energy %
  core-core         6.81 W     0.68  J     20.75%
  core-ifetch       0.89 W     0.09  J      2.71%
  core-alu          0.77 W     0.08  J      2.36%
  core-int          1.09 W     0.11  J      3.31%
  core-fp           1.58 W     0.16  J      4.83%
  core-mem          0.73 W     0.07  J      2.22%
  icache            0.47 W     0.05  J      1.43%
  dcache            2.62 W     0.26  J      7.99%
  dram             17.15 W     1.72  J     52.28%
  other             0.70 W     0.07  J      2.12%

  core             11.86 W     1.19  J     36.17%
  cache             3.09 W     0.31  J      9.42%
  total            32.80 W     3.29  J    100.00%
Warning: Unable to run gnuplot to create cpi stack graphs.  Maybe gnuplot is not installed?
[SNIPER] End
[SNIPER] Elapsed time: 8653.40 seconds
[SNIPER] Running McPAT
                                     | Core 0     | Core 1     | Core 2     | Core 3    
  Instructions                       |  573617325 |  573607987 |  573609014 |  573607327
  Cycles                             |  266591725 |  266591725 |  266591725 |  266591725
  IPC                                |       2.15 |       2.15 |       2.15 |       2.15
  Time (ns)                          |  100222453 |  100222453 |  100222453 |  100222453
  Idle time (ns)                     |    5178962 |     358031 |    1638307 |    1142774
  Idle time (%)                      |       5.2% |       0.4% |       1.6% |       1.1%
Branch predictor stats               |            |            |            |           
  num correct                        |   48911966 |   48909962 |   48910115 |   48909906
  num incorrect                      |     407972 |     408823 |     408828 |     408809
  misprediction rate                 |      0.83% |      0.83% |      0.83% |      0.83%
  mpki                               |       0.71 |       0.71 |       0.71 |       0.71
TLB Summary                          |            |            |            |           
  I-TLB                              |            |            |            |           
    num accesses                     |   78659008 |   78660774 |   78667032 |   78663769
    num misses                       |          7 |         30 |         31 |         31
    miss rate                        |      0.00% |      0.00% |      0.00% |      0.00%
    mpki                             |       0.00 |       0.00 |       0.00 |       0.00
  D-TLB                              |            |            |            |           
    num accesses                     |  142376537 |  142372849 |  142373249 |  142372585
    num misses                       |    3175003 |    3174999 |    3175018 |    3175001
    miss rate                        |      2.23% |      2.23% |      2.23% |      2.23%
    mpki                             |       5.54 |       5.54 |       5.54 |       5.54
  L2 TLB                             |            |            |            |           
    num accesses                     |    3175010 |    3175029 |    3175049 |    3175032
    num misses                       |    3101031 |    3101068 |    3101072 |    3101071
    miss rate                        |     97.67% |     97.67% |     97.67% |     97.67%
    mpki                             |       5.41 |       5.41 |       5.41 |       5.41
Cache Summary                        |            |            |            |           
  Cache L1-I                         |            |            |            |           
    num cache accesses               |   78659008 |   78660774 |   78667032 |   78663769
    num cache misses                 |       3258 |       3077 |       3848 |       3683
    miss rate                        |      0.00% |      0.00% |      0.00% |      0.00%
    mpki                             |       0.01 |       0.01 |       0.01 |       0.01
  Cache L1-D                         |            |            |            |           
    num cache accesses               |  142376673 |  142372935 |  142373343 |  142372685
    num cache misses                 |    7470994 |    7454911 |    7454925 |    7454908
    miss rate                        |      5.25% |      5.24% |      5.24% |      5.24%
    mpki                             |      13.02 |      13.00 |      13.00 |      13.00
  Cache L2                           |            |            |            |           
    num cache accesses               |    7997271 |    7980983 |    7981769 |    7981584
    num cache misses                 |    2369985 |    2369764 |    2370173 |    2370371
    miss rate                        |     29.63% |     29.69% |     29.69% |     29.70%
    mpki                             |       4.13 |       4.13 |       4.13 |       4.13
DRAM summary                         |            |            |            |           
  num dram accesses                  |   14710589 |          0 |          0 |          0
  average dram access latency (ns)   |      13.01 |        inf |        inf |        inf
  average dram queueing delay        |       0.00 |       0.00 |       0.00 |       0.00
  average dram bandwidth utilization |      0.00% |      0.00% |      0.00% |      0.00%
Coherency Traffic                    |            |            |            |           
  num loads from dram                |    1574810 |    1574695 |    1576754 |    1575251
  num loads from dram cache          |          0 |          0 |          0 |          0
  num loads from remote cache        |       3320 |       3399 |       1362 |       2835
[SPLASH] [----------    End of output    ----------]
[SPLASH] Done.
copy HotSpot and ramulator files to /scratch/miz087/results/hpca_final/7-31-fft_cache_cpu_remap1l_cs256_splash2_fft_large
