[Benchmarks] set sniper output to rundir:  /scratch/miz087/results/hpca_final/7-29-fft_cache_cpu_remap1g_t99_splash2_fft_large
/scratch/miz087/results/hpca_final/7-29-fft_cache_cpu_remap1g_t99_splash2_fft_large
[SPLASH] Benchmarks to run: fft

[SPLASH] [========== Running benchmark fft ==========]
[SPLASH] Setting up run directory: /scratch/miz087/results/hpca_final/7-29-fft_cache_cpu_remap1g_t99_splash2_fft_large
[SPLASH] Running 'SNIPER_APP_LD_PRELOAD=$LD_PRELOAD; unset LD_PRELOAD; /home_masters/miz087/workplace/micro_exp/run-sniper -n 4 -m 'localhost' -d '/scratch/miz087/results/hpca_final/7-29-fft_cache_cpu_remap1g_t99_splash2_fft_large' -sthermalstats --power -c cache_cpu_remap1g -g --perf_model/thermal/cpu_temp_thres=99 -s stop-by-icount:5000000000 --roi --curdir=/home_masters/miz087/workplace/micro_exp/benchmarks  --  /home_masters/miz087/workplace/micro_exp/benchmarks/splash2/splash2/codes/kernels/fft/FFT -m22 -p4':
[SPLASH] [---------- Beginning of output ----------]
[SNIPER] Start
----------BEGIN_INIT_STATS_MANAGER------------
----------END_INIT_STATS_MANAGER------------
[DvfsManager] Core 0 at 2.66 GHz (global clock 2.66 GHz)
[DvfsManager] Core 1 at 2.66 GHz (global clock 2.66 GHz)
[DvfsManager] Core 2 at 2.66 GHz (global clock 2.66 GHz)
[DvfsManager] Core 3 at 2.66 GHz (global clock 2.66 GHz)
Normal Cache Total set: 524288
now initialize a stacked dram unison cache
Executing Python script /scratch/miz087/results/hpca_final/7-29-fft_cache_cpu_remap1g_t99_splash2_fft_large/sim.scripts.py
[STOPBYICOUNT] Waiting for application ROI
[STOPBYICOUNT] Then stopping after simulating at least 5000000000 instructions in detail
[SNIPER] --------------------------------------------------------------------------------
[SNIPER] Sniper using Pin frontend
[SNIPER] Running pre-ROI region in  CACHE_ONLY mode
[SNIPER] Running application ROI in DETAILED mode
[SNIPER] Running post-ROI region in FAST_FORWARD mode
[SNIPER] --------------------------------------------------------------------------------

************recordStats once at 0
[Warning] power scale is less than 1, please check!
[Overall Power Consumption] Peak: 0, Dynamic: 0
[Warning] the power of processor is too small, we skip the temperature calculation!

FFT with Blocking Transpose
   4194304 Complex Doubles
   4 Processors
   65536 Cache lines
   16 Byte line size
   4096 Bytes per page

[HOOKS] Entering ROI
[SNIPER] Enabling performance models

************recordStats once at 530325
[Warning] power scale is less than 1, please check!
[Overall Power Consumption] Peak: 0, Dynamic: 0
[Warning] the power of processor is too small, we skip the temperature calculation!
[STOPBYICOUNT] Application ROI started, now simulating 5000000000 in detail

************recordStats once at 530325
[Warning] power scale is less than 1, please check!
[Overall Power Consumption] Peak: 0, Dynamic: 0
[Warning] the power of processor is too small, we skip the temperature calculation!
[SNIPER] Setting instrumentation mode to DETAILED

************recordStats once at 531226
[Warning] power scale is less than 1, please check!
[Overall Power Consumption] Peak: 0, Dynamic: 0
[Warning] the power of processor is too small, we skip the temperature calculation!

************recordStats once at 532226
[Warning] power scale is less than 1, please check!
[Overall Power Consumption] Peak: 28.6447, Dynamic: 13.2275
*[Hotspot] begin initialization!
[DTM Trigger] CPU_MAX(THRES): 71.943(99.000), DRAM_MAX(THRES): 66.811(85.000)
	Current DTM method: 1
Here we try remapping!
-----and here we finish handling remapping results in cache controller! the Latency: 0
---invalid_cnt: 0

************recordStats once at 533226
[Warning] power scale is less than 1, please check!
[Overall Power Consumption] Peak: 29.9566, Dynamic: 14.5133
[DTM Trigger] CPU_MAX(THRES): 78.027(99.000), DRAM_MAX(THRES): 70.427(85.000)
	Current DTM method: 1
Here we try remapping!
-----and here we finish handling remapping results in cache controller! the Latency: 0
---invalid_cnt: 0

************recordStats once at 534226
[Warning] power scale is less than 1, please check!
[Overall Power Consumption] Peak: 30.2409, Dynamic: 14.9461
[DTM Trigger] CPU_MAX(THRES): 80.339(99.000), DRAM_MAX(THRES): 73.089(85.000)
	Current DTM method: 1
Here we try remapping!
-----and here we finish handling remapping results in cache controller! the Latency: 0
---invalid_cnt: 0

************recordStats once at 535221
[Warning] power scale is less than 1, please check!
[Overall Power Consumption] Peak: 34.2649, Dynamic: 19.4557
[DTM Trigger] CPU_MAX(THRES): 88.182(99.000), DRAM_MAX(THRES): 74.240(85.000)
	Current DTM method: 1
Here we try remapping!
-----and here we finish handling remapping results in cache controller! the Latency: 0
---invalid_cnt: 0

************recordStats once at 536225
[Warning] power scale is less than 1, please check!
[Overall Power Consumption] Peak: 33.7644, Dynamic: 20.1056
[DTM Trigger] CPU_MAX(THRES): 90.312(99.000), DRAM_MAX(THRES): 75.350(85.000)
	Current DTM method: 1
Here we try remapping!
-----and here we finish handling remapping results in cache controller! the Latency: 0
---invalid_cnt: 0

************recordStats once at 537226
[Warning] power scale is less than 1, please check!
[Overall Power Consumption] Peak: 33.8368, Dynamic: 20.1425
[DTM Trigger] CPU_MAX(THRES): 93.001(99.000), DRAM_MAX(THRES): 76.594(85.000)
	Current DTM method: 1
Here we try remapping!
-----and here we finish handling remapping results in cache controller! the Latency: 0
---invalid_cnt: 0

************recordStats once at 538226
[Warning] power scale is less than 1, please check!
[Overall Power Consumption] Peak: 33.8447, Dynamic: 20.1659
[DTM Trigger] CPU_MAX(THRES): 95.162(99.000), DRAM_MAX(THRES): 77.841(85.000)
	Current DTM method: 1
Here we try remapping!
-----and here we finish handling remapping results in cache controller! the Latency: 0
---invalid_cnt: 0

************recordStats once at 539226
[Warning] power scale is less than 1, please check!
[Overall Power Consumption] Peak: 33.7164, Dynamic: 20.0671
[DTM Trigger] CPU_MAX(THRES): 97.033(99.000), DRAM_MAX(THRES): 79.044(85.000)
	Current DTM method: 1
Here we try remapping!
-----and here we finish handling remapping results in cache controller! the Latency: 0
---invalid_cnt: 0

************recordStats once at 540226
[Warning] power scale is less than 1, please check!
[Overall Power Consumption] Peak: 33.82, Dynamic: 20.1365
[DTM Trigger] CPU_MAX(THRES): 98.515(99.000), DRAM_MAX(THRES): 80.176(85.000)
	Current DTM method: 1
Here we try remapping!
-----and here we finish handling remapping results in cache controller! the Latency: 0
---invalid_cnt: 0

************recordStats once at 541226
[Warning] power scale is less than 1, please check!
[Overall Power Consumption] Peak: 33.6959, Dynamic: 20.0543
[DTM Trigger] CPU_MAX(THRES): 99.871(99.000), DRAM_MAX(THRES): 81.248(85.000)
	Current DTM method: 1
[HOT!] CPU is too hot!
[SNIPER_STATS_MANAGER] Setting frequency for core 0 in DVFS domain 0 to 2128 MHz
[SNIPER_STATS_MANAGER] Setting frequency for core 1 in DVFS domain 1 to 2128 MHz
[SNIPER_STATS_MANAGER] Setting frequency for core 2 in DVFS domain 2 to 2128 MHz
[SNIPER_STATS_MANAGER] Setting frequency for core 3 in DVFS domain 3 to 2128 MHz
Here we try remapping!
-----and here we finish handling remapping results in cache controller! the Latency: 0
---invalid_cnt: 0

************recordStats once at 542226
[Warning] power scale is less than 1, please check!
[Overall Power Consumption] Peak: 30.404, Dynamic: 20.1294
[DTM Trigger] CPU_MAX(THRES): 99.665(99.000), DRAM_MAX(THRES): 82.226(85.000)
	Current DTM method: 1
[HOT!] CPU is too hot!
[SNIPER_STATS_MANAGER] Setting frequency for core 0 in DVFS domain 0 to 1596 MHz
[SNIPER_STATS_MANAGER] Setting frequency for core 1 in DVFS domain 1 to 1596 MHz
[SNIPER_STATS_MANAGER] Setting frequency for core 2 in DVFS domain 2 to 1596 MHz
[SNIPER_STATS_MANAGER] Setting frequency for core 3 in DVFS domain 3 to 1596 MHz
Here we try remapping!
-----and here we finish handling remapping results in cache controller! the Latency: 0
---invalid_cnt: 0

************recordStats once at 543226
[Warning] power scale is less than 1, please check!
[Overall Power Consumption] Peak: 17.946, Dynamic: 12.4128
[DTM Trigger] CPU_MAX(THRES): 93.834(99.000), DRAM_MAX(THRES): 82.963(85.000)
	Current DTM method: 1
[SNIPER_STATS_MANAGER] Setting frequency for core 0 in DVFS domain 0 to 2128 MHz
[SNIPER_STATS_MANAGER] Setting frequency for core 1 in DVFS domain 1 to 2128 MHz
[SNIPER_STATS_MANAGER] Setting frequency for core 2 in DVFS domain 2 to 2128 MHz
[SNIPER_STATS_MANAGER] Setting frequency for core 3 in DVFS domain 3 to 2128 MHz
Here we try remapping!
-----and here we finish handling remapping results in cache controller! the Latency: 0
---invalid_cnt: 0

************recordStats once at 544226
[Warning] power scale is less than 1, please check!
[Overall Power Consumption] Peak: 25.4582, Dynamic: 14.3725
[DTM Trigger] CPU_MAX(THRES): 95.699(99.000), DRAM_MAX(THRES): 83.387(85.000)
	Current DTM method: 1
[SNIPER_STATS_MANAGER] Setting frequency for core 0 in DVFS domain 0 to 2660 MHz
[SNIPER_STATS_MANAGER] Setting frequency for core 1 in DVFS domain 1 to 2660 MHz
[SNIPER_STATS_MANAGER] Setting frequency for core 2 in DVFS domain 2 to 2660 MHz
[SNIPER_STATS_MANAGER] Setting frequency for core 3 in DVFS domain 3 to 2660 MHz
Here we try remapping!
-----and here we finish handling remapping results in cache controller! the Latency: 0
---invalid_cnt: 0

************recordStats once at 545226
[Warning] power scale is less than 1, please check!
[Overall Power Consumption] Peak: 31.2969, Dynamic: 17.1972
[DTM Trigger] CPU_MAX(THRES): 99.857(99.000), DRAM_MAX(THRES): 83.878(85.000)
	Current DTM method: 1
[HOT!] CPU is too hot!
[SNIPER_STATS_MANAGER] Setting frequency for core 0 in DVFS domain 0 to 2128 MHz
[SNIPER_STATS_MANAGER] Setting frequency for core 1 in DVFS domain 1 to 2128 MHz
[SNIPER_STATS_MANAGER] Setting frequency for core 2 in DVFS domain 2 to 2128 MHz
[SNIPER_STATS_MANAGER] Setting frequency for core 3 in DVFS domain 3 to 2128 MHz
Here we try remapping!
-----and here we finish handling remapping results in cache controller! the Latency: 0
---invalid_cnt: 0

************recordStats once at 546213
[Warning] power scale is less than 1, please check!
[Overall Power Consumption] Peak: 30.4128, Dynamic: 20.1201
[DTM Trigger] CPU_MAX(THRES): 101.523(99.000), DRAM_MAX(THRES): 84.504(85.000)
	Current DTM method: 1
[HOT!] CPU is too hot!
[SNIPER_STATS_MANAGER] Setting frequency for core 0 in DVFS domain 0 to 1596 MHz
[SNIPER_STATS_MANAGER] Setting frequency for core 1 in DVFS domain 1 to 1596 MHz
[SNIPER_STATS_MANAGER] Setting frequency for core 2 in DVFS domain 2 to 1596 MHz
[SNIPER_STATS_MANAGER] Setting frequency for core 3 in DVFS domain 3 to 1596 MHz
Here we try remapping!
-----and here we finish handling remapping results in cache controller! the Latency: 0
---invalid_cnt: 0

************recordStats once at 547226
[Warning] power scale is less than 1, please check!
[Overall Power Consumption] Peak: 17.9016, Dynamic: 12.3767
[DTM Trigger] CPU_MAX(THRES): 96.020(99.000), DRAM_MAX(THRES): 85.025(85.000)
	Current DTM method: 1
[SNIPER_STATS_MANAGER] Setting frequency for core 0 in DVFS domain 0 to 2128 MHz
[SNIPER_STATS_MANAGER] Setting frequency for core 1 in DVFS domain 1 to 2128 MHz
[SNIPER_STATS_MANAGER] Setting frequency for core 2 in DVFS domain 2 to 2128 MHz
[SNIPER_STATS_MANAGER] Setting frequency for core 3 in DVFS domain 3 to 2128 MHz
Here we try remapping!
-----and here we finish handling remapping results in cache controller! the Latency: 110
---invalid_cnt: 2048

************recordStats once at 548221
[Warning] power scale is less than 1, please check!
[Overall Power Consumption] Peak: 25.4831, Dynamic: 14.4025
[DTM Trigger] CPU_MAX(THRES): 97.805(99.000), DRAM_MAX(THRES): 85.283(85.000)
	Current DTM method: 1
[SNIPER_STATS_MANAGER] Setting frequency for core 0 in DVFS domain 0 to 2660 MHz
[SNIPER_STATS_MANAGER] Setting frequency for core 1 in DVFS domain 1 to 2660 MHz
[SNIPER_STATS_MANAGER] Setting frequency for core 2 in DVFS domain 2 to 2660 MHz
[SNIPER_STATS_MANAGER] Setting frequency for core 3 in DVFS domain 3 to 2660 MHz
Here we try remapping!
-----and here we finish handling remapping results in cache controller! the Latency: 0
---invalid_cnt: 0

************recordStats once at 549226
[Warning] power scale is less than 1, please check!
[Overall Power Consumption] Peak: 30.8172, Dynamic: 16.6585
[DTM Trigger] CPU_MAX(THRES): 102.036(99.000), DRAM_MAX(THRES): 85.711(85.000)
	Current DTM method: 1
[HOT!] CPU is too hot!
[SNIPER_STATS_MANAGER] Setting frequency for core 0 in DVFS domain 0 to 2128 MHz
[SNIPER_STATS_MANAGER] Setting frequency for core 1 in DVFS domain 1 to 2128 MHz
[SNIPER_STATS_MANAGER] Setting frequency for core 2 in DVFS domain 2 to 2128 MHz
[SNIPER_STATS_MANAGER] Setting frequency for core 3 in DVFS domain 3 to 2128 MHz
Here we try remapping!
-----and here we finish handling remapping results in cache controller! the Latency: 0
---invalid_cnt: 0

************recordStats once at 550226
[Warning] power scale is less than 1, please check!
[Overall Power Consumption] Peak: 30.4223, Dynamic: 20.0959
[DTM Trigger] CPU_MAX(THRES): 103.375(99.000), DRAM_MAX(THRES): 86.209(85.000)
	Current DTM method: 1
[HOT!] CPU is too hot!
[SNIPER_STATS_MANAGER] Setting frequency for core 0 in DVFS domain 0 to 1596 MHz
[SNIPER_STATS_MANAGER] Setting frequency for core 1 in DVFS domain 1 to 1596 MHz
[SNIPER_STATS_MANAGER] Setting frequency for core 2 in DVFS domain 2 to 1596 MHz
[SNIPER_STATS_MANAGER] Setting frequency for core 3 in DVFS domain 3 to 1596 MHz
Here we try remapping!
-----and here we finish handling remapping results in cache controller! the Latency: 0
---invalid_cnt: 0

************recordStats once at 551226
[Warning] power scale is less than 1, please check!
[Overall Power Consumption] Peak: 17.9663, Dynamic: 12.4214
[DTM Trigger] CPU_MAX(THRES): 97.911(99.000), DRAM_MAX(THRES): 86.619(85.000)
	Current DTM method: 1
[SNIPER_STATS_MANAGER] Setting frequency for core 0 in DVFS domain 0 to 2128 MHz
[SNIPER_STATS_MANAGER] Setting frequency for core 1 in DVFS domain 1 to 2128 MHz
[SNIPER_STATS_MANAGER] Setting frequency for core 2 in DVFS domain 2 to 2128 MHz
[SNIPER_STATS_MANAGER] Setting frequency for core 3 in DVFS domain 3 to 2128 MHz
Here we try remapping!
-----and here we finish handling remapping results in cache controller! the Latency: 0
---invalid_cnt: 0

************recordStats once at 552226
[Warning] power scale is less than 1, please check!
[Overall Power Consumption] Peak: 25.3165, Dynamic: 14.2365
[DTM Trigger] CPU_MAX(THRES): 99.379(99.000), DRAM_MAX(THRES): 86.770(85.000)
	Current DTM method: 1
[HOT!] CPU is too hot!
[SNIPER_STATS_MANAGER] Setting frequency for core 0 in DVFS domain 0 to 1596 MHz
[SNIPER_STATS_MANAGER] Setting frequency for core 1 in DVFS domain 1 to 1596 MHz
[SNIPER_STATS_MANAGER] Setting frequency for core 2 in DVFS domain 2 to 1596 MHz
[SNIPER_STATS_MANAGER] Setting frequency for core 3 in DVFS domain 3 to 1596 MHz
Here we try remapping!
-----and here we finish handling remapping results in cache controller! the Latency: 0
---invalid_cnt: 0

************recordStats once at 553226
[Warning] power scale is less than 1, please check!
[Overall Power Consumption] Peak: 17.8963, Dynamic: 12.3654
[DTM Trigger] CPU_MAX(THRES): 96.989(99.000), DRAM_MAX(THRES): 86.917(85.000)
	Current DTM method: 1
[SNIPER_STATS_MANAGER] Setting frequency for core 0 in DVFS domain 0 to 2128 MHz
[SNIPER_STATS_MANAGER] Setting frequency for core 1 in DVFS domain 1 to 2128 MHz
[SNIPER_STATS_MANAGER] Setting frequency for core 2 in DVFS domain 2 to 2128 MHz
[SNIPER_STATS_MANAGER] Setting frequency for core 3 in DVFS domain 3 to 2128 MHz
Here we try remapping!
-----and here we finish handling remapping results in cache controller! the Latency: 0
---invalid_cnt: 0

************recordStats once at 554226
[Warning] power scale is less than 1, please check!
[Overall Power Consumption] Peak: 25.4067, Dynamic: 14.3314
[DTM Trigger] CPU_MAX(THRES): 99.271(99.000), DRAM_MAX(THRES): 86.973(85.000)
	Current DTM method: 1
[HOT!] CPU is too hot!
[SNIPER_STATS_MANAGER] Setting frequency for core 0 in DVFS domain 0 to 1596 MHz
[SNIPER_STATS_MANAGER] Setting frequency for core 1 in DVFS domain 1 to 1596 MHz
[SNIPER_STATS_MANAGER] Setting frequency for core 2 in DVFS domain 2 to 1596 MHz
[SNIPER_STATS_MANAGER] Setting frequency for core 3 in DVFS domain 3 to 1596 MHz
Here we try remapping!
-----and here we finish handling remapping results in cache controller! the Latency: 0
---invalid_cnt: 0

************recordStats once at 555223
[Warning] power scale is less than 1, please check!
[Overall Power Consumption] Peak: 17.8369, Dynamic: 12.3094
[DTM Trigger] CPU_MAX(THRES): 96.963(99.000), DRAM_MAX(THRES): 87.099(85.000)
	Current DTM method: 1
[SNIPER_STATS_MANAGER] Setting frequency for core 0 in DVFS domain 0 to 2128 MHz
[SNIPER_STATS_MANAGER] Setting frequency for core 1 in DVFS domain 1 to 2128 MHz
[SNIPER_STATS_MANAGER] Setting frequency for core 2 in DVFS domain 2 to 2128 MHz
[SNIPER_STATS_MANAGER] Setting frequency for core 3 in DVFS domain 3 to 2128 MHz
Here we try remapping!
-----and here we finish handling remapping results in cache controller! the Latency: 0
---invalid_cnt: 0

************recordStats once at 556210
[Warning] power scale is less than 1, please check!
[Overall Power Consumption] Peak: 25.4952, Dynamic: 14.4006
[DTM Trigger] CPU_MAX(THRES): 99.438(99.000), DRAM_MAX(THRES): 87.147(85.000)
	Current DTM method: 1
[HOT!] CPU is too hot!
[SNIPER_STATS_MANAGER] Setting frequency for core 0 in DVFS domain 0 to 1596 MHz
[SNIPER_STATS_MANAGER] Setting frequency for core 1 in DVFS domain 1 to 1596 MHz
[SNIPER_STATS_MANAGER] Setting frequency for core 2 in DVFS domain 2 to 1596 MHz
[SNIPER_STATS_MANAGER] Setting frequency for core 3 in DVFS domain 3 to 1596 MHz
Here we try remapping!
-----and here we finish handling remapping results in cache controller! the Latency: 0
---invalid_cnt: 0

************recordStats once at 557226
[Warning] power scale is less than 1, please check!
[Overall Power Consumption] Peak: 17.8901, Dynamic: 12.3486
[DTM Trigger] CPU_MAX(THRES): 97.138(99.000), DRAM_MAX(THRES): 87.267(85.000)
	Current DTM method: 1
[SNIPER_STATS_MANAGER] Setting frequency for core 0 in DVFS domain 0 to 2128 MHz
[SNIPER_STATS_MANAGER] Setting frequency for core 1 in DVFS domain 1 to 2128 MHz
[SNIPER_STATS_MANAGER] Setting frequency for core 2 in DVFS domain 2 to 2128 MHz
[SNIPER_STATS_MANAGER] Setting frequency for core 3 in DVFS domain 3 to 2128 MHz
Here we try remapping!
-----and here we finish handling remapping results in cache controller! the Latency: 0
---invalid_cnt: 0

************recordStats once at 558226
[Warning] power scale is less than 1, please check!
[Overall Power Consumption] Peak: 25.3952, Dynamic: 14.3113
[DTM Trigger] CPU_MAX(THRES): 99.506(99.000), DRAM_MAX(THRES): 87.309(85.000)
	Current DTM method: 1
[HOT!] CPU is too hot!
[SNIPER_STATS_MANAGER] Setting frequency for core 0 in DVFS domain 0 to 1596 MHz
[SNIPER_STATS_MANAGER] Setting frequency for core 1 in DVFS domain 1 to 1596 MHz
[SNIPER_STATS_MANAGER] Setting frequency for core 2 in DVFS domain 2 to 1596 MHz
[SNIPER_STATS_MANAGER] Setting frequency for core 3 in DVFS domain 3 to 1596 MHz
Here we try remapping!
-----and here we finish handling remapping results in cache controller! the Latency: 0
---invalid_cnt: 0

************recordStats once at 559226
[Warning] power scale is less than 1, please check!
[Overall Power Consumption] Peak: 17.9464, Dynamic: 12.3683
[DTM Trigger] CPU_MAX(THRES): 97.288(99.000), DRAM_MAX(THRES): 87.421(85.000)
	Current DTM method: 1
[SNIPER_STATS_MANAGER] Setting frequency for core 0 in DVFS domain 0 to 2128 MHz
[SNIPER_STATS_MANAGER] Setting frequency for core 1 in DVFS domain 1 to 2128 MHz
[SNIPER_STATS_MANAGER] Setting frequency for core 2 in DVFS domain 2 to 2128 MHz
[SNIPER_STATS_MANAGER] Setting frequency for core 3 in DVFS domain 3 to 2128 MHz
Here we try remapping!
-----and here we finish handling remapping results in cache controller! the Latency: 0
---invalid_cnt: 0

************recordStats once at 560226
[Warning] power scale is less than 1, please check!
[Overall Power Consumption] Peak: 25.3438, Dynamic: 14.2797
[DTM Trigger] CPU_MAX(THRES): 99.509(99.000), DRAM_MAX(THRES): 87.454(85.000)
	Current DTM method: 1
[HOT!] CPU is too hot!
[SNIPER_STATS_MANAGER] Setting frequency for core 0 in DVFS domain 0 to 1596 MHz
[SNIPER_STATS_MANAGER] Setting frequency for core 1 in DVFS domain 1 to 1596 MHz
[SNIPER_STATS_MANAGER] Setting frequency for core 2 in DVFS domain 2 to 1596 MHz
[SNIPER_STATS_MANAGER] Setting frequency for core 3 in DVFS domain 3 to 1596 MHz
Here we try remapping!
-----and here we finish handling remapping results in cache controller! the Latency: 0
---invalid_cnt: 0

************recordStats once at 561226
[Warning] power scale is less than 1, please check!
[Overall Power Consumption] Peak: 17.9518, Dynamic: 12.3923
[DTM Trigger] CPU_MAX(THRES): 97.518(99.000), DRAM_MAX(THRES): 87.555(85.000)
	Current DTM method: 1
[SNIPER_STATS_MANAGER] Setting frequency for core 0 in DVFS domain 0 to 2128 MHz
[SNIPER_STATS_MANAGER] Setting frequency for core 1 in DVFS domain 1 to 2128 MHz
[SNIPER_STATS_MANAGER] Setting frequency for core 2 in DVFS domain 2 to 2128 MHz
[SNIPER_STATS_MANAGER] Setting frequency for core 3 in DVFS domain 3 to 2128 MHz
Here we try remapping!
-----and here we finish handling remapping results in cache controller! the Latency: 0
---invalid_cnt: 0

************recordStats once at 562226
[Warning] power scale is less than 1, please check!
[Overall Power Consumption] Peak: 25.352, Dynamic: 14.2632
[DTM Trigger] CPU_MAX(THRES): 99.641(99.000), DRAM_MAX(THRES): 87.583(85.000)
	Current DTM method: 1
[HOT!] CPU is too hot!
[SNIPER_STATS_MANAGER] Setting frequency for core 0 in DVFS domain 0 to 1596 MHz
[SNIPER_STATS_MANAGER] Setting frequency for core 1 in DVFS domain 1 to 1596 MHz
[SNIPER_STATS_MANAGER] Setting frequency for core 2 in DVFS domain 2 to 1596 MHz
[SNIPER_STATS_MANAGER] Setting frequency for core 3 in DVFS domain 3 to 1596 MHz
Here we try remapping!
-----and here we finish handling remapping results in cache controller! the Latency: 0
---invalid_cnt: 0

************recordStats once at 563226
[Warning] power scale is less than 1, please check!
[Overall Power Consumption] Peak: 17.8661, Dynamic: 12.3492
[DTM Trigger] CPU_MAX(THRES): 97.644(99.000), DRAM_MAX(THRES): 87.672(85.000)
	Current DTM method: 1
[SNIPER_STATS_MANAGER] Setting frequency for core 0 in DVFS domain 0 to 2128 MHz
[SNIPER_STATS_MANAGER] Setting frequency for core 1 in DVFS domain 1 to 2128 MHz
[SNIPER_STATS_MANAGER] Setting frequency for core 2 in DVFS domain 2 to 2128 MHz
[SNIPER_STATS_MANAGER] Setting frequency for core 3 in DVFS domain 3 to 2128 MHz
Here we try remapping!
-----and here we finish handling remapping results in cache controller! the Latency: 0
---invalid_cnt: 0

************recordStats once at 564221
[Warning] power scale is less than 1, please check!
[Overall Power Consumption] Peak: 25.4148, Dynamic: 14.3144
[DTM Trigger] CPU_MAX(THRES): 99.792(99.000), DRAM_MAX(THRES): 87.685(85.000)
	Current DTM method: 1
[HOT!] CPU is too hot!
[SNIPER_STATS_MANAGER] Setting frequency for core 0 in DVFS domain 0 to 1596 MHz
[SNIPER_STATS_MANAGER] Setting frequency for core 1 in DVFS domain 1 to 1596 MHz
[SNIPER_STATS_MANAGER] Setting frequency for core 2 in DVFS domain 2 to 1596 MHz
[SNIPER_STATS_MANAGER] Setting frequency for core 3 in DVFS domain 3 to 1596 MHz
Here we try remapping!
-----and here we finish handling remapping results in cache controller! the Latency: 110
---invalid_cnt: 2048

************recordStats once at 565226
[Warning] power scale is less than 1, please check!
[Overall Power Consumption] Peak: 17.8412, Dynamic: 12.3182
[DTM Trigger] CPU_MAX(THRES): 97.722(99.000), DRAM_MAX(THRES): 87.774(85.000)
	Current DTM method: 1
[SNIPER_STATS_MANAGER] Setting frequency for core 0 in DVFS domain 0 to 2128 MHz
[SNIPER_STATS_MANAGER] Setting frequency for core 1 in DVFS domain 1 to 2128 MHz
[SNIPER_STATS_MANAGER] Setting frequency for core 2 in DVFS domain 2 to 2128 MHz
[SNIPER_STATS_MANAGER] Setting frequency for core 3 in DVFS domain 3 to 2128 MHz
Here we try remapping!
-----and here we finish handling remapping results in cache controller! the Latency: 110
---invalid_cnt: 2048

************recordStats once at 566225
[Warning] power scale is less than 1, please check!
[Overall Power Consumption] Peak: 25.1837, Dynamic: 14.0843
[DTM Trigger] CPU_MAX(THRES): 100.159(99.000), DRAM_MAX(THRES): 87.786(85.000)
	Current DTM method: 1
[HOT!] CPU is too hot!
[SNIPER_STATS_MANAGER] Setting frequency for core 0 in DVFS domain 0 to 1596 MHz
[SNIPER_STATS_MANAGER] Setting frequency for core 1 in DVFS domain 1 to 1596 MHz
[SNIPER_STATS_MANAGER] Setting frequency for core 2 in DVFS domain 2 to 1596 MHz
[SNIPER_STATS_MANAGER] Setting frequency for core 3 in DVFS domain 3 to 1596 MHz
Here we try remapping!
-----and here we finish handling remapping results in cache controller! the Latency: 0
---invalid_cnt: 0

************recordStats once at 567214
[Warning] power scale is less than 1, please check!
[Overall Power Consumption] Peak: 17.6041, Dynamic: 11.9999
[DTM Trigger] CPU_MAX(THRES): 97.821(99.000), DRAM_MAX(THRES): 87.874(85.000)
	Current DTM method: 1
[SNIPER_STATS_MANAGER] Setting frequency for core 0 in DVFS domain 0 to 2128 MHz
[SNIPER_STATS_MANAGER] Setting frequency for core 1 in DVFS domain 1 to 2128 MHz
[SNIPER_STATS_MANAGER] Setting frequency for core 2 in DVFS domain 2 to 2128 MHz
[SNIPER_STATS_MANAGER] Setting frequency for core 3 in DVFS domain 3 to 2128 MHz
Here we try remapping!
-----and here we finish handling remapping results in cache controller! the Latency: 0
---invalid_cnt: 0

************recordStats once at 568226
[Warning] power scale is less than 1, please check!
[Overall Power Consumption] Peak: 25.3117, Dynamic: 14.278
[DTM Trigger] CPU_MAX(THRES): 100.072(99.000), DRAM_MAX(THRES): 87.888(85.000)
	Current DTM method: 1
[HOT!] CPU is too hot!
[SNIPER_STATS_MANAGER] Setting frequency for core 0 in DVFS domain 0 to 1596 MHz
[SNIPER_STATS_MANAGER] Setting frequency for core 1 in DVFS domain 1 to 1596 MHz
[SNIPER_STATS_MANAGER] Setting frequency for core 2 in DVFS domain 2 to 1596 MHz
[SNIPER_STATS_MANAGER] Setting frequency for core 3 in DVFS domain 3 to 1596 MHz
Here we try remapping!
-----and here we finish handling remapping results in cache controller! the Latency: 0
---invalid_cnt: 0

************recordStats once at 569222
[Warning] power scale is less than 1, please check!
[Overall Power Consumption] Peak: 18.0553, Dynamic: 12.447
[DTM Trigger] CPU_MAX(THRES): 97.886(99.000), DRAM_MAX(THRES): 87.969(85.000)
	Current DTM method: 1
[SNIPER_STATS_MANAGER] Setting frequency for core 0 in DVFS domain 0 to 2128 MHz
[SNIPER_STATS_MANAGER] Setting frequency for core 1 in DVFS domain 1 to 2128 MHz
[SNIPER_STATS_MANAGER] Setting frequency for core 2 in DVFS domain 2 to 2128 MHz
[SNIPER_STATS_MANAGER] Setting frequency for core 3 in DVFS domain 3 to 2128 MHz
Here we try remapping!
-----and here we finish handling remapping results in cache controller! the Latency: 0
---invalid_cnt: 0

************recordStats once at 570226
[Warning] power scale is less than 1, please check!
[Overall Power Consumption] Peak: 25.2825, Dynamic: 14.2321
[DTM Trigger] CPU_MAX(THRES): 100.071(99.000), DRAM_MAX(THRES): 87.978(85.000)
	Current DTM method: 1
[HOT!] CPU is too hot!
[SNIPER_STATS_MANAGER] Setting frequency for core 0 in DVFS domain 0 to 1596 MHz
[SNIPER_STATS_MANAGER] Setting frequency for core 1 in DVFS domain 1 to 1596 MHz
[SNIPER_STATS_MANAGER] Setting frequency for core 2 in DVFS domain 2 to 1596 MHz
[SNIPER_STATS_MANAGER] Setting frequency for core 3 in DVFS domain 3 to 1596 MHz
Here we try remapping!
-----and here we finish handling remapping results in cache controller! the Latency: 110
---invalid_cnt: 2048

************recordStats once at 571226
[Warning] power scale is less than 1, please check!
[Overall Power Consumption] Peak: 18.0402, Dynamic: 12.4758
[DTM Trigger] CPU_MAX(THRES): 98.076(99.000), DRAM_MAX(THRES): 88.055(85.000)
	Current DTM method: 1
[SNIPER_STATS_MANAGER] Setting frequency for core 0 in DVFS domain 0 to 2128 MHz
[SNIPER_STATS_MANAGER] Setting frequency for core 1 in DVFS domain 1 to 2128 MHz
[SNIPER_STATS_MANAGER] Setting frequency for core 2 in DVFS domain 2 to 2128 MHz
[SNIPER_STATS_MANAGER] Setting frequency for core 3 in DVFS domain 3 to 2128 MHz
Here we try remapping!
-----and here we finish handling remapping results in cache controller! the Latency: 0
---invalid_cnt: 0

************recordStats once at 572226
[Warning] power scale is less than 1, please check!
[Overall Power Consumption] Peak: 25.0713, Dynamic: 13.9453
[DTM Trigger] CPU_MAX(THRES): 100.265(99.000), DRAM_MAX(THRES): 88.062(85.000)
	Current DTM method: 1
[HOT!] CPU is too hot!
[SNIPER_STATS_MANAGER] Setting frequency for core 0 in DVFS domain 0 to 1596 MHz
[SNIPER_STATS_MANAGER] Setting frequency for core 1 in DVFS domain 1 to 1596 MHz
[SNIPER_STATS_MANAGER] Setting frequency for core 2 in DVFS domain 2 to 1596 MHz
[SNIPER_STATS_MANAGER] Setting frequency for core 3 in DVFS domain 3 to 1596 MHz
Here we try remapping!
-----and here we finish handling remapping results in cache controller! the Latency: 110
---invalid_cnt: 2048

************recordStats once at 573226
[Warning] power scale is less than 1, please check!
[Overall Power Consumption] Peak: 17.9161, Dynamic: 12.3976
[DTM Trigger] CPU_MAX(THRES): 98.152(99.000), DRAM_MAX(THRES): 88.138(85.000)
	Current DTM method: 1
[SNIPER_STATS_MANAGER] Setting frequency for core 0 in DVFS domain 0 to 2128 MHz
[SNIPER_STATS_MANAGER] Setting frequency for core 1 in DVFS domain 1 to 2128 MHz
[SNIPER_STATS_MANAGER] Setting frequency for core 2 in DVFS domain 2 to 2128 MHz
[SNIPER_STATS_MANAGER] Setting frequency for core 3 in DVFS domain 3 to 2128 MHz
Here we try remapping!
-----and here we finish handling remapping results in cache controller! the Latency: 0
---invalid_cnt: 0

************recordStats once at 574219
[Warning] power scale is less than 1, please check!
[Overall Power Consumption] Peak: 25.107, Dynamic: 13.939
[DTM Trigger] CPU_MAX(THRES): 100.334(99.000), DRAM_MAX(THRES): 88.121(85.000)
	Current DTM method: 1
[HOT!] CPU is too hot!
[SNIPER_STATS_MANAGER] Setting frequency for core 0 in DVFS domain 0 to 1596 MHz
[SNIPER_STATS_MANAGER] Setting frequency for core 1 in DVFS domain 1 to 1596 MHz
[SNIPER_STATS_MANAGER] Setting frequency for core 2 in DVFS domain 2 to 1596 MHz
[SNIPER_STATS_MANAGER] Setting frequency for core 3 in DVFS domain 3 to 1596 MHz
Here we try remapping!
-----and here we finish handling remapping results in cache controller! the Latency: 110
---invalid_cnt: 2048

************recordStats once at 575220
[Warning] power scale is less than 1, please check!
[Overall Power Consumption] Peak: 17.7808, Dynamic: 12.2807
[DTM Trigger] CPU_MAX(THRES): 98.129(99.000), DRAM_MAX(THRES): 88.161(85.000)
	Current DTM method: 1
[SNIPER_STATS_MANAGER] Setting frequency for core 0 in DVFS domain 0 to 2128 MHz
[SNIPER_STATS_MANAGER] Setting frequency for core 1 in DVFS domain 1 to 2128 MHz
[SNIPER_STATS_MANAGER] Setting frequency for core 2 in DVFS domain 2 to 2128 MHz
[SNIPER_STATS_MANAGER] Setting frequency for core 3 in DVFS domain 3 to 2128 MHz
Here we try remapping!
-----and here we finish handling remapping results in cache controller! the Latency: 0
---invalid_cnt: 0

************recordStats once at 576226
[Warning] power scale is less than 1, please check!
[Overall Power Consumption] Peak: 25.1965, Dynamic: 14.0484
[DTM Trigger] CPU_MAX(THRES): 100.595(99.000), DRAM_MAX(THRES): 88.129(85.000)
	Current DTM method: 1
[HOT!] CPU is too hot!
[SNIPER_STATS_MANAGER] Setting frequency for core 0 in DVFS domain 0 to 1596 MHz
[SNIPER_STATS_MANAGER] Setting frequency for core 1 in DVFS domain 1 to 1596 MHz
[SNIPER_STATS_MANAGER] Setting frequency for core 2 in DVFS domain 2 to 1596 MHz
[SNIPER_STATS_MANAGER] Setting frequency for core 3 in DVFS domain 3 to 1596 MHz
Here we try remapping!
-----and here we finish handling remapping results in cache controller! the Latency: 110
---invalid_cnt: 2048

************recordStats once at 577213
[Warning] power scale is less than 1, please check!
[Overall Power Consumption] Peak: 17.7954, Dynamic: 12.2394
[DTM Trigger] CPU_MAX(THRES): 98.213(99.000), DRAM_MAX(THRES): 88.175(85.000)
	Current DTM method: 1
[SNIPER_STATS_MANAGER] Setting frequency for core 0 in DVFS domain 0 to 2128 MHz
[SNIPER_STATS_MANAGER] Setting frequency for core 1 in DVFS domain 1 to 2128 MHz
[SNIPER_STATS_MANAGER] Setting frequency for core 2 in DVFS domain 2 to 2128 MHz
[SNIPER_STATS_MANAGER] Setting frequency for core 3 in DVFS domain 3 to 2128 MHz
Here we try remapping!
-----and here we finish handling remapping results in cache controller! the Latency: 0
---invalid_cnt: 0

************recordStats once at 578226
[Warning] power scale is less than 1, please check!
[Overall Power Consumption] Peak: 25.3359, Dynamic: 14.2881
[DTM Trigger] CPU_MAX(THRES): 100.514(99.000), DRAM_MAX(THRES): 88.164(85.000)
	Current DTM method: 1
[HOT!] CPU is too hot!
[SNIPER_STATS_MANAGER] Setting frequency for core 0 in DVFS domain 0 to 1596 MHz
[SNIPER_STATS_MANAGER] Setting frequency for core 1 in DVFS domain 1 to 1596 MHz
[SNIPER_STATS_MANAGER] Setting frequency for core 2 in DVFS domain 2 to 1596 MHz
[SNIPER_STATS_MANAGER] Setting frequency for core 3 in DVFS domain 3 to 1596 MHz
Here we try remapping!
-----and here we finish handling remapping results in cache controller! the Latency: 0
---invalid_cnt: 0

************recordStats once at 579219
[Warning] power scale is less than 1, please check!
[Overall Power Consumption] Peak: 17.9806, Dynamic: 12.3677
[DTM Trigger] CPU_MAX(THRES): 98.327(99.000), DRAM_MAX(THRES): 88.241(85.000)
	Current DTM method: 1
[SNIPER_STATS_MANAGER] Setting frequency for core 0 in DVFS domain 0 to 2128 MHz
[SNIPER_STATS_MANAGER] Setting frequency for core 1 in DVFS domain 1 to 2128 MHz
[SNIPER_STATS_MANAGER] Setting frequency for core 2 in DVFS domain 2 to 2128 MHz
[SNIPER_STATS_MANAGER] Setting frequency for core 3 in DVFS domain 3 to 2128 MHz
Here we try remapping!
-----and here we finish handling remapping results in cache controller! the Latency: 0
---invalid_cnt: 0

************recordStats once at 580226
[Warning] power scale is less than 1, please check!
[Overall Power Consumption] Peak: 25.2482, Dynamic: 14.2122
[DTM Trigger] CPU_MAX(THRES): 100.508(99.000), DRAM_MAX(THRES): 88.248(85.000)
	Current DTM method: 1
[HOT!] CPU is too hot!
[SNIPER_STATS_MANAGER] Setting frequency for core 0 in DVFS domain 0 to 1596 MHz
[SNIPER_STATS_MANAGER] Setting frequency for core 1 in DVFS domain 1 to 1596 MHz
[SNIPER_STATS_MANAGER] Setting frequency for core 2 in DVFS domain 2 to 1596 MHz
[SNIPER_STATS_MANAGER] Setting frequency for core 3 in DVFS domain 3 to 1596 MHz
Here we try remapping!
-----and here we finish handling remapping results in cache controller! the Latency: 110
---invalid_cnt: 2048

************recordStats once at 581226
[Warning] power scale is less than 1, please check!
[Overall Power Consumption] Peak: 17.6023, Dynamic: 11.9135
[DTM Trigger] CPU_MAX(THRES): 98.651(99.000), DRAM_MAX(THRES): 88.308(85.000)
	Current DTM method: 1
[SNIPER_STATS_MANAGER] Setting frequency for core 0 in DVFS domain 0 to 2128 MHz
[SNIPER_STATS_MANAGER] Setting frequency for core 1 in DVFS domain 1 to 2128 MHz
[SNIPER_STATS_MANAGER] Setting frequency for core 2 in DVFS domain 2 to 2128 MHz
[SNIPER_STATS_MANAGER] Setting frequency for core 3 in DVFS domain 3 to 2128 MHz
Here we try remapping!
-----and here we finish handling remapping results in cache controller! the Latency: 0
---invalid_cnt: 0

************recordStats once at 582226
[Warning] power scale is less than 1, please check!
[Overall Power Consumption] Peak: 21.3893, Dynamic: 11.1037
[DTM Trigger] CPU_MAX(THRES): 101.473(99.000), DRAM_MAX(THRES): 88.139(85.000)
	Current DTM method: 1
[HOT!] CPU is too hot!
[SNIPER_STATS_MANAGER] Setting frequency for core 0 in DVFS domain 0 to 1596 MHz
[SNIPER_STATS_MANAGER] Setting frequency for core 1 in DVFS domain 1 to 1596 MHz
[SNIPER_STATS_MANAGER] Setting frequency for core 2 in DVFS domain 2 to 1596 MHz
[SNIPER_STATS_MANAGER] Setting frequency for core 3 in DVFS domain 3 to 1596 MHz
Here we try remapping!
-----and here we finish handling remapping results in cache controller! the Latency: 111
---invalid_cnt: 2048

************recordStats once at 583226
[Warning] power scale is less than 1, please check!
[Overall Power Consumption] Peak: 15.1205, Dynamic: 9.92428
[DTM Trigger] CPU_MAX(THRES): 99.131(99.000), DRAM_MAX(THRES): 87.822(85.000)
	Current DTM method: 1
[HOT!] CPU is too hot!
[SNIPER_STATS_MANAGER] Setting frequency for core 0 in DVFS domain 0 to 1064 MHz
[SNIPER_STATS_MANAGER] Setting frequency for core 1 in DVFS domain 1 to 1064 MHz
[SNIPER_STATS_MANAGER] Setting frequency for core 2 in DVFS domain 2 to 1064 MHz
[SNIPER_STATS_MANAGER] Setting frequency for core 3 in DVFS domain 3 to 1064 MHz
Here we try remapping!
-----and here we finish handling remapping results in cache controller! the Latency: 0
---invalid_cnt: 0

************recordStats once at 584221
[Warning] power scale is less than 1, please check!
[Overall Power Consumption] Peak: 9.9724, Dynamic: 7.10561
[DTM Trigger] CPU_MAX(THRES): 94.876(99.000), DRAM_MAX(THRES): 87.373(85.000)
	Current DTM method: 1
[SNIPER_STATS_MANAGER] Setting frequency for core 0 in DVFS domain 0 to 1596 MHz
[SNIPER_STATS_MANAGER] Setting frequency for core 1 in DVFS domain 1 to 1596 MHz
[SNIPER_STATS_MANAGER] Setting frequency for core 2 in DVFS domain 2 to 1596 MHz
[SNIPER_STATS_MANAGER] Setting frequency for core 3 in DVFS domain 3 to 1596 MHz
Here we try remapping!
-----and here we finish handling remapping results in cache controller! the Latency: 0
---invalid_cnt: 0

************recordStats once at 585226
[Warning] power scale is less than 1, please check!
[Overall Power Consumption] Peak: 12.2036, Dynamic: 6.69816
[DTM Trigger] CPU_MAX(THRES): 94.117(99.000), DRAM_MAX(THRES): 86.854(85.000)
	Current DTM method: 1
[SNIPER_STATS_MANAGER] Setting frequency for core 0 in DVFS domain 0 to 2128 MHz
[SNIPER_STATS_MANAGER] Setting frequency for core 1 in DVFS domain 1 to 2128 MHz
[SNIPER_STATS_MANAGER] Setting frequency for core 2 in DVFS domain 2 to 2128 MHz
[SNIPER_STATS_MANAGER] Setting frequency for core 3 in DVFS domain 3 to 2128 MHz
Here we try remapping!
-----and here we finish handling remapping results in cache controller! the Latency: 0
---invalid_cnt: 0

************recordStats once at 586226
[Warning] power scale is less than 1, please check!
[Overall Power Consumption] Peak: 23.3014, Dynamic: 11.2386
[DTM Trigger] CPU_MAX(THRES): 95.769(99.000), DRAM_MAX(THRES): 87.590(85.000)
	Current DTM method: 1
[SNIPER_STATS_MANAGER] Setting frequency for core 0 in DVFS domain 0 to 2660 MHz
[SNIPER_STATS_MANAGER] Setting frequency for core 1 in DVFS domain 1 to 2660 MHz
[SNIPER_STATS_MANAGER] Setting frequency for core 2 in DVFS domain 2 to 2660 MHz
[SNIPER_STATS_MANAGER] Setting frequency for core 3 in DVFS domain 3 to 2660 MHz
Here we try remapping!
-----and here we finish handling remapping results in cache controller! the Latency: 0
---invalid_cnt: 0

************recordStats once at 587226
[Warning] power scale is less than 1, please check!
[Overall Power Consumption] Peak: 29.0303, Dynamic: 13.5345
[DTM Trigger] CPU_MAX(THRES): 98.174(99.000), DRAM_MAX(THRES): 88.751(85.000)
	Current DTM method: 1
Here we try remapping!
-----and here we finish handling remapping results in cache controller! the Latency: 110
---invalid_cnt: 2048

************recordStats once at 588220
[Warning] power scale is less than 1, please check!
[Overall Power Consumption] Peak: 30.0393, Dynamic: 14.6262
[DTM Trigger] CPU_MAX(THRES): 101.409(99.000), DRAM_MAX(THRES): 89.956(85.000)
	Current DTM method: 1
[HOT!] CPU is too hot!
[SNIPER_STATS_MANAGER] Setting frequency for core 0 in DVFS domain 0 to 2128 MHz
[SNIPER_STATS_MANAGER] Setting frequency for core 1 in DVFS domain 1 to 2128 MHz
[SNIPER_STATS_MANAGER] Setting frequency for core 2 in DVFS domain 2 to 2128 MHz
[SNIPER_STATS_MANAGER] Setting frequency for core 3 in DVFS domain 3 to 2128 MHz
Here we try remapping!
-----and here we finish handling remapping results in cache controller! the Latency: 221
---invalid_cnt: 4096

************recordStats once at 589226
[Warning] power scale is less than 1, please check!
[Overall Power Consumption] Peak: 29.6974, Dynamic: 18.6182
[DTM Trigger] CPU_MAX(THRES): 105.639(99.000), DRAM_MAX(THRES): 90.020(85.000)
	Current DTM method: 1
[HOT!] CPU is too hot!
[SNIPER_STATS_MANAGER] Setting frequency for core 0 in DVFS domain 0 to 1596 MHz
[SNIPER_STATS_MANAGER] Setting frequency for core 1 in DVFS domain 1 to 1596 MHz
[SNIPER_STATS_MANAGER] Setting frequency for core 2 in DVFS domain 2 to 1596 MHz
[SNIPER_STATS_MANAGER] Setting frequency for core 3 in DVFS domain 3 to 1596 MHz
Here we try remapping!
-----and here we finish handling remapping results in cache controller! the Latency: 560
---invalid_cnt: 12288

************recordStats once at 590226
[Warning] power scale is less than 1, please check!
[Overall Power Consumption] Peak: 17.6539, Dynamic: 12.4297
[DTM Trigger] CPU_MAX(THRES): 98.876(99.000), DRAM_MAX(THRES): 89.576(85.000)
	Current DTM method: 1
[SNIPER_STATS_MANAGER] Setting frequency for core 0 in DVFS domain 0 to 2128 MHz
[SNIPER_STATS_MANAGER] Setting frequency for core 1 in DVFS domain 1 to 2128 MHz
[SNIPER_STATS_MANAGER] Setting frequency for core 2 in DVFS domain 2 to 2128 MHz
[SNIPER_STATS_MANAGER] Setting frequency for core 3 in DVFS domain 3 to 2128 MHz
Here we try remapping!
-----and here we finish handling remapping results in cache controller! the Latency: 190
---invalid_cnt: 8192

************recordStats once at 591223
[Warning] power scale is less than 1, please check!
[Overall Power Consumption] Peak: 24.072, Dynamic: 13.0861
[DTM Trigger] CPU_MAX(THRES): 102.009(99.000), DRAM_MAX(THRES): 89.179(85.000)
	Current DTM method: 1
[HOT!] CPU is too hot!
[SNIPER_STATS_MANAGER] Setting frequency for core 0 in DVFS domain 0 to 1596 MHz
[SNIPER_STATS_MANAGER] Setting frequency for core 1 in DVFS domain 1 to 1596 MHz
[SNIPER_STATS_MANAGER] Setting frequency for core 2 in DVFS domain 2 to 1596 MHz
[SNIPER_STATS_MANAGER] Setting frequency for core 3 in DVFS domain 3 to 1596 MHz
Here we try remapping!
-----and here we finish handling remapping results in cache controller! the Latency: 0
---invalid_cnt: 0

************recordStats once at 592226
[Warning] power scale is less than 1, please check!
[Overall Power Consumption] Peak: 17.5921, Dynamic: 12.4586
[DTM Trigger] CPU_MAX(THRES): 99.353(99.000), DRAM_MAX(THRES): 89.005(85.000)
	Current DTM method: 1
[HOT!] CPU is too hot!
[SNIPER_STATS_MANAGER] Setting frequency for core 0 in DVFS domain 0 to 1064 MHz
[SNIPER_STATS_MANAGER] Setting frequency for core 1 in DVFS domain 1 to 1064 MHz
[SNIPER_STATS_MANAGER] Setting frequency for core 2 in DVFS domain 2 to 1064 MHz
[SNIPER_STATS_MANAGER] Setting frequency for core 3 in DVFS domain 3 to 1064 MHz
Here we try remapping!
-----and here we finish handling remapping results in cache controller! the Latency: 0
---invalid_cnt: 0

************recordStats once at 593225
[Warning] power scale is less than 1, please check!
[Overall Power Consumption] Peak: 12.616, Dynamic: 9.41316
[DTM Trigger] CPU_MAX(THRES): 95.627(99.000), DRAM_MAX(THRES): 88.765(85.000)
	Current DTM method: 1
[SNIPER_STATS_MANAGER] Setting frequency for core 0 in DVFS domain 0 to 1596 MHz
[SNIPER_STATS_MANAGER] Setting frequency for core 1 in DVFS domain 1 to 1596 MHz
[SNIPER_STATS_MANAGER] Setting frequency for core 2 in DVFS domain 2 to 1596 MHz
[SNIPER_STATS_MANAGER] Setting frequency for core 3 in DVFS domain 3 to 1596 MHz
Here we try remapping!
-----and here we finish handling remapping results in cache controller! the Latency: 0
---invalid_cnt: 0

************recordStats once at 594211
[Warning] power scale is less than 1, please check!
[Overall Power Consumption] Peak: 13.9312, Dynamic: 8.12581
[DTM Trigger] CPU_MAX(THRES): 94.445(99.000), DRAM_MAX(THRES): 88.388(85.000)
	Current DTM method: 1
[SNIPER_STATS_MANAGER] Setting frequency for core 0 in DVFS domain 0 to 2128 MHz
[SNIPER_STATS_MANAGER] Setting frequency for core 1 in DVFS domain 1 to 2128 MHz
[SNIPER_STATS_MANAGER] Setting frequency for core 2 in DVFS domain 2 to 2128 MHz
[SNIPER_STATS_MANAGER] Setting frequency for core 3 in DVFS domain 3 to 2128 MHz
Here we try remapping!
-----and here we finish handling remapping results in cache controller! the Latency: 0
---invalid_cnt: 0

************recordStats once at 595226
[Warning] power scale is less than 1, please check!
[Overall Power Consumption] Peak: 25.3879, Dynamic: 14.7192
[DTM Trigger] CPU_MAX(THRES): 99.775(99.000), DRAM_MAX(THRES): 88.140(85.000)
	Current DTM method: 1
[HOT!] CPU is too hot!
[SNIPER_STATS_MANAGER] Setting frequency for core 0 in DVFS domain 0 to 1596 MHz
[SNIPER_STATS_MANAGER] Setting frequency for core 1 in DVFS domain 1 to 1596 MHz
[SNIPER_STATS_MANAGER] Setting frequency for core 2 in DVFS domain 2 to 1596 MHz
[SNIPER_STATS_MANAGER] Setting frequency for core 3 in DVFS domain 3 to 1596 MHz
Here we try remapping!
-----and here we finish handling remapping results in cache controller! the Latency: 0
---invalid_cnt: 0

************recordStats once at 596215
[Warning] power scale is less than 1, please check!
[Overall Power Consumption] Peak: 18.2275, Dynamic: 13.1334
[DTM Trigger] CPU_MAX(THRES): 98.195(99.000), DRAM_MAX(THRES): 88.119(85.000)
	Current DTM method: 1
[SNIPER_STATS_MANAGER] Setting frequency for core 0 in DVFS domain 0 to 2128 MHz
[SNIPER_STATS_MANAGER] Setting frequency for core 1 in DVFS domain 1 to 2128 MHz
[SNIPER_STATS_MANAGER] Setting frequency for core 2 in DVFS domain 2 to 2128 MHz
[SNIPER_STATS_MANAGER] Setting frequency for core 3 in DVFS domain 3 to 2128 MHz
Here we try remapping!
-----and here we finish handling remapping results in cache controller! the Latency: 0
---invalid_cnt: 0

************recordStats once at 597226
[Warning] power scale is less than 1, please check!
[Overall Power Consumption] Peak: 25.2934, Dynamic: 14.6387
[DTM Trigger] CPU_MAX(THRES): 100.674(99.000), DRAM_MAX(THRES): 88.088(85.000)
	Current DTM method: 1
[HOT!] CPU is too hot!
[SNIPER_STATS_MANAGER] Setting frequency for core 0 in DVFS domain 0 to 1596 MHz
[SNIPER_STATS_MANAGER] Setting frequency for core 1 in DVFS domain 1 to 1596 MHz
[SNIPER_STATS_MANAGER] Setting frequency for core 2 in DVFS domain 2 to 1596 MHz
[SNIPER_STATS_MANAGER] Setting frequency for core 3 in DVFS domain 3 to 1596 MHz
Here we try remapping!
-----and here we finish handling remapping results in cache controller! the Latency: 0
---invalid_cnt: 0

************recordStats once at 598218
[Warning] power scale is less than 1, please check!
[Overall Power Consumption] Peak: 18.1902, Dynamic: 13.0585
[DTM Trigger] CPU_MAX(THRES): 98.643(99.000), DRAM_MAX(THRES): 88.142(85.000)
	Current DTM method: 1
[SNIPER_STATS_MANAGER] Setting frequency for core 0 in DVFS domain 0 to 2128 MHz
[SNIPER_STATS_MANAGER] Setting frequency for core 1 in DVFS domain 1 to 2128 MHz
[SNIPER_STATS_MANAGER] Setting frequency for core 2 in DVFS domain 2 to 2128 MHz
[SNIPER_STATS_MANAGER] Setting frequency for core 3 in DVFS domain 3 to 2128 MHz
Here we try remapping!
-----and here we finish handling remapping results in cache controller! the Latency: 24
---invalid_cnt: 2048

************recordStats once at 599221
[Warning] power scale is less than 1, please check!
[Overall Power Consumption] Peak: 25.1764, Dynamic: 14.4932
[DTM Trigger] CPU_MAX(THRES): 101.019(99.000), DRAM_MAX(THRES): 88.156(85.000)
	Current DTM method: 1
[HOT!] CPU is too hot!
[SNIPER_STATS_MANAGER] Setting frequency for core 0 in DVFS domain 0 to 1596 MHz
[SNIPER_STATS_MANAGER] Setting frequency for core 1 in DVFS domain 1 to 1596 MHz
[SNIPER_STATS_MANAGER] Setting frequency for core 2 in DVFS domain 2 to 1596 MHz
[SNIPER_STATS_MANAGER] Setting frequency for core 3 in DVFS domain 3 to 1596 MHz
Here we try remapping!
-----and here we finish handling remapping results in cache controller! the Latency: 0
---invalid_cnt: 0

************recordStats once at 600211
[Warning] power scale is less than 1, please check!
[Overall Power Consumption] Peak: 17.9248, Dynamic: 12.8176
[DTM Trigger] CPU_MAX(THRES): 98.645(99.000), DRAM_MAX(THRES): 88.223(85.000)
	Current DTM method: 1
[SNIPER_STATS_MANAGER] Setting frequency for core 0 in DVFS domain 0 to 2128 MHz
[SNIPER_STATS_MANAGER] Setting frequency for core 1 in DVFS domain 1 to 2128 MHz
[SNIPER_STATS_MANAGER] Setting frequency for core 2 in DVFS domain 2 to 2128 MHz
[SNIPER_STATS_MANAGER] Setting frequency for core 3 in DVFS domain 3 to 2128 MHz
Here we try remapping!
-----and here we finish handling remapping results in cache controller! the Latency: 0
---invalid_cnt: 0

************recordStats once at 601225
[Warning] power scale is less than 1, please check!
[Overall Power Consumption] Peak: 25.2456, Dynamic: 14.5293
[DTM Trigger] CPU_MAX(THRES): 101.211(99.000), DRAM_MAX(THRES): 88.238(85.000)
	Current DTM method: 1
[HOT!] CPU is too hot!
[SNIPER_STATS_MANAGER] Setting frequency for core 0 in DVFS domain 0 to 1596 MHz
[SNIPER_STATS_MANAGER] Setting frequency for core 1 in DVFS domain 1 to 1596 MHz
[SNIPER_STATS_MANAGER] Setting frequency for core 2 in DVFS domain 2 to 1596 MHz
[SNIPER_STATS_MANAGER] Setting frequency for core 3 in DVFS domain 3 to 1596 MHz
Here we try remapping!
-----and here we finish handling remapping results in cache controller! the Latency: 0
---invalid_cnt: 0

************recordStats once at 602225
[Warning] power scale is less than 1, please check!
[Overall Power Consumption] Peak: 18.0472, Dynamic: 12.91
[DTM Trigger] CPU_MAX(THRES): 99.002(99.000), DRAM_MAX(THRES): 88.313(85.000)
	Current DTM method: 1
[HOT!] CPU is too hot!
[SNIPER_STATS_MANAGER] Setting frequency for core 0 in DVFS domain 0 to 1064 MHz
[SNIPER_STATS_MANAGER] Setting frequency for core 1 in DVFS domain 1 to 1064 MHz
[SNIPER_STATS_MANAGER] Setting frequency for core 2 in DVFS domain 2 to 1064 MHz
[SNIPER_STATS_MANAGER] Setting frequency for core 3 in DVFS domain 3 to 1064 MHz
Here we try remapping!
-----and here we finish handling remapping results in cache controller! the Latency: 0
---invalid_cnt: 0

************recordStats once at 603226
[Warning] power scale is less than 1, please check!
[Overall Power Consumption] Peak: 12.3815, Dynamic: 9.38069
[DTM Trigger] CPU_MAX(THRES): 95.294(99.000), DRAM_MAX(THRES): 88.242(85.000)
	Current DTM method: 1
[SNIPER_STATS_MANAGER] Setting frequency for core 0 in DVFS domain 0 to 1596 MHz
[SNIPER_STATS_MANAGER] Setting frequency for core 1 in DVFS domain 1 to 1596 MHz
[SNIPER_STATS_MANAGER] Setting frequency for core 2 in DVFS domain 2 to 1596 MHz
[SNIPER_STATS_MANAGER] Setting frequency for core 3 in DVFS domain 3 to 1596 MHz
Here we try remapping!
-----and here we finish handling remapping results in cache controller! the Latency: 0
---invalid_cnt: 0

************recordStats once at 604226
[Warning] power scale is less than 1, please check!
[Overall Power Consumption] Peak: 13.8408, Dynamic: 8.04274
[DTM Trigger] CPU_MAX(THRES): 94.303(99.000), DRAM_MAX(THRES): 87.989(85.000)
	Current DTM method: 1
[SNIPER_STATS_MANAGER] Setting frequency for core 0 in DVFS domain 0 to 2128 MHz
[SNIPER_STATS_MANAGER] Setting frequency for core 1 in DVFS domain 1 to 2128 MHz
[SNIPER_STATS_MANAGER] Setting frequency for core 2 in DVFS domain 2 to 2128 MHz
[SNIPER_STATS_MANAGER] Setting frequency for core 3 in DVFS domain 3 to 2128 MHz
Here we try remapping!
-----and here we finish handling remapping results in cache controller! the Latency: 0
---invalid_cnt: 0

************recordStats once at 605226
[Warning] power scale is less than 1, please check!
[Overall Power Consumption] Peak: 25.4672, Dynamic: 14.789
[DTM Trigger] CPU_MAX(THRES): 99.828(99.000), DRAM_MAX(THRES): 87.816(85.000)
	Current DTM method: 1
[HOT!] CPU is too hot!
[SNIPER_STATS_MANAGER] Setting frequency for core 0 in DVFS domain 0 to 1596 MHz
[SNIPER_STATS_MANAGER] Setting frequency for core 1 in DVFS domain 1 to 1596 MHz
[SNIPER_STATS_MANAGER] Setting frequency for core 2 in DVFS domain 2 to 1596 MHz
[SNIPER_STATS_MANAGER] Setting frequency for core 3 in DVFS domain 3 to 1596 MHz
Here we try remapping!
-----and here we finish handling remapping results in cache controller! the Latency: 0
---invalid_cnt: 0

************recordStats once at 606222
[Warning] power scale is less than 1, please check!
[Overall Power Consumption] Peak: 18.073, Dynamic: 12.9584
[DTM Trigger] CPU_MAX(THRES): 98.042(99.000), DRAM_MAX(THRES): 87.874(85.000)
	Current DTM method: 1
[SNIPER_STATS_MANAGER] Setting frequency for core 0 in DVFS domain 0 to 2128 MHz
[SNIPER_STATS_MANAGER] Setting frequency for core 1 in DVFS domain 1 to 2128 MHz
[SNIPER_STATS_MANAGER] Setting frequency for core 2 in DVFS domain 2 to 2128 MHz
[SNIPER_STATS_MANAGER] Setting frequency for core 3 in DVFS domain 3 to 2128 MHz
Here we try remapping!
-----and here we finish handling remapping results in cache controller! the Latency: 0
---invalid_cnt: 0

************recordStats once at 607226
[Warning] power scale is less than 1, please check!
[Overall Power Consumption] Peak: 25.3436, Dynamic: 14.6862
[DTM Trigger] CPU_MAX(THRES): 100.716(99.000), DRAM_MAX(THRES): 87.922(85.000)
	Current DTM method: 1
[HOT!] CPU is too hot!
[SNIPER_STATS_MANAGER] Setting frequency for core 0 in DVFS domain 0 to 1596 MHz
[SNIPER_STATS_MANAGER] Setting frequency for core 1 in DVFS domain 1 to 1596 MHz
[SNIPER_STATS_MANAGER] Setting frequency for core 2 in DVFS domain 2 to 1596 MHz
[SNIPER_STATS_MANAGER] Setting frequency for core 3 in DVFS domain 3 to 1596 MHz
Here we try remapping!
-----and here we finish handling remapping results in cache controller! the Latency: 0
---invalid_cnt: 0

************recordStats once at 608225
[Warning] power scale is less than 1, please check!
[Overall Power Consumption] Peak: 18.0624, Dynamic: 12.9281
[DTM Trigger] CPU_MAX(THRES): 98.561(99.000), DRAM_MAX(THRES): 88.036(85.000)
	Current DTM method: 1
[SNIPER_STATS_MANAGER] Setting frequency for core 0 in DVFS domain 0 to 2128 MHz
[SNIPER_STATS_MANAGER] Setting frequency for core 1 in DVFS domain 1 to 2128 MHz
[SNIPER_STATS_MANAGER] Setting frequency for core 2 in DVFS domain 2 to 2128 MHz
[SNIPER_STATS_MANAGER] Setting frequency for core 3 in DVFS domain 3 to 2128 MHz
Here we try remapping!
-----and here we finish handling remapping results in cache controller! the Latency: 0
---invalid_cnt: 0

************recordStats once at 609222
[Warning] power scale is less than 1, please check!
[Overall Power Consumption] Peak: 25.3202, Dynamic: 14.6383
[DTM Trigger] CPU_MAX(THRES): 101.164(99.000), DRAM_MAX(THRES): 88.083(85.000)
	Current DTM method: 1
[HOT!] CPU is too hot!
[SNIPER_STATS_MANAGER] Setting frequency for core 0 in DVFS domain 0 to 1596 MHz
[SNIPER_STATS_MANAGER] Setting frequency for core 1 in DVFS domain 1 to 1596 MHz
[SNIPER_STATS_MANAGER] Setting frequency for core 2 in DVFS domain 2 to 1596 MHz
[SNIPER_STATS_MANAGER] Setting frequency for core 3 in DVFS domain 3 to 1596 MHz
Here we try remapping!
-----and here we finish handling remapping results in cache controller! the Latency: 0
---invalid_cnt: 0

************recordStats once at 610226
[Warning] power scale is less than 1, please check!
[Overall Power Consumption] Peak: 17.963, Dynamic: 12.8824
[DTM Trigger] CPU_MAX(THRES): 98.972(99.000), DRAM_MAX(THRES): 88.191(85.000)
	Current DTM method: 1
[SNIPER_STATS_MANAGER] Setting frequency for core 0 in DVFS domain 0 to 2128 MHz
[SNIPER_STATS_MANAGER] Setting frequency for core 1 in DVFS domain 1 to 2128 MHz
[SNIPER_STATS_MANAGER] Setting frequency for core 2 in DVFS domain 2 to 2128 MHz
[SNIPER_STATS_MANAGER] Setting frequency for core 3 in DVFS domain 3 to 2128 MHz
Here we try remapping!
-----and here we finish handling remapping results in cache controller! the Latency: 0
---invalid_cnt: 0

************recordStats once at 611226
[Warning] power scale is less than 1, please check!
[Overall Power Consumption] Peak: 25.5652, Dynamic: 14.8652
[DTM Trigger] CPU_MAX(THRES): 101.372(99.000), DRAM_MAX(THRES): 88.219(85.000)
	Current DTM method: 1
[HOT!] CPU is too hot!
[SNIPER_STATS_MANAGER] Setting frequency for core 0 in DVFS domain 0 to 1596 MHz
[SNIPER_STATS_MANAGER] Setting frequency for core 1 in DVFS domain 1 to 1596 MHz
[SNIPER_STATS_MANAGER] Setting frequency for core 2 in DVFS domain 2 to 1596 MHz
[SNIPER_STATS_MANAGER] Setting frequency for core 3 in DVFS domain 3 to 1596 MHz
Here we try remapping!
-----and here we finish handling remapping results in cache controller! the Latency: 0
---invalid_cnt: 0

************recordStats once at 612221
[Warning] power scale is less than 1, please check!
[Overall Power Consumption] Peak: 18.0617, Dynamic: 12.9352
[DTM Trigger] CPU_MAX(THRES): 98.983(99.000), DRAM_MAX(THRES): 88.316(85.000)
	Current DTM method: 1
[SNIPER_STATS_MANAGER] Setting frequency for core 0 in DVFS domain 0 to 2128 MHz
[SNIPER_STATS_MANAGER] Setting frequency for core 1 in DVFS domain 1 to 2128 MHz
[SNIPER_STATS_MANAGER] Setting frequency for core 2 in DVFS domain 2 to 2128 MHz
[SNIPER_STATS_MANAGER] Setting frequency for core 3 in DVFS domain 3 to 2128 MHz
Here we try remapping!
-----and here we finish handling remapping results in cache controller! the Latency: 0
---invalid_cnt: 0

************recordStats once at 613226
[Warning] power scale is less than 1, please check!
[Overall Power Consumption] Peak: 25.3099, Dynamic: 14.6632
[DTM Trigger] CPU_MAX(THRES): 101.402(99.000), DRAM_MAX(THRES): 88.347(85.000)
	Current DTM method: 1
[HOT!] CPU is too hot!
[SNIPER_STATS_MANAGER] Setting frequency for core 0 in DVFS domain 0 to 1596 MHz
[SNIPER_STATS_MANAGER] Setting frequency for core 1 in DVFS domain 1 to 1596 MHz
[SNIPER_STATS_MANAGER] Setting frequency for core 2 in DVFS domain 2 to 1596 MHz
[SNIPER_STATS_MANAGER] Setting frequency for core 3 in DVFS domain 3 to 1596 MHz
Here we try remapping!
-----and here we finish handling remapping results in cache controller! the Latency: 11
---invalid_cnt: 2048

************recordStats once at 614224
[Warning] power scale is less than 1, please check!
[Overall Power Consumption] Peak: 18.1843, Dynamic: 13.0888
[DTM Trigger] CPU_MAX(THRES): 99.228(99.000), DRAM_MAX(THRES): 88.422(85.000)
	Current DTM method: 1
[HOT!] CPU is too hot!
[SNIPER_STATS_MANAGER] Setting frequency for core 0 in DVFS domain 0 to 1064 MHz
[SNIPER_STATS_MANAGER] Setting frequency for core 1 in DVFS domain 1 to 1064 MHz
[SNIPER_STATS_MANAGER] Setting frequency for core 2 in DVFS domain 2 to 1064 MHz
[SNIPER_STATS_MANAGER] Setting frequency for core 3 in DVFS domain 3 to 1064 MHz
Here we try remapping!
-----and here we finish handling remapping results in cache controller! the Latency: 110
---invalid_cnt: 2048

************recordStats once at 615225
[Warning] power scale is less than 1, please check!
[Overall Power Consumption] Peak: 12.3567, Dynamic: 9.31687
[DTM Trigger] CPU_MAX(THRES): 95.343(99.000), DRAM_MAX(THRES): 88.366(85.000)
	Current DTM method: 1
[SNIPER_STATS_MANAGER] Setting frequency for core 0 in DVFS domain 0 to 1596 MHz
[SNIPER_STATS_MANAGER] Setting frequency for core 1 in DVFS domain 1 to 1596 MHz
[SNIPER_STATS_MANAGER] Setting frequency for core 2 in DVFS domain 2 to 1596 MHz
[SNIPER_STATS_MANAGER] Setting frequency for core 3 in DVFS domain 3 to 1596 MHz
Here we try remapping!
-----and here we finish handling remapping results in cache controller! the Latency: 0
---invalid_cnt: 0

************recordStats once at 616204
[Warning] power scale is less than 1, please check!
[Overall Power Consumption] Peak: 13.8352, Dynamic: 7.98676
[DTM Trigger] CPU_MAX(THRES): 94.553(99.000), DRAM_MAX(THRES): 88.141(85.000)
	Current DTM method: 1
[SNIPER_STATS_MANAGER] Setting frequency for core 0 in DVFS domain 0 to 2128 MHz
[SNIPER_STATS_MANAGER] Setting frequency for core 1 in DVFS domain 1 to 2128 MHz
[SNIPER_STATS_MANAGER] Setting frequency for core 2 in DVFS domain 2 to 2128 MHz
[SNIPER_STATS_MANAGER] Setting frequency for core 3 in DVFS domain 3 to 2128 MHz
Here we try remapping!
-----and here we finish handling remapping results in cache controller! the Latency: 0
---invalid_cnt: 0

************recordStats once at 617226
[Warning] power scale is less than 1, please check!
[Overall Power Consumption] Peak: 25.3022, Dynamic: 14.6695
[DTM Trigger] CPU_MAX(THRES): 99.765(99.000), DRAM_MAX(THRES): 87.984(85.000)
	Current DTM method: 1
[HOT!] CPU is too hot!
[SNIPER_STATS_MANAGER] Setting frequency for core 0 in DVFS domain 0 to 1596 MHz
[SNIPER_STATS_MANAGER] Setting frequency for core 1 in DVFS domain 1 to 1596 MHz
[SNIPER_STATS_MANAGER] Setting frequency for core 2 in DVFS domain 2 to 1596 MHz
[SNIPER_STATS_MANAGER] Setting frequency for core 3 in DVFS domain 3 to 1596 MHz
Here we try remapping!
-----and here we finish handling remapping results in cache controller! the Latency: 0
---invalid_cnt: 0

************recordStats once at 618222
[Warning] power scale is less than 1, please check!
[Overall Power Consumption] Peak: 18.1662, Dynamic: 13.0346
[DTM Trigger] CPU_MAX(THRES): 98.272(99.000), DRAM_MAX(THRES): 88.019(85.000)
	Current DTM method: 1
[SNIPER_STATS_MANAGER] Setting frequency for core 0 in DVFS domain 0 to 2128 MHz
[SNIPER_STATS_MANAGER] Setting frequency for core 1 in DVFS domain 1 to 2128 MHz
[SNIPER_STATS_MANAGER] Setting frequency for core 2 in DVFS domain 2 to 2128 MHz
[SNIPER_STATS_MANAGER] Setting frequency for core 3 in DVFS domain 3 to 2128 MHz
Here we try remapping!
-----and here we finish handling remapping results in cache controller! the Latency: 0
---invalid_cnt: 0

************recordStats once at 619226
[Warning] power scale is less than 1, please check!
[Overall Power Consumption] Peak: 25.3259, Dynamic: 14.6686
[DTM Trigger] CPU_MAX(THRES): 100.867(99.000), DRAM_MAX(THRES): 88.058(85.000)
	Current DTM method: 1
[HOT!] CPU is too hot!
[SNIPER_STATS_MANAGER] Setting frequency for core 0 in DVFS domain 0 to 1596 MHz
[SNIPER_STATS_MANAGER] Setting frequency for core 1 in DVFS domain 1 to 1596 MHz
[SNIPER_STATS_MANAGER] Setting frequency for core 2 in DVFS domain 2 to 1596 MHz
[SNIPER_STATS_MANAGER] Setting frequency for core 3 in DVFS domain 3 to 1596 MHz
Here we try remapping!
-----and here we finish handling remapping results in cache controller! the Latency: 0
---invalid_cnt: 0

************recordStats once at 620183
[Warning] power scale is less than 1, please check!
[Overall Power Consumption] Peak: 17.9699, Dynamic: 12.8636
[DTM Trigger] CPU_MAX(THRES): 98.863(99.000), DRAM_MAX(THRES): 88.169(85.000)
	Current DTM method: 1
[SNIPER_STATS_MANAGER] Setting frequency for core 0 in DVFS domain 0 to 2128 MHz
[SNIPER_STATS_MANAGER] Setting frequency for core 1 in DVFS domain 1 to 2128 MHz
[SNIPER_STATS_MANAGER] Setting frequency for core 2 in DVFS domain 2 to 2128 MHz
[SNIPER_STATS_MANAGER] Setting frequency for core 3 in DVFS domain 3 to 2128 MHz
Here we try remapping!
-----and here we finish handling remapping results in cache controller! the Latency: 0
---invalid_cnt: 0

************recordStats once at 621226
[Warning] power scale is less than 1, please check!
[Overall Power Consumption] Peak: 25.5275, Dynamic: 14.8498
[DTM Trigger] CPU_MAX(THRES): 101.260(99.000), DRAM_MAX(THRES): 88.208(85.000)
	Current DTM method: 1
[HOT!] CPU is too hot!
[SNIPER_STATS_MANAGER] Setting frequency for core 0 in DVFS domain 0 to 1596 MHz
[SNIPER_STATS_MANAGER] Setting frequency for core 1 in DVFS domain 1 to 1596 MHz
[SNIPER_STATS_MANAGER] Setting frequency for core 2 in DVFS domain 2 to 1596 MHz
[SNIPER_STATS_MANAGER] Setting frequency for core 3 in DVFS domain 3 to 1596 MHz
Here we try remapping!
-----and here we finish handling remapping results in cache controller! the Latency: 0
---invalid_cnt: 0

************recordStats once at 622226
[Warning] power scale is less than 1, please check!
[Overall Power Consumption] Peak: 18.0715, Dynamic: 12.9362
[DTM Trigger] CPU_MAX(THRES): 98.984(99.000), DRAM_MAX(THRES): 88.313(85.000)
	Current DTM method: 1
[SNIPER_STATS_MANAGER] Setting frequency for core 0 in DVFS domain 0 to 2128 MHz
[SNIPER_STATS_MANAGER] Setting frequency for core 1 in DVFS domain 1 to 2128 MHz
[SNIPER_STATS_MANAGER] Setting frequency for core 2 in DVFS domain 2 to 2128 MHz
[SNIPER_STATS_MANAGER] Setting frequency for core 3 in DVFS domain 3 to 2128 MHz
Here we try remapping!
-----and here we finish handling remapping results in cache controller! the Latency: 0
---invalid_cnt: 0

************recordStats once at 623222
[Warning] power scale is less than 1, please check!
[Overall Power Consumption] Peak: 25.343, Dynamic: 14.6869
[DTM Trigger] CPU_MAX(THRES): 101.464(99.000), DRAM_MAX(THRES): 88.347(85.000)
	Current DTM method: 1
[HOT!] CPU is too hot!
[SNIPER_STATS_MANAGER] Setting frequency for core 0 in DVFS domain 0 to 1596 MHz
[SNIPER_STATS_MANAGER] Setting frequency for core 1 in DVFS domain 1 to 1596 MHz
[SNIPER_STATS_MANAGER] Setting frequency for core 2 in DVFS domain 2 to 1596 MHz
[SNIPER_STATS_MANAGER] Setting frequency for core 3 in DVFS domain 3 to 1596 MHz
Here we try remapping!
-----and here we finish handling remapping results in cache controller! the Latency: 0
---invalid_cnt: 0

************recordStats once at 624218
[Warning] power scale is less than 1, please check!
[Overall Power Consumption] Peak: 18.0506, Dynamic: 12.9468
[DTM Trigger] CPU_MAX(THRES): 99.230(99.000), DRAM_MAX(THRES): 88.440(85.000)
	Current DTM method: 1
[HOT!] CPU is too hot!
[SNIPER_STATS_MANAGER] Setting frequency for core 0 in DVFS domain 0 to 1064 MHz
[SNIPER_STATS_MANAGER] Setting frequency for core 1 in DVFS domain 1 to 1064 MHz
[SNIPER_STATS_MANAGER] Setting frequency for core 2 in DVFS domain 2 to 1064 MHz
[SNIPER_STATS_MANAGER] Setting frequency for core 3 in DVFS domain 3 to 1064 MHz
Here we try remapping!
-----and here we finish handling remapping results in cache controller! the Latency: 0
---invalid_cnt: 0

************recordStats once at 625216
[Warning] power scale is less than 1, please check!
[Overall Power Consumption] Peak: 12.3914, Dynamic: 9.42159
[DTM Trigger] CPU_MAX(THRES): 95.368(99.000), DRAM_MAX(THRES): 88.372(85.000)
	Current DTM method: 1
[SNIPER_STATS_MANAGER] Setting frequency for core 0 in DVFS domain 0 to 1596 MHz
[SNIPER_STATS_MANAGER] Setting frequency for core 1 in DVFS domain 1 to 1596 MHz
[SNIPER_STATS_MANAGER] Setting frequency for core 2 in DVFS domain 2 to 1596 MHz
[SNIPER_STATS_MANAGER] Setting frequency for core 3 in DVFS domain 3 to 1596 MHz
Here we try remapping!
-----and here we finish handling remapping results in cache controller! the Latency: 0
---invalid_cnt: 0

************recordStats once at 626226
[Warning] power scale is less than 1, please check!
[Overall Power Consumption] Peak: 13.8463, Dynamic: 8.04097
[DTM Trigger] CPU_MAX(THRES): 94.522(99.000), DRAM_MAX(THRES): 88.153(85.000)
	Current DTM method: 1
[SNIPER_STATS_MANAGER] Setting frequency for core 0 in DVFS domain 0 to 2128 MHz
[SNIPER_STATS_MANAGER] Setting frequency for core 1 in DVFS domain 1 to 2128 MHz
[SNIPER_STATS_MANAGER] Setting frequency for core 2 in DVFS domain 2 to 2128 MHz
[SNIPER_STATS_MANAGER] Setting frequency for core 3 in DVFS domain 3 to 2128 MHz
Here we try remapping!
-----and here we finish handling remapping results in cache controller! the Latency: 0
---invalid_cnt: 0

************recordStats once at 627226
[Warning] power scale is less than 1, please check!
[Overall Power Consumption] Peak: 25.5088, Dynamic: 14.8193
[DTM Trigger] CPU_MAX(THRES): 99.894(99.000), DRAM_MAX(THRES): 87.994(85.000)
	Current DTM method: 1
[HOT!] CPU is too hot!
[SNIPER_STATS_MANAGER] Setting frequency for core 0 in DVFS domain 0 to 1596 MHz
[SNIPER_STATS_MANAGER] Setting frequency for core 1 in DVFS domain 1 to 1596 MHz
[SNIPER_STATS_MANAGER] Setting frequency for core 2 in DVFS domain 2 to 1596 MHz
[SNIPER_STATS_MANAGER] Setting frequency for core 3 in DVFS domain 3 to 1596 MHz
Here we try remapping!
-----and here we finish handling remapping results in cache controller! the Latency: 0
---invalid_cnt: 0

************recordStats once at 628171
[Warning] power scale is less than 1, please check!
[Overall Power Consumption] Peak: 17.9914, Dynamic: 12.8837
[DTM Trigger] CPU_MAX(THRES): 98.237(99.000), DRAM_MAX(THRES): 88.040(85.000)
	Current DTM method: 1
[SNIPER_STATS_MANAGER] Setting frequency for core 0 in DVFS domain 0 to 2128 MHz
[SNIPER_STATS_MANAGER] Setting frequency for core 1 in DVFS domain 1 to 2128 MHz
[SNIPER_STATS_MANAGER] Setting frequency for core 2 in DVFS domain 2 to 2128 MHz
[SNIPER_STATS_MANAGER] Setting frequency for core 3 in DVFS domain 3 to 2128 MHz
Here we try remapping!
-----and here we finish handling remapping results in cache controller! the Latency: 0
---invalid_cnt: 0

************recordStats once at 629226
[Warning] power scale is less than 1, please check!
[Overall Power Consumption] Peak: 25.3815, Dynamic: 14.706
[DTM Trigger] CPU_MAX(THRES): 100.869(99.000), DRAM_MAX(THRES): 88.075(85.000)
	Current DTM method: 1
[HOT!] CPU is too hot!
[SNIPER_STATS_MANAGER] Setting frequency for core 0 in DVFS domain 0 to 1596 MHz
[SNIPER_STATS_MANAGER] Setting frequency for core 1 in DVFS domain 1 to 1596 MHz
[SNIPER_STATS_MANAGER] Setting frequency for core 2 in DVFS domain 2 to 1596 MHz
[SNIPER_STATS_MANAGER] Setting frequency for core 3 in DVFS domain 3 to 1596 MHz
Here we try remapping!
-----and here we finish handling remapping results in cache controller! the Latency: 0
---invalid_cnt: 0

************recordStats once at 630222
[Warning] power scale is less than 1, please check!
[Overall Power Consumption] Peak: 17.9959, Dynamic: 12.8557
[DTM Trigger] CPU_MAX(THRES): 98.735(99.000), DRAM_MAX(THRES): 88.187(85.000)
	Current DTM method: 1
[SNIPER_STATS_MANAGER] Setting frequency for core 0 in DVFS domain 0 to 2128 MHz
[SNIPER_STATS_MANAGER] Setting frequency for core 1 in DVFS domain 1 to 2128 MHz
[SNIPER_STATS_MANAGER] Setting frequency for core 2 in DVFS domain 2 to 2128 MHz
[SNIPER_STATS_MANAGER] Setting frequency for core 3 in DVFS domain 3 to 2128 MHz
Here we try remapping!
-----and here we finish handling remapping results in cache controller! the Latency: 0
---invalid_cnt: 0

************recordStats once at 631226
[Warning] power scale is less than 1, please check!
[Overall Power Consumption] Peak: 25.2623, Dynamic: 14.5975
[DTM Trigger] CPU_MAX(THRES): 101.020(99.000), DRAM_MAX(THRES): 88.237(85.000)
	Current DTM method: 1
[HOT!] CPU is too hot!
[SNIPER_STATS_MANAGER] Setting frequency for core 0 in DVFS domain 0 to 1596 MHz
[SNIPER_STATS_MANAGER] Setting frequency for core 1 in DVFS domain 1 to 1596 MHz
[SNIPER_STATS_MANAGER] Setting frequency for core 2 in DVFS domain 2 to 1596 MHz
[SNIPER_STATS_MANAGER] Setting frequency for core 3 in DVFS domain 3 to 1596 MHz
Here we try remapping!
-----and here we finish handling remapping results in cache controller! the Latency: 0
---invalid_cnt: 0

************recordStats once at 632226
[Warning] power scale is less than 1, please check!
[Overall Power Consumption] Peak: 18.1144, Dynamic: 13.0164
[DTM Trigger] CPU_MAX(THRES): 99.074(99.000), DRAM_MAX(THRES): 88.342(85.000)
	Current DTM method: 1
[HOT!] CPU is too hot!
[SNIPER_STATS_MANAGER] Setting frequency for core 0 in DVFS domain 0 to 1064 MHz
[SNIPER_STATS_MANAGER] Setting frequency for core 1 in DVFS domain 1 to 1064 MHz
[SNIPER_STATS_MANAGER] Setting frequency for core 2 in DVFS domain 2 to 1064 MHz
[SNIPER_STATS_MANAGER] Setting frequency for core 3 in DVFS domain 3 to 1064 MHz
Here we try remapping!
-----and here we finish handling remapping results in cache controller! the Latency: 0
---invalid_cnt: 0

************recordStats once at 633209
[Warning] power scale is less than 1, please check!
[Overall Power Consumption] Peak: 12.3758, Dynamic: 9.37644
[DTM Trigger] CPU_MAX(THRES): 95.223(99.000), DRAM_MAX(THRES): 88.290(85.000)
	Current DTM method: 1
[SNIPER_STATS_MANAGER] Setting frequency for core 0 in DVFS domain 0 to 1596 MHz
[SNIPER_STATS_MANAGER] Setting frequency for core 1 in DVFS domain 1 to 1596 MHz
[SNIPER_STATS_MANAGER] Setting frequency for core 2 in DVFS domain 2 to 1596 MHz
[SNIPER_STATS_MANAGER] Setting frequency for core 3 in DVFS domain 3 to 1596 MHz
Here we try remapping!
-----and here we finish handling remapping results in cache controller! the Latency: 0
---invalid_cnt: 0

************recordStats once at 634225
[Warning] power scale is less than 1, please check!
[Overall Power Consumption] Peak: 13.8662, Dynamic: 8.05469
[DTM Trigger] CPU_MAX(THRES): 94.281(99.000), DRAM_MAX(THRES): 88.054(85.000)
	Current DTM method: 1
[SNIPER_STATS_MANAGER] Setting frequency for core 0 in DVFS domain 0 to 2128 MHz
[SNIPER_STATS_MANAGER] Setting frequency for core 1 in DVFS domain 1 to 2128 MHz
[SNIPER_STATS_MANAGER] Setting frequency for core 2 in DVFS domain 2 to 2128 MHz
[SNIPER_STATS_MANAGER] Setting frequency for core 3 in DVFS domain 3 to 2128 MHz
Here we try remapping!
-----and here we finish handling remapping results in cache controller! the Latency: 0
---invalid_cnt: 0

************recordStats once at 635221
[Warning] power scale is less than 1, please check!
[Overall Power Consumption] Peak: 25.474, Dynamic: 14.7956
[DTM Trigger] CPU_MAX(THRES): 99.774(99.000), DRAM_MAX(THRES): 87.902(85.000)
	Current DTM method: 1
[HOT!] CPU is too hot!
[SNIPER_STATS_MANAGER] Setting frequency for core 0 in DVFS domain 0 to 1596 MHz
[SNIPER_STATS_MANAGER] Setting frequency for core 1 in DVFS domain 1 to 1596 MHz
[SNIPER_STATS_MANAGER] Setting frequency for core 2 in DVFS domain 2 to 1596 MHz
[SNIPER_STATS_MANAGER] Setting frequency for core 3 in DVFS domain 3 to 1596 MHz
Here we try remapping!
-----and here we finish handling remapping results in cache controller! the Latency: 0
---invalid_cnt: 0

************recordStats once at 636226
[Warning] power scale is less than 1, please check!
[Overall Power Consumption] Peak: 18.0971, Dynamic: 13.0147
[DTM Trigger] CPU_MAX(THRES): 98.259(99.000), DRAM_MAX(THRES): 87.971(85.000)
	Current DTM method: 1
[SNIPER_STATS_MANAGER] Setting frequency for core 0 in DVFS domain 0 to 2128 MHz
[SNIPER_STATS_MANAGER] Setting frequency for core 1 in DVFS domain 1 to 2128 MHz
[SNIPER_STATS_MANAGER] Setting frequency for core 2 in DVFS domain 2 to 2128 MHz
[SNIPER_STATS_MANAGER] Setting frequency for core 3 in DVFS domain 3 to 2128 MHz
Here we try remapping!
-----and here we finish handling remapping results in cache controller! the Latency: 0
---invalid_cnt: 0

************recordStats once at 637226
[Warning] power scale is less than 1, please check!
[Overall Power Consumption] Peak: 23.4605, Dynamic: 12.8137
[DTM Trigger] CPU_MAX(THRES): 101.574(99.000), DRAM_MAX(THRES): 87.946(85.000)
	Current DTM method: 1
[HOT!] CPU is too hot!
[SNIPER_STATS_MANAGER] Setting frequency for core 0 in DVFS domain 0 to 1596 MHz
[SNIPER_STATS_MANAGER] Setting frequency for core 1 in DVFS domain 1 to 1596 MHz
[SNIPER_STATS_MANAGER] Setting frequency for core 2 in DVFS domain 2 to 1596 MHz
[SNIPER_STATS_MANAGER] Setting frequency for core 3 in DVFS domain 3 to 1596 MHz
Here we try remapping!
-----and here we finish handling remapping results in cache controller! the Latency: 0
---invalid_cnt: 0

************recordStats once at 638226
[Warning] power scale is less than 1, please check!
[Overall Power Consumption] Peak: 14.2942, Dynamic: 9.31104
[DTM Trigger] CPU_MAX(THRES): 100.009(99.000), DRAM_MAX(THRES): 87.778(85.000)
	Current DTM method: 1
[HOT!] CPU is too hot!
[SNIPER_STATS_MANAGER] Setting frequency for core 0 in DVFS domain 0 to 1064 MHz
[SNIPER_STATS_MANAGER] Setting frequency for core 1 in DVFS domain 1 to 1064 MHz
[SNIPER_STATS_MANAGER] Setting frequency for core 2 in DVFS domain 2 to 1064 MHz
[SNIPER_STATS_MANAGER] Setting frequency for core 3 in DVFS domain 3 to 1064 MHz
Here we try remapping!
-----and here we finish handling remapping results in cache controller! the Latency: 0
---invalid_cnt: 0

************recordStats once at 639226
[Warning] power scale is less than 1, please check!
[Overall Power Consumption] Peak: 11.568, Dynamic: 8.90945
[DTM Trigger] CPU_MAX(THRES): 92.258(99.000), DRAM_MAX(THRES): 88.554(85.000)
	Current DTM method: 1
[SNIPER_STATS_MANAGER] Setting frequency for core 0 in DVFS domain 0 to 1596 MHz
[SNIPER_STATS_MANAGER] Setting frequency for core 1 in DVFS domain 1 to 1596 MHz
[SNIPER_STATS_MANAGER] Setting frequency for core 2 in DVFS domain 2 to 1596 MHz
[SNIPER_STATS_MANAGER] Setting frequency for core 3 in DVFS domain 3 to 1596 MHz
Here we try remapping!
-----and here we finish handling remapping results in cache controller! the Latency: 0
---invalid_cnt: 0

************recordStats once at 640226
[Warning] power scale is less than 1, please check!
[Overall Power Consumption] Peak: 15.2531, Dynamic: 8.94798
[DTM Trigger] CPU_MAX(THRES): 91.244(99.000), DRAM_MAX(THRES): 88.960(85.000)
	Current DTM method: 1
[SNIPER_STATS_MANAGER] Setting frequency for core 0 in DVFS domain 0 to 2128 MHz
[SNIPER_STATS_MANAGER] Setting frequency for core 1 in DVFS domain 1 to 2128 MHz
[SNIPER_STATS_MANAGER] Setting frequency for core 2 in DVFS domain 2 to 2128 MHz
[SNIPER_STATS_MANAGER] Setting frequency for core 3 in DVFS domain 3 to 2128 MHz
Here we try remapping!
-----and here we finish handling remapping results in cache controller! the Latency: 0
---invalid_cnt: 0
[SNIPER] Disabling performance models
[SNIPER] Leaving ROI after 9398.46 seconds

************recordStats once at 641204

************recordStats once at 641204
[Warning] power scale is less than 1, please check!
[Overall Power Consumption] Peak: 24.7176, Dynamic: 12.556
[DTM Trigger] CPU_MAX(THRES): 95.660(99.000), DRAM_MAX(THRES): 89.393(85.000)
	Current DTM method: 1
[SNIPER_STATS_MANAGER] Setting frequency for core 0 in DVFS domain 0 to 2660 MHz
[SNIPER_STATS_MANAGER] Setting frequency for core 1 in DVFS domain 1 to 2660 MHz
[SNIPER_STATS_MANAGER] Setting frequency for core 2 in DVFS domain 2 to 2660 MHz
[SNIPER_STATS_MANAGER] Setting frequency for core 3 in DVFS domain 3 to 2660 MHz
Here we try remapping!
[Warning] power scale is less than 1, please check!
[Overall Power Consumption] Peak: 27.3793, Dynamic: 12.3629
[DTM Trigger] CPU_MAX(THRES): 97.388(99.000), DRAM_MAX(THRES): 85.016(85.000)
	Current DTM method: 1
Here we try remapping!
[SNIPER] Simulated 2294.4M instructions, 1705.6M cycles, 1.35 IPC
[SNIPER] Simulation speed 243.7 KIPS (60.9 KIPS / target core - 16413.4ns/instr)
[SNIPER] Sampling: executed 16.38% of simulated time in detailed mode
[SNIPER] Setting instrumentation mode to FAST_FORWARD
[HOOKS] Leaving ROI

                 PROCESS STATISTICS
            Computation      Transpose     Transpose
 Proc          Time            Time        Fraction
    0         784615013     -962828665      -1.22714

                 TIMING INFORMATION
Start time                        :       -507350324
Initialization finish time        :       1799834962
Overall finish time               :      -1710517321
Total time with initialization    :      -1203166997
Total time without initialization :        784615013
Overall transpose time            :       -962828665
Overall transpose fraction        :         -1.22714


************recordStats once at 641204
[Warning] power scale is less than 1, please check!
[Overall Power Consumption] Peak: 27.3793, Dynamic: 12.3629
[DTM Trigger] CPU_MAX(THRES): 98.522(99.000), DRAM_MAX(THRES): 84.906(85.000)
	Current DTM method: 1
Here we try remapping!

 ***** [DRAM_CACHE_Result] *****

*** DRAM Total Access: 18956834, page disabled: 0, page miss: 154630, block misses: 693966, miss: 848596, miss rate: 0.0447646
*** DRAM Total Access In ROI: 12642854, miss: 507802, miss rate: 0.0401651
*** DRAM Remap Times: 51200 invalid times, 244848 total invalid_blocks, 0 migrate times, 0 total migrate blocks.
*** DRAM Statistics: 1797433287 reads, 527238633 writes, 1098786124 row hits, 123258557 ACT time, 123258557 PRE time, 48462291 RD time, 13166987 WR time.

 ***** [DRAM_CACHE_Result] *****

[RAMULATOR OUTPUT]

**Total Ticks: 722976319

**Ramulator Active Cycles: 4.13537e+08

**DRAM Cycles: 7.22976e+08

**Maximum Bandwidth: 0

Number of Incoming Requests: 3.74149e+07

**Serving Request**
Channel_0: serving reads(23743775), serving writes(7054483).
Channel_1: serving reads(0), serving writes(0).
Channel_2: serving reads(0), serving writes(0).
Channel_3: serving reads(0), serving writes(0).
Channel_4: serving reads(0), serving writes(0).
Channel_5: serving reads(0), serving writes(0).
Channel_6: serving reads(0), serving writes(0).
Channel_7: serving reads(0), serving writes(0).
Channel_8: serving reads(0), serving writes(0).
Channel_9: serving reads(0), serving writes(0).
Channel_10: serving reads(0), serving writes(0).
Channel_11: serving reads(0), serving writes(0).
Channel_12: serving reads(0), serving writes(0).
Channel_13: serving reads(0), serving writes(0).
Channel_14: serving reads(0), serving writes(0).
Channel_15: serving reads(0), serving writes(0).
Channel_16: serving reads(0), serving writes(0).
Channel_17: serving reads(0), serving writes(0).
Channel_18: serving reads(0), serving writes(0).
Channel_19: serving reads(0), serving writes(0).
Channel_20: serving reads(0), serving writes(0).
Channel_21: serving reads(0), serving writes(0).
Channel_22: serving reads(0), serving writes(0).
Channel_23: serving reads(0), serving writes(0).
Channel_24: serving reads(0), serving writes(0).
Channel_25: serving reads(0), serving writes(0).
Channel_26: serving reads(0), serving writes(0).
Channel_27: serving reads(0), serving writes(0).
Channel_28: serving reads(0), serving writes(0).
Channel_29: serving reads(0), serving writes(0).
Channel_30: serving reads(0), serving writes(0).
Channel_31: serving reads(0), serving writes(0).
[RAMULATOR OUTPUT]
----[REMAP OUTPUT]---
*****HotAccess: 0
*****CoolAccess: 37332180
*****RemapAccess: 82760
*****SingleDisableTime: 0
*****DoubleDisableTime: 0
*****RemapTime: 25
*****RecoveryTime: 23
---------------------

 ***** [REF/AC_Result] *****
{Summary}: 34773584 Hot Accesses, 10250350 Cool Accesses.

 ***** [REF/AC_Result] *****
                     Power     Energy    Energy %
  core-core         6.15 W     0.68  J     20.32%
  core-ifetch       0.81 W     0.09  J      2.68%
  core-alu          0.75 W     0.08  J      2.49%
  core-int          1.01 W     0.11  J      3.34%
  core-fp           1.52 W     0.17  J      5.01%
  core-mem          0.66 W     0.07  J      2.17%
  icache            0.43 W     0.05  J      1.42%
  dcache            2.38 W     0.26  J      7.85%
  dram             15.90 W     1.76  J     52.50%
  other             0.67 W     0.07  J      2.22%

  core             10.91 W     1.21  J     36.01%
  cache             2.81 W     0.31  J      9.27%
  total            30.28 W     3.36  J    100.00%
Warning: Unable to run gnuplot to create cpi stack graphs.  Maybe gnuplot is not installed?
[SNIPER] End
[SNIPER] Elapsed time: 11727.39 seconds
[SNIPER] Running McPAT
                                     | Core 0     | Core 1     | Core 2     | Core 3    
  Instructions                       |  573617371 |  573606001 |  573607091 |  573606707
  Cycles                             |  295200823 |  295200823 |  295200823 |  295200823
  IPC                                |       1.94 |       1.94 |       1.94 |       1.94
  Time (ns)                          |  110977753 |  110977753 |  110977753 |  110977753
  Idle time (ns)                     |    7073683 |     550829 |    1249120 |     472090
  Idle time (%)                      |       6.4% |       0.5% |       1.1% |       0.4%
Branch predictor stats               |            |            |            |           
  num correct                        |   48912000 |   48909721 |   48909866 |   48909826
  num incorrect                      |     407959 |     408808 |     408813 |     408798
  misprediction rate                 |      0.83% |      0.83% |      0.83% |      0.83%
  mpki                               |       0.71 |       0.71 |       0.71 |       0.71
TLB Summary                          |            |            |            |           
  I-TLB                              |            |            |            |           
    num accesses                     |   78659005 |   78660571 |   78663739 |   78666769
    num misses                       |          5 |         29 |         30 |         30
    miss rate                        |      0.00% |      0.00% |      0.00% |      0.00%
    mpki                             |       0.00 |       0.00 |       0.00 |       0.00
  D-TLB                              |            |            |            |           
    num accesses                     |  142376544 |  142372092 |  142372488 |  142372359
    num misses                       |    3175127 |    3175124 |    3174998 |    3174997
    miss rate                        |      2.23% |      2.23% |      2.23% |      2.23%
    mpki                             |       5.54 |       5.54 |       5.54 |       5.54
  L2 TLB                             |            |            |            |           
    num accesses                     |    3175132 |    3175153 |    3175028 |    3175027
    num misses                       |    3101033 |    3101063 |    3101067 |    3101066
    miss rate                        |     97.67% |     97.67% |     97.67% |     97.67%
    mpki                             |       5.41 |       5.41 |       5.41 |       5.41
Cache Summary                        |            |            |            |           
  Cache L1-I                         |            |            |            |           
    num cache accesses               |   78659005 |   78660571 |   78663739 |   78666769
    num cache misses                 |       3297 |       3515 |       3596 |       3851
    miss rate                        |      0.00% |      0.00% |      0.00% |      0.00%
    mpki                             |       0.01 |       0.01 |       0.01 |       0.01
  Cache L1-D                         |            |            |            |           
    num cache accesses               |  142376686 |  142372186 |  142372579 |  142372442
    num cache misses                 |    7471891 |    7454892 |    7454901 |    7454901
    miss rate                        |      5.25% |      5.24% |      5.24% |      5.24%
    mpki                             |      13.03 |      13.00 |      13.00 |      13.00
  Cache L2                           |            |            |            |           
    num cache accesses               |    7998227 |    7981404 |    7981486 |    7981746
    num cache misses                 |    2370039 |    2370189 |    2370271 |    2370152
    miss rate                        |     29.63% |     29.70% |     29.70% |     29.69%
    mpki                             |       4.13 |       4.13 |       4.13 |       4.13
DRAM summary                         |            |            |            |           
  num dram accesses                  |   14710718 |          0 |          0 |          0
  average dram access latency (ns)   |       8.58 |        inf |        inf |        inf
  average dram queueing delay        |       0.00 |       0.00 |       0.00 |       0.00
  average dram bandwidth utilization |      0.00% |      0.00% |      0.00% |      0.00%
Coherency Traffic                    |            |            |            |           
  num loads from dram                |    1574778 |    1575203 |    1575280 |    1575999
  num loads from dram cache          |          0 |          0 |          0 |          0
  num loads from remote cache        |       3366 |       2875 |       2800 |       2094
[SPLASH] [----------    End of output    ----------]
[SPLASH] Done.
copy HotSpot and ramulator files to /scratch/miz087/results/hpca_final/7-29-fft_cache_cpu_remap1g_t99_splash2_fft_large
