[Benchmarks] set sniper output to rundir:  /scratch/miz087/results/hpca_final/7-29-overall_cache_baseline_splash2_fmm_large
/scratch/miz087/results/hpca_final/7-29-overall_cache_baseline_splash2_fmm_large
[SPLASH] Benchmarks to run: fmm

[SPLASH] [========== Running benchmark fmm ==========]
[SPLASH] Setting up run directory: /scratch/miz087/results/hpca_final/7-29-overall_cache_baseline_splash2_fmm_large
[SPLASH] Running 'SNIPER_APP_LD_PRELOAD=$LD_PRELOAD; unset LD_PRELOAD; /home_masters/miz087/workplace/micro_exp/run-sniper -n 4 -m 'localhost' -d '/scratch/miz087/results/hpca_final/7-29-overall_cache_baseline_splash2_fmm_large' -sthermalstats --power -c cache_baseline -s stop-by-icount:5000000000 --roi --curdir=/home_masters/miz087/workplace/micro_exp/benchmarks  --  /home_masters/miz087/workplace/micro_exp/benchmarks/splash2/splash2/codes/apps/fmm/FMM < input':
[SPLASH] [---------- Beginning of output ----------]
[SNIPER] Start
----------BEGIN_INIT_STATS_MANAGER------------
----------END_INIT_STATS_MANAGER------------
[DvfsManager] Core 0 at 2.66 GHz (global clock 2.66 GHz)
[DvfsManager] Core 1 at 2.66 GHz (global clock 2.66 GHz)
[DvfsManager] Core 2 at 2.66 GHz (global clock 2.66 GHz)
[DvfsManager] Core 3 at 2.66 GHz (global clock 2.66 GHz)
Normal Cache Total set: 524288
now initialize a stacked dram unison cache
Executing Python script /scratch/miz087/results/hpca_final/7-29-overall_cache_baseline_splash2_fmm_large/sim.scripts.py
[STOPBYICOUNT] Waiting for application ROI
[STOPBYICOUNT] Then stopping after simulating at least 5000000000 instructions in detail
[SNIPER] --------------------------------------------------------------------------------
[SNIPER] Sniper using Pin frontend
[SNIPER] Running pre-ROI region in  CACHE_ONLY mode
[SNIPER] Running application ROI in DETAILED mode
[SNIPER] Running post-ROI region in FAST_FORWARD mode
[SNIPER] --------------------------------------------------------------------------------

************recordStats once at 0
[Warning] power scale is less than 1, please check!
[Overall Power Consumption] Peak: 0, Dynamic: 0
[Warning] the power of processor is too small, we skip the temperature calculation!
Creating a two cluster, non uniform distribution for 32768 particles
[HOOKS] Entering ROI
[SNIPER] Enabling performance models

************recordStats once at 12926
[Warning] power scale is less than 1, please check!
[Overall Power Consumption] Peak: 0, Dynamic: 0
[Warning] the power of processor is too small, we skip the temperature calculation!
[STOPBYICOUNT] Application ROI started, now simulating 5000000000 in detail

************recordStats once at 12926
[Warning] power scale is less than 1, please check!
[Overall Power Consumption] Peak: 0, Dynamic: 0
[Warning] the power of processor is too small, we skip the temperature calculation!
[SNIPER] Setting instrumentation mode to DETAILED
Starting FMM with 4 processors

************recordStats once at 13900
[Warning] power scale is less than 1, please check!
[Overall Power Consumption] Peak: 0, Dynamic: 0
[Warning] the power of processor is too small, we skip the temperature calculation!

************recordStats once at 14900
[Warning] power scale is less than 1, please check!
[Overall Power Consumption] Peak: 18.8665, Dynamic: 6.5764
*[Hotspot] begin initialization!
[DTM Trigger] CPU_MAX(THRES): 69.580(105.000), DRAM_MAX(THRES): 65.430(85.000)
	Current DTM method: 0
Here we try remapping!
-----and here we finish handling remapping results in cache controller! the Latency: 0
---invalid_cnt: 0

************recordStats once at 15900
[Warning] power scale is less than 1, please check!
[Overall Power Consumption] Peak: 14.7198, Dynamic: 4.5325
[DTM Trigger] CPU_MAX(THRES): 74.291(105.000), DRAM_MAX(THRES): 68.050(85.000)
	Current DTM method: 0
Here we try remapping!
-----and here we finish handling remapping results in cache controller! the Latency: 0
---invalid_cnt: 0

************recordStats once at 16900
[Warning] power scale is less than 1, please check!
[Overall Power Consumption] Peak: 14.718, Dynamic: 4.50828
[DTM Trigger] CPU_MAX(THRES): 76.736(105.000), DRAM_MAX(THRES): 69.583(85.000)
	Current DTM method: 0
Here we try remapping!
-----and here we finish handling remapping results in cache controller! the Latency: 0
---invalid_cnt: 0

************recordStats once at 17900
[Warning] power scale is less than 1, please check!
[Overall Power Consumption] Peak: 14.7478, Dynamic: 4.51769
[DTM Trigger] CPU_MAX(THRES): 78.590(105.000), DRAM_MAX(THRES): 70.530(85.000)
	Current DTM method: 0
Here we try remapping!
-----and here we finish handling remapping results in cache controller! the Latency: 0
---invalid_cnt: 0

************recordStats once at 18900
[Warning] power scale is less than 1, please check!
[Overall Power Consumption] Peak: 14.7322, Dynamic: 4.52971
[DTM Trigger] CPU_MAX(THRES): 80.163(105.000), DRAM_MAX(THRES): 71.958(85.000)
	Current DTM method: 0
Here we try remapping!
-----and here we finish handling remapping results in cache controller! the Latency: 0
---invalid_cnt: 0

************recordStats once at 19900
[Warning] power scale is less than 1, please check!
[Overall Power Consumption] Peak: 14.7359, Dynamic: 4.50521
[DTM Trigger] CPU_MAX(THRES): 81.544(105.000), DRAM_MAX(THRES): 73.029(85.000)
	Current DTM method: 0
Here we try remapping!
-----and here we finish handling remapping results in cache controller! the Latency: 0
---invalid_cnt: 0

************recordStats once at 20900
[Warning] power scale is less than 1, please check!
[Overall Power Consumption] Peak: 14.8516, Dynamic: 4.50263
[DTM Trigger] CPU_MAX(THRES): 82.757(105.000), DRAM_MAX(THRES): 73.534(85.000)
	Current DTM method: 0
Here we try remapping!
-----and here we finish handling remapping results in cache controller! the Latency: 0
---invalid_cnt: 0

************recordStats once at 21900
[Warning] power scale is less than 1, please check!
[Overall Power Consumption] Peak: 15.2112, Dynamic: 4.7847
[DTM Trigger] CPU_MAX(THRES): 84.467(105.000), DRAM_MAX(THRES): 73.990(85.000)
	Current DTM method: 0
Here we try remapping!
-----and here we finish handling remapping results in cache controller! the Latency: 0
---invalid_cnt: 0

************recordStats once at 22900
[Warning] power scale is less than 1, please check!
[Overall Power Consumption] Peak: 15.2867, Dynamic: 4.84593
[DTM Trigger] CPU_MAX(THRES): 85.860(105.000), DRAM_MAX(THRES): 73.815(85.000)
	Current DTM method: 0
Here we try remapping!
-----and here we finish handling remapping results in cache controller! the Latency: 0
---invalid_cnt: 0

************recordStats once at 23899
[Warning] power scale is less than 1, please check!
[Overall Power Consumption] Peak: 15.7101, Dynamic: 5.10075
[DTM Trigger] CPU_MAX(THRES): 87.300(105.000), DRAM_MAX(THRES): 74.730(85.000)
	Current DTM method: 0
Here we try remapping!
-----and here we finish handling remapping results in cache controller! the Latency: 0
---invalid_cnt: 0

************recordStats once at 24900
[Warning] power scale is less than 1, please check!
[Overall Power Consumption] Peak: 15.7371, Dynamic: 5.11289
[DTM Trigger] CPU_MAX(THRES): 88.553(105.000), DRAM_MAX(THRES): 75.907(85.000)
	Current DTM method: 0
Here we try remapping!
-----and here we finish handling remapping results in cache controller! the Latency: 0
---invalid_cnt: 0

************recordStats once at 25900
[Warning] power scale is less than 1, please check!
[Overall Power Consumption] Peak: 15.7932, Dynamic: 5.12364
[DTM Trigger] CPU_MAX(THRES): 89.490(105.000), DRAM_MAX(THRES): 77.328(85.000)
	Current DTM method: 0
Here we try remapping!
-----and here we finish handling remapping results in cache controller! the Latency: 0
---invalid_cnt: 0

************recordStats once at 26900
[Warning] power scale is less than 1, please check!
[Overall Power Consumption] Peak: 27.7147, Dynamic: 11.2332
[DTM Trigger] CPU_MAX(THRES): 92.708(105.000), DRAM_MAX(THRES): 78.195(85.000)
	Current DTM method: 0
Here we try remapping!
-----and here we finish handling remapping results in cache controller! the Latency: 0
---invalid_cnt: 0

************recordStats once at 27900
[Warning] power scale is less than 1, please check!
[Overall Power Consumption] Peak: 31.46, Dynamic: 16.0827
[DTM Trigger] CPU_MAX(THRES): 95.318(105.000), DRAM_MAX(THRES): 79.113(85.000)
	Current DTM method: 0
Here we try remapping!
-----and here we finish handling remapping results in cache controller! the Latency: 0
---invalid_cnt: 0

************recordStats once at 28900
[Warning] power scale is less than 1, please check!
[Overall Power Consumption] Peak: 34.4746, Dynamic: 18.7683
[DTM Trigger] CPU_MAX(THRES): 100.181(105.000), DRAM_MAX(THRES): 79.999(85.000)
	Current DTM method: 0
Here we try remapping!
-----and here we finish handling remapping results in cache controller! the Latency: 0
---invalid_cnt: 0

************recordStats once at 29900
[Warning] power scale is less than 1, please check!
[Overall Power Consumption] Peak: 36.3157, Dynamic: 20.2923
[DTM Trigger] CPU_MAX(THRES): 103.884(105.000), DRAM_MAX(THRES): 81.545(85.000)
	Current DTM method: 0
Here we try remapping!
-----and here we finish handling remapping results in cache controller! the Latency: 0
---invalid_cnt: 0

************recordStats once at 30900
[Warning] power scale is less than 1, please check!
[Overall Power Consumption] Peak: 36.2801, Dynamic: 20.2348
[DTM Trigger] CPU_MAX(THRES): 105.871(105.000), DRAM_MAX(THRES): 82.913(85.000)
	Current DTM method: 0
Here we try remapping!
-----and here we finish handling remapping results in cache controller! the Latency: 0
---invalid_cnt: 0

************recordStats once at 31900
[Warning] power scale is less than 1, please check!
[Overall Power Consumption] Peak: 36.2891, Dynamic: 20.2272
[DTM Trigger] CPU_MAX(THRES): 107.140(105.000), DRAM_MAX(THRES): 84.011(85.000)
	Current DTM method: 0
Here we try remapping!
-----and here we finish handling remapping results in cache controller! the Latency: 0
---invalid_cnt: 0

************recordStats once at 32900
[Warning] power scale is less than 1, please check!
[Overall Power Consumption] Peak: 36.3076, Dynamic: 20.3164
[DTM Trigger] CPU_MAX(THRES): 108.302(105.000), DRAM_MAX(THRES): 84.937(85.000)
	Current DTM method: 0
Here we try remapping!
-----and here we finish handling remapping results in cache controller! the Latency: 0
---invalid_cnt: 0

************recordStats once at 33900
[Warning] power scale is less than 1, please check!
[Overall Power Consumption] Peak: 36.3292, Dynamic: 20.2934
[DTM Trigger] CPU_MAX(THRES): 109.316(105.000), DRAM_MAX(THRES): 85.766(85.000)
	Current DTM method: 0
Here we try remapping!
-----and here we finish handling remapping results in cache controller! the Latency: 0
---invalid_cnt: 0

************recordStats once at 34900
[Warning] power scale is less than 1, please check!
[Overall Power Consumption] Peak: 36.3227, Dynamic: 20.3003
[DTM Trigger] CPU_MAX(THRES): 110.099(105.000), DRAM_MAX(THRES): 86.502(85.000)
	Current DTM method: 0
Here we try remapping!
-----and here we finish handling remapping results in cache controller! the Latency: 0
---invalid_cnt: 0

************recordStats once at 35899
[Warning] power scale is less than 1, please check!
[Overall Power Consumption] Peak: 36.2275, Dynamic: 20.1156
[DTM Trigger] CPU_MAX(THRES): 111.349(105.000), DRAM_MAX(THRES): 87.279(85.000)
	Current DTM method: 0
Here we try remapping!
-----and here we finish handling remapping results in cache controller! the Latency: 0
---invalid_cnt: 0

************recordStats once at 36900
[Warning] power scale is less than 1, please check!
[Overall Power Consumption] Peak: 36.1231, Dynamic: 19.7818
[DTM Trigger] CPU_MAX(THRES): 112.232(105.000), DRAM_MAX(THRES): 87.970(85.000)
	Current DTM method: 0
Here we try remapping!
-----and here we finish handling remapping results in cache controller! the Latency: 0
---invalid_cnt: 0

************recordStats once at 37899
[Warning] power scale is less than 1, please check!
[Overall Power Consumption] Peak: 36.2668, Dynamic: 20.1595
[DTM Trigger] CPU_MAX(THRES): 112.584(105.000), DRAM_MAX(THRES): 88.538(85.000)
	Current DTM method: 0
Here we try remapping!
-----and here we finish handling remapping results in cache controller! the Latency: 0
---invalid_cnt: 0

************recordStats once at 38899
[Warning] power scale is less than 1, please check!
[Overall Power Consumption] Peak: 36.2341, Dynamic: 20.1233
[DTM Trigger] CPU_MAX(THRES): 112.295(105.000), DRAM_MAX(THRES): 88.949(85.000)
	Current DTM method: 0
Here we try remapping!
-----and here we finish handling remapping results in cache controller! the Latency: 0
---invalid_cnt: 0

************recordStats once at 39900
[Warning] power scale is less than 1, please check!
[Overall Power Consumption] Peak: 36.2066, Dynamic: 20.0766
[DTM Trigger] CPU_MAX(THRES): 112.811(105.000), DRAM_MAX(THRES): 89.336(85.000)
	Current DTM method: 0
Here we try remapping!
-----and here we finish handling remapping results in cache controller! the Latency: 0
---invalid_cnt: 0

************recordStats once at 40900
[Warning] power scale is less than 1, please check!
[Overall Power Consumption] Peak: 36.164, Dynamic: 19.9809
[DTM Trigger] CPU_MAX(THRES): 113.515(105.000), DRAM_MAX(THRES): 89.763(85.000)
	Current DTM method: 0
Here we try remapping!
-----and here we finish handling remapping results in cache controller! the Latency: 0
---invalid_cnt: 0

************recordStats once at 41900
[Warning] power scale is less than 1, please check!
[Overall Power Consumption] Peak: 36.2567, Dynamic: 20.1795
[DTM Trigger] CPU_MAX(THRES): 113.974(105.000), DRAM_MAX(THRES): 90.174(85.000)
	Current DTM method: 0
Here we try remapping!
-----and here we finish handling remapping results in cache controller! the Latency: 0
---invalid_cnt: 0

************recordStats once at 42898
[Warning] power scale is less than 1, please check!
[Overall Power Consumption] Peak: 36.2391, Dynamic: 20.1364
[DTM Trigger] CPU_MAX(THRES): 114.694(105.000), DRAM_MAX(THRES): 90.527(85.000)
	Current DTM method: 0
Here we try remapping!
-----and here we finish handling remapping results in cache controller! the Latency: 0
---invalid_cnt: 0

************recordStats once at 43900
[Warning] power scale is less than 1, please check!
[Overall Power Consumption] Peak: 36.3076, Dynamic: 20.3023
[DTM Trigger] CPU_MAX(THRES): 115.357(105.000), DRAM_MAX(THRES): 90.886(85.000)
	Current DTM method: 0
Here we try remapping!
-----and here we finish handling remapping results in cache controller! the Latency: 0
---invalid_cnt: 0

************recordStats once at 44898
[Warning] power scale is less than 1, please check!
[Overall Power Consumption] Peak: 36.3413, Dynamic: 20.3107
[DTM Trigger] CPU_MAX(THRES): 115.662(105.000), DRAM_MAX(THRES): 91.277(85.000)
	Current DTM method: 0
Here we try remapping!
-----and here we finish handling remapping results in cache controller! the Latency: 0
---invalid_cnt: 0

************recordStats once at 45900
[Warning] power scale is less than 1, please check!
[Overall Power Consumption] Peak: 36.3415, Dynamic: 20.3853
[DTM Trigger] CPU_MAX(THRES): 116.274(105.000), DRAM_MAX(THRES): 91.651(85.000)
	Current DTM method: 0
Here we try remapping!
-----and here we finish handling remapping results in cache controller! the Latency: 0
---invalid_cnt: 0

************recordStats once at 46900
[Warning] power scale is less than 1, please check!
[Overall Power Consumption] Peak: 36.4623, Dynamic: 20.612
[DTM Trigger] CPU_MAX(THRES): 116.418(105.000), DRAM_MAX(THRES): 91.956(85.000)
	Current DTM method: 0
Here we try remapping!
-----and here we finish handling remapping results in cache controller! the Latency: 0
---invalid_cnt: 0

************recordStats once at 47899
[Warning] power scale is less than 1, please check!
[Overall Power Consumption] Peak: 36.4258, Dynamic: 20.5241
[DTM Trigger] CPU_MAX(THRES): 116.920(105.000), DRAM_MAX(THRES): 92.232(85.000)
	Current DTM method: 0
Here we try remapping!
-----and here we finish handling remapping results in cache controller! the Latency: 0
---invalid_cnt: 0

************recordStats once at 48899
[Warning] power scale is less than 1, please check!
[Overall Power Consumption] Peak: 36.3892, Dynamic: 20.4501
[DTM Trigger] CPU_MAX(THRES): 116.700(105.000), DRAM_MAX(THRES): 92.444(85.000)
	Current DTM method: 0
Here we try remapping!
-----and here we finish handling remapping results in cache controller! the Latency: 0
---invalid_cnt: 0

************recordStats once at 49899
[Warning] power scale is less than 1, please check!
[Overall Power Consumption] Peak: 36.3294, Dynamic: 20.3263
[DTM Trigger] CPU_MAX(THRES): 116.830(105.000), DRAM_MAX(THRES): 92.618(85.000)
	Current DTM method: 0
Here we try remapping!
-----and here we finish handling remapping results in cache controller! the Latency: 0
---invalid_cnt: 0

************recordStats once at 50900
[Warning] power scale is less than 1, please check!
[Overall Power Consumption] Peak: 36.3526, Dynamic: 20.3839
[DTM Trigger] CPU_MAX(THRES): 117.071(105.000), DRAM_MAX(THRES): 92.757(85.000)
	Current DTM method: 0
Here we try remapping!
-----and here we finish handling remapping results in cache controller! the Latency: 0
---invalid_cnt: 0

************recordStats once at 51900
[Warning] power scale is less than 1, please check!
[Overall Power Consumption] Peak: 36.2253, Dynamic: 20.1226
[DTM Trigger] CPU_MAX(THRES): 117.445(105.000), DRAM_MAX(THRES): 92.960(85.000)
	Current DTM method: 0
Here we try remapping!
-----and here we finish handling remapping results in cache controller! the Latency: 0
---invalid_cnt: 0

************recordStats once at 52900
[Warning] power scale is less than 1, please check!
[Overall Power Consumption] Peak: 36.2082, Dynamic: 20.0461
[DTM Trigger] CPU_MAX(THRES): 117.581(105.000), DRAM_MAX(THRES): 93.133(85.000)
	Current DTM method: 0
Here we try remapping!
-----and here we finish handling remapping results in cache controller! the Latency: 0
---invalid_cnt: 0

************recordStats once at 53896
[Warning] power scale is less than 1, please check!
[Overall Power Consumption] Peak: 36.2558, Dynamic: 20.2487
[DTM Trigger] CPU_MAX(THRES): 117.509(105.000), DRAM_MAX(THRES): 93.225(85.000)
	Current DTM method: 0
Here we try remapping!
-----and here we finish handling remapping results in cache controller! the Latency: 0
---invalid_cnt: 0

************recordStats once at 54893
[Warning] power scale is less than 1, please check!
[Overall Power Consumption] Peak: 36.5036, Dynamic: 21.0426
[DTM Trigger] CPU_MAX(THRES): 118.555(105.000), DRAM_MAX(THRES): 93.421(85.000)
	Current DTM method: 0
Here we try remapping!
-----and here we finish handling remapping results in cache controller! the Latency: 0
---invalid_cnt: 0

************recordStats once at 55893
[Warning] power scale is less than 1, please check!
[Overall Power Consumption] Peak: 36.5372, Dynamic: 21.1985
[DTM Trigger] CPU_MAX(THRES): 119.219(105.000), DRAM_MAX(THRES): 93.716(85.000)
	Current DTM method: 0
Here we try remapping!
-----and here we finish handling remapping results in cache controller! the Latency: 0
---invalid_cnt: 0

************recordStats once at 56900
[Warning] power scale is less than 1, please check!
[Overall Power Consumption] Peak: 36.5235, Dynamic: 21.1024
[DTM Trigger] CPU_MAX(THRES): 119.604(105.000), DRAM_MAX(THRES): 94.007(85.000)
	Current DTM method: 0
Here we try remapping!
-----and here we finish handling remapping results in cache controller! the Latency: 0
---invalid_cnt: 0

************recordStats once at 57897
[Warning] power scale is less than 1, please check!
[Overall Power Consumption] Peak: 36.5318, Dynamic: 21.1508
[DTM Trigger] CPU_MAX(THRES): 119.766(105.000), DRAM_MAX(THRES): 94.237(85.000)
	Current DTM method: 0
Here we try remapping!
-----and here we finish handling remapping results in cache controller! the Latency: 0
---invalid_cnt: 0

************recordStats once at 58892
[Warning] power scale is less than 1, please check!
[Overall Power Consumption] Peak: 36.5323, Dynamic: 21.1572
[DTM Trigger] CPU_MAX(THRES): 119.966(105.000), DRAM_MAX(THRES): 94.408(85.000)
	Current DTM method: 0
Here we try remapping!
-----and here we finish handling remapping results in cache controller! the Latency: 0
---invalid_cnt: 0

************recordStats once at 59900
[Warning] power scale is less than 1, please check!
[Overall Power Consumption] Peak: 34.0962, Dynamic: 19.0237
[DTM Trigger] CPU_MAX(THRES): 120.850(105.000), DRAM_MAX(THRES): 94.631(85.000)
	Current DTM method: 0
Here we try remapping!
-----and here we finish handling remapping results in cache controller! the Latency: 0
---invalid_cnt: 0

************recordStats once at 60900
[Warning] power scale is less than 1, please check!
[Overall Power Consumption] Peak: 26.9986, Dynamic: 13.7867
[DTM Trigger] CPU_MAX(THRES): 121.754(105.000), DRAM_MAX(THRES): 94.914(85.000)
	Current DTM method: 0
Here we try remapping!
-----and here we finish handling remapping results in cache controller! the Latency: 0
---invalid_cnt: 0

************recordStats once at 61900
[Warning] power scale is less than 1, please check!
[Overall Power Consumption] Peak: 29.2341, Dynamic: 14.5489
[DTM Trigger] CPU_MAX(THRES): 114.429(105.000), DRAM_MAX(THRES): 94.328(85.000)
	Current DTM method: 0
Here we try remapping!
-----and here we finish handling remapping results in cache controller! the Latency: 0
---invalid_cnt: 0

************recordStats once at 62900
[Warning] power scale is less than 1, please check!
[Overall Power Consumption] Peak: 28.9838, Dynamic: 14.1487
[DTM Trigger] CPU_MAX(THRES): 112.515(105.000), DRAM_MAX(THRES): 93.367(85.000)
	Current DTM method: 0
Here we try remapping!
-----and here we finish handling remapping results in cache controller! the Latency: 0
---invalid_cnt: 0

************recordStats once at 63900
[Warning] power scale is less than 1, please check!
[Overall Power Consumption] Peak: 22.553, Dynamic: 8.28026
[DTM Trigger] CPU_MAX(THRES): 108.844(105.000), DRAM_MAX(THRES): 92.982(85.000)
	Current DTM method: 0
Here we try remapping!
-----and here we finish handling remapping results in cache controller! the Latency: 0
---invalid_cnt: 0

************recordStats once at 64900
[Warning] power scale is less than 1, please check!
[Overall Power Consumption] Peak: 20.8907, Dynamic: 7.63051
[DTM Trigger] CPU_MAX(THRES): 106.066(105.000), DRAM_MAX(THRES): 92.741(85.000)
	Current DTM method: 0
Here we try remapping!
-----and here we finish handling remapping results in cache controller! the Latency: 0
---invalid_cnt: 0

************recordStats once at 65900
[Warning] power scale is less than 1, please check!
[Overall Power Consumption] Peak: 26.4658, Dynamic: 10.2872
[DTM Trigger] CPU_MAX(THRES): 106.554(105.000), DRAM_MAX(THRES): 92.561(85.000)
	Current DTM method: 0
Here we try remapping!
-----and here we finish handling remapping results in cache controller! the Latency: 0
---invalid_cnt: 0

************recordStats once at 66900
[Warning] power scale is less than 1, please check!
[Overall Power Consumption] Peak: 31.3606, Dynamic: 15.9704
[DTM Trigger] CPU_MAX(THRES): 109.546(105.000), DRAM_MAX(THRES): 92.417(85.000)
	Current DTM method: 0
Here we try remapping!
-----and here we finish handling remapping results in cache controller! the Latency: 0
---invalid_cnt: 0

************recordStats once at 67900
[Warning] power scale is less than 1, please check!
[Overall Power Consumption] Peak: 32.1911, Dynamic: 17.5376
[DTM Trigger] CPU_MAX(THRES): 111.998(105.000), DRAM_MAX(THRES): 91.304(85.000)
	Current DTM method: 0
Here we try remapping!
-----and here we finish handling remapping results in cache controller! the Latency: 0
---invalid_cnt: 0

************recordStats once at 68899
[Warning] power scale is less than 1, please check!
[Overall Power Consumption] Peak: 36.3208, Dynamic: 20.269
[DTM Trigger] CPU_MAX(THRES): 116.386(105.000), DRAM_MAX(THRES): 92.106(85.000)
	Current DTM method: 0
Here we try remapping!
-----and here we finish handling remapping results in cache controller! the Latency: 0
---invalid_cnt: 0

************recordStats once at 69900
[Warning] power scale is less than 1, please check!
[Overall Power Consumption] Peak: 36.1953, Dynamic: 20.026
[DTM Trigger] CPU_MAX(THRES): 117.872(105.000), DRAM_MAX(THRES): 92.889(85.000)
	Current DTM method: 0
Here we try remapping!
-----and here we finish handling remapping results in cache controller! the Latency: 0
---invalid_cnt: 0

************recordStats once at 70900
[Warning] power scale is less than 1, please check!
[Overall Power Consumption] Peak: 36.2879, Dynamic: 20.2501
[DTM Trigger] CPU_MAX(THRES): 118.353(105.000), DRAM_MAX(THRES): 93.383(85.000)
	Current DTM method: 0
Here we try remapping!
-----and here we finish handling remapping results in cache controller! the Latency: 0
---invalid_cnt: 0

************recordStats once at 71898
[Warning] power scale is less than 1, please check!
[Overall Power Consumption] Peak: 36.3254, Dynamic: 20.3631
[DTM Trigger] CPU_MAX(THRES): 118.776(105.000), DRAM_MAX(THRES): 93.703(85.000)
	Current DTM method: 0
Here we try remapping!
-----and here we finish handling remapping results in cache controller! the Latency: 0
---invalid_cnt: 0

************recordStats once at 72900
[Warning] power scale is less than 1, please check!
[Overall Power Consumption] Peak: 36.3355, Dynamic: 20.3256
[DTM Trigger] CPU_MAX(THRES): 118.863(105.000), DRAM_MAX(THRES): 93.936(85.000)
	Current DTM method: 0
Here we try remapping!
-----and here we finish handling remapping results in cache controller! the Latency: 0
---invalid_cnt: 0

************recordStats once at 73895
[Warning] power scale is less than 1, please check!
[Overall Power Consumption] Peak: 36.3331, Dynamic: 20.3255
[DTM Trigger] CPU_MAX(THRES): 119.205(105.000), DRAM_MAX(THRES): 94.159(85.000)
	Current DTM method: 0
Here we try remapping!
-----and here we finish handling remapping results in cache controller! the Latency: 0
---invalid_cnt: 0

************recordStats once at 74900
[Warning] power scale is less than 1, please check!
[Overall Power Consumption] Peak: 36.229, Dynamic: 20.1282
[DTM Trigger] CPU_MAX(THRES): 119.849(105.000), DRAM_MAX(THRES): 94.389(85.000)
	Current DTM method: 0
Here we try remapping!
-----and here we finish handling remapping results in cache controller! the Latency: 0
---invalid_cnt: 0

************recordStats once at 75900
[Warning] power scale is less than 1, please check!
[Overall Power Consumption] Peak: 36.129, Dynamic: 19.8214
[DTM Trigger] CPU_MAX(THRES): 120.024(105.000), DRAM_MAX(THRES): 94.588(85.000)
	Current DTM method: 0
Here we try remapping!
-----and here we finish handling remapping results in cache controller! the Latency: 0
---invalid_cnt: 0

************recordStats once at 76900
[Warning] power scale is less than 1, please check!
[Overall Power Consumption] Peak: 36.207, Dynamic: 20.0146
[DTM Trigger] CPU_MAX(THRES): 119.281(105.000), DRAM_MAX(THRES): 94.663(85.000)
	Current DTM method: 0
Here we try remapping!
-----and here we finish handling remapping results in cache controller! the Latency: 0
---invalid_cnt: 0

************recordStats once at 77898
[Warning] power scale is less than 1, please check!
[Overall Power Consumption] Peak: 36.2695, Dynamic: 20.1992
[DTM Trigger] CPU_MAX(THRES): 119.388(105.000), DRAM_MAX(THRES): 94.711(85.000)
	Current DTM method: 0
Here we try remapping!
-----and here we finish handling remapping results in cache controller! the Latency: 0
---invalid_cnt: 0

************recordStats once at 78900
[Warning] power scale is less than 1, please check!
[Overall Power Consumption] Peak: 36.2648, Dynamic: 20.2049
[DTM Trigger] CPU_MAX(THRES): 119.311(105.000), DRAM_MAX(THRES): 94.774(85.000)
	Current DTM method: 0
Here we try remapping!
-----and here we finish handling remapping results in cache controller! the Latency: 0
---invalid_cnt: 0

************recordStats once at 79897
[Warning] power scale is less than 1, please check!
[Overall Power Consumption] Peak: 36.1556, Dynamic: 19.9504
[DTM Trigger] CPU_MAX(THRES): 119.498(105.000), DRAM_MAX(THRES): 94.856(85.000)
	Current DTM method: 0
Here we try remapping!
-----and here we finish handling remapping results in cache controller! the Latency: 0
---invalid_cnt: 0

************recordStats once at 80900
[Warning] power scale is less than 1, please check!
[Overall Power Consumption] Peak: 36.2588, Dynamic: 20.1765
[DTM Trigger] CPU_MAX(THRES): 119.599(105.000), DRAM_MAX(THRES): 94.926(85.000)
	Current DTM method: 0
Here we try remapping!
-----and here we finish handling remapping results in cache controller! the Latency: 0
---invalid_cnt: 0

************recordStats once at 81899
[Warning] power scale is less than 1, please check!
[Overall Power Consumption] Peak: 36.218, Dynamic: 20.1142
[DTM Trigger] CPU_MAX(THRES): 120.030(105.000), DRAM_MAX(THRES): 94.999(85.000)
	Current DTM method: 0
Here we try remapping!
-----and here we finish handling remapping results in cache controller! the Latency: 0
---invalid_cnt: 0

************recordStats once at 82899
[Warning] power scale is less than 1, please check!
[Overall Power Consumption] Peak: 36.3742, Dynamic: 20.419
[DTM Trigger] CPU_MAX(THRES): 120.251(105.000), DRAM_MAX(THRES): 95.130(85.000)
	Current DTM method: 0
Here we try remapping!
-----and here we finish handling remapping results in cache controller! the Latency: 0
---invalid_cnt: 0

************recordStats once at 83900
[Warning] power scale is less than 1, please check!
[Overall Power Consumption] Peak: 36.3419, Dynamic: 20.3092
[DTM Trigger] CPU_MAX(THRES): 120.531(105.000), DRAM_MAX(THRES): 95.282(85.000)
	Current DTM method: 0
Here we try remapping!
-----and here we finish handling remapping results in cache controller! the Latency: 0
---invalid_cnt: 0

************recordStats once at 84900
[Warning] power scale is less than 1, please check!
[Overall Power Consumption] Peak: 36.3385, Dynamic: 20.3195
[DTM Trigger] CPU_MAX(THRES): 120.548(105.000), DRAM_MAX(THRES): 95.398(85.000)
	Current DTM method: 0
Here we try remapping!
-----and here we finish handling remapping results in cache controller! the Latency: 0
---invalid_cnt: 0

************recordStats once at 85899
[Warning] power scale is less than 1, please check!
[Overall Power Consumption] Peak: 36.4365, Dynamic: 20.5918
[DTM Trigger] CPU_MAX(THRES): 120.571(105.000), DRAM_MAX(THRES): 95.473(85.000)
	Current DTM method: 0
Here we try remapping!
-----and here we finish handling remapping results in cache controller! the Latency: 0
---invalid_cnt: 0

************recordStats once at 86900
[Warning] power scale is less than 1, please check!
[Overall Power Consumption] Peak: 36.4187, Dynamic: 20.5246
[DTM Trigger] CPU_MAX(THRES): 120.576(105.000), DRAM_MAX(THRES): 95.488(85.000)
	Current DTM method: 0
Here we try remapping!
-----and here we finish handling remapping results in cache controller! the Latency: 0
---invalid_cnt: 0

************recordStats once at 87900
[Warning] power scale is less than 1, please check!
[Overall Power Consumption] Peak: 36.3352, Dynamic: 20.3388
[DTM Trigger] CPU_MAX(THRES): 120.572(105.000), DRAM_MAX(THRES): 95.536(85.000)
	Current DTM method: 0
Here we try remapping!
-----and here we finish handling remapping results in cache controller! the Latency: 0
---invalid_cnt: 0

************recordStats once at 88900
[Warning] power scale is less than 1, please check!
[Overall Power Consumption] Peak: 36.3265, Dynamic: 20.2857
[DTM Trigger] CPU_MAX(THRES): 120.127(105.000), DRAM_MAX(THRES): 95.560(85.000)
	Current DTM method: 0
Here we try remapping!
-----and here we finish handling remapping results in cache controller! the Latency: 0
---invalid_cnt: 0

************recordStats once at 89899
[Warning] power scale is less than 1, please check!
[Overall Power Consumption] Peak: 36.2917, Dynamic: 20.2696
[DTM Trigger] CPU_MAX(THRES): 120.271(105.000), DRAM_MAX(THRES): 95.547(85.000)
	Current DTM method: 0
Here we try remapping!
-----and here we finish handling remapping results in cache controller! the Latency: 0
---invalid_cnt: 0

************recordStats once at 90899
[Warning] power scale is less than 1, please check!
[Overall Power Consumption] Peak: 36.2843, Dynamic: 20.2289
[DTM Trigger] CPU_MAX(THRES): 120.566(105.000), DRAM_MAX(THRES): 95.569(85.000)
	Current DTM method: 0
Here we try remapping!
-----and here we finish handling remapping results in cache controller! the Latency: 0
---invalid_cnt: 0

************recordStats once at 91900
[Warning] power scale is less than 1, please check!
[Overall Power Consumption] Peak: 36.1542, Dynamic: 19.9317
[DTM Trigger] CPU_MAX(THRES): 120.164(105.000), DRAM_MAX(THRES): 95.583(85.000)
	Current DTM method: 0
Here we try remapping!
-----and here we finish handling remapping results in cache controller! the Latency: 0
---invalid_cnt: 0

************recordStats once at 92900
[Warning] power scale is less than 1, please check!
[Overall Power Consumption] Peak: 36.2082, Dynamic: 20.14
[DTM Trigger] CPU_MAX(THRES): 120.215(105.000), DRAM_MAX(THRES): 95.596(85.000)
	Current DTM method: 0
Here we try remapping!
-----and here we finish handling remapping results in cache controller! the Latency: 0
---invalid_cnt: 0

************recordStats once at 93899
[Warning] power scale is less than 1, please check!
[Overall Power Consumption] Peak: 36.4852, Dynamic: 20.9283
[DTM Trigger] CPU_MAX(THRES): 121.609(105.000), DRAM_MAX(THRES): 95.778(85.000)
	Current DTM method: 0
Here we try remapping!
-----and here we finish handling remapping results in cache controller! the Latency: 0
---invalid_cnt: 0

************recordStats once at 94900
[Warning] power scale is less than 1, please check!
[Overall Power Consumption] Peak: 36.5565, Dynamic: 21.2455
[DTM Trigger] CPU_MAX(THRES): 121.669(105.000), DRAM_MAX(THRES): 95.972(85.000)
	Current DTM method: 0
Here we try remapping!
-----and here we finish handling remapping results in cache controller! the Latency: 0
---invalid_cnt: 0

************recordStats once at 95897
[Warning] power scale is less than 1, please check!
[Overall Power Consumption] Peak: 36.5277, Dynamic: 21.1288
[DTM Trigger] CPU_MAX(THRES): 121.962(105.000), DRAM_MAX(THRES): 96.104(85.000)
	Current DTM method: 0
Here we try remapping!
-----and here we finish handling remapping results in cache controller! the Latency: 0
---invalid_cnt: 0

************recordStats once at 96900
[Warning] power scale is less than 1, please check!
[Overall Power Consumption] Peak: 36.5161, Dynamic: 21.0955
[DTM Trigger] CPU_MAX(THRES): 122.003(105.000), DRAM_MAX(THRES): 96.197(85.000)
	Current DTM method: 0
Here we try remapping!
-----and here we finish handling remapping results in cache controller! the Latency: 0
---invalid_cnt: 0

************recordStats once at 97900
[Warning] power scale is less than 1, please check!
[Overall Power Consumption] Peak: 36.542, Dynamic: 21.1922
[DTM Trigger] CPU_MAX(THRES): 121.981(105.000), DRAM_MAX(THRES): 96.255(85.000)
	Current DTM method: 0
Here we try remapping!
-----and here we finish handling remapping results in cache controller! the Latency: 0
---invalid_cnt: 0

************recordStats once at 98899
[Warning] power scale is less than 1, please check!
[Overall Power Consumption] Peak: 35.2249, Dynamic: 20.4925
[DTM Trigger] CPU_MAX(THRES): 121.955(105.000), DRAM_MAX(THRES): 96.299(85.000)
	Current DTM method: 0
Here we try remapping!
-----and here we finish handling remapping results in cache controller! the Latency: 0
---invalid_cnt: 0

************recordStats once at 99900
[Warning] power scale is less than 1, please check!
[Overall Power Consumption] Peak: 25.8309, Dynamic: 12.9461
[DTM Trigger] CPU_MAX(THRES): 124.881(105.000), DRAM_MAX(THRES): 96.456(85.000)
	Current DTM method: 0
Here we try remapping!
-----and here we finish handling remapping results in cache controller! the Latency: 0
---invalid_cnt: 0

************recordStats once at 100900
[Warning] power scale is less than 1, please check!
[Overall Power Consumption] Peak: 28.9465, Dynamic: 14.3816
[DTM Trigger] CPU_MAX(THRES): 118.236(105.000), DRAM_MAX(THRES): 96.133(85.000)
	Current DTM method: 0
Here we try remapping!
-----and here we finish handling remapping results in cache controller! the Latency: 0
---invalid_cnt: 0

************recordStats once at 101900
[Warning] power scale is less than 1, please check!
[Overall Power Consumption] Peak: 29.2253, Dynamic: 14.5072
[DTM Trigger] CPU_MAX(THRES): 114.392(105.000), DRAM_MAX(THRES): 95.072(85.000)
	Current DTM method: 0
Here we try remapping!
-----and here we finish handling remapping results in cache controller! the Latency: 0
---invalid_cnt: 0

************recordStats once at 102900
[Warning] power scale is less than 1, please check!
[Overall Power Consumption] Peak: 26.8662, Dynamic: 10.584
[DTM Trigger] CPU_MAX(THRES): 112.078(105.000), DRAM_MAX(THRES): 94.395(85.000)
	Current DTM method: 0
Here we try remapping!
-----and here we finish handling remapping results in cache controller! the Latency: 0
---invalid_cnt: 0

************recordStats once at 103900
[Warning] power scale is less than 1, please check!
[Overall Power Consumption] Peak: 21.3977, Dynamic: 7.63387
[DTM Trigger] CPU_MAX(THRES): 107.823(105.000), DRAM_MAX(THRES): 94.344(85.000)
	Current DTM method: 0
Here we try remapping!
-----and here we finish handling remapping results in cache controller! the Latency: 0
---invalid_cnt: 0

************recordStats once at 104900
[Warning] power scale is less than 1, please check!
[Overall Power Consumption] Peak: 22.6437, Dynamic: 8.59429
[DTM Trigger] CPU_MAX(THRES): 106.310(105.000), DRAM_MAX(THRES): 94.153(85.000)
	Current DTM method: 0
Here we try remapping!
-----and here we finish handling remapping results in cache controller! the Latency: 0
---invalid_cnt: 0

************recordStats once at 105900
[Warning] power scale is less than 1, please check!
[Overall Power Consumption] Peak: 30.3712, Dynamic: 14.4828
[DTM Trigger] CPU_MAX(THRES): 109.755(105.000), DRAM_MAX(THRES): 93.951(85.000)
	Current DTM method: 0
Here we try remapping!
-----and here we finish handling remapping results in cache controller! the Latency: 0
---invalid_cnt: 0

************recordStats once at 106900
[Warning] power scale is less than 1, please check!
[Overall Power Consumption] Peak: 31.4424, Dynamic: 16.0418
[DTM Trigger] CPU_MAX(THRES): 111.598(105.000), DRAM_MAX(THRES): 93.684(85.000)
	Current DTM method: 0
Here we try remapping!
-----and here we finish handling remapping results in cache controller! the Latency: 0
---invalid_cnt: 0

************recordStats once at 107899
[Warning] power scale is less than 1, please check!
[Overall Power Consumption] Peak: 36.3004, Dynamic: 19.9687
[DTM Trigger] CPU_MAX(THRES): 117.009(105.000), DRAM_MAX(THRES): 92.981(85.000)
	Current DTM method: 0
Here we try remapping!
-----and here we finish handling remapping results in cache controller! the Latency: 0
---invalid_cnt: 0

************recordStats once at 108900
[Warning] power scale is less than 1, please check!
[Overall Power Consumption] Peak: 36.2555, Dynamic: 20.2001
[DTM Trigger] CPU_MAX(THRES): 118.912(105.000), DRAM_MAX(THRES): 93.816(85.000)
	Current DTM method: 0
Here we try remapping!
-----and here we finish handling remapping results in cache controller! the Latency: 0
---invalid_cnt: 0

************recordStats once at 109899
[Warning] power scale is less than 1, please check!
[Overall Power Consumption] Peak: 36.3298, Dynamic: 20.351
[DTM Trigger] CPU_MAX(THRES): 119.442(105.000), DRAM_MAX(THRES): 94.365(85.000)
	Current DTM method: 0
Here we try remapping!
-----and here we finish handling remapping results in cache controller! the Latency: 0
---invalid_cnt: 0

************recordStats once at 110899
[Warning] power scale is less than 1, please check!
[Overall Power Consumption] Peak: 36.3282, Dynamic: 20.3453
[DTM Trigger] CPU_MAX(THRES): 119.770(105.000), DRAM_MAX(THRES): 94.714(85.000)
	Current DTM method: 0
Here we try remapping!
-----and here we finish handling remapping results in cache controller! the Latency: 0
---invalid_cnt: 0

************recordStats once at 111900
[Warning] power scale is less than 1, please check!
[Overall Power Consumption] Peak: 36.3551, Dynamic: 20.4244
[DTM Trigger] CPU_MAX(THRES): 120.047(105.000), DRAM_MAX(THRES): 94.956(85.000)
	Current DTM method: 0
Here we try remapping!
-----and here we finish handling remapping results in cache controller! the Latency: 0
---invalid_cnt: 0

************recordStats once at 112899
[Warning] power scale is less than 1, please check!
[Overall Power Consumption] Peak: 36.3492, Dynamic: 20.3423
[DTM Trigger] CPU_MAX(THRES): 120.164(105.000), DRAM_MAX(THRES): 95.136(85.000)
	Current DTM method: 0
Here we try remapping!
-----and here we finish handling remapping results in cache controller! the Latency: 0
---invalid_cnt: 0

************recordStats once at 113899
[Warning] power scale is less than 1, please check!
[Overall Power Consumption] Peak: 36.2691, Dynamic: 20.2214
[DTM Trigger] CPU_MAX(THRES): 120.574(105.000), DRAM_MAX(THRES): 95.303(85.000)
	Current DTM method: 0
Here we try remapping!
-----and here we finish handling remapping results in cache controller! the Latency: 0
---invalid_cnt: 0

************recordStats once at 114900
[Warning] power scale is less than 1, please check!
[Overall Power Consumption] Peak: 36.2291, Dynamic: 20.0753
[DTM Trigger] CPU_MAX(THRES): 120.916(105.000), DRAM_MAX(THRES): 95.471(85.000)
	Current DTM method: 0
Here we try remapping!
-----and here we finish handling remapping results in cache controller! the Latency: 0
---invalid_cnt: 0

************recordStats once at 115900
[Warning] power scale is less than 1, please check!
[Overall Power Consumption] Peak: 36.1033, Dynamic: 19.7682
[DTM Trigger] CPU_MAX(THRES): 120.982(105.000), DRAM_MAX(THRES): 95.608(85.000)
	Current DTM method: 0
Here we try remapping!
-----and here we finish handling remapping results in cache controller! the Latency: 0
---invalid_cnt: 0

************recordStats once at 116898
[Warning] power scale is less than 1, please check!
[Overall Power Consumption] Peak: 36.2138, Dynamic: 20.0451
[DTM Trigger] CPU_MAX(THRES): 120.103(105.000), DRAM_MAX(THRES): 95.623(85.000)
	Current DTM method: 0
Here we try remapping!
-----and here we finish handling remapping results in cache controller! the Latency: 0
---invalid_cnt: 0

************recordStats once at 117898
[Warning] power scale is less than 1, please check!
[Overall Power Consumption] Peak: 36.2709, Dynamic: 20.2029
[DTM Trigger] CPU_MAX(THRES): 120.332(105.000), DRAM_MAX(THRES): 95.636(85.000)
	Current DTM method: 0
Here we try remapping!
-----and here we finish handling remapping results in cache controller! the Latency: 0
---invalid_cnt: 0

************recordStats once at 118900
[Warning] power scale is less than 1, please check!
[Overall Power Consumption] Peak: 36.2087, Dynamic: 20.0959
[DTM Trigger] CPU_MAX(THRES): 120.435(105.000), DRAM_MAX(THRES): 95.695(85.000)
	Current DTM method: 0
Here we try remapping!
-----and here we finish handling remapping results in cache controller! the Latency: 0
---invalid_cnt: 0

************recordStats once at 119899
[Warning] power scale is less than 1, please check!
[Overall Power Consumption] Peak: 36.1912, Dynamic: 20.0298
[DTM Trigger] CPU_MAX(THRES): 120.594(105.000), DRAM_MAX(THRES): 95.769(85.000)
	Current DTM method: 0
Here we try remapping!
-----and here we finish handling remapping results in cache controller! the Latency: 0
---invalid_cnt: 0

************recordStats once at 120900
[Warning] power scale is less than 1, please check!
[Overall Power Consumption] Peak: 36.2803, Dynamic: 20.2661
[DTM Trigger] CPU_MAX(THRES): 120.924(105.000), DRAM_MAX(THRES): 95.817(85.000)
	Current DTM method: 0
Here we try remapping!
-----and here we finish handling remapping results in cache controller! the Latency: 0
---invalid_cnt: 0

************recordStats once at 121900
[Warning] power scale is less than 1, please check!
[Overall Power Consumption] Peak: 36.2559, Dynamic: 20.1847
[DTM Trigger] CPU_MAX(THRES): 121.004(105.000), DRAM_MAX(THRES): 95.892(85.000)
	Current DTM method: 0
Here we try remapping!
-----and here we finish handling remapping results in cache controller! the Latency: 0
---invalid_cnt: 0

************recordStats once at 122900
[Warning] power scale is less than 1, please check!
[Overall Power Consumption] Peak: 36.378, Dynamic: 20.4319
[DTM Trigger] CPU_MAX(THRES): 121.166(105.000), DRAM_MAX(THRES): 96.003(85.000)
	Current DTM method: 0
Here we try remapping!
-----and here we finish handling remapping results in cache controller! the Latency: 0
---invalid_cnt: 0

************recordStats once at 123899
[Warning] power scale is less than 1, please check!
[Overall Power Consumption] Peak: 36.3243, Dynamic: 20.2934
[DTM Trigger] CPU_MAX(THRES): 121.471(105.000), DRAM_MAX(THRES): 96.120(85.000)
	Current DTM method: 0
Here we try remapping!
-----and here we finish handling remapping results in cache controller! the Latency: 0
---invalid_cnt: 0

************recordStats once at 124900
[Warning] power scale is less than 1, please check!
[Overall Power Consumption] Peak: 36.383, Dynamic: 20.4305
[DTM Trigger] CPU_MAX(THRES): 121.296(105.000), DRAM_MAX(THRES): 96.193(85.000)
	Current DTM method: 0
Here we try remapping!
-----and here we finish handling remapping results in cache controller! the Latency: 0
---invalid_cnt: 0

************recordStats once at 125899
[Warning] power scale is less than 1, please check!
[Overall Power Consumption] Peak: 36.4405, Dynamic: 20.6143
[DTM Trigger] CPU_MAX(THRES): 121.479(105.000), DRAM_MAX(THRES): 96.246(85.000)
	Current DTM method: 0
Here we try remapping!
-----and here we finish handling remapping results in cache controller! the Latency: 0
---invalid_cnt: 0

************recordStats once at 126899
[Warning] power scale is less than 1, please check!
[Overall Power Consumption] Peak: 36.4079, Dynamic: 20.5003
[DTM Trigger] CPU_MAX(THRES): 121.501(105.000), DRAM_MAX(THRES): 96.247(85.000)
	Current DTM method: 0
Here we try remapping!
-----and here we finish handling remapping results in cache controller! the Latency: 0
---invalid_cnt: 0

************recordStats once at 127899
[Warning] power scale is less than 1, please check!
[Overall Power Consumption] Peak: 36.3352, Dynamic: 20.3022
[DTM Trigger] CPU_MAX(THRES): 120.870(105.000), DRAM_MAX(THRES): 96.235(85.000)
	Current DTM method: 0
Here we try remapping!
-----and here we finish handling remapping results in cache controller! the Latency: 0
---invalid_cnt: 0

************recordStats once at 128898
[Warning] power scale is less than 1, please check!
[Overall Power Consumption] Peak: 36.3824, Dynamic: 20.4559
[DTM Trigger] CPU_MAX(THRES): 121.171(105.000), DRAM_MAX(THRES): 96.229(85.000)
	Current DTM method: 0
Here we try remapping!
-----and here we finish handling remapping results in cache controller! the Latency: 0
---invalid_cnt: 0

************recordStats once at 129897
[Warning] power scale is less than 1, please check!
[Overall Power Consumption] Peak: 36.2725, Dynamic: 20.2257
[DTM Trigger] CPU_MAX(THRES): 121.051(105.000), DRAM_MAX(THRES): 96.255(85.000)
	Current DTM method: 0
Here we try remapping!
-----and here we finish handling remapping results in cache controller! the Latency: 0
---invalid_cnt: 0

************recordStats once at 130900
[Warning] power scale is less than 1, please check!
[Overall Power Consumption] Peak: 36.2526, Dynamic: 20.1677
[DTM Trigger] CPU_MAX(THRES): 121.498(105.000), DRAM_MAX(THRES): 96.285(85.000)
	Current DTM method: 0
Here we try remapping!
-----and here we finish handling remapping results in cache controller! the Latency: 0
---invalid_cnt: 0

************recordStats once at 131899
[Warning] power scale is less than 1, please check!
[Overall Power Consumption] Peak: 36.1835, Dynamic: 20.0066
[DTM Trigger] CPU_MAX(THRES): 121.584(105.000), DRAM_MAX(THRES): 96.356(85.000)
	Current DTM method: 0
Here we try remapping!
-----and here we finish handling remapping results in cache controller! the Latency: 0
---invalid_cnt: 0

************recordStats once at 132896
[Warning] power scale is less than 1, please check!
[Overall Power Consumption] Peak: 36.261, Dynamic: 20.2683
[DTM Trigger] CPU_MAX(THRES): 121.158(105.000), DRAM_MAX(THRES): 96.368(85.000)
	Current DTM method: 0
Here we try remapping!
-----and here we finish handling remapping results in cache controller! the Latency: 0
---invalid_cnt: 0

************recordStats once at 133900
[Warning] power scale is less than 1, please check!
[Overall Power Consumption] Peak: 36.5616, Dynamic: 21.2082
[DTM Trigger] CPU_MAX(THRES): 122.223(105.000), DRAM_MAX(THRES): 96.467(85.000)
	Current DTM method: 0
Here we try remapping!
-----and here we finish handling remapping results in cache controller! the Latency: 0
---invalid_cnt: 0

************recordStats once at 134899
[Warning] power scale is less than 1, please check!
[Overall Power Consumption] Peak: 36.5411, Dynamic: 21.1966
[DTM Trigger] CPU_MAX(THRES): 122.418(105.000), DRAM_MAX(THRES): 96.636(85.000)
	Current DTM method: 0
Here we try remapping!
-----and here we finish handling remapping results in cache controller! the Latency: 0
---invalid_cnt: 0

************recordStats once at 135899
[Warning] power scale is less than 1, please check!
[Overall Power Consumption] Peak: 36.5303, Dynamic: 21.1343
[DTM Trigger] CPU_MAX(THRES): 122.686(105.000), DRAM_MAX(THRES): 96.761(85.000)
	Current DTM method: 0
Here we try remapping!
-----and here we finish handling remapping results in cache controller! the Latency: 0
---invalid_cnt: 0

************recordStats once at 136900
[Warning] power scale is less than 1, please check!
[Overall Power Consumption] Peak: 36.5172, Dynamic: 21.098
[DTM Trigger] CPU_MAX(THRES): 122.626(105.000), DRAM_MAX(THRES): 96.836(85.000)
	Current DTM method: 0
Here we try remapping!
-----and here we finish handling remapping results in cache controller! the Latency: 0
---invalid_cnt: 0

************recordStats once at 137900
[Warning] power scale is less than 1, please check!
[Overall Power Consumption] Peak: 36.5407, Dynamic: 21.1896
[DTM Trigger] CPU_MAX(THRES): 122.623(105.000), DRAM_MAX(THRES): 96.877(85.000)
	Current DTM method: 0
Here we try remapping!
-----and here we finish handling remapping results in cache controller! the Latency: 0
---invalid_cnt: 0

************recordStats once at 138893
[Warning] power scale is less than 1, please check!
[Overall Power Consumption] Peak: 36.5378, Dynamic: 21.1432
[DTM Trigger] CPU_MAX(THRES): 122.715(105.000), DRAM_MAX(THRES): 96.919(85.000)
	Current DTM method: 0
Here we try remapping!
-----and here we finish handling remapping results in cache controller! the Latency: 0
---invalid_cnt: 0

************recordStats once at 139900
[Warning] power scale is less than 1, please check!
[Overall Power Consumption] Peak: 24.2041, Dynamic: 11.7133
[DTM Trigger] CPU_MAX(THRES): 126.414(105.000), DRAM_MAX(THRES): 97.181(85.000)
	Current DTM method: 0
Here we try remapping!
-----and here we finish handling remapping results in cache controller! the Latency: 0
---invalid_cnt: 0

************recordStats once at 140900
[Warning] power scale is less than 1, please check!
[Overall Power Consumption] Peak: 29.314, Dynamic: 14.6841
[DTM Trigger] CPU_MAX(THRES): 117.922(105.000), DRAM_MAX(THRES): 96.760(85.000)
	Current DTM method: 0
Here we try remapping!
-----and here we finish handling remapping results in cache controller! the Latency: 0
---invalid_cnt: 0

************recordStats once at 141900
[Warning] power scale is less than 1, please check!
[Overall Power Consumption] Peak: 29.2151, Dynamic: 14.4976
[DTM Trigger] CPU_MAX(THRES): 114.871(105.000), DRAM_MAX(THRES): 95.602(85.000)
	Current DTM method: 0
Here we try remapping!
-----and here we finish handling remapping results in cache controller! the Latency: 0
---invalid_cnt: 0

************recordStats once at 142900
[Warning] power scale is less than 1, please check!
[Overall Power Consumption] Peak: 25.9543, Dynamic: 9.98897
[DTM Trigger] CPU_MAX(THRES): 112.201(105.000), DRAM_MAX(THRES): 95.217(85.000)
	Current DTM method: 0
Here we try remapping!
-----and here we finish handling remapping results in cache controller! the Latency: 0
---invalid_cnt: 0

************recordStats once at 143900
[Warning] power scale is less than 1, please check!
[Overall Power Consumption] Peak: 20.7746, Dynamic: 7.41908
[DTM Trigger] CPU_MAX(THRES): 108.267(105.000), DRAM_MAX(THRES): 95.049(85.000)
	Current DTM method: 0
Here we try remapping!
-----and here we finish handling remapping results in cache controller! the Latency: 0
---invalid_cnt: 0

************recordStats once at 144900
[Warning] power scale is less than 1, please check!
[Overall Power Consumption] Peak: 23.1631, Dynamic: 8.69534
[DTM Trigger] CPU_MAX(THRES): 106.928(105.000), DRAM_MAX(THRES): 94.818(85.000)
	Current DTM method: 0
Here we try remapping!
-----and here we finish handling remapping results in cache controller! the Latency: 0
---invalid_cnt: 0

************recordStats once at 145900
[Warning] power scale is less than 1, please check!
[Overall Power Consumption] Peak: 30.9799, Dynamic: 15.4872
[DTM Trigger] CPU_MAX(THRES): 110.638(105.000), DRAM_MAX(THRES): 94.538(85.000)
	Current DTM method: 0
Here we try remapping!
-----and here we finish handling remapping results in cache controller! the Latency: 0
---invalid_cnt: 0

************recordStats once at 146900
[Warning] power scale is less than 1, please check!
[Overall Power Consumption] Peak: 31.6574, Dynamic: 16.367
[DTM Trigger] CPU_MAX(THRES): 112.625(105.000), DRAM_MAX(THRES): 93.179(85.000)
	Current DTM method: 0
Here we try remapping!
-----and here we finish handling remapping results in cache controller! the Latency: 0
---invalid_cnt: 0

************recordStats once at 147899
[Warning] power scale is less than 1, please check!
[Overall Power Consumption] Peak: 36.2495, Dynamic: 20.1016
[DTM Trigger] CPU_MAX(THRES): 117.862(105.000), DRAM_MAX(THRES): 93.589(85.000)
	Current DTM method: 0
Here we try remapping!
-----and here we finish handling remapping results in cache controller! the Latency: 0
---invalid_cnt: 0

************recordStats once at 148897
[Warning] power scale is less than 1, please check!
[Overall Power Consumption] Peak: 36.2716, Dynamic: 20.2025
[DTM Trigger] CPU_MAX(THRES): 119.464(105.000), DRAM_MAX(THRES): 94.421(85.000)
	Current DTM method: 0
Here we try remapping!
-----and here we finish handling remapping results in cache controller! the Latency: 0
---invalid_cnt: 0

************recordStats once at 149899
[Warning] power scale is less than 1, please check!
[Overall Power Consumption] Peak: 36.3437, Dynamic: 20.3839
[DTM Trigger] CPU_MAX(THRES): 119.938(105.000), DRAM_MAX(THRES): 94.921(85.000)
	Current DTM method: 0
Here we try remapping!
-----and here we finish handling remapping results in cache controller! the Latency: 0
---invalid_cnt: 0

************recordStats once at 150898
[Warning] power scale is less than 1, please check!
[Overall Power Consumption] Peak: 36.3209, Dynamic: 20.3409
[DTM Trigger] CPU_MAX(THRES): 120.377(105.000), DRAM_MAX(THRES): 95.228(85.000)
	Current DTM method: 0
Here we try remapping!
-----and here we finish handling remapping results in cache controller! the Latency: 0
---invalid_cnt: 0

************recordStats once at 151900
[Warning] power scale is less than 1, please check!
[Overall Power Consumption] Peak: 36.3461, Dynamic: 20.3488
[DTM Trigger] CPU_MAX(THRES): 120.528(105.000), DRAM_MAX(THRES): 95.438(85.000)
	Current DTM method: 0
Here we try remapping!
-----and here we finish handling remapping results in cache controller! the Latency: 0
---invalid_cnt: 0

************recordStats once at 152900
[Warning] power scale is less than 1, please check!
[Overall Power Consumption] Peak: 36.2983, Dynamic: 20.2559
[DTM Trigger] CPU_MAX(THRES): 120.824(105.000), DRAM_MAX(THRES): 95.612(85.000)
	Current DTM method: 0
Here we try remapping!
-----and here we finish handling remapping results in cache controller! the Latency: 0
---invalid_cnt: 0

************recordStats once at 153900
[Warning] power scale is less than 1, please check!
[Overall Power Consumption] Peak: 36.2851, Dynamic: 20.2326
[DTM Trigger] CPU_MAX(THRES): 121.145(105.000), DRAM_MAX(THRES): 95.775(85.000)
	Current DTM method: 0
Here we try remapping!
-----and here we finish handling remapping results in cache controller! the Latency: 0
---invalid_cnt: 0

************recordStats once at 154900
[Warning] power scale is less than 1, please check!
[Overall Power Consumption] Peak: 36.1539, Dynamic: 19.9099
[DTM Trigger] CPU_MAX(THRES): 121.479(105.000), DRAM_MAX(THRES): 95.931(85.000)
	Current DTM method: 0
Here we try remapping!
-----and here we finish handling remapping results in cache controller! the Latency: 0
---invalid_cnt: 0

************recordStats once at 155898
[Warning] power scale is less than 1, please check!
[Overall Power Consumption] Peak: 36.1751, Dynamic: 19.9167
[DTM Trigger] CPU_MAX(THRES): 121.217(105.000), DRAM_MAX(THRES): 96.020(85.000)
	Current DTM method: 0
Here we try remapping!
-----and here we finish handling remapping results in cache controller! the Latency: 0
---invalid_cnt: 0

************recordStats once at 156900
[Warning] power scale is less than 1, please check!
[Overall Power Consumption] Peak: 36.2676, Dynamic: 20.1966
[DTM Trigger] CPU_MAX(THRES): 120.897(105.000), DRAM_MAX(THRES): 96.043(85.000)
	Current DTM method: 0
Here we try remapping!
-----and here we finish handling remapping results in cache controller! the Latency: 0
---invalid_cnt: 0

************recordStats once at 157900
[Warning] power scale is less than 1, please check!
[Overall Power Consumption] Peak: 36.2114, Dynamic: 20.1023
[DTM Trigger] CPU_MAX(THRES): 120.536(105.000), DRAM_MAX(THRES): 96.031(85.000)
	Current DTM method: 0
Here we try remapping!
-----and here we finish handling remapping results in cache controller! the Latency: 0
---invalid_cnt: 0

************recordStats once at 158899
[Warning] power scale is less than 1, please check!
[Overall Power Consumption] Peak: 36.1907, Dynamic: 20.0408
[DTM Trigger] CPU_MAX(THRES): 121.054(105.000), DRAM_MAX(THRES): 96.086(85.000)
	Current DTM method: 0
Here we try remapping!
-----and here we finish handling remapping results in cache controller! the Latency: 0
---invalid_cnt: 0

************recordStats once at 159897
[Warning] power scale is less than 1, please check!
[Overall Power Consumption] Peak: 36.1866, Dynamic: 20.0372
[DTM Trigger] CPU_MAX(THRES): 121.167(105.000), DRAM_MAX(THRES): 96.182(85.000)
	Current DTM method: 0
Here we try remapping!
-----and here we finish handling remapping results in cache controller! the Latency: 0
---invalid_cnt: 0

************recordStats once at 160900
[Warning] power scale is less than 1, please check!
[Overall Power Consumption] Peak: 36.2297, Dynamic: 20.1077
[DTM Trigger] CPU_MAX(THRES): 121.239(105.000), DRAM_MAX(THRES): 96.190(85.000)
	Current DTM method: 0
Here we try remapping!
-----and here we finish handling remapping results in cache controller! the Latency: 0
---invalid_cnt: 0

************recordStats once at 161898
[Warning] power scale is less than 1, please check!
[Overall Power Consumption] Peak: 36.3046, Dynamic: 20.3072
[DTM Trigger] CPU_MAX(THRES): 121.576(105.000), DRAM_MAX(THRES): 96.280(85.000)
	Current DTM method: 0
Here we try remapping!
-----and here we finish handling remapping results in cache controller! the Latency: 0
---invalid_cnt: 0

************recordStats once at 162898
[Warning] power scale is less than 1, please check!
[Overall Power Consumption] Peak: 36.3664, Dynamic: 20.3787
[DTM Trigger] CPU_MAX(THRES): 121.625(105.000), DRAM_MAX(THRES): 96.407(85.000)
	Current DTM method: 0
Here we try remapping!
-----and here we finish handling remapping results in cache controller! the Latency: 0
---invalid_cnt: 0

************recordStats once at 163900
[Warning] power scale is less than 1, please check!
[Overall Power Consumption] Peak: 36.3416, Dynamic: 20.3459
[DTM Trigger] CPU_MAX(THRES): 121.918(105.000), DRAM_MAX(THRES): 96.509(85.000)
	Current DTM method: 0
Here we try remapping!
-----and here we finish handling remapping results in cache controller! the Latency: 0
---invalid_cnt: 0

************recordStats once at 164900
[Warning] power scale is less than 1, please check!
[Overall Power Consumption] Peak: 36.4122, Dynamic: 20.5006
[DTM Trigger] CPU_MAX(THRES): 121.774(105.000), DRAM_MAX(THRES): 96.570(85.000)
	Current DTM method: 0
Here we try remapping!
-----and here we finish handling remapping results in cache controller! the Latency: 0
---invalid_cnt: 0

************recordStats once at 165898
[Warning] power scale is less than 1, please check!
[Overall Power Consumption] Peak: 36.4678, Dynamic: 20.6431
[DTM Trigger] CPU_MAX(THRES): 121.803(105.000), DRAM_MAX(THRES): 96.602(85.000)
	Current DTM method: 0
Here we try remapping!
-----and here we finish handling remapping results in cache controller! the Latency: 0
---invalid_cnt: 0

************recordStats once at 166899
[Warning] power scale is less than 1, please check!
[Overall Power Consumption] Peak: 36.3436, Dynamic: 20.3381
[DTM Trigger] CPU_MAX(THRES): 121.351(105.000), DRAM_MAX(THRES): 96.591(85.000)
	Current DTM method: 0
Here we try remapping!
-----and here we finish handling remapping results in cache controller! the Latency: 0
---invalid_cnt: 0

************recordStats once at 167898
[Warning] power scale is less than 1, please check!
[Overall Power Consumption] Peak: 36.3183, Dynamic: 20.2641
[DTM Trigger] CPU_MAX(THRES): 121.077(105.000), DRAM_MAX(THRES): 96.547(85.000)
	Current DTM method: 0
Here we try remapping!
-----and here we finish handling remapping results in cache controller! the Latency: 0
---invalid_cnt: 0

************recordStats once at 168900
[Warning] power scale is less than 1, please check!
[Overall Power Consumption] Peak: 36.4004, Dynamic: 20.4898
[DTM Trigger] CPU_MAX(THRES): 121.686(105.000), DRAM_MAX(THRES): 96.510(85.000)
	Current DTM method: 0
Here we try remapping!
-----and here we finish handling remapping results in cache controller! the Latency: 0
---invalid_cnt: 0

************recordStats once at 169900
[Warning] power scale is less than 1, please check!
[Overall Power Consumption] Peak: 36.2453, Dynamic: 20.1803
[DTM Trigger] CPU_MAX(THRES): 121.405(105.000), DRAM_MAX(THRES): 96.546(85.000)
	Current DTM method: 0
Here we try remapping!
-----and here we finish handling remapping results in cache controller! the Latency: 0
---invalid_cnt: 0

************recordStats once at 170899
[Warning] power scale is less than 1, please check!
[Overall Power Consumption] Peak: 36.1635, Dynamic: 19.9477
[DTM Trigger] CPU_MAX(THRES): 121.363(105.000), DRAM_MAX(THRES): 96.574(85.000)
	Current DTM method: 0
Here we try remapping!
-----and here we finish handling remapping results in cache controller! the Latency: 0
---invalid_cnt: 0

************recordStats once at 171900
[Warning] power scale is less than 1, please check!
[Overall Power Consumption] Peak: 36.1923, Dynamic: 20.013
[DTM Trigger] CPU_MAX(THRES): 121.356(105.000), DRAM_MAX(THRES): 96.552(85.000)
	Current DTM method: 0
Here we try remapping!
-----and here we finish handling remapping results in cache controller! the Latency: 0
---invalid_cnt: 0

************recordStats once at 172900
[Warning] power scale is less than 1, please check!
[Overall Power Consumption] Peak: 36.3585, Dynamic: 20.5585
[DTM Trigger] CPU_MAX(THRES): 122.065(105.000), DRAM_MAX(THRES): 96.647(85.000)
	Current DTM method: 0
Here we try remapping!
-----and here we finish handling remapping results in cache controller! the Latency: 0
---invalid_cnt: 0

************recordStats once at 173900
[Warning] power scale is less than 1, please check!
[Overall Power Consumption] Peak: 36.5661, Dynamic: 21.2492
[DTM Trigger] CPU_MAX(THRES): 122.612(105.000), DRAM_MAX(THRES): 96.814(85.000)
	Current DTM method: 0
Here we try remapping!
-----and here we finish handling remapping results in cache controller! the Latency: 0
---invalid_cnt: 0

************recordStats once at 174900
[Warning] power scale is less than 1, please check!
[Overall Power Consumption] Peak: 36.5265, Dynamic: 21.1711
[DTM Trigger] CPU_MAX(THRES): 122.815(105.000), DRAM_MAX(THRES): 96.949(85.000)
	Current DTM method: 0
Here we try remapping!
-----and here we finish handling remapping results in cache controller! the Latency: 0
---invalid_cnt: 0

************recordStats once at 175899
[Warning] power scale is less than 1, please check!
[Overall Power Consumption] Peak: 36.5097, Dynamic: 21.0572
[DTM Trigger] CPU_MAX(THRES): 122.918(105.000), DRAM_MAX(THRES): 97.040(85.000)
	Current DTM method: 0
Here we try remapping!
-----and here we finish handling remapping results in cache controller! the Latency: 0
---invalid_cnt: 0

************recordStats once at 176893
[Warning] power scale is less than 1, please check!
[Overall Power Consumption] Peak: 36.5288, Dynamic: 21.1598
[DTM Trigger] CPU_MAX(THRES): 122.917(105.000), DRAM_MAX(THRES): 97.095(85.000)
	Current DTM method: 0
Here we try remapping!
-----and here we finish handling remapping results in cache controller! the Latency: 0
---invalid_cnt: 0

************recordStats once at 177899
[Warning] power scale is less than 1, please check!
[Overall Power Consumption] Peak: 36.5376, Dynamic: 21.159
[DTM Trigger] CPU_MAX(THRES): 122.967(105.000), DRAM_MAX(THRES): 97.134(85.000)
	Current DTM method: 0
Here we try remapping!
-----and here we finish handling remapping results in cache controller! the Latency: 0
---invalid_cnt: 0

************recordStats once at 178900
[Warning] power scale is less than 1, please check!
[Overall Power Consumption] Peak: 31.4037, Dynamic: 16.6382
[DTM Trigger] CPU_MAX(THRES): 124.575(105.000), DRAM_MAX(THRES): 97.174(85.000)
	Current DTM method: 0
Here we try remapping!
-----and here we finish handling remapping results in cache controller! the Latency: 0
---invalid_cnt: 0

************recordStats once at 179900
[Warning] power scale is less than 1, please check!
[Overall Power Consumption] Peak: 26.391, Dynamic: 12.8933
[DTM Trigger] CPU_MAX(THRES): 123.906(105.000), DRAM_MAX(THRES): 97.323(85.000)
	Current DTM method: 0
Here we try remapping!
-----and here we finish handling remapping results in cache controller! the Latency: 0
---invalid_cnt: 0

************recordStats once at 180900
[Warning] power scale is less than 1, please check!
[Overall Power Consumption] Peak: 29.2123, Dynamic: 14.5024
[DTM Trigger] CPU_MAX(THRES): 116.591(105.000), DRAM_MAX(THRES): 96.535(85.000)
	Current DTM method: 0
Here we try remapping!
-----and here we finish handling remapping results in cache controller! the Latency: 0
---invalid_cnt: 0

************recordStats once at 181900
[Warning] power scale is less than 1, please check!
[Overall Power Consumption] Peak: 28.8687, Dynamic: 13.9909
[DTM Trigger] CPU_MAX(THRES): 114.789(105.000), DRAM_MAX(THRES): 95.459(85.000)
	Current DTM method: 0
Here we try remapping!
-----and here we finish handling remapping results in cache controller! the Latency: 0
---invalid_cnt: 0

************recordStats once at 182900
[Warning] power scale is less than 1, please check!
[Overall Power Consumption] Peak: 21.2791, Dynamic: 7.62944
[DTM Trigger] CPU_MAX(THRES): 109.691(105.000), DRAM_MAX(THRES): 95.324(85.000)
	Current DTM method: 0
Here we try remapping!
-----and here we finish handling remapping results in cache controller! the Latency: 0
---invalid_cnt: 0

************recordStats once at 183900
[Warning] power scale is less than 1, please check!
[Overall Power Consumption] Peak: 21.6029, Dynamic: 8.02032
[DTM Trigger] CPU_MAX(THRES): 107.379(105.000), DRAM_MAX(THRES): 94.998(85.000)
	Current DTM method: 0
Here we try remapping!
-----and here we finish handling remapping results in cache controller! the Latency: 0
---invalid_cnt: 0

************recordStats once at 184900
[Warning] power scale is less than 1, please check!
[Overall Power Consumption] Peak: 27.1205, Dynamic: 10.8696
[DTM Trigger] CPU_MAX(THRES): 108.772(105.000), DRAM_MAX(THRES): 94.769(85.000)
	Current DTM method: 0
Here we try remapping!
-----and here we finish handling remapping results in cache controller! the Latency: 0
---invalid_cnt: 0

************recordStats once at 185899
[Warning] power scale is less than 1, please check!
[Overall Power Consumption] Peak: 31.3944, Dynamic: 16.0048
[DTM Trigger] CPU_MAX(THRES): 111.563(105.000), DRAM_MAX(THRES): 94.564(85.000)
	Current DTM method: 0
Here we try remapping!
-----and here we finish handling remapping results in cache controller! the Latency: 0
---invalid_cnt: 0

************recordStats once at 186899
[Warning] power scale is less than 1, please check!
[Overall Power Consumption] Peak: 32.2954, Dynamic: 17.78
[DTM Trigger] CPU_MAX(THRES): 114.330(105.000), DRAM_MAX(THRES): 93.243(85.000)
	Current DTM method: 0
Here we try remapping!
-----and here we finish handling remapping results in cache controller! the Latency: 0
---invalid_cnt: 0

************recordStats once at 187894
[Warning] power scale is less than 1, please check!
[Overall Power Consumption] Peak: 36.2585, Dynamic: 20.1306
[DTM Trigger] CPU_MAX(THRES): 118.589(105.000), DRAM_MAX(THRES): 94.008(85.000)
	Current DTM method: 0
Here we try remapping!
-----and here we finish handling remapping results in cache controller! the Latency: 0
---invalid_cnt: 0

************recordStats once at 188896
[Warning] power scale is less than 1, please check!
[Overall Power Consumption] Peak: 36.2177, Dynamic: 20.1155
[DTM Trigger] CPU_MAX(THRES): 119.876(105.000), DRAM_MAX(THRES): 94.734(85.000)
	Current DTM method: 0
Here we try remapping!
-----and here we finish handling remapping results in cache controller! the Latency: 0
---invalid_cnt: 0

************recordStats once at 189898
[Warning] power scale is less than 1, please check!
[Overall Power Consumption] Peak: 36.3332, Dynamic: 20.3474
[DTM Trigger] CPU_MAX(THRES): 120.260(105.000), DRAM_MAX(THRES): 95.164(85.000)
	Current DTM method: 0
Here we try remapping!
-----and here we finish handling remapping results in cache controller! the Latency: 0
---invalid_cnt: 0

************recordStats once at 190900
[Warning] power scale is less than 1, please check!
[Overall Power Consumption] Peak: 36.3197, Dynamic: 20.3615
[DTM Trigger] CPU_MAX(THRES): 120.581(105.000), DRAM_MAX(THRES): 95.428(85.000)
	Current DTM method: 0
Here we try remapping!
-----and here we finish handling remapping results in cache controller! the Latency: 0
---invalid_cnt: 0

************recordStats once at 191900
[Warning] power scale is less than 1, please check!
[Overall Power Consumption] Peak: 36.3757, Dynamic: 20.4166
[DTM Trigger] CPU_MAX(THRES): 120.623(105.000), DRAM_MAX(THRES): 95.610(85.000)
	Current DTM method: 0
Here we try remapping!
-----and here we finish handling remapping results in cache controller! the Latency: 0
---invalid_cnt: 0

************recordStats once at 192898
[Warning] power scale is less than 1, please check!
[Overall Power Consumption] Peak: 36.3299, Dynamic: 20.342
[DTM Trigger] CPU_MAX(THRES): 120.929(105.000), DRAM_MAX(THRES): 95.763(85.000)
	Current DTM method: 0
Here we try remapping!
-----and here we finish handling remapping results in cache controller! the Latency: 0
---invalid_cnt: 0

************recordStats once at 193896
[Warning] power scale is less than 1, please check!
[Overall Power Consumption] Peak: 36.2561, Dynamic: 20.183
[DTM Trigger] CPU_MAX(THRES): 121.417(105.000), DRAM_MAX(THRES): 95.929(85.000)
	Current DTM method: 0
Here we try remapping!
-----and here we finish handling remapping results in cache controller! the Latency: 0
---invalid_cnt: 0

************recordStats once at 194899
[Warning] power scale is less than 1, please check!
[Overall Power Consumption] Peak: 36.1604, Dynamic: 19.9227
[DTM Trigger] CPU_MAX(THRES): 121.587(105.000), DRAM_MAX(THRES): 96.078(85.000)
	Current DTM method: 0
Here we try remapping!
-----and here we finish handling remapping results in cache controller! the Latency: 0
---invalid_cnt: 0

************recordStats once at 195900
[Warning] power scale is less than 1, please check!
[Overall Power Consumption] Peak: 36.1673, Dynamic: 19.9
[DTM Trigger] CPU_MAX(THRES): 121.038(105.000), DRAM_MAX(THRES): 96.130(85.000)
	Current DTM method: 0
Here we try remapping!
-----and here we finish handling remapping results in cache controller! the Latency: 0
---invalid_cnt: 0

************recordStats once at 196899
[Warning] power scale is less than 1, please check!
[Overall Power Consumption] Peak: 36.2773, Dynamic: 20.2287
[DTM Trigger] CPU_MAX(THRES): 121.112(105.000), DRAM_MAX(THRES): 96.163(85.000)
	Current DTM method: 0
Here we try remapping!
-----and here we finish handling remapping results in cache controller! the Latency: 0
---invalid_cnt: 0

************recordStats once at 197900
[Warning] power scale is less than 1, please check!
[Overall Power Consumption] Peak: 36.2422, Dynamic: 20.1505
[DTM Trigger] CPU_MAX(THRES): 120.688(105.000), DRAM_MAX(THRES): 96.173(85.000)
	Current DTM method: 0
Here we try remapping!
-----and here we finish handling remapping results in cache controller! the Latency: 0
---invalid_cnt: 0

************recordStats once at 198899
[Warning] power scale is less than 1, please check!
[Overall Power Consumption] Peak: 36.1755, Dynamic: 19.9885
[DTM Trigger] CPU_MAX(THRES): 121.036(105.000), DRAM_MAX(THRES): 96.219(85.000)
	Current DTM method: 0
Here we try remapping!
-----and here we finish handling remapping results in cache controller! the Latency: 0
---invalid_cnt: 0

************recordStats once at 199900
[Warning] power scale is less than 1, please check!
[Overall Power Consumption] Peak: 36.2294, Dynamic: 20.1173
[DTM Trigger] CPU_MAX(THRES): 121.296(105.000), DRAM_MAX(THRES): 96.282(85.000)
	Current DTM method: 0
Here we try remapping!
-----and here we finish handling remapping results in cache controller! the Latency: 0
---invalid_cnt: 0

************recordStats once at 200900
[Warning] power scale is less than 1, please check!
[Overall Power Consumption] Peak: 36.2557, Dynamic: 20.1623
[DTM Trigger] CPU_MAX(THRES): 121.457(105.000), DRAM_MAX(THRES): 96.343(85.000)
	Current DTM method: 0
Here we try remapping!
-----and here we finish handling remapping results in cache controller! the Latency: 0
---invalid_cnt: 0

************recordStats once at 201900
[Warning] power scale is less than 1, please check!
[Overall Power Consumption] Peak: 36.3201, Dynamic: 20.348
[DTM Trigger] CPU_MAX(THRES): 121.802(105.000), DRAM_MAX(THRES): 96.459(85.000)
	Current DTM method: 0
Here we try remapping!
-----and here we finish handling remapping results in cache controller! the Latency: 0
---invalid_cnt: 0

************recordStats once at 202900
[Warning] power scale is less than 1, please check!
[Overall Power Consumption] Peak: 36.3693, Dynamic: 20.3733
[DTM Trigger] CPU_MAX(THRES): 121.836(105.000), DRAM_MAX(THRES): 96.572(85.000)
	Current DTM method: 0
Here we try remapping!
-----and here we finish handling remapping results in cache controller! the Latency: 0
---invalid_cnt: 0

************recordStats once at 203900
[Warning] power scale is less than 1, please check!
[Overall Power Consumption] Peak: 36.3298, Dynamic: 20.3213
[DTM Trigger] CPU_MAX(THRES): 122.003(105.000), DRAM_MAX(THRES): 96.653(85.000)
	Current DTM method: 0
Here we try remapping!
-----and here we finish handling remapping results in cache controller! the Latency: 0
---invalid_cnt: 0
[STOPBYICOUNT] Ending ROI after 5000616215 instructions (5000000000 requested)
[SNIPER] Disabling performance models
[SNIPER] Leaving ROI after 10688.45 seconds

************recordStats once at 204089

************recordStats once at 204089
[Warning] power scale is less than 1, please check!
[Overall Power Consumption] Peak: 36.433, Dynamic: 20.5779
[DTM Trigger] CPU_MAX(THRES): 121.921(105.000), DRAM_MAX(THRES): 96.703(85.000)
	Current DTM method: 0
Here we try remapping!
[Warning] power scale is less than 1, please check!
[Overall Power Consumption] Peak: 36.4443, Dynamic: 20.6399
[DTM Trigger] CPU_MAX(THRES): 121.856(105.000), DRAM_MAX(THRES): 96.725(85.000)
	Current DTM method: 0
Here we try remapping!
[SNIPER] Simulated 5000.6M instructions, 542.9M cycles, 9.21 IPC
[SNIPER] Simulation speed 467.1 KIPS (116.8 KIPS / target core - 8564.3ns/instr)
[SNIPER] Sampling: executed 93.01% of simulated time in detailed mode
[SNIPER] Setting instrumentation mode to FAST_FORWARD

************recordStats once at 204089
[Warning] power scale is less than 1, please check!
[Overall Power Consumption] Peak: 36.4443, Dynamic: 20.6399
[DTM Trigger] CPU_MAX(THRES): 121.879(105.000), DRAM_MAX(THRES): 96.750(85.000)
	Current DTM method: 0
Here we try remapping!

 ***** [DRAM_CACHE_Result] *****

*** DRAM Total Access: 5480252, page disabled: 0, page miss: 26457, block misses: 599844, miss: 626301, miss rate: 0.114283
*** DRAM Total Access In ROI: 4818271, miss: 525161, miss rate: 0.108994
*** DRAM Remap Times: 0 invalid times, 0 total invalid_blocks, 0 migrate times, 0 total migrate blocks.
*** DRAM Statistics: 894148641 reads, 166479198 writes, 514373048 row hits, 55262153 ACT time, 55262153 PRE time, 22182219 RD time, 5448857 WR time.

 ***** [DRAM_CACHE_Result] *****

[RAMULATOR OUTPUT]

**Total Ticks: 219783792

**Ramulator Active Cycles: 1.3125e+08

**DRAM Cycles: 2.19784e+08

**Maximum Bandwidth: 0

Number of Incoming Requests: 1.03871e+07

**Serving Request**
Channel_0: serving reads(8395235), serving writes(1508011).
Channel_1: serving reads(0), serving writes(0).
Channel_2: serving reads(0), serving writes(0).
Channel_3: serving reads(0), serving writes(0).
Channel_4: serving reads(0), serving writes(0).
Channel_5: serving reads(0), serving writes(0).
Channel_6: serving reads(0), serving writes(0).
Channel_7: serving reads(0), serving writes(0).
Channel_8: serving reads(0), serving writes(0).
Channel_9: serving reads(0), serving writes(0).
Channel_10: serving reads(0), serving writes(0).
Channel_11: serving reads(0), serving writes(0).
Channel_12: serving reads(0), serving writes(0).
Channel_13: serving reads(0), serving writes(0).
Channel_14: serving reads(0), serving writes(0).
Channel_15: serving reads(0), serving writes(0).
Channel_16: serving reads(0), serving writes(0).
Channel_17: serving reads(0), serving writes(0).
Channel_18: serving reads(0), serving writes(0).
Channel_19: serving reads(0), serving writes(0).
Channel_20: serving reads(0), serving writes(0).
Channel_21: serving reads(0), serving writes(0).
Channel_22: serving reads(0), serving writes(0).
Channel_23: serving reads(0), serving writes(0).
Channel_24: serving reads(0), serving writes(0).
Channel_25: serving reads(0), serving writes(0).
Channel_26: serving reads(0), serving writes(0).
Channel_27: serving reads(0), serving writes(0).
Channel_28: serving reads(0), serving writes(0).
Channel_29: serving reads(0), serving writes(0).
Channel_30: serving reads(0), serving writes(0).
Channel_31: serving reads(0), serving writes(0).
[RAMULATOR OUTPUT]
----[REMAP OUTPUT]---
*****HotAccess: 2919423
*****CoolAccess: 7467694
*****RemapAccess: 0
*****SingleDisableTime: 0
*****DoubleDisableTime: 0
*****RemapTime: 0
*****RecoveryTime: 0
---------------------

 ***** [REF/AC_Result] *****
{Summary}: 16258600 Hot Accesses, 2091991 Cool Accesses.

 ***** [REF/AC_Result] *****
                     Power     Energy    Energy %
  core-core         8.28 W     1.58  J     35.44%
  core-ifetch       1.00 W     0.19  J      4.27%
  core-alu          1.07 W     0.20  J      4.58%
  core-int          1.02 W     0.20  J      4.38%
  core-fp           2.28 W     0.44  J      9.76%
  core-mem          0.50 W     0.09  J      2.12%
  core-other        0.26 W     0.05  J      1.10%
  icache            0.42 W     0.08  J      1.78%
  dcache            1.70 W     0.32  J      7.27%
  dram              6.63 W     1.27  J     28.35%
  other             0.22 W     0.04  J      0.95%

  core             14.41 W     2.75  J     61.65%
  cache             2.11 W     0.40  J      9.04%
  total            23.37 W     4.47  J    100.00%
Warning: Unable to run gnuplot to create cpi stack graphs.  Maybe gnuplot is not installed?
[SNIPER] End
[SNIPER] Elapsed time: 10832.54 seconds
[SNIPER] Running McPAT
                                     | Core 0      | Core 1      | Core 2      | Core 3     
  Instructions                       |  1252171028 |  1235078761 |  1252197342 |  1261189764
  Cycles                             |   508562374 |   508562374 |   508562374 |   508562374
  IPC                                |        2.46 |        2.43 |        2.46 |        2.48
  Time (ns)                          |   191188863 |   191188863 |   191188863 |   191188863
  Idle time (ns)                     |    19086137 |    14212815 |    13121318 |     3493424
  Idle time (%)                      |       10.0% |        7.4% |        6.9% |        1.8%
Branch predictor stats               |             |             |             |            
  num correct                        |    88045509 |    82868341 |    84666157 |    87311140
  num incorrect                      |      712627 |      710054 |      713716 |     1368105
  misprediction rate                 |       0.80% |       0.85% |       0.84% |       1.54%
  mpki                               |        0.57 |        0.57 |        0.57 |        1.08
TLB Summary                          |             |             |             |            
  I-TLB                              |             |             |             |            
    num accesses                     |   128437380 |   128232534 |   129830506 |   131795331
    num misses                       |          18 |          44 |          44 |          58
    miss rate                        |       0.00% |       0.00% |       0.00% |       0.00%
    mpki                             |        0.00 |        0.00 |        0.00 |        0.00
  D-TLB                              |             |             |             |            
    num accesses                     |   181425369 |   178123449 |   180102065 |   185798770
    num misses                       |     1406525 |     1459420 |     1404026 |     1707441
    miss rate                        |       0.78% |       0.82% |       0.78% |       0.92%
    mpki                             |        1.12 |        1.18 |        1.12 |        1.35
  L2 TLB                             |             |             |             |            
    num accesses                     |     1406543 |     1459464 |     1404070 |     1707499
    num misses                       |      236487 |      262200 |      264589 |      312187
    miss rate                        |      16.81% |      17.97% |      18.84% |      18.28%
    mpki                             |        0.19 |        0.21 |        0.21 |        0.25
Cache Summary                        |             |             |             |            
  Cache L1-I                         |             |             |             |            
    num cache accesses               |   128437380 |   128232534 |   129830506 |   131795331
    num cache misses                 |       10705 |       12183 |       11834 |       13066
    miss rate                        |       0.01% |       0.01% |       0.01% |       0.01%
    mpki                             |        0.01 |        0.01 |        0.01 |        0.01
  Cache L1-D                         |             |             |             |            
    num cache accesses               |   181458190 |   178162815 |   180139655 |   185837635
    num cache misses                 |     1813305 |     1822982 |     1825052 |     2302547
    miss rate                        |       1.00% |       1.02% |       1.01% |       1.24%
    mpki                             |        1.45 |        1.48 |        1.46 |        1.83
  Cache L2                           |             |             |             |            
    num cache accesses               |     2010912 |     2037300 |     2034514 |     2523794
    num cache misses                 |      828633 |      890334 |      878373 |     1138110
    miss rate                        |      41.21% |      43.70% |      43.17% |      45.10%
    mpki                             |        0.66 |        0.72 |        0.70 |        0.90
DRAM summary                         |             |             |             |            
  num dram accesses                  |     5214656 |           0 |           0 |           0
  average dram access latency (ns)   |       12.45 |         inf |         inf |         inf
  average dram queueing delay        |        0.00 |        0.00 |        0.00 |        0.00
  average dram bandwidth utilization |       0.00% |       0.00% |       0.00% |       0.00%
Coherency Traffic                    |             |             |             |            
  num loads from dram                |      610557 |      656323 |      646707 |      844495
  num loads from dram cache          |           0 |           0 |           0 |           0
  num loads from remote cache        |       24436 |       27543 |       27252 |       26549
[SPLASH] [----------    End of output    ----------]
[SPLASH] Done.
copy HotSpot and ramulator files to /scratch/miz087/results/hpca_final/7-29-overall_cache_baseline_splash2_fmm_large
